
Showing logs for build [32mentando-k8s-entando-k8s-control-x5277-1[0m stage [32mfrom-build-pack[0m and container [32mstep-credential-initializer-fndjk[0m
{"level":"warn","ts":1616568708.9500356,"logger":"fallback-logger","caller":"logging/config.go:69","msg":"Fetch GitHub commit ID from kodata failed: \"ref: refs/heads/0.8.0-**-support-backwards-incompats\" is not a valid GitHub commit ID"}
{"level":"info","ts":1616568708.9596786,"logger":"fallback-logger","caller":"creds-init/main.go:40","msg":"Credentials initialized."}

Showing logs for build [32mentando-k8s-entando-k8s-control-x5277-1[0m stage [32mfrom-build-pack[0m and container [32mstep-working-dir-initializer-5s4nf[0m
{"level":"warn","ts":1616568712.6840177,"logger":"fallback-logger","caller":"logging/config.go:69","msg":"Fetch GitHub commit ID from kodata failed: open /var/run/ko/HEAD: no such file or directory"}
{"level":"info","ts":1616568712.6971097,"logger":"fallback-logger","caller":"bash/main.go:64","msg":"Successfully e**cuted command \"sh -c mkdir -p /workspace/source\"; output "}

Showing logs for build [32mentando-k8s-entando-k8s-control-x5277-1[0m stage [32mfrom-build-pack[0m and container [32mstep-place-tools[0m

Showing logs for build [32mentando-k8s-entando-k8s-control-x5277-1[0m stage [32mfrom-build-pack[0m and container [32mstep-git-source-entando-k8s-entando-k8s-control-7ldgv[0m
{"level":"warn","ts":1616569082.517206,"logger":"fallback-logger","caller":"logging/config.go:69","msg":"Fetch GitHub commit ID from kodata failed: \"ref: refs/heads/0.8.0-**-support-backwards-incompats\" is not a valid GitHub commit ID"}
{"level":"info","ts":1616569083.8298824,"logger":"fallback-logger","caller":"git/git.go:103","msg":"Successfully cloned https://github.com/entando-k8s/entando-k8s-controller-coordinator.git @ master in path /workspace/source"}

Showing logs for build [32mentando-k8s-entando-k8s-control-x5277-1[0m stage [32mfrom-build-pack[0m and container [32mstep-git-merge[0m
Using SHAs from PULL_REFS=master:32fff34f956d13d07e1323c6a58f2b1d8503f0ee,72:d3f80735ea7ba57304d7e3687a4c2a0436276998
DEBUG: ran git fetch --unshallow origin d3f80735ea7ba57304d7e3687a4c2a0436276998: 32fff34f956d13d07e1323c6a58f2b1d8503f0ee: in 
DEBUG: ran git checkout master in 
DEBUG: ran git reset --hard 32fff34f956d13d07e1323c6a58f2b1d8503f0ee in 
DEBUG: ran clean --force -d . in 
DEBUG: ran git merge d3f80735ea7ba57304d7e3687a4c2a0436276998 in 
Merged SHA d3f80735ea7ba57304d7e3687a4c2a0436276998 with commit message '#ENG-2062 updated all latest images for release build' into base branch master

Showing logs for build [32mentando-k8s-entando-k8s-control-x5277-1[0m stage [32mfrom-build-pack[0m and container [32mstep-build-set-version[0m
Picked up _JAVA_OPTIONS: -XX:+UnlockExperimentalVMOptions -Dsun.zip.disableMemoryMapping=**** -XX:+UseParallelGC -XX:MinHeapFreeRatio=5 -XX:MaxHeapFreeRatio=10 -XX:GCTimeRatio=4 -XX:AdaptiveSizePolicyWeight=90 -Xms1000m -Xmx12000m
[INFO] Scanning for projects...
[INFO] 
[INFO] -----------< org.entando:entando-k8s-controller-coordinator >-----------
[INFO] Building Entando K8S Controller Coordinator 6.3.0-SNAPSHOT
[INFO] --------------------------------[ jar ]---------------------------------
[INFO] 
[INFO] --- versions-maven-plugin:2.8.1:set (default-cli) @ entando-k8s-controller-coordinator ---
[INFO] Local aggregation ****: /workspace/source
[INFO] Processing change of org.entando:entando-k8s-controller-coordinator:6.3.0-SNAPSHOT -> 0.0.0-SNAPSHOT-PR-72-1
[INFO] Processing org.entando:entando-k8s-controller-coordinator
[INFO]     Updating project org.entando:entando-k8s-controller-coordinator
[INFO]         from version 6.3.0-SNAPSHOT to 0.0.0-SNAPSHOT-PR-72-1
[INFO] 
[INFO] ------------------------------------------------------------------------
[INFO] BUILD SUCCESS
[INFO] ------------------------------------------------------------------------
[INFO] Total time:  20.108 s
[INFO] Finished at: 2021-03-24T06:58:29Z
[INFO] ------------------------------------------------------------------------

Showing logs for build [32mentando-k8s-entando-k8s-control-x5277-1[0m stage [32mfrom-build-pack[0m and container [32mstep-build-fix-git-for-sonar[0m
Switched to a new branch 'PR-72'
M	pom.xml
Deleted branch master (was d3f8073).
From https://github.com/entando-k8s/entando-k8s-controller-coordinator
 * [new branch]      master                  -> master
 * [new tag]         Entando6.2.1-pre-test01 -> Entando6.2.1-pre-test01

Showing logs for build [32mentando-k8s-entando-k8s-control-x5277-1[0m stage [32mfrom-build-pack[0m and container [32mstep-build-mvn-verify-pr[0m
Picked up _JAVA_OPTIONS: -XX:+UnlockExperimentalVMOptions -Dsun.zip.disableMemoryMapping=**** -XX:+UseParallelGC -XX:MinHeapFreeRatio=5 -XX:MaxHeapFreeRatio=10 -XX:GCTimeRatio=4 -XX:AdaptiveSizePolicyWeight=90 -Xms1000m -Xmx12000m
[INFO] Scanning for projects...
[INFO] 
[INFO] -----------< org.entando:entando-k8s-controller-coordinator >-----------
[INFO] Building Entando K8S Controller Coordinator 0.0.0-SNAPSHOT-PR-72-1
[INFO] --------------------------------[ jar ]---------------------------------
[INFO] 
[INFO] --- maven-checkstyle-plugin:3.1.1:check (validate) @ entando-k8s-controller-coordinator ---
[INFO] Starting audit...
Audit done.
[INFO] You have 0 Checkstyle violations.
[INFO] 
[INFO] --- maven-checkstyle-plugin:3.1.1:checkstyle (validate) @ entando-k8s-controller-coordinator ---
[INFO] Starting audit...
Audit done.
[INFO] 
[INFO] --- jacoco-maven-plugin:0.8.5:prepare-agent (prepare-agent) @ entando-k8s-controller-coordinator ---
[INFO] argLine set to -javaagent:/home/jenkins/.mvnrepository/org/jacoco/org.jacoco.agent/0.8.5/org.jacoco.agent-0.8.5-runtime.jar=destfile=/workspace/source/target/jacoco.e**c
[INFO] 
[INFO] --- maven-resources-plugin:2.6:resources (default-resources) @ entando-k8s-controller-coordinator ---
[INFO] Using 'UTF-8' encoding to copy filtered resources.
[INFO] Copying 3 resources
[INFO] 
[INFO] --- maven-compiler-plugin:3.8.1:compile (default-compile) @ entando-k8s-controller-coordinator ---
[INFO] Changes detected - recompiling the module!
[INFO] Compiling 11 source files to /workspace/source/target/classes
[WARNING] /workspace/source/src/main/java/org/entando/kubernetes/controller/coordinator/TrustStoreSecretRegenerator.java:[27,74] unchecked call to AtomicReference(V) as a member of the raw type java.util.concurrent.atomic.AtomicReference
[WARNING] /workspace/source/src/main/java/org/entando/kubernetes/controller/coordinator/TrustStoreSecretRegenerator.java:[27,74] unchecked conversion
  required: java.util.concurrent.atomic.AtomicReference<java.lang.String>
  found:    java.util.concurrent.atomic.AtomicReference
[INFO] 
[INFO] --- maven-resources-plugin:2.6:testResources (default-testResources) @ entando-k8s-controller-coordinator ---
[INFO] Using 'UTF-8' encoding to copy filtered resources.
[INFO] Copying 6 resources
[INFO] 
[INFO] --- maven-compiler-plugin:3.8.1:testCompile (default-testCompile) @ entando-k8s-controller-coordinator ---
[INFO] Changes detected - recompiling the module!
[INFO] Compiling 9 source files to /workspace/source/target/test-classes
[INFO] 
[INFO] --- maven-surefire-plugin:3.0.0-M1:test (default-test) @ entando-k8s-controller-coordinator ---
[INFO] 
[INFO] -------------------------------------------------------
[INFO]  T E S T S
[INFO] -------------------------------------------------------
[INFO] Running org.entando.kubernetes.controller.coordinator.inprocesstests.EntandoOperatorMatcherTest
Mar 24, 2021 6:59:15 AM org.entando.kubernetes.controller.coordinator.EntandoOperatorMatcher matchesThisOperator
WARNING: Operator ID mismatch. Ignoring resource EntandoApp:null/null
Mar 24, 2021 6:59:15 AM org.entando.kubernetes.controller.coordinator.EntandoOperatorMatcher matchesThisOperator
WARNING: Operator version mismatch. Ignoring resource EntandoApp:null/null
Mar 24, 2021 6:59:15 AM org.entando.kubernetes.controller.coordinator.EntandoOperatorMatcher matchesThisOperator
WARNING: Operator ID mismatch. Ignoring resource EntandoApp:null/null
Mar 24, 2021 6:59:15 AM org.entando.kubernetes.controller.coordinator.EntandoOperatorMatcher matchesThisOperator
WARNING: Operator ID mismatch. Ignoring resource EntandoApp:null/null
[INFO] Tests run: 7, Failures: 0, Errors: 0, Skipped: 0, Time elapsed: 0.214 s - in org.entando.kubernetes.controller.coordinator.inprocesstests.EntandoOperatorMatcherTest
[INFO] Running org.entando.kubernetes.controller.coordinator.inprocesstests.ControllerCoordinatorEdgeConditionsTest
Mar 24, 2021 6:59:17 AM org.entando.kubernetes.controller.coordinator.EntandoResourceObserver logResource
WARNING: EntandoKeycloakServer observed-namespace/test-keycloak has a new resource version: X
Mar 24, 2021 6:59:17 AM org.entando.kubernetes.controller.coordinator.EntandoResourceObserver logResource
WARNING: EntandoKeycloakServer observed-namespace/test-keycloak is a top level resource
Mar 24, 2021 6:59:17 AM org.entando.kubernetes.controller.coordinator.EntandoResourceObserver logResource
WARNING: EntandoKeycloakServer observed-namespace/test-keycloak is processed after a metadata.generation increment.
Mar 24, 2021 6:59:17 AM org.entando.kubernetes.controller.coordinator.EntandoResourceObserver logResource
INFO: Received ADDED for the EntandoKeycloakServer observed-namespace/test-keycloak
Mar 24, 2021 6:59:17 AM org.entando.kubernetes.controller.coordinator.EntandoResourceObserver logResource
WARNING: Duplicate event for EntandoKeycloakServer observed-namespace/test-keycloak. ResourceVersion=X
Mar 24, 2021 6:59:17 AM org.entando.kubernetes.controller.coordinator.EntandoResourceObserver logResource
WARNING: EntandoKeycloakServer observed-namespace/test-keycloak has a new resource version: 1
Mar 24, 2021 6:59:17 AM org.entando.kubernetes.controller.coordinator.EntandoResourceObserver logResource
WARNING: EntandoKeycloakServer observed-namespace/test-keycloak is a top level resource
Mar 24, 2021 6:59:17 AM org.entando.kubernetes.controller.coordinator.EntandoResourceObserver logResource
WARNING: Processing of EntandoKeycloakServer observed-namespace/test-keycloak has been deferred or ignored using entando.org/processing-instruction.
Mar 24, 2021 6:59:17 AM org.entando.kubernetes.controller.coordinator.EntandoResourceObserver logResource
WARNING: EntandoKeycloakServer observed-namespace/test-keycloak has a new resource version: 1
Mar 24, 2021 6:59:17 AM org.entando.kubernetes.controller.coordinator.EntandoResourceObserver logResource
WARNING: EntandoKeycloakServer observed-namespace/test-keycloak is a top level resource
Mar 24, 2021 6:59:17 AM org.entando.kubernetes.controller.coordinator.EntandoResourceObserver logResource
WARNING: EntandoKeycloakServer observed-namespace/test-keycloak is processed after a metadata.generation increment.
Mar 24, 2021 6:59:17 AM org.entando.kubernetes.controller.coordinator.EntandoResourceObserver logResource
INFO: Received MODIFIED for the EntandoKeycloakServer observed-namespace/test-keycloak
Mar 24, 2021 6:59:17 AM org.entando.kubernetes.controller.coordinator.EntandoResourceObserver logResource
WARNING: EntandoKeycloakServer observed-namespace/test-keycloak has a new resource version: 1
Mar 24, 2021 6:59:17 AM org.entando.kubernetes.controller.coordinator.EntandoResourceObserver logResource
WARNING: EntandoKeycloakServer observed-namespace/test-keycloak is a top level resource
Mar 24, 2021 6:59:17 AM org.entando.kubernetes.controller.coordinator.EntandoResourceObserver logResource
WARNING: Processing of EntandoKeycloakServer observed-namespace/test-keycloak has been forced using entando.org/processing-instruction.
Mar 24, 2021 6:59:17 AM org.entando.kubernetes.controller.coordinator.EntandoResourceObserver logResource
INFO: Received MODIFIED for the EntandoKeycloakServer observed-namespace/test-keycloak
Mar 24, 2021 6:59:17 AM org.entando.kubernetes.controller.coordinator.EntandoResourceObserver logResource
WARNING: EntandoKeycloakServer observed-namespace/test-keycloak has a new resource version: 1
Mar 24, 2021 6:59:17 AM org.entando.kubernetes.controller.coordinator.EntandoResourceObserver logResource
WARNING: EntandoKeycloakServer observed-namespace/test-keycloak is a top level resource
Mar 24, 2021 6:59:17 AM org.entando.kubernetes.controller.coordinator.EntandoResourceObserver logResource
WARNING: EntandoKeycloakServer observed-namespace/test-keycloak is processed after a metadata.generation increment.
Mar 24, 2021 6:59:17 AM org.entando.kubernetes.controller.coordinator.EntandoResourceObserver logResource
INFO: Received MODIFIED for the EntandoKeycloakServer observed-namespace/test-keycloak
Mar 24, 2021 6:59:17 AM org.entando.kubernetes.controller.coordinator.EntandoResourceObserver logResource
WARNING: EntandoKeycloakServer observed-namespace/test-keycloak has a new resource version: 5
Mar 24, 2021 6:59:17 AM org.entando.kubernetes.controller.coordinator.EntandoResourceObserver logResource
WARNING: EntandoKeycloakServer observed-namespace/test-keycloak is a top level resource
Mar 24, 2021 6:59:17 AM org.entando.kubernetes.controller.coordinator.EntandoResourceObserver logResource
WARNING: EntandoKeycloakServer observed-namespace/test-keycloak needs to be processed as part of the upgrade to the version 6.3.1
Mar 24, 2021 6:59:17 AM org.entando.kubernetes.controller.coordinator.EntandoResourceObserver logResource
INFO: Received MODIFIED for the EntandoKeycloakServer observed-namespace/test-keycloak
Mar 24, 2021 6:59:18 AM org.entando.kubernetes.controller.coordinator.EntandoResourceObserver logResource
WARNING: EntandoKeycloakServer observed-namespace/test-keycloak has a new resource version: 5
Mar 24, 2021 6:59:18 AM org.entando.kubernetes.controller.coordinator.EntandoResourceObserver logResource
WARNING: EntandoKeycloakServer observed-namespace/test-keycloak is a top level resource
Mar 24, 2021 6:59:18 AM org.entando.kubernetes.controller.coordinator.EntandoResourceObserver logResource
WARNING: EntandoKeycloakServer observed-namespace/test-keycloak has a new resource version: 1
Mar 24, 2021 6:59:18 AM org.entando.kubernetes.controller.coordinator.EntandoResourceObserver logResource
WARNING: EntandoKeycloakServer observed-namespace/test-keycloak is a top level resource
Mar 24, 2021 6:59:18 AM org.entando.kubernetes.controller.coordinator.EntandoResourceObserver logResource
WARNING: EntandoDeBundle observed-namespace/my-de-bundle has a new resource version: 123
Mar 24, 2021 6:59:18 AM org.entando.kubernetes.controller.coordinator.EntandoResourceObserver logResource
WARNING: EntandoDeBundle observed-namespace/my-de-bundle is a top level resource
Mar 24, 2021 6:59:18 AM org.entando.kubernetes.controller.coordinator.EntandoResourceObserver logResource
WARNING: EntandoDeBundle observed-namespace/my-de-bundle is processed after a metadata.generation increment.
Mar 24, 2021 6:59:18 AM org.entando.kubernetes.controller.coordinator.EntandoResourceObserver logResource
INFO: Received MODIFIED for the EntandoDeBundle observed-namespace/my-de-bundle
Mar 24, 2021 6:59:18 AM org.entando.kubernetes.controller.coordinator.EntandoResourceObserver logResource
WARNING: EntandoKeycloakServer observed-namespace/test-keycloak has a new resource version: 1
Mar 24, 2021 6:59:18 AM org.entando.kubernetes.controller.coordinator.EntandoResourceObserver logResource
WARNING: EntandoCompositeApp observed-namespace/composite-app has a new resource version: 123
Mar 24, 2021 6:59:18 AM org.entando.kubernetes.controller.coordinator.EntandoResourceObserver logResource
WARNING: EntandoCompositeApp observed-namespace/composite-app is a top level resource
Mar 24, 2021 6:59:18 AM org.entando.kubernetes.controller.coordinator.EntandoResourceObserver logResource
WARNING: Processing of EntandoCompositeApp observed-namespace/composite-app has been deferred or ignored using entando.org/processing-instruction.
Mar 24, 2021 6:59:18 AM org.entando.kubernetes.controller.coordinator.EntandoResourceObserver logResource
WARNING: EntandoKeycloakServer observed-namespace/test-keycloak has a new resource version: 2
Mar 24, 2021 6:59:18 AM org.entando.kubernetes.controller.coordinator.EntandoResourceObserver logResource
WARNING: EntandoKeycloakServer observed-namespace/test-keycloak is a top level resource
Mar 24, 2021 6:59:18 AM org.entando.kubernetes.controller.coordinator.EntandoResourceObserver logResource
WARNING: EntandoKeycloakServer observed-namespace/test-keycloak is processed after a metadata.generation increment.
Mar 24, 2021 6:59:18 AM org.entando.kubernetes.controller.coordinator.EntandoResourceObserver logResource
INFO: Received MODIFIED for the EntandoKeycloakServer observed-namespace/test-keycloak
[INFO] Tests run: 10, Failures: 0, Errors: 0, Skipped: 0, Time elapsed: 2.873 s - in org.entando.kubernetes.controller.coordinator.inprocesstests.ControllerCoordinatorEdgeConditionsTest
[INFO] Running org.entando.kubernetes.controller.coordinator.inprocesstests.TrustStoreSecretRegeneratorTest
[INFO] Tests run: 1, Failures: 0, Errors: 0, Skipped: 0, Time elapsed: 0.522 s - in org.entando.kubernetes.controller.coordinator.inprocesstests.TrustStoreSecretRegeneratorTest
[INFO] Running org.entando.kubernetes.controller.coordinator.inprocesstests.ControllerCoordinatorMockedTest
Mar 24, 2021 6:59:19 AM okhttp3.mockwebserver.MockWebServer$2 e**cute
INFO: MockWebServer[45917] starting to accept connections
Mar 24, 2021 6:59:20 AM okhttp3.mockwebserver.MockWebServer$3 processOneRequest
INFO: MockWebServer[45917] received request: GET /api/v1/namespaces/entando-k8s-controller-coordinator-carcpr72/configmaps?fieldSelector=metadata.name%3Dentando-operator-config&watch=**** HTTP/1.1 and responded: HTTP/1.1 200 OK
Mar 24, 2021 6:59:20 AM okhttp3.mockwebserver.MockWebServer$3 processOneRequest
INFO: MockWebServer[45917] received request: GET /api/v1/namespaces/entando-k8s-controller-coordinator-carcpr72/configmaps?fieldSelector=metadata.name%3Dentando-operator-config&watch=**** HTTP/1.1 and responded: HTTP/1.1 200 OK
Mar 24, 2021 6:59:20 AM okhttp3.mockwebserver.MockWebServer$3 processOneRequest
INFO: MockWebServer[45917] received request: GET /apis/apiextensions.k8s.io/v1beta1/customresourcedefinitions/entandokeycloakservers.entando.org HTTP/1.1 and responded: HTTP/1.1 404 Client Error
Mar 24, 2021 6:59:20 AM io.fabric8.kubernetes.client.dsl.internal.WatchHTTPManager$1 onResponse
INFO: Watch terminated unexpectedly. reason: \n not found: limit=46 content=7b2261706956657273696f6e223a227631222c226b696e64223a224c69737422â€¦
Mar 24, 2021 6:59:20 AM okhttp3.mockwebserver.MockWebServer$3 processOneRequest
INFO: MockWebServer[45917] received request: POST /apis/apiextensions.k8s.io/v1beta1/customresourcedefinitions HTTP/1.1 and responded: HTTP/1.1 202 OK
Mar 24, 2021 6:59:21 AM okhttp3.mockwebserver.MockWebServer$3 processOneRequest
INFO: MockWebServer[45917] received request: GET /api/v1/namespaces/entando-k8s-controller-coordinator-carcpr72 HTTP/1.1 and responded: HTTP/1.1 404 Client Error
Mar 24, 2021 6:59:21 AM okhttp3.mockwebserver.MockWebServer$3 processOneRequest
INFO: MockWebServer[45917] received request: GET /apis/entando.org/v1/namespaces/default/entandokeycloakservers HTTP/1.1 and responded: HTTP/1.1 200 OK
Mar 24, 2021 6:59:21 AM okhttp3.mockwebserver.MockWebServer$3 processOneRequest
INFO: MockWebServer[45917] received request: GET /api/v1/namespaces/entando-k8s-controller-coordinator-carcpr72 HTTP/1.1 and responded: HTTP/1.1 404 Client Error
Mar 24, 2021 6:59:21 AM okhttp3.mockwebserver.MockWebServer$3 processOneRequest
INFO: MockWebServer[45917] received request: GET /apis/entando.org/v1/namespaces/default/entandokeycloakservers HTTP/1.1 and responded: HTTP/1.1 200 OK
Mar 24, 2021 6:59:21 AM org.entando.kubernetes.client.KubernetesRestInterceptor invoke
INFO: Entering method getNamespace in class org.entando.kubernetes.controller.support.client.EntandoResourceClient
Mar 24, 2021 6:59:21 AM org.entando.kubernetes.client.KubernetesRestInterceptor invoke
INFO: Exiting method getNamespace in class org.entando.kubernetes.controller.support.client.EntandoResourceClient
Mar 24, 2021 6:59:21 AM okhttp3.mockwebserver.MockWebServer$3 processOneRequest
INFO: MockWebServer[45917] received request: GET /apis/entando.org/v1/namespaces/entando-k8s-controller-coordinator-carcpr72/entandokeycloakservers HTTP/1.1 and responded: HTTP/1.1 200 OK
Mar 24, 2021 6:59:21 AM okhttp3.mockwebserver.MockWebServer$3 processOneRequest
INFO: MockWebServer[45917] received request: GET /api/v1/namespaces/entando-k8s-controller-coordinator-carcpr72/configmaps?fieldSelector=metadata.name%3Dentando-operator-config&watch=**** HTTP/1.1 and responded: HTTP/1.1 200 OK
Mar 24, 2021 6:59:21 AM io.fabric8.kubernetes.client.dsl.internal.WatchHTTPManager$1 onResponse
INFO: Watch terminated unexpectedly. reason: \n not found: limit=46 content=7b2261706956657273696f6e223a227631222c226b696e64223a224c69737422â€¦
Mar 24, 2021 6:59:21 AM okhttp3.mockwebserver.MockWebServer$3 processOneRequest
INFO: MockWebServer[45917] received request: GET /apis/entando.org/v1/namespaces/entando-k8s-controller-coordinator-carcpr72/entandokeycloakservers?watch=**** HTTP/1.1 and responded: HTTP/1.1 200 OK
Mar 24, 2021 6:59:21 AM okhttp3.mockwebserver.MockWebServer$3 processOneRequest
INFO: MockWebServer[45917] received request: GET /apis/entando.org/v1/namespaces/entando-k8s-controller-coordinator-carcpr72/entandokeycloakservers?watch=**** HTTP/1.1 and responded: HTTP/1.1 200 OK
Mar 24, 2021 6:59:21 AM okhttp3.mockwebserver.MockWebServer$3 processOneRequest
INFO: MockWebServer[45917] received request: GET /apis/apiextensions.k8s.io/v1beta1/customresourcedefinitions/entandoclusterinfrastructures.entando.org HTTP/1.1 and responded: HTTP/1.1 404 Client Error
Mar 24, 2021 6:59:21 AM io.fabric8.kubernetes.client.dsl.internal.WatchHTTPManager$1 onResponse
INFO: Watch terminated unexpectedly. reason: \n not found: limit=46 content=7b2261706956657273696f6e223a227631222c226b696e64223a224c69737422â€¦
Mar 24, 2021 6:59:21 AM okhttp3.mockwebserver.MockWebServer$3 processOneRequest
INFO: MockWebServer[45917] received request: POST /apis/apiextensions.k8s.io/v1beta1/customresourcedefinitions HTTP/1.1 and responded: HTTP/1.1 202 OK
Mar 24, 2021 6:59:21 AM okhttp3.mockwebserver.MockWebServer$3 processOneRequest
INFO: MockWebServer[45917] received request: GET /api/v1/namespaces/entando-k8s-controller-coordinator-carcpr72 HTTP/1.1 and responded: HTTP/1.1 404 Client Error
Mar 24, 2021 6:59:21 AM okhttp3.mockwebserver.MockWebServer$3 processOneRequest
INFO: MockWebServer[45917] received request: GET /apis/entando.org/v1/namespaces/default/entandoclusterinfrastructures HTTP/1.1 and responded: HTTP/1.1 200 OK
Mar 24, 2021 6:59:22 AM okhttp3.mockwebserver.MockWebServer$3 processOneRequest
INFO: MockWebServer[45917] received request: GET /api/v1/namespaces/entando-k8s-controller-coordinator-carcpr72 HTTP/1.1 and responded: HTTP/1.1 404 Client Error
Mar 24, 2021 6:59:22 AM okhttp3.mockwebserver.MockWebServer$3 processOneRequest
INFO: MockWebServer[45917] received request: GET /apis/entando.org/v1/namespaces/default/entandoclusterinfrastructures HTTP/1.1 and responded: HTTP/1.1 200 OK
Mar 24, 2021 6:59:22 AM org.entando.kubernetes.client.KubernetesRestInterceptor invoke
INFO: Entering method getNamespace in class org.entando.kubernetes.controller.support.client.EntandoResourceClient
Mar 24, 2021 6:59:22 AM org.entando.kubernetes.client.KubernetesRestInterceptor invoke
INFO: Exiting method getNamespace in class org.entando.kubernetes.controller.support.client.EntandoResourceClient
Mar 24, 2021 6:59:22 AM okhttp3.mockwebserver.MockWebServer$3 processOneRequest
INFO: MockWebServer[45917] received request: GET /apis/entando.org/v1/namespaces/entando-k8s-controller-coordinator-carcpr72/entandoclusterinfrastructures HTTP/1.1 and responded: HTTP/1.1 200 OK
Mar 24, 2021 6:59:22 AM okhttp3.mockwebserver.MockWebServer$3 processOneRequest
INFO: MockWebServer[45917] received request: GET /apis/entando.org/v1/namespaces/entando-k8s-controller-coordinator-carcpr72/entandoclusterinfrastructures?watch=**** HTTP/1.1 and responded: HTTP/1.1 200 OK
Mar 24, 2021 6:59:22 AM okhttp3.mockwebserver.MockWebServer$3 processOneRequest
INFO: MockWebServer[45917] received request: GET /apis/entando.org/v1/namespaces/entando-k8s-controller-coordinator-carcpr72/entandoclusterinfrastructures?watch=**** HTTP/1.1 and responded: HTTP/1.1 200 OK
Mar 24, 2021 6:59:22 AM okhttp3.mockwebserver.MockWebServer$3 processOneRequest
INFO: MockWebServer[45917] received request: GET /apis/apiextensions.k8s.io/v1beta1/customresourcedefinitions/entandoplugins.entando.org HTTP/1.1 and responded: HTTP/1.1 404 Client Error
Mar 24, 2021 6:59:22 AM io.fabric8.kubernetes.client.dsl.internal.WatchHTTPManager$1 onResponse
INFO: Watch terminated unexpectedly. reason: \n not found: limit=46 content=7b2261706956657273696f6e223a227631222c226b696e64223a224c69737422â€¦
Mar 24, 2021 6:59:22 AM okhttp3.mockwebserver.MockWebServer$3 processOneRequest
INFO: MockWebServer[45917] received request: POST /apis/apiextensions.k8s.io/v1beta1/customresourcedefinitions HTTP/1.1 and responded: HTTP/1.1 202 OK
Mar 24, 2021 6:59:22 AM okhttp3.mockwebserver.MockWebServer$3 processOneRequest
INFO: MockWebServer[45917] received request: GET /api/v1/namespaces/entando-k8s-controller-coordinator-carcpr72 HTTP/1.1 and responded: HTTP/1.1 404 Client Error
Mar 24, 2021 6:59:22 AM okhttp3.mockwebserver.MockWebServer$3 processOneRequest
INFO: MockWebServer[45917] received request: GET /apis/entando.org/v1/namespaces/default/entandoplugins HTTP/1.1 and responded: HTTP/1.1 200 OK
Mar 24, 2021 6:59:22 AM okhttp3.mockwebserver.MockWebServer$3 processOneRequest
INFO: MockWebServer[45917] received request: GET /apis/entando.org/v1/namespaces/entando-k8s-controller-coordinator-carcpr72/entandokeycloakservers?watch=**** HTTP/1.1 and responded: HTTP/1.1 200 OK
Mar 24, 2021 6:59:22 AM okhttp3.mockwebserver.MockWebServer$3 processOneRequest
INFO: MockWebServer[45917] received request: GET /api/v1/namespaces/entando-k8s-controller-coordinator-carcpr72 HTTP/1.1 and responded: HTTP/1.1 404 Client Error
Mar 24, 2021 6:59:22 AM io.fabric8.kubernetes.client.dsl.internal.WatchHTTPManager$1 onResponse
INFO: Watch terminated unexpectedly. reason: \n not found: limit=46 content=7b2261706956657273696f6e223a227631222c226b696e64223a224c69737422â€¦
Mar 24, 2021 6:59:22 AM okhttp3.mockwebserver.MockWebServer$3 processOneRequest
INFO: MockWebServer[45917] received request: GET /apis/entando.org/v1/namespaces/default/entandoplugins HTTP/1.1 and responded: HTTP/1.1 200 OK
Mar 24, 2021 6:59:22 AM org.entando.kubernetes.client.KubernetesRestInterceptor invoke
INFO: Entering method getNamespace in class org.entando.kubernetes.controller.support.client.EntandoResourceClient
Mar 24, 2021 6:59:22 AM org.entando.kubernetes.client.KubernetesRestInterceptor invoke
INFO: Exiting method getNamespace in class org.entando.kubernetes.controller.support.client.EntandoResourceClient
Mar 24, 2021 6:59:22 AM okhttp3.mockwebserver.MockWebServer$3 processOneRequest
INFO: MockWebServer[45917] received request: GET /apis/entando.org/v1/namespaces/entando-k8s-controller-coordinator-carcpr72/entandoplugins HTTP/1.1 and responded: HTTP/1.1 200 OK
Mar 24, 2021 6:59:22 AM okhttp3.mockwebserver.MockWebServer$3 processOneRequest
INFO: MockWebServer[45917] received request: GET /apis/entando.org/v1/namespaces/entando-k8s-controller-coordinator-carcpr72/entandoplugins?watch=**** HTTP/1.1 and responded: HTTP/1.1 200 OK
Mar 24, 2021 6:59:23 AM okhttp3.mockwebserver.MockWebServer$3 processOneRequest
INFO: MockWebServer[45917] received request: GET /apis/apiextensions.k8s.io/v1beta1/customresourcedefinitions/entandocompositeapps.entando.org HTTP/1.1 and responded: HTTP/1.1 404 Client Error
Mar 24, 2021 6:59:23 AM okhttp3.mockwebserver.MockWebServer$3 processOneRequest
INFO: MockWebServer[45917] received request: GET /apis/entando.org/v1/namespaces/entando-k8s-controller-coordinator-carcpr72/entandoplugins?watch=**** HTTP/1.1 and responded: HTTP/1.1 200 OK
Mar 24, 2021 6:59:23 AM io.fabric8.kubernetes.client.dsl.internal.WatchHTTPManager$1 onResponse
INFO: Watch terminated unexpectedly. reason: \n not found: limit=46 content=7b2261706956657273696f6e223a227631222c226b696e64223a224c69737422â€¦
Mar 24, 2021 6:59:23 AM okhttp3.mockwebserver.MockWebServer$3 processOneRequest
INFO: MockWebServer[45917] received request: POST /apis/apiextensions.k8s.io/v1beta1/customresourcedefinitions HTTP/1.1 and responded: HTTP/1.1 202 OK
Mar 24, 2021 6:59:23 AM okhttp3.mockwebserver.MockWebServer$3 processOneRequest
INFO: MockWebServer[45917] received request: GET /api/v1/namespaces/entando-k8s-controller-coordinator-carcpr72 HTTP/1.1 and responded: HTTP/1.1 404 Client Error
Mar 24, 2021 6:59:23 AM okhttp3.mockwebserver.MockWebServer$3 processOneRequest
INFO: MockWebServer[45917] received request: GET /apis/entando.org/v1/namespaces/default/entandocompositeapps HTTP/1.1 and responded: HTTP/1.1 200 OK
Mar 24, 2021 6:59:23 AM okhttp3.mockwebserver.MockWebServer$3 processOneRequest
INFO: MockWebServer[45917] received request: GET /api/v1/namespaces/entando-k8s-controller-coordinator-carcpr72 HTTP/1.1 and responded: HTTP/1.1 404 Client Error
Mar 24, 2021 6:59:23 AM okhttp3.mockwebserver.MockWebServer$3 processOneRequest
INFO: MockWebServer[45917] received request: GET /apis/entando.org/v1/namespaces/default/entandocompositeapps HTTP/1.1 and responded: HTTP/1.1 200 OK
Mar 24, 2021 6:59:23 AM org.entando.kubernetes.client.KubernetesRestInterceptor invoke
INFO: Entering method getNamespace in class org.entando.kubernetes.controller.support.client.EntandoResourceClient
Mar 24, 2021 6:59:23 AM org.entando.kubernetes.client.KubernetesRestInterceptor invoke
INFO: Exiting method getNamespace in class org.entando.kubernetes.controller.support.client.EntandoResourceClient
Mar 24, 2021 6:59:23 AM okhttp3.mockwebserver.MockWebServer$3 processOneRequest
INFO: MockWebServer[45917] received request: GET /apis/entando.org/v1/namespaces/entando-k8s-controller-coordinator-carcpr72/entandoclusterinfrastructures?watch=**** HTTP/1.1 and responded: HTTP/1.1 200 OK
Mar 24, 2021 6:59:23 AM io.fabric8.kubernetes.client.dsl.internal.WatchHTTPManager$1 onResponse
INFO: Watch terminated unexpectedly. reason: \n not found: limit=46 content=7b2261706956657273696f6e223a227631222c226b696e64223a224c69737422â€¦
Mar 24, 2021 6:59:23 AM okhttp3.mockwebserver.MockWebServer$3 processOneRequest
INFO: MockWebServer[45917] received request: GET /apis/entando.org/v1/namespaces/entando-k8s-controller-coordinator-carcpr72/entandocompositeapps HTTP/1.1 and responded: HTTP/1.1 200 OK
Mar 24, 2021 6:59:23 AM okhttp3.mockwebserver.MockWebServer$3 processOneRequest
INFO: MockWebServer[45917] received request: GET /apis/entando.org/v1/namespaces/entando-k8s-controller-coordinator-carcpr72/entandocompositeapps?watch=**** HTTP/1.1 and responded: HTTP/1.1 200 OK
Mar 24, 2021 6:59:23 AM okhttp3.mockwebserver.MockWebServer$3 processOneRequest
INFO: MockWebServer[45917] received request: GET /api/v1/namespaces/entando-k8s-controller-coordinator-carcpr72/configmaps?fieldSelector=metadata.name%3Dentando-operator-config&watch=**** HTTP/1.1 and responded: HTTP/1.1 200 OK
Mar 24, 2021 6:59:23 AM io.fabric8.kubernetes.client.dsl.internal.WatchHTTPManager$1 onResponse
INFO: Watch terminated unexpectedly. reason: \n not found: limit=46 content=7b2261706956657273696f6e223a227631222c226b696e64223a224c69737422â€¦
Mar 24, 2021 6:59:23 AM okhttp3.mockwebserver.MockWebServer$3 processOneRequest
INFO: MockWebServer[45917] received request: GET /apis/entando.org/v1/namespaces/entando-k8s-controller-coordinator-carcpr72/entandocompositeapps?watch=**** HTTP/1.1 and responded: HTTP/1.1 200 OK
Mar 24, 2021 6:59:23 AM okhttp3.mockwebserver.MockWebServer$3 processOneRequest
INFO: MockWebServer[45917] received request: GET /apis/apiextensions.k8s.io/v1beta1/customresourcedefinitions/entandodatabaseservices.entando.org HTTP/1.1 and responded: HTTP/1.1 404 Client Error
Mar 24, 2021 6:59:23 AM io.fabric8.kubernetes.client.dsl.internal.WatchHTTPManager$1 onResponse
INFO: Watch terminated unexpectedly. reason: \n not found: limit=46 content=7b2261706956657273696f6e223a227631222c226b696e64223a224c69737422â€¦
Mar 24, 2021 6:59:23 AM okhttp3.mockwebserver.MockWebServer$3 processOneRequest
INFO: MockWebServer[45917] received request: POST /apis/apiextensions.k8s.io/v1beta1/customresourcedefinitions HTTP/1.1 and responded: HTTP/1.1 202 OK
Mar 24, 2021 6:59:23 AM okhttp3.mockwebserver.MockWebServer$3 processOneRequest
INFO: MockWebServer[45917] received request: GET /api/v1/namespaces/entando-k8s-controller-coordinator-carcpr72 HTTP/1.1 and responded: HTTP/1.1 404 Client Error
Mar 24, 2021 6:59:23 AM okhttp3.mockwebserver.MockWebServer$3 processOneRequest
INFO: MockWebServer[45917] received request: GET /apis/entando.org/v1/namespaces/default/entandodatabaseservices HTTP/1.1 and responded: HTTP/1.1 200 OK
Mar 24, 2021 6:59:24 AM okhttp3.mockwebserver.MockWebServer$3 processOneRequest
INFO: MockWebServer[45917] received request: GET /api/v1/namespaces/entando-k8s-controller-coordinator-carcpr72 HTTP/1.1 and responded: HTTP/1.1 404 Client Error
Mar 24, 2021 6:59:24 AM okhttp3.mockwebserver.MockWebServer$3 processOneRequest
INFO: MockWebServer[45917] received request: GET /apis/entando.org/v1/namespaces/default/entandodatabaseservices HTTP/1.1 and responded: HTTP/1.1 200 OK
Mar 24, 2021 6:59:24 AM okhttp3.mockwebserver.MockWebServer$3 processOneRequest
INFO: MockWebServer[45917] received request: GET /apis/entando.org/v1/namespaces/entando-k8s-controller-coordinator-carcpr72/entandoplugins?watch=**** HTTP/1.1 and responded: HTTP/1.1 200 OK
Mar 24, 2021 6:59:24 AM io.fabric8.kubernetes.client.dsl.internal.WatchHTTPManager$1 onResponse
INFO: Watch terminated unexpectedly. reason: \n not found: limit=46 content=7b2261706956657273696f6e223a227631222c226b696e64223a224c69737422â€¦
Mar 24, 2021 6:59:24 AM org.entando.kubernetes.client.KubernetesRestInterceptor invoke
INFO: Entering method getNamespace in class org.entando.kubernetes.controller.support.client.EntandoResourceClient
Mar 24, 2021 6:59:24 AM org.entando.kubernetes.client.KubernetesRestInterceptor invoke
INFO: Exiting method getNamespace in class org.entando.kubernetes.controller.support.client.EntandoResourceClient
Mar 24, 2021 6:59:24 AM okhttp3.mockwebserver.MockWebServer$3 processOneRequest
INFO: MockWebServer[45917] received request: GET /apis/entando.org/v1/namespaces/entando-k8s-controller-coordinator-carcpr72/entandodatabaseservices HTTP/1.1 and responded: HTTP/1.1 200 OK
Mar 24, 2021 6:59:24 AM okhttp3.mockwebserver.MockWebServer$3 processOneRequest
INFO: MockWebServer[45917] received request: GET /apis/entando.org/v1/namespaces/entando-k8s-controller-coordinator-carcpr72/entandodatabaseservices?watch=**** HTTP/1.1 and responded: HTTP/1.1 200 OK
Mar 24, 2021 6:59:24 AM okhttp3.mockwebserver.MockWebServer$3 processOneRequest
INFO: MockWebServer[45917] received request: GET /apis/entando.org/v1/namespaces/entando-k8s-controller-coordinator-carcpr72/entandodatabaseservices?watch=**** HTTP/1.1 and responded: HTTP/1.1 200 OK
Mar 24, 2021 6:59:24 AM okhttp3.mockwebserver.MockWebServer$3 processOneRequest
INFO: MockWebServer[45917] received request: GET /apis/apiextensions.k8s.io/v1beta1/customresourcedefinitions/entandoapps.entando.org HTTP/1.1 and responded: HTTP/1.1 404 Client Error
Mar 24, 2021 6:59:24 AM io.fabric8.kubernetes.client.dsl.internal.WatchHTTPManager$1 onResponse
INFO: Watch terminated unexpectedly. reason: \n not found: limit=46 content=7b2261706956657273696f6e223a227631222c226b696e64223a224c69737422â€¦
Mar 24, 2021 6:59:24 AM okhttp3.mockwebserver.MockWebServer$3 processOneRequest
INFO: MockWebServer[45917] received request: POST /apis/apiextensions.k8s.io/v1beta1/customresourcedefinitions HTTP/1.1 and responded: HTTP/1.1 202 OK
Mar 24, 2021 6:59:24 AM okhttp3.mockwebserver.MockWebServer$3 processOneRequest
INFO: MockWebServer[45917] received request: GET /api/v1/namespaces/entando-k8s-controller-coordinator-carcpr72 HTTP/1.1 and responded: HTTP/1.1 404 Client Error
Mar 24, 2021 6:59:24 AM okhttp3.mockwebserver.MockWebServer$3 processOneRequest
INFO: MockWebServer[45917] received request: GET /apis/entando.org/v1/namespaces/default/entandoapps HTTP/1.1 and responded: HTTP/1.1 200 OK
Mar 24, 2021 6:59:24 AM okhttp3.mockwebserver.MockWebServer$3 processOneRequest
INFO: MockWebServer[45917] received request: GET /api/v1/namespaces/entando-k8s-controller-coordinator-carcpr72 HTTP/1.1 and responded: HTTP/1.1 404 Client Error
Mar 24, 2021 6:59:24 AM okhttp3.mockwebserver.MockWebServer$3 processOneRequest
INFO: MockWebServer[45917] received request: GET /apis/entando.org/v1/namespaces/entando-k8s-controller-coordinator-carcpr72/entandocompositeapps?watch=**** HTTP/1.1 and responded: HTTP/1.1 200 OK
Mar 24, 2021 6:59:24 AM io.fabric8.kubernetes.client.dsl.internal.WatchHTTPManager$1 onResponse
INFO: Watch terminated unexpectedly. reason: \n not found: limit=46 content=7b2261706956657273696f6e223a227631222c226b696e64223a224c69737422â€¦
Mar 24, 2021 6:59:24 AM okhttp3.mockwebserver.MockWebServer$3 processOneRequest
INFO: MockWebServer[45917] received request: GET /apis/entando.org/v1/namespaces/default/entandoapps HTTP/1.1 and responded: HTTP/1.1 200 OK
Mar 24, 2021 6:59:24 AM okhttp3.mockwebserver.MockWebServer$3 processOneRequest
INFO: MockWebServer[45917] received request: GET /apis/entando.org/v1/namespaces/entando-k8s-controller-coordinator-carcpr72/entandokeycloakservers?watch=**** HTTP/1.1 and responded: HTTP/1.1 200 OK
Mar 24, 2021 6:59:24 AM org.entando.kubernetes.client.KubernetesRestInterceptor invoke
INFO: Entering method getNamespace in class org.entando.kubernetes.controller.support.client.EntandoResourceClient
Mar 24, 2021 6:59:24 AM org.entando.kubernetes.client.KubernetesRestInterceptor invoke
INFO: Exiting method getNamespace in class org.entando.kubernetes.controller.support.client.EntandoResourceClient
Mar 24, 2021 6:59:24 AM io.fabric8.kubernetes.client.dsl.internal.WatchHTTPManager$1 onResponse
INFO: Watch terminated unexpectedly. reason: \n not found: limit=46 content=7b2261706956657273696f6e223a227631222c226b696e64223a224c69737422â€¦
Mar 24, 2021 6:59:24 AM okhttp3.mockwebserver.MockWebServer$3 processOneRequest
INFO: MockWebServer[45917] received request: GET /apis/entando.org/v1/namespaces/entando-k8s-controller-coordinator-carcpr72/entandoapps HTTP/1.1 and responded: HTTP/1.1 200 OK
Mar 24, 2021 6:59:24 AM okhttp3.mockwebserver.MockWebServer$3 processOneRequest
INFO: MockWebServer[45917] received request: GET /apis/entando.org/v1/namespaces/entando-k8s-controller-coordinator-carcpr72/entandoapps?watch=**** HTTP/1.1 and responded: HTTP/1.1 200 OK
Mar 24, 2021 6:59:25 AM okhttp3.mockwebserver.MockWebServer$3 processOneRequest
INFO: MockWebServer[45917] received request: GET /apis/apiextensions.k8s.io/v1beta1/customresourcedefinitions/entandoapppluginlinks.entando.org HTTP/1.1 and responded: HTTP/1.1 404 Client Error
Mar 24, 2021 6:59:25 AM okhttp3.mockwebserver.MockWebServer$3 processOneRequest
INFO: MockWebServer[45917] received request: GET /apis/entando.org/v1/namespaces/entando-k8s-controller-coordinator-carcpr72/entandoapps?watch=**** HTTP/1.1 and responded: HTTP/1.1 200 OK
Mar 24, 2021 6:59:25 AM io.fabric8.kubernetes.client.dsl.internal.WatchHTTPManager$1 onResponse
INFO: Watch terminated unexpectedly. reason: \n not found: limit=46 content=7b2261706956657273696f6e223a227631222c226b696e64223a224c69737422â€¦
Mar 24, 2021 6:59:25 AM okhttp3.mockwebserver.MockWebServer$3 processOneRequest
INFO: MockWebServer[45917] received request: POST /apis/apiextensions.k8s.io/v1beta1/customresourcedefinitions HTTP/1.1 and responded: HTTP/1.1 202 OK
Mar 24, 2021 6:59:25 AM okhttp3.mockwebserver.MockWebServer$3 processOneRequest
INFO: MockWebServer[45917] received request: GET /api/v1/namespaces/entando-k8s-controller-coordinator-carcpr72 HTTP/1.1 and responded: HTTP/1.1 404 Client Error
Mar 24, 2021 6:59:25 AM okhttp3.mockwebserver.MockWebServer$3 processOneRequest
INFO: MockWebServer[45917] received request: GET /apis/entando.org/v1/namespaces/default/entandoapppluginlinks HTTP/1.1 and responded: HTTP/1.1 200 OK
Mar 24, 2021 6:59:25 AM okhttp3.mockwebserver.MockWebServer$3 processOneRequest
INFO: MockWebServer[45917] received request: GET /api/v1/namespaces/entando-k8s-controller-coordinator-carcpr72 HTTP/1.1 and responded: HTTP/1.1 404 Client Error
Mar 24, 2021 6:59:25 AM okhttp3.mockwebserver.MockWebServer$3 processOneRequest
INFO: MockWebServer[45917] received request: GET /apis/entando.org/v1/namespaces/entando-k8s-controller-coordinator-carcpr72/entandodatabaseservices?watch=**** HTTP/1.1 and responded: HTTP/1.1 200 OK
Mar 24, 2021 6:59:25 AM io.fabric8.kubernetes.client.dsl.internal.WatchHTTPManager$1 onResponse
INFO: Watch terminated unexpectedly. reason: \n not found: limit=46 content=7b2261706956657273696f6e223a227631222c226b696e64223a224c69737422â€¦
Mar 24, 2021 6:59:25 AM okhttp3.mockwebserver.MockWebServer$3 processOneRequest
INFO: MockWebServer[45917] received request: GET /apis/entando.org/v1/namespaces/default/entandoapppluginlinks HTTP/1.1 and responded: HTTP/1.1 200 OK
Mar 24, 2021 6:59:25 AM okhttp3.mockwebserver.MockWebServer$3 processOneRequest
INFO: MockWebServer[45917] received request: GET /apis/entando.org/v1/namespaces/entando-k8s-controller-coordinator-carcpr72/entandoclusterinfrastructures?watch=**** HTTP/1.1 and responded: HTTP/1.1 200 OK
Mar 24, 2021 6:59:25 AM org.entando.kubernetes.client.KubernetesRestInterceptor invoke
INFO: Entering method getNamespace in class org.entando.kubernetes.controller.support.client.EntandoResourceClient
Mar 24, 2021 6:59:25 AM org.entando.kubernetes.client.KubernetesRestInterceptor invoke
INFO: Exiting method getNamespace in class org.entando.kubernetes.controller.support.client.EntandoResourceClient
Mar 24, 2021 6:59:25 AM io.fabric8.kubernetes.client.dsl.internal.WatchHTTPManager$1 onResponse
INFO: Watch terminated unexpectedly. reason: \n not found: limit=46 content=7b2261706956657273696f6e223a227631222c226b696e64223a224c69737422â€¦
Mar 24, 2021 6:59:25 AM okhttp3.mockwebserver.MockWebServer$3 processOneRequest
INFO: MockWebServer[45917] received request: GET /apis/entando.org/v1/namespaces/entando-k8s-controller-coordinator-carcpr72/entandoapppluginlinks HTTP/1.1 and responded: HTTP/1.1 200 OK
Mar 24, 2021 6:59:25 AM okhttp3.mockwebserver.MockWebServer$3 processOneRequest
INFO: MockWebServer[45917] received request: GET /apis/entando.org/v1/namespaces/entando-k8s-controller-coordinator-carcpr72/entandoapppluginlinks?watch=**** HTTP/1.1 and responded: HTTP/1.1 200 OK
Mar 24, 2021 6:59:25 AM okhttp3.mockwebserver.MockWebServer$3 processOneRequest
INFO: MockWebServer[45917] received request: GET /apis/entando.org/v1/namespaces/entando-k8s-controller-coordinator-carcpr72/entandoapppluginlinks?watch=**** HTTP/1.1 and responded: HTTP/1.1 200 OK
Mar 24, 2021 6:59:25 AM okhttp3.mockwebserver.MockWebServer$3 processOneRequest
INFO: MockWebServer[45917] received request: GET /apis/apiextensions.k8s.io/v1beta1/customresourcedefinitions/entandodebundles.entando.org HTTP/1.1 and responded: HTTP/1.1 404 Client Error
Mar 24, 2021 6:59:25 AM io.fabric8.kubernetes.client.dsl.internal.WatchHTTPManager$1 onResponse
INFO: Watch terminated unexpectedly. reason: \n not found: limit=46 content=7b2261706956657273696f6e223a227631222c226b696e64223a224c69737422â€¦
Mar 24, 2021 6:59:25 AM okhttp3.mockwebserver.MockWebServer$3 processOneRequest
INFO: MockWebServer[45917] received request: POST /apis/apiextensions.k8s.io/v1beta1/customresourcedefinitions HTTP/1.1 and responded: HTTP/1.1 202 OK
Mar 24, 2021 6:59:25 AM okhttp3.mockwebserver.MockWebServer$3 processOneRequest
INFO: MockWebServer[45917] received request: GET /api/v1/namespaces/entando-k8s-controller-coordinator-carcpr72 HTTP/1.1 and responded: HTTP/1.1 404 Client Error
Mar 24, 2021 6:59:25 AM okhttp3.mockwebserver.MockWebServer$3 processOneRequest
INFO: MockWebServer[45917] received request: GET /apis/entando.org/v1/namespaces/default/entandodebundles HTTP/1.1 and responded: HTTP/1.1 200 OK
Mar 24, 2021 6:59:26 AM okhttp3.mockwebserver.MockWebServer$3 processOneRequest
INFO: MockWebServer[45917] received request: GET /api/v1/namespaces/entando-k8s-controller-coordinator-carcpr72 HTTP/1.1 and responded: HTTP/1.1 404 Client Error
Mar 24, 2021 6:59:26 AM okhttp3.mockwebserver.MockWebServer$3 processOneRequest
INFO: MockWebServer[45917] received request: GET /apis/entando.org/v1/namespaces/default/entandodebundles HTTP/1.1 and responded: HTTP/1.1 200 OK
Mar 24, 2021 6:59:26 AM okhttp3.mockwebserver.MockWebServer$3 processOneRequest
INFO: MockWebServer[45917] received request: GET /apis/entando.org/v1/namespaces/entando-k8s-controller-coordinator-carcpr72/entandoapps?watch=**** HTTP/1.1 and responded: HTTP/1.1 200 OK
Mar 24, 2021 6:59:26 AM io.fabric8.kubernetes.client.dsl.internal.WatchHTTPManager$1 onResponse
INFO: Watch terminated unexpectedly. reason: \n not found: limit=46 content=7b2261706956657273696f6e223a227631222c226b696e64223a224c69737422â€¦
Mar 24, 2021 6:59:26 AM org.entando.kubernetes.client.KubernetesRestInterceptor invoke
INFO: Entering method getNamespace in class org.entando.kubernetes.controller.support.client.EntandoResourceClient
Mar 24, 2021 6:59:26 AM org.entando.kubernetes.client.KubernetesRestInterceptor invoke
INFO: Exiting method getNamespace in class org.entando.kubernetes.controller.support.client.EntandoResourceClient
Mar 24, 2021 6:59:26 AM okhttp3.mockwebserver.MockWebServer$3 processOneRequest
INFO: MockWebServer[45917] received request: GET /apis/entando.org/v1/namespaces/entando-k8s-controller-coordinator-carcpr72/entandoplugins?watch=**** HTTP/1.1 and responded: HTTP/1.1 200 OK
Mar 24, 2021 6:59:26 AM io.fabric8.kubernetes.client.dsl.internal.WatchHTTPManager$1 onResponse
INFO: Watch terminated unexpectedly. reason: \n not found: limit=46 content=7b2261706956657273696f6e223a227631222c226b696e64223a224c69737422â€¦
Mar 24, 2021 6:59:26 AM okhttp3.mockwebserver.MockWebServer$3 processOneRequest
INFO: MockWebServer[45917] received request: GET /apis/entando.org/v1/namespaces/entando-k8s-controller-coordinator-carcpr72/entandodebundles HTTP/1.1 and responded: HTTP/1.1 200 OK
Mar 24, 2021 6:59:26 AM okhttp3.mockwebserver.MockWebServer$3 processOneRequest
INFO: MockWebServer[45917] received request: GET /apis/entando.org/v1/namespaces/entando-k8s-controller-coordinator-carcpr72/entandodebundles?watch=**** HTTP/1.1 and responded: HTTP/1.1 200 OK
Mar 24, 2021 6:59:26 AM okhttp3.mockwebserver.MockWebServer$3 processOneRequest
INFO: MockWebServer[45917] received request: GET /apis/entando.org/v1/namespaces/entando-k8s-controller-coordinator-carcpr72/entandodebundles?watch=**** HTTP/1.1 and responded: HTTP/1.1 200 OK
Mar 24, 2021 6:59:26 AM okhttp3.mockwebserver.MockWebServer$3 processOneRequest
INFO: MockWebServer[45917] received request: GET /api/v1/namespaces/entando-k8s-controller-coordinator-carcpr72 HTTP/1.1 and responded: HTTP/1.1 404 Client Error
Mar 24, 2021 6:59:26 AM io.fabric8.kubernetes.client.dsl.internal.WatchHTTPManager$1 onResponse
INFO: Watch terminated unexpectedly. reason: \n not found: limit=46 content=7b2261706956657273696f6e223a227631222c226b696e64223a224c69737422â€¦
Mar 24, 2021 6:59:26 AM okhttp3.mockwebserver.MockWebServer$3 processOneRequest
INFO: MockWebServer[45917] received request: POST /api/v1/namespaces HTTP/1.1 and responded: HTTP/1.1 202 OK
Mar 24, 2021 6:59:26 AM okhttp3.mockwebserver.MockWebServer$3 processOneRequest
INFO: MockWebServer[45917] received request: GET /api/v1/namespaces/entando/configmaps/entando-docker-image-info-v6.3 HTTP/1.1 and responded: HTTP/1.1 404 Client Error
Mar 24, 2021 6:59:26 AM okhttp3.mockwebserver.MockWebServer$3 processOneRequest
INFO: MockWebServer[45917] received request: POST /api/v1/namespaces/entando/configmaps HTTP/1.1 and responded: HTTP/1.1 202 OK
Mar 24, 2021 6:59:26 AM okhttp3.mockwebserver.MockWebServer$3 processOneRequest
INFO: MockWebServer[45917] received request: GET /api/v1/namespaces/entando-k8s-controller-coordinator-carcpr72 HTTP/1.1 and responded: HTTP/1.1 200 OK
Mar 24, 2021 6:59:26 AM okhttp3.mockwebserver.MockWebServer$3 processOneRequest
INFO: MockWebServer[45917] received request: GET /apis/entando.org/v1/namespaces/entando-k8s-controller-coordinator-carcpr72/entandokeycloakservers HTTP/1.1 and responded: HTTP/1.1 200 OK
Mar 24, 2021 6:59:26 AM okhttp3.mockwebserver.MockWebServer$3 processOneRequest
INFO: MockWebServer[45917] received request: GET /apis/entando.org/v1/namespaces/entando-k8s-controller-coordinator-carcpr72/entandocompositeapps?watch=**** HTTP/1.1 and responded: HTTP/1.1 200 OK
Mar 24, 2021 6:59:26 AM io.fabric8.kubernetes.client.dsl.internal.WatchHTTPManager$1 onResponse
INFO: Watch terminated unexpectedly. reason: \n not found: limit=46 content=7b2261706956657273696f6e223a227631222c226b696e64223a224c69737422â€¦
Mar 24, 2021 6:59:26 AM okhttp3.mockwebserver.MockWebServer$3 processOneRequest
INFO: MockWebServer[45917] received request: GET /api/v1/namespaces/entando-k8s-controller-coordinator-carcpr72 HTTP/1.1 and responded: HTTP/1.1 200 OK
Mar 24, 2021 6:59:26 AM okhttp3.mockwebserver.MockWebServer$3 processOneRequest
INFO: MockWebServer[45917] received request: GET /apis/entando.org/v1/namespaces/entando-k8s-controller-coordinator-carcpr72/entandoapppluginlinks?watch=**** HTTP/1.1 and responded: HTTP/1.1 200 OK
Mar 24, 2021 6:59:26 AM io.fabric8.kubernetes.client.dsl.internal.WatchHTTPManager$1 onResponse
INFO: Watch terminated unexpectedly. reason: \n not found: limit=46 content=7b2261706956657273696f6e223a227631222c226b696e64223a224c69737422â€¦
Mar 24, 2021 6:59:26 AM okhttp3.mockwebserver.MockWebServer$3 processOneRequest
INFO: MockWebServer[45917] received request: GET /apis/entando.org/v1/namespaces/entando-k8s-controller-coordinator-carcpr72/entandokeycloakservers HTTP/1.1 and responded: HTTP/1.1 200 OK
Mar 24, 2021 6:59:27 AM okhttp3.mockwebserver.MockWebServer$3 processOneRequest
INFO: MockWebServer[45917] received request: POST /apis/entando.org/v1/namespaces/entando-k8s-controller-coordinator-carcpr72/entandokeycloakservers HTTP/1.1 and responded: HTTP/1.1 202 OK
Mar 24, 2021 6:59:27 AM org.entando.kubernetes.controller.coordinator.EntandoResourceObserver logResource
WARNING: EntandoKeycloakServer entando-k8s-controller-coordinator-carcpr72/test-keycloak has a new resource version: 1
Mar 24, 2021 6:59:27 AM org.entando.kubernetes.controller.coordinator.EntandoResourceObserver logResource
WARNING: EntandoKeycloakServer entando-k8s-controller-coordinator-carcpr72/test-keycloak is a top level resource
Mar 24, 2021 6:59:27 AM org.entando.kubernetes.controller.coordinator.EntandoResourceObserver logResource
WARNING: EntandoKeycloakServer entando-k8s-controller-coordinator-carcpr72/test-keycloak is processed after a metadata.generation increment.
Mar 24, 2021 6:59:27 AM org.entando.kubernetes.controller.coordinator.EntandoResourceObserver logResource
INFO: Received ADDED for the EntandoKeycloakServer entando-k8s-controller-coordinator-carcpr72/test-keycloak
Mar 24, 2021 6:59:27 AM org.entando.kubernetes.client.KubernetesRestInterceptor invoke
INFO: Entering method getNamespace in class org.entando.kubernetes.controller.support.client.EntandoResourceClient
Mar 24, 2021 6:59:27 AM org.entando.kubernetes.client.KubernetesRestInterceptor invoke
INFO: Exiting method getNamespace in class org.entando.kubernetes.controller.support.client.EntandoResourceClient
Mar 24, 2021 6:59:27 AM org.entando.kubernetes.client.KubernetesRestInterceptor invoke
INFO: Entering method loadDockerImageInfoConfigMap in class org.entando.kubernetes.controller.support.client.EntandoResourceClient
Mar 24, 2021 6:59:27 AM okhttp3.mockwebserver.MockWebServer$3 processOneRequest
INFO: MockWebServer[45917] received request: GET /api/v1/namespaces/entando/configmaps/entando-docker-image-info-v6.3 HTTP/1.1 and responded: HTTP/1.1 200 OK
Mar 24, 2021 6:59:27 AM org.entando.kubernetes.client.KubernetesRestInterceptor invoke
INFO: Exiting method loadDockerImageInfoConfigMap in class org.entando.kubernetes.controller.support.client.EntandoResourceClient
Mar 24, 2021 6:59:27 AM org.entando.kubernetes.client.KubernetesRestInterceptor invoke
INFO: Entering method removeAndWait in class org.entando.kubernetes.controller.support.client.PodClient with entando-k8s-controller-coordinator-carcpr72,{EntandoResourceNamespace=entando-k8s-controller-coordinator-carcpr72, EntandoResourceKind=EntandoKeycloakServer, EntandoKeycloakServer=test-keycloak}
Mar 24, 2021 6:59:27 AM okhttp3.mockwebserver.MockWebServer$3 processOneRequest
INFO: MockWebServer[45917] received request: GET /api/v1/namespaces/entando-k8s-controller-coordinator-carcpr72/pods?labelSelector=EntandoResourceNamespace%3Dentando-k8s-controller-coordinator-carcpr72%2CEntandoResourceKind%3DEntandoKeycloakServer%2CEntandoKeycloakServer%3Dtest-keycloak HTTP/1.1 and responded: HTTP/1.1 200 OK
Mar 24, 2021 6:59:27 AM okhttp3.mockwebserver.MockWebServer$3 processOneRequest
INFO: MockWebServer[45917] received request: GET /api/v1/namespaces/entando-k8s-controller-coordinator-carcpr72/pods?labelSelector=EntandoResourceKind%3DEntandoKeycloakServer HTTP/1.1 and responded: HTTP/1.1 200 OK
Mar 24, 2021 6:59:27 AM okhttp3.mockwebserver.MockWebServer$3 processOneRequest
INFO: MockWebServer[45917] received request: GET /apis/entando.org/v1/namespaces/entando-k8s-controller-coordinator-carcpr72/entandodebundles?watch=**** HTTP/1.1 and responded: HTTP/1.1 200 OK
Mar 24, 2021 6:59:27 AM io.fabric8.kubernetes.client.dsl.internal.WatchHTTPManager$1 onResponse
INFO: Watch terminated unexpectedly. reason: \n not found: limit=46 content=7b2261706956657273696f6e223a227631222c226b696e64223a224c69737422â€¦
Mar 24, 2021 6:59:27 AM okhttp3.mockwebserver.MockWebServer$3 processOneRequest
INFO: MockWebServer[45917] received request: GET /apis/entando.org/v1/namespaces/entando-k8s-controller-coordinator-carcpr72/entandodatabaseservices?watch=**** HTTP/1.1 and responded: HTTP/1.1 200 OK
Mar 24, 2021 6:59:27 AM io.fabric8.kubernetes.client.dsl.internal.WatchHTTPManager$1 onResponse
INFO: Watch terminated unexpectedly. reason: \n not found: limit=46 content=7b2261706956657273696f6e223a227631222c226b696e64223a224c69737422â€¦
Mar 24, 2021 6:59:27 AM okhttp3.mockwebserver.MockWebServer$3 processOneRequest
INFO: MockWebServer[45917] received request: GET /api/v1/namespaces/entando-k8s-controller-coordinator-carcpr72/pods?labelSelector=EntandoResourceNamespace%3Dentando-k8s-controller-coordinator-carcpr72%2CEntandoResourceKind%3DEntandoKeycloakServer%2CEntandoKeycloakServer%3Dtest-keycloak&watch=**** HTTP/1.1 and responded: HTTP/1.1 200 OK
Mar 24, 2021 6:59:27 AM okhttp3.mockwebserver.MockWebServer$3 processOneRequest
INFO: MockWebServer[45917] received request: GET /api/v1/namespaces/entando-k8s-controller-coordinator-carcpr72/pods?labelSelector=EntandoResourceNamespace%3Dentando-k8s-controller-coordinator-carcpr72%2CEntandoResourceKind%3DEntandoKeycloakServer%2CEntandoKeycloakServer%3Dtest-keycloak HTTP/1.1 and responded: HTTP/1.1 200 OK
Mar 24, 2021 6:59:27 AM okhttp3.mockwebserver.MockWebServer$3 processOneRequest
INFO: MockWebServer[45917] received request: GET /api/v1/namespaces/entando-k8s-controller-coordinator-carcpr72/pods?labelSelector=EntandoResourceNamespace%3Dentando-k8s-controller-coordinator-carcpr72%2CEntandoResourceKind%3DEntandoKeycloakServer%2CEntandoKeycloakServer%3Dtest-keycloak&watch=**** HTTP/1.1 and responded: HTTP/1.1 200 OK
Mar 24, 2021 6:59:27 AM okhttp3.mockwebserver.MockWebServer$3 processOneRequest
INFO: MockWebServer[45917] received request: GET /api/v1/namespaces/entando-k8s-controller-coordinator-carcpr72/configmaps?fieldSelector=metadata.name%3Dentando-operator-config&watch=**** HTTP/1.1 and responded: HTTP/1.1 200 OK
Mar 24, 2021 6:59:27 AM io.fabric8.kubernetes.client.dsl.internal.WatchHTTPManager$1 onResponse
INFO: Watch terminated unexpectedly. reason: \n not found: limit=46 content=7b2261706956657273696f6e223a227631222c226b696e64223a224c69737422â€¦
Mar 24, 2021 6:59:27 AM io.fabric8.kubernetes.client.dsl.internal.WatchHTTPManager$1 onResponse
INFO: Watch terminated unexpectedly. reason: \n not found: limit=46 content=7b2261706956657273696f6e223a227631222c226b696e64223a224c69737422â€¦
Mar 24, 2021 6:59:27 AM okhttp3.mockwebserver.MockWebServer$3 processOneRequest
INFO: MockWebServer[45917] received request: GET /api/v1/namespaces/entando-k8s-controller-coordinator-carcpr72/pods?labelSelector=EntandoResourceNamespace%3Dentando-k8s-controller-coordinator-carcpr72%2CEntandoResourceKind%3DEntandoKeycloakServer%2CEntandoKeycloakServer%3Dtest-keycloak HTTP/1.1 and responded: HTTP/1.1 200 OK
Mar 24, 2021 6:59:27 AM okhttp3.mockwebserver.MockWebServer$3 processOneRequest
INFO: MockWebServer[45917] received request: GET /api/v1/namespaces/entando-k8s-controller-coordinator-carcpr72/pods?labelSelector=EntandoResourceKind%3DEntandoKeycloakServer HTTP/1.1 and responded: HTTP/1.1 200 OK
Mar 24, 2021 6:59:27 AM okhttp3.mockwebserver.MockWebServer$3 processOneRequest
INFO: MockWebServer[45917] received request: GET /api/v1/namespaces/entando-k8s-controller-coordinator-carcpr72/pods?labelSelector=EntandoResourceKind%3DEntandoKeycloakServer HTTP/1.1 and responded: HTTP/1.1 200 OK
Mar 24, 2021 6:59:28 AM okhttp3.mockwebserver.MockWebServer$3 processOneRequest
INFO: MockWebServer[45917] received request: GET /api/v1/namespaces/entando-k8s-controller-coordinator-carcpr72/pods?labelSelector=EntandoResourceKind%3DEntandoKeycloakServer HTTP/1.1 and responded: HTTP/1.1 200 OK
Mar 24, 2021 6:59:28 AM okhttp3.mockwebserver.MockWebServer$3 processOneRequest
INFO: MockWebServer[45917] received request: GET /api/v1/namespaces/entando-k8s-controller-coordinator-carcpr72/pods?labelSelector=EntandoResourceKind%3DEntandoKeycloakServer HTTP/1.1 and responded: HTTP/1.1 200 OK
Mar 24, 2021 6:59:28 AM io.fabric8.kubernetes.client.dsl.internal.WatchHTTPManager$1 onResponse
INFO: Watch terminated unexpectedly. reason: \n not found: limit=46 content=7b2261706956657273696f6e223a227631222c226b696e64223a224c69737422â€¦
Mar 24, 2021 6:59:28 AM okhttp3.mockwebserver.MockWebServer$3 processOneRequest
INFO: MockWebServer[45917] received request: GET /apis/entando.org/v1/namespaces/entando-k8s-controller-coordinator-carcpr72/entandoapps?watch=**** HTTP/1.1 and responded: HTTP/1.1 200 OK
Mar 24, 2021 6:59:28 AM okhttp3.mockwebserver.MockWebServer$3 processOneRequest
INFO: MockWebServer[45917] received request: GET /api/v1/namespaces/entando-k8s-controller-coordinator-carcpr72/pods?labelSelector=EntandoResourceKind%3DEntandoKeycloakServer HTTP/1.1 and responded: HTTP/1.1 200 OK
Mar 24, 2021 6:59:28 AM okhttp3.mockwebserver.MockWebServer$3 processOneRequest
INFO: MockWebServer[45917] received request: GET /api/v1/namespaces/entando-k8s-controller-coordinator-carcpr72/pods?labelSelector=EntandoResourceKind%3DEntandoKeycloakServer HTTP/1.1 and responded: HTTP/1.1 200 OK
Mar 24, 2021 6:59:28 AM okhttp3.mockwebserver.MockWebServer$3 processOneRequest
INFO: MockWebServer[45917] received request: GET /api/v1/namespaces/entando-k8s-controller-coordinator-carcpr72/pods?labelSelector=EntandoResourceKind%3DEntandoKeycloakServer HTTP/1.1 and responded: HTTP/1.1 200 OK
Mar 24, 2021 6:59:28 AM org.entando.kubernetes.client.KubernetesRestInterceptor invoke
INFO: Exiting method removeAndWait in class org.entando.kubernetes.controller.support.client.PodClient
Mar 24, 2021 6:59:28 AM org.entando.kubernetes.client.KubernetesRestInterceptor invoke
INFO: Entering method start in class org.entando.kubernetes.controller.support.client.PodClient with Pod: entando-k8s-controller-coordinator-carcpr72/test-keycloak-deployer-0608
Mar 24, 2021 6:59:28 AM okhttp3.mockwebserver.MockWebServer$3 processOneRequest
INFO: MockWebServer[45917] received request: GET /api/v1/namespaces/entando-k8s-controller-coordinator-carcpr72/pods?labelSelector=EntandoResourceNamespace%3Dentando-k8s-controller-coordinator-carcpr72%2CEntandoResourceKind%3DEntandoKeycloakServer%2CEntandoKeycloakServer%3Dtest-keycloak&watch=**** HTTP/1.1 and responded: HTTP/1.1 200 OK
Mar 24, 2021 6:59:28 AM io.fabric8.kubernetes.client.dsl.internal.WatchHTTPManager$1 onResponse
INFO: Watch terminated unexpectedly. reason: \n not found: limit=46 content=7b2261706956657273696f6e223a227631222c226b696e64223a224c69737422â€¦
Mar 24, 2021 6:59:28 AM io.fabric8.kubernetes.client.dsl.internal.WatchHTTPManager scheduleReconnect
WARN: Ignoring error for already closed/closing connection
Mar 24, 2021 6:59:28 AM okhttp3.mockwebserver.MockWebServer$3 processOneRequest
INFO: MockWebServer[45917] received request: POST /api/v1/namespaces/entando-k8s-controller-coordinator-carcpr72/pods HTTP/1.1 and responded: HTTP/1.1 202 OK
Mar 24, 2021 6:59:28 AM org.entando.kubernetes.client.KubernetesRestInterceptor invoke
INFO: Exiting method start in class org.entando.kubernetes.controller.support.client.PodClient
Mar 24, 2021 6:59:28 AM okhttp3.mockwebserver.MockWebServer$3 processOneRequest
INFO: MockWebServer[45917] received request: GET /api/v1/namespaces/entando-k8s-controller-coordinator-carcpr72/pods?labelSelector=EntandoResourceKind%3DEntandoKeycloakServer HTTP/1.1 and responded: HTTP/1.1 200 OK
Mar 24, 2021 6:59:28 AM okhttp3.mockwebserver.MockWebServer$3 processOneRequest
INFO: MockWebServer[45917] received request: GET /api/v1/namespaces/entando-k8s-controller-coordinator-carcpr72/pods?labelSelector=EntandoResourceKind%3DEntandoKeycloakServer HTTP/1.1 and responded: HTTP/1.1 200 OK
Mar 24, 2021 6:59:28 AM okhttp3.mockwebserver.MockWebServer$2 acceptConnections
INFO: MockWebServer[45917] done accepting connections: Socket closed
Mar 24, 2021 6:59:28 AM io.fabric8.kubernetes.client.dsl.internal.WatchHTTPManager$1 onFailure
INFO: Watch connection failed. reason: e**cutor rejected
Mar 24, 2021 6:59:28 AM okhttp3.mockwebserver.MockWebServer$2 e**cute
INFO: MockWebServer[58950] starting to accept connections
Mar 24, 2021 6:59:28 AM io.fabric8.kubernetes.client.dsl.internal.WatchHTTPManager$1 onFailure
INFO: Watch connection failed. reason: e**cutor rejected
Mar 24, 2021 6:59:28 AM okhttp3.mockwebserver.MockWebServer$3 processOneRequest
INFO: MockWebServer[58950] received request: GET /api/v1/namespaces/entando-k8s-controller-coordinator-carcpr72/configmaps?fieldSelector=metadata.name%3Dentando-operator-config&watch=**** HTTP/1.1 and responded: HTTP/1.1 200 OK
Mar 24, 2021 6:59:29 AM okhttp3.mockwebserver.MockWebServer$3 processOneRequest
INFO: MockWebServer[58950] received request: GET /api/v1/namespaces/entando-k8s-controller-coordinator-carcpr72 HTTP/1.1 and responded: HTTP/1.1 404 Client Error
Mar 24, 2021 6:59:29 AM okhttp3.mockwebserver.MockWebServer$3 processOneRequest
INFO: MockWebServer[58950] received request: GET /api/v1/namespaces/entando-k8s-controller-coordinator-carcpr72/configmaps?fieldSelector=metadata.name%3Dentando-operator-config&watch=**** HTTP/1.1 and responded: HTTP/1.1 200 OK
Mar 24, 2021 6:59:29 AM io.fabric8.kubernetes.client.dsl.internal.WatchHTTPManager$1 onResponse
INFO: Watch terminated unexpectedly. reason: \n not found: limit=46 content=7b2261706956657273696f6e223a227631222c226b696e64223a224c69737422â€¦
Mar 24, 2021 6:59:29 AM okhttp3.mockwebserver.MockWebServer$3 processOneRequest
INFO: MockWebServer[58950] received request: GET /apis/entando.org/v1/namespaces/default/entandokeycloakservers HTTP/1.1 and responded: HTTP/1.1 200 OK
Mar 24, 2021 6:59:29 AM okhttp3.mockwebserver.MockWebServer$3 processOneRequest
INFO: MockWebServer[58950] received request: GET /api/v1/namespaces/entando-k8s-controller-coordinator-carcpr72 HTTP/1.1 and responded: HTTP/1.1 404 Client Error
Mar 24, 2021 6:59:29 AM okhttp3.mockwebserver.MockWebServer$3 processOneRequest
INFO: MockWebServer[58950] received request: GET /apis/entando.org/v1/namespaces/default/entandokeycloakservers HTTP/1.1 and responded: HTTP/1.1 200 OK
Mar 24, 2021 6:59:29 AM okhttp3.mockwebserver.MockWebServer$3 processOneRequest
INFO: MockWebServer[58950] received request: GET /apis/entando.org/v1/namespaces/entando-k8s-controller-coordinator-carcpr72/entandokeycloakservers HTTP/1.1 and responded: HTTP/1.1 200 OK
Mar 24, 2021 6:59:29 AM okhttp3.mockwebserver.MockWebServer$3 processOneRequest
INFO: MockWebServer[58950] received request: GET /apis/entando.org/v1/namespaces/entando-k8s-controller-coordinator-carcpr72/entandokeycloakservers?watch=**** HTTP/1.1 and responded: HTTP/1.1 200 OK
Mar 24, 2021 6:59:29 AM io.fabric8.kubernetes.client.dsl.internal.WatchHTTPManager$1 onFailure
INFO: Watch connection failed. reason: e**cutor rejected
Mar 24, 2021 6:59:29 AM okhttp3.mockwebserver.MockWebServer$3 processOneRequest
INFO: MockWebServer[58950] received request: GET /apis/entando.org/v1/namespaces/entando-k8s-controller-coordinator-carcpr72/entandokeycloakservers?watch=**** HTTP/1.1 and responded: HTTP/1.1 200 OK
Mar 24, 2021 6:59:29 AM okhttp3.mockwebserver.MockWebServer$3 processOneRequest
INFO: MockWebServer[58950] received request: GET /api/v1/namespaces/entando-k8s-controller-coordinator-carcpr72 HTTP/1.1 and responded: HTTP/1.1 404 Client Error
Mar 24, 2021 6:59:29 AM io.fabric8.kubernetes.client.dsl.internal.WatchHTTPManager$1 onFailure
INFO: Watch connection failed. reason: e**cutor rejected
Mar 24, 2021 6:59:29 AM io.fabric8.kubernetes.client.dsl.internal.WatchHTTPManager$1 onResponse
INFO: Watch terminated unexpectedly. reason: \n not found: limit=46 content=7b2261706956657273696f6e223a227631222c226b696e64223a224c69737422â€¦
Mar 24, 2021 6:59:29 AM okhttp3.mockwebserver.MockWebServer$3 processOneRequest
INFO: MockWebServer[58950] received request: GET /apis/entando.org/v1/namespaces/default/entandoclusterinfrastructures HTTP/1.1 and responded: HTTP/1.1 200 OK
Mar 24, 2021 6:59:29 AM okhttp3.mockwebserver.MockWebServer$3 processOneRequest
INFO: MockWebServer[58950] received request: GET /api/v1/namespaces/entando-k8s-controller-coordinator-carcpr72 HTTP/1.1 and responded: HTTP/1.1 404 Client Error
Mar 24, 2021 6:59:29 AM okhttp3.mockwebserver.MockWebServer$3 processOneRequest
INFO: MockWebServer[58950] received request: GET /apis/entando.org/v1/namespaces/default/entandoclusterinfrastructures HTTP/1.1 and responded: HTTP/1.1 200 OK
Mar 24, 2021 6:59:29 AM okhttp3.mockwebserver.MockWebServer$3 processOneRequest
INFO: MockWebServer[58950] received request: GET /apis/entando.org/v1/namespaces/entando-k8s-controller-coordinator-carcpr72/entandoclusterinfrastructures HTTP/1.1 and responded: HTTP/1.1 200 OK
Mar 24, 2021 6:59:29 AM okhttp3.mockwebserver.MockWebServer$3 processOneRequest
INFO: MockWebServer[58950] received request: GET /apis/entando.org/v1/namespaces/entando-k8s-controller-coordinator-carcpr72/entandoclusterinfrastructures?watch=**** HTTP/1.1 and responded: HTTP/1.1 200 OK
Mar 24, 2021 6:59:29 AM io.fabric8.kubernetes.client.dsl.internal.WatchHTTPManager$1 onResponse
INFO: Watch terminated unexpectedly. reason: \n not found: limit=46 content=7b2261706956657273696f6e223a227631222c226b696e64223a224c69737422â€¦
Mar 24, 2021 6:59:29 AM okhttp3.mockwebserver.MockWebServer$3 processOneRequest
INFO: MockWebServer[58950] received request: GET /apis/entando.org/v1/namespaces/entando-k8s-controller-coordinator-carcpr72/entandoclusterinfrastructures?watch=**** HTTP/1.1 and responded: HTTP/1.1 200 OK
Mar 24, 2021 6:59:29 AM okhttp3.mockwebserver.MockWebServer$3 processOneRequest
INFO: MockWebServer[58950] received request: GET /api/v1/namespaces/entando-k8s-controller-coordinator-carcpr72 HTTP/1.1 and responded: HTTP/1.1 404 Client Error
Mar 24, 2021 6:59:30 AM okhttp3.mockwebserver.MockWebServer$3 processOneRequest
INFO: MockWebServer[58950] received request: GET /apis/entando.org/v1/namespaces/default/entandoplugins HTTP/1.1 and responded: HTTP/1.1 200 OK
Mar 24, 2021 6:59:30 AM okhttp3.mockwebserver.MockWebServer$3 processOneRequest
INFO: MockWebServer[58950] received request: GET /api/v1/namespaces/entando-k8s-controller-coordinator-carcpr72 HTTP/1.1 and responded: HTTP/1.1 404 Client Error
Mar 24, 2021 6:59:30 AM io.fabric8.kubernetes.client.dsl.internal.WatchHTTPManager$1 onResponse
INFO: Watch terminated unexpectedly. reason: \n not found: limit=46 content=7b2261706956657273696f6e223a227631222c226b696e64223a224c69737422â€¦
Mar 24, 2021 6:59:30 AM okhttp3.mockwebserver.MockWebServer$3 processOneRequest
INFO: MockWebServer[58950] received request: GET /api/v1/namespaces/entando-k8s-controller-coordinator-carcpr72/configmaps?fieldSelector=metadata.name%3Dentando-operator-config&watch=**** HTTP/1.1 and responded: HTTP/1.1 200 OK
Mar 24, 2021 6:59:30 AM io.fabric8.kubernetes.client.dsl.internal.WatchHTTPManager$1 onFailure
INFO: Watch connection failed. reason: e**cutor rejected
Mar 24, 2021 6:59:30 AM okhttp3.mockwebserver.MockWebServer$3 processOneRequest
INFO: MockWebServer[58950] received request: GET /apis/entando.org/v1/namespaces/default/entandoplugins HTTP/1.1 and responded: HTTP/1.1 200 OK
Mar 24, 2021 6:59:30 AM okhttp3.mockwebserver.MockWebServer$3 processOneRequest
INFO: MockWebServer[58950] received request: GET /apis/entando.org/v1/namespaces/entando-k8s-controller-coordinator-carcpr72/entandoplugins HTTP/1.1 and responded: HTTP/1.1 200 OK
Mar 24, 2021 6:59:30 AM okhttp3.mockwebserver.MockWebServer$3 processOneRequest
INFO: MockWebServer[58950] received request: GET /apis/entando.org/v1/namespaces/entando-k8s-controller-coordinator-carcpr72/entandoplugins?watch=**** HTTP/1.1 and responded: HTTP/1.1 200 OK
Mar 24, 2021 6:59:30 AM okhttp3.mockwebserver.MockWebServer$3 processOneRequest
INFO: MockWebServer[58950] received request: GET /api/v1/namespaces/entando-k8s-controller-coordinator-carcpr72 HTTP/1.1 and responded: HTTP/1.1 404 Client Error
Mar 24, 2021 6:59:30 AM okhttp3.mockwebserver.MockWebServer$3 processOneRequest
INFO: MockWebServer[58950] received request: GET /apis/entando.org/v1/namespaces/entando-k8s-controller-coordinator-carcpr72/entandoplugins?watch=**** HTTP/1.1 and responded: HTTP/1.1 200 OK
Mar 24, 2021 6:59:30 AM io.fabric8.kubernetes.client.dsl.internal.WatchHTTPManager$1 onResponse
INFO: Watch terminated unexpectedly. reason: \n not found: limit=46 content=7b2261706956657273696f6e223a227631222c226b696e64223a224c69737422â€¦
Mar 24, 2021 6:59:30 AM okhttp3.mockwebserver.MockWebServer$3 processOneRequest
INFO: MockWebServer[58950] received request: GET /apis/entando.org/v1/namespaces/default/entandocompositeapps HTTP/1.1 and responded: HTTP/1.1 200 OK
Mar 24, 2021 6:59:30 AM okhttp3.mockwebserver.MockWebServer$3 processOneRequest
INFO: MockWebServer[58950] received request: GET /apis/entando.org/v1/namespaces/entando-k8s-controller-coordinator-carcpr72/entandokeycloakservers?watch=**** HTTP/1.1 and responded: HTTP/1.1 200 OK
Mar 24, 2021 6:59:30 AM io.fabric8.kubernetes.client.dsl.internal.WatchHTTPManager$1 onResponse
INFO: Watch terminated unexpectedly. reason: \n not found: limit=46 content=7b2261706956657273696f6e223a227631222c226b696e64223a224c69737422â€¦
Mar 24, 2021 6:59:30 AM okhttp3.mockwebserver.MockWebServer$3 processOneRequest
INFO: MockWebServer[58950] received request: GET /api/v1/namespaces/entando-k8s-controller-coordinator-carcpr72 HTTP/1.1 and responded: HTTP/1.1 404 Client Error
Mar 24, 2021 6:59:30 AM okhttp3.mockwebserver.MockWebServer$3 processOneRequest
INFO: MockWebServer[58950] received request: GET /apis/entando.org/v1/namespaces/default/entandocompositeapps HTTP/1.1 and responded: HTTP/1.1 200 OK
Mar 24, 2021 6:59:30 AM io.fabric8.kubernetes.client.dsl.internal.WatchHTTPManager$1 onFailure
INFO: Watch connection failed. reason: e**cutor rejected
Mar 24, 2021 6:59:30 AM okhttp3.mockwebserver.MockWebServer$3 processOneRequest
INFO: MockWebServer[58950] received request: GET /apis/entando.org/v1/namespaces/entando-k8s-controller-coordinator-carcpr72/entandocompositeapps HTTP/1.1 and responded: HTTP/1.1 200 OK
Mar 24, 2021 6:59:30 AM okhttp3.mockwebserver.MockWebServer$3 processOneRequest
INFO: MockWebServer[58950] received request: GET /apis/entando.org/v1/namespaces/entando-k8s-controller-coordinator-carcpr72/entandocompositeapps?watch=**** HTTP/1.1 and responded: HTTP/1.1 200 OK
Mar 24, 2021 6:59:30 AM okhttp3.mockwebserver.MockWebServer$3 processOneRequest
INFO: MockWebServer[58950] received request: GET /apis/entando.org/v1/namespaces/entando-k8s-controller-coordinator-carcpr72/entandocompositeapps?watch=**** HTTP/1.1 and responded: HTTP/1.1 200 OK
Mar 24, 2021 6:59:30 AM okhttp3.mockwebserver.MockWebServer$3 processOneRequest
INFO: MockWebServer[58950] received request: GET /api/v1/namespaces/entando-k8s-controller-coordinator-carcpr72 HTTP/1.1 and responded: HTTP/1.1 404 Client Error
Mar 24, 2021 6:59:31 AM okhttp3.mockwebserver.MockWebServer$3 processOneRequest
INFO: MockWebServer[58950] received request: GET /apis/entando.org/v1/namespaces/entando-k8s-controller-coordinator-carcpr72/entandoclusterinfrastructures?watch=**** HTTP/1.1 and responded: HTTP/1.1 200 OK
Mar 24, 2021 6:59:31 AM io.fabric8.kubernetes.client.dsl.internal.WatchHTTPManager$1 onResponse
INFO: Watch terminated unexpectedly. reason: \n not found: limit=46 content=7b2261706956657273696f6e223a227631222c226b696e64223a224c69737422â€¦
Mar 24, 2021 6:59:31 AM io.fabric8.kubernetes.client.dsl.internal.WatchHTTPManager$1 onResponse
INFO: Watch terminated unexpectedly. reason: \n not found: limit=46 content=7b2261706956657273696f6e223a227631222c226b696e64223a224c69737422â€¦
Mar 24, 2021 6:59:31 AM okhttp3.mockwebserver.MockWebServer$3 processOneRequest
INFO: MockWebServer[58950] received request: GET /apis/entando.org/v1/namespaces/default/entandodatabaseservices HTTP/1.1 and responded: HTTP/1.1 200 OK
Mar 24, 2021 6:59:31 AM okhttp3.mockwebserver.MockWebServer$3 processOneRequest
INFO: MockWebServer[58950] received request: GET /api/v1/namespaces/entando-k8s-controller-coordinator-carcpr72 HTTP/1.1 and responded: HTTP/1.1 404 Client Error
Mar 24, 2021 6:59:31 AM okhttp3.mockwebserver.MockWebServer$3 processOneRequest
INFO: MockWebServer[58950] received request: GET /apis/entando.org/v1/namespaces/default/entandodatabaseservices HTTP/1.1 and responded: HTTP/1.1 200 OK
Mar 24, 2021 6:59:31 AM okhttp3.mockwebserver.MockWebServer$3 processOneRequest
INFO: MockWebServer[58950] received request: GET /apis/entando.org/v1/namespaces/entando-k8s-controller-coordinator-carcpr72/entandodatabaseservices HTTP/1.1 and responded: HTTP/1.1 200 OK
Mar 24, 2021 6:59:31 AM okhttp3.mockwebserver.MockWebServer$3 processOneRequest
INFO: MockWebServer[58950] received request: GET /apis/entando.org/v1/namespaces/entando-k8s-controller-coordinator-carcpr72/entandodatabaseservices?watch=**** HTTP/1.1 and responded: HTTP/1.1 200 OK
Mar 24, 2021 6:59:31 AM okhttp3.mockwebserver.MockWebServer$3 processOneRequest
INFO: MockWebServer[58950] received request: GET /apis/entando.org/v1/namespaces/entando-k8s-controller-coordinator-carcpr72/entandodatabaseservices?watch=**** HTTP/1.1 and responded: HTTP/1.1 200 OK
Mar 24, 2021 6:59:31 AM io.fabric8.kubernetes.client.dsl.internal.WatchHTTPManager$1 onResponse
INFO: Watch terminated unexpectedly. reason: \n not found: limit=46 content=7b2261706956657273696f6e223a227631222c226b696e64223a224c69737422â€¦
Mar 24, 2021 6:59:31 AM okhttp3.mockwebserver.MockWebServer$3 processOneRequest
INFO: MockWebServer[58950] received request: GET /api/v1/namespaces/entando-k8s-controller-coordinator-carcpr72 HTTP/1.1 and responded: HTTP/1.1 404 Client Error
Mar 24, 2021 6:59:31 AM io.fabric8.kubernetes.client.dsl.internal.WatchHTTPManager$1 onFailure
INFO: Watch connection failed. reason: e**cutor rejected
Mar 24, 2021 6:59:31 AM okhttp3.mockwebserver.MockWebServer$3 processOneRequest
INFO: MockWebServer[58950] received request: GET /apis/entando.org/v1/namespaces/default/entandoapps HTTP/1.1 and responded: HTTP/1.1 200 OK
Mar 24, 2021 6:59:31 AM okhttp3.mockwebserver.MockWebServer$3 processOneRequest
INFO: MockWebServer[58950] received request: GET /apis/entando.org/v1/namespaces/entando-k8s-controller-coordinator-carcpr72/entandoplugins?watch=**** HTTP/1.1 and responded: HTTP/1.1 200 OK
Mar 24, 2021 6:59:31 AM io.fabric8.kubernetes.client.dsl.internal.WatchHTTPManager$1 onResponse
INFO: Watch terminated unexpectedly. reason: \n not found: limit=46 content=7b2261706956657273696f6e223a227631222c226b696e64223a224c69737422â€¦
Mar 24, 2021 6:59:31 AM okhttp3.mockwebserver.MockWebServer$3 processOneRequest
INFO: MockWebServer[58950] received request: GET /api/v1/namespaces/entando-k8s-controller-coordinator-carcpr72 HTTP/1.1 and responded: HTTP/1.1 404 Client Error
Mar 24, 2021 6:59:31 AM okhttp3.mockwebserver.MockWebServer$3 processOneRequest
INFO: MockWebServer[58950] received request: GET /apis/entando.org/v1/namespaces/default/entandoapps HTTP/1.1 and responded: HTTP/1.1 200 OK
Mar 24, 2021 6:59:31 AM okhttp3.mockwebserver.MockWebServer$3 processOneRequest
INFO: MockWebServer[58950] received request: GET /apis/entando.org/v1/namespaces/entando-k8s-controller-coordinator-carcpr72/entandoapps HTTP/1.1 and responded: HTTP/1.1 200 OK
Mar 24, 2021 6:59:31 AM okhttp3.mockwebserver.MockWebServer$3 processOneRequest
INFO: MockWebServer[58950] received request: GET /apis/entando.org/v1/namespaces/entando-k8s-controller-coordinator-carcpr72/entandoapps?watch=**** HTTP/1.1 and responded: HTTP/1.1 200 OK
Mar 24, 2021 6:59:32 AM okhttp3.mockwebserver.MockWebServer$3 processOneRequest
INFO: MockWebServer[58950] received request: GET /apis/entando.org/v1/namespaces/entando-k8s-controller-coordinator-carcpr72/entandoapps?watch=**** HTTP/1.1 and responded: HTTP/1.1 200 OK
Mar 24, 2021 6:59:32 AM okhttp3.mockwebserver.MockWebServer$3 processOneRequest
INFO: MockWebServer[58950] received request: GET /api/v1/namespaces/entando-k8s-controller-coordinator-carcpr72 HTTP/1.1 and responded: HTTP/1.1 404 Client Error
Mar 24, 2021 6:59:32 AM okhttp3.mockwebserver.MockWebServer$3 processOneRequest
INFO: MockWebServer[58950] received request: GET /apis/entando.org/v1/namespaces/entando-k8s-controller-coordinator-carcpr72/entandocompositeapps?watch=**** HTTP/1.1 and responded: HTTP/1.1 200 OK
Mar 24, 2021 6:59:32 AM io.fabric8.kubernetes.client.dsl.internal.WatchHTTPManager$1 onResponse
INFO: Watch terminated unexpectedly. reason: \n not found: limit=46 content=7b2261706956657273696f6e223a227631222c226b696e64223a224c69737422â€¦
Mar 24, 2021 6:59:32 AM io.fabric8.kubernetes.client.dsl.internal.WatchHTTPManager$1 onResponse
INFO: Watch terminated unexpectedly. reason: \n not found: limit=46 content=7b2261706956657273696f6e223a227631222c226b696e64223a224c69737422â€¦
Mar 24, 2021 6:59:32 AM okhttp3.mockwebserver.MockWebServer$3 processOneRequest
INFO: MockWebServer[58950] received request: GET /apis/entando.org/v1/namespaces/default/entandoapppluginlinks HTTP/1.1 and responded: HTTP/1.1 200 OK
Mar 24, 2021 6:59:32 AM io.fabric8.kubernetes.client.dsl.internal.WatchHTTPManager$1 onFailure
INFO: Watch connection failed. reason: e**cutor rejected
Mar 24, 2021 6:59:32 AM okhttp3.mockwebserver.MockWebServer$3 processOneRequest
INFO: MockWebServer[58950] received request: GET /api/v1/namespaces/entando-k8s-controller-coordinator-carcpr72/configmaps?fieldSelector=metadata.name%3Dentando-operator-config&watch=**** HTTP/1.1 and responded: HTTP/1.1 200 OK
Mar 24, 2021 6:59:32 AM okhttp3.mockwebserver.MockWebServer$3 processOneRequest
INFO: MockWebServer[58950] received request: GET /api/v1/namespaces/entando-k8s-controller-coordinator-carcpr72 HTTP/1.1 and responded: HTTP/1.1 404 Client Error
Mar 24, 2021 6:59:32 AM io.fabric8.kubernetes.client.dsl.internal.WatchHTTPManager$1 onResponse
INFO: Watch terminated unexpectedly. reason: \n not found: limit=46 content=7b2261706956657273696f6e223a227631222c226b696e64223a224c69737422â€¦
Mar 24, 2021 6:59:32 AM okhttp3.mockwebserver.MockWebServer$3 processOneRequest
INFO: MockWebServer[58950] received request: GET /apis/entando.org/v1/namespaces/default/entandoapppluginlinks HTTP/1.1 and responded: HTTP/1.1 200 OK
Mar 24, 2021 6:59:32 AM okhttp3.mockwebserver.MockWebServer$3 processOneRequest
INFO: MockWebServer[58950] received request: GET /apis/entando.org/v1/namespaces/entando-k8s-controller-coordinator-carcpr72/entandoapppluginlinks HTTP/1.1 and responded: HTTP/1.1 200 OK
Mar 24, 2021 6:59:32 AM okhttp3.mockwebserver.MockWebServer$3 processOneRequest
INFO: MockWebServer[58950] received request: GET /apis/entando.org/v1/namespaces/entando-k8s-controller-coordinator-carcpr72/entandoapppluginlinks?watch=**** HTTP/1.1 and responded: HTTP/1.1 200 OK
Mar 24, 2021 6:59:32 AM okhttp3.mockwebserver.MockWebServer$3 processOneRequest
INFO: MockWebServer[58950] received request: GET /apis/entando.org/v1/namespaces/entando-k8s-controller-coordinator-carcpr72/entandodatabaseservices?watch=**** HTTP/1.1 and responded: HTTP/1.1 200 OK
Mar 24, 2021 6:59:32 AM io.fabric8.kubernetes.client.dsl.internal.WatchHTTPManager$1 onResponse
INFO: Watch terminated unexpectedly. reason: \n not found: limit=46 content=7b2261706956657273696f6e223a227631222c226b696e64223a224c69737422â€¦
Mar 24, 2021 6:59:32 AM okhttp3.mockwebserver.MockWebServer$3 processOneRequest
INFO: MockWebServer[58950] received request: GET /apis/entando.org/v1/namespaces/entando-k8s-controller-coordinator-carcpr72/entandoapppluginlinks?watch=**** HTTP/1.1 and responded: HTTP/1.1 200 OK
Mar 24, 2021 6:59:32 AM okhttp3.mockwebserver.MockWebServer$3 processOneRequest
INFO: MockWebServer[58950] received request: GET /api/v1/namespaces/entando-k8s-controller-coordinator-carcpr72 HTTP/1.1 and responded: HTTP/1.1 404 Client Error
Mar 24, 2021 6:59:32 AM io.fabric8.kubernetes.client.dsl.internal.WatchHTTPManager$1 onResponse
INFO: Watch terminated unexpectedly. reason: \n not found: limit=46 content=7b2261706956657273696f6e223a227631222c226b696e64223a224c69737422â€¦
Mar 24, 2021 6:59:32 AM okhttp3.mockwebserver.MockWebServer$3 processOneRequest
INFO: MockWebServer[58950] received request: GET /apis/entando.org/v1/namespaces/default/entandodebundles HTTP/1.1 and responded: HTTP/1.1 200 OK
Mar 24, 2021 6:59:32 AM okhttp3.mockwebserver.MockWebServer$3 processOneRequest
INFO: MockWebServer[58950] received request: GET /api/v1/namespaces/entando-k8s-controller-coordinator-carcpr72 HTTP/1.1 and responded: HTTP/1.1 404 Client Error
Mar 24, 2021 6:59:32 AM okhttp3.mockwebserver.MockWebServer$3 processOneRequest
INFO: MockWebServer[58950] received request: GET /apis/entando.org/v1/namespaces/entando-k8s-controller-coordinator-carcpr72/entandokeycloakservers?watch=**** HTTP/1.1 and responded: HTTP/1.1 200 OK
Mar 24, 2021 6:59:32 AM io.fabric8.kubernetes.client.dsl.internal.WatchHTTPManager$1 onResponse
INFO: Watch terminated unexpectedly. reason: \n not found: limit=46 content=7b2261706956657273696f6e223a227631222c226b696e64223a224c69737422â€¦
Mar 24, 2021 6:59:32 AM okhttp3.mockwebserver.MockWebServer$3 processOneRequest
INFO: MockWebServer[58950] received request: GET /apis/entando.org/v1/namespaces/default/entandodebundles HTTP/1.1 and responded: HTTP/1.1 200 OK
Mar 24, 2021 6:59:32 AM okhttp3.mockwebserver.MockWebServer$3 processOneRequest
INFO: MockWebServer[58950] received request: GET /apis/entando.org/v1/namespaces/entando-k8s-controller-coordinator-carcpr72/entandodebundles HTTP/1.1 and responded: HTTP/1.1 200 OK
Mar 24, 2021 6:59:32 AM io.fabric8.kubernetes.client.dsl.internal.WatchHTTPManager$1 onFailure
INFO: Watch connection failed. reason: e**cutor rejected
Mar 24, 2021 6:59:32 AM okhttp3.mockwebserver.MockWebServer$3 processOneRequest
INFO: MockWebServer[58950] received request: GET /apis/entando.org/v1/namespaces/entando-k8s-controller-coordinator-carcpr72/entandodebundles?watch=**** HTTP/1.1 and responded: HTTP/1.1 200 OK
Mar 24, 2021 6:59:32 AM okhttp3.mockwebserver.MockWebServer$3 processOneRequest
INFO: MockWebServer[58950] received request: GET /apis/entando.org/v1/namespaces/entando-k8s-controller-coordinator-carcpr72/entandodebundles?watch=**** HTTP/1.1 and responded: HTTP/1.1 200 OK
Mar 24, 2021 6:59:32 AM okhttp3.mockwebserver.MockWebServer$3 processOneRequest
INFO: MockWebServer[58950] received request: GET /api/v1/namespaces/entando-k8s-controller-coordinator-carcpr72 HTTP/1.1 and responded: HTTP/1.1 404 Client Error
Mar 24, 2021 6:59:33 AM io.fabric8.kubernetes.client.dsl.internal.WatchHTTPManager$1 onResponse
INFO: Watch terminated unexpectedly. reason: \n not found: limit=46 content=7b2261706956657273696f6e223a227631222c226b696e64223a224c69737422â€¦
Mar 24, 2021 6:59:33 AM okhttp3.mockwebserver.MockWebServer$3 processOneRequest
INFO: MockWebServer[58950] received request: POST /api/v1/namespaces HTTP/1.1 and responded: HTTP/1.1 202 OK
Mar 24, 2021 6:59:33 AM okhttp3.mockwebserver.MockWebServer$3 processOneRequest
INFO: MockWebServer[58950] received request: GET /apis/entando.org/v1/namespaces/entando-k8s-controller-coordinator-carcpr72/entandoclusterinfrastructures?watch=**** HTTP/1.1 and responded: HTTP/1.1 200 OK
Mar 24, 2021 6:59:33 AM io.fabric8.kubernetes.client.dsl.internal.WatchHTTPManager$1 onResponse
INFO: Watch terminated unexpectedly. reason: \n not found: limit=46 content=7b2261706956657273696f6e223a227631222c226b696e64223a224c69737422â€¦
Mar 24, 2021 6:59:33 AM okhttp3.mockwebserver.MockWebServer$3 processOneRequest
INFO: MockWebServer[58950] received request: GET /api/v1/namespaces/entando/configmaps/entando-docker-image-info-v6.3 HTTP/1.1 and responded: HTTP/1.1 404 Client Error
Mar 24, 2021 6:59:33 AM okhttp3.mockwebserver.MockWebServer$3 processOneRequest
INFO: MockWebServer[58950] received request: GET /apis/entando.org/v1/namespaces/entando-k8s-controller-coordinator-carcpr72/entandoapps?watch=**** HTTP/1.1 and responded: HTTP/1.1 200 OK
Mar 24, 2021 6:59:33 AM okhttp3.mockwebserver.MockWebServer$3 processOneRequest
INFO: MockWebServer[58950] received request: POST /api/v1/namespaces/entando/configmaps HTTP/1.1 and responded: HTTP/1.1 202 OK
Mar 24, 2021 6:59:33 AM io.fabric8.kubernetes.client.dsl.internal.WatchHTTPManager$1 onResponse
INFO: Watch terminated unexpectedly. reason: \n not found: limit=46 content=7b2261706956657273696f6e223a227631222c226b696e64223a224c69737422â€¦
Mar 24, 2021 6:59:33 AM okhttp3.mockwebserver.MockWebServer$3 processOneRequest
INFO: MockWebServer[58950] received request: GET /api/v1/namespaces/entando-k8s-controller-coordinator-carcpr72 HTTP/1.1 and responded: HTTP/1.1 200 OK
Mar 24, 2021 6:59:33 AM okhttp3.mockwebserver.MockWebServer$3 processOneRequest
INFO: MockWebServer[58950] received request: GET /apis/entando.org/v1/namespaces/entando-k8s-controller-coordinator-carcpr72/entandokeycloakservers HTTP/1.1 and responded: HTTP/1.1 200 OK
Mar 24, 2021 6:59:33 AM okhttp3.mockwebserver.MockWebServer$3 processOneRequest
INFO: MockWebServer[58950] received request: GET /api/v1/namespaces/entando-k8s-controller-coordinator-carcpr72 HTTP/1.1 and responded: HTTP/1.1 200 OK
Mar 24, 2021 6:59:33 AM io.fabric8.kubernetes.client.dsl.internal.WatchHTTPManager$1 onFailure
INFO: Watch connection failed. reason: e**cutor rejected
Mar 24, 2021 6:59:33 AM okhttp3.mockwebserver.MockWebServer$3 processOneRequest
INFO: MockWebServer[58950] received request: GET /apis/entando.org/v1/namespaces/entando-k8s-controller-coordinator-carcpr72/entandokeycloakservers HTTP/1.1 and responded: HTTP/1.1 200 OK
Mar 24, 2021 6:59:33 AM io.fabric8.kubernetes.client.dsl.internal.WatchHTTPManager$1 onResponse
INFO: Watch terminated unexpectedly. reason: \n not found: limit=46 content=7b2261706956657273696f6e223a227631222c226b696e64223a224c69737422â€¦
Mar 24, 2021 6:59:33 AM okhttp3.mockwebserver.MockWebServer$3 processOneRequest
INFO: MockWebServer[58950] received request: GET /apis/entando.org/v1/namespaces/entando-k8s-controller-coordinator-carcpr72/entandoapppluginlinks?watch=**** HTTP/1.1 and responded: HTTP/1.1 200 OK
Mar 24, 2021 6:59:33 AM okhttp3.mockwebserver.MockWebServer$3 processOneRequest
INFO: MockWebServer[58950] received request: POST /apis/entando.org/v1/namespaces/entando-k8s-controller-coordinator-carcpr72/entandokeycloakservers HTTP/1.1 and responded: HTTP/1.1 202 OK
Mar 24, 2021 6:59:33 AM org.entando.kubernetes.controller.coordinator.EntandoResourceObserver logResource
WARNING: EntandoKeycloakServer entando-k8s-controller-coordinator-carcpr72/test-keycloak has a new resource version: 1
Mar 24, 2021 6:59:33 AM org.entando.kubernetes.controller.coordinator.EntandoResourceObserver logResource
WARNING: EntandoKeycloakServer entando-k8s-controller-coordinator-carcpr72/test-keycloak is a top level resource
Mar 24, 2021 6:59:33 AM org.entando.kubernetes.controller.coordinator.EntandoResourceObserver logResource
WARNING: EntandoKeycloakServer entando-k8s-controller-coordinator-carcpr72/test-keycloak is processed after a metadata.generation increment.
Mar 24, 2021 6:59:33 AM org.entando.kubernetes.controller.coordinator.EntandoResourceObserver logResource
INFO: Received ADDED for the EntandoKeycloakServer entando-k8s-controller-coordinator-carcpr72/test-keycloak
Mar 24, 2021 6:59:33 AM org.entando.kubernetes.client.KubernetesRestInterceptor invoke
INFO: Entering method getNamespace in class org.entando.kubernetes.controller.support.client.EntandoResourceClient
Mar 24, 2021 6:59:33 AM org.entando.kubernetes.client.KubernetesRestInterceptor invoke
INFO: Exiting method getNamespace in class org.entando.kubernetes.controller.support.client.EntandoResourceClient
Mar 24, 2021 6:59:33 AM org.entando.kubernetes.client.KubernetesRestInterceptor invoke
INFO: Entering method loadDockerImageInfoConfigMap in class org.entando.kubernetes.controller.support.client.EntandoResourceClient
Mar 24, 2021 6:59:33 AM okhttp3.mockwebserver.MockWebServer$3 processOneRequest
INFO: MockWebServer[58950] received request: GET /apis/entando.org/v1/namespaces/entando-k8s-controller-coordinator-carcpr72/entandoplugins?watch=**** HTTP/1.1 and responded: HTTP/1.1 200 OK
Mar 24, 2021 6:59:33 AM io.fabric8.kubernetes.client.dsl.internal.WatchHTTPManager$1 onResponse
INFO: Watch terminated unexpectedly. reason: \n not found: limit=46 content=7b2261706956657273696f6e223a227631222c226b696e64223a224c69737422â€¦
Mar 24, 2021 6:59:33 AM okhttp3.mockwebserver.MockWebServer$3 processOneRequest
INFO: MockWebServer[58950] received request: GET /api/v1/namespaces/entando/configmaps/entando-docker-image-info-v6.3 HTTP/1.1 and responded: HTTP/1.1 200 OK
Mar 24, 2021 6:59:33 AM org.entando.kubernetes.client.KubernetesRestInterceptor invoke
INFO: Exiting method loadDockerImageInfoConfigMap in class org.entando.kubernetes.controller.support.client.EntandoResourceClient
Mar 24, 2021 6:59:33 AM org.entando.kubernetes.client.KubernetesRestInterceptor invoke
INFO: Entering method removeAndWait in class org.entando.kubernetes.controller.support.client.PodClient with entando-k8s-controller-coordinator-carcpr72,{EntandoResourceNamespace=entando-k8s-controller-coordinator-carcpr72, EntandoResourceKind=EntandoKeycloakServer, EntandoKeycloakServer=test-keycloak}
Mar 24, 2021 6:59:33 AM okhttp3.mockwebserver.MockWebServer$3 processOneRequest
INFO: MockWebServer[58950] received request: GET /api/v1/namespaces/entando-k8s-controller-coordinator-carcpr72/pods?labelSelector=EntandoResourceNamespace%3Dentando-k8s-controller-coordinator-carcpr72%2CEntandoResourceKind%3DEntandoKeycloakServer%2CEntandoKeycloakServer%3Dtest-keycloak HTTP/1.1 and responded: HTTP/1.1 200 OK
Mar 24, 2021 6:59:33 AM okhttp3.mockwebserver.MockWebServer$3 processOneRequest
INFO: MockWebServer[58950] received request: GET /api/v1/namespaces/entando-k8s-controller-coordinator-carcpr72/pods?labelSelector=EntandoResourceKind%3DEntandoKeycloakServer HTTP/1.1 and responded: HTTP/1.1 200 OK
Mar 24, 2021 6:59:33 AM okhttp3.mockwebserver.MockWebServer$3 processOneRequest
INFO: MockWebServer[58950] received request: GET /api/v1/namespaces/entando-k8s-controller-coordinator-carcpr72/pods?labelSelector=EntandoResourceNamespace%3Dentando-k8s-controller-coordinator-carcpr72%2CEntandoResourceKind%3DEntandoKeycloakServer%2CEntandoKeycloakServer%3Dtest-keycloak&watch=**** HTTP/1.1 and responded: HTTP/1.1 200 OK
Mar 24, 2021 6:59:33 AM okhttp3.mockwebserver.MockWebServer$3 processOneRequest
INFO: MockWebServer[58950] received request: GET /api/v1/namespaces/entando-k8s-controller-coordinator-carcpr72/pods?labelSelector=EntandoResourceKind%3DEntandoKeycloakServer HTTP/1.1 and responded: HTTP/1.1 200 OK
Mar 24, 2021 6:59:33 AM okhttp3.mockwebserver.MockWebServer$3 processOneRequest
INFO: MockWebServer[58950] received request: GET /api/v1/namespaces/entando-k8s-controller-coordinator-carcpr72/pods?labelSelector=EntandoResourceNamespace%3Dentando-k8s-controller-coordinator-carcpr72%2CEntandoResourceKind%3DEntandoKeycloakServer%2CEntandoKeycloakServer%3Dtest-keycloak HTTP/1.1 and responded: HTTP/1.1 200 OK
Mar 24, 2021 6:59:33 AM okhttp3.mockwebserver.MockWebServer$3 processOneRequest
INFO: MockWebServer[58950] received request: GET /api/v1/namespaces/entando-k8s-controller-coordinator-carcpr72/pods?labelSelector=EntandoResourceNamespace%3Dentando-k8s-controller-coordinator-carcpr72%2CEntandoResourceKind%3DEntandoKeycloakServer%2CEntandoKeycloakServer%3Dtest-keycloak&watch=**** HTTP/1.1 and responded: HTTP/1.1 200 OK
Mar 24, 2021 6:59:34 AM io.fabric8.kubernetes.client.dsl.internal.WatchHTTPManager$1 onResponse
INFO: Watch terminated unexpectedly. reason: \n not found: limit=46 content=7b2261706956657273696f6e223a227631222c226b696e64223a224c69737422â€¦
Mar 24, 2021 6:59:34 AM okhttp3.mockwebserver.MockWebServer$3 processOneRequest
INFO: MockWebServer[58950] received request: GET /api/v1/namespaces/entando-k8s-controller-coordinator-carcpr72/pods?labelSelector=EntandoResourceNamespace%3Dentando-k8s-controller-coordinator-carcpr72%2CEntandoResourceKind%3DEntandoKeycloakServer%2CEntandoKeycloakServer%3Dtest-keycloak HTTP/1.1 and responded: HTTP/1.1 200 OK
Mar 24, 2021 6:59:34 AM okhttp3.mockwebserver.MockWebServer$3 processOneRequest
INFO: MockWebServer[58950] received request: GET /apis/entando.org/v1/namespaces/entando-k8s-controller-coordinator-carcpr72/entandodebundles?watch=**** HTTP/1.1 and responded: HTTP/1.1 200 OK
Mar 24, 2021 6:59:34 AM io.fabric8.kubernetes.client.dsl.internal.WatchHTTPManager$1 onResponse
INFO: Watch terminated unexpectedly. reason: \n not found: limit=46 content=7b2261706956657273696f6e223a227631222c226b696e64223a224c69737422â€¦
Mar 24, 2021 6:59:34 AM okhttp3.mockwebserver.MockWebServer$3 processOneRequest
INFO: MockWebServer[58950] received request: GET /api/v1/namespaces/entando-k8s-controller-coordinator-carcpr72/pods?labelSelector=EntandoResourceKind%3DEntandoKeycloakServer HTTP/1.1 and responded: HTTP/1.1 200 OK
Mar 24, 2021 6:59:34 AM okhttp3.mockwebserver.MockWebServer$3 processOneRequest
INFO: MockWebServer[58950] received request: GET /apis/entando.org/v1/namespaces/entando-k8s-controller-coordinator-carcpr72/entandocompositeapps?watch=**** HTTP/1.1 and responded: HTTP/1.1 200 OK
Mar 24, 2021 6:59:34 AM io.fabric8.kubernetes.client.dsl.internal.WatchHTTPManager$1 onResponse
INFO: Watch terminated unexpectedly. reason: \n not found: limit=46 content=7b2261706956657273696f6e223a227631222c226b696e64223a224c69737422â€¦
Mar 24, 2021 6:59:34 AM okhttp3.mockwebserver.MockWebServer$3 processOneRequest
INFO: MockWebServer[58950] received request: GET /api/v1/namespaces/entando-k8s-controller-coordinator-carcpr72/pods?labelSelector=EntandoResourceKind%3DEntandoKeycloakServer HTTP/1.1 and responded: HTTP/1.1 200 OK
Mar 24, 2021 6:59:34 AM okhttp3.mockwebserver.MockWebServer$3 processOneRequest
INFO: MockWebServer[58950] received request: GET /api/v1/namespaces/entando-k8s-controller-coordinator-carcpr72/pods?labelSelector=EntandoResourceKind%3DEntandoKeycloakServer HTTP/1.1 and responded: HTTP/1.1 200 OK
Mar 24, 2021 6:59:34 AM io.fabric8.kubernetes.client.dsl.internal.WatchHTTPManager$1 onResponse
INFO: Watch terminated unexpectedly. reason: \n not found: limit=46 content=7b2261706956657273696f6e223a227631222c226b696e64223a224c69737422â€¦
Mar 24, 2021 6:59:34 AM okhttp3.mockwebserver.MockWebServer$3 processOneRequest
INFO: MockWebServer[58950] received request: GET /apis/entando.org/v1/namespaces/entando-k8s-controller-coordinator-carcpr72/entandodatabaseservices?watch=**** HTTP/1.1 and responded: HTTP/1.1 200 OK
Mar 24, 2021 6:59:34 AM okhttp3.mockwebserver.MockWebServer$3 processOneRequest
INFO: MockWebServer[58950] received request: GET /api/v1/namespaces/entando-k8s-controller-coordinator-carcpr72/pods?labelSelector=EntandoResourceKind%3DEntandoKeycloakServer HTTP/1.1 and responded: HTTP/1.1 200 OK
Mar 24, 2021 6:59:34 AM okhttp3.mockwebserver.MockWebServer$3 processOneRequest
INFO: MockWebServer[58950] received request: GET /api/v1/namespaces/entando-k8s-controller-coordinator-carcpr72/pods?labelSelector=EntandoResourceKind%3DEntandoKeycloakServer HTTP/1.1 and responded: HTTP/1.1 200 OK
Mar 24, 2021 6:59:34 AM okhttp3.mockwebserver.MockWebServer$3 processOneRequest
INFO: MockWebServer[58950] received request: GET /api/v1/namespaces/entando-k8s-controller-coordinator-carcpr72/pods?labelSelector=EntandoResourceKind%3DEntandoKeycloakServer HTTP/1.1 and responded: HTTP/1.1 200 OK
Mar 24, 2021 6:59:34 AM okhttp3.mockwebserver.MockWebServer$3 processOneRequest
INFO: MockWebServer[58950] received request: GET /api/v1/namespaces/entando-k8s-controller-coordinator-carcpr72/pods?labelSelector=EntandoResourceKind%3DEntandoKeycloakServer HTTP/1.1 and responded: HTTP/1.1 200 OK
Mar 24, 2021 6:59:35 AM org.entando.kubernetes.client.KubernetesRestInterceptor invoke
INFO: Exiting method removeAndWait in class org.entando.kubernetes.controller.support.client.PodClient
Mar 24, 2021 6:59:35 AM org.entando.kubernetes.client.KubernetesRestInterceptor invoke
INFO: Entering method start in class org.entando.kubernetes.controller.support.client.PodClient with Pod: entando-k8s-controller-coordinator-carcpr72/test-keycloak-deployer-2621
Mar 24, 2021 6:59:35 AM io.fabric8.kubernetes.client.dsl.internal.WatchHTTPManager$1 onResponse
INFO: Watch terminated unexpectedly. reason: \n not found: limit=46 content=7b2261706956657273696f6e223a227631222c226b696e64223a224c69737422â€¦
Mar 24, 2021 6:59:35 AM io.fabric8.kubernetes.client.dsl.internal.WatchHTTPManager scheduleReconnect
WARN: Ignoring error for already closed/closing connection
Mar 24, 2021 6:59:35 AM okhttp3.mockwebserver.MockWebServer$3 processOneRequest
INFO: MockWebServer[58950] received request: GET /api/v1/namespaces/entando-k8s-controller-coordinator-carcpr72/pods?labelSelector=EntandoResourceNamespace%3Dentando-k8s-controller-coordinator-carcpr72%2CEntandoResourceKind%3DEntandoKeycloakServer%2CEntandoKeycloakServer%3Dtest-keycloak&watch=**** HTTP/1.1 and responded: HTTP/1.1 200 OK
Mar 24, 2021 6:59:35 AM okhttp3.mockwebserver.MockWebServer$3 processOneRequest
INFO: MockWebServer[58950] received request: POST /api/v1/namespaces/entando-k8s-controller-coordinator-carcpr72/pods HTTP/1.1 and responded: HTTP/1.1 202 OK
Mar 24, 2021 6:59:35 AM org.entando.kubernetes.client.KubernetesRestInterceptor invoke
INFO: Exiting method start in class org.entando.kubernetes.controller.support.client.PodClient
Mar 24, 2021 6:59:35 AM okhttp3.mockwebserver.MockWebServer$3 processOneRequest
INFO: MockWebServer[58950] received request: GET /api/v1/namespaces/entando-k8s-controller-coordinator-carcpr72/pods?labelSelector=EntandoResourceKind%3DEntandoKeycloakServer HTTP/1.1 and responded: HTTP/1.1 200 OK
Mar 24, 2021 6:59:35 AM okhttp3.mockwebserver.MockWebServer$3 processOneRequest
INFO: MockWebServer[58950] received request: GET /api/v1/namespaces/entando-k8s-controller-coordinator-carcpr72/pods?labelSelector=EntandoResourceKind%3DEntandoKeycloakServer HTTP/1.1 and responded: HTTP/1.1 200 OK
Mar 24, 2021 6:59:35 AM okhttp3.mockwebserver.MockWebServer$3 processOneRequest
INFO: MockWebServer[58950] received request: GET /apis/entando.org/v1/namespaces/entando-k8s-controller-coordinator-carcpr72/entandoapps?watch=**** HTTP/1.1 and responded: HTTP/1.1 200 OK
Mar 24, 2021 6:59:35 AM io.fabric8.kubernetes.client.dsl.internal.WatchHTTPManager$1 onResponse
INFO: Watch terminated unexpectedly. reason: \n not found: limit=46 content=7b2261706956657273696f6e223a227631222c226b696e64223a224c69737422â€¦
Mar 24, 2021 6:59:35 AM okhttp3.mockwebserver.MockWebServer$3 processOneRequest
INFO: MockWebServer[58950] received request: GET /api/v1/namespaces/entando-k8s-controller-coordinator-carcpr72/pods/test-keycloak-deployer-2621 HTTP/1.1 and responded: HTTP/1.1 200 OK
Mar 24, 2021 6:59:35 AM org.entando.kubernetes.controller.coordinator.EntandoResourceObserver logResource
WARNING: Duplicate event for EntandoKeycloakServer entando-k8s-controller-coordinator-carcpr72/test-keycloak. ResourceVersion=1
Mar 24, 2021 6:59:35 AM okhttp3.mockwebserver.MockWebServer$3 processOneRequest
INFO: MockWebServer[58950] received request: PATCH /api/v1/namespaces/entando-k8s-controller-coordinator-carcpr72/pods/test-keycloak-deployer-2621 HTTP/1.1 and responded: HTTP/1.1 202 OK
Mar 24, 2021 6:59:35 AM okhttp3.mockwebserver.MockWebServer$3 processOneRequest
INFO: MockWebServer[58950] received request: GET /api/v1/namespaces/entando-k8s-controller-coordinator-carcpr72/pods?labelSelector=EntandoResourceKind%3DEntandoKeycloakServer HTTP/1.1 and responded: HTTP/1.1 200 OK
Mar 24, 2021 6:59:35 AM io.fabric8.kubernetes.client.dsl.internal.WatchHTTPManager$1 onFailure
INFO: Watch connection failed. reason: e**cutor rejected
Mar 24, 2021 6:59:35 AM okhttp3.mockwebserver.MockWebServer$3 processOneRequest
INFO: MockWebServer[58950] received request: GET /apis/entando.org/v1/namespaces/entando-k8s-controller-coordinator-carcpr72/entandoapppluginlinks?watch=**** HTTP/1.1 and responded: HTTP/1.1 200 OK
Mar 24, 2021 6:59:35 AM io.fabric8.kubernetes.client.dsl.internal.WatchHTTPManager$1 onResponse
INFO: Watch terminated unexpectedly. reason: \n not found: limit=46 content=7b2261706956657273696f6e223a227631222c226b696e64223a224c69737422â€¦
Mar 24, 2021 6:59:35 AM okhttp3.mockwebserver.MockWebServer$3 processOneRequest
INFO: MockWebServer[58950] received request: GET /api/v1/namespaces/entando-k8s-controller-coordinator-carcpr72/pods?labelSelector=EntandoResourceKind%3DEntandoKeycloakServer HTTP/1.1 and responded: HTTP/1.1 200 OK
Mar 24, 2021 6:59:35 AM okhttp3.mockwebserver.MockWebServer$3 processOneRequest
INFO: MockWebServer[58950] received request: GET /api/v1/namespaces/entando-k8s-controller-coordinator-carcpr72/pods?labelSelector=EntandoResourceKind%3DEntandoKeycloakServer HTTP/1.1 and responded: HTTP/1.1 200 OK
Mar 24, 2021 6:59:36 AM okhttp3.mockwebserver.MockWebServer$3 processOneRequest
INFO: MockWebServer[58950] received request: GET /api/v1/namespaces/entando-k8s-controller-coordinator-carcpr72/pods?labelSelector=EntandoResourceKind%3DEntandoKeycloakServer HTTP/1.1 and responded: HTTP/1.1 200 OK
Mar 24, 2021 6:59:36 AM okhttp3.mockwebserver.MockWebServer$3 processOneRequest
INFO: MockWebServer[58950] received request: GET /apis/entando.org/v1/namespaces/entando-k8s-controller-coordinator-carcpr72/entandodebundles?watch=**** HTTP/1.1 and responded: HTTP/1.1 200 OK
Mar 24, 2021 6:59:36 AM io.fabric8.kubernetes.client.dsl.internal.WatchHTTPManager$1 onResponse
INFO: Watch terminated unexpectedly. reason: \n not found: limit=46 content=7b2261706956657273696f6e223a227631222c226b696e64223a224c69737422â€¦
Mar 24, 2021 6:59:36 AM io.fabric8.kubernetes.client.dsl.internal.WatchHTTPManager$1 onResponse
INFO: Watch terminated unexpectedly. reason: \n not found: limit=46 content=7b2261706956657273696f6e223a227631222c226b696e64223a224c69737422â€¦
Mar 24, 2021 6:59:36 AM okhttp3.mockwebserver.MockWebServer$3 processOneRequest
INFO: MockWebServer[58950] received request: GET /api/v1/namespaces/entando-k8s-controller-coordinator-carcpr72/configmaps?fieldSelector=metadata.name%3Dentando-operator-config&watch=**** HTTP/1.1 and responded: HTTP/1.1 200 OK
Mar 24, 2021 6:59:36 AM okhttp3.mockwebserver.MockWebServer$3 processOneRequest
INFO: MockWebServer[58950] received request: GET /api/v1/namespaces/entando-k8s-controller-coordinator-carcpr72/pods?labelSelector=EntandoResourceKind%3DEntandoKeycloakServer HTTP/1.1 and responded: HTTP/1.1 200 OK
Mar 24, 2021 6:59:36 AM okhttp3.mockwebserver.MockWebServer$3 processOneRequest
INFO: MockWebServer[58950] received request: GET /api/v1/namespaces/entando-k8s-controller-coordinator-carcpr72/pods?labelSelector=EntandoResourceKind%3DEntandoKeycloakServer HTTP/1.1 and responded: HTTP/1.1 200 OK
Mar 24, 2021 6:59:36 AM org.entando.kubernetes.client.KubernetesRestInterceptor invoke
INFO: Entering method getNamespace in class org.entando.kubernetes.controller.support.client.EntandoResourceClient
Mar 24, 2021 6:59:36 AM org.entando.kubernetes.client.KubernetesRestInterceptor invoke
INFO: Exiting method getNamespace in class org.entando.kubernetes.controller.support.client.EntandoResourceClient
Mar 24, 2021 6:59:36 AM org.entando.kubernetes.client.KubernetesRestInterceptor invoke
INFO: Entering method removeSuccessfullyCompletedPods in class org.entando.kubernetes.controller.support.client.PodClient with entando-k8s-controller-coordinator-carcpr72,{EntandoResourceNamespace=entando-k8s-controller-coordinator-carcpr72, EntandoResourceKind=EntandoKeycloakServer, EntandoKeycloakServer=test-keycloak}
Mar 24, 2021 6:59:36 AM okhttp3.mockwebserver.MockWebServer$3 processOneRequest
INFO: MockWebServer[58950] received request: GET /api/v1/namespaces/entando-k8s-controller-coordinator-carcpr72/pods?labelSelector=EntandoResourceNamespace%3Dentando-k8s-controller-coordinator-carcpr72%2CEntandoResourceKind%3DEntandoKeycloakServer%2CEntandoKeycloakServer%3Dtest-keycloak HTTP/1.1 and responded: HTTP/1.1 200 OK
Mar 24, 2021 6:59:36 AM okhttp3.mockwebserver.MockWebServer$3 processOneRequest
INFO: MockWebServer[58950] received request: GET /api/v1/namespaces/entando-k8s-controller-coordinator-carcpr72/pods?labelSelector=EntandoResourceKind%3DEntandoKeycloakServer HTTP/1.1 and responded: HTTP/1.1 200 OK
Mar 24, 2021 6:59:36 AM okhttp3.mockwebserver.MockWebServer$3 processOneRequest
INFO: MockWebServer[58950] received request: DELETE /api/v1/namespaces/entando-k8s-controller-coordinator-carcpr72/pods/test-keycloak-deployer-2621 HTTP/1.1 and responded: HTTP/1.1 200 OK
Mar 24, 2021 6:59:36 AM org.entando.kubernetes.client.KubernetesRestInterceptor invoke
INFO: Exiting method removeSuccessfullyCompletedPods in class org.entando.kubernetes.controller.support.client.PodClient
Mar 24, 2021 6:59:36 AM okhttp3.mockwebserver.MockWebServer$3 processOneRequest
INFO: MockWebServer[58950] received request: GET /apis/entando.org/v1/namespaces/entando-k8s-controller-coordinator-carcpr72/entandokeycloakservers?watch=**** HTTP/1.1 and responded: HTTP/1.1 200 OK
Mar 24, 2021 6:59:36 AM okhttp3.mockwebserver.MockWebServer$3 processOneRequest
INFO: MockWebServer[58950] received request: GET /api/v1/namespaces/entando-k8s-controller-coordinator-carcpr72/pods?labelSelector=EntandoResourceKind%3DEntandoKeycloakServer HTTP/1.1 and responded: HTTP/1.1 200 OK
Mar 24, 2021 6:59:36 AM okhttp3.mockwebserver.MockWebServer$2 acceptConnections
INFO: MockWebServer[58950] done accepting connections: Socket closed
Mar 24, 2021 6:59:36 AM io.fabric8.kubernetes.client.dsl.internal.WatchHTTPManager$1 onResponse
INFO: Watch terminated unexpectedly. reason: \n not found: limit=282 content=7b2261706956657273696f6e223a227631222c226b696e64223a224c69737422â€¦
[INFO] Tests run: 2, Failures: 0, Errors: 0, Skipped: 0, Time elapsed: 17.783 s - in org.entando.kubernetes.controller.coordinator.inprocesstests.ControllerCoordinatorMockedTest
[INFO] 
[INFO] Results:
[INFO] 
[INFO] Tests run: 20, Failures: 0, Errors: 0, Skipped: 0
[INFO] 
[INFO] 
[INFO] --- maven-jar-plugin:3.2.0:jar (default-jar) @ entando-k8s-controller-coordinator ---
[INFO] Building jar: /workspace/source/target/entando-k8s-controller-coordinator-0.0.0-SNAPSHOT-PR-72-1.jar
[INFO] 
[INFO] --- maven-jar-plugin:3.2.0:test-jar (build-test-jar) @ entando-k8s-controller-coordinator ---
[INFO] Building jar: /workspace/source/target/entando-k8s-controller-coordinator-0.0.0-SNAPSHOT-PR-72-1-tests.jar
[INFO] 
[INFO] --- maven-javadoc-plugin:3.2.0:jar (attach-javadocs) @ entando-k8s-controller-coordinator ---
[INFO] No previous run data found, generating javadoc.
[INFO] Building jar: /workspace/source/target/entando-k8s-controller-coordinator-0.0.0-SNAPSHOT-PR-72-1-javadoc.jar
[INFO] 
[INFO] --- license-maven-plugin:2.0.0:aggregate-download-licenses (download-licenses) @ entando-k8s-controller-coordinator ---
[WARNING] No license information available for: com.sun.org.apache:jaxp-ri:1.4
[WARNING] No license information available for: javax.xml.parsers:jaxp-api:1.4
[WARNING] Unable to retrieve license from URL 'https://glassfish.dev.java.net/nonav/public/CDDL+GPL.html' for dependency 'javax.servlet:javax.servlet-api:3.0.1': Certificate for <glassfish.dev.java.net> doesn't match any of the subject alternative names: [*.java.net, java.net]
[WARNING] Unable to retrieve license from URL 'LICENSE.txt' for dependency 'org.awaitility:awaitility:4.0.1': null
Mar 24, 2021 7:00:00 AM org.apache.http.client.protocol.ResponseProcessCookies processCookies
WARNING: Invalid cookie header: "Set-Cookie: _octo=GH1.1.501330003.1616569200; Path=/; Domain=github.com; Expires=Thu, 24 Mar 2022 07:00:00 GMT; Secure; SameSite=Lax". Invalid 'expires' attribute: Thu, 24 Mar 2022 07:00:00 GMT
Mar 24, 2021 7:00:00 AM org.apache.http.client.protocol.ResponseProcessCookies processCookies
WARNING: Invalid cookie header: "Set-Cookie: logged_in=no; Path=/; Domain=github.com; Expires=Thu, 24 Mar 2022 07:00:00 GMT; HttpOnly; Secure; SameSite=Lax". Invalid 'expires' attribute: Thu, 24 Mar 2022 07:00:00 GMT
Mar 24, 2021 7:00:01 AM org.apache.http.client.protocol.ResponseProcessCookies processCookies
WARNING: Invalid cookie header: "Set-Cookie: _octo=GH1.1.1576552321.1616569200; Path=/; Domain=github.com; Expires=Thu, 24 Mar 2022 07:00:00 GMT; Secure; SameSite=Lax". Invalid 'expires' attribute: Thu, 24 Mar 2022 07:00:00 GMT
Mar 24, 2021 7:00:01 AM org.apache.http.client.protocol.ResponseProcessCookies processCookies
WARNING: Invalid cookie header: "Set-Cookie: logged_in=no; Path=/; Domain=github.com; Expires=Thu, 24 Mar 2022 07:00:00 GMT; HttpOnly; Secure; SameSite=Lax". Invalid 'expires' attribute: Thu, 24 Mar 2022 07:00:00 GMT
[WARNING] There were 4 download errors - check the warnings above
[INFO] 
[INFO] --- quarkus-maven-plugin:1.2.0.Final:build (default) @ entando-k8s-controller-coordinator ---
[WARNING] [io.quarkus.creator.curator.Curator] These dependencies are not recommended:
	- javax.servlet:javax.servlet-api should be replaced by jakarta.servlet:jakarta.servlet-api
You might end up with two different versions of the same classes or with an artifact you shouldn't have in your classpath.
[INFO] [org.jboss.threads] JBoss Threads version 3.0.0.Final
[WARNING] [io.quarkus.kubernetes.client.deployment.KubernetesClientProcessor] Watcher 'org.entando.kubernetes.controller.coordinator.EntandoResourceObserver' will most likely not work correctly in native mode. Consider specifying the generic type of 'io.fabric8.kubernetes.client.Watcher' that this class handles. See https://quarkus.io/guides/kubernetes-client#note-on-implementing-the-watcher-interface for more details
[WARNING] [io.quarkus.deployment.steps.ReflectiveHierarchyStep] Unable to properly register the hierarchy of the following classes for reflection as they are not in the Jandex index:
	- org.entando.kubernetes.model.EntandoCustomResourceStatus
Consider adding them to the index either by creating a Jandex index for your dependency via the Maven plugin, an empty META-INF/beans.xml or quarkus.index-dependency properties.");.
[INFO] [io.quarkus.deployment.pkg.steps.JarResultBuildStep] Building thin jar: /workspace/source/target/entando-k8s-controller-coordinator-0.0.0-SNAPSHOT-PR-72-1-runner.jar
[INFO] [io.quarkus.deployment.QuarkusAugmentor] Quarkus augmentation completed in 1747ms
[INFO] 
[INFO] --- maven-surefire-report-plugin:3.0.0-M4:failsafe-report-only (integration-tests) @ entando-k8s-controller-coordinator ---
[INFO] 
[INFO] --- dependency-check-maven:6.0.3:aggregate (default) @ entando-k8s-controller-coordinator ---
[INFO] Checking for updates
[INFO] Download Started for NVD CVE - Modified
[INFO] Download Complete for NVD CVE - Modified  (838 ms)
[INFO] Processing Started for NVD CVE - Modified
WARNING: An illegal reflective access operation has occurred
WARNING: Illegal reflective access by com.fasterxml.jackson.module.afterburner.util.MyClassLoader (file:/home/jenkins/.mvnrepository/com/fasterxml/jackson/module/jackson-module-afterburner/2.11.3/jackson-module-afterburner-2.11.3.jar) to method java.lang.ClassLoader.findLoadedClass(java.lang.String)
WARNING: Please consider reporting this to the maintainers of com.fasterxml.jackson.module.afterburner.util.MyClassLoader
WARNING: Use --illegal-access=warn to enable warnings of further illegal reflective access operations
WARNING: All illegal access operations will be denied in a future release
[INFO] Processing Complete for NVD CVE - Modified  (5192 ms)
[INFO] Begin database maintenance
[INFO] Cleaned up 1 orphaned NVD records
[INFO] End database maintenance (869 ms)
[INFO] Check for updates complete (7606 ms)
[INFO] 

Dependency-Check is an open source tool performing a best effort analysis of 3rd party dependencies; false positives and false negatives may exist in the analysis performed by the tool. Use of the tool and the reporting provided constitutes acceptance for use in an AS IS condition, and there are NO warranties, implied or otherwise, with regard to the analysis or its use. Any use of the tool and the reporting provided is at the userâ€™s risk. In no event shall the copyright holder or OWASP be held liable for any damages whatsoever arising out of or in connection with the use of this tool, the analysis performed, or the resulting report.


[INFO] Analysis Started
[INFO] Finished Archive Analyzer (0 seconds)
[INFO] Finished File Name Analyzer (0 seconds)
[INFO] Finished Jar Analyzer (0 seconds)
[INFO] Finished Dependency Merging Analyzer (0 seconds)
[INFO] Finished Version Filter Analyzer (0 seconds)
[INFO] Finished Hint Analyzer (0 seconds)
[INFO] Created CPE Index (2 seconds)
[INFO] Finished CPE Analyzer (4 seconds)
[INFO] Finished False Positive Analyzer (0 seconds)
[INFO] Finished NVD CVE Analyzer (0 seconds)
[INFO] Finished Sonatype OSS Index Analyzer (1 seconds)
[INFO] Finished Vulnerability Suppression Analyzer (0 seconds)
[INFO] Finished Dependency Bundling Analyzer (0 seconds)
[INFO] Analysis Complete (8 seconds)
[WARNING] 

One or more dependencies were identified with known vulnerabilities in Entando K8S Controller Coordinator:

arc-1.2.0.Final.jar (pkg:maven/io.quarkus.arc/arc@1.2.0.Final, cpe:2.3:a:arc_project:arc:1.2.0:*:*:*:*:*:*:*, cpe:2.3:a:quarkus:quarkus:1.2.0:*:*:*:*:*:*:*) : CVE-2017-18640, CVE-2019-14900, CVE-2020-13692, CVE-2020-13956, CVE-2020-1714, CVE-2020-1728, CVE-2020-25638, CVE-2020-25649, CVE-2020-8908
keycloak-*****-client-9.0.2.jar (pkg:maven/org.keycloak/keycloak-*****-client@9.0.2, cpe:2.3:a:keycloak:keycloak:9.0.2:*:*:*:*:*:*:*, cpe:2.3:a:redhat:keycloak:9.0.2:*:*:*:*:*:*:*) : CVE-2020-27838
keycloak-common-9.0.2.jar (pkg:maven/org.keycloak/keycloak-common@9.0.2, cpe:2.3:a:keycloak:keycloak:9.0.2:*:*:*:*:*:*:*, cpe:2.3:a:redhat:keycloak:9.0.2:*:*:*:*:*:*:*) : CVE-2020-27838
keycloak-core-9.0.2.jar (pkg:maven/org.keycloak/keycloak-core@9.0.2, cpe:2.3:a:keycloak:keycloak:9.0.2:*:*:*:*:*:*:*, cpe:2.3:a:redhat:keycloak:9.0.2:*:*:*:*:*:*:*) : CVE-2020-27838
quarkus-arc-1.2.0.Final.jar (pkg:maven/io.quarkus/quarkus-arc@1.2.0.Final, cpe:2.3:a:arc_project:arc:1.2.0:*:*:*:*:*:*:*, cpe:2.3:a:quarkus:quarkus:1.2.0:*:*:*:*:*:*:*) : CVE-2017-18640, CVE-2019-14900, CVE-2020-13692, CVE-2020-13956, CVE-2020-25638, CVE-2020-25649, CVE-2020-8908
quarkus-core-1.2.0.Final.jar (pkg:maven/io.quarkus/quarkus-core@1.2.0.Final, cpe:2.3:a:quarkus:quarkus:1.2.0:*:*:*:*:*:*:*) : CVE-2017-18640, CVE-2019-14900, CVE-2020-13692, CVE-2020-13956, CVE-2020-25638, CVE-2020-25649, CVE-2020-8908
quarkus-jackson-1.2.0.Final.jar (pkg:maven/io.quarkus/quarkus-jackson@1.2.0.Final, cpe:2.3:a:quarkus:quarkus:1.2.0:*:*:*:*:*:*:*) : CVE-2017-18640, CVE-2019-14900, CVE-2020-13692, CVE-2020-13956, CVE-2020-25638, CVE-2020-25649, CVE-2020-8908
quarkus-kubernetes-client-1.2.0.Final.jar (pkg:maven/io.quarkus/quarkus-kubernetes-client@1.2.0.Final, cpe:2.3:a:quarkus:quarkus:1.2.0:*:*:*:*:*:*:*, cpe:2.3:a:redhat:kubernetes-client:1.2.0:*:*:*:*:*:*:*) : CVE-2017-18640, CVE-2019-14900, CVE-2020-13692, CVE-2020-13956, CVE-2020-25638, CVE-2020-25649, CVE-2020-8908


See the dependency-check report for more details.


[INFO] 
[INFO] --- jacoco-maven-plugin:0.8.5:report (report) @ entando-k8s-controller-coordinator ---
[INFO] Loading e**cution data file /workspace/source/target/jacoco.e**c
[INFO] Analyzed bundle 'Entando K8S Controller Coordinator' with 10 classes
[INFO] 
[INFO] --- maven-surefire-report-plugin:3.0.0-M4:report-only (unit-tests) @ entando-k8s-controller-coordinator ---
[WARNING] Unable to locate Test Source XRef to link to - DISABLED
[INFO] 
[INFO] --- maven-install-plugin:2.4:install (default-install) @ entando-k8s-controller-coordinator ---
[INFO] Installing /workspace/source/target/entando-k8s-controller-coordinator-0.0.0-SNAPSHOT-PR-72-1.jar to /home/jenkins/.mvnrepository/org/entando/entando-k8s-controller-coordinator/0.0.0-SNAPSHOT-PR-72-1/entando-k8s-controller-coordinator-0.0.0-SNAPSHOT-PR-72-1.jar
[INFO] Installing /workspace/source/pom.xml to /home/jenkins/.mvnrepository/org/entando/entando-k8s-controller-coordinator/0.0.0-SNAPSHOT-PR-72-1/entando-k8s-controller-coordinator-0.0.0-SNAPSHOT-PR-72-1.pom
[INFO] Installing /workspace/source/target/entando-k8s-controller-coordinator-0.0.0-SNAPSHOT-PR-72-1-tests.jar to /home/jenkins/.mvnrepository/org/entando/entando-k8s-controller-coordinator/0.0.0-SNAPSHOT-PR-72-1/entando-k8s-controller-coordinator-0.0.0-SNAPSHOT-PR-72-1-tests.jar
[INFO] Installing /workspace/source/target/entando-k8s-controller-coordinator-0.0.0-SNAPSHOT-PR-72-1-javadoc.jar to /home/jenkins/.mvnrepository/org/entando/entando-k8s-controller-coordinator/0.0.0-SNAPSHOT-PR-72-1/entando-k8s-controller-coordinator-0.0.0-SNAPSHOT-PR-72-1-javadoc.jar
[INFO] 
[INFO] --- maven-deploy-plugin:2.8.2:deploy (default-deploy) @ entando-k8s-controller-coordinator ---
[INFO] Using alternate deployment repository local-nexus::default::http://nexus/repository/maven-releases/
[INFO] 
[INFO] -----------< org.entando:entando-k8s-controller-coordinator >-----------
[INFO] Building Entando K8S Controller Coordinator 0.0.0-SNAPSHOT-PR-72-1
[INFO] --------------------------------[ jar ]---------------------------------
[INFO] 
[INFO] --- sonar-maven-plugin:3.8.0.2131:sonar (default-cli) @ entando-k8s-controller-coordinator ---
[INFO] User cache: /****/.sonar/cache
[INFO] SonarQube version: 8.5.0
[INFO] Default locale: "en_US", source code encoding: "UTF-8"
[INFO] Load global settings
[INFO] Load global settings (done) | time=224ms
[INFO] Server id: 1BD809FA-AWHW8ct9-T_TB3XqouNu
[INFO] User cache: /****/.sonar/cache
[INFO] Load/download plugins
[INFO] Load plugins index
[INFO] Load plugins index (done) | time=98ms
[INFO] Load/download plugins (done) | time=21632ms
[INFO] Loaded core extensions: developer-scanner
[INFO] JavaScript/TypeScript frontend is enabled
[INFO] Load project settings for component key: 'entando-k8s_entando-k8s-controller-coordinator'
[INFO] Load project settings for component key: 'entando-k8s_entando-k8s-controller-coordinator' (done) | time=23ms
[INFO] Process project properties
[INFO] E**cute project builders
[INFO] E**cute project builders (done) | time=2ms
[INFO] Project key: entando-k8s_entando-k8s-controller-coordinator
[INFO] Base dir: /workspace/source
[INFO] Working dir: /workspace/source/target/sonar
[INFO] Load project branches
[INFO] Load project branches (done) | time=33ms
[INFO] Check ALM binding of project 'entando-k8s_entando-k8s-controller-coordinator'
[INFO] Detected project binding: BOUND
[INFO] Check ALM binding of project 'entando-k8s_entando-k8s-controller-coordinator' (done) | time=24ms
[INFO] Load project pull requests
[INFO] Load project pull requests (done) | time=35ms
[INFO] Load branch configuration
[INFO] Load branch configuration (done) | time=511ms
[INFO] Load quality profiles
[INFO] Load quality profiles (done) | time=81ms
[INFO] Load active rules
[INFO] Load active rules (done) | time=1182ms
[INFO] Organization key: entando-k8s
[INFO] Pull request 72 for merge into master from ENG-2062_bumped_images
[INFO] SCM collecting changed files in the branch
[WARNING] Exception caught during e**cution of command '[/usr/local/git/bin/git, config, --******, --edit]' in '/usr/local/git/bin', return code '128', error message 'fatal: Invalid path '/usr/local/git/etc': No such file or directory
'
[INFO] SCM collecting changed files in the branch (done) | time=330ms
[INFO] Indexing files...
[INFO] Project configuration:
[INFO] 21 files inde**d
[INFO] 0 files ignored because of scm ignore settings
[INFO] Quality profile for java: Sonar way
[INFO] Quality profile for xml: Sonar way
[INFO] ------------- Run sensors on module Entando K8S Controller Coordinator
[INFO] JavaScript/TypeScript frontend is enabled
[INFO] Load metrics repository
[INFO] Load metrics repository (done) | time=29ms
[INFO] Sensor JavaSquidSensor [java]
[INFO] Configured Java source version (sonar.java.source): 9
[INFO] JavaClasspath initialization
[INFO] JavaClasspath initialization (done) | time=23ms
[INFO] JavaTestClasspath initialization
[INFO] JavaTestClasspath initialization (done) | time=2ms
[INFO] Java Main Files AST scan
[INFO] 11 source files to be analyzed
[INFO] 11/11 source files have been analyzed
[INFO] Java Main Files AST scan (done) | time=5275ms
[INFO] Java Test Files AST scan
[INFO] 9 source files to be analyzed
[INFO] 9/9 source files have been analyzed
[INFO] Java Test Files AST scan (done) | time=1054ms
[INFO] Java Generated Files AST scan
[INFO] 0 source files to be analyzed
[INFO] 0/0 source files have been analyzed
[INFO] Java Generated Files AST scan (done) | time=1ms
[INFO] Sensor JavaSquidSensor [java] (done) | time=6789ms
[INFO] Sensor SonarCSS Rules [cssfamily]
[INFO] No CSS, PHP, HTML or VueJS files are found in the project. CSS analysis is skipped.
[INFO] Sensor SonarCSS Rules [cssfamily] (done) | time=1ms
[INFO] Sensor C# Project Type Information [csharp]
[INFO] Sensor C# Project Type Information [csharp] (done) | time=1ms
[INFO] Sensor C# Properties [csharp]
[INFO] Sensor C# Properties [csharp] (done) | time=2ms
[INFO] Sensor Import of Checkstyle issues [java]
[INFO] Importing /workspace/source/target/checkstyle-result.xml
[INFO] Sensor Import of Checkstyle issues [java] (done) | time=109ms
[INFO] Sensor SurefireSensor [java]
[INFO] parsing [/workspace/source/target/surefire-reports]
[INFO] Sensor SurefireSensor [java] (done) | time=64ms
[INFO] Sensor JavaXmlSensor [java]
[INFO] 1 source file to be analyzed
[INFO] 1/1 source file has been analyzed
[INFO] Sensor JavaXmlSensor [java] (done) | time=237ms
[INFO] Sensor HTML [web]
[INFO] Sensor HTML [web] (done) | time=6ms
[INFO] Sensor XML Sensor [xml]
[INFO] 1 source file to be analyzed
[INFO] 1/1 source file has been analyzed
[INFO] Sensor XML Sensor [xml] (done) | time=226ms
[INFO] Sensor VB.NET Project Type Information [vbnet]
[INFO] Sensor VB.NET Project Type Information [vbnet] (done) | time=2ms
[INFO] Sensor VB.NET Properties [vbnet]
[INFO] Sensor VB.NET Properties [vbnet] (done) | time=1ms
[INFO] Sensor JaCoCo XML Report Importer [jacoco]
[INFO] Importing 1 report(s). Turn your logs in debug mode in order to see the exhaustive list.
[INFO] Sensor JaCoCo XML Report Importer [jacoco] (done) | time=48ms
[INFO] Sensor ThymeLeaf template sensor [securityjavafrontend]
[INFO] Sensor ThymeLeaf template sensor [securityjavafrontend] (done) | time=2ms
[INFO] Sensor JavaSecuritySensor [security]
[INFO] Reading type hierarchy from: /workspace/source/target/sonar/ucfg2/java
[INFO] Read 129 type definitions
[INFO] Reading UCFGs from: /workspace/source/target/sonar/ucfg2/java
[INFO] 07:01:17.02832 Building Runtime Type propagation graph
[INFO] 07:01:17.041409 Running Tarjan on 184 nodes
[INFO] 07:01:17.044475 Tarjan found 184 components
[INFO] 07:01:17.048466 Variable type analysis: done
[INFO] 07:01:17.054774 Building Runtime Type propagation graph
[INFO] 07:01:17.062704 Running Tarjan on 184 nodes
[INFO] 07:01:17.073261 Tarjan found 184 components
[INFO] 07:01:17.074705 Variable type analysis: done
[INFO] Analyzing 60 ucfgs to detect vulnerabilities.
[INFO] All rules entrypoints : 0 Retained UCFGs : 0
[INFO] rule: S5131, entrypoints: 0
[INFO] rule: S5131 done
[INFO] rule: S3649, entrypoints: 0
[INFO] rule: S3649 done
[INFO] rule: S2076, entrypoints: 0
[INFO] rule: S2076 done
[INFO] rule: S2091, entrypoints: 0
[INFO] rule: S2091 done
[INFO] rule: S2078, entrypoints: 0
[INFO] rule: S2078 done
[INFO] rule: S2631, entrypoints: 0
[INFO] rule: S2631 done
[INFO] rule: S5135, entrypoints: 0
[INFO] rule: S5135 done
[INFO] rule: S2083, entrypoints: 0
[INFO] rule: S2083 done
[INFO] rule: S5167, entrypoints: 0
[INFO] rule: S5167 done
[INFO] rule: S5144, entrypoints: 0
[INFO] rule: S5144 done
[INFO] rule: S5145, entrypoints: 0
[INFO] rule: S5145 done
[INFO] rule: S5146, entrypoints: 0
[INFO] rule: S5146 done
[INFO] rule: S5334, entrypoints: 0
[INFO] rule: S5334 done
[INFO] rule: S6096, entrypoints: 0
[INFO] rule: S6096 done
[INFO] Sensor JavaSecuritySensor [security] (done) | time=628ms
[INFO] Sensor CSharpSecuritySensor [security]
[INFO] Reading type hierarchy from: /workspace/source/target/ucfg_cs2
[INFO] Read 0 type definitions
[INFO] Reading UCFGs from: /workspace/source/target/ucfg_cs2
[INFO] No UCFGs have been included for analysis.
[INFO] Sensor CSharpSecuritySensor [security] (done) | time=1ms
[INFO] Sensor PhpSecuritySensor [security]
[INFO] Reading type hierarchy from: /workspace/source/target/sonar/ucfg2/php
[INFO] Read 0 type definitions
[INFO] Reading UCFGs from: /workspace/source/target/sonar/ucfg2/php
[INFO] No UCFGs have been included for analysis.
[INFO] Sensor PhpSecuritySensor [security] (done) | time=1ms
[INFO] Sensor PythonSecuritySensor [security]
[INFO] Reading type hierarchy from: /workspace/source/target/sonar/ucfg2/python
[INFO] Read 0 type definitions
[INFO] Reading UCFGs from: /workspace/source/target/sonar/ucfg2/python
[INFO] No UCFGs have been included for analysis.
[INFO] Sensor PythonSecuritySensor [security] (done) | time=1ms
[INFO] Sensor JsSecuritySensor [security]
[INFO] Reading type hierarchy from: /workspace/source/target/sonar/ucfg2/js
[INFO] Read 0 type definitions
[INFO] Reading UCFGs from: /workspace/source/target/sonar/ucfg2/js
[INFO] No UCFGs have been included for analysis.
[INFO] Sensor JsSecuritySensor [security] (done) | time=1ms
[INFO] ------------- Run sensors on project
[INFO] Sensor Zero Coverage Sensor
[INFO] Sensor Zero Coverage Sensor (done) | time=1ms
[INFO] Sensor Java CPD Block Inde**r
[INFO] Sensor Java CPD Block Inde**r (done) | time=59ms
[INFO] CPD E**cutor 3 files had no CPD blocks
[INFO] CPD E**cutor Calculating CPD for 8 files
[INFO] CPD E**cutor CPD calculation finished (done) | time=32ms
[INFO] SCM writing changed lines
[INFO] SCM writing changed lines (done) | time=5ms
[INFO] Analysis report generated in 172ms, dir size=190 KB
[INFO] Analysis report compressed in 23ms, zip size=47 KB
[INFO] Analysis report uploaded in 149ms
[INFO] ANALYSIS SUCCESSFUL, you can find the results at: https://sonarcloud.io/dashboard?id=entando-k8s_entando-k8s-controller-coordinator&pullRequest=72
[INFO] Note that you will be able to access the updated dashboard once the server has processed the submitted analysis report
[INFO] More about the report processing at https://sonarcloud.io/api/ce/task?id=AXhjCZ2QShJUhSOJUlja
[INFO] Analysis total time: 14.685 s
[INFO] ------------------------------------------------------------------------
[INFO] BUILD SUCCESS
[INFO] ------------------------------------------------------------------------
[INFO] Total time:  02:41 min
[INFO] Finished at: 2021-03-24T07:01:17Z
[INFO] ------------------------------------------------------------------------
Picked up _JAVA_OPTIONS: -XX:+UnlockExperimentalVMOptions -Dsun.zip.disableMemoryMapping=**** -XX:+UseParallelGC -XX:MinHeapFreeRatio=5 -XX:MaxHeapFreeRatio=10 -XX:GCTimeRatio=4 -XX:AdaptiveSizePolicyWeight=90 -Xms1000m -Xmx12000m
[INFO] Scanning for projects...
[INFO] 
[INFO] -----------< org.entando:entando-k8s-controller-coordinator >-----------
[INFO] Building Entando K8S Controller Coordinator 0.0.0-SNAPSHOT-PR-72-1
[INFO] --------------------------------[ jar ]---------------------------------
[INFO] 
[INFO] --- maven-site-plugin:3.9.0:site (default-site) @ entando-k8s-controller-coordinator ---
[INFO] configuring report plugin org.apache.maven.plugins:maven-project-info-reports-plugin:3.0.0
[INFO] 9 reports configured for maven-project-info-reports-plugin:3.0.0: dependency-info, distribution-management, index, ci-management, issue-management, licenses, plugins, scm, summary
[INFO] Rendering site with default locale English (en)
[WARNING] Unable to find a URL to the parent project. The parent menu will NOT be added.
[INFO] Relativizing decoration links with respect to localized project URL: https://central.entando.com
[INFO] Rendering content with org.apache.maven.skins:maven-default-skin:jar:1.3 skin.
[INFO] Generating "Dependency Information" report --- maven-project-info-reports-plugin:3.0.0:dependency-info
[INFO] Generating "About" report         --- maven-project-info-reports-plugin:3.0.0:index
[INFO] Generating "Issue Management" report --- maven-project-info-reports-plugin:3.0.0:issue-management
[INFO] Generating "Licenses" report      --- maven-project-info-reports-plugin:3.0.0:licenses
[INFO] Generating "Plugins" report       --- maven-project-info-reports-plugin:3.0.0:plugins
[INFO] Generating "Source Code Management" report --- maven-project-info-reports-plugin:3.0.0:scm
[INFO] Generating "Summary" report       --- maven-project-info-reports-plugin:3.0.0:summary
[INFO] ------------------------------------------------------------------------
[INFO] BUILD SUCCESS
[INFO] ------------------------------------------------------------------------
[INFO] Total time:  14.054 s
[INFO] Finished at: 2021-03-24T07:01:34Z
[INFO] ------------------------------------------------------------------------
error: etcdserver: request is too large
OWASP has found dependencies with vulnerabilities for entando-k8s-controller-coordinator-PR-72.
The following checks failed for entando-k8s-controller-coordinator-PR-72:
OWASP Maven Dependency Check
[31m
Pipeline failed on stage 'from-build-pack' : container 'step-build-mvn-verify-pr'. The execution of the pipeline has stopped.[0m
