
Showing logs for build [32mentando-entando-plugin-jpseo-pr-lwnkn-7[0m stage [32mfrom-build-pack[0m and container [32mcredential-initializer[0m
{"level":"info","ts":1625237758.1676106,"caller":"creds-init/main.go:44","msg":"Credentials initialized."}

Showing logs for build [32mentando-entando-plugin-jpseo-pr-lwnkn-7[0m stage [32mfrom-build-pack[0m and container [32mworking-dir-initializer[0m

Showing logs for build [32mentando-entando-plugin-jpseo-pr-lwnkn-7[0m stage [32mfrom-build-pack[0m and container [32mplace-tools[0m

Showing logs for build [32mentando-entando-plugin-jpseo-pr-lwnkn-7[0m stage [32mfrom-build-pack[0m and container [32mstep-git-source-entando-entando-plugin-jpseo-pr-lwnkn-qxdms[0m
{"level":"info","ts":1625237779.4518888,"caller":"git/git.go:105","msg":"Successfully cloned https://github.com/entando/entando-plugin-jpseo.git @ master in path /workspace/source"}
{"level":"warn","ts":1625237779.45***18,"caller":"git/git.go:152","msg":"Unexpected error: creating symlink: symlink /tekton/home/.ssh /****/.ssh: file exists"}
{"level":"info","ts":1625237779.5324867,"caller":"git/git.go:133","msg":"Successfully initialized and updated submodules in path /workspace/source"}

Showing logs for build [32mentando-entando-plugin-jpseo-pr-lwnkn-7[0m stage [32mfrom-build-pack[0m and container [32mstep-setup-builder-home[0m

Showing logs for build [32mentando-entando-plugin-jpseo-pr-lwnkn-7[0m stage [32mfrom-build-pack[0m and container [32mstep-git-merge[0m
Using SHAs from PULL_REFS=master:2f2a2e2cb277f1e8b77149aeaceded783a0cdd0f,40:7a3d9576bcc419e39aa7d3670f6b7883021a3c28
DEBUG: LC_ALL=C JX_LOG_LEVEL=error git fetch origin --unshallow 7a3d9576bcc419e39aa7d3670f6b7883021a3c28: 2f2a2e2cb277f1e8b77149aeaceded783a0cdd0f:
DEBUG: ran git fetch --unshallow origin 7a3d9576bcc419e39aa7d3670f6b7883021a3c28: 2f2a2e2cb277f1e8b77149aeaceded783a0cdd0f: in 
DEBUG: JX_LOG_LEVEL=error LC_ALL=C git branch
DEBUG: LC_ALL=C JX_LOG_LEVEL=error git checkout master
DEBUG: ran git checkout master in 
DEBUG: LC_ALL=C JX_LOG_LEVEL=error git reset --hard 2f2a2e2cb277f1e8b77149aeaceded783a0cdd0f
DEBUG: ran git reset --hard 2f2a2e2cb277f1e8b77149aeaceded783a0cdd0f in 
DEBUG: LC_ALL=C JX_LOG_LEVEL=error git clean -fd .
DEBUG: ran clean --force -d . in 
DEBUG: LC_ALL=C JX_LOG_LEVEL=error git merge 7a3d9576bcc419e39aa7d3670f6b7883021a3c28
DEBUG: ran git merge 7a3d9576bcc419e39aa7d3670f6b7883021a3c28 in 
DEBUG: LC_ALL=C JX_LOG_LEVEL=error git log --format=%H%x1f%an%x1f%ae%x1f%cn%x1f%ce%x1f%s%n%b%x1e 2f2a2e2cb277f1e8b77149aeaceded783a0cdd0f..HEAD
Merged SHA 7a3d9576bcc419e39aa7d3670f6b7883021a3c28 with commit message 'ENG-2312: Upgrade bom version' into base branch master
Merged SHA a99743f2e60e90e0f9dad75b0dbaf3a1582811c4 with commit message 'ENG-2312 Updating entando-core-bom reference' into base branch master
Merged SHA c142f423d02bed4d5c9d68ac87ae1b2717c044f7 with commit message 'ENG-2312: Updating core-bom version' into base branch master
Merged SHA 0e47bdcd9cb1b716e5485b3858c8699cb778e64c with commit message 'ENG-2312: Added new parameter ("baseUrlMode") into URLTag' into base branch master

Showing logs for build [32mentando-entando-plugin-jpseo-pr-lwnkn-7[0m stage [32mfrom-build-pack[0m and container [32mstep-build-set-version[0m
Picked up _JAVA_OPTIONS: -XX:+UnlockExperimentalVMOptions -Dsun.zip.disableMemoryMapping=**** -XX:+UseParallelGC -XX:MinHeapFreeRatio=5 -XX:MaxHeapFreeRatio=10 -XX:GCTimeRatio=4 -XX:AdaptiveSizePolicyWeight=90 -Xms10m -Xmx8000m
[INFO] Scanning for projects...
[WARNING] 
[WARNING] Some problems were encountered while building the effective model for org.entando.entando.plugins:entando-plugin-jpseo:war:6.4.0-SNAPSHOT
[WARNING] 'dependencyManagement.dependencies.dependency.(groupId:artifactId:type:classifier)' must be unique: org.springframework:spring-tx:jar -> version (?) vs ${spring.version} @ org.entando:entando-core-parent:6.4.2, /home/jenkins/.mvnrepository/org/entando/entando-core-parent/6.4.2/entando-core-parent-6.4.2.pom, line 625, column 25
[WARNING] 
[WARNING] It is highly recommended to fix these problems because they threaten the stability of your build.
[WARNING] 
[WARNING] For this reason, future Maven versions might no longer support building such malformed projects.
[WARNING] 
[INFO] 
[INFO] ----------< org.entando.entando.plugins:entando-plugin-jpseo >----------
[INFO] Building Entando Plugin: SEO 6.4.0-SNAPSHOT
[INFO] --------------------------------[ war ]---------------------------------
[INFO] 
[INFO] --- versions-maven-plugin:2.8.1:set (default-cli) @ entando-plugin-jpseo ---
[INFO] Local aggregation ****: /workspace/source
[INFO] Processing change of org.entando.entando.plugins:entando-plugin-jpseo:6.4.0-SNAPSHOT -> 0.0.0-SNAPSHOT-PR-40-7
[INFO] Processing org.entando.entando.plugins:entando-plugin-jpseo
[INFO]     Updating project org.entando.entando.plugins:entando-plugin-jpseo
[INFO]         from version 6.4.0-SNAPSHOT to 0.0.0-SNAPSHOT-PR-40-7
[INFO] 
[INFO] ------------------------------------------------------------------------
[INFO] BUILD SUCCESS
[INFO] ------------------------------------------------------------------------
[INFO] Total time:  9.153 s
[INFO] Finished at: 2021-07-02T14:56:32Z
[INFO] ------------------------------------------------------------------------

Showing logs for build [32mentando-entando-plugin-jpseo-pr-lwnkn-7[0m stage [32mfrom-build-pack[0m and container [32mstep-build-fix-git-for-sonar[0m
Switched to a new branch 'PR-40'
M	pom.xml
Deleted branch master (was 7a3d957).
From https://github.com/entando/entando-plugin-jpseo
 * [new branch]      master            -> master
 * [new tag]         pia-crs4          -> pia-crs4
 * [new tag]         v6.2.0-sprint1-rc -> v6.2.0-sprint1-rc
 * [new tag]         v6.2.0-sprint2-rc -> v6.2.0-sprint2-rc
 * [new tag]         v6.2.0-sprint3-rc -> v6.2.0-sprint3-rc
 * [new tag]         v6.2.0-sprint4-rc -> v6.2.0-sprint4-rc
 * [new tag]         v6.2.0-sprint5-rc -> v6.2.0-sprint5-rc

Showing logs for build [32mentando-entando-plugin-jpseo-pr-lwnkn-7[0m stage [32mfrom-build-pack[0m and container [32mstep-build-mvn-verify-pr[0m
Picked up _JAVA_OPTIONS: -XX:+UnlockExperimentalVMOptions -Dsun.zip.disableMemoryMapping=**** -XX:+UseParallelGC -XX:MinHeapFreeRatio=5 -XX:MaxHeapFreeRatio=10 -XX:GCTimeRatio=4 -XX:AdaptiveSizePolicyWeight=90 -Xms10m -Xmx8000m
[INFO] Scanning for projects...
[WARNING] 
[WARNING] Some problems were encountered while building the effective model for org.entando.entando.plugins:entando-plugin-jpseo:war:0.0.0-SNAPSHOT-PR-40-7
[WARNING] 'dependencyManagement.dependencies.dependency.(groupId:artifactId:type:classifier)' must be unique: org.springframework:spring-tx:jar -> version (?) vs ${spring.version} @ org.entando:entando-core-parent:6.4.2, /home/jenkins/.mvnrepository/org/entando/entando-core-parent/6.4.2/entando-core-parent-6.4.2.pom, line 625, column 25
[WARNING] 
[WARNING] It is highly recommended to fix these problems because they threaten the stability of your build.
[WARNING] 
[WARNING] For this reason, future Maven versions might no longer support building such malformed projects.
[WARNING] 
[INFO] 
[INFO] ----------< org.entando.entando.plugins:entando-plugin-jpseo >----------
[INFO] Building Entando Plugin: SEO 0.0.0-SNAPSHOT-PR-40-7
[INFO] --------------------------------[ war ]---------------------------------
[WARNING] The POM for com.sun.xml.bind:jaxb-impl:jar:2.2.11 is invalid, transitive dependencies (if any) will not be available, enable debug logging for more details
[WARNING] The POM for com.sun.xml.bind:jaxb-core:jar:2.2.11 is invalid, transitive dependencies (if any) will not be available, enable debug logging for more details
[INFO] 
[INFO] --- maven-checkstyle-plugin:3.1.1:check (validate) @ entando-plugin-jpseo ---
[INFO] 
[INFO] --- maven-checkstyle-plugin:3.1.1:checkstyle (validate) @ entando-plugin-jpseo ---
[INFO] 
[INFO] --- jacoco-maven-plugin:0.8.6:prepare-agent (prepare-agent) @ entando-plugin-jpseo ---
[INFO] argLine set to -javaagent:/home/jenkins/.mvnrepository/org/jacoco/org.jacoco.agent/0.8.6/org.jacoco.agent-0.8.6-runtime.jar=destfile=/workspace/source/target/jacoco.e**c
[INFO] 
[INFO] --- maven-resources-plugin:2.5:resources (default-resources) @ entando-plugin-jpseo ---
[debug] e**cute contextualize
[INFO] Using 'UTF-8' encoding to copy filtered resources.
[INFO] Copying 12 resources
[INFO] Copying 1 resource
[INFO] Copying 5 resources
[INFO] Copying 12 resources
[INFO] Copying 2 resources to META-INF
[INFO] 
[INFO] --- maven-compiler-plugin:3.8.1:compile (default-compile) @ entando-plugin-jpseo ---
[INFO] Changes detected - recompiling the module!
[INFO] Compiling 50 source files to /workspace/source/target/classes
[WARNING] /workspace/source/src/main/java/org/entando/entando/plugins/jpseo/aps/******/services/page/SeoPageExtraConfigDOM.java:[90,73] unchecked conversion
  required: java.util.List<org.jdom.Element>
  found:    java.util.List
[WARNING] /workspace/source/src/main/java/org/entando/entando/plugins/jpseo/aps/******/services/page/SeoPageExtraConfigDOM.java:[98,65] unchecked conversion
  required: java.util.List<org.jdom.Element>
  found:    java.util.List
[WARNING] /workspace/source/src/main/java/org/entando/entando/plugins/jpseo/aps/******/services/page/SeoPageExtraConfigDOM.java:[120,66] unchecked conversion
  required: java.util.List<org.jdom.Element>
  found:    java.util.List
[WARNING] /workspace/source/src/main/java/org/entando/entando/plugins/jpseo/aps/******/services/page/SeoPageExtraConfigDOM.java:[184,70] unchecked conversion
  required: java.util.List<org.jdom.Element>
  found:    java.util.List
[WARNING] /workspace/source/src/main/java/org/entando/entando/plugins/jpseo/aps/******/services/page/SeoPageExtraConfigDOM.java:[201,70] unchecked conversion
  required: java.util.List<org.jdom.Element>
  found:    java.util.List
[WARNING] /workspace/source/src/main/java/org/entando/entando/plugins/jpseo/aps/******/services/page/SeoPageService.java:[279,62] unchecked conversion
  required: java.util.Map<java.lang.String,java.util.Map<java.lang.String,org.entando.entando.plugins.jpseo.aps.******.services.page.PageMetatag>>
  found:    java.util.HashMap
[WARNING] /workspace/source/src/main/java/org/entando/entando/plugins/jpseo/aps/******/services/mapping/cache/SeoMappingCacheWrapper.java:[121,61] unchecked cast
  required: java.util.List<java.lang.String>
  found:    java.util.List
[WARNING] /workspace/source/src/main/java/org/entando/entando/plugins/jpseo/aps/******/services/mapping/cache/SeoMappingCacheWrapper.java:[131,56] unchecked cast
  required: java.util.List<java.lang.String>
  found:    java.util.List
[WARNING] /workspace/source/src/main/java/org/entando/entando/plugins/jpseo/aps/******/services/mapping/cache/SeoMappingCacheWrapper.java:[169,46] unchecked conversion
  required: java.util.Map<java.lang.String,java.lang.String>
  found:    java.util.Map
[WARNING] /workspace/source/src/main/java/org/entando/entando/plugins/jpseo/aps/******/services/mapping/cache/SeoMappingCacheWrapper.java:[176,46] unchecked conversion
  required: java.util.Map<java.lang.String,java.lang.String>
  found:    java.util.Map
[WARNING] /workspace/source/src/main/java/org/entando/entando/plugins/jpseo/aps/tags/SiteMapTag.java:[90,44] unchecked call to FieldSearchFilter(java.lang.String,T,boolean) as a member of the raw type com.agiletec.aps.******.common.FieldSearchFilter
[WARNING] /workspace/source/src/main/java/org/entando/entando/plugins/jpseo/aps/******/services/url/URLManager.java:[68,54] unchecked method invocation: method createURL in class com.agiletec.aps.******.services.url.URLManager is applied to given types
  required: com.agiletec.aps.******.services.page.IPage,com.agiletec.aps.******.services.lang.Lang,java.util.Map<java.lang.String,java.lang.String>,boolean,java.lang.String,javax.servlet.http.HttpServletRequest
  found: com.agiletec.aps.******.services.page.IPage,com.agiletec.aps.******.services.lang.Lang,java.util.Map,boolean,java.lang.String,javax.servlet.http.HttpServletRequest
[WARNING] /workspace/source/src/main/java/org/entando/entando/plugins/jpseo/aps/******/services/url/URLManager.java:[68,88] unchecked conversion
  required: java.util.Map<java.lang.String,java.lang.String>
  found:    java.util.Map
[WARNING] /workspace/source/src/main/java/org/entando/entando/plugins/jpseo/aps/******/services/url/URLManager.java:[70,61] unchecked method invocation: method createFriendlyUrl in class org.entando.entando.plugins.jpseo.aps.******.services.url.URLManager is applied to given types
  required: java.lang.String,com.agiletec.aps.******.services.lang.Lang,java.util.Map<java.lang.String,java.lang.String>,boolean,java.lang.String,javax.servlet.http.HttpServletRequest
  found: java.lang.String,com.agiletec.aps.******.services.lang.Lang,java.util.Map,boolean,java.lang.String,javax.servlet.http.HttpServletRequest
[WARNING] /workspace/source/src/main/java/org/entando/entando/plugins/jpseo/aps/******/services/url/URLManager.java:[70,99] unchecked conversion
  required: java.util.Map<java.lang.String,java.lang.String>
  found:    java.util.Map
[WARNING] /workspace/source/src/main/java/org/entando/entando/plugins/jpseo/aps/******/services/metatag/MetatagDOM.java:[44,83] unchecked conversion
  required: java.util.List<org.jdom.Element>
  found:    java.util.List
[WARNING] /workspace/source/src/main/java/org/entando/entando/plugins/jpseo/aps/******/sitemap/SitemapAction.java:[109,44] unchecked call to FieldSearchFilter(java.lang.String,T,boolean) as a member of the raw type com.agiletec.aps.******.common.FieldSearchFilter
[INFO] /workspace/source/src/main/java/org/entando/entando/plugins/jpseo/aps/******/services/controller/control/RequestValidator.java: /workspace/source/src/main/java/org/entando/entando/plugins/jpseo/aps/******/services/controller/control/RequestValidator.java uses or overrides a deprecated API.
[INFO] /workspace/source/src/main/java/org/entando/entando/plugins/jpseo/aps/******/services/controller/control/RequestValidator.java: Recompile with -Xlint:deprecation for details.
[INFO] 
[INFO] --- maven-resources-plugin:2.5:copy-resources (copy-resources-test) @ entando-plugin-jpseo ---
[debug] e**cute contextualize
[INFO] Using 'UTF-8' encoding to copy filtered resources.
[INFO] Copying 5 resources
[INFO] 
[INFO] --- maven-resources-plugin:2.5:copy-resources (copy-resources-file-test-) @ entando-plugin-jpseo ---
[debug] e**cute contextualize
[INFO] Using 'UTF-8' encoding to copy filtered resources.
[INFO] Copying 5 resources
[INFO] 
[INFO] --- maven-resources-plugin:2.5:testResources (default-testResources) @ entando-plugin-jpseo ---
[debug] e**cute contextualize
[INFO] Using 'UTF-8' encoding to copy filtered resources.
[INFO] Copying 3 resources
[INFO] 
[INFO] --- maven-compiler-plugin:3.8.1:testCompile (default-testCompile) @ entando-plugin-jpseo ---
[INFO] Changes detected - recompiling the module!
[INFO] Compiling 12 source files to /workspace/source/target/test-classes
[WARNING] /workspace/source/src/test/java/org/entando/entando/plugins/jpseo/aps*****/portal/PageActionIntegrationTest.java:[90,125] unchecked cast
  required: java.util.Map<java.lang.String,java.util.Map<java.lang.String,org.entando.entando.plugins.jpseo.aps.******.services.page.PageMetatag>>
  found:    java.lang.Object
[WARNING] /workspace/source/src/test/java/org/entando/entando/plugins/jpseo/aps*****/portal/PageActionIntegrationTest.java:[511,67] unchecked conversion
  required: java.util.Map<java.lang.String,java.util.Map<java.lang.String,org.entando.entando.plugins.jpseo.aps.******.services.page.PageMetatag>>
  found:    java.util.Map
[WARNING] /workspace/source/src/test/java/org/entando/entando/plugins/jpseo/aps*****/portal/PageActionIntegrationTest.java:[523,29] unchecked conversion
  required: java.util.Map<java.lang.String,java.util.Map<java.lang.String,org.entando.entando.plugins.jpseo.aps.******.services.page.PageMetatag>>
  found:    java.util.Map
[WARNING] /workspace/source/src/test/java/org/entando/entando/plugins/jpseo/aps*****/portal/PageSettingsActionAspectTest.java:[100,49] unchecked method invocation: method convertValue in class com.opensymphony.xwork2.conversion.impl.XWorkConverter is applied to given types
  required: java.util.Map<java.lang.String,java.lang.Object>,java.lang.Object,java.lang.Class
  found: java.util.Map,java.lang.Object,java.lang.Class
[WARNING] /workspace/source/src/test/java/org/entando/entando/plugins/jpseo/aps*****/portal/PageSettingsActionAspectTest.java:[100,61] unchecked conversion
  required: java.util.Map<java.lang.String,java.lang.Object>
  found:    java.util.Map
[WARNING] /workspace/source/src/test/java/org/entando/entando/plugins/jpseo/aps*****/content/ContentActionIntegrationTest.java:[68,46] unchecked call to EntitySearchFilter(java.lang.String,boolean,T,boolean) as a member of the raw type com.agiletec.aps.******.common.entity.model.EntitySearchFilter
[INFO] 
[INFO] --- maven-surefire-plugin:3.0.0-M4:test (default-test) @ entando-plugin-jpseo ---
[INFO] 
[INFO] -------------------------------------------------------
[INFO]  T E S T S
[INFO] -------------------------------------------------------
[INFO] Running org.entando.entando.aps.******.services.controller.control.SeoRequestValidatorIntegrationTest
SLF4J: Class path contains multiple SLF4J bindings.
SLF4J: Found binding in [jar:file:/home/jenkins/.mvnrepository/org/slf4j/slf4j-jdk14/1.7.26/slf4j-jdk14-1.7.26.jar!/org/slf4j/impl/StaticLoggerBinder.class]
SLF4J: Found binding in [jar:file:/home/jenkins/.mvnrepository/ch/qos/logback/logback-classic/1.2.3/logback-classic-1.2.3.jar!/org/slf4j/impl/StaticLoggerBinder.class]
SLF4J: See http://www.slf4j.org/codes.html#multiple_bindings for an explanation.
SLF4J: Actual binding is of type [org.slf4j.impl.JDK14LoggerFactory]
Jul 02, 2021 2:57:06 PM org.springframework.mock.jndi.SimpleNamingContextBuilder activate
INFO: Activating simple JNDI environment
Jul 02, 2021 2:57:06 PM org.springframework.mock.jndi.SimpleNamingContextBuilder bind
INFO: Static JNDI binding: [java:comp/env/logName] = [/workspace/source/target/test/entando-plugin-jpseo]
Jul 02, 2021 2:57:06 PM org.springframework.mock.jndi.SimpleNamingContextBuilder bind
INFO: Static JNDI binding: [java:comp/env/logFileRotatePattern] = [/workspace/source/target/test/entando-plugin-jpseo_logs/entando-plugin-jpseo-%i.log.gz]
Jul 02, 2021 2:57:06 PM org.springframework.mock.jndi.SimpleNamingContextBuilder bind
INFO: Static JNDI binding: [java:comp/env/logLevel] = [ERROR]
Jul 02, 2021 2:57:06 PM org.springframework.mock.jndi.SimpleNamingContextBuilder bind
INFO: Static JNDI binding: [java:comp/env/logFileSize] = [1048576]
Jul 02, 2021 2:57:06 PM org.springframework.mock.jndi.SimpleNamingContextBuilder bind
INFO: Static JNDI binding: [java:comp/env/logFilesCount] = [10]
Jul 02, 2021 2:57:06 PM org.springframework.mock.jndi.SimpleNamingContextBuilder bind
INFO: Static JNDI binding: [java:comp/env/configVersion] = [test]
Jul 02, 2021 2:57:06 PM org.springframework.mock.jndi.SimpleNamingContextBuilder bind
INFO: Static JNDI binding: [java:comp/env/applicationBaseURL] = [/Entando/]
Jul 02, 2021 2:57:06 PM org.springframework.mock.jndi.SimpleNamingContextBuilder bind
INFO: Static JNDI binding: [java:comp/env/resourceRootURL] = [/Entando/resources/]
Jul 02, 2021 2:57:06 PM org.springframework.mock.jndi.SimpleNamingContextBuilder bind
INFO: Static JNDI binding: [java:comp/env/protectedResourceRootURL] = [/Entando/protected/]
Jul 02, 2021 2:57:06 PM org.springframework.mock.jndi.SimpleNamingContextBuilder bind
INFO: Static JNDI binding: [java:comp/env/resourceDiskRootFolder] = [target/test/resources/]
Jul 02, 2021 2:57:06 PM org.springframework.mock.jndi.SimpleNamingContextBuilder bind
INFO: Static JNDI binding: [java:comp/env/protectedResourceDiskRootFolder] = [target/test/protected/]
Jul 02, 2021 2:57:06 PM org.springframework.mock.jndi.SimpleNamingContextBuilder bind
INFO: Static JNDI binding: [java:comp/env/indexDiskRootFolder] = [target/test/indexdir]
Jul 02, 2021 2:57:06 PM org.springframework.mock.jndi.SimpleNamingContextBuilder bind
INFO: Static JNDI binding: [java:comp/env/portDataSourceClassName] = [org.apache.derby.jdbc.EmbeddedDriver]
Jul 02, 2021 2:57:06 PM org.springframework.mock.jndi.SimpleNamingContextBuilder bind
INFO: Static JNDI binding: [java:comp/env/logActiveFileOutput] = [false]
Jul 02, 2021 2:57:06 PM org.springframework.mock.jndi.SimpleNamingContextBuilder bind
INFO: Static JNDI binding: [java:comp/env/jdbc.servDb.url] = [jdbc:derby:/workspace/source/target/test/db/entando-plugin-jpseotestServ;create=****]
Jul 02, 2021 2:57:06 PM org.springframework.mock.jndi.SimpleNamingContextBuilder bind
INFO: Static JNDI binding: [java:comp/env/servDataSourceClassName] = [org.apache.derby.jdbc.EmbeddedDriver]
Jul 02, 2021 2:57:06 PM org.springframework.mock.jndi.SimpleNamingContextBuilder bind
INFO: Static JNDI binding: [java:comp/env/logFilesCount] = [10]
Jul 02, 2021 2:57:06 PM org.springframework.mock.jndi.SimpleNamingContextBuilder bind
INFO: Static JNDI binding: [java:comp/env/applicationBaseURL] = [/Entando/]
Jul 02, 2021 2:57:06 PM org.springframework.mock.jndi.SimpleNamingContextBuilder bind
INFO: Static JNDI binding: [java:comp/env/jdbc.portDb.password] = [agile]
Jul 02, 2021 2:57:06 PM org.springframework.mock.jndi.SimpleNamingContextBuilder bind
INFO: Static JNDI binding: [java:comp/env/logLevel] = [ERROR]
Jul 02, 2021 2:57:06 PM org.springframework.mock.jndi.SimpleNamingContextBuilder bind
INFO: Static JNDI binding: [java:comp/env/indexDiskRootFolder] = [target/test/indexdir]
Jul 02, 2021 2:57:06 PM org.springframework.mock.jndi.SimpleNamingContextBuilder bind
INFO: Static JNDI binding: [java:comp/env/logFileSize] = [1048576]
Jul 02, 2021 2:57:06 PM org.springframework.mock.jndi.SimpleNamingContextBuilder bind
INFO: Static JNDI binding: [java:comp/env/resourceDiskRootFolder] = [target/test/resources/]
Jul 02, 2021 2:57:06 PM org.springframework.mock.jndi.SimpleNamingContextBuilder bind
INFO: Static JNDI binding: [java:comp/env/protectedResourceRootURL] = [/Entando/protected/]
Jul 02, 2021 2:57:06 PM org.springframework.mock.jndi.SimpleNamingContextBuilder bind
INFO: Static JNDI binding: [java:comp/env/resourceRootURL] = [/Entando/resources/]
Jul 02, 2021 2:57:06 PM org.springframework.mock.jndi.SimpleNamingContextBuilder bind
INFO: Static JNDI binding: [java:comp/env/configVersion] = [test]
Jul 02, 2021 2:57:06 PM org.springframework.mock.jndi.SimpleNamingContextBuilder bind
INFO: Static JNDI binding: [java:comp/env/jdbc.servDb.beanName] = [servDataSource]
Jul 02, 2021 2:57:06 PM org.springframework.mock.jndi.SimpleNamingContextBuilder bind
INFO: Static JNDI binding: [java:comp/env/jdbc.portDb.url] = [jdbc:derby:/workspace/source/target/test/db/entando-plugin-jpseotestPort;create=****]
Jul 02, 2021 2:57:06 PM org.springframework.mock.jndi.SimpleNamingContextBuilder bind
INFO: Static JNDI binding: [java:comp/env/jdbc.servDb.driverClassName] = [org.apache.derby.jdbc.EmbeddedDriver]
Jul 02, 2021 2:57:06 PM org.springframework.mock.jndi.SimpleNamingContextBuilder bind
INFO: Static JNDI binding: [java:comp/env/protectedResourceDiskRootFolder] = [target/test/protected/]
Jul 02, 2021 2:57:06 PM org.springframework.mock.jndi.SimpleNamingContextBuilder bind
INFO: Static JNDI binding: [java:comp/env/jdbc.portDb.beanName] = [portDataSource]
Jul 02, 2021 2:57:06 PM org.springframework.mock.jndi.SimpleNamingContextBuilder bind
INFO: Static JNDI binding: [java:comp/env/jdbc.servDb.password] = [agile]
Jul 02, 2021 2:57:06 PM org.springframework.mock.jndi.SimpleNamingContextBuilder bind
INFO: Static JNDI binding: [java:comp/env/jdbc.portDb.driverClassName] = [org.apache.derby.jdbc.EmbeddedDriver]
Jul 02, 2021 2:57:06 PM org.springframework.mock.jndi.SimpleNamingContextBuilder bind
INFO: Static JNDI binding: [java:comp/env/jdbc.portDb.username] = [agile]
Jul 02, 2021 2:57:06 PM org.springframework.mock.jndi.SimpleNamingContextBuilder bind
INFO: Static JNDI binding: [java:comp/env/jdbc.servDb.username] = [agile]
Jul 02, 2021 2:57:06 PM org.springframework.mock.jndi.SimpleNamingContextBuilder bind
INFO: Static JNDI binding: [java:comp/env/logName] = [/workspace/source/target/test/entando-plugin-jpseo]
Jul 02, 2021 2:57:06 PM org.springframework.mock.jndi.SimpleNamingContextBuilder bind
INFO: Static JNDI binding: [java:comp/env/logFileRotatePattern] = [/workspace/source/target/test/entando-plugin-jpseo_logs/entando-plugin-jpseo-%i.log.gz]
Jul 02, 2021 2:57:07 PM org.springframework.mock.jndi.SimpleNamingContextBuilder bind
INFO: Static JNDI binding: [java:comp/env/jdbc/servDataSource] = [org.apache.commons.dbcp2.BasicDataSource@10d98940]
Jul 02, 2021 2:57:07 PM org.springframework.mock.jndi.SimpleNamingContextBuilder bind
INFO: Static JNDI binding: [java:comp/env/jdbc/portDataSource] = [org.apache.commons.dbcp2.BasicDataSource@58b8f9e3]
Jul 02, 2021 2:57:07 PM org.springframework.mock.web.MockServletContext log
INFO: Initializing Spring **** WebApplicationContext
Jul 02, 2021 2:57:07 PM org.springframework.web.context.ContextLoader initWebApplicationContext
INFO: Root WebApplicationContext: initialization started
Jul 02, 2021 2:57:17 PM org.entando.entando.ent.util.EntLogging$EntLogger info
INFO: Report not availablejava.sql.SQLSyntaxErrorException: Schema 'AGILE' does not exist
Jul 02, 2021 2:57:17 PM org.entando.entando.ent.util.EntLogging$EntLogger info
INFO: + [ Component: Core ] :: DATA
|   
Jul 02, 2021 2:57:17 PM org.entando.entando.ent.util.EntLogging$EntLogger info
INFO: Created table - portDataSource/sysconfig
Jul 02, 2021 2:57:17 PM org.entando.entando.ent.util.EntLogging$EntLogger info
INFO: Created table - portDataSource/categories
Jul 02, 2021 2:57:17 PM org.entando.entando.ent.util.EntLogging$EntLogger info
INFO: Created table - portDataSource/localstrings
Jul 02, 2021 2:57:17 PM org.entando.entando.ent.util.EntLogging$EntLogger info
INFO: Created table - portDataSource/pagemodels
Jul 02, 2021 2:57:17 PM org.entando.entando.ent.util.EntLogging$EntLogger info
INFO: Created table - portDataSource/pages
Jul 02, 2021 2:57:17 PM org.entando.entando.ent.util.EntLogging$EntLogger info
INFO: Created table - portDataSource/pages_metadata_online
Jul 02, 2021 2:57:17 PM org.entando.entando.ent.util.EntLogging$EntLogger info
INFO: Created table - portDataSource/pages_metadata_draft
Jul 02, 2021 2:57:17 PM org.entando.entando.ent.util.EntLogging$EntLogger info
INFO: Created table - portDataSource/widgetcatalog
Jul 02, 2021 2:57:17 PM org.entando.entando.ent.util.EntLogging$EntLogger info
INFO: Created table - portDataSource/guifragment
Jul 02, 2021 2:57:17 PM org.entando.entando.ent.util.EntLogging$EntLogger info
INFO: Created table - portDataSource/widgetconfig
Jul 02, 2021 2:57:17 PM org.entando.entando.ent.util.EntLogging$EntLogger info
INFO: Created table - portDataSource/widgetconfig_draft
Jul 02, 2021 2:57:18 PM org.entando.entando.ent.util.EntLogging$EntLogger info
INFO: Created table - portDataSource/uniquekeys
Jul 02, 2021 2:57:18 PM org.entando.entando.ent.util.EntLogging$EntLogger info
INFO: Created table - portDataSource/userpreferences
Jul 02, 2021 2:57:18 PM org.entando.entando.ent.util.EntLogging$EntLogger info
INFO: Created table - servDataSource/authgroups
Jul 02, 2021 2:57:18 PM org.entando.entando.ent.util.EntLogging$EntLogger info
INFO: Created table - servDataSource/authpermissions
Jul 02, 2021 2:57:18 PM org.entando.entando.ent.util.EntLogging$EntLogger info
INFO: Created table - servDataSource/authroles
Jul 02, 2021 2:57:18 PM org.entando.entando.ent.util.EntLogging$EntLogger info
INFO: Created table - servDataSource/authrolepermissions
Jul 02, 2021 2:57:18 PM org.entando.entando.ent.util.EntLogging$EntLogger info
INFO: Created table - servDataSource/authusers
Jul 02, 2021 2:57:18 PM org.entando.entando.ent.util.EntLogging$EntLogger info
INFO: Created table - servDataSource/authusergrouprole
Jul 02, 2021 2:57:18 PM org.entando.entando.ent.util.EntLogging$EntLogger info
INFO: Created table - servDataSource/api_oauth_consumers
Jul 02, 2021 2:57:18 PM org.entando.entando.ent.util.EntLogging$EntLogger info
INFO: Created table - servDataSource/api_oauth_tokens
Jul 02, 2021 2:57:18 PM org.entando.entando.ent.util.EntLogging$EntLogger info
INFO: Created table - servDataSource/apicatalog_methods
Jul 02, 2021 2:57:18 PM org.entando.entando.ent.util.EntLogging$EntLogger info
INFO: Created table - servDataSource/apicatalog_services
Jul 02, 2021 2:57:19 PM org.entando.entando.ent.util.EntLogging$EntLogger info
INFO: Created table - servDataSource/authuserprofiles
Jul 02, 2021 2:57:19 PM org.entando.entando.ent.util.EntLogging$EntLogger info
INFO: Created table - servDataSource/authuserprofilesearch
Jul 02, 2021 2:57:19 PM org.entando.entando.ent.util.EntLogging$EntLogger info
INFO: Created table - servDataSource/authuserprofileattrroles
Jul 02, 2021 2:57:19 PM org.entando.entando.ent.util.EntLogging$EntLogger info
INFO: Created table - servDataSource/actionlogrecords
Jul 02, 2021 2:57:19 PM org.entando.entando.ent.util.EntLogging$EntLogger info
INFO: Created table - servDataSource/actionlogrelations
Jul 02, 2021 2:57:19 PM org.entando.entando.ent.util.EntLogging$EntLogger info
INFO: Created table - servDataSource/actionloglikerecords
Jul 02, 2021 2:57:19 PM org.entando.entando.ent.util.EntLogging$EntLogger info
INFO: Created table - servDataSource/actionlogcommentrecords
Jul 02, 2021 2:57:19 PM org.entando.entando.ent.util.EntLogging$EntLogger info
INFO: + [ Component: jacms ] :: DATA
|   
Jul 02, 2021 2:57:19 PM org.entando.entando.ent.util.EntLogging$EntLogger info
INFO: Created table - portDataSource/contentmodels
Jul 02, 2021 2:57:19 PM org.entando.entando.ent.util.EntLogging$EntLogger info
INFO: Created table - portDataSource/contents
Jul 02, 2021 2:57:19 PM org.entando.entando.ent.util.EntLogging$EntLogger info
INFO: Created table - portDataSource/resources
Jul 02, 2021 2:57:19 PM org.entando.entando.ent.util.EntLogging$EntLogger info
INFO: Created table - portDataSource/resourcerelations
Jul 02, 2021 2:57:19 PM org.entando.entando.ent.util.EntLogging$EntLogger info
INFO: Created table - portDataSource/contentrelations
Jul 02, 2021 2:57:19 PM org.entando.entando.ent.util.EntLogging$EntLogger info
INFO: Created table - portDataSource/contentsearch
Jul 02, 2021 2:57:19 PM org.entando.entando.ent.util.EntLogging$EntLogger info
INFO: Created table - portDataSource/contentattributeroles
Jul 02, 2021 2:57:19 PM org.entando.entando.ent.util.EntLogging$EntLogger info
INFO: Created table - portDataSource/workcontentrelations
Jul 02, 2021 2:57:19 PM org.entando.entando.ent.util.EntLogging$EntLogger info
INFO: Created table - portDataSource/workcontentsearch
Jul 02, 2021 2:57:19 PM org.entando.entando.ent.util.EntLogging$EntLogger info
INFO: Created table - portDataSource/workcontentattributeroles
Jul 02, 2021 2:57:19 PM org.entando.entando.ent.util.EntLogging$EntLogger info
INFO: + [ Component: entando-*****-console ] :: DATA
|   
Jul 02, 2021 2:57:19 PM org.entando.entando.ent.util.EntLogging$EntLogger info
INFO: Created table - servDataSource/authusershortcuts
Jul 02, 2021 2:57:19 PM org.entando.entando.ent.util.EntLogging$EntLogger info
INFO: + [ Component: entando-portal-ui ] :: DATA
|   
Jul 02, 2021 2:57:19 PM org.entando.entando.ent.util.EntLogging$EntLogger info
INFO: + [ Component: jpseo ] :: DATA
|   
Jul 02, 2021 2:57:19 PM org.entando.entando.ent.util.EntLogging$EntLogger info
INFO: Created table - portDataSource/jpseo_friendlycode
Jul 02, 2021 2:57:19 PM org.entando.entando.ent.util.EntLogging$EntLogger info
INFO: + [ Component: Core ] :: DATA
|   
Jul 02, 2021 2:57:20 PM org.entando.entando.ent.util.EntLogging$EntLogger info
INFO: + [ Component: jacms ] :: DATA
|   
Jul 02, 2021 2:57:21 PM org.entando.entando.ent.util.EntLogging$EntLogger info
INFO: + [ Component: entando-*****-console ] :: DATA
|   
Jul 02, 2021 2:57:21 PM org.entando.entando.ent.util.EntLogging$EntLogger info
INFO: + [ Component: entando-portal-ui ] :: DATA
|   
Jul 02, 2021 2:57:21 PM org.entando.entando.ent.util.EntLogging$EntLogger info
INFO: + [ Component: jpseo ] :: DATA
|   
Jul 02, 2021 2:57:27 PM org.entando.entando.ent.util.EntLogging$EntLogger info
INFO: Successfully created a random page_preview_hash
Jul 02, 2021 2:57:37 PM org.springframework.security.web.DefaultSecurityFilterChain <init>
INFO: Will secure Or [Ant [pattern='/oauth/token'], Ant [pattern='/oauth/token_key'], Ant [pattern='/oauth/check_token']] with [org.springframework.security.web.context.request.async.WebAsyncManagerIntegrationFilter@3dd94dfa, org.springframework.security.web.context.SecurityContextPersistenceFilter@23242fd8, org.springframework.security.web.header.HeaderWriterFilter@117eb1a7, org.springframework.security.web.authentication.logout.LogoutFilter@493d522b, org.springframework.web.filter.CorsFilter@116e2aa4, org.springframework.security.web.authentication.www.BasicAuthenticationFilter@5333e31e, org.springframework.security.web.savedrequest.RequestCacheAwareFilter@22ec5c73, org.springframework.security.web.servletapi.SecurityContextHolderAwareRequestFilter@73eb1edb, org.springframework.security.web.authentication.AnonymousAuthenticationFilter@119b7db0, org.springframework.security.web.session.SessionManagementFilter@64ea40b6, org.springframework.security.web.access.ExceptionTranslationFilter@3e208454, org.springframework.security.web.access.intercept.FilterSecurityInterceptor@6b6f06ea]
Jul 02, 2021 2:57:37 PM org.springframework.security.web.DefaultSecurityFilterChain <init>
INFO: Will secure any request with [org.springframework.security.web.context.request.async.WebAsyncManagerIntegrationFilter@4a287f87, org.springframework.security.web.context.SecurityContextPersistenceFilter@734ca7b0, org.springframework.security.web.header.HeaderWriterFilter@222ac449, org.springframework.web.filter.CorsFilter@116e2aa4, org.springframework.security.web.authentication.logout.LogoutFilter@5e5fa83a, org.springframework.security.web.savedrequest.RequestCacheAwareFilter@623e5b7c, org.springframework.security.web.servletapi.SecurityContextHolderAwareRequestFilter@4fc8c00e, org.springframework.security.web.session.SessionManagementFilter@fe9bfc2, org.springframework.security.web.access.ExceptionTranslationFilter@363798f2]
Jul 02, 2021 2:57:37 PM org.springframework.web.context.ContextLoader initWebApplicationContext
INFO: Root WebApplicationContext initialized in 30187 ms
Jul 02, 2021 2:57:40 PM org.entando.entando.ent.util.EntLogging$EntLogger info
INFO: + [ Component: Core ] :: DATA
|   
Jul 02, 2021 2:57:40 PM org.entando.entando.ent.util.EntLogging$EntLogger info
INFO: + [ Component: jacms ] :: DATA
|   
Jul 02, 2021 2:57:40 PM org.entando.entando.ent.util.EntLogging$EntLogger info
INFO: + [ Component: entando-*****-console ] :: DATA
|   
Jul 02, 2021 2:57:40 PM org.entando.entando.ent.util.EntLogging$EntLogger info
INFO: + [ Component: entando-portal-ui ] :: DATA
|   
Jul 02, 2021 2:57:40 PM org.entando.entando.ent.util.EntLogging$EntLogger info
INFO: + [ Component: jpseo ] :: DATA
|   
Jul 02, 2021 2:57:40 PM org.entando.entando.ent.util.EntLogging$EntLogger info
INFO: + [ Component: Core ] :: DATA
|   
Jul 02, 2021 2:57:40 PM org.entando.entando.ent.util.EntLogging$EntLogger info
INFO: + [ Component: jacms ] :: DATA
|   
Jul 02, 2021 2:57:40 PM org.entando.entando.ent.util.EntLogging$EntLogger info
INFO: + [ Component: entando-*****-console ] :: DATA
|   
Jul 02, 2021 2:57:40 PM org.entando.entando.ent.util.EntLogging$EntLogger info
INFO: + [ Component: entando-portal-ui ] :: DATA
|   
Jul 02, 2021 2:57:40 PM org.entando.entando.ent.util.EntLogging$EntLogger info
INFO: + [ Component: jpseo ] :: DATA
|   
Jul 02, 2021 2:57:49 PM org.springframework.security.web.DefaultSecurityFilterChain <init>
INFO: Will secure Or [Ant [pattern='/oauth/token'], Ant [pattern='/oauth/token_key'], Ant [pattern='/oauth/check_token']] with [org.springframework.security.web.context.request.async.WebAsyncManagerIntegrationFilter@4adfce67, org.springframework.security.web.context.SecurityContextPersistenceFilter@43214c7c, org.springframework.security.web.header.HeaderWriterFilter@784b992a, org.springframework.security.web.authentication.logout.LogoutFilter@5eff99c8, org.springframework.web.filter.CorsFilter@28151aa8, org.springframework.security.web.authentication.www.BasicAuthenticationFilter@6d11b988, org.springframework.security.web.savedrequest.RequestCacheAwareFilter@eaae172, org.springframework.security.web.servletapi.SecurityContextHolderAwareRequestFilter@63e1c0ca, org.springframework.security.web.authentication.AnonymousAuthenticationFilter@22c2613d, org.springframework.security.web.session.SessionManagementFilter@310cd0ec, org.springframework.security.web.access.ExceptionTranslationFilter@78ac33d2, org.springframework.security.web.access.intercept.FilterSecurityInterceptor@36c54e64]
Jul 02, 2021 2:57:49 PM org.springframework.security.web.DefaultSecurityFilterChain <init>
INFO: Will secure any request with [org.springframework.security.web.context.request.async.WebAsyncManagerIntegrationFilter@7e5d84cc, org.springframework.security.web.context.SecurityContextPersistenceFilter@46b04fcc, org.springframework.security.web.header.HeaderWriterFilter@7dbdb768, org.springframework.web.filter.CorsFilter@28151aa8, org.springframework.security.web.authentication.logout.LogoutFilter@7737d88f, org.springframework.security.web.savedrequest.RequestCacheAwareFilter@1127a236, org.springframework.security.web.servletapi.SecurityContextHolderAwareRequestFilter@b5a3bb3, org.springframework.security.web.session.SessionManagementFilter@190872cf, org.springframework.security.web.access.ExceptionTranslationFilter@2f257152]
[INFO] Tests run: 2, Failures: 0, Errors: 0, Skipped: 0, Time elapsed: 44.652 s - in org.entando.entando.aps.******.services.controller.control.SeoRequestValidatorIntegrationTest
[INFO] Running org.entando.entando.plugins.jpseo.aps*****.content.ContentActionIntegrationTest
Jul 02, 2021 2:57:51 PM org.springframework.mock.jndi.SimpleNamingContextBuilder bind
INFO: Static JNDI binding: [java:comp/env/logName] = [/workspace/source/target/test/entando-plugin-jpseo]
Jul 02, 2021 2:57:51 PM org.springframework.mock.jndi.SimpleNamingContextBuilder bind
INFO: Static JNDI binding: [java:comp/env/logFileRotatePattern] = [/workspace/source/target/test/entando-plugin-jpseo_logs/entando-plugin-jpseo-%i.log.gz]
Jul 02, 2021 2:57:51 PM org.springframework.mock.jndi.SimpleNamingContextBuilder bind
INFO: Static JNDI binding: [java:comp/env/logLevel] = [ERROR]
Jul 02, 2021 2:57:51 PM org.springframework.mock.jndi.SimpleNamingContextBuilder bind
INFO: Static JNDI binding: [java:comp/env/logFileSize] = [1048576]
Jul 02, 2021 2:57:51 PM org.springframework.mock.jndi.SimpleNamingContextBuilder bind
INFO: Static JNDI binding: [java:comp/env/logFilesCount] = [10]
Jul 02, 2021 2:57:51 PM org.springframework.mock.jndi.SimpleNamingContextBuilder bind
INFO: Static JNDI binding: [java:comp/env/configVersion] = [test]
Jul 02, 2021 2:57:51 PM org.springframework.mock.jndi.SimpleNamingContextBuilder bind
INFO: Static JNDI binding: [java:comp/env/applicationBaseURL] = [/Entando/]
Jul 02, 2021 2:57:51 PM org.springframework.mock.jndi.SimpleNamingContextBuilder bind
INFO: Static JNDI binding: [java:comp/env/resourceRootURL] = [/Entando/resources/]
Jul 02, 2021 2:57:51 PM org.springframework.mock.jndi.SimpleNamingContextBuilder bind
INFO: Static JNDI binding: [java:comp/env/protectedResourceRootURL] = [/Entando/protected/]
Jul 02, 2021 2:57:51 PM org.springframework.mock.jndi.SimpleNamingContextBuilder bind
INFO: Static JNDI binding: [java:comp/env/resourceDiskRootFolder] = [target/test/resources/]
Jul 02, 2021 2:57:51 PM org.springframework.mock.jndi.SimpleNamingContextBuilder bind
INFO: Static JNDI binding: [java:comp/env/protectedResourceDiskRootFolder] = [target/test/protected/]
Jul 02, 2021 2:57:51 PM org.springframework.mock.jndi.SimpleNamingContextBuilder bind
INFO: Static JNDI binding: [java:comp/env/indexDiskRootFolder] = [target/test/indexdir]
Jul 02, 2021 2:57:51 PM org.springframework.mock.jndi.SimpleNamingContextBuilder bind
INFO: Static JNDI binding: [java:comp/env/portDataSourceClassName] = [org.apache.derby.jdbc.EmbeddedDriver]
Jul 02, 2021 2:57:51 PM org.springframework.mock.jndi.SimpleNamingContextBuilder bind
INFO: Static JNDI binding: [java:comp/env/logActiveFileOutput] = [false]
Jul 02, 2021 2:57:51 PM org.springframework.mock.jndi.SimpleNamingContextBuilder bind
INFO: Static JNDI binding: [java:comp/env/jdbc.servDb.url] = [jdbc:derby:/workspace/source/target/test/db/entando-plugin-jpseotestServ;create=****]
Jul 02, 2021 2:57:51 PM org.springframework.mock.jndi.SimpleNamingContextBuilder bind
INFO: Static JNDI binding: [java:comp/env/servDataSourceClassName] = [org.apache.derby.jdbc.EmbeddedDriver]
Jul 02, 2021 2:57:51 PM org.springframework.mock.jndi.SimpleNamingContextBuilder bind
INFO: Static JNDI binding: [java:comp/env/logFilesCount] = [10]
Jul 02, 2021 2:57:51 PM org.springframework.mock.jndi.SimpleNamingContextBuilder bind
INFO: Static JNDI binding: [java:comp/env/applicationBaseURL] = [/Entando/]
Jul 02, 2021 2:57:51 PM org.springframework.mock.jndi.SimpleNamingContextBuilder bind
INFO: Static JNDI binding: [java:comp/env/jdbc.portDb.password] = [agile]
Jul 02, 2021 2:57:51 PM org.springframework.mock.jndi.SimpleNamingContextBuilder bind
INFO: Static JNDI binding: [java:comp/env/logLevel] = [ERROR]
Jul 02, 2021 2:57:51 PM org.springframework.mock.jndi.SimpleNamingContextBuilder bind
INFO: Static JNDI binding: [java:comp/env/indexDiskRootFolder] = [target/test/indexdir]
Jul 02, 2021 2:57:51 PM org.springframework.mock.jndi.SimpleNamingContextBuilder bind
INFO: Static JNDI binding: [java:comp/env/logFileSize] = [1048576]
Jul 02, 2021 2:57:51 PM org.springframework.mock.jndi.SimpleNamingContextBuilder bind
INFO: Static JNDI binding: [java:comp/env/resourceDiskRootFolder] = [target/test/resources/]
Jul 02, 2021 2:57:51 PM org.springframework.mock.jndi.SimpleNamingContextBuilder bind
INFO: Static JNDI binding: [java:comp/env/protectedResourceRootURL] = [/Entando/protected/]
Jul 02, 2021 2:57:51 PM org.springframework.mock.jndi.SimpleNamingContextBuilder bind
INFO: Static JNDI binding: [java:comp/env/resourceRootURL] = [/Entando/resources/]
Jul 02, 2021 2:57:51 PM org.springframework.mock.jndi.SimpleNamingContextBuilder bind
INFO: Static JNDI binding: [java:comp/env/configVersion] = [test]
Jul 02, 2021 2:57:51 PM org.springframework.mock.jndi.SimpleNamingContextBuilder bind
INFO: Static JNDI binding: [java:comp/env/jdbc.servDb.beanName] = [servDataSource]
Jul 02, 2021 2:57:51 PM org.springframework.mock.jndi.SimpleNamingContextBuilder bind
INFO: Static JNDI binding: [java:comp/env/jdbc.portDb.url] = [jdbc:derby:/workspace/source/target/test/db/entando-plugin-jpseotestPort;create=****]
Jul 02, 2021 2:57:51 PM org.springframework.mock.jndi.SimpleNamingContextBuilder bind
INFO: Static JNDI binding: [java:comp/env/jdbc.servDb.driverClassName] = [org.apache.derby.jdbc.EmbeddedDriver]
Jul 02, 2021 2:57:51 PM org.springframework.mock.jndi.SimpleNamingContextBuilder bind
INFO: Static JNDI binding: [java:comp/env/protectedResourceDiskRootFolder] = [target/test/protected/]
Jul 02, 2021 2:57:51 PM org.springframework.mock.jndi.SimpleNamingContextBuilder bind
INFO: Static JNDI binding: [java:comp/env/jdbc.portDb.beanName] = [portDataSource]
Jul 02, 2021 2:57:51 PM org.springframework.mock.jndi.SimpleNamingContextBuilder bind
INFO: Static JNDI binding: [java:comp/env/jdbc.servDb.password] = [agile]
Jul 02, 2021 2:57:51 PM org.springframework.mock.jndi.SimpleNamingContextBuilder bind
INFO: Static JNDI binding: [java:comp/env/jdbc.portDb.driverClassName] = [org.apache.derby.jdbc.EmbeddedDriver]
Jul 02, 2021 2:57:51 PM org.springframework.mock.jndi.SimpleNamingContextBuilder bind
INFO: Static JNDI binding: [java:comp/env/jdbc.portDb.username] = [agile]
Jul 02, 2021 2:57:51 PM org.springframework.mock.jndi.SimpleNamingContextBuilder bind
INFO: Static JNDI binding: [java:comp/env/jdbc.servDb.username] = [agile]
Jul 02, 2021 2:57:51 PM org.springframework.mock.jndi.SimpleNamingContextBuilder bind
INFO: Static JNDI binding: [java:comp/env/logName] = [/workspace/source/target/test/entando-plugin-jpseo]
Jul 02, 2021 2:57:51 PM org.springframework.mock.jndi.SimpleNamingContextBuilder bind
INFO: Static JNDI binding: [java:comp/env/logFileRotatePattern] = [/workspace/source/target/test/entando-plugin-jpseo_logs/entando-plugin-jpseo-%i.log.gz]
Jul 02, 2021 2:57:51 PM org.springframework.mock.jndi.SimpleNamingContextBuilder bind
INFO: Static JNDI binding: [java:comp/env/jdbc/servDataSource] = [org.apache.commons.dbcp2.BasicDataSource@c9d7b3f]
Jul 02, 2021 2:57:51 PM org.springframework.mock.jndi.SimpleNamingContextBuilder bind
INFO: Static JNDI binding: [java:comp/env/jdbc/portDataSource] = [org.apache.commons.dbcp2.BasicDataSource@6b63267b]
Jul 02, 2021 2:57:51 PM org.springframework.mock.web.MockServletContext log
INFO: Initializing Spring **** WebApplicationContext
Jul 02, 2021 2:57:51 PM org.springframework.web.context.ContextLoader initWebApplicationContext
INFO: Root WebApplicationContext: initialization started
Jul 02, 2021 2:57:53 PM org.entando.entando.ent.util.EntLogging$EntLogger info
INFO: + [ Component: Core ] :: DATA
|   
Jul 02, 2021 2:57:53 PM org.entando.entando.ent.util.EntLogging$EntLogger info
INFO: + [ Component: jacms ] :: DATA
|   
Jul 02, 2021 2:57:53 PM org.entando.entando.ent.util.EntLogging$EntLogger info
INFO: + [ Component: entando-*****-console ] :: DATA
|   
Jul 02, 2021 2:57:53 PM org.entando.entando.ent.util.EntLogging$EntLogger info
INFO: + [ Component: entando-portal-ui ] :: DATA
|   
Jul 02, 2021 2:57:53 PM org.entando.entando.ent.util.EntLogging$EntLogger info
INFO: + [ Component: jpseo ] :: DATA
|   
Jul 02, 2021 2:57:53 PM org.entando.entando.ent.util.EntLogging$EntLogger info
INFO: + [ Component: Core ] :: DATA
|   
Jul 02, 2021 2:57:53 PM org.entando.entando.ent.util.EntLogging$EntLogger info
INFO: + [ Component: jacms ] :: DATA
|   
Jul 02, 2021 2:57:53 PM org.entando.entando.ent.util.EntLogging$EntLogger info
INFO: + [ Component: entando-*****-console ] :: DATA
|   
Jul 02, 2021 2:57:53 PM org.entando.entando.ent.util.EntLogging$EntLogger info
INFO: + [ Component: entando-portal-ui ] :: DATA
|   
Jul 02, 2021 2:57:53 PM org.entando.entando.ent.util.EntLogging$EntLogger info
INFO: + [ Component: jpseo ] :: DATA
|   
Jul 02, 2021 2:58:03 PM org.springframework.security.web.DefaultSecurityFilterChain <init>
INFO: Will secure Or [Ant [pattern='/oauth/token'], Ant [pattern='/oauth/token_key'], Ant [pattern='/oauth/check_token']] with [org.springframework.security.web.context.request.async.WebAsyncManagerIntegrationFilter@7dbbe32c, org.springframework.security.web.context.SecurityContextPersistenceFilter@2fbaeccb, org.springframework.security.web.header.HeaderWriterFilter@6b34b6e1, org.springframework.security.web.authentication.logout.LogoutFilter@2a82042, org.springframework.web.filter.CorsFilter@29c8b5d6, org.springframework.security.web.authentication.www.BasicAuthenticationFilter@7b621ef7, org.springframework.security.web.savedrequest.RequestCacheAwareFilter@1ceced73, org.springframework.security.web.servletapi.SecurityContextHolderAwareRequestFilter@645deb17, org.springframework.security.web.authentication.AnonymousAuthenticationFilter@26a6ae14, org.springframework.security.web.session.SessionManagementFilter@6081e470, org.springframework.security.web.access.ExceptionTranslationFilter@35b11f79, org.springframework.security.web.access.intercept.FilterSecurityInterceptor@56df08df]
Jul 02, 2021 2:58:03 PM org.springframework.security.web.DefaultSecurityFilterChain <init>
INFO: Will secure any request with [org.springframework.security.web.context.request.async.WebAsyncManagerIntegrationFilter@5ab8d376, org.springframework.security.web.context.SecurityContextPersistenceFilter@2021633d, org.springframework.security.web.header.HeaderWriterFilter@3f8a48fe, org.springframework.web.filter.CorsFilter@29c8b5d6, org.springframework.security.web.authentication.logout.LogoutFilter@26cbccab, org.springframework.security.web.savedrequest.RequestCacheAwareFilter@59ed6369, org.springframework.security.web.servletapi.SecurityContextHolderAwareRequestFilter@7fbc4e79, org.springframework.security.web.session.SessionManagementFilter@7a1c5bbe, org.springframework.security.web.access.ExceptionTranslationFilter@f69599f]
Jul 02, 2021 2:58:03 PM org.springframework.web.context.ContextLoader initWebApplicationContext
INFO: Root WebApplicationContext initialized in 12003 ms
Jul 02, 2021 2:58:05 PM org.entando.entando.ent.util.EntLogging$EntLogger info
INFO: + [ Component: Core ] :: DATA
|   
Jul 02, 2021 2:58:05 PM org.entando.entando.ent.util.EntLogging$EntLogger info
INFO: + [ Component: jacms ] :: DATA
|   
Jul 02, 2021 2:58:05 PM org.entando.entando.ent.util.EntLogging$EntLogger info
INFO: + [ Component: entando-*****-console ] :: DATA
|   
Jul 02, 2021 2:58:05 PM org.entando.entando.ent.util.EntLogging$EntLogger info
INFO: + [ Component: entando-portal-ui ] :: DATA
|   
Jul 02, 2021 2:58:05 PM org.entando.entando.ent.util.EntLogging$EntLogger info
INFO: + [ Component: jpseo ] :: DATA
|   
Jul 02, 2021 2:58:05 PM org.entando.entando.ent.util.EntLogging$EntLogger info
INFO: + [ Component: Core ] :: DATA
|   
Jul 02, 2021 2:58:05 PM org.entando.entando.ent.util.EntLogging$EntLogger info
INFO: + [ Component: jacms ] :: DATA
|   
Jul 02, 2021 2:58:05 PM org.entando.entando.ent.util.EntLogging$EntLogger info
INFO: + [ Component: entando-*****-console ] :: DATA
|   
Jul 02, 2021 2:58:05 PM org.entando.entando.ent.util.EntLogging$EntLogger info
INFO: + [ Component: entando-portal-ui ] :: DATA
|   
Jul 02, 2021 2:58:05 PM org.entando.entando.ent.util.EntLogging$EntLogger info
INFO: + [ Component: jpseo ] :: DATA
|   
Jul 02, 2021 2:58:14 PM org.springframework.security.web.DefaultSecurityFilterChain <init>
INFO: Will secure Or [Ant [pattern='/oauth/token'], Ant [pattern='/oauth/token_key'], Ant [pattern='/oauth/check_token']] with [org.springframework.security.web.context.request.async.WebAsyncManagerIntegrationFilter@50448dc0, org.springframework.security.web.context.SecurityContextPersistenceFilter@3d80805f, org.springframework.security.web.header.HeaderWriterFilter@2a16160, org.springframework.security.web.authentication.logout.LogoutFilter@770e3511, org.springframework.web.filter.CorsFilter@601dd353, org.springframework.security.web.authentication.www.BasicAuthenticationFilter@55b91493, org.springframework.security.web.savedrequest.RequestCacheAwareFilter@4d1a00f7, org.springframework.security.web.servletapi.SecurityContextHolderAwareRequestFilter@12ee109e, org.springframework.security.web.authentication.AnonymousAuthenticationFilter@7773764d, org.springframework.security.web.session.SessionManagementFilter@5f750db4, org.springframework.security.web.access.ExceptionTranslationFilter@7a9d35d7, org.springframework.security.web.access.intercept.FilterSecurityInterceptor@4a446d78]
Jul 02, 2021 2:58:14 PM org.springframework.security.web.DefaultSecurityFilterChain <init>
INFO: Will secure any request with [org.springframework.security.web.context.request.async.WebAsyncManagerIntegrationFilter@6a55ce08, org.springframework.security.web.context.SecurityContextPersistenceFilter@6180c693, org.springframework.security.web.header.HeaderWriterFilter@7d9a5558, org.springframework.web.filter.CorsFilter@601dd353, org.springframework.security.web.authentication.logout.LogoutFilter@21c6db6e, org.springframework.security.web.savedrequest.RequestCacheAwareFilter@66450d8c, org.springframework.security.web.servletapi.SecurityContextHolderAwareRequestFilter@5eef1c69, org.springframework.security.web.session.SessionManagementFilter@74d2f292, org.springframework.security.web.access.ExceptionTranslationFilter@54f7f01d]
[INFO ] 2021-07-02 14:58:15.814 [main] SpringObjectFactory - Setting autowire strategy to name
[INFO ] 2021-07-02 14:58:16.534 [main] SpringObjectFactory - Setting autowire strategy to name
Jul 02, 2021 2:58:16 PM org.entando.entando.ent.util.EntLogging$EntLogger warn
WARNING: Unrecognized location of resource '/workspace/source/target/classes/org/entando/entando/plugins/jpseo/aps*****/global-messages_en.properties'
Jul 02, 2021 2:58:16 PM org.entando.entando.ent.util.EntLogging$EntLogger warn
WARNING: Unrecognized location of resource '/workspace/source/target/classes/org/entando/entando/plugins/jpseo/aps*****/global-messages_it.properties'
Jul 02, 2021 2:58:16 PM org.entando.entando.ent.util.EntLogging$EntLogger warn
WARNING: Unrecognized location of resource 'file:/home/jenkins/.mvnrepository/org/entando/entando/plugins/entando-plugin-jacms/6.3.33/entando-plugin-jacms-6.3.33-classes.jar!/org/entando/entando/plugins/jacms/aps*****/global-messages_en.properties'
Jul 02, 2021 2:58:16 PM org.entando.entando.ent.util.EntLogging$EntLogger warn
WARNING: Unrecognized location of resource 'file:/home/jenkins/.mvnrepository/org/entando/entando/plugins/entando-plugin-jacms/6.3.33/entando-plugin-jacms-6.3.33-classes.jar!/org/entando/entando/plugins/jacms/aps*****/global-messages_it.properties'
Jul 02, 2021 2:58:16 PM org.entando.entando.ent.util.EntLogging$EntLogger warn
WARNING: Unrecognized location of resource 'file:/home/jenkins/.mvnrepository/org/entando/entando/plugins/entando-plugin-jacms/6.3.33/entando-plugin-jacms-6.3.33-classes.jar!/com/agiletec/plugins/jacms/aps*****/global-messages_en.properties'
Jul 02, 2021 2:58:16 PM org.entando.entando.ent.util.EntLogging$EntLogger warn
WARNING: Unrecognized location of resource 'file:/home/jenkins/.mvnrepository/org/entando/entando/plugins/entando-plugin-jacms/6.3.33/entando-plugin-jacms-6.3.33-classes.jar!/com/agiletec/plugins/jacms/aps*****/global-messages_it.properties'
Jul 02, 2021 2:58:19 PM org.entando.entando.ent.util.EntLogging$EntLogger info
INFO: Saving content ART202 - Description: 'Il titolo' - User: *****
[INFO] Tests run: 1, Failures: 0, Errors: 0, Skipped: 0, Time elapsed: 28.019 s - in org.entando.entando.plugins.jpseo.aps*****.content.ContentActionIntegrationTest
[INFO] Running org.entando.entando.plugins.jpseo.aps*****.portal.PageSettingsActionAspectTest
Jul 02, 2021 2:58:21 PM org.entando.entando.ent.util.EntLogging$EntLogger error
SEVERE: error updating page settings for seo
org.entando.entando.ent.exception.EntException

[INFO] Tests run: 8, Failures: 0, Errors: 0, Skipped: 0, Time elapsed: 1.624 s - in org.entando.entando.plugins.jpseo.aps*****.portal.PageSettingsActionAspectTest
[INFO] Running org.entando.entando.plugins.jpseo.aps*****.portal.PageActionIntegrationTest
[INFO ] 2021-07-02 14:58:21.569 [main] SpringObjectFactory - Setting autowire strategy to name
[INFO ] 2021-07-02 14:58:23.241 [main] SpringObjectFactory - Setting autowire strategy to name
[INFO] Tests run: 10, Failures: 0, Errors: 0, Skipped: 0, Time elapsed: 6.7 s - in org.entando.entando.plugins.jpseo.aps*****.portal.PageActionIntegrationTest
[INFO] Running org.entando.entando.plugins.jpseo.aps*****.portal.PageSettingsActionIntegrationTest
[INFO ] 2021-07-02 14:58:28.207 [main] SpringObjectFactory - Setting autowire strategy to name
[INFO] Tests run: 5, Failures: 0, Errors: 0, Skipped: 0, Time elapsed: 1.249 s - in org.entando.entando.plugins.jpseo.aps*****.portal.PageSettingsActionIntegrationTest
[INFO] Running org.entando.entando.plugins.jpseo.aps.tags.CurrentPageTagTest
[INFO] Tests run: 1, Failures: 0, Errors: 0, Skipped: 0, Time elapsed: 0.058 s - in org.entando.entando.plugins.jpseo.aps.tags.CurrentPageTagTest
[INFO] Running org.entando.entando.plugins.jpseo.aps.******.services.metatag.MetatagCatalogueIntegrationTest
Jul 02, 2021 2:58:29 PM org.springframework.mock.jndi.SimpleNamingContextBuilder bind
INFO: Static JNDI binding: [java:comp/env/logName] = [/workspace/source/target/test/entando-plugin-jpseo]
Jul 02, 2021 2:58:29 PM org.springframework.mock.jndi.SimpleNamingContextBuilder bind
INFO: Static JNDI binding: [java:comp/env/logFileRotatePattern] = [/workspace/source/target/test/entando-plugin-jpseo_logs/entando-plugin-jpseo-%i.log.gz]
Jul 02, 2021 2:58:29 PM org.springframework.mock.jndi.SimpleNamingContextBuilder bind
INFO: Static JNDI binding: [java:comp/env/logLevel] = [ERROR]
Jul 02, 2021 2:58:29 PM org.springframework.mock.jndi.SimpleNamingContextBuilder bind
INFO: Static JNDI binding: [java:comp/env/logFileSize] = [1048576]
Jul 02, 2021 2:58:29 PM org.springframework.mock.jndi.SimpleNamingContextBuilder bind
INFO: Static JNDI binding: [java:comp/env/logFilesCount] = [10]
Jul 02, 2021 2:58:29 PM org.springframework.mock.jndi.SimpleNamingContextBuilder bind
INFO: Static JNDI binding: [java:comp/env/configVersion] = [test]
Jul 02, 2021 2:58:29 PM org.springframework.mock.jndi.SimpleNamingContextBuilder bind
INFO: Static JNDI binding: [java:comp/env/applicationBaseURL] = [/Entando/]
Jul 02, 2021 2:58:29 PM org.springframework.mock.jndi.SimpleNamingContextBuilder bind
INFO: Static JNDI binding: [java:comp/env/resourceRootURL] = [/Entando/resources/]
Jul 02, 2021 2:58:29 PM org.springframework.mock.jndi.SimpleNamingContextBuilder bind
INFO: Static JNDI binding: [java:comp/env/protectedResourceRootURL] = [/Entando/protected/]
Jul 02, 2021 2:58:29 PM org.springframework.mock.jndi.SimpleNamingContextBuilder bind
INFO: Static JNDI binding: [java:comp/env/resourceDiskRootFolder] = [target/test/resources/]
Jul 02, 2021 2:58:29 PM org.springframework.mock.jndi.SimpleNamingContextBuilder bind
INFO: Static JNDI binding: [java:comp/env/protectedResourceDiskRootFolder] = [target/test/protected/]
Jul 02, 2021 2:58:29 PM org.springframework.mock.jndi.SimpleNamingContextBuilder bind
INFO: Static JNDI binding: [java:comp/env/indexDiskRootFolder] = [target/test/indexdir]
Jul 02, 2021 2:58:29 PM org.springframework.mock.jndi.SimpleNamingContextBuilder bind
INFO: Static JNDI binding: [java:comp/env/portDataSourceClassName] = [org.apache.derby.jdbc.EmbeddedDriver]
Jul 02, 2021 2:58:29 PM org.springframework.mock.jndi.SimpleNamingContextBuilder bind
INFO: Static JNDI binding: [java:comp/env/logActiveFileOutput] = [false]
Jul 02, 2021 2:58:29 PM org.springframework.mock.jndi.SimpleNamingContextBuilder bind
INFO: Static JNDI binding: [java:comp/env/jdbc.servDb.url] = [jdbc:derby:/workspace/source/target/test/db/entando-plugin-jpseotestServ;create=****]
Jul 02, 2021 2:58:29 PM org.springframework.mock.jndi.SimpleNamingContextBuilder bind
INFO: Static JNDI binding: [java:comp/env/servDataSourceClassName] = [org.apache.derby.jdbc.EmbeddedDriver]
Jul 02, 2021 2:58:29 PM org.springframework.mock.jndi.SimpleNamingContextBuilder bind
INFO: Static JNDI binding: [java:comp/env/logFilesCount] = [10]
Jul 02, 2021 2:58:29 PM org.springframework.mock.jndi.SimpleNamingContextBuilder bind
INFO: Static JNDI binding: [java:comp/env/applicationBaseURL] = [/Entando/]
Jul 02, 2021 2:58:29 PM org.springframework.mock.jndi.SimpleNamingContextBuilder bind
INFO: Static JNDI binding: [java:comp/env/jdbc.portDb.password] = [agile]
Jul 02, 2021 2:58:29 PM org.springframework.mock.jndi.SimpleNamingContextBuilder bind
INFO: Static JNDI binding: [java:comp/env/logLevel] = [ERROR]
Jul 02, 2021 2:58:29 PM org.springframework.mock.jndi.SimpleNamingContextBuilder bind
INFO: Static JNDI binding: [java:comp/env/indexDiskRootFolder] = [target/test/indexdir]
Jul 02, 2021 2:58:29 PM org.springframework.mock.jndi.SimpleNamingContextBuilder bind
INFO: Static JNDI binding: [java:comp/env/logFileSize] = [1048576]
Jul 02, 2021 2:58:29 PM org.springframework.mock.jndi.SimpleNamingContextBuilder bind
INFO: Static JNDI binding: [java:comp/env/resourceDiskRootFolder] = [target/test/resources/]
Jul 02, 2021 2:58:29 PM org.springframework.mock.jndi.SimpleNamingContextBuilder bind
INFO: Static JNDI binding: [java:comp/env/protectedResourceRootURL] = [/Entando/protected/]
Jul 02, 2021 2:58:29 PM org.springframework.mock.jndi.SimpleNamingContextBuilder bind
INFO: Static JNDI binding: [java:comp/env/resourceRootURL] = [/Entando/resources/]
Jul 02, 2021 2:58:29 PM org.springframework.mock.jndi.SimpleNamingContextBuilder bind
INFO: Static JNDI binding: [java:comp/env/configVersion] = [test]
Jul 02, 2021 2:58:29 PM org.springframework.mock.jndi.SimpleNamingContextBuilder bind
INFO: Static JNDI binding: [java:comp/env/jdbc.servDb.beanName] = [servDataSource]
Jul 02, 2021 2:58:29 PM org.springframework.mock.jndi.SimpleNamingContextBuilder bind
INFO: Static JNDI binding: [java:comp/env/jdbc.portDb.url] = [jdbc:derby:/workspace/source/target/test/db/entando-plugin-jpseotestPort;create=****]
Jul 02, 2021 2:58:29 PM org.springframework.mock.jndi.SimpleNamingContextBuilder bind
INFO: Static JNDI binding: [java:comp/env/jdbc.servDb.driverClassName] = [org.apache.derby.jdbc.EmbeddedDriver]
Jul 02, 2021 2:58:29 PM org.springframework.mock.jndi.SimpleNamingContextBuilder bind
INFO: Static JNDI binding: [java:comp/env/protectedResourceDiskRootFolder] = [target/test/protected/]
Jul 02, 2021 2:58:29 PM org.springframework.mock.jndi.SimpleNamingContextBuilder bind
INFO: Static JNDI binding: [java:comp/env/jdbc.portDb.beanName] = [portDataSource]
Jul 02, 2021 2:58:29 PM org.springframework.mock.jndi.SimpleNamingContextBuilder bind
INFO: Static JNDI binding: [java:comp/env/jdbc.servDb.password] = [agile]
Jul 02, 2021 2:58:29 PM org.springframework.mock.jndi.SimpleNamingContextBuilder bind
INFO: Static JNDI binding: [java:comp/env/jdbc.portDb.driverClassName] = [org.apache.derby.jdbc.EmbeddedDriver]
Jul 02, 2021 2:58:29 PM org.springframework.mock.jndi.SimpleNamingContextBuilder bind
INFO: Static JNDI binding: [java:comp/env/jdbc.portDb.username] = [agile]
Jul 02, 2021 2:58:29 PM org.springframework.mock.jndi.SimpleNamingContextBuilder bind
INFO: Static JNDI binding: [java:comp/env/jdbc.servDb.username] = [agile]
Jul 02, 2021 2:58:29 PM org.springframework.mock.jndi.SimpleNamingContextBuilder bind
INFO: Static JNDI binding: [java:comp/env/logName] = [/workspace/source/target/test/entando-plugin-jpseo]
Jul 02, 2021 2:58:29 PM org.springframework.mock.jndi.SimpleNamingContextBuilder bind
INFO: Static JNDI binding: [java:comp/env/logFileRotatePattern] = [/workspace/source/target/test/entando-plugin-jpseo_logs/entando-plugin-jpseo-%i.log.gz]
Jul 02, 2021 2:58:29 PM org.springframework.mock.jndi.SimpleNamingContextBuilder bind
INFO: Static JNDI binding: [java:comp/env/jdbc/servDataSource] = [org.apache.commons.dbcp2.BasicDataSource@4baf9e47]
Jul 02, 2021 2:58:29 PM org.springframework.mock.jndi.SimpleNamingContextBuilder bind
INFO: Static JNDI binding: [java:comp/env/jdbc/portDataSource] = [org.apache.commons.dbcp2.BasicDataSource@4d20da8b]
Jul 02, 2021 2:58:29 PM org.springframework.mock.web.MockServletContext log
INFO: Initializing Spring **** WebApplicationContext
Jul 02, 2021 2:58:29 PM org.springframework.web.context.ContextLoader initWebApplicationContext
INFO: Root WebApplicationContext: initialization started
Jul 02, 2021 2:58:31 PM org.entando.entando.ent.util.EntLogging$EntLogger info
INFO: + [ Component: Core ] :: DATA
|   
Jul 02, 2021 2:58:31 PM org.entando.entando.ent.util.EntLogging$EntLogger info
INFO: + [ Component: jacms ] :: DATA
|   
Jul 02, 2021 2:58:31 PM org.entando.entando.ent.util.EntLogging$EntLogger info
INFO: + [ Component: entando-*****-console ] :: DATA
|   
Jul 02, 2021 2:58:31 PM org.entando.entando.ent.util.EntLogging$EntLogger info
INFO: + [ Component: entando-portal-ui ] :: DATA
|   
Jul 02, 2021 2:58:31 PM org.entando.entando.ent.util.EntLogging$EntLogger info
INFO: + [ Component: jpseo ] :: DATA
|   
Jul 02, 2021 2:58:31 PM org.entando.entando.ent.util.EntLogging$EntLogger info
INFO: + [ Component: Core ] :: DATA
|   
Jul 02, 2021 2:58:31 PM org.entando.entando.ent.util.EntLogging$EntLogger info
INFO: + [ Component: jacms ] :: DATA
|   
Jul 02, 2021 2:58:31 PM org.entando.entando.ent.util.EntLogging$EntLogger info
INFO: + [ Component: entando-*****-console ] :: DATA
|   
Jul 02, 2021 2:58:31 PM org.entando.entando.ent.util.EntLogging$EntLogger info
INFO: + [ Component: entando-portal-ui ] :: DATA
|   
Jul 02, 2021 2:58:31 PM org.entando.entando.ent.util.EntLogging$EntLogger info
INFO: + [ Component: jpseo ] :: DATA
|   
Jul 02, 2021 2:58:40 PM org.springframework.security.web.DefaultSecurityFilterChain <init>
INFO: Will secure Or [Ant [pattern='/oauth/token'], Ant [pattern='/oauth/token_key'], Ant [pattern='/oauth/check_token']] with [org.springframework.security.web.context.request.async.WebAsyncManagerIntegrationFilter@4be18f84, org.springframework.security.web.context.SecurityContextPersistenceFilter@42bd1878, org.springframework.security.web.header.HeaderWriterFilter@12152074, org.springframework.security.web.authentication.logout.LogoutFilter@46322af7, org.springframework.web.filter.CorsFilter@7f554853, org.springframework.security.web.authentication.www.BasicAuthenticationFilter@439d3264, org.springframework.security.web.savedrequest.RequestCacheAwareFilter@1db07ee7, org.springframework.security.web.servletapi.SecurityContextHolderAwareRequestFilter@71c3e3de, org.springframework.security.web.authentication.AnonymousAuthenticationFilter@3006edfe, org.springframework.security.web.session.SessionManagementFilter@15a348cd, org.springframework.security.web.access.ExceptionTranslationFilter@7460026c, org.springframework.security.web.access.intercept.FilterSecurityInterceptor@7b9677c9]
Jul 02, 2021 2:58:40 PM org.springframework.security.web.DefaultSecurityFilterChain <init>
INFO: Will secure any request with [org.springframework.security.web.context.request.async.WebAsyncManagerIntegrationFilter@1d07124d, org.springframework.security.web.context.SecurityContextPersistenceFilter@66cf61f6, org.springframework.security.web.header.HeaderWriterFilter@128fecd5, org.springframework.web.filter.CorsFilter@7f554853, org.springframework.security.web.authentication.logout.LogoutFilter@44b77cae, org.springframework.security.web.savedrequest.RequestCacheAwareFilter@257629dc, org.springframework.security.web.servletapi.SecurityContextHolderAwareRequestFilter@6da5762f, org.springframework.security.web.session.SessionManagementFilter@23f4c5b8, org.springframework.security.web.access.ExceptionTranslationFilter@77479b8]
Jul 02, 2021 2:58:40 PM org.springframework.web.context.ContextLoader initWebApplicationContext
INFO: Root WebApplicationContext initialized in 11265 ms
Jul 02, 2021 2:58:42 PM org.entando.entando.ent.util.EntLogging$EntLogger info
INFO: + [ Component: Core ] :: DATA
|   
Jul 02, 2021 2:58:42 PM org.entando.entando.ent.util.EntLogging$EntLogger info
INFO: + [ Component: jacms ] :: DATA
|   
Jul 02, 2021 2:58:42 PM org.entando.entando.ent.util.EntLogging$EntLogger info
INFO: + [ Component: entando-*****-console ] :: DATA
|   
Jul 02, 2021 2:58:42 PM org.entando.entando.ent.util.EntLogging$EntLogger info
INFO: + [ Component: entando-portal-ui ] :: DATA
|   
Jul 02, 2021 2:58:42 PM org.entando.entando.ent.util.EntLogging$EntLogger info
INFO: + [ Component: jpseo ] :: DATA
|   
Jul 02, 2021 2:58:42 PM org.entando.entando.ent.util.EntLogging$EntLogger info
INFO: + [ Component: Core ] :: DATA
|   
Jul 02, 2021 2:58:42 PM org.entando.entando.ent.util.EntLogging$EntLogger info
INFO: + [ Component: jacms ] :: DATA
|   
Jul 02, 2021 2:58:42 PM org.entando.entando.ent.util.EntLogging$EntLogger info
INFO: + [ Component: entando-*****-console ] :: DATA
|   
Jul 02, 2021 2:58:42 PM org.entando.entando.ent.util.EntLogging$EntLogger info
INFO: + [ Component: entando-portal-ui ] :: DATA
|   
Jul 02, 2021 2:58:42 PM org.entando.entando.ent.util.EntLogging$EntLogger info
INFO: + [ Component: jpseo ] :: DATA
|   
Jul 02, 2021 2:58:51 PM org.springframework.security.web.DefaultSecurityFilterChain <init>
INFO: Will secure Or [Ant [pattern='/oauth/token'], Ant [pattern='/oauth/token_key'], Ant [pattern='/oauth/check_token']] with [org.springframework.security.web.context.request.async.WebAsyncManagerIntegrationFilter@90e32de, org.springframework.security.web.context.SecurityContextPersistenceFilter@178d59ad, org.springframework.security.web.header.HeaderWriterFilter@5675ae82, org.springframework.security.web.authentication.logout.LogoutFilter@1e7bf2d3, org.springframework.web.filter.CorsFilter@4931ec99, org.springframework.security.web.authentication.www.BasicAuthenticationFilter@3f11a549, org.springframework.security.web.savedrequest.RequestCacheAwareFilter@4af24f7c, org.springframework.security.web.servletapi.SecurityContextHolderAwareRequestFilter@1326f46, org.springframework.security.web.authentication.AnonymousAuthenticationFilter@7037229e, org.springframework.security.web.session.SessionManagementFilter@59d35706, org.springframework.security.web.access.ExceptionTranslationFilter@682b718f, org.springframework.security.web.access.intercept.FilterSecurityInterceptor@66a26d14]
Jul 02, 2021 2:58:51 PM org.springframework.security.web.DefaultSecurityFilterChain <init>
INFO: Will secure any request with [org.springframework.security.web.context.request.async.WebAsyncManagerIntegrationFilter@155ac6fc, org.springframework.security.web.context.SecurityContextPersistenceFilter@69f1019a, org.springframework.security.web.header.HeaderWriterFilter@5ae38d9b, org.springframework.web.filter.CorsFilter@4931ec99, org.springframework.security.web.authentication.logout.LogoutFilter@6af72f78, org.springframework.security.web.savedrequest.RequestCacheAwareFilter@53458bc4, org.springframework.security.web.servletapi.SecurityContextHolderAwareRequestFilter@230b5c4f, org.springframework.security.web.session.SessionManagementFilter@***266e8, org.springframework.security.web.access.ExceptionTranslationFilter@1dd9c7ed]
[INFO] Tests run: 1, Failures: 0, Errors: 0, Skipped: 0, Time elapsed: 22.466 s - in org.entando.entando.plugins.jpseo.aps.******.services.metatag.MetatagCatalogueIntegrationTest
[INFO] Running org.entando.entando.plugins.jpseo.aps.******.services.mapping.SeoMappingManagerIntegrationTest
Jul 02, 2021 2:58:51 PM org.springframework.mock.jndi.SimpleNamingContextBuilder bind
INFO: Static JNDI binding: [java:comp/env/logName] = [/workspace/source/target/test/entando-plugin-jpseo]
Jul 02, 2021 2:58:51 PM org.springframework.mock.jndi.SimpleNamingContextBuilder bind
INFO: Static JNDI binding: [java:comp/env/logFileRotatePattern] = [/workspace/source/target/test/entando-plugin-jpseo_logs/entando-plugin-jpseo-%i.log.gz]
Jul 02, 2021 2:58:51 PM org.springframework.mock.jndi.SimpleNamingContextBuilder bind
INFO: Static JNDI binding: [java:comp/env/logLevel] = [ERROR]
Jul 02, 2021 2:58:51 PM org.springframework.mock.jndi.SimpleNamingContextBuilder bind
INFO: Static JNDI binding: [java:comp/env/logFileSize] = [1048576]
Jul 02, 2021 2:58:51 PM org.springframework.mock.jndi.SimpleNamingContextBuilder bind
INFO: Static JNDI binding: [java:comp/env/logFilesCount] = [10]
Jul 02, 2021 2:58:51 PM org.springframework.mock.jndi.SimpleNamingContextBuilder bind
INFO: Static JNDI binding: [java:comp/env/configVersion] = [test]
Jul 02, 2021 2:58:51 PM org.springframework.mock.jndi.SimpleNamingContextBuilder bind
INFO: Static JNDI binding: [java:comp/env/applicationBaseURL] = [/Entando/]
Jul 02, 2021 2:58:51 PM org.springframework.mock.jndi.SimpleNamingContextBuilder bind
INFO: Static JNDI binding: [java:comp/env/resourceRootURL] = [/Entando/resources/]
Jul 02, 2021 2:58:51 PM org.springframework.mock.jndi.SimpleNamingContextBuilder bind
INFO: Static JNDI binding: [java:comp/env/protectedResourceRootURL] = [/Entando/protected/]
Jul 02, 2021 2:58:51 PM org.springframework.mock.jndi.SimpleNamingContextBuilder bind
INFO: Static JNDI binding: [java:comp/env/resourceDiskRootFolder] = [target/test/resources/]
Jul 02, 2021 2:58:51 PM org.springframework.mock.jndi.SimpleNamingContextBuilder bind
INFO: Static JNDI binding: [java:comp/env/protectedResourceDiskRootFolder] = [target/test/protected/]
Jul 02, 2021 2:58:51 PM org.springframework.mock.jndi.SimpleNamingContextBuilder bind
INFO: Static JNDI binding: [java:comp/env/indexDiskRootFolder] = [target/test/indexdir]
Jul 02, 2021 2:58:51 PM org.springframework.mock.jndi.SimpleNamingContextBuilder bind
INFO: Static JNDI binding: [java:comp/env/portDataSourceClassName] = [org.apache.derby.jdbc.EmbeddedDriver]
Jul 02, 2021 2:58:51 PM org.springframework.mock.jndi.SimpleNamingContextBuilder bind
INFO: Static JNDI binding: [java:comp/env/logActiveFileOutput] = [false]
Jul 02, 2021 2:58:51 PM org.springframework.mock.jndi.SimpleNamingContextBuilder bind
INFO: Static JNDI binding: [java:comp/env/jdbc.servDb.url] = [jdbc:derby:/workspace/source/target/test/db/entando-plugin-jpseotestServ;create=****]
Jul 02, 2021 2:58:51 PM org.springframework.mock.jndi.SimpleNamingContextBuilder bind
INFO: Static JNDI binding: [java:comp/env/servDataSourceClassName] = [org.apache.derby.jdbc.EmbeddedDriver]
Jul 02, 2021 2:58:51 PM org.springframework.mock.jndi.SimpleNamingContextBuilder bind
INFO: Static JNDI binding: [java:comp/env/logFilesCount] = [10]
Jul 02, 2021 2:58:51 PM org.springframework.mock.jndi.SimpleNamingContextBuilder bind
INFO: Static JNDI binding: [java:comp/env/applicationBaseURL] = [/Entando/]
Jul 02, 2021 2:58:51 PM org.springframework.mock.jndi.SimpleNamingContextBuilder bind
INFO: Static JNDI binding: [java:comp/env/jdbc.portDb.password] = [agile]
Jul 02, 2021 2:58:51 PM org.springframework.mock.jndi.SimpleNamingContextBuilder bind
INFO: Static JNDI binding: [java:comp/env/logLevel] = [ERROR]
Jul 02, 2021 2:58:51 PM org.springframework.mock.jndi.SimpleNamingContextBuilder bind
INFO: Static JNDI binding: [java:comp/env/indexDiskRootFolder] = [target/test/indexdir]
Jul 02, 2021 2:58:51 PM org.springframework.mock.jndi.SimpleNamingContextBuilder bind
INFO: Static JNDI binding: [java:comp/env/logFileSize] = [1048576]
Jul 02, 2021 2:58:51 PM org.springframework.mock.jndi.SimpleNamingContextBuilder bind
INFO: Static JNDI binding: [java:comp/env/resourceDiskRootFolder] = [target/test/resources/]
Jul 02, 2021 2:58:51 PM org.springframework.mock.jndi.SimpleNamingContextBuilder bind
INFO: Static JNDI binding: [java:comp/env/protectedResourceRootURL] = [/Entando/protected/]
Jul 02, 2021 2:58:51 PM org.springframework.mock.jndi.SimpleNamingContextBuilder bind
INFO: Static JNDI binding: [java:comp/env/resourceRootURL] = [/Entando/resources/]
Jul 02, 2021 2:58:51 PM org.springframework.mock.jndi.SimpleNamingContextBuilder bind
INFO: Static JNDI binding: [java:comp/env/configVersion] = [test]
Jul 02, 2021 2:58:51 PM org.springframework.mock.jndi.SimpleNamingContextBuilder bind
INFO: Static JNDI binding: [java:comp/env/jdbc.servDb.beanName] = [servDataSource]
Jul 02, 2021 2:58:51 PM org.springframework.mock.jndi.SimpleNamingContextBuilder bind
INFO: Static JNDI binding: [java:comp/env/jdbc.portDb.url] = [jdbc:derby:/workspace/source/target/test/db/entando-plugin-jpseotestPort;create=****]
Jul 02, 2021 2:58:51 PM org.springframework.mock.jndi.SimpleNamingContextBuilder bind
INFO: Static JNDI binding: [java:comp/env/jdbc.servDb.driverClassName] = [org.apache.derby.jdbc.EmbeddedDriver]
Jul 02, 2021 2:58:51 PM org.springframework.mock.jndi.SimpleNamingContextBuilder bind
INFO: Static JNDI binding: [java:comp/env/protectedResourceDiskRootFolder] = [target/test/protected/]
Jul 02, 2021 2:58:51 PM org.springframework.mock.jndi.SimpleNamingContextBuilder bind
INFO: Static JNDI binding: [java:comp/env/jdbc.portDb.beanName] = [portDataSource]
Jul 02, 2021 2:58:51 PM org.springframework.mock.jndi.SimpleNamingContextBuilder bind
INFO: Static JNDI binding: [java:comp/env/jdbc.servDb.password] = [agile]
Jul 02, 2021 2:58:51 PM org.springframework.mock.jndi.SimpleNamingContextBuilder bind
INFO: Static JNDI binding: [java:comp/env/jdbc.portDb.driverClassName] = [org.apache.derby.jdbc.EmbeddedDriver]
Jul 02, 2021 2:58:51 PM org.springframework.mock.jndi.SimpleNamingContextBuilder bind
INFO: Static JNDI binding: [java:comp/env/jdbc.portDb.username] = [agile]
Jul 02, 2021 2:58:51 PM org.springframework.mock.jndi.SimpleNamingContextBuilder bind
INFO: Static JNDI binding: [java:comp/env/jdbc.servDb.username] = [agile]
Jul 02, 2021 2:58:51 PM org.springframework.mock.jndi.SimpleNamingContextBuilder bind
INFO: Static JNDI binding: [java:comp/env/logName] = [/workspace/source/target/test/entando-plugin-jpseo]
Jul 02, 2021 2:58:51 PM org.springframework.mock.jndi.SimpleNamingContextBuilder bind
INFO: Static JNDI binding: [java:comp/env/logFileRotatePattern] = [/workspace/source/target/test/entando-plugin-jpseo_logs/entando-plugin-jpseo-%i.log.gz]
Jul 02, 2021 2:58:51 PM org.springframework.mock.jndi.SimpleNamingContextBuilder bind
INFO: Static JNDI binding: [java:comp/env/jdbc/servDataSource] = [org.apache.commons.dbcp2.BasicDataSource@457f2b4]
Jul 02, 2021 2:58:51 PM org.springframework.mock.jndi.SimpleNamingContextBuilder bind
INFO: Static JNDI binding: [java:comp/env/jdbc/portDataSource] = [org.apache.commons.dbcp2.BasicDataSource@cff35d8]
Jul 02, 2021 2:58:51 PM org.springframework.mock.web.MockServletContext log
INFO: Initializing Spring **** WebApplicationContext
Jul 02, 2021 2:58:51 PM org.springframework.web.context.ContextLoader initWebApplicationContext
INFO: Root WebApplicationContext: initialization started
Jul 02, 2021 2:58:53 PM org.entando.entando.ent.util.EntLogging$EntLogger info
INFO: + [ Component: Core ] :: DATA
|   
Jul 02, 2021 2:58:53 PM org.entando.entando.ent.util.EntLogging$EntLogger info
INFO: + [ Component: jacms ] :: DATA
|   
Jul 02, 2021 2:58:53 PM org.entando.entando.ent.util.EntLogging$EntLogger info
INFO: + [ Component: entando-*****-console ] :: DATA
|   
Jul 02, 2021 2:58:53 PM org.entando.entando.ent.util.EntLogging$EntLogger info
INFO: + [ Component: entando-portal-ui ] :: DATA
|   
Jul 02, 2021 2:58:53 PM org.entando.entando.ent.util.EntLogging$EntLogger info
INFO: + [ Component: jpseo ] :: DATA
|   
Jul 02, 2021 2:58:53 PM org.entando.entando.ent.util.EntLogging$EntLogger info
INFO: + [ Component: Core ] :: DATA
|   
Jul 02, 2021 2:58:53 PM org.entando.entando.ent.util.EntLogging$EntLogger info
INFO: + [ Component: jacms ] :: DATA
|   
Jul 02, 2021 2:58:53 PM org.entando.entando.ent.util.EntLogging$EntLogger info
INFO: + [ Component: entando-*****-console ] :: DATA
|   
Jul 02, 2021 2:58:53 PM org.entando.entando.ent.util.EntLogging$EntLogger info
INFO: + [ Component: entando-portal-ui ] :: DATA
|   
Jul 02, 2021 2:58:53 PM org.entando.entando.ent.util.EntLogging$EntLogger info
INFO: + [ Component: jpseo ] :: DATA
|   
Jul 02, 2021 2:59:03 PM org.springframework.security.web.DefaultSecurityFilterChain <init>
INFO: Will secure Or [Ant [pattern='/oauth/token'], Ant [pattern='/oauth/token_key'], Ant [pattern='/oauth/check_token']] with [org.springframework.security.web.context.request.async.WebAsyncManagerIntegrationFilter@7a51b03c, org.springframework.security.web.context.SecurityContextPersistenceFilter@563d3881, org.springframework.security.web.header.HeaderWriterFilter@51bede92, org.springframework.security.web.authentication.logout.LogoutFilter@3fa7fcf4, org.springframework.web.filter.CorsFilter@b36494d, org.springframework.security.web.authentication.www.BasicAuthenticationFilter@5e7f38f, org.springframework.security.web.savedrequest.RequestCacheAwareFilter@1b7eb9e3, org.springframework.security.web.servletapi.SecurityContextHolderAwareRequestFilter@110269e2, org.springframework.security.web.authentication.AnonymousAuthenticationFilter@4e4f5dd0, org.springframework.security.web.session.SessionManagementFilter@718f8eea, org.springframework.security.web.access.ExceptionTranslationFilter@1a4c20a2, org.springframework.security.web.access.intercept.FilterSecurityInterceptor@26f4553e]
Jul 02, 2021 2:59:03 PM org.springframework.security.web.DefaultSecurityFilterChain <init>
INFO: Will secure any request with [org.springframework.security.web.context.request.async.WebAsyncManagerIntegrationFilter@6add48ce, org.springframework.security.web.context.SecurityContextPersistenceFilter@627e8507, org.springframework.security.web.header.HeaderWriterFilter@6afc40e0, org.springframework.web.filter.CorsFilter@b36494d, org.springframework.security.web.authentication.logout.LogoutFilter@39e89ad0, org.springframework.security.web.savedrequest.RequestCacheAwareFilter@5326eb87, org.springframework.security.web.servletapi.SecurityContextHolderAwareRequestFilter@1c601658, org.springframework.security.web.session.SessionManagementFilter@165b65f4, org.springframework.security.web.access.ExceptionTranslationFilter@d3297c3]
Jul 02, 2021 2:59:03 PM org.springframework.web.context.ContextLoader initWebApplicationContext
INFO: Root WebApplicationContext initialized in 11755 ms
Jul 02, 2021 2:59:05 PM org.entando.entando.ent.util.EntLogging$EntLogger info
INFO: + [ Component: Core ] :: DATA
|   
Jul 02, 2021 2:59:05 PM org.entando.entando.ent.util.EntLogging$EntLogger info
INFO: + [ Component: jacms ] :: DATA
|   
Jul 02, 2021 2:59:05 PM org.entando.entando.ent.util.EntLogging$EntLogger info
INFO: + [ Component: entando-*****-console ] :: DATA
|   
Jul 02, 2021 2:59:05 PM org.entando.entando.ent.util.EntLogging$EntLogger info
INFO: + [ Component: entando-portal-ui ] :: DATA
|   
Jul 02, 2021 2:59:05 PM org.entando.entando.ent.util.EntLogging$EntLogger info
INFO: + [ Component: jpseo ] :: DATA
|   
Jul 02, 2021 2:59:05 PM org.entando.entando.ent.util.EntLogging$EntLogger info
INFO: + [ Component: Core ] :: DATA
|   
Jul 02, 2021 2:59:05 PM org.entando.entando.ent.util.EntLogging$EntLogger info
INFO: + [ Component: jacms ] :: DATA
|   
Jul 02, 2021 2:59:05 PM org.entando.entando.ent.util.EntLogging$EntLogger info
INFO: + [ Component: entando-*****-console ] :: DATA
|   
Jul 02, 2021 2:59:05 PM org.entando.entando.ent.util.EntLogging$EntLogger info
INFO: + [ Component: entando-portal-ui ] :: DATA
|   
Jul 02, 2021 2:59:05 PM org.entando.entando.ent.util.EntLogging$EntLogger info
INFO: + [ Component: jpseo ] :: DATA
|   
Jul 02, 2021 2:59:14 PM org.springframework.security.web.DefaultSecurityFilterChain <init>
INFO: Will secure Or [Ant [pattern='/oauth/token'], Ant [pattern='/oauth/token_key'], Ant [pattern='/oauth/check_token']] with [org.springframework.security.web.context.request.async.WebAsyncManagerIntegrationFilter@364e674a, org.springframework.security.web.context.SecurityContextPersistenceFilter@7d323e6d, org.springframework.security.web.header.HeaderWriterFilter@be27b64, org.springframework.security.web.authentication.logout.LogoutFilter@2cf8f429, org.springframework.web.filter.CorsFilter@310b66a6, org.springframework.security.web.authentication.www.BasicAuthenticationFilter@56353f05, org.springframework.security.web.savedrequest.RequestCacheAwareFilter@67f84ddd, org.springframework.security.web.servletapi.SecurityContextHolderAwareRequestFilter@1eb39bb5, org.springframework.security.web.authentication.AnonymousAuthenticationFilter@2fd2cf1f, org.springframework.security.web.session.SessionManagementFilter@c65a449, org.springframework.security.web.access.ExceptionTranslationFilter@a05fca5, org.springframework.security.web.access.intercept.FilterSecurityInterceptor@734d58f7]
Jul 02, 2021 2:59:14 PM org.springframework.security.web.DefaultSecurityFilterChain <init>
INFO: Will secure any request with [org.springframework.security.web.context.request.async.WebAsyncManagerIntegrationFilter@dd776d5, org.springframework.security.web.context.SecurityContextPersistenceFilter@14f6550e, org.springframework.security.web.header.HeaderWriterFilter@48f763f, org.springframework.web.filter.CorsFilter@310b66a6, org.springframework.security.web.authentication.logout.LogoutFilter@120b9894, org.springframework.security.web.savedrequest.RequestCacheAwareFilter@3b67609d, org.springframework.security.web.servletapi.SecurityContextHolderAwareRequestFilter@4a32ff4e, org.springframework.security.web.session.SessionManagementFilter@71340abc, org.springframework.security.web.access.ExceptionTranslationFilter@775db435]
Jul 02, 2021 2:59:17 PM org.entando.entando.ent.util.EntLogging$EntLogger info
INFO: Content EVN222 with friendly codes [wonders_theater, teatro_delle_meraviglie]
[INFO] Tests run: 3, Failures: 0, Errors: 0, Skipped: 0, Time elapsed: 27.697 s - in org.entando.entando.plugins.jpseo.aps.******.services.mapping.SeoMappingManagerIntegrationTest
[INFO] Running org.entando.entando.plugins.jpseo.aps.******.services.page.SeoPageServiceTest
Jul 02, 2021 2:59:19 PM org.springframework.mock.jndi.SimpleNamingContextBuilder bind
INFO: Static JNDI binding: [java:comp/env/logName] = [/workspace/source/target/test/entando-plugin-jpseo]
Jul 02, 2021 2:59:19 PM org.springframework.mock.jndi.SimpleNamingContextBuilder bind
INFO: Static JNDI binding: [java:comp/env/logFileRotatePattern] = [/workspace/source/target/test/entando-plugin-jpseo_logs/entando-plugin-jpseo-%i.log.gz]
Jul 02, 2021 2:59:19 PM org.springframework.mock.jndi.SimpleNamingContextBuilder bind
INFO: Static JNDI binding: [java:comp/env/logLevel] = [ERROR]
Jul 02, 2021 2:59:19 PM org.springframework.mock.jndi.SimpleNamingContextBuilder bind
INFO: Static JNDI binding: [java:comp/env/logFileSize] = [1048576]
Jul 02, 2021 2:59:19 PM org.springframework.mock.jndi.SimpleNamingContextBuilder bind
INFO: Static JNDI binding: [java:comp/env/logFilesCount] = [10]
Jul 02, 2021 2:59:19 PM org.springframework.mock.jndi.SimpleNamingContextBuilder bind
INFO: Static JNDI binding: [java:comp/env/configVersion] = [test]
Jul 02, 2021 2:59:19 PM org.springframework.mock.jndi.SimpleNamingContextBuilder bind
INFO: Static JNDI binding: [java:comp/env/applicationBaseURL] = [/Entando/]
Jul 02, 2021 2:59:19 PM org.springframework.mock.jndi.SimpleNamingContextBuilder bind
INFO: Static JNDI binding: [java:comp/env/resourceRootURL] = [/Entando/resources/]
Jul 02, 2021 2:59:19 PM org.springframework.mock.jndi.SimpleNamingContextBuilder bind
INFO: Static JNDI binding: [java:comp/env/protectedResourceRootURL] = [/Entando/protected/]
Jul 02, 2021 2:59:19 PM org.springframework.mock.jndi.SimpleNamingContextBuilder bind
INFO: Static JNDI binding: [java:comp/env/resourceDiskRootFolder] = [target/test/resources/]
Jul 02, 2021 2:59:19 PM org.springframework.mock.jndi.SimpleNamingContextBuilder bind
INFO: Static JNDI binding: [java:comp/env/protectedResourceDiskRootFolder] = [target/test/protected/]
Jul 02, 2021 2:59:19 PM org.springframework.mock.jndi.SimpleNamingContextBuilder bind
INFO: Static JNDI binding: [java:comp/env/indexDiskRootFolder] = [target/test/indexdir]
Jul 02, 2021 2:59:19 PM org.springframework.mock.jndi.SimpleNamingContextBuilder bind
INFO: Static JNDI binding: [java:comp/env/portDataSourceClassName] = [org.apache.derby.jdbc.EmbeddedDriver]
Jul 02, 2021 2:59:19 PM org.springframework.mock.jndi.SimpleNamingContextBuilder bind
INFO: Static JNDI binding: [java:comp/env/logActiveFileOutput] = [false]
Jul 02, 2021 2:59:19 PM org.springframework.mock.jndi.SimpleNamingContextBuilder bind
INFO: Static JNDI binding: [java:comp/env/jdbc.servDb.url] = [jdbc:derby:/workspace/source/target/test/db/entando-plugin-jpseotestServ;create=****]
Jul 02, 2021 2:59:19 PM org.springframework.mock.jndi.SimpleNamingContextBuilder bind
INFO: Static JNDI binding: [java:comp/env/servDataSourceClassName] = [org.apache.derby.jdbc.EmbeddedDriver]
Jul 02, 2021 2:59:19 PM org.springframework.mock.jndi.SimpleNamingContextBuilder bind
INFO: Static JNDI binding: [java:comp/env/logFilesCount] = [10]
Jul 02, 2021 2:59:19 PM org.springframework.mock.jndi.SimpleNamingContextBuilder bind
INFO: Static JNDI binding: [java:comp/env/applicationBaseURL] = [/Entando/]
Jul 02, 2021 2:59:19 PM org.springframework.mock.jndi.SimpleNamingContextBuilder bind
INFO: Static JNDI binding: [java:comp/env/jdbc.portDb.password] = [agile]
Jul 02, 2021 2:59:19 PM org.springframework.mock.jndi.SimpleNamingContextBuilder bind
INFO: Static JNDI binding: [java:comp/env/logLevel] = [ERROR]
Jul 02, 2021 2:59:19 PM org.springframework.mock.jndi.SimpleNamingContextBuilder bind
INFO: Static JNDI binding: [java:comp/env/indexDiskRootFolder] = [target/test/indexdir]
Jul 02, 2021 2:59:19 PM org.springframework.mock.jndi.SimpleNamingContextBuilder bind
INFO: Static JNDI binding: [java:comp/env/logFileSize] = [1048576]
Jul 02, 2021 2:59:19 PM org.springframework.mock.jndi.SimpleNamingContextBuilder bind
INFO: Static JNDI binding: [java:comp/env/resourceDiskRootFolder] = [target/test/resources/]
Jul 02, 2021 2:59:19 PM org.springframework.mock.jndi.SimpleNamingContextBuilder bind
INFO: Static JNDI binding: [java:comp/env/protectedResourceRootURL] = [/Entando/protected/]
Jul 02, 2021 2:59:19 PM org.springframework.mock.jndi.SimpleNamingContextBuilder bind
INFO: Static JNDI binding: [java:comp/env/resourceRootURL] = [/Entando/resources/]
Jul 02, 2021 2:59:19 PM org.springframework.mock.jndi.SimpleNamingContextBuilder bind
INFO: Static JNDI binding: [java:comp/env/configVersion] = [test]
Jul 02, 2021 2:59:19 PM org.springframework.mock.jndi.SimpleNamingContextBuilder bind
INFO: Static JNDI binding: [java:comp/env/jdbc.servDb.beanName] = [servDataSource]
Jul 02, 2021 2:59:19 PM org.springframework.mock.jndi.SimpleNamingContextBuilder bind
INFO: Static JNDI binding: [java:comp/env/jdbc.portDb.url] = [jdbc:derby:/workspace/source/target/test/db/entando-plugin-jpseotestPort;create=****]
Jul 02, 2021 2:59:19 PM org.springframework.mock.jndi.SimpleNamingContextBuilder bind
INFO: Static JNDI binding: [java:comp/env/jdbc.servDb.driverClassName] = [org.apache.derby.jdbc.EmbeddedDriver]
Jul 02, 2021 2:59:19 PM org.springframework.mock.jndi.SimpleNamingContextBuilder bind
INFO: Static JNDI binding: [java:comp/env/protectedResourceDiskRootFolder] = [target/test/protected/]
Jul 02, 2021 2:59:19 PM org.springframework.mock.jndi.SimpleNamingContextBuilder bind
INFO: Static JNDI binding: [java:comp/env/jdbc.portDb.beanName] = [portDataSource]
Jul 02, 2021 2:59:19 PM org.springframework.mock.jndi.SimpleNamingContextBuilder bind
INFO: Static JNDI binding: [java:comp/env/jdbc.servDb.password] = [agile]
Jul 02, 2021 2:59:19 PM org.springframework.mock.jndi.SimpleNamingContextBuilder bind
INFO: Static JNDI binding: [java:comp/env/jdbc.portDb.driverClassName] = [org.apache.derby.jdbc.EmbeddedDriver]
Jul 02, 2021 2:59:19 PM org.springframework.mock.jndi.SimpleNamingContextBuilder bind
INFO: Static JNDI binding: [java:comp/env/jdbc.portDb.username] = [agile]
Jul 02, 2021 2:59:19 PM org.springframework.mock.jndi.SimpleNamingContextBuilder bind
INFO: Static JNDI binding: [java:comp/env/jdbc.servDb.username] = [agile]
Jul 02, 2021 2:59:19 PM org.springframework.mock.jndi.SimpleNamingContextBuilder bind
INFO: Static JNDI binding: [java:comp/env/logName] = [/workspace/source/target/test/entando-plugin-jpseo]
Jul 02, 2021 2:59:19 PM org.springframework.mock.jndi.SimpleNamingContextBuilder bind
INFO: Static JNDI binding: [java:comp/env/logFileRotatePattern] = [/workspace/source/target/test/entando-plugin-jpseo_logs/entando-plugin-jpseo-%i.log.gz]
Jul 02, 2021 2:59:19 PM org.springframework.mock.jndi.SimpleNamingContextBuilder bind
INFO: Static JNDI binding: [java:comp/env/jdbc/servDataSource] = [org.apache.commons.dbcp2.BasicDataSource@7dc33d73]
Jul 02, 2021 2:59:19 PM org.springframework.mock.jndi.SimpleNamingContextBuilder bind
INFO: Static JNDI binding: [java:comp/env/jdbc/portDataSource] = [org.apache.commons.dbcp2.BasicDataSource@c04e35a]
Jul 02, 2021 2:59:19 PM org.springframework.mock.web.MockServletContext log
INFO: Initializing Spring **** WebApplicationContext
Jul 02, 2021 2:59:19 PM org.springframework.web.context.ContextLoader initWebApplicationContext
INFO: Root WebApplicationContext: initialization started
Jul 02, 2021 2:59:21 PM org.entando.entando.ent.util.EntLogging$EntLogger info
INFO: + [ Component: Core ] :: DATA
|   
Jul 02, 2021 2:59:21 PM org.entando.entando.ent.util.EntLogging$EntLogger info
INFO: + [ Component: jacms ] :: DATA
|   
Jul 02, 2021 2:59:21 PM org.entando.entando.ent.util.EntLogging$EntLogger info
INFO: + [ Component: entando-*****-console ] :: DATA
|   
Jul 02, 2021 2:59:21 PM org.entando.entando.ent.util.EntLogging$EntLogger info
INFO: + [ Component: entando-portal-ui ] :: DATA
|   
Jul 02, 2021 2:59:21 PM org.entando.entando.ent.util.EntLogging$EntLogger info
INFO: + [ Component: jpseo ] :: DATA
|   
Jul 02, 2021 2:59:21 PM org.entando.entando.ent.util.EntLogging$EntLogger info
INFO: + [ Component: Core ] :: DATA
|   
Jul 02, 2021 2:59:21 PM org.entando.entando.ent.util.EntLogging$EntLogger info
INFO: + [ Component: jacms ] :: DATA
|   
Jul 02, 2021 2:59:21 PM org.entando.entando.ent.util.EntLogging$EntLogger info
INFO: + [ Component: entando-*****-console ] :: DATA
|   
Jul 02, 2021 2:59:21 PM org.entando.entando.ent.util.EntLogging$EntLogger info
INFO: + [ Component: entando-portal-ui ] :: DATA
|   
Jul 02, 2021 2:59:21 PM org.entando.entando.ent.util.EntLogging$EntLogger info
INFO: + [ Component: jpseo ] :: DATA
|   
Jul 02, 2021 2:59:30 PM org.springframework.security.web.DefaultSecurityFilterChain <init>
INFO: Will secure Or [Ant [pattern='/oauth/token'], Ant [pattern='/oauth/token_key'], Ant [pattern='/oauth/check_token']] with [org.springframework.security.web.context.request.async.WebAsyncManagerIntegrationFilter@75fa6f02, org.springframework.security.web.context.SecurityContextPersistenceFilter@517ec56f, org.springframework.security.web.header.HeaderWriterFilter@47b79575, org.springframework.security.web.authentication.logout.LogoutFilter@49d8c8f7, org.springframework.web.filter.CorsFilter@3d80a5ca, org.springframework.security.web.authentication.www.BasicAuthenticationFilter@f6eecd0, org.springframework.security.web.savedrequest.RequestCacheAwareFilter@70cd5200, org.springframework.security.web.servletapi.SecurityContextHolderAwareRequestFilter@191fee34, org.springframework.security.web.authentication.AnonymousAuthenticationFilter@7e75e0e7, org.springframework.security.web.session.SessionManagementFilter@7a905766, org.springframework.security.web.access.ExceptionTranslationFilter@2ddced2d, org.springframework.security.web.access.intercept.FilterSecurityInterceptor@45732c20]
Jul 02, 2021 2:59:30 PM org.springframework.security.web.DefaultSecurityFilterChain <init>
INFO: Will secure any request with [org.springframework.security.web.context.request.async.WebAsyncManagerIntegrationFilter@7ab01475, org.springframework.security.web.context.SecurityContextPersistenceFilter@117fce04, org.springframework.security.web.header.HeaderWriterFilter@2d248cfb, org.springframework.web.filter.CorsFilter@3d80a5ca, org.springframework.security.web.authentication.logout.LogoutFilter@3e9cffb1, org.springframework.security.web.savedrequest.RequestCacheAwareFilter@44f0f821, org.springframework.security.web.servletapi.SecurityContextHolderAwareRequestFilter@6847f748, org.springframework.security.web.session.SessionManagementFilter@1dcd7e2c, org.springframework.security.web.access.ExceptionTranslationFilter@3f5c5f9f]
Jul 02, 2021 2:59:30 PM org.springframework.web.context.ContextLoader initWebApplicationContext
INFO: Root WebApplicationContext initialized in 11147 ms
Jul 02, 2021 2:59:32 PM org.entando.entando.ent.util.EntLogging$EntLogger info
INFO: + [ Component: Core ] :: DATA
|   
Jul 02, 2021 2:59:32 PM org.entando.entando.ent.util.EntLogging$EntLogger info
INFO: + [ Component: jacms ] :: DATA
|   
Jul 02, 2021 2:59:32 PM org.entando.entando.ent.util.EntLogging$EntLogger info
INFO: + [ Component: entando-*****-console ] :: DATA
|   
Jul 02, 2021 2:59:32 PM org.entando.entando.ent.util.EntLogging$EntLogger info
INFO: + [ Component: entando-portal-ui ] :: DATA
|   
Jul 02, 2021 2:59:32 PM org.entando.entando.ent.util.EntLogging$EntLogger info
INFO: + [ Component: jpseo ] :: DATA
|   
Jul 02, 2021 2:59:32 PM org.entando.entando.ent.util.EntLogging$EntLogger info
INFO: + [ Component: Core ] :: DATA
|   
Jul 02, 2021 2:59:32 PM org.entando.entando.ent.util.EntLogging$EntLogger info
INFO: + [ Component: jacms ] :: DATA
|   
Jul 02, 2021 2:59:32 PM org.entando.entando.ent.util.EntLogging$EntLogger info
INFO: + [ Component: entando-*****-console ] :: DATA
|   
Jul 02, 2021 2:59:32 PM org.entando.entando.ent.util.EntLogging$EntLogger info
INFO: + [ Component: entando-portal-ui ] :: DATA
|   
Jul 02, 2021 2:59:32 PM org.entando.entando.ent.util.EntLogging$EntLogger info
INFO: + [ Component: jpseo ] :: DATA
|   
Jul 02, 2021 2:59:41 PM org.springframework.security.web.DefaultSecurityFilterChain <init>
INFO: Will secure Or [Ant [pattern='/oauth/token'], Ant [pattern='/oauth/token_key'], Ant [pattern='/oauth/check_token']] with [org.springframework.security.web.context.request.async.WebAsyncManagerIntegrationFilter@1e9f5e6e, org.springframework.security.web.context.SecurityContextPersistenceFilter@5da32522, org.springframework.security.web.header.HeaderWriterFilter@694c96b1, org.springframework.security.web.authentication.logout.LogoutFilter@7e38857d, org.springframework.web.filter.CorsFilter@3de19230, org.springframework.security.web.authentication.www.BasicAuthenticationFilter@5c57e1c1, org.springframework.security.web.savedrequest.RequestCacheAwareFilter@7c8a7b6e, org.springframework.security.web.servletapi.SecurityContextHolderAwareRequestFilter@53c405a1, org.springframework.security.web.authentication.AnonymousAuthenticationFilter@6c64ffee, org.springframework.security.web.session.SessionManagementFilter@36ac10f8, org.springframework.security.web.access.ExceptionTranslationFilter@1f988eb3, org.springframework.security.web.access.intercept.FilterSecurityInterceptor@7eebbf4b]
Jul 02, 2021 2:59:41 PM org.springframework.security.web.DefaultSecurityFilterChain <init>
INFO: Will secure any request with [org.springframework.security.web.context.request.async.WebAsyncManagerIntegrationFilter@44d5837, org.springframework.security.web.context.SecurityContextPersistenceFilter@1adf2eb9, org.springframework.security.web.header.HeaderWriterFilter@49d2f073, org.springframework.web.filter.CorsFilter@3de19230, org.springframework.security.web.authentication.logout.LogoutFilter@7f32b926, org.springframework.security.web.savedrequest.RequestCacheAwareFilter@d7c92d2, org.springframework.security.web.servletapi.SecurityContextHolderAwareRequestFilter@4f85bdd9, org.springframework.security.web.session.SessionManagementFilter@4e3b9b17, org.springframework.security.web.access.ExceptionTranslationFilter@5ba5d834]
[INFO] Tests run: 1, Failures: 0, Errors: 0, Skipped: 0, Time elapsed: 22.64 s - in org.entando.entando.plugins.jpseo.aps.******.services.page.SeoPageServiceTest
[INFO] Running org.entando.entando.plugins.jpseo.web.page.SeoPageControllerTest
[INFO ] 2021-07-02 14:59:42.632 [main] Version - HV000001: Hibernate Validator 6.0.20.Final
Jul 02, 2021 2:59:43 PM org.springframework.mock.web.MockServletContext log
INFO: Initializing Spring TestDispatcherServlet ''
Jul 02, 2021 2:59:43 PM org.springframework.web.servlet.FrameworkServlet initServletBean
INFO: Initializing Servlet ''
Jul 02, 2021 2:59:43 PM org.springframework.web.servlet.FrameworkServlet initServletBean
INFO: Completed initialization in 1 ms
Jul 02, 2021 2:59:43 PM org.springframework.mock.web.MockServletContext log
INFO: Initializing Spring TestDispatcherServlet ''
Jul 02, 2021 2:59:43 PM org.springframework.web.servlet.FrameworkServlet initServletBean
INFO: Initializing Servlet ''
Jul 02, 2021 2:59:43 PM org.springframework.web.servlet.FrameworkServlet initServletBean
INFO: Completed initialization in 0 ms
[INFO] Tests run: 2, Failures: 0, Errors: 0, Skipped: 0, Time elapsed: 1.504 s - in org.entando.entando.plugins.jpseo.web.page.SeoPageControllerTest
[INFO] Running org.entando.entando.plugins.jpseo.web.page.SeoPageControllerIntegrationTest
Jul 02, 2021 2:59:43 PM org.springframework.test.context.support.AbstractTestContextBootstrapper getDefaultTestE**cutionListenerClassNames
INFO: Loaded default TestE**cutionListener class names from location [META-INF/spring.factories]: [org.springframework.test.context.web.ServletTestE**cutionListener, org.springframework.test.context.support.DirtiesContextBeforeModesTestE**cutionListener, org.springframework.test.context.event.ApplicationEventsTestE**cutionListener, org.springframework.test.context.support.DependencyInjectionTestE**cutionListener, org.springframework.test.context.support.DirtiesContextTestE**cutionListener, org.springframework.test.context.transaction.TransactionalTestE**cutionListener, org.springframework.test.context.jdbc.SqlScriptsTestE**cutionListener, org.springframework.test.context.event.EventPublishingTestE**cutionListener]
Jul 02, 2021 2:59:43 PM org.springframework.test.context.support.AbstractTestContextBootstrapper getTestE**cutionListeners
INFO: Using TestE**cutionListeners: [org.springframework.test.context.web.ServletTestE**cutionListener@3c138a09, org.springframework.test.context.support.DirtiesContextBeforeModesTestE**cutionListener@721bfcd6, org.springframework.test.context.event.ApplicationEventsTestE**cutionListener@681836e3, org.springframework.test.context.support.DependencyInjectionTestE**cutionListener@23e96cf1, org.springframework.test.context.support.DirtiesContextTestE**cutionListener@30ae947, org.springframework.test.context.transaction.TransactionalTestE**cutionListener@2e5a48bc, org.springframework.test.context.jdbc.SqlScriptsTestE**cutionListener@75cccba, org.springframework.test.context.event.EventPublishingTestE**cutionListener@6fbab644]
Jul 02, 2021 2:59:43 PM org.springframework.mock.jndi.SimpleNamingContextBuilder bind
INFO: Static JNDI binding: [java:comp/env/logName] = [/workspace/source/target/test/entando-plugin-jpseo]
Jul 02, 2021 2:59:43 PM org.springframework.mock.jndi.SimpleNamingContextBuilder bind
INFO: Static JNDI binding: [java:comp/env/logFileRotatePattern] = [/workspace/source/target/test/entando-plugin-jpseo_logs/entando-plugin-jpseo-%i.log.gz]
Jul 02, 2021 2:59:43 PM org.springframework.mock.jndi.SimpleNamingContextBuilder bind
INFO: Static JNDI binding: [java:comp/env/logLevel] = [ERROR]
Jul 02, 2021 2:59:43 PM org.springframework.mock.jndi.SimpleNamingContextBuilder bind
INFO: Static JNDI binding: [java:comp/env/logFileSize] = [1048576]
Jul 02, 2021 2:59:43 PM org.springframework.mock.jndi.SimpleNamingContextBuilder bind
INFO: Static JNDI binding: [java:comp/env/logFilesCount] = [10]
Jul 02, 2021 2:59:43 PM org.springframework.mock.jndi.SimpleNamingContextBuilder bind
INFO: Static JNDI binding: [java:comp/env/configVersion] = [test]
Jul 02, 2021 2:59:43 PM org.springframework.mock.jndi.SimpleNamingContextBuilder bind
INFO: Static JNDI binding: [java:comp/env/applicationBaseURL] = [/Entando/]
Jul 02, 2021 2:59:43 PM org.springframework.mock.jndi.SimpleNamingContextBuilder bind
INFO: Static JNDI binding: [java:comp/env/resourceRootURL] = [/Entando/resources/]
Jul 02, 2021 2:59:43 PM org.springframework.mock.jndi.SimpleNamingContextBuilder bind
INFO: Static JNDI binding: [java:comp/env/protectedResourceRootURL] = [/Entando/protected/]
Jul 02, 2021 2:59:43 PM org.springframework.mock.jndi.SimpleNamingContextBuilder bind
INFO: Static JNDI binding: [java:comp/env/resourceDiskRootFolder] = [target/test/resources/]
Jul 02, 2021 2:59:43 PM org.springframework.mock.jndi.SimpleNamingContextBuilder bind
INFO: Static JNDI binding: [java:comp/env/protectedResourceDiskRootFolder] = [target/test/protected/]
Jul 02, 2021 2:59:43 PM org.springframework.mock.jndi.SimpleNamingContextBuilder bind
INFO: Static JNDI binding: [java:comp/env/indexDiskRootFolder] = [target/test/indexdir]
Jul 02, 2021 2:59:43 PM org.springframework.mock.jndi.SimpleNamingContextBuilder bind
INFO: Static JNDI binding: [java:comp/env/portDataSourceClassName] = [org.apache.derby.jdbc.EmbeddedDriver]
Jul 02, 2021 2:59:43 PM org.springframework.mock.jndi.SimpleNamingContextBuilder bind
INFO: Static JNDI binding: [java:comp/env/servDataSourceClassName] = [org.apache.derby.jdbc.EmbeddedDriver]
Jul 02, 2021 2:59:43 PM org.springframework.mock.jndi.SimpleNamingContextBuilder bind
INFO: Static JNDI binding: [java:comp/env/portDataSourceClassName] = [org.apache.derby.jdbc.EmbeddedDriver]
Jul 02, 2021 2:59:43 PM org.springframework.mock.jndi.SimpleNamingContextBuilder bind
INFO: Static JNDI binding: [java:comp/env/logActiveFileOutput] = [false]
Jul 02, 2021 2:59:43 PM org.springframework.mock.jndi.SimpleNamingContextBuilder bind
INFO: Static JNDI binding: [java:comp/env/jdbc.servDb.url] = [jdbc:derby:/workspace/source/target/test/db/entando-plugin-jpseotestServ;create=****]
Jul 02, 2021 2:59:43 PM org.springframework.mock.jndi.SimpleNamingContextBuilder bind
INFO: Static JNDI binding: [java:comp/env/servDataSourceClassName] = [org.apache.derby.jdbc.EmbeddedDriver]
Jul 02, 2021 2:59:43 PM org.springframework.mock.jndi.SimpleNamingContextBuilder bind
INFO: Static JNDI binding: [java:comp/env/logFilesCount] = [10]
Jul 02, 2021 2:59:43 PM org.springframework.mock.jndi.SimpleNamingContextBuilder bind
INFO: Static JNDI binding: [java:comp/env/applicationBaseURL] = [/Entando/]
Jul 02, 2021 2:59:43 PM org.springframework.mock.jndi.SimpleNamingContextBuilder bind
INFO: Static JNDI binding: [java:comp/env/jdbc.portDb.password] = [agile]
Jul 02, 2021 2:59:43 PM org.springframework.mock.jndi.SimpleNamingContextBuilder bind
INFO: Static JNDI binding: [java:comp/env/logLevel] = [ERROR]
Jul 02, 2021 2:59:43 PM org.springframework.mock.jndi.SimpleNamingContextBuilder bind
INFO: Static JNDI binding: [java:comp/env/indexDiskRootFolder] = [target/test/indexdir]
Jul 02, 2021 2:59:43 PM org.springframework.mock.jndi.SimpleNamingContextBuilder bind
INFO: Static JNDI binding: [java:comp/env/logFileSize] = [1048576]
Jul 02, 2021 2:59:43 PM org.springframework.mock.jndi.SimpleNamingContextBuilder bind
INFO: Static JNDI binding: [java:comp/env/resourceDiskRootFolder] = [target/test/resources/]
Jul 02, 2021 2:59:43 PM org.springframework.mock.jndi.SimpleNamingContextBuilder bind
INFO: Static JNDI binding: [java:comp/env/protectedResourceRootURL] = [/Entando/protected/]
Jul 02, 2021 2:59:43 PM org.springframework.mock.jndi.SimpleNamingContextBuilder bind
INFO: Static JNDI binding: [java:comp/env/resourceRootURL] = [/Entando/resources/]
Jul 02, 2021 2:59:43 PM org.springframework.mock.jndi.SimpleNamingContextBuilder bind
INFO: Static JNDI binding: [java:comp/env/configVersion] = [test]
Jul 02, 2021 2:59:43 PM org.springframework.mock.jndi.SimpleNamingContextBuilder bind
INFO: Static JNDI binding: [java:comp/env/jdbc.servDb.beanName] = [servDataSource]
Jul 02, 2021 2:59:43 PM org.springframework.mock.jndi.SimpleNamingContextBuilder bind
INFO: Static JNDI binding: [java:comp/env/jdbc.portDb.url] = [jdbc:derby:/workspace/source/target/test/db/entando-plugin-jpseotestPort;create=****]
Jul 02, 2021 2:59:43 PM org.springframework.mock.jndi.SimpleNamingContextBuilder bind
INFO: Static JNDI binding: [java:comp/env/jdbc.servDb.driverClassName] = [org.apache.derby.jdbc.EmbeddedDriver]
Jul 02, 2021 2:59:43 PM org.springframework.mock.jndi.SimpleNamingContextBuilder bind
INFO: Static JNDI binding: [java:comp/env/protectedResourceDiskRootFolder] = [target/test/protected/]
Jul 02, 2021 2:59:43 PM org.springframework.mock.jndi.SimpleNamingContextBuilder bind
INFO: Static JNDI binding: [java:comp/env/jdbc.portDb.beanName] = [portDataSource]
Jul 02, 2021 2:59:43 PM org.springframework.mock.jndi.SimpleNamingContextBuilder bind
INFO: Static JNDI binding: [java:comp/env/jdbc.servDb.password] = [agile]
Jul 02, 2021 2:59:43 PM org.springframework.mock.jndi.SimpleNamingContextBuilder bind
INFO: Static JNDI binding: [java:comp/env/jdbc.portDb.driverClassName] = [org.apache.derby.jdbc.EmbeddedDriver]
Jul 02, 2021 2:59:43 PM org.springframework.mock.jndi.SimpleNamingContextBuilder bind
INFO: Static JNDI binding: [java:comp/env/jdbc.portDb.username] = [agile]
Jul 02, 2021 2:59:43 PM org.springframework.mock.jndi.SimpleNamingContextBuilder bind
INFO: Static JNDI binding: [java:comp/env/jdbc.servDb.username] = [agile]
Jul 02, 2021 2:59:43 PM org.springframework.mock.jndi.SimpleNamingContextBuilder bind
INFO: Static JNDI binding: [java:comp/env/logName] = [/workspace/source/target/test/entando-plugin-jpseo]
Jul 02, 2021 2:59:43 PM org.springframework.mock.jndi.SimpleNamingContextBuilder bind
INFO: Static JNDI binding: [java:comp/env/logFileRotatePattern] = [/workspace/source/target/test/entando-plugin-jpseo_logs/entando-plugin-jpseo-%i.log.gz]
Jul 02, 2021 2:59:43 PM org.springframework.mock.jndi.SimpleNamingContextBuilder bind
INFO: Static JNDI binding: [java:comp/env/jdbc/servDataSource] = [org.apache.commons.dbcp2.BasicDataSource@72fe9657]
Jul 02, 2021 2:59:43 PM org.springframework.mock.jndi.SimpleNamingContextBuilder bind
INFO: Static JNDI binding: [java:comp/env/jdbc/portDataSource] = [org.apache.commons.dbcp2.BasicDataSource@45587b97]
Jul 02, 2021 2:59:43 PM org.springframework.mock.jndi.SimpleNamingContextBuilder activate
INFO: Activating simple JNDI environment
Jul 02, 2021 2:59:46 PM org.entando.entando.ent.util.EntLogging$EntLogger info
INFO: + [ Component: Core ] :: DATA
|   
Jul 02, 2021 2:59:46 PM org.entando.entando.ent.util.EntLogging$EntLogger info
INFO: + [ Component: jacms ] :: DATA
|   
Jul 02, 2021 2:59:46 PM org.entando.entando.ent.util.EntLogging$EntLogger info
INFO: + [ Component: entando-*****-console ] :: DATA
|   
Jul 02, 2021 2:59:46 PM org.entando.entando.ent.util.EntLogging$EntLogger info
INFO: + [ Component: entando-portal-ui ] :: DATA
|   
Jul 02, 2021 2:59:46 PM org.entando.entando.ent.util.EntLogging$EntLogger info
INFO: + [ Component: jpseo ] :: DATA
|   
Jul 02, 2021 2:59:46 PM org.entando.entando.ent.util.EntLogging$EntLogger info
INFO: + [ Component: Core ] :: DATA
|   
Jul 02, 2021 2:59:46 PM org.entando.entando.ent.util.EntLogging$EntLogger info
INFO: + [ Component: jacms ] :: DATA
|   
Jul 02, 2021 2:59:46 PM org.entando.entando.ent.util.EntLogging$EntLogger info
INFO: + [ Component: entando-*****-console ] :: DATA
|   
Jul 02, 2021 2:59:46 PM org.entando.entando.ent.util.EntLogging$EntLogger info
INFO: + [ Component: entando-portal-ui ] :: DATA
|   
Jul 02, 2021 2:59:46 PM org.entando.entando.ent.util.EntLogging$EntLogger info
INFO: + [ Component: jpseo ] :: DATA
|   
Jul 02, 2021 2:59:57 PM org.springframework.security.web.DefaultSecurityFilterChain <init>
INFO: Will secure Or [Ant [pattern='/oauth/token'], Ant [pattern='/oauth/token_key'], Ant [pattern='/oauth/check_token']] with [org.springframework.security.web.context.request.async.WebAsyncManagerIntegrationFilter@5f678217, org.springframework.security.web.context.SecurityContextPersistenceFilter@2c606459, org.springframework.security.web.header.HeaderWriterFilter@4c7e8d1a, org.springframework.security.web.authentication.logout.LogoutFilter@40d9937c, org.springframework.web.filter.CorsFilter@2643bdca, org.springframework.security.web.authentication.www.BasicAuthenticationFilter@2f1a6a18, org.springframework.security.web.savedrequest.RequestCacheAwareFilter@5315cef3, org.springframework.security.web.servletapi.SecurityContextHolderAwareRequestFilter@398b87b4, org.springframework.security.web.authentication.AnonymousAuthenticationFilter@5e2d6d59, org.springframework.security.web.session.SessionManagementFilter@4ae17016, org.springframework.security.web.access.ExceptionTranslationFilter@66be5024, org.springframework.security.web.access.intercept.FilterSecurityInterceptor@45ff584b]
Jul 02, 2021 2:59:57 PM org.springframework.security.web.DefaultSecurityFilterChain <init>
INFO: Will secure any request with [org.springframework.security.web.context.request.async.WebAsyncManagerIntegrationFilter@72dc1104, org.springframework.security.web.context.SecurityContextPersistenceFilter@44776c8a, org.springframework.security.web.header.HeaderWriterFilter@18ddbb4b, org.springframework.web.filter.CorsFilter@2643bdca, org.springframework.security.web.authentication.logout.LogoutFilter@53dc13b6, org.springframework.security.web.savedrequest.RequestCacheAwareFilter@4a4f18ea, org.springframework.security.web.servletapi.SecurityContextHolderAwareRequestFilter@6d5d6489, org.springframework.security.web.session.SessionManagementFilter@4cd8305a, org.springframework.security.web.access.ExceptionTranslationFilter@5c9959bd]
Jul 02, 2021 2:59:57 PM org.springframework.mock.web.MockServletContext log
INFO: Initializing Spring TestDispatcherServlet ''
Jul 02, 2021 2:59:57 PM org.springframework.web.servlet.FrameworkServlet initServletBean
INFO: Initializing Servlet ''
Jul 02, 2021 2:59:57 PM org.springframework.web.servlet.FrameworkServlet initServletBean
INFO: Completed initialization in 1 ms
Jul 02, 2021 2:59:58 PM org.springframework.mock.web.MockServletContext log
INFO: Initializing Spring TestDispatcherServlet ''
Jul 02, 2021 2:59:58 PM org.springframework.web.servlet.FrameworkServlet initServletBean
INFO: Initializing Servlet ''
Jul 02, 2021 2:59:58 PM org.springframework.web.servlet.FrameworkServlet initServletBean
INFO: Completed initialization in 1 ms
Jul 02, 2021 2:59:58 PM org.entando.entando.ent.util.EntLogging$EntLogger error
SEVERE: Invalid friendly Code test_page_2_it
Jul 02, 2021 2:59:58 PM org.springframework.mock.web.MockServletContext log
INFO: Initializing Spring TestDispatcherServlet ''
Jul 02, 2021 2:59:58 PM org.springframework.web.servlet.FrameworkServlet initServletBean
INFO: Initializing Servlet ''
Jul 02, 2021 2:59:58 PM org.springframework.web.servlet.FrameworkServlet initServletBean
INFO: Completed initialization in 1 ms
Jul 02, 2021 2:59:58 PM org.springframework.mock.web.MockServletContext log
INFO: Initializing Spring TestDispatcherServlet ''
Jul 02, 2021 2:59:58 PM org.springframework.web.servlet.FrameworkServlet initServletBean
INFO: Initializing Servlet ''
Jul 02, 2021 2:59:58 PM org.springframework.web.servlet.FrameworkServlet initServletBean
INFO: Completed initialization in 1 ms
Jul 02, 2021 2:59:58 PM org.springframework.mock.web.MockServletContext log
INFO: Initializing Spring TestDispatcherServlet ''
Jul 02, 2021 2:59:58 PM org.springframework.web.servlet.FrameworkServlet initServletBean
INFO: Initializing Servlet ''
Jul 02, 2021 2:59:58 PM org.springframework.web.servlet.FrameworkServlet initServletBean
INFO: Completed initialization in 1 ms
Jul 02, 2021 2:59:58 PM org.springframework.mock.web.MockServletContext log
INFO: Initializing Spring TestDispatcherServlet ''
Jul 02, 2021 2:59:58 PM org.springframework.web.servlet.FrameworkServlet initServletBean
INFO: Initializing Servlet ''
Jul 02, 2021 2:59:58 PM org.springframework.web.servlet.FrameworkServlet initServletBean
INFO: Completed initialization in 2 ms
Jul 02, 2021 2:59:58 PM org.springframework.mock.web.MockServletContext log
INFO: Initializing Spring TestDispatcherServlet ''
Jul 02, 2021 2:59:58 PM org.springframework.web.servlet.FrameworkServlet initServletBean
INFO: Initializing Servlet ''
Jul 02, 2021 2:59:58 PM org.springframework.web.servlet.FrameworkServlet initServletBean
INFO: Completed initialization in 2 ms
Jul 02, 2021 3:00:01 PM org.entando.entando.ent.util.EntLogging$EntLogger error
SEVERE: Invalid friendly Code test_page_2_fc_it
Jul 02, 2021 3:00:01 PM org.entando.entando.ent.util.EntLogging$EntLogger error
SEVERE: Invalid friendly Code test_page_2_fc_en
Jul 02, 2021 3:00:01 PM org.springframework.mock.web.MockServletContext log
INFO: Initializing Spring TestDispatcherServlet ''
Jul 02, 2021 3:00:01 PM org.springframework.web.servlet.FrameworkServlet initServletBean
INFO: Initializing Servlet ''
Jul 02, 2021 3:00:01 PM org.springframework.web.servlet.FrameworkServlet initServletBean
INFO: Completed initialization in 2 ms
Jul 02, 2021 3:00:01 PM org.springframework.mock.web.MockServletContext log
INFO: Initializing Spring TestDispatcherServlet ''
Jul 02, 2021 3:00:01 PM org.springframework.web.servlet.FrameworkServlet initServletBean
INFO: Initializing Servlet ''
Jul 02, 2021 3:00:01 PM org.springframework.web.servlet.FrameworkServlet initServletBean
INFO: Completed initialization in 2 ms
[INFO] Tests run: 9, Failures: 0, Errors: 0, Skipped: 0, Time elapsed: 18.181 s - in org.entando.entando.plugins.jpseo.web.page.SeoPageControllerIntegrationTest
[INFO] 
[INFO] Results:
[INFO] 
[INFO] Tests run: 43, Failures: 0, Errors: 0, Skipped: 0
[INFO] 
[INFO] 
[INFO] --- maven-war-plugin:2.1.1:war (default-war) @ entando-plugin-jpseo ---
[INFO] Packaging webapp
[INFO] Assembling webapp [entando-plugin-jpseo] in [/workspace/source/target/entando-plugin-jpseo-0.0.0-SNAPSHOT-PR-40-7]
[INFO] Processing war project
[INFO] Copying webapp resources [/workspace/source/src/main/webapp]
[INFO] Building jar: /workspace/source/target/entando-plugin-jpseo-0.0.0-SNAPSHOT-PR-40-7/WEB-INF/lib/entando-plugin-jpseo-0.0.0-SNAPSHOT-PR-40-7.jar
[INFO] Webapp assembled in [1835 msecs]
[INFO] Building war: /workspace/source/target/entando-plugin-jpseo-0.0.0-SNAPSHOT-PR-40-7.war
[INFO] 
[INFO] --- maven-assembly-plugin:2.2.1:single (package-classes) @ entando-plugin-jpseo ---
[INFO] Reading assembly descriptor: /workspace/source/src/main/assembly/classes.xml
[INFO] Building jar: /workspace/source/target/entando-plugin-jpseo-0.0.0-SNAPSHOT-PR-40-7-classes.jar
[INFO] 
[INFO] --- maven-jar-plugin:3.2.0:test-jar (build-test-jar) @ entando-plugin-jpseo ---
[INFO] Building jar: /workspace/source/target/entando-plugin-jpseo-0.0.0-SNAPSHOT-PR-40-7-tests.jar
[INFO] 
[INFO] --- maven-javadoc-plugin:3.2.0:jar (attach-javadocs) @ entando-plugin-jpseo ---
[INFO] No previous run data found, generating javadoc.
[INFO] 
1 warning
[WARNING] Javadoc Warnings
[WARNING] /workspace/source/src/main/java/org/entando/entando/plugins/jpseo/aps/tags/ContentTag.java:96: warning - @param argument "publishExtraTitle" is not a parameter name.
[INFO] Building jar: /workspace/source/target/entando-plugin-jpseo-0.0.0-SNAPSHOT-PR-40-7-javadoc.jar
[INFO] 
[INFO] --- maven-surefire-report-plugin:3.0.0-M4:failsafe-report-only (integration-tests) @ entando-plugin-jpseo ---
[INFO] 
[INFO] --- dependency-check-maven:6.1.5:aggregate (default) @ entando-plugin-jpseo ---
[INFO] Checking for updates
[INFO] Skipping NVD check since last check was within 4 hours.
[INFO] Check for updates complete (52 ms)
[INFO] 

Dependency-Check is an open source tool performing a best effort analysis of 3rd party dependencies; false positives and false negatives may exist in the analysis performed by the tool. Use of the tool and the reporting provided constitutes acceptance for use in an AS IS condition, and there are NO warranties, implied or otherwise, with regard to the analysis or its use. Any use of the tool and the reporting provided is at the user’s risk. In no event shall the copyright holder or OWASP be held liable for any damages whatsoever arising out of or in connection with the use of this tool, the analysis performed, or the resulting report.


   About ODC: https://jeremylong.github.io/DependencyCheck/general/internals.html
   False Positives: https://jeremylong.github.io/DependencyCheck/general/suppression.html

💖 Sponsor: https://github.com/sponsors/jeremylong


[INFO] Analysis Started
[INFO] Finished Archive Analyzer (2 seconds)
[INFO] Finished File Name Analyzer (0 seconds)
[INFO] Finished Jar Analyzer (2 seconds)
[ERROR] ----------------------------------------------------
[ERROR] .NET Assembly Analyzer could not be initialized and at least one 'e**' or 'dll' was scanned. The 'dotnet' e**cutable could not be found on the path; either disable the Assembly Analyzer or add the path to dotnet core in the configuration.
[ERROR] ----------------------------------------------------
[INFO] Finished Dependency Merging Analyzer (0 seconds)
[INFO] Finished Version Filter Analyzer (0 seconds)
[INFO] Finished Hint Analyzer (0 seconds)
[INFO] Created CPE Index (2 seconds)
[INFO] Finished CPE Analyzer (6 seconds)
[INFO] Finished False Positive Analyzer (0 seconds)
[INFO] Finished NVD CVE Analyzer (0 seconds)
[INFO] Finished Sonatype OSS Index Analyzer (3 seconds)
[INFO] Finished Vulnerability Suppression Analyzer (0 seconds)
[INFO] Finished Dependency Bundling Analyzer (0 seconds)
[INFO] Analysis Complete (16 seconds)
[INFO] Writing report to: /workspace/source/target/site/dependency-check-junit.xml
[INFO] Writing report to: /workspace/source/target/site/dependency-check-report.xml
[INFO] Writing report to: /workspace/source/target/site/dependency-check-report.html
[INFO] 
[INFO] --- jacoco-maven-plugin:0.8.6:report (report) @ entando-plugin-jpseo ---
[INFO] Loading e**cution data file /workspace/source/target/jacoco.e**c
[INFO] Analyzed bundle 'Entando Plugin: SEO' with 44 classes
[INFO] 
[INFO] --- maven-surefire-report-plugin:3.0.0-M4:report-only (unit-tests) @ entando-plugin-jpseo ---
[WARNING] Unable to locate Test Source XRef to link to - DISABLED
[INFO] 
[INFO] --- maven-install-plugin:2.4:install (default-install) @ entando-plugin-jpseo ---
[INFO] Installing /workspace/source/target/entando-plugin-jpseo-0.0.0-SNAPSHOT-PR-40-7.war to /home/jenkins/.mvnrepository/org/entando/entando/plugins/entando-plugin-jpseo/0.0.0-SNAPSHOT-PR-40-7/entando-plugin-jpseo-0.0.0-SNAPSHOT-PR-40-7.war
[INFO] Installing /workspace/source/pom.xml to /home/jenkins/.mvnrepository/org/entando/entando/plugins/entando-plugin-jpseo/0.0.0-SNAPSHOT-PR-40-7/entando-plugin-jpseo-0.0.0-SNAPSHOT-PR-40-7.pom
[INFO] Installing /workspace/source/target/entando-plugin-jpseo-0.0.0-SNAPSHOT-PR-40-7-classes.jar to /home/jenkins/.mvnrepository/org/entando/entando/plugins/entando-plugin-jpseo/0.0.0-SNAPSHOT-PR-40-7/entando-plugin-jpseo-0.0.0-SNAPSHOT-PR-40-7-classes.jar
[INFO] Installing /workspace/source/target/entando-plugin-jpseo-0.0.0-SNAPSHOT-PR-40-7-tests.jar to /home/jenkins/.mvnrepository/org/entando/entando/plugins/entando-plugin-jpseo/0.0.0-SNAPSHOT-PR-40-7/entando-plugin-jpseo-0.0.0-SNAPSHOT-PR-40-7-tests.jar
[INFO] Installing /workspace/source/target/entando-plugin-jpseo-0.0.0-SNAPSHOT-PR-40-7-javadoc.jar to /home/jenkins/.mvnrepository/org/entando/entando/plugins/entando-plugin-jpseo/0.0.0-SNAPSHOT-PR-40-7/entando-plugin-jpseo-0.0.0-SNAPSHOT-PR-40-7-javadoc.jar
[INFO] 
[INFO] --- maven-deploy-plugin:2.8.2:deploy (default-deploy) @ entando-plugin-jpseo ---
[INFO] Using alternate deployment repository local-nexus::default::http://nexus/repository/maven-releases/
[INFO] 
[INFO] ----------< org.entando.entando.plugins:entando-plugin-jpseo >----------
[INFO] Building Entando Plugin: SEO 0.0.0-SNAPSHOT-PR-40-7
[INFO] --------------------------------[ war ]---------------------------------
[INFO] 
[INFO] --- sonar-maven-plugin:3.9.0.2155:sonar (default-cli) @ entando-plugin-jpseo ---
[INFO] User cache: /****/.sonar/cache
[INFO] SonarQube version: 8.8.0
[INFO] Default locale: "en_US", source code encoding: "UTF-8"
[INFO] Load global settings
[INFO] Load global settings (done) | time=208ms
[INFO] Server id: 1BD809FA-AWHW8ct9-T_TB3XqouNu
[INFO] User cache: /****/.sonar/cache
[INFO] Load/download plugins
[INFO] Load plugins index
[INFO] Load plugins index (done) | time=80ms
[INFO] Load/download plugins (done) | time=26596ms
[INFO] Loaded core extensions: developer-scanner
[INFO] JavaScript/TypeScript frontend is enabled
[INFO] Load project settings for component key: 'entando_entando-plugin-jpseo'
[INFO] Load project settings for component key: 'entando_entando-plugin-jpseo' (done) | time=29ms
[INFO] Process project properties
[INFO] E**cute project builders
[INFO] E**cute project builders (done) | time=2ms
[INFO] Project key: entando_entando-plugin-jpseo
[INFO] Base dir: /workspace/source
[INFO] Working dir: /workspace/source/target/sonar
[INFO] Load project branches
[INFO] Load project branches (done) | time=35ms
[INFO] Check ALM binding of project 'entando_entando-plugin-jpseo'
[INFO] Detected project binding: NOT_BOUND
[INFO] Check ALM binding of project 'entando_entando-plugin-jpseo' (done) | time=19ms
[INFO] Load project pull requests
[INFO] Load project pull requests (done) | time=44ms
[INFO] Load branch configuration
[INFO] Load branch configuration (done) | time=3ms
[INFO] Load quality profiles
[INFO] Load quality profiles (done) | time=71ms
[INFO] Load active rules
[INFO] Load active rules (done) | time=1364ms
[INFO] Organization key: entando
[INFO] Pull request 40 for merge into master from PR-40
[INFO] SCM collecting changed files in the branch
[WARNING] Exception caught during e**cution of command '[/usr/local/git/bin/git, config, --******, --edit]' in '/usr/local/git/bin', return code '128', error message 'fatal: Invalid path '/usr/local/git/etc': No such file or directory
'
[INFO] SCM collecting changed files in the branch (done) | time=477ms
[INFO] Indexing files...
[INFO] Project configuration:
[INFO] 92 files inde**d
[INFO] 0 files ignored because of scm ignore settings
[INFO] Quality profile for css: Sonar way
[INFO] Quality profile for java: Sonar way
[INFO] Quality profile for jsp: Sonar way
[INFO] Quality profile for xml: Sonar way
[INFO] ------------- Run sensors on module Entando Plugin: SEO
[INFO] JavaScript/TypeScript frontend is enabled
[INFO] Load metrics repository
[INFO] Load metrics repository (done) | time=31ms
[INFO] Sensor JavaSensor [java]
[INFO] Configured Java source version (sonar.java.source): 8
[INFO] JavaClasspath initialization
[INFO] JavaClasspath initialization (done) | time=10ms
[INFO] JavaTestClasspath initialization
[INFO] JavaTestClasspath initialization (done) | time=3ms
Jul 02, 2021 3:01:20 PM org.apache.jasper.servlet.TldScanner scanJars
INFO: At least one JAR was scanned for TLDs yet contained no TLDs. Enable debug logging for this logger for a complete list of JARs that were scanned but no TLDs were found in them. Skipping unneeded JARs during scanning can improve startup time and JSP compilation time.
[WARNING] Some JSP pages failed to transpile. Enable debug log for details.
[INFO] Java "Main" source files AST scan
[INFO] 50 source files to be analyzed
[INFO] 13/50 files analyzed, current file: src/main/java/org/entando/entando/plugins/jpseo/aps/tags/ContentTag.java
[INFO] 35/50 files analyzed, current file: src/main/java/org/entando/entando/plugins/jpseo/aps/******/services/page/SeoPageExtraConfigDOM.java
[INFO] 50/50 source files have been analyzed
[INFO] Slowest analyzed files:
    src/main/java/org/entando/entando/plugins/jpseo/aps*****/content/helper/ContentActionHelperAspect.java (3057ms, 5977B)
    src/main/java/org/entando/entando/plugins/jpseo/aps/******/services/mapping/SeoMappingManager.java (2281ms, 13543B)
    src/main/java/org/entando/entando/plugins/jpseo/aps*****/portal/PageActionAspect.java (1848ms, 15655B)
    src/main/java/org/entando/entando/plugins/jpseo/aps/******/services/page/SeoPageExtraConfigDOM.java (1628ms, 17269B)
    src/main/java/org/entando/entando/plugins/jpseo/aps/******/services/page/SeoPageMetadata.java (1398ms, 7652B)
    src/main/java/org/entando/entando/plugins/jpseo/aps/******/services/mapping/cache/SeoMappingCacheWrapper.java (1239ms, 8647B)
    src/main/java/org/entando/entando/plugins/jpseo/aps*****/portal/SeoPageAction.java (1226ms, 5739B)
    src/main/java/org/entando/entando/plugins/jpseo/aps/tags/CurrentPageTag.java (1177ms, 9407B)
[INFO] Java "Main" source files AST scan (done) | time=27282ms
[INFO] Java "Test" source files AST scan
[INFO] 12 source files to be analyzed
[INFO] 12/12 source files have been analyzed
[INFO] Java "Test" source files AST scan (done) | time=3084ms
[INFO] Java "Generated" source files AST scan
[INFO] 5 source files to be analyzed
[INFO] 5/5 source files have been analyzed
[INFO] Java "Generated" source files AST scan (done) | time=3503ms
[INFO] Sensor JavaSensor [java] (done) | time=37207ms
[INFO] Sensor CSS Metrics [cssfamily]
[INFO] Sensor CSS Metrics [cssfamily] (done) | time=24ms
[INFO] Sensor CSS Rules [cssfamily]
[INFO] 1 source file to be analyzed
[INFO] 1/1 source file has been analyzed
[INFO] Sensor CSS Rules [cssfamily] (done) | time=5312ms
[INFO] Sensor C# Project Type Information [csharp]
[INFO] Sensor C# Project Type Information [csharp] (done) | time=3ms
[INFO] Sensor C# Properties [csharp]
[INFO] Sensor C# Properties [csharp] (done) | time=2ms
[INFO] Sensor Import of Checkstyle issues [java]
[WARNING] Checkstyle report not found: /workspace/source/target/checkstyle-result.xml
[INFO] Sensor Import of Checkstyle issues [java] (done) | time=6ms
[INFO] Sensor SurefireSensor [java]
[INFO] parsing [/workspace/source/target/surefire-reports]
[INFO] Sensor SurefireSensor [java] (done) | time=92ms
[INFO] Sensor JavaXmlSensor [java]
[INFO] 6 source files to be analyzed
[INFO] 6/6 source files have been analyzed
[INFO] Sensor JavaXmlSensor [java] (done) | time=246ms
[INFO] Sensor HTML [web]
[INFO] Sensor HTML [web] (done) | time=629ms
[INFO] Sensor XML Sensor [xml]
[INFO] 6 source files to be analyzed
[INFO] 6/6 source files have been analyzed
[INFO] Sensor XML Sensor [xml] (done) | time=524ms
[INFO] Sensor VB.NET Project Type Information [vbnet]
[INFO] Sensor VB.NET Project Type Information [vbnet] (done) | time=3ms
[INFO] Sensor VB.NET Properties [vbnet]
[INFO] Sensor VB.NET Properties [vbnet] (done) | time=2ms
[INFO] Sensor JaCoCo XML Report Importer [jacoco]
[INFO] Importing 1 report(s). Turn your logs in debug mode in order to see the exhaustive list.
[INFO] Sensor JaCoCo XML Report Importer [jacoco] (done) | time=80ms
[INFO] Sensor ThymeLeaf template sensor [securityjavafrontend]
[INFO] Sensor ThymeLeaf template sensor [securityjavafrontend] (done) | time=6ms
[INFO] Sensor JavaSecuritySensor [security]
[INFO] Reading type hierarchy from: /workspace/source/target/sonar/ucfg2/java
[INFO] Read 338 type definitions
[INFO] Reading UCFGs from: /workspace/source/target/sonar/ucfg2/java
[INFO] 15:02:03.913541 Building Runtime Type propagation graph
[INFO] 15:02:04.32284 Running Tarjan on 5383 nodes
[INFO] 15:02:04.344918 Tarjan found 5378 components
[INFO] 15:02:04.376724 Variable type analysis: done
[INFO] 15:02:04.385229 Building Runtime Type propagation graph
[INFO] 15:02:04.443267 Running Tarjan on 5383 nodes
[INFO] 15:02:04.451935 Tarjan found 5378 components
[INFO] 15:02:04.463724 Variable type analysis: done
[INFO] Analyzing 702 ucfgs to detect vulnerabilities.
[INFO] All rules entrypoints : 2 Retained UCFGs : 9
[INFO] rule: S5131, entrypoints: 0
[INFO] rule: S5131 done
[INFO] rule: S3649, entrypoints: 0
[INFO] rule: S3649 done
[INFO] rule: S2076, entrypoints: 0
[INFO] rule: S2076 done
[INFO] rule: S2091, entrypoints: 0
[INFO] rule: S2091 done
[INFO] rule: S2078, entrypoints: 0
[INFO] rule: S2078 done
[INFO] rule: S2631, entrypoints: 0
[INFO] rule: S2631 done
[INFO] rule: S5135, entrypoints: 0
[INFO] rule: S5135 done
[INFO] rule: S2083, entrypoints: 2
[INFO] Running symbolic analysis
[INFO] rule: S2083 done
[INFO] rule: S5167, entrypoints: 0
[INFO] rule: S5167 done
[INFO] rule: S5144, entrypoints: 0
[INFO] rule: S5144 done
[INFO] rule: S5145, entrypoints: 0
[INFO] rule: S5145 done
[INFO] rule: S5146, entrypoints: 0
[INFO] rule: S5146 done
[INFO] rule: S5334, entrypoints: 0
[INFO] rule: S5334 done
[INFO] rule: S6096, entrypoints: 0
[INFO] rule: S6096 done
[INFO] Sensor JavaSecuritySensor [security] (done) | time=11546ms
[INFO] Sensor CSharpSecuritySensor [security]
[INFO] Reading type hierarchy from: /workspace/source/target/ucfg_cs2
[INFO] Read 0 type definitions
[INFO] Reading UCFGs from: /workspace/source/target/ucfg_cs2
[INFO] No UCFGs have been included for analysis.
[INFO] Sensor CSharpSecuritySensor [security] (done) | time=1ms
[INFO] Sensor PhpSecuritySensor [security]
[INFO] Reading type hierarchy from: /workspace/source/target/sonar/ucfg2/php
[INFO] Read 0 type definitions
[INFO] Reading UCFGs from: /workspace/source/target/sonar/ucfg2/php
[INFO] No UCFGs have been included for analysis.
[INFO] Sensor PhpSecuritySensor [security] (done) | time=1ms
[INFO] Sensor PythonSecuritySensor [security]
[INFO] Reading type hierarchy from: /workspace/source/target/sonar/ucfg2/python
[INFO] Read 0 type definitions
[INFO] Reading UCFGs from: /workspace/source/target/sonar/ucfg2/python
[INFO] No UCFGs have been included for analysis.
[INFO] Sensor PythonSecuritySensor [security] (done) | time=1ms
[INFO] Sensor JsSecuritySensor [security]
[INFO] Reading type hierarchy from: /workspace/source/target/sonar/ucfg2/js
[INFO] Read 0 type definitions
[INFO] Reading UCFGs from: /workspace/source/target/sonar/ucfg2/js
[INFO] No UCFGs have been included for analysis.
[INFO] Sensor JsSecuritySensor [security] (done) | time=1ms
[INFO] ------------- Run sensors on project
[INFO] Sensor Zero Coverage Sensor
[INFO] Sensor Zero Coverage Sensor (done) | time=1ms
[INFO] Sensor Java CPD Block Inde**r
[INFO] Sensor Java CPD Block Inde**r (done) | time=155ms
[INFO] SCM Publisher SCM provider for this project is: git
[INFO] SCM Publisher 2 source files to be analyzed
[INFO] SCM Publisher 1/2 source file have been analyzed (done) | time=373ms
[WARNING] Missing blame information for the following files:
[WARNING]   * pom.xml
[WARNING] This may lead to missing/broken features in SonarCloud
[INFO] CPD E**cutor 8 files had no CPD blocks
[INFO] CPD E**cutor Calculating CPD for 49 files
[INFO] CPD E**cutor CPD calculation finished (done) | time=54ms
[INFO] SCM writing changed lines
[INFO] SCM writing changed lines (done) | time=50ms
[INFO] Analysis report generated in 184ms, dir size=283 KB
[INFO] Analysis report compressed in 92ms, zip size=110 KB
[INFO] Analysis report uploaded in 122ms
[INFO] ANALYSIS SUCCESSFUL, you can find the results at: https://sonarcloud.io/dashboard?id=entando_entando-plugin-jpseo&pullRequest=40
[INFO] Note that you will be able to access the updated dashboard once the server has processed the submitted analysis report
[INFO] More about the report processing at https://sonarcloud.io/api/ce/task?id=AXpnveFf8bCAU_pWIP6S
[INFO] Analysis total time: 1:09.943 s
[INFO] ------------------------------------------------------------------------
[INFO] BUILD SUCCESS
[INFO] ------------------------------------------------------------------------
[INFO] Total time:  05:42 min
[INFO] Finished at: 2021-07-02T15:02:20Z
[INFO] ------------------------------------------------------------------------
Picked up _JAVA_OPTIONS: -XX:+UnlockExperimentalVMOptions -Dsun.zip.disableMemoryMapping=**** -XX:+UseParallelGC -XX:MinHeapFreeRatio=5 -XX:MaxHeapFreeRatio=10 -XX:GCTimeRatio=4 -XX:AdaptiveSizePolicyWeight=90 -Xms10m -Xmx8000m
[INFO] Scanning for projects...
[WARNING] 
[WARNING] Some problems were encountered while building the effective model for org.entando.entando.plugins:entando-plugin-jpseo:war:0.0.0-SNAPSHOT-PR-40-7
[WARNING] 'dependencyManagement.dependencies.dependency.(groupId:artifactId:type:classifier)' must be unique: org.springframework:spring-tx:jar -> version (?) vs ${spring.version} @ org.entando:entando-core-parent:6.4.2, /home/jenkins/.mvnrepository/org/entando/entando-core-parent/6.4.2/entando-core-parent-6.4.2.pom, line 625, column 25
[WARNING] 
[WARNING] It is highly recommended to fix these problems because they threaten the stability of your build.
[WARNING] 
[WARNING] For this reason, future Maven versions might no longer support building such malformed projects.
[WARNING] 
[INFO] 
[INFO] ----------< org.entando.entando.plugins:entando-plugin-jpseo >----------
[INFO] Building Entando Plugin: SEO 0.0.0-SNAPSHOT-PR-40-7
[INFO] --------------------------------[ war ]---------------------------------
[WARNING] The POM for com.sun.xml.bind:jaxb-impl:jar:2.2.11 is invalid, transitive dependencies (if any) will not be available, enable debug logging for more details
[WARNING] The POM for com.sun.xml.bind:jaxb-core:jar:2.2.11 is invalid, transitive dependencies (if any) will not be available, enable debug logging for more details
[INFO] 
[INFO] --- maven-site-plugin:3.9.0:site (default-site) @ entando-plugin-jpseo ---
[INFO] configuring report plugin org.apache.maven.plugins:maven-project-info-reports-plugin:3.0.0
[INFO] 9 reports configured for maven-project-info-reports-plugin:3.0.0: dependency-info, distribution-management, index, ci-management, issue-management, licenses, plugins, scm, summary
[INFO] Rendering site with default locale English (en)
[WARNING] Unable to find a URL to the parent project. The parent menu will NOT be added.
[INFO] Relativizing decoration links with respect to localized project URL: http://www.entando.com/
[INFO] Rendering content with org.apache.maven.skins:maven-default-skin:jar:1.3 skin.
[INFO] Generating "Dependency Information" report --- maven-project-info-reports-plugin:3.0.0:dependency-info
[INFO] Generating "About" report         --- maven-project-info-reports-plugin:3.0.0:index
[INFO] Generating "Issue Management" report --- maven-project-info-reports-plugin:3.0.0:issue-management
[INFO] Generating "Licenses" report      --- maven-project-info-reports-plugin:3.0.0:licenses
[INFO] Generating "Plugins" report       --- maven-project-info-reports-plugin:3.0.0:plugins
[INFO] Generating "Source Code Management" report --- maven-project-info-reports-plugin:3.0.0:scm
[INFO] Generating "Summary" report       --- maven-project-info-reports-plugin:3.0.0:summary
[INFO] ------------------------------------------------------------------------
[INFO] BUILD SUCCESS
[INFO] ------------------------------------------------------------------------
[INFO] Total time:  20.457 s
[INFO] Finished at: 2021-07-02T15:02:42Z
[INFO] ------------------------------------------------------------------------
Congratulations! No build failures found for entando-plugin-jpseo-PR-40.
