
Showing logs for build [32mentando-k8s-entando-k8s-custom-jt5zp-19[0m stage [32mfrom-build-pack[0m and container [32mstep-credential-initializer-dmkhk[0m
{"level":"warn","ts":1617004783.0890193,"logger":"fallback-logger","caller":"logging/config.go:69","msg":"Fetch GitHub commit ID from kodata failed: \"ref: refs/heads/0.8.0-**-support-backwards-incompats\" is not a valid GitHub commit ID"}
{"level":"info","ts":1617004783.0941124,"logger":"fallback-logger","caller":"creds-init/main.go:40","msg":"Credentials initialized."}

Showing logs for build [32mentando-k8s-entando-k8s-custom-jt5zp-19[0m stage [32mfrom-build-pack[0m and container [32mstep-working-dir-initializer-cgnhg[0m
{"level":"warn","ts":1617004788.500855,"logger":"fallback-logger","caller":"logging/config.go:69","msg":"Fetch GitHub commit ID from kodata failed: open /var/run/ko/HEAD: no such file or directory"}
{"level":"info","ts":1617004788.5099597,"logger":"fallback-logger","caller":"bash/main.go:64","msg":"Successfully e**cuted command \"sh -c mkdir -p /workspace/source\"; output "}

Showing logs for build [32mentando-k8s-entando-k8s-custom-jt5zp-19[0m stage [32mfrom-build-pack[0m and container [32mstep-place-tools[0m

Showing logs for build [32mentando-k8s-entando-k8s-custom-jt5zp-19[0m stage [32mfrom-build-pack[0m and container [32mstep-git-source-entando-k8s-entando-k8s-custom-gprhl[0m
{"level":"warn","ts":1617004806.3666506,"logger":"fallback-logger","caller":"logging/config.go:69","msg":"Fetch GitHub commit ID from kodata failed: \"ref: refs/heads/0.8.0-**-support-backwards-incompats\" is not a valid GitHub commit ID"}
{"level":"info","ts":1617004807.2668624,"logger":"fallback-logger","caller":"git/git.go:103","msg":"Successfully cloned https://github.com/entando-k8s/entando-k8s-custom-model.git @ v6.3.3 in path /workspace/source"}

Showing logs for build [32mentando-k8s-entando-k8s-custom-jt5zp-19[0m stage [32mfrom-build-pack[0m and container [32mstep-git-merge[0m
Using SHAs from PULL_REFS=master:b068b097289ebf2d782c64cad188fc8383b85170
WARNING: no SHAs to merge, falling back to initial cloned commit

Showing logs for build [32mentando-k8s-entando-k8s-custom-jt5zp-19[0m stage [32mfrom-build-pack[0m and container [32mstep-setup-jx-git-credentials[0m
Generated Git credentials file /workspace/xdg_config/git/credentials

Showing logs for build [32mentando-k8s-entando-k8s-custom-jt5zp-19[0m stage [32mfrom-build-pack[0m and container [32mstep-build-fetch-history-for-sonar[0m
From https://github.com/entando-k8s/entando-k8s-custom-model
 * [new branch]      ENG-1218_added_resource_requirements -> origin/ENG-1218_added_resource_requirements
 * [new branch]      ENG-1301_single_host_quickstart -> origin/ENG-1301_single_host_quickstart
 * [new branch]      ENG-1447_improved_keycloak_config -> origin/ENG-1447_improved_keycloak_config
 * [new branch]      ENG-1737_added_standardImage_to_keycloak_crd -> origin/ENG-1737_added_standardImage_to_keycloak_crd
 * [new branch]      ENG-395_bundle-crd-rewrite -> origin/ENG-395_bundle-crd-rewrite
 * [new branch]      ENG-562_support_h2_and_derby -> origin/ENG-562_support_h2_and_derby
 * [new branch]      ENG-872_parameters_migrated_to_envvars -> origin/ENG-872_parameters_migrated_to_envvars
 * [new branch]      configurable_serviceacount -> origin/configurable_serviceacount
 * [new branch]      entando-**-patch-1 -> origin/entando-**-patch-1
 * [new branch]      firegloves-owners  -> origin/firegloves-owners
 * [new branch]      latest-quarkus     -> origin/latest-quarkus
 * [new branch]      master             -> origin/master
 * [new branch]      poste              -> origin/poste
 * [new tag]         v6.3.3             -> v6.3.3

Showing logs for build [32mentando-k8s-entando-k8s-custom-jt5zp-19[0m stage [32mfrom-build-pack[0m and container [32mstep-build-mvn-deploy-release[0m
Picked up _JAVA_OPTIONS: -XX:+UnlockExperimentalVMOptions -Dsun.zip.disableMemoryMapping=**** -XX:+UseParallelGC -XX:MinHeapFreeRatio=5 -XX:MaxHeapFreeRatio=10 -XX:GCTimeRatio=4 -XX:AdaptiveSizePolicyWeight=90 -Xms10m -Xmx8000m
[INFO] Scanning for projects...
[INFO] 
[INFO] ----------------< org.entando:entando-k8s-custom-model >----------------
[INFO] Building Entando Kubernetes Custom Model 6.3.3
[INFO] --------------------------------[ jar ]---------------------------------
[INFO] 
[INFO] --- maven-clean-plugin:2.5:clean (default-clean) @ entando-k8s-custom-model ---
[INFO] 
[INFO] --- maven-checkstyle-plugin:3.1.1:check (validate) @ entando-k8s-custom-model ---
[INFO] Starting audit...
Audit done.
[INFO] You have 0 Checkstyle violations.
[INFO] 
[INFO] --- maven-checkstyle-plugin:3.1.1:checkstyle (validate) @ entando-k8s-custom-model ---
[INFO] Starting audit...
Audit done.
[INFO] 
[INFO] --- jacoco-maven-plugin:0.8.5:prepare-agent (prepare-agent) @ entando-k8s-custom-model ---
[INFO] argLine set to -javaagent:/home/jenkins/.mvnrepository/org/jacoco/org.jacoco.agent/0.8.5/org.jacoco.agent-0.8.5-runtime.jar=destfile=/workspace/source/target/jacoco.e**c
[INFO] 
[INFO] --- maven-resources-plugin:2.6:resources (default-resources) @ entando-k8s-custom-model ---
[INFO] Using 'UTF-8' encoding to copy filtered resources.
[INFO] Copying 18 resources
[INFO] 
[INFO] --- maven-compiler-plugin:3.8.1:compile (default-compile) @ entando-k8s-custom-model ---
[INFO] Changes detected - recompiling the module!
[INFO] Compiling 135 source files to /workspace/source/target/classes
[INFO] 
[INFO] --- maven-resources-plugin:2.6:testResources (default-testResources) @ entando-k8s-custom-model ---
[INFO] Using 'UTF-8' encoding to copy filtered resources.
[INFO] Copying 3 resources
[INFO] 
[INFO] --- maven-compiler-plugin:3.8.1:testCompile (default-testCompile) @ entando-k8s-custom-model ---
[INFO] Changes detected - recompiling the module!
[INFO] Compiling 28 source files to /workspace/source/target/test-classes
[INFO] 
[INFO] --- maven-surefire-plugin:3.0.0-M1:test (default-test) @ entando-k8s-custom-model ---
[INFO] 
[INFO] -------------------------------------------------------
[INFO]  T E S T S
[INFO] -------------------------------------------------------
[INFO] Running org.entando.kubernetes.model.inprocesstest.EntandoCustomResourceStatusTest
[INFO] Tests run: 1, Failures: 0, Errors: 0, Skipped: 0, Time elapsed: 2.772 s - in org.entando.kubernetes.model.inprocesstest.EntandoCustomResourceStatusTest
[INFO] Running org.entando.kubernetes.model.inprocesstest.EntandoPluginMockedTest
Mar 29, 2021 8:00:43 AM okhttp3.mockwebserver.MockWebServer$2 e**cute
INFO: MockWebServer[55354] starting to accept connections
Mar 29, 2021 8:00:44 AM okhttp3.mockwebserver.MockWebServer$3 processOneRequest
INFO: MockWebServer[55354] received request: GET /apis/apiextensions.k8s.io/v1beta1/customresourcedefinitions/entandoplugins.entando.org HTTP/1.1 and responded: HTTP/1.1 404 Client Error
Mar 29, 2021 8:00:44 AM okhttp3.mockwebserver.MockWebServer$3 processOneRequest
INFO: MockWebServer[55354] received request: POST /apis/apiextensions.k8s.io/v1beta1/customresourcedefinitions HTTP/1.1 and responded: HTTP/1.1 202 OK
Mar 29, 2021 8:00:44 AM okhttp3.mockwebserver.MockWebServer$3 processOneRequest
INFO: MockWebServer[55354] received request: GET /api/v1/namespaces/test HTTP/1.1 and responded: HTTP/1.1 404 Client Error
Mar 29, 2021 8:00:44 AM okhttp3.mockwebserver.MockWebServer$3 processOneRequest
INFO: MockWebServer[55354] received request: GET /apis/entando.org/v1/namespaces/default/entandoplugins HTTP/1.1 and responded: HTTP/1.1 200 OK
Mar 29, 2021 8:00:44 AM okhttp3.mockwebserver.MockWebServer$3 processOneRequest
INFO: MockWebServer[55354] received request: GET /api/v1/namespaces/test HTTP/1.1 and responded: HTTP/1.1 404 Client Error
Mar 29, 2021 8:00:45 AM okhttp3.mockwebserver.MockWebServer$3 processOneRequest
INFO: MockWebServer[55354] received request: GET /apis/entando.org/v1/namespaces/default/entandoplugins HTTP/1.1 and responded: HTTP/1.1 200 OK
Mar 29, 2021 8:00:45 AM okhttp3.mockwebserver.MockWebServer$3 processOneRequest
INFO: MockWebServer[55354] received request: GET /api/v1/namespaces/entando-k8s-custom-model-cums19 HTTP/1.1 and responded: HTTP/1.1 404 Client Error
Mar 29, 2021 8:00:45 AM okhttp3.mockwebserver.MockWebServer$3 processOneRequest
INFO: MockWebServer[55354] received request: POST /api/v1/namespaces HTTP/1.1 and responded: HTTP/1.1 202 OK
Mar 29, 2021 8:00:45 AM okhttp3.mockwebserver.MockWebServer$3 processOneRequest
INFO: MockWebServer[55354] received request: POST /apis/entando.org/v1/namespaces/entando-k8s-custom-model-cums19/entandoplugins HTTP/1.1 and responded: HTTP/1.1 202 OK
Mar 29, 2021 8:00:45 AM okhttp3.mockwebserver.MockWebServer$3 processOneRequest
INFO: MockWebServer[55354] received request: GET /apis/entando.org/v1/namespaces/entando-k8s-custom-model-cums19/entandoplugins/my-plugin HTTP/1.1 and responded: HTTP/1.1 200 OK
Mar 29, 2021 8:00:45 AM okhttp3.mockwebserver.MockWebServer$3 processOneRequest
INFO: MockWebServer[55354] received request: GET /apis/entando.org/v1/namespaces/entando-k8s-custom-model-cums19/entandoplugins/my-plugin HTTP/1.1 and responded: HTTP/1.1 200 OK
Mar 29, 2021 8:00:45 AM okhttp3.mockwebserver.MockWebServer$3 processOneRequest
INFO: MockWebServer[55354] received request: PATCH /apis/entando.org/v1/namespaces/entando-k8s-custom-model-cums19/entandoplugins/my-plugin HTTP/1.1 and responded: HTTP/1.1 202 OK
Mar 29, 2021 8:00:45 AM okhttp3.mockwebserver.MockWebServer$3 processOneRequest
INFO: MockWebServer[55354] received request: PUT /apis/entando.org/v1/namespaces/entando-k8s-custom-model-cums19/entandoplugins/my-plugin/status HTTP/1.1 and responded: HTTP/1.1 202 OK
Mar 29, 2021 8:00:45 AM okhttp3.mockwebserver.MockWebServer$2 acceptConnections
INFO: MockWebServer[55354] done accepting connections: Socket closed
Mar 29, 2021 8:00:45 AM okhttp3.mockwebserver.MockWebServer$2 e**cute
INFO: MockWebServer[37999] starting to accept connections
Mar 29, 2021 8:00:45 AM okhttp3.mockwebserver.MockWebServer$3 processOneRequest
INFO: MockWebServer[37999] received request: GET /api/v1/namespaces/test HTTP/1.1 and responded: HTTP/1.1 404 Client Error
Mar 29, 2021 8:00:46 AM okhttp3.mockwebserver.MockWebServer$3 processOneRequest
INFO: MockWebServer[37999] received request: GET /apis/entando.org/v1/namespaces/default/entandoplugins HTTP/1.1 and responded: HTTP/1.1 200 OK
Mar 29, 2021 8:00:46 AM okhttp3.mockwebserver.MockWebServer$3 processOneRequest
INFO: MockWebServer[37999] received request: GET /api/v1/namespaces/test HTTP/1.1 and responded: HTTP/1.1 404 Client Error
Mar 29, 2021 8:00:46 AM okhttp3.mockwebserver.MockWebServer$3 processOneRequest
INFO: MockWebServer[37999] received request: GET /apis/entando.org/v1/namespaces/default/entandoplugins HTTP/1.1 and responded: HTTP/1.1 200 OK
Mar 29, 2021 8:00:46 AM okhttp3.mockwebserver.MockWebServer$3 processOneRequest
INFO: MockWebServer[37999] received request: GET /api/v1/namespaces/entando-k8s-custom-model-cums19 HTTP/1.1 and responded: HTTP/1.1 404 Client Error
Mar 29, 2021 8:00:46 AM okhttp3.mockwebserver.MockWebServer$3 processOneRequest
INFO: MockWebServer[37999] received request: POST /api/v1/namespaces HTTP/1.1 and responded: HTTP/1.1 202 OK
Mar 29, 2021 8:00:46 AM okhttp3.mockwebserver.MockWebServer$3 processOneRequest
INFO: MockWebServer[37999] received request: POST /apis/entando.org/v1/namespaces/entando-k8s-custom-model-cums19/entandoplugins HTTP/1.1 and responded: HTTP/1.1 202 OK
Mar 29, 2021 8:00:46 AM okhttp3.mockwebserver.MockWebServer$3 processOneRequest
INFO: MockWebServer[37999] received request: GET /apis/entando.org/v1/namespaces/entando-k8s-custom-model-cums19/entandoplugins/my-plugin HTTP/1.1 and responded: HTTP/1.1 200 OK
Mar 29, 2021 8:00:46 AM okhttp3.mockwebserver.MockWebServer$2 acceptConnections
INFO: MockWebServer[37999] done accepting connections: Socket closed
Mar 29, 2021 8:00:46 AM okhttp3.mockwebserver.MockWebServer$2 e**cute
INFO: MockWebServer[59282] starting to accept connections
Mar 29, 2021 8:00:46 AM okhttp3.mockwebserver.MockWebServer$3 processOneRequest
INFO: MockWebServer[59282] received request: GET /api/v1/namespaces/test HTTP/1.1 and responded: HTTP/1.1 404 Client Error
Mar 29, 2021 8:00:46 AM okhttp3.mockwebserver.MockWebServer$3 processOneRequest
INFO: MockWebServer[59282] received request: GET /apis/entando.org/v1/namespaces/default/entandoplugins HTTP/1.1 and responded: HTTP/1.1 200 OK
Mar 29, 2021 8:00:46 AM okhttp3.mockwebserver.MockWebServer$3 processOneRequest
INFO: MockWebServer[59282] received request: GET /api/v1/namespaces/test HTTP/1.1 and responded: HTTP/1.1 404 Client Error
Mar 29, 2021 8:00:46 AM okhttp3.mockwebserver.MockWebServer$3 processOneRequest
INFO: MockWebServer[59282] received request: GET /apis/entando.org/v1/namespaces/default/entandoplugins HTTP/1.1 and responded: HTTP/1.1 200 OK
Mar 29, 2021 8:00:47 AM okhttp3.mockwebserver.MockWebServer$3 processOneRequest
INFO: MockWebServer[59282] received request: GET /api/v1/namespaces/entando-k8s-custom-model-cums19 HTTP/1.1 and responded: HTTP/1.1 404 Client Error
Mar 29, 2021 8:00:47 AM okhttp3.mockwebserver.MockWebServer$3 processOneRequest
INFO: MockWebServer[59282] received request: POST /api/v1/namespaces HTTP/1.1 and responded: HTTP/1.1 202 OK
Mar 29, 2021 8:00:47 AM okhttp3.mockwebserver.MockWebServer$2 acceptConnections
INFO: MockWebServer[59282] done accepting connections: Socket closed
[INFO] Tests run: 3, Failures: 0, Errors: 0, Skipped: 0, Time elapsed: 4.043 s - in org.entando.kubernetes.model.inprocesstest.EntandoPluginMockedTest
[INFO] Running org.entando.kubernetes.model.inprocesstest.EntandoKeycloakServerMockedTest
Mar 29, 2021 8:00:47 AM okhttp3.mockwebserver.MockWebServer$2 e**cute
INFO: MockWebServer[38690] starting to accept connections
Mar 29, 2021 8:00:47 AM okhttp3.mockwebserver.MockWebServer$3 processOneRequest
INFO: MockWebServer[38690] received request: GET /apis/apiextensions.k8s.io/v1beta1/customresourcedefinitions/entandokeycloakservers.entando.org HTTP/1.1 and responded: HTTP/1.1 404 Client Error
Mar 29, 2021 8:00:47 AM okhttp3.mockwebserver.MockWebServer$3 processOneRequest
INFO: MockWebServer[38690] received request: POST /apis/apiextensions.k8s.io/v1beta1/customresourcedefinitions HTTP/1.1 and responded: HTTP/1.1 202 OK
Mar 29, 2021 8:00:47 AM okhttp3.mockwebserver.MockWebServer$3 processOneRequest
INFO: MockWebServer[38690] received request: GET /api/v1/namespaces/test HTTP/1.1 and responded: HTTP/1.1 404 Client Error
Mar 29, 2021 8:00:47 AM okhttp3.mockwebserver.MockWebServer$3 processOneRequest
INFO: MockWebServer[38690] received request: GET /apis/entando.org/v1/namespaces/default/entandokeycloakservers HTTP/1.1 and responded: HTTP/1.1 200 OK
Mar 29, 2021 8:00:47 AM okhttp3.mockwebserver.MockWebServer$3 processOneRequest
INFO: MockWebServer[38690] received request: GET /api/v1/namespaces/test HTTP/1.1 and responded: HTTP/1.1 404 Client Error
Mar 29, 2021 8:00:47 AM okhttp3.mockwebserver.MockWebServer$3 processOneRequest
INFO: MockWebServer[38690] received request: GET /apis/entando.org/v1/namespaces/default/entandokeycloakservers HTTP/1.1 and responded: HTTP/1.1 200 OK
Mar 29, 2021 8:00:47 AM okhttp3.mockwebserver.MockWebServer$3 processOneRequest
INFO: MockWebServer[38690] received request: GET /api/v1/namespaces/entando-k8s-custom-model-cums19 HTTP/1.1 and responded: HTTP/1.1 404 Client Error
Mar 29, 2021 8:00:47 AM okhttp3.mockwebserver.MockWebServer$3 processOneRequest
INFO: MockWebServer[38690] received request: POST /api/v1/namespaces HTTP/1.1 and responded: HTTP/1.1 202 OK
Mar 29, 2021 8:00:48 AM okhttp3.mockwebserver.MockWebServer$3 processOneRequest
INFO: MockWebServer[38690] received request: POST /apis/entando.org/v1/namespaces/entando-k8s-custom-model-cums19/entandokeycloakservers HTTP/1.1 and responded: HTTP/1.1 202 OK
Mar 29, 2021 8:00:48 AM okhttp3.mockwebserver.MockWebServer$3 processOneRequest
INFO: MockWebServer[38690] received request: GET /apis/entando.org/v1/namespaces/entando-k8s-custom-model-cums19/entandokeycloakservers/my-keycloak HTTP/1.1 and responded: HTTP/1.1 200 OK
Mar 29, 2021 8:00:48 AM okhttp3.mockwebserver.MockWebServer$2 acceptConnections
INFO: MockWebServer[38690] done accepting connections: Socket closed
Mar 29, 2021 8:00:48 AM okhttp3.mockwebserver.MockWebServer$2 e**cute
INFO: MockWebServer[52436] starting to accept connections
Mar 29, 2021 8:00:48 AM okhttp3.mockwebserver.MockWebServer$3 processOneRequest
INFO: MockWebServer[52436] received request: GET /api/v1/namespaces/test HTTP/1.1 and responded: HTTP/1.1 404 Client Error
Mar 29, 2021 8:00:48 AM okhttp3.mockwebserver.MockWebServer$3 processOneRequest
INFO: MockWebServer[52436] received request: GET /apis/entando.org/v1/namespaces/default/entandokeycloakservers HTTP/1.1 and responded: HTTP/1.1 200 OK
Mar 29, 2021 8:00:48 AM okhttp3.mockwebserver.MockWebServer$3 processOneRequest
INFO: MockWebServer[52436] received request: GET /api/v1/namespaces/test HTTP/1.1 and responded: HTTP/1.1 404 Client Error
Mar 29, 2021 8:00:48 AM okhttp3.mockwebserver.MockWebServer$3 processOneRequest
INFO: MockWebServer[52436] received request: GET /apis/entando.org/v1/namespaces/default/entandokeycloakservers HTTP/1.1 and responded: HTTP/1.1 200 OK
Mar 29, 2021 8:00:48 AM okhttp3.mockwebserver.MockWebServer$3 processOneRequest
INFO: MockWebServer[52436] received request: GET /api/v1/namespaces/entando-k8s-custom-model-cums19 HTTP/1.1 and responded: HTTP/1.1 404 Client Error
Mar 29, 2021 8:00:48 AM okhttp3.mockwebserver.MockWebServer$3 processOneRequest
INFO: MockWebServer[52436] received request: POST /api/v1/namespaces HTTP/1.1 and responded: HTTP/1.1 202 OK
Mar 29, 2021 8:00:48 AM okhttp3.mockwebserver.MockWebServer$3 processOneRequest
INFO: MockWebServer[52436] received request: POST /apis/entando.org/v1/namespaces/entando-k8s-custom-model-cums19/entandokeycloakservers HTTP/1.1 and responded: HTTP/1.1 202 OK
Mar 29, 2021 8:00:48 AM okhttp3.mockwebserver.MockWebServer$3 processOneRequest
INFO: MockWebServer[52436] received request: GET /apis/entando.org/v1/namespaces/entando-k8s-custom-model-cums19/entandokeycloakservers/my-keycloak HTTP/1.1 and responded: HTTP/1.1 200 OK
Mar 29, 2021 8:00:48 AM okhttp3.mockwebserver.MockWebServer$3 processOneRequest
INFO: MockWebServer[52436] received request: GET /apis/entando.org/v1/namespaces/entando-k8s-custom-model-cums19/entandokeycloakservers/my-keycloak HTTP/1.1 and responded: HTTP/1.1 200 OK
Mar 29, 2021 8:00:49 AM okhttp3.mockwebserver.MockWebServer$3 processOneRequest
INFO: MockWebServer[52436] received request: PATCH /apis/entando.org/v1/namespaces/entando-k8s-custom-model-cums19/entandokeycloakservers/my-keycloak HTTP/1.1 and responded: HTTP/1.1 202 OK
Mar 29, 2021 8:00:49 AM okhttp3.mockwebserver.MockWebServer$3 processOneRequest
INFO: MockWebServer[52436] received request: PUT /apis/entando.org/v1/namespaces/entando-k8s-custom-model-cums19/entandokeycloakservers/my-keycloak/status HTTP/1.1 and responded: HTTP/1.1 202 OK
Mar 29, 2021 8:00:49 AM okhttp3.mockwebserver.MockWebServer$2 acceptConnections
INFO: MockWebServer[52436] done accepting connections: Socket closed
Mar 29, 2021 8:00:49 AM okhttp3.mockwebserver.MockWebServer$2 e**cute
INFO: MockWebServer[34195] starting to accept connections
Mar 29, 2021 8:00:49 AM okhttp3.mockwebserver.MockWebServer$3 processOneRequest
INFO: MockWebServer[34195] received request: GET /api/v1/namespaces/test HTTP/1.1 and responded: HTTP/1.1 404 Client Error
Mar 29, 2021 8:00:49 AM okhttp3.mockwebserver.MockWebServer$3 processOneRequest
INFO: MockWebServer[34195] received request: GET /apis/entando.org/v1/namespaces/default/entandokeycloakservers HTTP/1.1 and responded: HTTP/1.1 200 OK
Mar 29, 2021 8:00:49 AM okhttp3.mockwebserver.MockWebServer$3 processOneRequest
INFO: MockWebServer[34195] received request: GET /api/v1/namespaces/test HTTP/1.1 and responded: HTTP/1.1 404 Client Error
Mar 29, 2021 8:00:49 AM okhttp3.mockwebserver.MockWebServer$3 processOneRequest
INFO: MockWebServer[34195] received request: GET /apis/entando.org/v1/namespaces/default/entandokeycloakservers HTTP/1.1 and responded: HTTP/1.1 200 OK
Mar 29, 2021 8:00:49 AM okhttp3.mockwebserver.MockWebServer$3 processOneRequest
INFO: MockWebServer[34195] received request: GET /api/v1/namespaces/entando-k8s-custom-model-cums19 HTTP/1.1 and responded: HTTP/1.1 404 Client Error
Mar 29, 2021 8:00:49 AM okhttp3.mockwebserver.MockWebServer$3 processOneRequest
INFO: MockWebServer[34195] received request: POST /api/v1/namespaces HTTP/1.1 and responded: HTTP/1.1 202 OK
Mar 29, 2021 8:00:49 AM okhttp3.mockwebserver.MockWebServer$2 acceptConnections
INFO: MockWebServer[34195] done accepting connections: Socket closed
[INFO] Tests run: 3, Failures: 0, Errors: 0, Skipped: 0, Time elapsed: 2.521 s - in org.entando.kubernetes.model.inprocesstest.EntandoKeycloakServerMockedTest
[INFO] Running org.entando.kubernetes.model.inprocesstest.EntandoClusterInfrastructureMockedTest
Mar 29, 2021 8:00:49 AM okhttp3.mockwebserver.MockWebServer$2 e**cute
INFO: MockWebServer[43502] starting to accept connections
Mar 29, 2021 8:00:49 AM okhttp3.mockwebserver.MockWebServer$3 processOneRequest
INFO: MockWebServer[43502] received request: GET /apis/apiextensions.k8s.io/v1beta1/customresourcedefinitions/entandoclusterinfrastructures.entando.org HTTP/1.1 and responded: HTTP/1.1 404 Client Error
Mar 29, 2021 8:00:50 AM okhttp3.mockwebserver.MockWebServer$3 processOneRequest
INFO: MockWebServer[43502] received request: POST /apis/apiextensions.k8s.io/v1beta1/customresourcedefinitions HTTP/1.1 and responded: HTTP/1.1 202 OK
Mar 29, 2021 8:00:50 AM okhttp3.mockwebserver.MockWebServer$3 processOneRequest
INFO: MockWebServer[43502] received request: GET /api/v1/namespaces/test HTTP/1.1 and responded: HTTP/1.1 404 Client Error
Mar 29, 2021 8:00:50 AM okhttp3.mockwebserver.MockWebServer$3 processOneRequest
INFO: MockWebServer[43502] received request: GET /apis/entando.org/v1/namespaces/default/entandoclusterinfrastructures HTTP/1.1 and responded: HTTP/1.1 200 OK
Mar 29, 2021 8:00:50 AM okhttp3.mockwebserver.MockWebServer$3 processOneRequest
INFO: MockWebServer[43502] received request: GET /api/v1/namespaces/test HTTP/1.1 and responded: HTTP/1.1 404 Client Error
Mar 29, 2021 8:00:50 AM okhttp3.mockwebserver.MockWebServer$3 processOneRequest
INFO: MockWebServer[43502] received request: GET /apis/entando.org/v1/namespaces/default/entandoclusterinfrastructures HTTP/1.1 and responded: HTTP/1.1 200 OK
Mar 29, 2021 8:00:50 AM okhttp3.mockwebserver.MockWebServer$3 processOneRequest
INFO: MockWebServer[43502] received request: GET /api/v1/namespaces/entando-k8s-custom-model-cums19 HTTP/1.1 and responded: HTTP/1.1 404 Client Error
Mar 29, 2021 8:00:50 AM okhttp3.mockwebserver.MockWebServer$3 processOneRequest
INFO: MockWebServer[43502] received request: POST /api/v1/namespaces HTTP/1.1 and responded: HTTP/1.1 202 OK
Mar 29, 2021 8:00:50 AM okhttp3.mockwebserver.MockWebServer$3 processOneRequest
INFO: MockWebServer[43502] received request: POST /apis/entando.org/v1/namespaces/entando-k8s-custom-model-cums19/entandoclusterinfrastructures HTTP/1.1 and responded: HTTP/1.1 202 OK
Mar 29, 2021 8:00:50 AM okhttp3.mockwebserver.MockWebServer$3 processOneRequest
INFO: MockWebServer[43502] received request: GET /apis/entando.org/v1/namespaces/entando-k8s-custom-model-cums19/entandoclusterinfrastructures/my-entando-cluster-infrastructure HTTP/1.1 and responded: HTTP/1.1 200 OK
Mar 29, 2021 8:00:50 AM okhttp3.mockwebserver.MockWebServer$2 acceptConnections
INFO: MockWebServer[43502] done accepting connections: Socket closed
Mar 29, 2021 8:00:50 AM okhttp3.mockwebserver.MockWebServer$2 e**cute
INFO: MockWebServer[53511] starting to accept connections
Mar 29, 2021 8:00:50 AM okhttp3.mockwebserver.MockWebServer$3 processOneRequest
INFO: MockWebServer[53511] received request: GET /api/v1/namespaces/test HTTP/1.1 and responded: HTTP/1.1 404 Client Error
Mar 29, 2021 8:00:50 AM okhttp3.mockwebserver.MockWebServer$3 processOneRequest
INFO: MockWebServer[53511] received request: GET /apis/entando.org/v1/namespaces/default/entandoclusterinfrastructures HTTP/1.1 and responded: HTTP/1.1 200 OK
Mar 29, 2021 8:00:50 AM okhttp3.mockwebserver.MockWebServer$3 processOneRequest
INFO: MockWebServer[53511] received request: GET /api/v1/namespaces/test HTTP/1.1 and responded: HTTP/1.1 404 Client Error
Mar 29, 2021 8:00:51 AM okhttp3.mockwebserver.MockWebServer$3 processOneRequest
INFO: MockWebServer[53511] received request: GET /apis/entando.org/v1/namespaces/default/entandoclusterinfrastructures HTTP/1.1 and responded: HTTP/1.1 200 OK
Mar 29, 2021 8:00:51 AM okhttp3.mockwebserver.MockWebServer$3 processOneRequest
INFO: MockWebServer[53511] received request: GET /api/v1/namespaces/entando-k8s-custom-model-cums19 HTTP/1.1 and responded: HTTP/1.1 404 Client Error
Mar 29, 2021 8:00:51 AM okhttp3.mockwebserver.MockWebServer$3 processOneRequest
INFO: MockWebServer[53511] received request: POST /api/v1/namespaces HTTP/1.1 and responded: HTTP/1.1 202 OK
Mar 29, 2021 8:00:51 AM okhttp3.mockwebserver.MockWebServer$3 processOneRequest
INFO: MockWebServer[53511] received request: POST /apis/entando.org/v1/namespaces/entando-k8s-custom-model-cums19/entandoclusterinfrastructures HTTP/1.1 and responded: HTTP/1.1 202 OK
Mar 29, 2021 8:00:51 AM okhttp3.mockwebserver.MockWebServer$3 processOneRequest
INFO: MockWebServer[53511] received request: GET /apis/entando.org/v1/namespaces/entando-k8s-custom-model-cums19/entandoclusterinfrastructures/my-entando-cluster-infrastructure HTTP/1.1 and responded: HTTP/1.1 200 OK
Mar 29, 2021 8:00:51 AM okhttp3.mockwebserver.MockWebServer$3 processOneRequest
INFO: MockWebServer[53511] received request: GET /apis/entando.org/v1/namespaces/entando-k8s-custom-model-cums19/entandoclusterinfrastructures/my-entando-cluster-infrastructure HTTP/1.1 and responded: HTTP/1.1 200 OK
Mar 29, 2021 8:00:51 AM okhttp3.mockwebserver.MockWebServer$3 processOneRequest
INFO: MockWebServer[53511] received request: PATCH /apis/entando.org/v1/namespaces/entando-k8s-custom-model-cums19/entandoclusterinfrastructures/my-entando-cluster-infrastructure HTTP/1.1 and responded: HTTP/1.1 202 OK
Mar 29, 2021 8:00:51 AM okhttp3.mockwebserver.MockWebServer$3 processOneRequest
INFO: MockWebServer[53511] received request: PUT /apis/entando.org/v1/namespaces/entando-k8s-custom-model-cums19/entandoclusterinfrastructures/my-entando-cluster-infrastructure/status HTTP/1.1 and responded: HTTP/1.1 202 OK
Mar 29, 2021 8:00:51 AM okhttp3.mockwebserver.MockWebServer$2 acceptConnections
INFO: MockWebServer[53511] done accepting connections: Socket closed
Mar 29, 2021 8:00:51 AM okhttp3.mockwebserver.MockWebServer$2 e**cute
INFO: MockWebServer[53904] starting to accept connections
Mar 29, 2021 8:00:51 AM okhttp3.mockwebserver.MockWebServer$3 processOneRequest
INFO: MockWebServer[53904] received request: GET /api/v1/namespaces/test HTTP/1.1 and responded: HTTP/1.1 404 Client Error
Mar 29, 2021 8:00:51 AM okhttp3.mockwebserver.MockWebServer$3 processOneRequest
INFO: MockWebServer[53904] received request: GET /apis/entando.org/v1/namespaces/default/entandoclusterinfrastructures HTTP/1.1 and responded: HTTP/1.1 200 OK
Mar 29, 2021 8:00:51 AM okhttp3.mockwebserver.MockWebServer$3 processOneRequest
INFO: MockWebServer[53904] received request: GET /api/v1/namespaces/test HTTP/1.1 and responded: HTTP/1.1 404 Client Error
Mar 29, 2021 8:00:52 AM okhttp3.mockwebserver.MockWebServer$3 processOneRequest
INFO: MockWebServer[53904] received request: GET /apis/entando.org/v1/namespaces/default/entandoclusterinfrastructures HTTP/1.1 and responded: HTTP/1.1 200 OK
Mar 29, 2021 8:00:52 AM okhttp3.mockwebserver.MockWebServer$3 processOneRequest
INFO: MockWebServer[53904] received request: GET /api/v1/namespaces/entando-k8s-custom-model-cums19 HTTP/1.1 and responded: HTTP/1.1 404 Client Error
Mar 29, 2021 8:00:52 AM okhttp3.mockwebserver.MockWebServer$3 processOneRequest
INFO: MockWebServer[53904] received request: POST /api/v1/namespaces HTTP/1.1 and responded: HTTP/1.1 202 OK
Mar 29, 2021 8:00:52 AM okhttp3.mockwebserver.MockWebServer$2 acceptConnections
INFO: MockWebServer[53904] done accepting connections: Socket closed
[INFO] Tests run: 3, Failures: 0, Errors: 0, Skipped: 0, Time elapsed: 2.488 s - in org.entando.kubernetes.model.inprocesstest.EntandoClusterInfrastructureMockedTest
[INFO] Running org.entando.kubernetes.model.inprocesstest.EntandoDeBundleMockedTest
Mar 29, 2021 8:00:52 AM okhttp3.mockwebserver.MockWebServer$2 e**cute
INFO: MockWebServer[58680] starting to accept connections
Mar 29, 2021 8:00:52 AM okhttp3.mockwebserver.MockWebServer$3 processOneRequest
INFO: MockWebServer[58680] received request: GET /apis/apiextensions.k8s.io/v1beta1/customresourcedefinitions/entandodebundles.entando.org HTTP/1.1 and responded: HTTP/1.1 404 Client Error
Mar 29, 2021 8:00:52 AM okhttp3.mockwebserver.MockWebServer$3 processOneRequest
INFO: MockWebServer[58680] received request: POST /apis/apiextensions.k8s.io/v1beta1/customresourcedefinitions HTTP/1.1 and responded: HTTP/1.1 202 OK
Mar 29, 2021 8:00:52 AM okhttp3.mockwebserver.MockWebServer$3 processOneRequest
INFO: MockWebServer[58680] received request: GET /api/v1/namespaces/test HTTP/1.1 and responded: HTTP/1.1 404 Client Error
Mar 29, 2021 8:00:52 AM okhttp3.mockwebserver.MockWebServer$3 processOneRequest
INFO: MockWebServer[58680] received request: GET /apis/entando.org/v1/namespaces/default/entandodebundles HTTP/1.1 and responded: HTTP/1.1 200 OK
Mar 29, 2021 8:00:52 AM okhttp3.mockwebserver.MockWebServer$3 processOneRequest
INFO: MockWebServer[58680] received request: GET /api/v1/namespaces/test HTTP/1.1 and responded: HTTP/1.1 404 Client Error
Mar 29, 2021 8:00:52 AM okhttp3.mockwebserver.MockWebServer$3 processOneRequest
INFO: MockWebServer[58680] received request: GET /apis/entando.org/v1/namespaces/default/entandodebundles HTTP/1.1 and responded: HTTP/1.1 200 OK
Mar 29, 2021 8:00:52 AM okhttp3.mockwebserver.MockWebServer$3 processOneRequest
INFO: MockWebServer[58680] received request: GET /api/v1/namespaces/entando-k8s-custom-model-cums19 HTTP/1.1 and responded: HTTP/1.1 404 Client Error
Mar 29, 2021 8:00:53 AM okhttp3.mockwebserver.MockWebServer$3 processOneRequest
INFO: MockWebServer[58680] received request: POST /api/v1/namespaces HTTP/1.1 and responded: HTTP/1.1 202 OK
Mar 29, 2021 8:00:53 AM okhttp3.mockwebserver.MockWebServer$3 processOneRequest
INFO: MockWebServer[58680] received request: POST /apis/entando.org/v1/namespaces/entando-k8s-custom-model-cums19/entandodebundles HTTP/1.1 and responded: HTTP/1.1 202 OK
Mar 29, 2021 8:00:53 AM okhttp3.mockwebserver.MockWebServer$3 processOneRequest
INFO: MockWebServer[58680] received request: GET /apis/entando.org/v1/namespaces/entando-k8s-custom-model-cums19/entandodebundles/my-bundle HTTP/1.1 and responded: HTTP/1.1 200 OK
Mar 29, 2021 8:00:53 AM okhttp3.mockwebserver.MockWebServer$3 processOneRequest
INFO: MockWebServer[58680] received request: GET /apis/entando.org/v1/namespaces/entando-k8s-custom-model-cums19/entandodebundles/my-bundle HTTP/1.1 and responded: HTTP/1.1 200 OK
Mar 29, 2021 8:00:53 AM okhttp3.mockwebserver.MockWebServer$3 processOneRequest
INFO: MockWebServer[58680] received request: PATCH /apis/entando.org/v1/namespaces/entando-k8s-custom-model-cums19/entandodebundles/my-bundle HTTP/1.1 and responded: HTTP/1.1 202 OK
Mar 29, 2021 8:00:53 AM okhttp3.mockwebserver.MockWebServer$2 acceptConnections
INFO: MockWebServer[58680] done accepting connections: Socket closed
Mar 29, 2021 8:00:53 AM okhttp3.mockwebserver.MockWebServer$2 e**cute
INFO: MockWebServer[57975] starting to accept connections
Mar 29, 2021 8:00:53 AM okhttp3.mockwebserver.MockWebServer$3 processOneRequest
INFO: MockWebServer[57975] received request: GET /api/v1/namespaces/test HTTP/1.1 and responded: HTTP/1.1 404 Client Error
Mar 29, 2021 8:00:53 AM okhttp3.mockwebserver.MockWebServer$3 processOneRequest
INFO: MockWebServer[57975] received request: GET /apis/entando.org/v1/namespaces/default/entandodebundles HTTP/1.1 and responded: HTTP/1.1 200 OK
Mar 29, 2021 8:00:53 AM okhttp3.mockwebserver.MockWebServer$3 processOneRequest
INFO: MockWebServer[57975] received request: GET /api/v1/namespaces/test HTTP/1.1 and responded: HTTP/1.1 404 Client Error
Mar 29, 2021 8:00:53 AM okhttp3.mockwebserver.MockWebServer$3 processOneRequest
INFO: MockWebServer[57975] received request: GET /apis/entando.org/v1/namespaces/default/entandodebundles HTTP/1.1 and responded: HTTP/1.1 200 OK
Mar 29, 2021 8:00:53 AM okhttp3.mockwebserver.MockWebServer$3 processOneRequest
INFO: MockWebServer[57975] received request: GET /api/v1/namespaces/entando-k8s-custom-model-cums19 HTTP/1.1 and responded: HTTP/1.1 404 Client Error
Mar 29, 2021 8:00:53 AM okhttp3.mockwebserver.MockWebServer$3 processOneRequest
INFO: MockWebServer[57975] received request: POST /api/v1/namespaces HTTP/1.1 and responded: HTTP/1.1 202 OK
Mar 29, 2021 8:00:54 AM okhttp3.mockwebserver.MockWebServer$3 processOneRequest
INFO: MockWebServer[57975] received request: POST /apis/entando.org/v1/namespaces/entando-k8s-custom-model-cums19/entandodebundles HTTP/1.1 and responded: HTTP/1.1 202 OK
Mar 29, 2021 8:00:54 AM okhttp3.mockwebserver.MockWebServer$3 processOneRequest
INFO: MockWebServer[57975] received request: GET /apis/entando.org/v1/namespaces/entando-k8s-custom-model-cums19/entandodebundles/my-bundle HTTP/1.1 and responded: HTTP/1.1 200 OK
Mar 29, 2021 8:00:54 AM okhttp3.mockwebserver.MockWebServer$2 acceptConnections
INFO: MockWebServer[57975] done accepting connections: Socket closed
Mar 29, 2021 8:00:54 AM okhttp3.mockwebserver.MockWebServer$2 e**cute
INFO: MockWebServer[34540] starting to accept connections
Mar 29, 2021 8:00:54 AM okhttp3.mockwebserver.MockWebServer$3 processOneRequest
INFO: MockWebServer[34540] received request: GET /api/v1/namespaces/test HTTP/1.1 and responded: HTTP/1.1 404 Client Error
Mar 29, 2021 8:00:54 AM okhttp3.mockwebserver.MockWebServer$3 processOneRequest
INFO: MockWebServer[34540] received request: GET /apis/entando.org/v1/namespaces/default/entandodebundles HTTP/1.1 and responded: HTTP/1.1 200 OK
Mar 29, 2021 8:00:54 AM okhttp3.mockwebserver.MockWebServer$3 processOneRequest
INFO: MockWebServer[34540] received request: GET /api/v1/namespaces/test HTTP/1.1 and responded: HTTP/1.1 404 Client Error
Mar 29, 2021 8:00:54 AM okhttp3.mockwebserver.MockWebServer$3 processOneRequest
INFO: MockWebServer[34540] received request: GET /apis/entando.org/v1/namespaces/default/entandodebundles HTTP/1.1 and responded: HTTP/1.1 200 OK
Mar 29, 2021 8:00:54 AM okhttp3.mockwebserver.MockWebServer$3 processOneRequest
INFO: MockWebServer[34540] received request: GET /api/v1/namespaces/entando-k8s-custom-model-cums19 HTTP/1.1 and responded: HTTP/1.1 404 Client Error
Mar 29, 2021 8:00:54 AM okhttp3.mockwebserver.MockWebServer$3 processOneRequest
INFO: MockWebServer[34540] received request: POST /api/v1/namespaces HTTP/1.1 and responded: HTTP/1.1 202 OK
Mar 29, 2021 8:00:54 AM okhttp3.mockwebserver.MockWebServer$2 acceptConnections
INFO: MockWebServer[34540] done accepting connections: Socket closed
[INFO] Tests run: 3, Failures: 0, Errors: 0, Skipped: 0, Time elapsed: 2.434 s - in org.entando.kubernetes.model.inprocesstest.EntandoDeBundleMockedTest
[INFO] Running org.entando.kubernetes.model.inprocesstest.EntandoAppPluginLinkMockedTest
Mar 29, 2021 8:00:54 AM okhttp3.mockwebserver.MockWebServer$2 e**cute
INFO: MockWebServer[56921] starting to accept connections
Mar 29, 2021 8:00:54 AM okhttp3.mockwebserver.MockWebServer$3 processOneRequest
INFO: MockWebServer[56921] received request: GET /apis/apiextensions.k8s.io/v1beta1/customresourcedefinitions/entandoapppluginlinks.entando.org HTTP/1.1 and responded: HTTP/1.1 404 Client Error
Mar 29, 2021 8:00:54 AM okhttp3.mockwebserver.MockWebServer$3 processOneRequest
INFO: MockWebServer[56921] received request: POST /apis/apiextensions.k8s.io/v1beta1/customresourcedefinitions HTTP/1.1 and responded: HTTP/1.1 202 OK
Mar 29, 2021 8:00:54 AM okhttp3.mockwebserver.MockWebServer$3 processOneRequest
INFO: MockWebServer[56921] received request: GET /api/v1/namespaces/test HTTP/1.1 and responded: HTTP/1.1 404 Client Error
Mar 29, 2021 8:00:55 AM okhttp3.mockwebserver.MockWebServer$3 processOneRequest
INFO: MockWebServer[56921] received request: GET /apis/entando.org/v1/namespaces/default/entandoapppluginlinks HTTP/1.1 and responded: HTTP/1.1 200 OK
Mar 29, 2021 8:00:55 AM okhttp3.mockwebserver.MockWebServer$3 processOneRequest
INFO: MockWebServer[56921] received request: GET /api/v1/namespaces/test HTTP/1.1 and responded: HTTP/1.1 404 Client Error
Mar 29, 2021 8:00:55 AM okhttp3.mockwebserver.MockWebServer$3 processOneRequest
INFO: MockWebServer[56921] received request: GET /apis/entando.org/v1/namespaces/default/entandoapppluginlinks HTTP/1.1 and responded: HTTP/1.1 200 OK
Mar 29, 2021 8:00:55 AM okhttp3.mockwebserver.MockWebServer$3 processOneRequest
INFO: MockWebServer[56921] received request: GET /api/v1/namespaces/entando-k8s-custom-model-cums19 HTTP/1.1 and responded: HTTP/1.1 404 Client Error
Mar 29, 2021 8:00:55 AM okhttp3.mockwebserver.MockWebServer$3 processOneRequest
INFO: MockWebServer[56921] received request: POST /api/v1/namespaces HTTP/1.1 and responded: HTTP/1.1 202 OK
Mar 29, 2021 8:00:55 AM okhttp3.mockwebserver.MockWebServer$3 processOneRequest
INFO: MockWebServer[56921] received request: POST /apis/entando.org/v1/namespaces/entando-k8s-custom-model-cums19/entandoapppluginlinks HTTP/1.1 and responded: HTTP/1.1 202 OK
Mar 29, 2021 8:00:55 AM okhttp3.mockwebserver.MockWebServer$3 processOneRequest
INFO: MockWebServer[56921] received request: GET /apis/entando.org/v1/namespaces/entando-k8s-custom-model-cums19/entandoapppluginlinks/my-app-plugin-link HTTP/1.1 and responded: HTTP/1.1 200 OK
Mar 29, 2021 8:00:55 AM okhttp3.mockwebserver.MockWebServer$3 processOneRequest
INFO: MockWebServer[56921] received request: GET /apis/entando.org/v1/namespaces/entando-k8s-custom-model-cums19/entandoapppluginlinks/my-app-plugin-link HTTP/1.1 and responded: HTTP/1.1 200 OK
Mar 29, 2021 8:00:55 AM okhttp3.mockwebserver.MockWebServer$3 processOneRequest
INFO: MockWebServer[56921] received request: PATCH /apis/entando.org/v1/namespaces/entando-k8s-custom-model-cums19/entandoapppluginlinks/my-app-plugin-link HTTP/1.1 and responded: HTTP/1.1 202 OK
Mar 29, 2021 8:00:55 AM okhttp3.mockwebserver.MockWebServer$2 acceptConnections
INFO: MockWebServer[56921] done accepting connections: Socket closed
Mar 29, 2021 8:00:55 AM okhttp3.mockwebserver.MockWebServer$2 e**cute
INFO: MockWebServer[38909] starting to accept connections
Mar 29, 2021 8:00:55 AM okhttp3.mockwebserver.MockWebServer$3 processOneRequest
INFO: MockWebServer[38909] received request: GET /api/v1/namespaces/test HTTP/1.1 and responded: HTTP/1.1 404 Client Error
Mar 29, 2021 8:00:56 AM okhttp3.mockwebserver.MockWebServer$3 processOneRequest
INFO: MockWebServer[38909] received request: GET /apis/entando.org/v1/namespaces/default/entandoapppluginlinks HTTP/1.1 and responded: HTTP/1.1 200 OK
Mar 29, 2021 8:00:56 AM okhttp3.mockwebserver.MockWebServer$3 processOneRequest
INFO: MockWebServer[38909] received request: GET /api/v1/namespaces/test HTTP/1.1 and responded: HTTP/1.1 404 Client Error
Mar 29, 2021 8:00:56 AM okhttp3.mockwebserver.MockWebServer$3 processOneRequest
INFO: MockWebServer[38909] received request: GET /apis/entando.org/v1/namespaces/default/entandoapppluginlinks HTTP/1.1 and responded: HTTP/1.1 200 OK
Mar 29, 2021 8:00:56 AM okhttp3.mockwebserver.MockWebServer$3 processOneRequest
INFO: MockWebServer[38909] received request: GET /api/v1/namespaces/entando-k8s-custom-model-cums19 HTTP/1.1 and responded: HTTP/1.1 404 Client Error
Mar 29, 2021 8:00:56 AM okhttp3.mockwebserver.MockWebServer$3 processOneRequest
INFO: MockWebServer[38909] received request: POST /api/v1/namespaces HTTP/1.1 and responded: HTTP/1.1 202 OK
Mar 29, 2021 8:00:56 AM okhttp3.mockwebserver.MockWebServer$3 processOneRequest
INFO: MockWebServer[38909] received request: POST /apis/entando.org/v1/namespaces/entando-k8s-custom-model-cums19/entandoapppluginlinks HTTP/1.1 and responded: HTTP/1.1 202 OK
Mar 29, 2021 8:00:56 AM okhttp3.mockwebserver.MockWebServer$3 processOneRequest
INFO: MockWebServer[38909] received request: GET /apis/entando.org/v1/namespaces/entando-k8s-custom-model-cums19/entandoapppluginlinks/my-app-plugin-link HTTP/1.1 and responded: HTTP/1.1 200 OK
Mar 29, 2021 8:00:56 AM okhttp3.mockwebserver.MockWebServer$2 acceptConnections
INFO: MockWebServer[38909] done accepting connections: Socket closed
Mar 29, 2021 8:00:56 AM okhttp3.mockwebserver.MockWebServer$2 e**cute
INFO: MockWebServer[54238] starting to accept connections
Mar 29, 2021 8:00:56 AM okhttp3.mockwebserver.MockWebServer$3 processOneRequest
INFO: MockWebServer[54238] received request: GET /api/v1/namespaces/test HTTP/1.1 and responded: HTTP/1.1 404 Client Error
Mar 29, 2021 8:00:56 AM okhttp3.mockwebserver.MockWebServer$3 processOneRequest
INFO: MockWebServer[54238] received request: GET /apis/entando.org/v1/namespaces/default/entandoapppluginlinks HTTP/1.1 and responded: HTTP/1.1 200 OK
Mar 29, 2021 8:00:56 AM okhttp3.mockwebserver.MockWebServer$3 processOneRequest
INFO: MockWebServer[54238] received request: GET /api/v1/namespaces/test HTTP/1.1 and responded: HTTP/1.1 404 Client Error
Mar 29, 2021 8:00:56 AM okhttp3.mockwebserver.MockWebServer$3 processOneRequest
INFO: MockWebServer[54238] received request: GET /apis/entando.org/v1/namespaces/default/entandoapppluginlinks HTTP/1.1 and responded: HTTP/1.1 200 OK
Mar 29, 2021 8:00:56 AM okhttp3.mockwebserver.MockWebServer$3 processOneRequest
INFO: MockWebServer[54238] received request: GET /api/v1/namespaces/entando-k8s-custom-model-cums19 HTTP/1.1 and responded: HTTP/1.1 404 Client Error
Mar 29, 2021 8:00:57 AM okhttp3.mockwebserver.MockWebServer$3 processOneRequest
INFO: MockWebServer[54238] received request: POST /api/v1/namespaces HTTP/1.1 and responded: HTTP/1.1 202 OK
Mar 29, 2021 8:00:57 AM okhttp3.mockwebserver.MockWebServer$2 acceptConnections
INFO: MockWebServer[54238] done accepting connections: Socket closed
[INFO] Tests run: 3, Failures: 0, Errors: 0, Skipped: 0, Time elapsed: 2.366 s - in org.entando.kubernetes.model.inprocesstest.EntandoAppPluginLinkMockedTest
[INFO] Running org.entando.kubernetes.model.inprocesstest.EntandoCompositeAppMockedTest
Mar 29, 2021 8:00:57 AM okhttp3.mockwebserver.MockWebServer$2 e**cute
INFO: MockWebServer[59521] starting to accept connections
Mar 29, 2021 8:00:57 AM okhttp3.mockwebserver.MockWebServer$3 processOneRequest
INFO: MockWebServer[59521] received request: GET /apis/apiextensions.k8s.io/v1beta1/customresourcedefinitions/entandocompositeapps.entando.org HTTP/1.1 and responded: HTTP/1.1 404 Client Error
Mar 29, 2021 8:00:57 AM okhttp3.mockwebserver.MockWebServer$3 processOneRequest
INFO: MockWebServer[59521] received request: POST /apis/apiextensions.k8s.io/v1beta1/customresourcedefinitions HTTP/1.1 and responded: HTTP/1.1 202 OK
Mar 29, 2021 8:00:57 AM okhttp3.mockwebserver.MockWebServer$3 processOneRequest
INFO: MockWebServer[59521] received request: GET /api/v1/namespaces/test HTTP/1.1 and responded: HTTP/1.1 404 Client Error
Mar 29, 2021 8:00:57 AM okhttp3.mockwebserver.MockWebServer$3 processOneRequest
INFO: MockWebServer[59521] received request: GET /apis/entando.org/v1/namespaces/default/entandocompositeapps HTTP/1.1 and responded: HTTP/1.1 200 OK
Mar 29, 2021 8:00:57 AM okhttp3.mockwebserver.MockWebServer$3 processOneRequest
INFO: MockWebServer[59521] received request: GET /api/v1/namespaces/test HTTP/1.1 and responded: HTTP/1.1 404 Client Error
Mar 29, 2021 8:00:57 AM okhttp3.mockwebserver.MockWebServer$3 processOneRequest
INFO: MockWebServer[59521] received request: GET /apis/entando.org/v1/namespaces/default/entandocompositeapps HTTP/1.1 and responded: HTTP/1.1 200 OK
Mar 29, 2021 8:00:57 AM okhttp3.mockwebserver.MockWebServer$3 processOneRequest
INFO: MockWebServer[59521] received request: GET /api/v1/namespaces/entando-k8s-custom-model-cums19 HTTP/1.1 and responded: HTTP/1.1 404 Client Error
Mar 29, 2021 8:00:57 AM okhttp3.mockwebserver.MockWebServer$3 processOneRequest
INFO: MockWebServer[59521] received request: POST /api/v1/namespaces HTTP/1.1 and responded: HTTP/1.1 202 OK
Mar 29, 2021 8:00:57 AM okhttp3.mockwebserver.MockWebServer$3 processOneRequest
INFO: MockWebServer[59521] received request: POST /apis/entando.org/v1/namespaces/entando-k8s-custom-model-cums19/entandocompositeapps HTTP/1.1 and responded: HTTP/1.1 202 OK
Mar 29, 2021 8:00:58 AM okhttp3.mockwebserver.MockWebServer$3 processOneRequest
INFO: MockWebServer[59521] received request: GET /apis/entando.org/v1/namespaces/entando-k8s-custom-model-cums19/entandocompositeapps/my-comnposite-app HTTP/1.1 and responded: HTTP/1.1 200 OK
Mar 29, 2021 8:00:58 AM okhttp3.mockwebserver.MockWebServer$2 acceptConnections
INFO: MockWebServer[59521] done accepting connections: Socket closed
Mar 29, 2021 8:00:58 AM okhttp3.mockwebserver.MockWebServer$2 e**cute
INFO: MockWebServer[38427] starting to accept connections
Mar 29, 2021 8:00:58 AM okhttp3.mockwebserver.MockWebServer$3 processOneRequest
INFO: MockWebServer[38427] received request: GET /api/v1/namespaces/test HTTP/1.1 and responded: HTTP/1.1 404 Client Error
Mar 29, 2021 8:00:58 AM okhttp3.mockwebserver.MockWebServer$3 processOneRequest
INFO: MockWebServer[38427] received request: GET /apis/entando.org/v1/namespaces/default/entandocompositeapps HTTP/1.1 and responded: HTTP/1.1 200 OK
Mar 29, 2021 8:00:58 AM okhttp3.mockwebserver.MockWebServer$3 processOneRequest
INFO: MockWebServer[38427] received request: GET /api/v1/namespaces/test HTTP/1.1 and responded: HTTP/1.1 404 Client Error
Mar 29, 2021 8:00:58 AM okhttp3.mockwebserver.MockWebServer$3 processOneRequest
INFO: MockWebServer[38427] received request: GET /apis/entando.org/v1/namespaces/default/entandocompositeapps HTTP/1.1 and responded: HTTP/1.1 200 OK
Mar 29, 2021 8:00:58 AM okhttp3.mockwebserver.MockWebServer$3 processOneRequest
INFO: MockWebServer[38427] received request: GET /api/v1/namespaces/entando-k8s-custom-model-cums19 HTTP/1.1 and responded: HTTP/1.1 404 Client Error
Mar 29, 2021 8:00:58 AM okhttp3.mockwebserver.MockWebServer$3 processOneRequest
INFO: MockWebServer[38427] received request: POST /api/v1/namespaces HTTP/1.1 and responded: HTTP/1.1 202 OK
Mar 29, 2021 8:00:58 AM okhttp3.mockwebserver.MockWebServer$3 processOneRequest
INFO: MockWebServer[38427] received request: POST /apis/entando.org/v1/namespaces/entando-k8s-custom-model-cums19/entandocompositeapps HTTP/1.1 and responded: HTTP/1.1 202 OK
Mar 29, 2021 8:00:58 AM okhttp3.mockwebserver.MockWebServer$3 processOneRequest
INFO: MockWebServer[38427] received request: GET /apis/entando.org/v1/namespaces/entando-k8s-custom-model-cums19/entandocompositeapps/my-comnposite-app HTTP/1.1 and responded: HTTP/1.1 200 OK
Mar 29, 2021 8:00:58 AM okhttp3.mockwebserver.MockWebServer$3 processOneRequest
INFO: MockWebServer[38427] received request: GET /apis/entando.org/v1/namespaces/entando-k8s-custom-model-cums19/entandocompositeapps/my-comnposite-app HTTP/1.1 and responded: HTTP/1.1 200 OK
Mar 29, 2021 8:00:58 AM okhttp3.mockwebserver.MockWebServer$3 processOneRequest
INFO: MockWebServer[38427] received request: PATCH /apis/entando.org/v1/namespaces/entando-k8s-custom-model-cums19/entandocompositeapps/my-comnposite-app HTTP/1.1 and responded: HTTP/1.1 202 OK
Mar 29, 2021 8:00:59 AM okhttp3.mockwebserver.MockWebServer$3 processOneRequest
INFO: MockWebServer[38427] received request: PUT /apis/entando.org/v1/namespaces/entando-k8s-custom-model-cums19/entandocompositeapps/my-comnposite-app/status HTTP/1.1 and responded: HTTP/1.1 202 OK
Mar 29, 2021 8:00:59 AM okhttp3.mockwebserver.MockWebServer$2 acceptConnections
INFO: MockWebServer[38427] done accepting connections: Socket closed
Mar 29, 2021 8:00:59 AM okhttp3.mockwebserver.MockWebServer$2 e**cute
INFO: MockWebServer[51861] starting to accept connections
Mar 29, 2021 8:00:59 AM okhttp3.mockwebserver.MockWebServer$3 processOneRequest
INFO: MockWebServer[51861] received request: GET /api/v1/namespaces/test HTTP/1.1 and responded: HTTP/1.1 404 Client Error
Mar 29, 2021 8:00:59 AM okhttp3.mockwebserver.MockWebServer$3 processOneRequest
INFO: MockWebServer[51861] received request: GET /apis/entando.org/v1/namespaces/default/entandocompositeapps HTTP/1.1 and responded: HTTP/1.1 200 OK
Mar 29, 2021 8:00:59 AM okhttp3.mockwebserver.MockWebServer$3 processOneRequest
INFO: MockWebServer[51861] received request: GET /api/v1/namespaces/test HTTP/1.1 and responded: HTTP/1.1 404 Client Error
Mar 29, 2021 8:00:59 AM okhttp3.mockwebserver.MockWebServer$3 processOneRequest
INFO: MockWebServer[51861] received request: GET /apis/entando.org/v1/namespaces/default/entandocompositeapps HTTP/1.1 and responded: HTTP/1.1 200 OK
Mar 29, 2021 8:00:59 AM okhttp3.mockwebserver.MockWebServer$3 processOneRequest
INFO: MockWebServer[51861] received request: GET /api/v1/namespaces/entando-k8s-custom-model-cums19 HTTP/1.1 and responded: HTTP/1.1 404 Client Error
Mar 29, 2021 8:00:59 AM okhttp3.mockwebserver.MockWebServer$3 processOneRequest
INFO: MockWebServer[51861] received request: POST /api/v1/namespaces HTTP/1.1 and responded: HTTP/1.1 202 OK
Mar 29, 2021 8:00:59 AM okhttp3.mockwebserver.MockWebServer$2 acceptConnections
INFO: MockWebServer[51861] done accepting connections: Socket closed
[INFO] Tests run: 3, Failures: 0, Errors: 0, Skipped: 0, Time elapsed: 2.5 s - in org.entando.kubernetes.model.inprocesstest.EntandoCompositeAppMockedTest
[INFO] Running org.entando.kubernetes.model.inprocesstest.EntandoAppMockedTest
Mar 29, 2021 8:00:59 AM okhttp3.mockwebserver.MockWebServer$2 e**cute
INFO: MockWebServer[56634] starting to accept connections
Mar 29, 2021 8:00:59 AM okhttp3.mockwebserver.MockWebServer$3 processOneRequest
INFO: MockWebServer[56634] received request: GET /apis/apiextensions.k8s.io/v1beta1/customresourcedefinitions/entandoapps.entando.org HTTP/1.1 and responded: HTTP/1.1 404 Client Error
Mar 29, 2021 8:00:59 AM okhttp3.mockwebserver.MockWebServer$3 processOneRequest
INFO: MockWebServer[56634] received request: POST /apis/apiextensions.k8s.io/v1beta1/customresourcedefinitions HTTP/1.1 and responded: HTTP/1.1 202 OK
Mar 29, 2021 8:00:59 AM okhttp3.mockwebserver.MockWebServer$3 processOneRequest
INFO: MockWebServer[56634] received request: GET /api/v1/namespaces/test HTTP/1.1 and responded: HTTP/1.1 404 Client Error
Mar 29, 2021 8:00:59 AM okhttp3.mockwebserver.MockWebServer$3 processOneRequest
INFO: MockWebServer[56634] received request: GET /apis/entando.org/v1/namespaces/default/entandoapps HTTP/1.1 and responded: HTTP/1.1 200 OK
Mar 29, 2021 8:01:00 AM okhttp3.mockwebserver.MockWebServer$3 processOneRequest
INFO: MockWebServer[56634] received request: GET /api/v1/namespaces/test HTTP/1.1 and responded: HTTP/1.1 404 Client Error
Mar 29, 2021 8:01:00 AM okhttp3.mockwebserver.MockWebServer$3 processOneRequest
INFO: MockWebServer[56634] received request: GET /apis/entando.org/v1/namespaces/default/entandoapps HTTP/1.1 and responded: HTTP/1.1 200 OK
Mar 29, 2021 8:01:00 AM okhttp3.mockwebserver.MockWebServer$3 processOneRequest
INFO: MockWebServer[56634] received request: GET /api/v1/namespaces/entando-k8s-custom-model-cums19 HTTP/1.1 and responded: HTTP/1.1 404 Client Error
Mar 29, 2021 8:01:00 AM okhttp3.mockwebserver.MockWebServer$3 processOneRequest
INFO: MockWebServer[56634] received request: POST /api/v1/namespaces HTTP/1.1 and responded: HTTP/1.1 202 OK
Mar 29, 2021 8:01:00 AM okhttp3.mockwebserver.MockWebServer$3 processOneRequest
INFO: MockWebServer[56634] received request: POST /apis/entando.org/v1/namespaces/entando-k8s-custom-model-cums19/entandoapps HTTP/1.1 and responded: HTTP/1.1 202 OK
Mar 29, 2021 8:01:00 AM okhttp3.mockwebserver.MockWebServer$3 processOneRequest
INFO: MockWebServer[56634] received request: GET /apis/entando.org/v1/namespaces/entando-k8s-custom-model-cums19/entandoapps/my-app HTTP/1.1 and responded: HTTP/1.1 200 OK
Mar 29, 2021 8:01:00 AM okhttp3.mockwebserver.MockWebServer$3 processOneRequest
INFO: MockWebServer[56634] received request: GET /apis/entando.org/v1/namespaces/entando-k8s-custom-model-cums19/entandoapps/my-app HTTP/1.1 and responded: HTTP/1.1 200 OK
Mar 29, 2021 8:01:00 AM okhttp3.mockwebserver.MockWebServer$3 processOneRequest
INFO: MockWebServer[56634] received request: GET /apis/entando.org/v1/namespaces/entando-k8s-custom-model-cums19/entandoapps/my-app HTTP/1.1 and responded: HTTP/1.1 200 OK
Mar 29, 2021 8:01:00 AM okhttp3.mockwebserver.MockWebServer$3 processOneRequest
INFO: MockWebServer[56634] received request: PATCH /apis/entando.org/v1/namespaces/entando-k8s-custom-model-cums19/entandoapps/my-app HTTP/1.1 and responded: HTTP/1.1 202 OK
Mar 29, 2021 8:01:00 AM okhttp3.mockwebserver.MockWebServer$2 acceptConnections
INFO: MockWebServer[56634] done accepting connections: Socket closed
Mar 29, 2021 8:01:00 AM okhttp3.mockwebserver.MockWebServer$2 e**cute
INFO: MockWebServer[40966] starting to accept connections
Mar 29, 2021 8:01:00 AM okhttp3.mockwebserver.MockWebServer$3 processOneRequest
INFO: MockWebServer[40966] received request: GET /api/v1/namespaces/test HTTP/1.1 and responded: HTTP/1.1 404 Client Error
Mar 29, 2021 8:01:00 AM okhttp3.mockwebserver.MockWebServer$3 processOneRequest
INFO: MockWebServer[40966] received request: GET /apis/entando.org/v1/namespaces/default/entandoapps HTTP/1.1 and responded: HTTP/1.1 200 OK
Mar 29, 2021 8:01:01 AM okhttp3.mockwebserver.MockWebServer$3 processOneRequest
INFO: MockWebServer[40966] received request: GET /api/v1/namespaces/test HTTP/1.1 and responded: HTTP/1.1 404 Client Error
Mar 29, 2021 8:01:01 AM okhttp3.mockwebserver.MockWebServer$3 processOneRequest
INFO: MockWebServer[40966] received request: GET /apis/entando.org/v1/namespaces/default/entandoapps HTTP/1.1 and responded: HTTP/1.1 200 OK
Mar 29, 2021 8:01:01 AM okhttp3.mockwebserver.MockWebServer$3 processOneRequest
INFO: MockWebServer[40966] received request: GET /api/v1/namespaces/entando-k8s-custom-model-cums19 HTTP/1.1 and responded: HTTP/1.1 404 Client Error
Mar 29, 2021 8:01:01 AM okhttp3.mockwebserver.MockWebServer$3 processOneRequest
INFO: MockWebServer[40966] received request: POST /api/v1/namespaces HTTP/1.1 and responded: HTTP/1.1 202 OK
Mar 29, 2021 8:01:01 AM okhttp3.mockwebserver.MockWebServer$3 processOneRequest
INFO: MockWebServer[40966] received request: POST /apis/entando.org/v1/namespaces/entando-k8s-custom-model-cums19/entandoapps HTTP/1.1 and responded: HTTP/1.1 202 OK
Mar 29, 2021 8:01:01 AM okhttp3.mockwebserver.MockWebServer$3 processOneRequest
INFO: MockWebServer[40966] received request: GET /apis/entando.org/v1/namespaces/entando-k8s-custom-model-cums19/entandoapps/my-app HTTP/1.1 and responded: HTTP/1.1 200 OK
Mar 29, 2021 8:01:01 AM okhttp3.mockwebserver.MockWebServer$2 acceptConnections
INFO: MockWebServer[40966] done accepting connections: Socket closed
Mar 29, 2021 8:01:01 AM okhttp3.mockwebserver.MockWebServer$2 e**cute
INFO: MockWebServer[35744] starting to accept connections
Mar 29, 2021 8:01:01 AM okhttp3.mockwebserver.MockWebServer$3 processOneRequest
INFO: MockWebServer[35744] received request: GET /api/v1/namespaces/test HTTP/1.1 and responded: HTTP/1.1 404 Client Error
Mar 29, 2021 8:01:01 AM okhttp3.mockwebserver.MockWebServer$3 processOneRequest
INFO: MockWebServer[35744] received request: GET /apis/entando.org/v1/namespaces/default/entandoapps HTTP/1.1 and responded: HTTP/1.1 200 OK
Mar 29, 2021 8:01:01 AM okhttp3.mockwebserver.MockWebServer$3 processOneRequest
INFO: MockWebServer[35744] received request: GET /api/v1/namespaces/test HTTP/1.1 and responded: HTTP/1.1 404 Client Error
Mar 29, 2021 8:01:01 AM okhttp3.mockwebserver.MockWebServer$3 processOneRequest
INFO: MockWebServer[35744] received request: GET /apis/entando.org/v1/namespaces/default/entandoapps HTTP/1.1 and responded: HTTP/1.1 200 OK
Mar 29, 2021 8:01:01 AM okhttp3.mockwebserver.MockWebServer$3 processOneRequest
INFO: MockWebServer[35744] received request: GET /api/v1/namespaces/entando-k8s-custom-model-cums19 HTTP/1.1 and responded: HTTP/1.1 404 Client Error
Mar 29, 2021 8:01:02 AM okhttp3.mockwebserver.MockWebServer$3 processOneRequest
INFO: MockWebServer[35744] received request: POST /api/v1/namespaces HTTP/1.1 and responded: HTTP/1.1 202 OK
Mar 29, 2021 8:01:02 AM okhttp3.mockwebserver.MockWebServer$2 acceptConnections
INFO: MockWebServer[35744] done accepting connections: Socket closed
[INFO] Tests run: 3, Failures: 0, Errors: 0, Skipped: 0, Time elapsed: 2.46 s - in org.entando.kubernetes.model.inprocesstest.EntandoAppMockedTest
[INFO] Running org.entando.kubernetes.model.inprocesstest.EntandoDatabaseServiceMockedTest
Mar 29, 2021 8:01:02 AM okhttp3.mockwebserver.MockWebServer$2 e**cute
INFO: MockWebServer[36832] starting to accept connections
Mar 29, 2021 8:01:02 AM okhttp3.mockwebserver.MockWebServer$3 processOneRequest
INFO: MockWebServer[36832] received request: GET /apis/apiextensions.k8s.io/v1beta1/customresourcedefinitions/entandodatabaseservices.entando.org HTTP/1.1 and responded: HTTP/1.1 404 Client Error
Mar 29, 2021 8:01:02 AM okhttp3.mockwebserver.MockWebServer$3 processOneRequest
INFO: MockWebServer[36832] received request: POST /apis/apiextensions.k8s.io/v1beta1/customresourcedefinitions HTTP/1.1 and responded: HTTP/1.1 202 OK
Mar 29, 2021 8:01:02 AM okhttp3.mockwebserver.MockWebServer$3 processOneRequest
INFO: MockWebServer[36832] received request: GET /api/v1/namespaces/test HTTP/1.1 and responded: HTTP/1.1 404 Client Error
Mar 29, 2021 8:01:02 AM okhttp3.mockwebserver.MockWebServer$3 processOneRequest
INFO: MockWebServer[36832] received request: GET /apis/entando.org/v1/namespaces/default/entandodatabaseservices HTTP/1.1 and responded: HTTP/1.1 200 OK
Mar 29, 2021 8:01:02 AM okhttp3.mockwebserver.MockWebServer$3 processOneRequest
INFO: MockWebServer[36832] received request: GET /api/v1/namespaces/test HTTP/1.1 and responded: HTTP/1.1 404 Client Error
Mar 29, 2021 8:01:02 AM okhttp3.mockwebserver.MockWebServer$3 processOneRequest
INFO: MockWebServer[36832] received request: GET /apis/entando.org/v1/namespaces/default/entandodatabaseservices HTTP/1.1 and responded: HTTP/1.1 200 OK
Mar 29, 2021 8:01:02 AM okhttp3.mockwebserver.MockWebServer$3 processOneRequest
INFO: MockWebServer[36832] received request: GET /api/v1/namespaces/entando-k8s-custom-model-cums19 HTTP/1.1 and responded: HTTP/1.1 404 Client Error
Mar 29, 2021 8:01:02 AM okhttp3.mockwebserver.MockWebServer$3 processOneRequest
INFO: MockWebServer[36832] received request: POST /api/v1/namespaces HTTP/1.1 and responded: HTTP/1.1 202 OK
Mar 29, 2021 8:01:02 AM okhttp3.mockwebserver.MockWebServer$3 processOneRequest
INFO: MockWebServer[36832] received request: POST /apis/entando.org/v1/namespaces/entando-k8s-custom-model-cums19/entandodatabaseservices HTTP/1.1 and responded: HTTP/1.1 202 OK
Mar 29, 2021 8:01:02 AM okhttp3.mockwebserver.MockWebServer$3 processOneRequest
INFO: MockWebServer[36832] received request: GET /apis/entando.org/v1/namespaces/entando-k8s-custom-model-cums19/entandodatabaseservices/my-external-database HTTP/1.1 and responded: HTTP/1.1 200 OK
Mar 29, 2021 8:01:02 AM okhttp3.mockwebserver.MockWebServer$2 acceptConnections
INFO: MockWebServer[36832] done accepting connections: Socket closed
Mar 29, 2021 8:01:03 AM okhttp3.mockwebserver.MockWebServer$2 e**cute
INFO: MockWebServer[48342] starting to accept connections
Mar 29, 2021 8:01:03 AM okhttp3.mockwebserver.MockWebServer$3 processOneRequest
INFO: MockWebServer[48342] received request: GET /api/v1/namespaces/test HTTP/1.1 and responded: HTTP/1.1 404 Client Error
Mar 29, 2021 8:01:03 AM okhttp3.mockwebserver.MockWebServer$3 processOneRequest
INFO: MockWebServer[48342] received request: GET /apis/entando.org/v1/namespaces/default/entandodatabaseservices HTTP/1.1 and responded: HTTP/1.1 200 OK
Mar 29, 2021 8:01:03 AM okhttp3.mockwebserver.MockWebServer$3 processOneRequest
INFO: MockWebServer[48342] received request: GET /api/v1/namespaces/test HTTP/1.1 and responded: HTTP/1.1 404 Client Error
Mar 29, 2021 8:01:03 AM okhttp3.mockwebserver.MockWebServer$3 processOneRequest
INFO: MockWebServer[48342] received request: GET /apis/entando.org/v1/namespaces/default/entandodatabaseservices HTTP/1.1 and responded: HTTP/1.1 200 OK
Mar 29, 2021 8:01:03 AM okhttp3.mockwebserver.MockWebServer$3 processOneRequest
INFO: MockWebServer[48342] received request: GET /api/v1/namespaces/entando-k8s-custom-model-cums19 HTTP/1.1 and responded: HTTP/1.1 404 Client Error
Mar 29, 2021 8:01:03 AM okhttp3.mockwebserver.MockWebServer$3 processOneRequest
INFO: MockWebServer[48342] received request: POST /api/v1/namespaces HTTP/1.1 and responded: HTTP/1.1 202 OK
Mar 29, 2021 8:01:03 AM okhttp3.mockwebserver.MockWebServer$3 processOneRequest
INFO: MockWebServer[48342] received request: POST /apis/entando.org/v1/namespaces/entando-k8s-custom-model-cums19/entandodatabaseservices HTTP/1.1 and responded: HTTP/1.1 202 OK
Mar 29, 2021 8:01:03 AM okhttp3.mockwebserver.MockWebServer$3 processOneRequest
INFO: MockWebServer[48342] received request: GET /apis/entando.org/v1/namespaces/entando-k8s-custom-model-cums19/entandodatabaseservices/my-external-database HTTP/1.1 and responded: HTTP/1.1 200 OK
Mar 29, 2021 8:01:03 AM okhttp3.mockwebserver.MockWebServer$3 processOneRequest
INFO: MockWebServer[48342] received request: GET /apis/entando.org/v1/namespaces/entando-k8s-custom-model-cums19/entandodatabaseservices/my-external-database HTTP/1.1 and responded: HTTP/1.1 200 OK
Mar 29, 2021 8:01:03 AM okhttp3.mockwebserver.MockWebServer$3 processOneRequest
INFO: MockWebServer[48342] received request: PATCH /apis/entando.org/v1/namespaces/entando-k8s-custom-model-cums19/entandodatabaseservices/my-external-database HTTP/1.1 and responded: HTTP/1.1 202 OK
Mar 29, 2021 8:01:03 AM okhttp3.mockwebserver.MockWebServer$2 acceptConnections
INFO: MockWebServer[48342] done accepting connections: Socket closed
Mar 29, 2021 8:01:03 AM okhttp3.mockwebserver.MockWebServer$2 e**cute
INFO: MockWebServer[56283] starting to accept connections
Mar 29, 2021 8:01:04 AM okhttp3.mockwebserver.MockWebServer$3 processOneRequest
INFO: MockWebServer[56283] received request: GET /api/v1/namespaces/test HTTP/1.1 and responded: HTTP/1.1 404 Client Error
Mar 29, 2021 8:01:04 AM okhttp3.mockwebserver.MockWebServer$3 processOneRequest
INFO: MockWebServer[56283] received request: GET /apis/entando.org/v1/namespaces/default/entandodatabaseservices HTTP/1.1 and responded: HTTP/1.1 200 OK
Mar 29, 2021 8:01:04 AM okhttp3.mockwebserver.MockWebServer$3 processOneRequest
INFO: MockWebServer[56283] received request: GET /api/v1/namespaces/test HTTP/1.1 and responded: HTTP/1.1 404 Client Error
Mar 29, 2021 8:01:04 AM okhttp3.mockwebserver.MockWebServer$3 processOneRequest
INFO: MockWebServer[56283] received request: GET /apis/entando.org/v1/namespaces/default/entandodatabaseservices HTTP/1.1 and responded: HTTP/1.1 200 OK
Mar 29, 2021 8:01:04 AM okhttp3.mockwebserver.MockWebServer$3 processOneRequest
INFO: MockWebServer[56283] received request: GET /api/v1/namespaces/entando-k8s-custom-model-cums19 HTTP/1.1 and responded: HTTP/1.1 404 Client Error
Mar 29, 2021 8:01:04 AM okhttp3.mockwebserver.MockWebServer$3 processOneRequest
INFO: MockWebServer[56283] received request: POST /api/v1/namespaces HTTP/1.1 and responded: HTTP/1.1 202 OK
Mar 29, 2021 8:01:04 AM okhttp3.mockwebserver.MockWebServer$2 acceptConnections
INFO: MockWebServer[56283] done accepting connections: Socket closed
[INFO] Tests run: 3, Failures: 0, Errors: 0, Skipped: 0, Time elapsed: 2.362 s - in org.entando.kubernetes.model.inprocesstest.EntandoDatabaseServiceMockedTest
[INFO] Running org.entando.kubernetes.model.interprocesstest.EntandoKeycloakServerIntegratedTest
[INFO] Tests run: 2, Failures: 0, Errors: 0, Skipped: 0, Time elapsed: 0.918 s - in org.entando.kubernetes.model.interprocesstest.EntandoKeycloakServerIntegratedTest
[INFO] Running org.entando.kubernetes.model.interprocesstest.EntandoAppPluginLinkIntegratedTest
[INFO] Tests run: 2, Failures: 0, Errors: 0, Skipped: 0, Time elapsed: 0.895 s - in org.entando.kubernetes.model.interprocesstest.EntandoAppPluginLinkIntegratedTest
[INFO] Running org.entando.kubernetes.model.interprocesstest.EntandoDatabaseServiceIntegratedTest
[INFO] Tests run: 2, Failures: 0, Errors: 0, Skipped: 0, Time elapsed: 0.886 s - in org.entando.kubernetes.model.interprocesstest.EntandoDatabaseServiceIntegratedTest
[INFO] Running org.entando.kubernetes.model.interprocesstest.EntandoPluginIntegratedTest
[INFO] Tests run: 2, Failures: 0, Errors: 0, Skipped: 0, Time elapsed: 0.826 s - in org.entando.kubernetes.model.interprocesstest.EntandoPluginIntegratedTest
[INFO] Running org.entando.kubernetes.model.interprocesstest.EntandoAppIntegratedTest
[INFO] Tests run: 2, Failures: 0, Errors: 0, Skipped: 0, Time elapsed: 0.769 s - in org.entando.kubernetes.model.interprocesstest.EntandoAppIntegratedTest
[INFO] Running org.entando.kubernetes.model.interprocesstest.EntandoDeBundleIntegratedTest
[INFO] Tests run: 2, Failures: 0, Errors: 0, Skipped: 0, Time elapsed: 0.712 s - in org.entando.kubernetes.model.interprocesstest.EntandoDeBundleIntegratedTest
[INFO] Running org.entando.kubernetes.model.interprocesstest.EntandoCompositeAppIntegratedTest
[INFO] Tests run: 2, Failures: 0, Errors: 0, Skipped: 0, Time elapsed: 0.819 s - in org.entando.kubernetes.model.interprocesstest.EntandoCompositeAppIntegratedTest
[INFO] Running org.entando.kubernetes.model.interprocesstest.EntandoClusterInfrastructureIntegratedTest
[INFO] Tests run: 3, Failures: 0, Errors: 0, Skipped: 0, Time elapsed: 1.363 s - in org.entando.kubernetes.model.interprocesstest.EntandoClusterInfrastructureIntegratedTest
[INFO] 
[INFO] Results:
[INFO] 
[INFO] Tests run: 42, Failures: 0, Errors: 0, Skipped: 0
[INFO] 
[INFO] 
[INFO] --- maven-jar-plugin:3.2.0:jar (default-jar) @ entando-k8s-custom-model ---
[INFO] Building jar: /workspace/source/target/entando-k8s-custom-model-6.3.3.jar
[INFO] 
[INFO] --- license-maven-plugin:2.0.0:aggregate-download-licenses (download-licenses) @ entando-k8s-custom-model ---
[WARNING] Unable to retrieve license from URL 'http://www.opensource.org/licenses/bsd-license.php' for dependency 'dk.brics.automaton:automaton:1.11-8': Read timed out
[WARNING] Unable to retrieve license from URL 'LICENSE.txt' for dependency 'org.awaitility:awaitility:4.0.1': null
[WARNING] Unable to retrieve license from URL 'http://www.opensource.org/licenses/bsd-license.php' for dependency 'org.hamcrest:hamcrest-core:1.3': Read timed out
[WARNING] There were 3 download errors - check the warnings above
[INFO] 
[INFO] --- maven-jar-plugin:3.2.0:test-jar (build-test-jar) @ entando-k8s-custom-model ---
[INFO] Building jar: /workspace/source/target/entando-k8s-custom-model-6.3.3-tests.jar
[INFO] 
[INFO] --- maven-source-plugin:3.2.1:jar-no-fork (attach-sources) @ entando-k8s-custom-model ---
[INFO] Building jar: /workspace/source/target/entando-k8s-custom-model-6.3.3-sources.jar
[INFO] 
[INFO] >>> maven-source-plugin:3.2.1:test-jar (attach-sources) > generate-sources @ entando-k8s-custom-model >>>
[INFO] 
[INFO] --- maven-checkstyle-plugin:3.1.1:check (validate) @ entando-k8s-custom-model ---
[INFO] Starting audit...
Audit done.
[INFO] You have 0 Checkstyle violations.
[INFO] 
[INFO] --- maven-checkstyle-plugin:3.1.1:checkstyle (validate) @ entando-k8s-custom-model ---
[INFO] Starting audit...
Audit done.
[INFO] 
[INFO] --- jacoco-maven-plugin:0.8.5:prepare-agent (prepare-agent) @ entando-k8s-custom-model ---
[INFO] argLine set to -javaagent:/home/jenkins/.mvnrepository/org/jacoco/org.jacoco.agent/0.8.5/org.jacoco.agent-0.8.5-runtime.jar=destfile=/workspace/source/target/jacoco.e**c
[INFO] 
[INFO] <<< maven-source-plugin:3.2.1:test-jar (attach-sources) < generate-sources @ entando-k8s-custom-model <<<
[INFO] 
[INFO] 
[INFO] --- maven-source-plugin:3.2.1:test-jar (attach-sources) @ entando-k8s-custom-model ---
[INFO] Building jar: /workspace/source/target/entando-k8s-custom-model-6.3.3-test-sources.jar
[INFO] 
[INFO] --- maven-javadoc-plugin:3.2.0:jar (attach-javadocs) @ entando-k8s-custom-model ---
[INFO] No previous run data found, generating javadoc.
[INFO] Building jar: /workspace/source/target/entando-k8s-custom-model-6.3.3-javadoc.jar
[INFO] 
[INFO] --- maven-surefire-report-plugin:3.0.0-M4:failsafe-report-only (integration-tests) @ entando-k8s-custom-model ---
[INFO] 
[INFO] --- dependency-check-maven:6.0.3:aggregate (default) @ entando-k8s-custom-model ---
[INFO] Checking for updates
[INFO] Skipping NVD check since last check was within 4 hours.
[INFO] Check for updates complete (83 ms)
[INFO] 

Dependency-Check is an open source tool performing a best effort analysis of 3rd party dependencies; false positives and false negatives may exist in the analysis performed by the tool. Use of the tool and the reporting provided constitutes acceptance for use in an AS IS condition, and there are NO warranties, implied or otherwise, with regard to the analysis or its use. Any use of the tool and the reporting provided is at the user’s risk. In no event shall the copyright holder or OWASP be held liable for any damages whatsoever arising out of or in connection with the use of this tool, the analysis performed, or the resulting report.


[INFO] Analysis Started
[INFO] Finished Archive Analyzer (1 seconds)
[INFO] Finished File Name Analyzer (0 seconds)
[INFO] Finished Jar Analyzer (0 seconds)
[INFO] Finished Dependency Merging Analyzer (0 seconds)
[INFO] Finished Version Filter Analyzer (0 seconds)
[INFO] Finished Hint Analyzer (0 seconds)
[INFO] Created CPE Index (4 seconds)
[INFO] Finished CPE Analyzer (6 seconds)
[INFO] Finished False Positive Analyzer (0 seconds)
[INFO] Finished NVD CVE Analyzer (0 seconds)
[INFO] Finished Sonatype OSS Index Analyzer (1 seconds)
[INFO] Finished Vulnerability Suppression Analyzer (0 seconds)
[INFO] Finished Dependency Bundling Analyzer (0 seconds)
[INFO] Analysis Complete (11 seconds)
[INFO] 
[INFO] --- jacoco-maven-plugin:0.8.5:report (report) @ entando-k8s-custom-model ---
[INFO] Loading e**cution data file /workspace/source/target/jacoco.e**c
[INFO] Analyzed bundle 'Entando Kubernetes Custom Model' with 144 classes
[INFO] 
[INFO] --- maven-gpg-plugin:1.6:sign (sign-artifacts) @ entando-k8s-custom-model ---
gpg: WARNING: unsafe permissions on homedir `********************'
gpg: WARNING: unsafe permissions on homedir `********************'
gpg: WARNING: unsafe permissions on homedir `********************'
gpg: WARNING: unsafe permissions on homedir `********************'
gpg: WARNING: unsafe permissions on homedir `********************'
gpg: WARNING: unsafe permissions on homedir `********************'
[INFO] 
[INFO] --- maven-surefire-report-plugin:3.0.0-M4:report-only (unit-tests) @ entando-k8s-custom-model ---
[WARNING] Unable to locate Test Source XRef to link to - DISABLED
[INFO] 
[INFO] --- maven-install-plugin:2.4:install (default-install) @ entando-k8s-custom-model ---
[INFO] Installing /workspace/source/target/entando-k8s-custom-model-6.3.3.jar to /home/jenkins/.mvnrepository/org/entando/entando-k8s-custom-model/6.3.3/entando-k8s-custom-model-6.3.3.jar
[INFO] Installing /workspace/source/pom.xml to /home/jenkins/.mvnrepository/org/entando/entando-k8s-custom-model/6.3.3/entando-k8s-custom-model-6.3.3.pom
[INFO] Installing /workspace/source/target/entando-k8s-custom-model-6.3.3-tests.jar to /home/jenkins/.mvnrepository/org/entando/entando-k8s-custom-model/6.3.3/entando-k8s-custom-model-6.3.3-tests.jar
[INFO] Installing /workspace/source/target/entando-k8s-custom-model-6.3.3-sources.jar to /home/jenkins/.mvnrepository/org/entando/entando-k8s-custom-model/6.3.3/entando-k8s-custom-model-6.3.3-sources.jar
[INFO] Installing /workspace/source/target/entando-k8s-custom-model-6.3.3-test-sources.jar to /home/jenkins/.mvnrepository/org/entando/entando-k8s-custom-model/6.3.3/entando-k8s-custom-model-6.3.3-test-sources.jar
[INFO] Installing /workspace/source/target/entando-k8s-custom-model-6.3.3-javadoc.jar to /home/jenkins/.mvnrepository/org/entando/entando-k8s-custom-model/6.3.3/entando-k8s-custom-model-6.3.3-javadoc.jar
[INFO] Installing /workspace/source/target/entando-k8s-custom-model-6.3.3.jar.asc to /home/jenkins/.mvnrepository/org/entando/entando-k8s-custom-model/6.3.3/entando-k8s-custom-model-6.3.3.jar.asc
[INFO] Installing /workspace/source/target/entando-k8s-custom-model-6.3.3.pom.asc to /home/jenkins/.mvnrepository/org/entando/entando-k8s-custom-model/6.3.3/entando-k8s-custom-model-6.3.3.pom.asc
[INFO] Installing /workspace/source/target/entando-k8s-custom-model-6.3.3-tests.jar.asc to /home/jenkins/.mvnrepository/org/entando/entando-k8s-custom-model/6.3.3/entando-k8s-custom-model-6.3.3-tests.jar.asc
[INFO] Installing /workspace/source/target/entando-k8s-custom-model-6.3.3-sources.jar.asc to /home/jenkins/.mvnrepository/org/entando/entando-k8s-custom-model/6.3.3/entando-k8s-custom-model-6.3.3-sources.jar.asc
[INFO] Installing /workspace/source/target/entando-k8s-custom-model-6.3.3-test-sources.jar.asc to /home/jenkins/.mvnrepository/org/entando/entando-k8s-custom-model/6.3.3/entando-k8s-custom-model-6.3.3-test-sources.jar.asc
[INFO] Installing /workspace/source/target/entando-k8s-custom-model-6.3.3-javadoc.jar.asc to /home/jenkins/.mvnrepository/org/entando/entando-k8s-custom-model/6.3.3/entando-k8s-custom-model-6.3.3-javadoc.jar.asc
[INFO] 
[INFO] --- maven-deploy-plugin:2.8.2:deploy (default-deploy) @ entando-k8s-custom-model ---
[INFO] Using alternate deployment repository local-nexus::default::http://nexus/repository/maven-releases/
[INFO] 
[INFO] --- maven-site-plugin:3.9.0:site (default-site) @ entando-k8s-custom-model ---
[INFO] configuring report plugin org.apache.maven.plugins:maven-project-info-reports-plugin:3.0.0
[INFO] 9 reports configured for maven-project-info-reports-plugin:3.0.0: dependency-info, distribution-management, index, ci-management, issue-management, licenses, plugins, scm, summary
[INFO] Rendering site with default locale English (en)
[WARNING] Unable to find a URL to the parent project. The parent menu will NOT be added.
[INFO] Relativizing decoration links with respect to localized project URL: https://central.entando.com
[INFO] Rendering content with org.apache.maven.skins:maven-default-skin:jar:1.3 skin.
[INFO] Generating "Dependency Information" report --- maven-project-info-reports-plugin:3.0.0:dependency-info
[INFO] Generating "About" report         --- maven-project-info-reports-plugin:3.0.0:index
[INFO] Generating "Issue Management" report --- maven-project-info-reports-plugin:3.0.0:issue-management
[INFO] Generating "Licenses" report      --- maven-project-info-reports-plugin:3.0.0:licenses
[INFO] Generating "Plugins" report       --- maven-project-info-reports-plugin:3.0.0:plugins
[INFO] Generating "Source Code Management" report --- maven-project-info-reports-plugin:3.0.0:scm
[INFO] Generating "Summary" report       --- maven-project-info-reports-plugin:3.0.0:summary
[INFO] 
[INFO] ----------------< org.entando:entando-k8s-custom-model >----------------
[INFO] Building Entando Kubernetes Custom Model 6.3.3
[INFO] --------------------------------[ jar ]---------------------------------
[INFO] 
[INFO] --- sonar-maven-plugin:3.8.0.2131:sonar (default-cli) @ entando-k8s-custom-model ---
[INFO] User cache: /****/.sonar/cache
[INFO] SonarQube version: 8.5.0
[INFO] Default locale: "en", source code encoding: "UTF-8"
[INFO] Load global settings
[INFO] Load global settings (done) | time=235ms
[INFO] Server id: 1BD809FA-AWHW8ct9-T_TB3XqouNu
[INFO] User cache: /****/.sonar/cache
[INFO] Load/download plugins
[INFO] Load plugins index
[INFO] Load plugins index (done) | time=80ms
[INFO] Load/download plugins (done) | time=24495ms
[INFO] Loaded core extensions: developer-scanner
[INFO] JavaScript/TypeScript frontend is enabled
[INFO] Load project settings for component key: 'entando-k8s_entando-k8s-custom-model'
[INFO] Load project settings for component key: 'entando-k8s_entando-k8s-custom-model' (done) | time=39ms
[INFO] Process project properties
[INFO] E**cute project builders
[INFO] E**cute project builders (done) | time=2ms
[INFO] Project key: entando-k8s_entando-k8s-custom-model
[INFO] Base dir: /workspace/source
[INFO] Working dir: /workspace/source/target/sonar
[INFO] Load project branches
[INFO] Load project branches (done) | time=33ms
[INFO] Check ALM binding of project 'entando-k8s_entando-k8s-custom-model'
[INFO] Detected project binding: BOUND
[INFO] Check ALM binding of project 'entando-k8s_entando-k8s-custom-model' (done) | time=22ms
[INFO] Load project pull requests
[INFO] Load project pull requests (done) | time=38ms
[INFO] Load branch configuration
[INFO] Load branch configuration (done) | time=4ms
[INFO] Load quality profiles
[INFO] Load quality profiles (done) | time=69ms
[INFO] Load active rules
[INFO] Load active rules (done) | time=1277ms
[INFO] Organization key: entando-k8s
[INFO] Indexing files...
[INFO] Project configuration:
[WARNING] Exception caught during e**cution of command '[/usr/local/git/bin/git, config, --******, --edit]' in '/usr/local/git/bin', return code '128', error message 'fatal: Invalid path '/usr/local/git/etc': No such file or directory
'
[INFO] 164 files inde**d
[INFO] 0 files ignored because of scm ignore settings
[INFO] Quality profile for java: Sonar way
[INFO] Quality profile for xml: Sonar way
[INFO] ------------- Run sensors on module Entando Kubernetes Custom Model
[INFO] JavaScript/TypeScript frontend is enabled
[INFO] Load metrics repository
[INFO] Load metrics repository (done) | time=32ms
[INFO] Sensor JavaSquidSensor [java]
[INFO] Configured Java source version (sonar.java.source): 8
[INFO] JavaClasspath initialization
[INFO] JavaClasspath initialization (done) | time=23ms
[INFO] JavaTestClasspath initialization
[INFO] JavaTestClasspath initialization (done) | time=2ms
[INFO] Java Main Files AST scan
[INFO] 135 source files to be analyzed
[INFO] Load project repositories
[INFO] Load project repositories (done) | time=133ms
[INFO] 92/135 files analyzed, current file: src/main/java/org/entando/kubernetes/model/ClusterInfrastructureAwareSpecFluent.java
[INFO] 135/135 source files have been analyzed
[INFO] Java Main Files AST scan (done) | time=11925ms
[INFO] Java Test Files AST scan
[INFO] 28 source files to be analyzed
[INFO] 28/28 source files have been analyzed
[INFO] Java Test Files AST scan (done) | time=1856ms
[INFO] Java Generated Files AST scan
[INFO] 0 source files to be analyzed
[INFO] 0/0 source files have been analyzed
[INFO] Java Generated Files AST scan (done) | time=1ms
[INFO] Sensor JavaSquidSensor [java] (done) | time=14254ms
[INFO] Sensor SonarCSS Rules [cssfamily]
[INFO] No CSS, PHP, HTML or VueJS files are found in the project. CSS analysis is skipped.
[INFO] Sensor SonarCSS Rules [cssfamily] (done) | time=2ms
[INFO] Sensor C# Project Type Information [csharp]
[INFO] Sensor C# Project Type Information [csharp] (done) | time=1ms
[INFO] Sensor C# Properties [csharp]
[INFO] Sensor C# Properties [csharp] (done) | time=1ms
[INFO] Sensor Import of Checkstyle issues [java]
[INFO] Importing /workspace/source/target/checkstyle-result.xml
[INFO] Sensor Import of Checkstyle issues [java] (done) | time=84ms
[INFO] Sensor SurefireSensor [java]
[INFO] parsing [/workspace/source/target/surefire-reports]
[INFO] Sensor SurefireSensor [java] (done) | time=71ms
[INFO] Sensor JavaXmlSensor [java]
[INFO] 1 source file to be analyzed
[INFO] 1/1 source file has been analyzed
[INFO] Sensor JavaXmlSensor [java] (done) | time=216ms
[INFO] Sensor HTML [web]
[INFO] Sensor HTML [web] (done) | time=6ms
[INFO] Sensor XML Sensor [xml]
[INFO] 1 source file to be analyzed
[INFO] 1/1 source file has been analyzed
[INFO] Sensor XML Sensor [xml] (done) | time=189ms
[INFO] Sensor VB.NET Project Type Information [vbnet]
[INFO] Sensor VB.NET Project Type Information [vbnet] (done) | time=1ms
[INFO] Sensor VB.NET Properties [vbnet]
[INFO] Sensor VB.NET Properties [vbnet] (done) | time=2ms
[INFO] Sensor JaCoCo XML Report Importer [jacoco]
[INFO] Importing 1 report(s). Turn your logs in debug mode in order to see the exhaustive list.
[INFO] Sensor JaCoCo XML Report Importer [jacoco] (done) | time=90ms
[INFO] Sensor ThymeLeaf template sensor [securityjavafrontend]
[INFO] Sensor ThymeLeaf template sensor [securityjavafrontend] (done) | time=3ms
[INFO] Sensor JavaSecuritySensor [security]
[INFO] Reading type hierarchy from: /workspace/source/target/sonar/ucfg2/java
[INFO] Read 296 type definitions
[INFO] Reading UCFGs from: /workspace/source/target/sonar/ucfg2/java
[INFO] 08:03:10.135476 Building Runtime Type propagation graph
[INFO] 08:03:10.209171 Running Tarjan on 2366 nodes
[INFO] 08:03:10.229994 Tarjan found 2275 components
[INFO] 08:03:10.249443 Variable type analysis: done
[INFO] 08:03:10.255438 Building Runtime Type propagation graph
[INFO] 08:03:10.287156 Running Tarjan on 2366 nodes
[INFO] 08:03:10.29245 Tarjan found 2275 components
[INFO] 08:03:10.303851 Variable type analysis: done
[INFO] Analyzing 661 ucfgs to detect vulnerabilities.
[INFO] All rules entrypoints : 0 Retained UCFGs : 0
[INFO] rule: S5131, entrypoints: 0
[INFO] rule: S5131 done
[INFO] rule: S3649, entrypoints: 0
[INFO] rule: S3649 done
[INFO] rule: S2076, entrypoints: 0
[INFO] rule: S2076 done
[INFO] rule: S2091, entrypoints: 0
[INFO] rule: S2091 done
[INFO] rule: S2078, entrypoints: 0
[INFO] rule: S2078 done
[INFO] rule: S2631, entrypoints: 0
[INFO] rule: S2631 done
[INFO] rule: S5135, entrypoints: 0
[INFO] rule: S5135 done
[INFO] rule: S2083, entrypoints: 0
[INFO] rule: S2083 done
[INFO] rule: S5167, entrypoints: 0
[INFO] rule: S5167 done
[INFO] rule: S5144, entrypoints: 0
[INFO] rule: S5144 done
[INFO] rule: S5145, entrypoints: 0
[INFO] rule: S5145 done
[INFO] rule: S5146, entrypoints: 0
[INFO] rule: S5146 done
[INFO] rule: S5334, entrypoints: 0
[INFO] rule: S5334 done
[INFO] rule: S6096, entrypoints: 0
[INFO] rule: S6096 done
[INFO] Sensor JavaSecuritySensor [security] (done) | time=1619ms
[INFO] Sensor CSharpSecuritySensor [security]
[INFO] Reading type hierarchy from: /workspace/source/target/ucfg_cs2
[INFO] Read 0 type definitions
[INFO] Reading UCFGs from: /workspace/source/target/ucfg_cs2
[INFO] No UCFGs have been included for analysis.
[INFO] Sensor CSharpSecuritySensor [security] (done) | time=1ms
[INFO] Sensor PhpSecuritySensor [security]
[INFO] Reading type hierarchy from: /workspace/source/target/sonar/ucfg2/php
[INFO] Read 0 type definitions
[INFO] Reading UCFGs from: /workspace/source/target/sonar/ucfg2/php
[INFO] No UCFGs have been included for analysis.
[INFO] Sensor PhpSecuritySensor [security] (done) | time=1ms
[INFO] Sensor PythonSecuritySensor [security]
[INFO] Reading type hierarchy from: /workspace/source/target/sonar/ucfg2/python
[INFO] Read 0 type definitions
[INFO] Reading UCFGs from: /workspace/source/target/sonar/ucfg2/python
[INFO] No UCFGs have been included for analysis.
[INFO] Sensor PythonSecuritySensor [security] (done) | time=2ms
[INFO] Sensor JsSecuritySensor [security]
[INFO] Reading type hierarchy from: /workspace/source/target/sonar/ucfg2/js
[INFO] Read 0 type definitions
[INFO] Reading UCFGs from: /workspace/source/target/sonar/ucfg2/js
[INFO] No UCFGs have been included for analysis.
[INFO] Sensor JsSecuritySensor [security] (done) | time=1ms
[INFO] ------------- Run sensors on project
[INFO] Sensor Zero Coverage Sensor
[INFO] Sensor Zero Coverage Sensor (done) | time=2ms
[INFO] Sensor Java CPD Block Inde**r
[INFO] Sensor Java CPD Block Inde**r (done) | time=141ms
[INFO] SCM Publisher SCM provider for this project is: git
[INFO] SCM Publisher 3 source files to be analyzed
[WARNING] Shallow clone detected, no blame information will be provided. You can convert to non-shallow with 'git fetch --unshallow'.
[INFO] SCM Publisher 0/3 source files have been analyzed (done) | time=3ms
[WARNING] Missing blame information for the following files:
[WARNING]   * src/main/java/org/entando/kubernetes/model/app/EntandoAppSpecFluent.java
[WARNING]   * pom.xml
[WARNING]   * src/main/java/org/entando/kubernetes/model/compositeapp/EntandoCompositeAppSpecFluent.java
[WARNING] This may lead to missing/broken features in SonarCloud
[INFO] CPD E**cutor 45 files had no CPD blocks
[INFO] CPD E**cutor Calculating CPD for 90 files
[INFO] CPD E**cutor CPD calculation finished (done) | time=94ms
[INFO] Analysis report generated in 236ms, dir size=859 KB
[INFO] Analysis report compressed in 353ms, zip size=457 KB
[INFO] Analysis report uploaded in 196ms
[INFO] ANALYSIS SUCCESSFUL, you can find the results at: https://sonarcloud.io/dashboard?id=entando-k8s_entando-k8s-custom-model
[INFO] Note that you will be able to access the updated dashboard once the server has processed the submitted analysis report
[INFO] More about the report processing at https://sonarcloud.io/api/ce/task?id=AXh9AhdULZtpbEBfgh9b
[INFO] Analysis total time: 24.293 s
[INFO] ------------------------------------------------------------------------
[INFO] BUILD SUCCESS
[INFO] ------------------------------------------------------------------------
[INFO] Total time:  02:59 min
[INFO] Finished at: 2021-03-29T08:03:12Z
[INFO] ------------------------------------------------------------------------
error: etcdserver: request is too large
Congratulations! No build failures found for entando-k8s-custom-model-master.

Showing logs for build [32mentando-k8s-entando-k8s-custom-jt5zp-19[0m stage [32mfrom-build-pack[0m and container [32mstep-promote-changelog[0m
Converted /workspace/source to an unshallow repository
Generating change log from git ref 034b95e6f7f837740f7102b940c0ff6e8e1ebbb3 => 90fe7fb9cdcef1c99078dddc998e036a9477db6e
Associating user ampie in users.jenkins.io with email ampie.private@gmail.com to git GitProvider user with login ampie-barnard as emails match
Adding label jenkins.io/git-github-userid=ampie-barnard to user ampie in users.jenkins.io
Associating user ampie in users.jenkins.io with email ampie.private@gmail.com to git GitProvider user with login ampie-barnard as emails match
Adding label jenkins.io/git-github-userid=ampie-barnard to user ampie in users.jenkins.io
Finding issues in commit messages using git format
WARNING: No release found for entando-k8s/entando-k8s-custom-model and tag v6.3.3 so creating a new release
Updated the release information at https://github.com/entando-k8s/entando-k8s-custom-model/releases/tag/v6.3.3
generated: /workspace/source/templates/release.yaml
Created Release entando-k8s-custom-model-6-3-3 resource in namespace **
Updating PipelineActivity entando-k8s-entando-k8s-custom-model-master-19 with version 6.3.3
Updated PipelineActivities entando-k8s-entando-k8s-custom-model-master-19 with release notes URL: https://github.com/entando-k8s/entando-k8s-custom-model/releases/tag/v6.3.3
