
Showing logs for build [32mentando-k8s-entando-k8s-custom-9dvnk-7[0m stage [32mfrom-build-pack[0m and container [32mcredential-initializer[0m
{"level":"info","ts":1620910564.6406589,"caller":"creds-init/main.go:44","msg":"Credentials initialized."}

Showing logs for build [32mentando-k8s-entando-k8s-custom-9dvnk-7[0m stage [32mfrom-build-pack[0m and container [32mworking-dir-initializer[0m

Showing logs for build [32mentando-k8s-entando-k8s-custom-9dvnk-7[0m stage [32mfrom-build-pack[0m and container [32mplace-tools[0m

Showing logs for build [32mentando-k8s-entando-k8s-custom-9dvnk-7[0m stage [32mfrom-build-pack[0m and container [32mstep-git-source-entando-k8s-entando-k8s-custom-9dvnk-ptdgd[0m
{"level":"info","ts":1620910591.5245059,"caller":"git/git.go:105","msg":"Successfully cloned https://github.com/entando-k8s/entando-k8s-custom-model.git @ v6.3.7 in path /workspace/source"}
{"level":"warn","ts":1620910591.5253038,"caller":"git/git.go:152","msg":"Unexpected error: creating symlink: symlink /tekton/home/.ssh /****/.ssh: file exists"}
{"level":"info","ts":1620910591.6281881,"caller":"git/git.go:133","msg":"Successfully initialized and updated submodules in path /workspace/source"}

Showing logs for build [32mentando-k8s-entando-k8s-custom-9dvnk-7[0m stage [32mfrom-build-pack[0m and container [32mstep-setup-builder-home[0m

Showing logs for build [32mentando-k8s-entando-k8s-custom-9dvnk-7[0m stage [32mfrom-build-pack[0m and container [32mstep-git-merge[0m
Using SHAs from PULL_REFS=master:3583b9f063328496fbc5a3453d397dc2487cde77
WARNING: no SHAs to merge, falling back to initial cloned commit

Showing logs for build [32mentando-k8s-entando-k8s-custom-9dvnk-7[0m stage [32mfrom-build-pack[0m and container [32mstep-setup-jx-git-credentials[0m
Generated Git credentials file /workspace/xdg_config/git/credentials

Showing logs for build [32mentando-k8s-entando-k8s-custom-9dvnk-7[0m stage [32mfrom-build-pack[0m and container [32mstep-build-fetch-history-for-sonar[0m
From https://github.com/entando-k8s/entando-k8s-custom-model
 * [new branch]      ENG-1218_added_resource_requirements -> origin/ENG-1218_added_resource_requirements
 * [new branch]      ENG-1301_single_host_quickstart -> origin/ENG-1301_single_host_quickstart
 * [new branch]      ENG-1447_improved_keycloak_config -> origin/ENG-1447_improved_keycloak_config
 * [new branch]      ENG-1737_added_standardImage_to_keycloak_crd -> origin/ENG-1737_added_standardImage_to_keycloak_crd
 * [new branch]      ENG-2284_latest_quarkus -> origin/ENG-2284_latest_quarkus
 * [new branch]      ENG-2284_removing_cluster_infrastructure -> origin/ENG-2284_removing_cluster_infrastructure
 * [new branch]      ENG-395_bundle-crd-rewrite -> origin/ENG-395_bundle-crd-rewrite
 * [new branch]      ENG-562_support_h2_and_derby -> origin/ENG-562_support_h2_and_derby
 * [new branch]      ENG-872_parameters_migrated_to_envvars -> origin/ENG-872_parameters_migrated_to_envvars
 * [new branch]      configurable_serviceacount -> origin/configurable_serviceacount
 * [new branch]      entando-**-patch-1      -> origin/entando-**-patch-1
 * [new branch]      entando-**-patch-2      -> origin/entando-**-patch-2
 * [new branch]      firegloves-owners       -> origin/firegloves-owners
 * [new branch]      latest-quarkus          -> origin/latest-quarkus
 * [new branch]      master                  -> origin/master
 * [new branch]      poste                   -> origin/poste
 * [new branch]      update-owners           -> origin/update-owners
 * [new tag]         v6.3.7                  -> v6.3.7

Showing logs for build [32mentando-k8s-entando-k8s-custom-9dvnk-7[0m stage [32mfrom-build-pack[0m and container [32mstep-build-mvn-deploy-release[0m
Picked up _JAVA_OPTIONS: -XX:+UnlockExperimentalVMOptions -Dsun.zip.disableMemoryMapping=**** -XX:+UseParallelGC -XX:MinHeapFreeRatio=5 -XX:MaxHeapFreeRatio=10 -XX:GCTimeRatio=4 -XX:AdaptiveSizePolicyWeight=90 -Xms10m -Xmx8000m
[INFO] Scanning for projects...
[INFO] 
[INFO] ----------------< org.entando:entando-k8s-custom-model >----------------
[INFO] Building Entando Kubernetes Custom Model 6.3.7
[INFO] --------------------------------[ jar ]---------------------------------
[INFO] 
[INFO] --- maven-clean-plugin:2.5:clean (default-clean) @ entando-k8s-custom-model ---
[INFO] 
[INFO] --- maven-checkstyle-plugin:3.1.1:check (validate) @ entando-k8s-custom-model ---
[INFO] Starting audit...
Audit done.
[INFO] You have 0 Checkstyle violations.
[INFO] 
[INFO] --- maven-checkstyle-plugin:3.1.1:checkstyle (validate) @ entando-k8s-custom-model ---
[INFO] Starting audit...
Audit done.
[INFO] 
[INFO] --- jacoco-maven-plugin:0.8.5:prepare-agent (prepare-agent) @ entando-k8s-custom-model ---
[INFO] argLine set to -javaagent:/home/jenkins/.mvnrepository/org/jacoco/org.jacoco.agent/0.8.5/org.jacoco.agent-0.8.5-runtime.jar=destfile=/workspace/source/target/jacoco.e**c
[INFO] 
[INFO] --- maven-resources-plugin:2.6:resources (default-resources) @ entando-k8s-custom-model ---
[INFO] Using 'UTF-8' encoding to copy filtered resources.
[INFO] Copying 18 resources
[INFO] 
[INFO] --- maven-compiler-plugin:3.8.1:compile (default-compile) @ entando-k8s-custom-model ---
[INFO] Changes detected - recompiling the module!
[INFO] Compiling 135 source files to /workspace/source/target/classes
[INFO] 
[INFO] --- maven-resources-plugin:2.6:testResources (default-testResources) @ entando-k8s-custom-model ---
[INFO] Using 'UTF-8' encoding to copy filtered resources.
[INFO] Copying 3 resources
[INFO] 
[INFO] --- maven-compiler-plugin:3.8.1:testCompile (default-testCompile) @ entando-k8s-custom-model ---
[INFO] Changes detected - recompiling the module!
[INFO] Compiling 28 source files to /workspace/source/target/test-classes
[INFO] 
[INFO] --- maven-surefire-plugin:3.0.0-M1:test (default-test) @ entando-k8s-custom-model ---
[INFO] 
[INFO] -------------------------------------------------------
[INFO]  T E S T S
[INFO] -------------------------------------------------------
[INFO] Running org.entando.kubernetes.model.inprocesstest.EntandoCustomResourceStatusTest
[INFO] Tests run: 1, Failures: 0, Errors: 0, Skipped: 0, Time elapsed: 2.617 s - in org.entando.kubernetes.model.inprocesstest.EntandoCustomResourceStatusTest
[INFO] Running org.entando.kubernetes.model.inprocesstest.EntandoPluginMockedTest
May 13, 2021 12:57:12 PM okhttp3.mockwebserver.MockWebServer$2 e**cute
INFO: MockWebServer[40336] starting to accept connections
May 13, 2021 12:57:13 PM okhttp3.mockwebserver.MockWebServer$3 processOneRequest
INFO: MockWebServer[40336] received request: GET /apis/apiextensions.k8s.io/v1beta1/customresourcedefinitions/entandoplugins.entando.org HTTP/1.1 and responded: HTTP/1.1 404 Client Error
May 13, 2021 12:57:13 PM okhttp3.mockwebserver.MockWebServer$3 processOneRequest
INFO: MockWebServer[40336] received request: POST /apis/apiextensions.k8s.io/v1beta1/customresourcedefinitions HTTP/1.1 and responded: HTTP/1.1 202 OK
May 13, 2021 12:57:13 PM okhttp3.mockwebserver.MockWebServer$3 processOneRequest
INFO: MockWebServer[40336] received request: GET /api/v1/namespaces/test HTTP/1.1 and responded: HTTP/1.1 404 Client Error
May 13, 2021 12:57:13 PM okhttp3.mockwebserver.MockWebServer$3 processOneRequest
INFO: MockWebServer[40336] received request: GET /apis/entando.org/v1/namespaces/default/entandoplugins HTTP/1.1 and responded: HTTP/1.1 200 OK
May 13, 2021 12:57:14 PM okhttp3.mockwebserver.MockWebServer$3 processOneRequest
INFO: MockWebServer[40336] received request: GET /api/v1/namespaces/test HTTP/1.1 and responded: HTTP/1.1 404 Client Error
May 13, 2021 12:57:14 PM okhttp3.mockwebserver.MockWebServer$3 processOneRequest
INFO: MockWebServer[40336] received request: GET /apis/entando.org/v1/namespaces/default/entandoplugins HTTP/1.1 and responded: HTTP/1.1 200 OK
May 13, 2021 12:57:14 PM okhttp3.mockwebserver.MockWebServer$3 processOneRequest
INFO: MockWebServer[40336] received request: GET /api/v1/namespaces/entando-k8s-custom-model-cums7 HTTP/1.1 and responded: HTTP/1.1 404 Client Error
May 13, 2021 12:57:14 PM okhttp3.mockwebserver.MockWebServer$3 processOneRequest
INFO: MockWebServer[40336] received request: POST /api/v1/namespaces HTTP/1.1 and responded: HTTP/1.1 202 OK
May 13, 2021 12:57:14 PM okhttp3.mockwebserver.MockWebServer$3 processOneRequest
INFO: MockWebServer[40336] received request: POST /apis/entando.org/v1/namespaces/entando-k8s-custom-model-cums7/entandoplugins HTTP/1.1 and responded: HTTP/1.1 202 OK
May 13, 2021 12:57:14 PM okhttp3.mockwebserver.MockWebServer$3 processOneRequest
INFO: MockWebServer[40336] received request: GET /apis/entando.org/v1/namespaces/entando-k8s-custom-model-cums7/entandoplugins/my-plugin HTTP/1.1 and responded: HTTP/1.1 200 OK
May 13, 2021 12:57:14 PM okhttp3.mockwebserver.MockWebServer$3 processOneRequest
INFO: MockWebServer[40336] received request: GET /apis/entando.org/v1/namespaces/entando-k8s-custom-model-cums7/entandoplugins/my-plugin HTTP/1.1 and responded: HTTP/1.1 200 OK
May 13, 2021 12:57:14 PM okhttp3.mockwebserver.MockWebServer$3 processOneRequest
INFO: MockWebServer[40336] received request: PATCH /apis/entando.org/v1/namespaces/entando-k8s-custom-model-cums7/entandoplugins/my-plugin HTTP/1.1 and responded: HTTP/1.1 202 OK
May 13, 2021 12:57:14 PM okhttp3.mockwebserver.MockWebServer$3 processOneRequest
INFO: MockWebServer[40336] received request: PUT /apis/entando.org/v1/namespaces/entando-k8s-custom-model-cums7/entandoplugins/my-plugin/status HTTP/1.1 and responded: HTTP/1.1 202 OK
May 13, 2021 12:57:14 PM okhttp3.mockwebserver.MockWebServer$2 acceptConnections
INFO: MockWebServer[40336] done accepting connections: Socket closed
May 13, 2021 12:57:14 PM okhttp3.mockwebserver.MockWebServer$2 e**cute
INFO: MockWebServer[54351] starting to accept connections
May 13, 2021 12:57:15 PM okhttp3.mockwebserver.MockWebServer$3 processOneRequest
INFO: MockWebServer[54351] received request: GET /api/v1/namespaces/test HTTP/1.1 and responded: HTTP/1.1 404 Client Error
May 13, 2021 12:57:15 PM okhttp3.mockwebserver.MockWebServer$3 processOneRequest
INFO: MockWebServer[54351] received request: GET /apis/entando.org/v1/namespaces/default/entandoplugins HTTP/1.1 and responded: HTTP/1.1 200 OK
May 13, 2021 12:57:15 PM okhttp3.mockwebserver.MockWebServer$3 processOneRequest
INFO: MockWebServer[54351] received request: GET /api/v1/namespaces/test HTTP/1.1 and responded: HTTP/1.1 404 Client Error
May 13, 2021 12:57:15 PM okhttp3.mockwebserver.MockWebServer$3 processOneRequest
INFO: MockWebServer[54351] received request: GET /apis/entando.org/v1/namespaces/default/entandoplugins HTTP/1.1 and responded: HTTP/1.1 200 OK
May 13, 2021 12:57:15 PM okhttp3.mockwebserver.MockWebServer$3 processOneRequest
INFO: MockWebServer[54351] received request: GET /api/v1/namespaces/entando-k8s-custom-model-cums7 HTTP/1.1 and responded: HTTP/1.1 404 Client Error
May 13, 2021 12:57:15 PM okhttp3.mockwebserver.MockWebServer$3 processOneRequest
INFO: MockWebServer[54351] received request: POST /api/v1/namespaces HTTP/1.1 and responded: HTTP/1.1 202 OK
May 13, 2021 12:57:15 PM okhttp3.mockwebserver.MockWebServer$3 processOneRequest
INFO: MockWebServer[54351] received request: POST /apis/entando.org/v1/namespaces/entando-k8s-custom-model-cums7/entandoplugins HTTP/1.1 and responded: HTTP/1.1 202 OK
May 13, 2021 12:57:15 PM okhttp3.mockwebserver.MockWebServer$3 processOneRequest
INFO: MockWebServer[54351] received request: GET /apis/entando.org/v1/namespaces/entando-k8s-custom-model-cums7/entandoplugins/my-plugin HTTP/1.1 and responded: HTTP/1.1 200 OK
May 13, 2021 12:57:15 PM okhttp3.mockwebserver.MockWebServer$2 acceptConnections
INFO: MockWebServer[54351] done accepting connections: Socket closed
May 13, 2021 12:57:15 PM okhttp3.mockwebserver.MockWebServer$2 e**cute
INFO: MockWebServer[49281] starting to accept connections
May 13, 2021 12:57:15 PM okhttp3.mockwebserver.MockWebServer$3 processOneRequest
INFO: MockWebServer[49281] received request: GET /api/v1/namespaces/test HTTP/1.1 and responded: HTTP/1.1 404 Client Error
May 13, 2021 12:57:15 PM okhttp3.mockwebserver.MockWebServer$3 processOneRequest
INFO: MockWebServer[49281] received request: GET /apis/entando.org/v1/namespaces/default/entandoplugins HTTP/1.1 and responded: HTTP/1.1 200 OK
May 13, 2021 12:57:15 PM okhttp3.mockwebserver.MockWebServer$3 processOneRequest
INFO: MockWebServer[49281] received request: GET /api/v1/namespaces/test HTTP/1.1 and responded: HTTP/1.1 404 Client Error
May 13, 2021 12:57:16 PM okhttp3.mockwebserver.MockWebServer$3 processOneRequest
INFO: MockWebServer[49281] received request: GET /apis/entando.org/v1/namespaces/default/entandoplugins HTTP/1.1 and responded: HTTP/1.1 200 OK
May 13, 2021 12:57:16 PM okhttp3.mockwebserver.MockWebServer$3 processOneRequest
INFO: MockWebServer[49281] received request: GET /api/v1/namespaces/entando-k8s-custom-model-cums7 HTTP/1.1 and responded: HTTP/1.1 404 Client Error
May 13, 2021 12:57:16 PM okhttp3.mockwebserver.MockWebServer$3 processOneRequest
INFO: MockWebServer[49281] received request: POST /api/v1/namespaces HTTP/1.1 and responded: HTTP/1.1 202 OK
May 13, 2021 12:57:16 PM okhttp3.mockwebserver.MockWebServer$2 acceptConnections
INFO: MockWebServer[49281] done accepting connections: Socket closed
[INFO] Tests run: 3, Failures: 0, Errors: 0, Skipped: 0, Time elapsed: 4.073 s - in org.entando.kubernetes.model.inprocesstest.EntandoPluginMockedTest
[INFO] Running org.entando.kubernetes.model.inprocesstest.EntandoKeycloakServerMockedTest
May 13, 2021 12:57:16 PM okhttp3.mockwebserver.MockWebServer$2 e**cute
INFO: MockWebServer[51162] starting to accept connections
May 13, 2021 12:57:16 PM okhttp3.mockwebserver.MockWebServer$3 processOneRequest
INFO: MockWebServer[51162] received request: GET /apis/apiextensions.k8s.io/v1beta1/customresourcedefinitions/entandokeycloakservers.entando.org HTTP/1.1 and responded: HTTP/1.1 404 Client Error
May 13, 2021 12:57:16 PM okhttp3.mockwebserver.MockWebServer$3 processOneRequest
INFO: MockWebServer[51162] received request: POST /apis/apiextensions.k8s.io/v1beta1/customresourcedefinitions HTTP/1.1 and responded: HTTP/1.1 202 OK
May 13, 2021 12:57:16 PM okhttp3.mockwebserver.MockWebServer$3 processOneRequest
INFO: MockWebServer[51162] received request: GET /api/v1/namespaces/test HTTP/1.1 and responded: HTTP/1.1 404 Client Error
May 13, 2021 12:57:16 PM okhttp3.mockwebserver.MockWebServer$3 processOneRequest
INFO: MockWebServer[51162] received request: GET /apis/entando.org/v1/namespaces/default/entandokeycloakservers HTTP/1.1 and responded: HTTP/1.1 200 OK
May 13, 2021 12:57:16 PM okhttp3.mockwebserver.MockWebServer$3 processOneRequest
INFO: MockWebServer[51162] received request: GET /api/v1/namespaces/test HTTP/1.1 and responded: HTTP/1.1 404 Client Error
May 13, 2021 12:57:16 PM okhttp3.mockwebserver.MockWebServer$3 processOneRequest
INFO: MockWebServer[51162] received request: GET /apis/entando.org/v1/namespaces/default/entandokeycloakservers HTTP/1.1 and responded: HTTP/1.1 200 OK
May 13, 2021 12:57:16 PM okhttp3.mockwebserver.MockWebServer$3 processOneRequest
INFO: MockWebServer[51162] received request: GET /api/v1/namespaces/entando-k8s-custom-model-cums7 HTTP/1.1 and responded: HTTP/1.1 404 Client Error
May 13, 2021 12:57:17 PM okhttp3.mockwebserver.MockWebServer$3 processOneRequest
INFO: MockWebServer[51162] received request: POST /api/v1/namespaces HTTP/1.1 and responded: HTTP/1.1 202 OK
May 13, 2021 12:57:17 PM okhttp3.mockwebserver.MockWebServer$3 processOneRequest
INFO: MockWebServer[51162] received request: POST /apis/entando.org/v1/namespaces/entando-k8s-custom-model-cums7/entandokeycloakservers HTTP/1.1 and responded: HTTP/1.1 202 OK
May 13, 2021 12:57:17 PM okhttp3.mockwebserver.MockWebServer$3 processOneRequest
INFO: MockWebServer[51162] received request: GET /apis/entando.org/v1/namespaces/entando-k8s-custom-model-cums7/entandokeycloakservers/my-keycloak HTTP/1.1 and responded: HTTP/1.1 200 OK
May 13, 2021 12:57:17 PM okhttp3.mockwebserver.MockWebServer$2 acceptConnections
INFO: MockWebServer[51162] done accepting connections: Socket closed
May 13, 2021 12:57:17 PM okhttp3.mockwebserver.MockWebServer$2 e**cute
INFO: MockWebServer[35540] starting to accept connections
May 13, 2021 12:57:17 PM okhttp3.mockwebserver.MockWebServer$3 processOneRequest
INFO: MockWebServer[35540] received request: GET /api/v1/namespaces/test HTTP/1.1 and responded: HTTP/1.1 404 Client Error
May 13, 2021 12:57:17 PM okhttp3.mockwebserver.MockWebServer$3 processOneRequest
INFO: MockWebServer[35540] received request: GET /apis/entando.org/v1/namespaces/default/entandokeycloakservers HTTP/1.1 and responded: HTTP/1.1 200 OK
May 13, 2021 12:57:17 PM okhttp3.mockwebserver.MockWebServer$3 processOneRequest
INFO: MockWebServer[35540] received request: GET /api/v1/namespaces/test HTTP/1.1 and responded: HTTP/1.1 404 Client Error
May 13, 2021 12:57:17 PM okhttp3.mockwebserver.MockWebServer$3 processOneRequest
INFO: MockWebServer[35540] received request: GET /apis/entando.org/v1/namespaces/default/entandokeycloakservers HTTP/1.1 and responded: HTTP/1.1 200 OK
May 13, 2021 12:57:17 PM okhttp3.mockwebserver.MockWebServer$3 processOneRequest
INFO: MockWebServer[35540] received request: GET /api/v1/namespaces/entando-k8s-custom-model-cums7 HTTP/1.1 and responded: HTTP/1.1 404 Client Error
May 13, 2021 12:57:17 PM okhttp3.mockwebserver.MockWebServer$3 processOneRequest
INFO: MockWebServer[35540] received request: POST /api/v1/namespaces HTTP/1.1 and responded: HTTP/1.1 202 OK
May 13, 2021 12:57:17 PM okhttp3.mockwebserver.MockWebServer$3 processOneRequest
INFO: MockWebServer[35540] received request: POST /apis/entando.org/v1/namespaces/entando-k8s-custom-model-cums7/entandokeycloakservers HTTP/1.1 and responded: HTTP/1.1 202 OK
May 13, 2021 12:57:17 PM okhttp3.mockwebserver.MockWebServer$3 processOneRequest
INFO: MockWebServer[35540] received request: GET /apis/entando.org/v1/namespaces/entando-k8s-custom-model-cums7/entandokeycloakservers/my-keycloak HTTP/1.1 and responded: HTTP/1.1 200 OK
May 13, 2021 12:57:18 PM okhttp3.mockwebserver.MockWebServer$3 processOneRequest
INFO: MockWebServer[35540] received request: GET /apis/entando.org/v1/namespaces/entando-k8s-custom-model-cums7/entandokeycloakservers/my-keycloak HTTP/1.1 and responded: HTTP/1.1 200 OK
May 13, 2021 12:57:18 PM okhttp3.mockwebserver.MockWebServer$3 processOneRequest
INFO: MockWebServer[35540] received request: PATCH /apis/entando.org/v1/namespaces/entando-k8s-custom-model-cums7/entandokeycloakservers/my-keycloak HTTP/1.1 and responded: HTTP/1.1 202 OK
May 13, 2021 12:57:18 PM okhttp3.mockwebserver.MockWebServer$3 processOneRequest
INFO: MockWebServer[35540] received request: PUT /apis/entando.org/v1/namespaces/entando-k8s-custom-model-cums7/entandokeycloakservers/my-keycloak/status HTTP/1.1 and responded: HTTP/1.1 202 OK
May 13, 2021 12:57:18 PM okhttp3.mockwebserver.MockWebServer$2 acceptConnections
INFO: MockWebServer[35540] done accepting connections: Socket closed
May 13, 2021 12:57:18 PM okhttp3.mockwebserver.MockWebServer$2 e**cute
INFO: MockWebServer[51561] starting to accept connections
May 13, 2021 12:57:18 PM okhttp3.mockwebserver.MockWebServer$3 processOneRequest
INFO: MockWebServer[51561] received request: GET /api/v1/namespaces/test HTTP/1.1 and responded: HTTP/1.1 404 Client Error
May 13, 2021 12:57:18 PM okhttp3.mockwebserver.MockWebServer$3 processOneRequest
INFO: MockWebServer[51561] received request: GET /apis/entando.org/v1/namespaces/default/entandokeycloakservers HTTP/1.1 and responded: HTTP/1.1 200 OK
May 13, 2021 12:57:18 PM okhttp3.mockwebserver.MockWebServer$3 processOneRequest
INFO: MockWebServer[51561] received request: GET /api/v1/namespaces/test HTTP/1.1 and responded: HTTP/1.1 404 Client Error
May 13, 2021 12:57:18 PM okhttp3.mockwebserver.MockWebServer$3 processOneRequest
INFO: MockWebServer[51561] received request: GET /apis/entando.org/v1/namespaces/default/entandokeycloakservers HTTP/1.1 and responded: HTTP/1.1 200 OK
May 13, 2021 12:57:18 PM okhttp3.mockwebserver.MockWebServer$3 processOneRequest
INFO: MockWebServer[51561] received request: GET /api/v1/namespaces/entando-k8s-custom-model-cums7 HTTP/1.1 and responded: HTTP/1.1 404 Client Error
May 13, 2021 12:57:18 PM okhttp3.mockwebserver.MockWebServer$3 processOneRequest
INFO: MockWebServer[51561] received request: POST /api/v1/namespaces HTTP/1.1 and responded: HTTP/1.1 202 OK
May 13, 2021 12:57:18 PM okhttp3.mockwebserver.MockWebServer$2 acceptConnections
INFO: MockWebServer[51561] done accepting connections: Socket closed
May 13, 2021 12:57:18 PM okhttp3.mockwebserver.MockWebServer$2 e**cute
INFO: MockWebServer[36512] starting to accept connections
[INFO] Tests run: 3, Failures: 0, Errors: 0, Skipped: 0, Time elapsed: 2.555 s - in org.entando.kubernetes.model.inprocesstest.EntandoKeycloakServerMockedTest
[INFO] Running org.entando.kubernetes.model.inprocesstest.EntandoClusterInfrastructureMockedTest
May 13, 2021 12:57:18 PM okhttp3.mockwebserver.MockWebServer$3 processOneRequest
INFO: MockWebServer[36512] received request: GET /apis/apiextensions.k8s.io/v1beta1/customresourcedefinitions/entandoclusterinfrastructures.entando.org HTTP/1.1 and responded: HTTP/1.1 404 Client Error
May 13, 2021 12:57:19 PM okhttp3.mockwebserver.MockWebServer$3 processOneRequest
INFO: MockWebServer[36512] received request: POST /apis/apiextensions.k8s.io/v1beta1/customresourcedefinitions HTTP/1.1 and responded: HTTP/1.1 202 OK
May 13, 2021 12:57:19 PM okhttp3.mockwebserver.MockWebServer$3 processOneRequest
INFO: MockWebServer[36512] received request: GET /api/v1/namespaces/test HTTP/1.1 and responded: HTTP/1.1 404 Client Error
May 13, 2021 12:57:19 PM okhttp3.mockwebserver.MockWebServer$3 processOneRequest
INFO: MockWebServer[36512] received request: GET /apis/entando.org/v1/namespaces/default/entandoclusterinfrastructures HTTP/1.1 and responded: HTTP/1.1 200 OK
May 13, 2021 12:57:19 PM okhttp3.mockwebserver.MockWebServer$3 processOneRequest
INFO: MockWebServer[36512] received request: GET /api/v1/namespaces/test HTTP/1.1 and responded: HTTP/1.1 404 Client Error
May 13, 2021 12:57:19 PM okhttp3.mockwebserver.MockWebServer$3 processOneRequest
INFO: MockWebServer[36512] received request: GET /apis/entando.org/v1/namespaces/default/entandoclusterinfrastructures HTTP/1.1 and responded: HTTP/1.1 200 OK
May 13, 2021 12:57:19 PM okhttp3.mockwebserver.MockWebServer$3 processOneRequest
INFO: MockWebServer[36512] received request: GET /api/v1/namespaces/entando-k8s-custom-model-cums7 HTTP/1.1 and responded: HTTP/1.1 404 Client Error
May 13, 2021 12:57:19 PM okhttp3.mockwebserver.MockWebServer$3 processOneRequest
INFO: MockWebServer[36512] received request: POST /api/v1/namespaces HTTP/1.1 and responded: HTTP/1.1 202 OK
May 13, 2021 12:57:19 PM okhttp3.mockwebserver.MockWebServer$3 processOneRequest
INFO: MockWebServer[36512] received request: POST /apis/entando.org/v1/namespaces/entando-k8s-custom-model-cums7/entandoclusterinfrastructures HTTP/1.1 and responded: HTTP/1.1 202 OK
May 13, 2021 12:57:19 PM okhttp3.mockwebserver.MockWebServer$3 processOneRequest
INFO: MockWebServer[36512] received request: GET /apis/entando.org/v1/namespaces/entando-k8s-custom-model-cums7/entandoclusterinfrastructures/my-entando-cluster-infrastructure HTTP/1.1 and responded: HTTP/1.1 200 OK
May 13, 2021 12:57:19 PM okhttp3.mockwebserver.MockWebServer$2 acceptConnections
INFO: MockWebServer[36512] done accepting connections: Socket closed
May 13, 2021 12:57:19 PM okhttp3.mockwebserver.MockWebServer$2 e**cute
INFO: MockWebServer[36253] starting to accept connections
May 13, 2021 12:57:19 PM okhttp3.mockwebserver.MockWebServer$3 processOneRequest
INFO: MockWebServer[36253] received request: GET /api/v1/namespaces/test HTTP/1.1 and responded: HTTP/1.1 404 Client Error
May 13, 2021 12:57:19 PM okhttp3.mockwebserver.MockWebServer$3 processOneRequest
INFO: MockWebServer[36253] received request: GET /apis/entando.org/v1/namespaces/default/entandoclusterinfrastructures HTTP/1.1 and responded: HTTP/1.1 200 OK
May 13, 2021 12:57:20 PM okhttp3.mockwebserver.MockWebServer$3 processOneRequest
INFO: MockWebServer[36253] received request: GET /api/v1/namespaces/test HTTP/1.1 and responded: HTTP/1.1 404 Client Error
May 13, 2021 12:57:20 PM okhttp3.mockwebserver.MockWebServer$3 processOneRequest
INFO: MockWebServer[36253] received request: GET /apis/entando.org/v1/namespaces/default/entandoclusterinfrastructures HTTP/1.1 and responded: HTTP/1.1 200 OK
May 13, 2021 12:57:20 PM okhttp3.mockwebserver.MockWebServer$3 processOneRequest
INFO: MockWebServer[36253] received request: GET /api/v1/namespaces/entando-k8s-custom-model-cums7 HTTP/1.1 and responded: HTTP/1.1 404 Client Error
May 13, 2021 12:57:20 PM okhttp3.mockwebserver.MockWebServer$3 processOneRequest
INFO: MockWebServer[36253] received request: POST /api/v1/namespaces HTTP/1.1 and responded: HTTP/1.1 202 OK
May 13, 2021 12:57:20 PM okhttp3.mockwebserver.MockWebServer$3 processOneRequest
INFO: MockWebServer[36253] received request: POST /apis/entando.org/v1/namespaces/entando-k8s-custom-model-cums7/entandoclusterinfrastructures HTTP/1.1 and responded: HTTP/1.1 202 OK
May 13, 2021 12:57:20 PM okhttp3.mockwebserver.MockWebServer$3 processOneRequest
INFO: MockWebServer[36253] received request: GET /apis/entando.org/v1/namespaces/entando-k8s-custom-model-cums7/entandoclusterinfrastructures/my-entando-cluster-infrastructure HTTP/1.1 and responded: HTTP/1.1 200 OK
May 13, 2021 12:57:20 PM okhttp3.mockwebserver.MockWebServer$3 processOneRequest
INFO: MockWebServer[36253] received request: GET /apis/entando.org/v1/namespaces/entando-k8s-custom-model-cums7/entandoclusterinfrastructures/my-entando-cluster-infrastructure HTTP/1.1 and responded: HTTP/1.1 200 OK
May 13, 2021 12:57:20 PM okhttp3.mockwebserver.MockWebServer$3 processOneRequest
INFO: MockWebServer[36253] received request: PATCH /apis/entando.org/v1/namespaces/entando-k8s-custom-model-cums7/entandoclusterinfrastructures/my-entando-cluster-infrastructure HTTP/1.1 and responded: HTTP/1.1 202 OK
May 13, 2021 12:57:20 PM okhttp3.mockwebserver.MockWebServer$3 processOneRequest
INFO: MockWebServer[36253] received request: PUT /apis/entando.org/v1/namespaces/entando-k8s-custom-model-cums7/entandoclusterinfrastructures/my-entando-cluster-infrastructure/status HTTP/1.1 and responded: HTTP/1.1 202 OK
May 13, 2021 12:57:20 PM okhttp3.mockwebserver.MockWebServer$2 acceptConnections
INFO: MockWebServer[36253] done accepting connections: Socket closed
May 13, 2021 12:57:20 PM okhttp3.mockwebserver.MockWebServer$2 e**cute
INFO: MockWebServer[43716] starting to accept connections
May 13, 2021 12:57:20 PM okhttp3.mockwebserver.MockWebServer$3 processOneRequest
INFO: MockWebServer[43716] received request: GET /api/v1/namespaces/test HTTP/1.1 and responded: HTTP/1.1 404 Client Error
May 13, 2021 12:57:20 PM okhttp3.mockwebserver.MockWebServer$3 processOneRequest
INFO: MockWebServer[43716] received request: GET /apis/entando.org/v1/namespaces/default/entandoclusterinfrastructures HTTP/1.1 and responded: HTTP/1.1 200 OK
May 13, 2021 12:57:21 PM okhttp3.mockwebserver.MockWebServer$3 processOneRequest
INFO: MockWebServer[43716] received request: GET /api/v1/namespaces/test HTTP/1.1 and responded: HTTP/1.1 404 Client Error
May 13, 2021 12:57:21 PM okhttp3.mockwebserver.MockWebServer$3 processOneRequest
INFO: MockWebServer[43716] received request: GET /apis/entando.org/v1/namespaces/default/entandoclusterinfrastructures HTTP/1.1 and responded: HTTP/1.1 200 OK
May 13, 2021 12:57:21 PM okhttp3.mockwebserver.MockWebServer$3 processOneRequest
INFO: MockWebServer[43716] received request: GET /api/v1/namespaces/entando-k8s-custom-model-cums7 HTTP/1.1 and responded: HTTP/1.1 404 Client Error
May 13, 2021 12:57:21 PM okhttp3.mockwebserver.MockWebServer$3 processOneRequest
INFO: MockWebServer[43716] received request: POST /api/v1/namespaces HTTP/1.1 and responded: HTTP/1.1 202 OK
May 13, 2021 12:57:21 PM okhttp3.mockwebserver.MockWebServer$2 acceptConnections
INFO: MockWebServer[43716] done accepting connections: Socket closed
[INFO] Tests run: 3, Failures: 0, Errors: 0, Skipped: 0, Time elapsed: 2.489 s - in org.entando.kubernetes.model.inprocesstest.EntandoClusterInfrastructureMockedTest
[INFO] Running org.entando.kubernetes.model.inprocesstest.EntandoDeBundleMockedTest
May 13, 2021 12:57:21 PM okhttp3.mockwebserver.MockWebServer$2 e**cute
INFO: MockWebServer[45752] starting to accept connections
May 13, 2021 12:57:21 PM okhttp3.mockwebserver.MockWebServer$3 processOneRequest
INFO: MockWebServer[45752] received request: GET /apis/apiextensions.k8s.io/v1beta1/customresourcedefinitions/entandodebundles.entando.org HTTP/1.1 and responded: HTTP/1.1 404 Client Error
May 13, 2021 12:57:21 PM okhttp3.mockwebserver.MockWebServer$3 processOneRequest
INFO: MockWebServer[45752] received request: POST /apis/apiextensions.k8s.io/v1beta1/customresourcedefinitions HTTP/1.1 and responded: HTTP/1.1 202 OK
May 13, 2021 12:57:21 PM okhttp3.mockwebserver.MockWebServer$3 processOneRequest
INFO: MockWebServer[45752] received request: GET /api/v1/namespaces/test HTTP/1.1 and responded: HTTP/1.1 404 Client Error
May 13, 2021 12:57:21 PM okhttp3.mockwebserver.MockWebServer$3 processOneRequest
INFO: MockWebServer[45752] received request: GET /apis/entando.org/v1/namespaces/default/entandodebundles HTTP/1.1 and responded: HTTP/1.1 200 OK
May 13, 2021 12:57:21 PM okhttp3.mockwebserver.MockWebServer$3 processOneRequest
INFO: MockWebServer[45752] received request: GET /api/v1/namespaces/test HTTP/1.1 and responded: HTTP/1.1 404 Client Error
May 13, 2021 12:57:21 PM okhttp3.mockwebserver.MockWebServer$3 processOneRequest
INFO: MockWebServer[45752] received request: GET /apis/entando.org/v1/namespaces/default/entandodebundles HTTP/1.1 and responded: HTTP/1.1 200 OK
May 13, 2021 12:57:21 PM okhttp3.mockwebserver.MockWebServer$3 processOneRequest
INFO: MockWebServer[45752] received request: GET /api/v1/namespaces/entando-k8s-custom-model-cums7 HTTP/1.1 and responded: HTTP/1.1 404 Client Error
May 13, 2021 12:57:22 PM okhttp3.mockwebserver.MockWebServer$3 processOneRequest
INFO: MockWebServer[45752] received request: POST /api/v1/namespaces HTTP/1.1 and responded: HTTP/1.1 202 OK
May 13, 2021 12:57:22 PM okhttp3.mockwebserver.MockWebServer$3 processOneRequest
INFO: MockWebServer[45752] received request: POST /apis/entando.org/v1/namespaces/entando-k8s-custom-model-cums7/entandodebundles HTTP/1.1 and responded: HTTP/1.1 202 OK
May 13, 2021 12:57:22 PM okhttp3.mockwebserver.MockWebServer$3 processOneRequest
INFO: MockWebServer[45752] received request: GET /apis/entando.org/v1/namespaces/entando-k8s-custom-model-cums7/entandodebundles/my-bundle HTTP/1.1 and responded: HTTP/1.1 200 OK
May 13, 2021 12:57:22 PM okhttp3.mockwebserver.MockWebServer$3 processOneRequest
INFO: MockWebServer[45752] received request: GET /apis/entando.org/v1/namespaces/entando-k8s-custom-model-cums7/entandodebundles/my-bundle HTTP/1.1 and responded: HTTP/1.1 200 OK
May 13, 2021 12:57:22 PM okhttp3.mockwebserver.MockWebServer$3 processOneRequest
INFO: MockWebServer[45752] received request: PATCH /apis/entando.org/v1/namespaces/entando-k8s-custom-model-cums7/entandodebundles/my-bundle HTTP/1.1 and responded: HTTP/1.1 202 OK
May 13, 2021 12:57:22 PM okhttp3.mockwebserver.MockWebServer$2 acceptConnections
INFO: MockWebServer[45752] done accepting connections: Socket closed
May 13, 2021 12:57:22 PM okhttp3.mockwebserver.MockWebServer$2 e**cute
INFO: MockWebServer[53731] starting to accept connections
May 13, 2021 12:57:22 PM okhttp3.mockwebserver.MockWebServer$3 processOneRequest
INFO: MockWebServer[53731] received request: GET /api/v1/namespaces/test HTTP/1.1 and responded: HTTP/1.1 404 Client Error
May 13, 2021 12:57:22 PM okhttp3.mockwebserver.MockWebServer$3 processOneRequest
INFO: MockWebServer[53731] received request: GET /apis/entando.org/v1/namespaces/default/entandodebundles HTTP/1.1 and responded: HTTP/1.1 200 OK
May 13, 2021 12:57:22 PM okhttp3.mockwebserver.MockWebServer$3 processOneRequest
INFO: MockWebServer[53731] received request: GET /api/v1/namespaces/test HTTP/1.1 and responded: HTTP/1.1 404 Client Error
May 13, 2021 12:57:22 PM okhttp3.mockwebserver.MockWebServer$3 processOneRequest
INFO: MockWebServer[53731] received request: GET /apis/entando.org/v1/namespaces/default/entandodebundles HTTP/1.1 and responded: HTTP/1.1 200 OK
May 13, 2021 12:57:22 PM okhttp3.mockwebserver.MockWebServer$3 processOneRequest
INFO: MockWebServer[53731] received request: GET /api/v1/namespaces/entando-k8s-custom-model-cums7 HTTP/1.1 and responded: HTTP/1.1 404 Client Error
May 13, 2021 12:57:23 PM okhttp3.mockwebserver.MockWebServer$3 processOneRequest
INFO: MockWebServer[53731] received request: POST /api/v1/namespaces HTTP/1.1 and responded: HTTP/1.1 202 OK
May 13, 2021 12:57:23 PM okhttp3.mockwebserver.MockWebServer$3 processOneRequest
INFO: MockWebServer[53731] received request: POST /apis/entando.org/v1/namespaces/entando-k8s-custom-model-cums7/entandodebundles HTTP/1.1 and responded: HTTP/1.1 202 OK
May 13, 2021 12:57:23 PM okhttp3.mockwebserver.MockWebServer$3 processOneRequest
INFO: MockWebServer[53731] received request: GET /apis/entando.org/v1/namespaces/entando-k8s-custom-model-cums7/entandodebundles/my-bundle HTTP/1.1 and responded: HTTP/1.1 200 OK
May 13, 2021 12:57:23 PM okhttp3.mockwebserver.MockWebServer$2 acceptConnections
INFO: MockWebServer[53731] done accepting connections: Socket closed
May 13, 2021 12:57:23 PM okhttp3.mockwebserver.MockWebServer$2 e**cute
INFO: MockWebServer[60557] starting to accept connections
May 13, 2021 12:57:23 PM okhttp3.mockwebserver.MockWebServer$3 processOneRequest
INFO: MockWebServer[60557] received request: GET /api/v1/namespaces/test HTTP/1.1 and responded: HTTP/1.1 404 Client Error
May 13, 2021 12:57:23 PM okhttp3.mockwebserver.MockWebServer$3 processOneRequest
INFO: MockWebServer[60557] received request: GET /apis/entando.org/v1/namespaces/default/entandodebundles HTTP/1.1 and responded: HTTP/1.1 200 OK
May 13, 2021 12:57:23 PM okhttp3.mockwebserver.MockWebServer$3 processOneRequest
INFO: MockWebServer[60557] received request: GET /api/v1/namespaces/test HTTP/1.1 and responded: HTTP/1.1 404 Client Error
May 13, 2021 12:57:23 PM okhttp3.mockwebserver.MockWebServer$3 processOneRequest
INFO: MockWebServer[60557] received request: GET /apis/entando.org/v1/namespaces/default/entandodebundles HTTP/1.1 and responded: HTTP/1.1 200 OK
May 13, 2021 12:57:23 PM okhttp3.mockwebserver.MockWebServer$3 processOneRequest
INFO: MockWebServer[60557] received request: GET /api/v1/namespaces/entando-k8s-custom-model-cums7 HTTP/1.1 and responded: HTTP/1.1 404 Client Error
May 13, 2021 12:57:23 PM okhttp3.mockwebserver.MockWebServer$3 processOneRequest
INFO: MockWebServer[60557] received request: POST /api/v1/namespaces HTTP/1.1 and responded: HTTP/1.1 202 OK
May 13, 2021 12:57:23 PM okhttp3.mockwebserver.MockWebServer$2 acceptConnections
INFO: MockWebServer[60557] done accepting connections: Socket closed
[INFO] Tests run: 3, Failures: 0, Errors: 0, Skipped: 0, Time elapsed: 2.382 s - in org.entando.kubernetes.model.inprocesstest.EntandoDeBundleMockedTest
[INFO] Running org.entando.kubernetes.model.inprocesstest.EntandoAppPluginLinkMockedTest
May 13, 2021 12:57:23 PM okhttp3.mockwebserver.MockWebServer$2 e**cute
INFO: MockWebServer[49819] starting to accept connections
May 13, 2021 12:57:23 PM okhttp3.mockwebserver.MockWebServer$3 processOneRequest
INFO: MockWebServer[49819] received request: GET /apis/apiextensions.k8s.io/v1beta1/customresourcedefinitions/entandoapppluginlinks.entando.org HTTP/1.1 and responded: HTTP/1.1 404 Client Error
May 13, 2021 12:57:24 PM okhttp3.mockwebserver.MockWebServer$3 processOneRequest
INFO: MockWebServer[49819] received request: POST /apis/apiextensions.k8s.io/v1beta1/customresourcedefinitions HTTP/1.1 and responded: HTTP/1.1 202 OK
May 13, 2021 12:57:24 PM okhttp3.mockwebserver.MockWebServer$3 processOneRequest
INFO: MockWebServer[49819] received request: GET /api/v1/namespaces/test HTTP/1.1 and responded: HTTP/1.1 404 Client Error
May 13, 2021 12:57:24 PM okhttp3.mockwebserver.MockWebServer$3 processOneRequest
INFO: MockWebServer[49819] received request: GET /apis/entando.org/v1/namespaces/default/entandoapppluginlinks HTTP/1.1 and responded: HTTP/1.1 200 OK
May 13, 2021 12:57:24 PM okhttp3.mockwebserver.MockWebServer$3 processOneRequest
INFO: MockWebServer[49819] received request: GET /api/v1/namespaces/test HTTP/1.1 and responded: HTTP/1.1 404 Client Error
May 13, 2021 12:57:24 PM okhttp3.mockwebserver.MockWebServer$3 processOneRequest
INFO: MockWebServer[49819] received request: GET /apis/entando.org/v1/namespaces/default/entandoapppluginlinks HTTP/1.1 and responded: HTTP/1.1 200 OK
May 13, 2021 12:57:24 PM okhttp3.mockwebserver.MockWebServer$3 processOneRequest
INFO: MockWebServer[49819] received request: GET /api/v1/namespaces/entando-k8s-custom-model-cums7 HTTP/1.1 and responded: HTTP/1.1 404 Client Error
May 13, 2021 12:57:24 PM okhttp3.mockwebserver.MockWebServer$3 processOneRequest
INFO: MockWebServer[49819] received request: POST /api/v1/namespaces HTTP/1.1 and responded: HTTP/1.1 202 OK
May 13, 2021 12:57:24 PM okhttp3.mockwebserver.MockWebServer$3 processOneRequest
INFO: MockWebServer[49819] received request: POST /apis/entando.org/v1/namespaces/entando-k8s-custom-model-cums7/entandoapppluginlinks HTTP/1.1 and responded: HTTP/1.1 202 OK
May 13, 2021 12:57:24 PM okhttp3.mockwebserver.MockWebServer$3 processOneRequest
INFO: MockWebServer[49819] received request: GET /apis/entando.org/v1/namespaces/entando-k8s-custom-model-cums7/entandoapppluginlinks/my-app-plugin-link HTTP/1.1 and responded: HTTP/1.1 200 OK
May 13, 2021 12:57:24 PM okhttp3.mockwebserver.MockWebServer$3 processOneRequest
INFO: MockWebServer[49819] received request: GET /apis/entando.org/v1/namespaces/entando-k8s-custom-model-cums7/entandoapppluginlinks/my-app-plugin-link HTTP/1.1 and responded: HTTP/1.1 200 OK
May 13, 2021 12:57:24 PM okhttp3.mockwebserver.MockWebServer$3 processOneRequest
INFO: MockWebServer[49819] received request: PATCH /apis/entando.org/v1/namespaces/entando-k8s-custom-model-cums7/entandoapppluginlinks/my-app-plugin-link HTTP/1.1 and responded: HTTP/1.1 202 OK
May 13, 2021 12:57:24 PM okhttp3.mockwebserver.MockWebServer$2 acceptConnections
INFO: MockWebServer[49819] done accepting connections: Socket closed
May 13, 2021 12:57:24 PM okhttp3.mockwebserver.MockWebServer$2 e**cute
INFO: MockWebServer[46973] starting to accept connections
May 13, 2021 12:57:25 PM okhttp3.mockwebserver.MockWebServer$3 processOneRequest
INFO: MockWebServer[46973] received request: GET /api/v1/namespaces/test HTTP/1.1 and responded: HTTP/1.1 404 Client Error
May 13, 2021 12:57:25 PM okhttp3.mockwebserver.MockWebServer$3 processOneRequest
INFO: MockWebServer[46973] received request: GET /apis/entando.org/v1/namespaces/default/entandoapppluginlinks HTTP/1.1 and responded: HTTP/1.1 200 OK
May 13, 2021 12:57:25 PM okhttp3.mockwebserver.MockWebServer$3 processOneRequest
INFO: MockWebServer[46973] received request: GET /api/v1/namespaces/test HTTP/1.1 and responded: HTTP/1.1 404 Client Error
May 13, 2021 12:57:25 PM okhttp3.mockwebserver.MockWebServer$3 processOneRequest
INFO: MockWebServer[46973] received request: GET /apis/entando.org/v1/namespaces/default/entandoapppluginlinks HTTP/1.1 and responded: HTTP/1.1 200 OK
May 13, 2021 12:57:25 PM okhttp3.mockwebserver.MockWebServer$3 processOneRequest
INFO: MockWebServer[46973] received request: GET /api/v1/namespaces/entando-k8s-custom-model-cums7 HTTP/1.1 and responded: HTTP/1.1 404 Client Error
May 13, 2021 12:57:25 PM okhttp3.mockwebserver.MockWebServer$3 processOneRequest
INFO: MockWebServer[46973] received request: POST /api/v1/namespaces HTTP/1.1 and responded: HTTP/1.1 202 OK
May 13, 2021 12:57:25 PM okhttp3.mockwebserver.MockWebServer$3 processOneRequest
INFO: MockWebServer[46973] received request: POST /apis/entando.org/v1/namespaces/entando-k8s-custom-model-cums7/entandoapppluginlinks HTTP/1.1 and responded: HTTP/1.1 202 OK
May 13, 2021 12:57:25 PM okhttp3.mockwebserver.MockWebServer$3 processOneRequest
INFO: MockWebServer[46973] received request: GET /apis/entando.org/v1/namespaces/entando-k8s-custom-model-cums7/entandoapppluginlinks/my-app-plugin-link HTTP/1.1 and responded: HTTP/1.1 200 OK
May 13, 2021 12:57:25 PM okhttp3.mockwebserver.MockWebServer$2 acceptConnections
INFO: MockWebServer[46973] done accepting connections: Socket closed
May 13, 2021 12:57:25 PM okhttp3.mockwebserver.MockWebServer$2 e**cute
INFO: MockWebServer[51568] starting to accept connections
May 13, 2021 12:57:25 PM okhttp3.mockwebserver.MockWebServer$3 processOneRequest
INFO: MockWebServer[51568] received request: GET /api/v1/namespaces/test HTTP/1.1 and responded: HTTP/1.1 404 Client Error
May 13, 2021 12:57:25 PM okhttp3.mockwebserver.MockWebServer$3 processOneRequest
INFO: MockWebServer[51568] received request: GET /apis/entando.org/v1/namespaces/default/entandoapppluginlinks HTTP/1.1 and responded: HTTP/1.1 200 OK
May 13, 2021 12:57:25 PM okhttp3.mockwebserver.MockWebServer$3 processOneRequest
INFO: MockWebServer[51568] received request: GET /api/v1/namespaces/test HTTP/1.1 and responded: HTTP/1.1 404 Client Error
May 13, 2021 12:57:25 PM okhttp3.mockwebserver.MockWebServer$3 processOneRequest
INFO: MockWebServer[51568] received request: GET /apis/entando.org/v1/namespaces/default/entandoapppluginlinks HTTP/1.1 and responded: HTTP/1.1 200 OK
May 13, 2021 12:57:26 PM okhttp3.mockwebserver.MockWebServer$3 processOneRequest
INFO: MockWebServer[51568] received request: GET /api/v1/namespaces/entando-k8s-custom-model-cums7 HTTP/1.1 and responded: HTTP/1.1 404 Client Error
May 13, 2021 12:57:26 PM okhttp3.mockwebserver.MockWebServer$3 processOneRequest
INFO: MockWebServer[51568] received request: POST /api/v1/namespaces HTTP/1.1 and responded: HTTP/1.1 202 OK
May 13, 2021 12:57:26 PM okhttp3.mockwebserver.MockWebServer$2 acceptConnections
INFO: MockWebServer[51568] done accepting connections: Socket closed
[INFO] Tests run: 3, Failures: 0, Errors: 0, Skipped: 0, Time elapsed: 2.39 s - in org.entando.kubernetes.model.inprocesstest.EntandoAppPluginLinkMockedTest
[INFO] Running org.entando.kubernetes.model.inprocesstest.EntandoCompositeAppMockedTest
May 13, 2021 12:57:26 PM okhttp3.mockwebserver.MockWebServer$2 e**cute
INFO: MockWebServer[49742] starting to accept connections
May 13, 2021 12:57:26 PM okhttp3.mockwebserver.MockWebServer$3 processOneRequest
INFO: MockWebServer[49742] received request: GET /apis/apiextensions.k8s.io/v1beta1/customresourcedefinitions/entandocompositeapps.entando.org HTTP/1.1 and responded: HTTP/1.1 404 Client Error
May 13, 2021 12:57:26 PM okhttp3.mockwebserver.MockWebServer$3 processOneRequest
INFO: MockWebServer[49742] received request: POST /apis/apiextensions.k8s.io/v1beta1/customresourcedefinitions HTTP/1.1 and responded: HTTP/1.1 202 OK
May 13, 2021 12:57:26 PM okhttp3.mockwebserver.MockWebServer$3 processOneRequest
INFO: MockWebServer[49742] received request: GET /api/v1/namespaces/test HTTP/1.1 and responded: HTTP/1.1 404 Client Error
May 13, 2021 12:57:26 PM okhttp3.mockwebserver.MockWebServer$3 processOneRequest
INFO: MockWebServer[49742] received request: GET /apis/entando.org/v1/namespaces/default/entandocompositeapps HTTP/1.1 and responded: HTTP/1.1 200 OK
May 13, 2021 12:57:26 PM okhttp3.mockwebserver.MockWebServer$3 processOneRequest
INFO: MockWebServer[49742] received request: GET /api/v1/namespaces/test HTTP/1.1 and responded: HTTP/1.1 404 Client Error
May 13, 2021 12:57:26 PM okhttp3.mockwebserver.MockWebServer$3 processOneRequest
INFO: MockWebServer[49742] received request: GET /apis/entando.org/v1/namespaces/default/entandocompositeapps HTTP/1.1 and responded: HTTP/1.1 200 OK
May 13, 2021 12:57:26 PM okhttp3.mockwebserver.MockWebServer$3 processOneRequest
INFO: MockWebServer[49742] received request: GET /api/v1/namespaces/entando-k8s-custom-model-cums7 HTTP/1.1 and responded: HTTP/1.1 404 Client Error
May 13, 2021 12:57:26 PM okhttp3.mockwebserver.MockWebServer$3 processOneRequest
INFO: MockWebServer[49742] received request: POST /api/v1/namespaces HTTP/1.1 and responded: HTTP/1.1 202 OK
May 13, 2021 12:57:27 PM okhttp3.mockwebserver.MockWebServer$3 processOneRequest
INFO: MockWebServer[49742] received request: POST /apis/entando.org/v1/namespaces/entando-k8s-custom-model-cums7/entandocompositeapps HTTP/1.1 and responded: HTTP/1.1 202 OK
May 13, 2021 12:57:27 PM okhttp3.mockwebserver.MockWebServer$3 processOneRequest
INFO: MockWebServer[49742] received request: GET /apis/entando.org/v1/namespaces/entando-k8s-custom-model-cums7/entandocompositeapps/my-comnposite-app HTTP/1.1 and responded: HTTP/1.1 200 OK
May 13, 2021 12:57:27 PM okhttp3.mockwebserver.MockWebServer$2 acceptConnections
INFO: MockWebServer[49742] done accepting connections: Socket closed
May 13, 2021 12:57:27 PM okhttp3.mockwebserver.MockWebServer$2 e**cute
INFO: MockWebServer[53427] starting to accept connections
May 13, 2021 12:57:27 PM okhttp3.mockwebserver.MockWebServer$3 processOneRequest
INFO: MockWebServer[53427] received request: GET /api/v1/namespaces/test HTTP/1.1 and responded: HTTP/1.1 404 Client Error
May 13, 2021 12:57:27 PM okhttp3.mockwebserver.MockWebServer$3 processOneRequest
INFO: MockWebServer[53427] received request: GET /apis/entando.org/v1/namespaces/default/entandocompositeapps HTTP/1.1 and responded: HTTP/1.1 200 OK
May 13, 2021 12:57:27 PM okhttp3.mockwebserver.MockWebServer$3 processOneRequest
INFO: MockWebServer[53427] received request: GET /api/v1/namespaces/test HTTP/1.1 and responded: HTTP/1.1 404 Client Error
May 13, 2021 12:57:27 PM okhttp3.mockwebserver.MockWebServer$3 processOneRequest
INFO: MockWebServer[53427] received request: GET /apis/entando.org/v1/namespaces/default/entandocompositeapps HTTP/1.1 and responded: HTTP/1.1 200 OK
May 13, 2021 12:57:27 PM okhttp3.mockwebserver.MockWebServer$3 processOneRequest
INFO: MockWebServer[53427] received request: GET /api/v1/namespaces/entando-k8s-custom-model-cums7 HTTP/1.1 and responded: HTTP/1.1 404 Client Error
May 13, 2021 12:57:27 PM okhttp3.mockwebserver.MockWebServer$3 processOneRequest
INFO: MockWebServer[53427] received request: POST /api/v1/namespaces HTTP/1.1 and responded: HTTP/1.1 202 OK
May 13, 2021 12:57:27 PM okhttp3.mockwebserver.MockWebServer$3 processOneRequest
INFO: MockWebServer[53427] received request: POST /apis/entando.org/v1/namespaces/entando-k8s-custom-model-cums7/entandocompositeapps HTTP/1.1 and responded: HTTP/1.1 202 OK
May 13, 2021 12:57:27 PM okhttp3.mockwebserver.MockWebServer$3 processOneRequest
INFO: MockWebServer[53427] received request: GET /apis/entando.org/v1/namespaces/entando-k8s-custom-model-cums7/entandocompositeapps/my-comnposite-app HTTP/1.1 and responded: HTTP/1.1 200 OK
May 13, 2021 12:57:27 PM okhttp3.mockwebserver.MockWebServer$3 processOneRequest
INFO: MockWebServer[53427] received request: GET /apis/entando.org/v1/namespaces/entando-k8s-custom-model-cums7/entandocompositeapps/my-comnposite-app HTTP/1.1 and responded: HTTP/1.1 200 OK
May 13, 2021 12:57:28 PM okhttp3.mockwebserver.MockWebServer$3 processOneRequest
INFO: MockWebServer[53427] received request: PATCH /apis/entando.org/v1/namespaces/entando-k8s-custom-model-cums7/entandocompositeapps/my-comnposite-app HTTP/1.1 and responded: HTTP/1.1 202 OK
May 13, 2021 12:57:28 PM okhttp3.mockwebserver.MockWebServer$3 processOneRequest
INFO: MockWebServer[53427] received request: PUT /apis/entando.org/v1/namespaces/entando-k8s-custom-model-cums7/entandocompositeapps/my-comnposite-app/status HTTP/1.1 and responded: HTTP/1.1 202 OK
May 13, 2021 12:57:28 PM okhttp3.mockwebserver.MockWebServer$2 acceptConnections
INFO: MockWebServer[53427] done accepting connections: Socket closed
May 13, 2021 12:57:28 PM okhttp3.mockwebserver.MockWebServer$2 e**cute
INFO: MockWebServer[45112] starting to accept connections
May 13, 2021 12:57:28 PM okhttp3.mockwebserver.MockWebServer$3 processOneRequest
INFO: MockWebServer[45112] received request: GET /api/v1/namespaces/test HTTP/1.1 and responded: HTTP/1.1 404 Client Error
May 13, 2021 12:57:28 PM okhttp3.mockwebserver.MockWebServer$3 processOneRequest
INFO: MockWebServer[45112] received request: GET /apis/entando.org/v1/namespaces/default/entandocompositeapps HTTP/1.1 and responded: HTTP/1.1 200 OK
May 13, 2021 12:57:28 PM okhttp3.mockwebserver.MockWebServer$3 processOneRequest
INFO: MockWebServer[45112] received request: GET /api/v1/namespaces/test HTTP/1.1 and responded: HTTP/1.1 404 Client Error
May 13, 2021 12:57:28 PM okhttp3.mockwebserver.MockWebServer$3 processOneRequest
INFO: MockWebServer[45112] received request: GET /apis/entando.org/v1/namespaces/default/entandocompositeapps HTTP/1.1 and responded: HTTP/1.1 200 OK
May 13, 2021 12:57:28 PM okhttp3.mockwebserver.MockWebServer$3 processOneRequest
INFO: MockWebServer[45112] received request: GET /api/v1/namespaces/entando-k8s-custom-model-cums7 HTTP/1.1 and responded: HTTP/1.1 404 Client Error
May 13, 2021 12:57:28 PM okhttp3.mockwebserver.MockWebServer$3 processOneRequest
INFO: MockWebServer[45112] received request: POST /api/v1/namespaces HTTP/1.1 and responded: HTTP/1.1 202 OK
May 13, 2021 12:57:28 PM okhttp3.mockwebserver.MockWebServer$2 acceptConnections
INFO: MockWebServer[45112] done accepting connections: Socket closed
[INFO] Tests run: 3, Failures: 0, Errors: 0, Skipped: 0, Time elapsed: 2.521 s - in org.entando.kubernetes.model.inprocesstest.EntandoCompositeAppMockedTest
[INFO] Running org.entando.kubernetes.model.inprocesstest.EntandoAppMockedTest
May 13, 2021 12:57:28 PM okhttp3.mockwebserver.MockWebServer$2 e**cute
INFO: MockWebServer[48569] starting to accept connections
May 13, 2021 12:57:28 PM okhttp3.mockwebserver.MockWebServer$3 processOneRequest
INFO: MockWebServer[48569] received request: GET /apis/apiextensions.k8s.io/v1beta1/customresourcedefinitions/entandoapps.entando.org HTTP/1.1 and responded: HTTP/1.1 404 Client Error
May 13, 2021 12:57:28 PM okhttp3.mockwebserver.MockWebServer$3 processOneRequest
INFO: MockWebServer[48569] received request: POST /apis/apiextensions.k8s.io/v1beta1/customresourcedefinitions HTTP/1.1 and responded: HTTP/1.1 202 OK
May 13, 2021 12:57:29 PM okhttp3.mockwebserver.MockWebServer$3 processOneRequest
INFO: MockWebServer[48569] received request: GET /api/v1/namespaces/test HTTP/1.1 and responded: HTTP/1.1 404 Client Error
May 13, 2021 12:57:29 PM okhttp3.mockwebserver.MockWebServer$3 processOneRequest
INFO: MockWebServer[48569] received request: GET /apis/entando.org/v1/namespaces/default/entandoapps HTTP/1.1 and responded: HTTP/1.1 200 OK
May 13, 2021 12:57:29 PM okhttp3.mockwebserver.MockWebServer$3 processOneRequest
INFO: MockWebServer[48569] received request: GET /api/v1/namespaces/test HTTP/1.1 and responded: HTTP/1.1 404 Client Error
May 13, 2021 12:57:29 PM okhttp3.mockwebserver.MockWebServer$3 processOneRequest
INFO: MockWebServer[48569] received request: GET /apis/entando.org/v1/namespaces/default/entandoapps HTTP/1.1 and responded: HTTP/1.1 200 OK
May 13, 2021 12:57:29 PM okhttp3.mockwebserver.MockWebServer$3 processOneRequest
INFO: MockWebServer[48569] received request: GET /api/v1/namespaces/entando-k8s-custom-model-cums7 HTTP/1.1 and responded: HTTP/1.1 404 Client Error
May 13, 2021 12:57:29 PM okhttp3.mockwebserver.MockWebServer$3 processOneRequest
INFO: MockWebServer[48569] received request: POST /api/v1/namespaces HTTP/1.1 and responded: HTTP/1.1 202 OK
May 13, 2021 12:57:29 PM okhttp3.mockwebserver.MockWebServer$3 processOneRequest
INFO: MockWebServer[48569] received request: POST /apis/entando.org/v1/namespaces/entando-k8s-custom-model-cums7/entandoapps HTTP/1.1 and responded: HTTP/1.1 202 OK
May 13, 2021 12:57:29 PM okhttp3.mockwebserver.MockWebServer$3 processOneRequest
INFO: MockWebServer[48569] received request: GET /apis/entando.org/v1/namespaces/entando-k8s-custom-model-cums7/entandoapps/my-app HTTP/1.1 and responded: HTTP/1.1 200 OK
May 13, 2021 12:57:29 PM okhttp3.mockwebserver.MockWebServer$3 processOneRequest
INFO: MockWebServer[48569] received request: GET /apis/entando.org/v1/namespaces/entando-k8s-custom-model-cums7/entandoapps/my-app HTTP/1.1 and responded: HTTP/1.1 200 OK
May 13, 2021 12:57:29 PM okhttp3.mockwebserver.MockWebServer$3 processOneRequest
INFO: MockWebServer[48569] received request: GET /apis/entando.org/v1/namespaces/entando-k8s-custom-model-cums7/entandoapps/my-app HTTP/1.1 and responded: HTTP/1.1 200 OK
May 13, 2021 12:57:29 PM okhttp3.mockwebserver.MockWebServer$3 processOneRequest
INFO: MockWebServer[48569] received request: PATCH /apis/entando.org/v1/namespaces/entando-k8s-custom-model-cums7/entandoapps/my-app HTTP/1.1 and responded: HTTP/1.1 202 OK
May 13, 2021 12:57:29 PM okhttp3.mockwebserver.MockWebServer$2 acceptConnections
INFO: MockWebServer[48569] done accepting connections: Socket closed
May 13, 2021 12:57:29 PM okhttp3.mockwebserver.MockWebServer$2 e**cute
INFO: MockWebServer[47659] starting to accept connections
May 13, 2021 12:57:30 PM okhttp3.mockwebserver.MockWebServer$3 processOneRequest
INFO: MockWebServer[47659] received request: GET /api/v1/namespaces/test HTTP/1.1 and responded: HTTP/1.1 404 Client Error
May 13, 2021 12:57:30 PM okhttp3.mockwebserver.MockWebServer$3 processOneRequest
INFO: MockWebServer[47659] received request: GET /apis/entando.org/v1/namespaces/default/entandoapps HTTP/1.1 and responded: HTTP/1.1 200 OK
May 13, 2021 12:57:30 PM okhttp3.mockwebserver.MockWebServer$3 processOneRequest
INFO: MockWebServer[47659] received request: GET /api/v1/namespaces/test HTTP/1.1 and responded: HTTP/1.1 404 Client Error
May 13, 2021 12:57:30 PM okhttp3.mockwebserver.MockWebServer$3 processOneRequest
INFO: MockWebServer[47659] received request: GET /apis/entando.org/v1/namespaces/default/entandoapps HTTP/1.1 and responded: HTTP/1.1 200 OK
May 13, 2021 12:57:30 PM okhttp3.mockwebserver.MockWebServer$3 processOneRequest
INFO: MockWebServer[47659] received request: GET /api/v1/namespaces/entando-k8s-custom-model-cums7 HTTP/1.1 and responded: HTTP/1.1 404 Client Error
May 13, 2021 12:57:30 PM okhttp3.mockwebserver.MockWebServer$3 processOneRequest
INFO: MockWebServer[47659] received request: POST /api/v1/namespaces HTTP/1.1 and responded: HTTP/1.1 202 OK
May 13, 2021 12:57:30 PM okhttp3.mockwebserver.MockWebServer$3 processOneRequest
INFO: MockWebServer[47659] received request: POST /apis/entando.org/v1/namespaces/entando-k8s-custom-model-cums7/entandoapps HTTP/1.1 and responded: HTTP/1.1 202 OK
May 13, 2021 12:57:30 PM okhttp3.mockwebserver.MockWebServer$3 processOneRequest
INFO: MockWebServer[47659] received request: GET /apis/entando.org/v1/namespaces/entando-k8s-custom-model-cums7/entandoapps/my-app HTTP/1.1 and responded: HTTP/1.1 200 OK
May 13, 2021 12:57:30 PM okhttp3.mockwebserver.MockWebServer$2 acceptConnections
INFO: MockWebServer[47659] done accepting connections: Socket closed
May 13, 2021 12:57:30 PM okhttp3.mockwebserver.MockWebServer$2 e**cute
INFO: MockWebServer[43705] starting to accept connections
May 13, 2021 12:57:30 PM okhttp3.mockwebserver.MockWebServer$3 processOneRequest
INFO: MockWebServer[43705] received request: GET /api/v1/namespaces/test HTTP/1.1 and responded: HTTP/1.1 404 Client Error
May 13, 2021 12:57:30 PM okhttp3.mockwebserver.MockWebServer$3 processOneRequest
INFO: MockWebServer[43705] received request: GET /apis/entando.org/v1/namespaces/default/entandoapps HTTP/1.1 and responded: HTTP/1.1 200 OK
May 13, 2021 12:57:30 PM okhttp3.mockwebserver.MockWebServer$3 processOneRequest
INFO: MockWebServer[43705] received request: GET /api/v1/namespaces/test HTTP/1.1 and responded: HTTP/1.1 404 Client Error
May 13, 2021 12:57:30 PM okhttp3.mockwebserver.MockWebServer$3 processOneRequest
INFO: MockWebServer[43705] received request: GET /apis/entando.org/v1/namespaces/default/entandoapps HTTP/1.1 and responded: HTTP/1.1 200 OK
May 13, 2021 12:57:31 PM okhttp3.mockwebserver.MockWebServer$3 processOneRequest
INFO: MockWebServer[43705] received request: GET /api/v1/namespaces/entando-k8s-custom-model-cums7 HTTP/1.1 and responded: HTTP/1.1 404 Client Error
May 13, 2021 12:57:31 PM okhttp3.mockwebserver.MockWebServer$3 processOneRequest
INFO: MockWebServer[43705] received request: POST /api/v1/namespaces HTTP/1.1 and responded: HTTP/1.1 202 OK
May 13, 2021 12:57:31 PM okhttp3.mockwebserver.MockWebServer$2 acceptConnections
INFO: MockWebServer[43705] done accepting connections: Socket closed
[INFO] Tests run: 3, Failures: 0, Errors: 0, Skipped: 0, Time elapsed: 2.416 s - in org.entando.kubernetes.model.inprocesstest.EntandoAppMockedTest
[INFO] Running org.entando.kubernetes.model.inprocesstest.EntandoDatabaseServiceMockedTest
May 13, 2021 12:57:31 PM okhttp3.mockwebserver.MockWebServer$2 e**cute
INFO: MockWebServer[60779] starting to accept connections
May 13, 2021 12:57:31 PM okhttp3.mockwebserver.MockWebServer$3 processOneRequest
INFO: MockWebServer[60779] received request: GET /apis/apiextensions.k8s.io/v1beta1/customresourcedefinitions/entandodatabaseservices.entando.org HTTP/1.1 and responded: HTTP/1.1 404 Client Error
May 13, 2021 12:57:31 PM okhttp3.mockwebserver.MockWebServer$3 processOneRequest
INFO: MockWebServer[60779] received request: POST /apis/apiextensions.k8s.io/v1beta1/customresourcedefinitions HTTP/1.1 and responded: HTTP/1.1 202 OK
May 13, 2021 12:57:31 PM okhttp3.mockwebserver.MockWebServer$3 processOneRequest
INFO: MockWebServer[60779] received request: GET /api/v1/namespaces/test HTTP/1.1 and responded: HTTP/1.1 404 Client Error
May 13, 2021 12:57:31 PM okhttp3.mockwebserver.MockWebServer$3 processOneRequest
INFO: MockWebServer[60779] received request: GET /apis/entando.org/v1/namespaces/default/entandodatabaseservices HTTP/1.1 and responded: HTTP/1.1 200 OK
May 13, 2021 12:57:31 PM okhttp3.mockwebserver.MockWebServer$3 processOneRequest
INFO: MockWebServer[60779] received request: GET /api/v1/namespaces/test HTTP/1.1 and responded: HTTP/1.1 404 Client Error
May 13, 2021 12:57:31 PM okhttp3.mockwebserver.MockWebServer$3 processOneRequest
INFO: MockWebServer[60779] received request: GET /apis/entando.org/v1/namespaces/default/entandodatabaseservices HTTP/1.1 and responded: HTTP/1.1 200 OK
May 13, 2021 12:57:31 PM okhttp3.mockwebserver.MockWebServer$3 processOneRequest
INFO: MockWebServer[60779] received request: GET /api/v1/namespaces/entando-k8s-custom-model-cums7 HTTP/1.1 and responded: HTTP/1.1 404 Client Error
May 13, 2021 12:57:31 PM okhttp3.mockwebserver.MockWebServer$3 processOneRequest
INFO: MockWebServer[60779] received request: POST /api/v1/namespaces HTTP/1.1 and responded: HTTP/1.1 202 OK
May 13, 2021 12:57:31 PM okhttp3.mockwebserver.MockWebServer$3 processOneRequest
INFO: MockWebServer[60779] received request: POST /apis/entando.org/v1/namespaces/entando-k8s-custom-model-cums7/entandodatabaseservices HTTP/1.1 and responded: HTTP/1.1 202 OK
May 13, 2021 12:57:32 PM okhttp3.mockwebserver.MockWebServer$3 processOneRequest
INFO: MockWebServer[60779] received request: GET /apis/entando.org/v1/namespaces/entando-k8s-custom-model-cums7/entandodatabaseservices/my-external-database HTTP/1.1 and responded: HTTP/1.1 200 OK
May 13, 2021 12:57:32 PM okhttp3.mockwebserver.MockWebServer$2 acceptConnections
INFO: MockWebServer[60779] done accepting connections: Socket closed
May 13, 2021 12:57:32 PM okhttp3.mockwebserver.MockWebServer$2 e**cute
INFO: MockWebServer[47906] starting to accept connections
May 13, 2021 12:57:32 PM okhttp3.mockwebserver.MockWebServer$3 processOneRequest
INFO: MockWebServer[47906] received request: GET /api/v1/namespaces/test HTTP/1.1 and responded: HTTP/1.1 404 Client Error
May 13, 2021 12:57:32 PM okhttp3.mockwebserver.MockWebServer$3 processOneRequest
INFO: MockWebServer[47906] received request: GET /apis/entando.org/v1/namespaces/default/entandodatabaseservices HTTP/1.1 and responded: HTTP/1.1 200 OK
May 13, 2021 12:57:32 PM okhttp3.mockwebserver.MockWebServer$3 processOneRequest
INFO: MockWebServer[47906] received request: GET /api/v1/namespaces/test HTTP/1.1 and responded: HTTP/1.1 404 Client Error
May 13, 2021 12:57:32 PM okhttp3.mockwebserver.MockWebServer$3 processOneRequest
INFO: MockWebServer[47906] received request: GET /apis/entando.org/v1/namespaces/default/entandodatabaseservices HTTP/1.1 and responded: HTTP/1.1 200 OK
May 13, 2021 12:57:32 PM okhttp3.mockwebserver.MockWebServer$3 processOneRequest
INFO: MockWebServer[47906] received request: GET /api/v1/namespaces/entando-k8s-custom-model-cums7 HTTP/1.1 and responded: HTTP/1.1 404 Client Error
May 13, 2021 12:57:32 PM okhttp3.mockwebserver.MockWebServer$3 processOneRequest
INFO: MockWebServer[47906] received request: POST /api/v1/namespaces HTTP/1.1 and responded: HTTP/1.1 202 OK
May 13, 2021 12:57:32 PM okhttp3.mockwebserver.MockWebServer$3 processOneRequest
INFO: MockWebServer[47906] received request: POST /apis/entando.org/v1/namespaces/entando-k8s-custom-model-cums7/entandodatabaseservices HTTP/1.1 and responded: HTTP/1.1 202 OK
May 13, 2021 12:57:32 PM okhttp3.mockwebserver.MockWebServer$3 processOneRequest
INFO: MockWebServer[47906] received request: GET /apis/entando.org/v1/namespaces/entando-k8s-custom-model-cums7/entandodatabaseservices/my-external-database HTTP/1.1 and responded: HTTP/1.1 200 OK
May 13, 2021 12:57:32 PM okhttp3.mockwebserver.MockWebServer$3 processOneRequest
INFO: MockWebServer[47906] received request: GET /apis/entando.org/v1/namespaces/entando-k8s-custom-model-cums7/entandodatabaseservices/my-external-database HTTP/1.1 and responded: HTTP/1.1 200 OK
May 13, 2021 12:57:32 PM okhttp3.mockwebserver.MockWebServer$3 processOneRequest
INFO: MockWebServer[47906] received request: PATCH /apis/entando.org/v1/namespaces/entando-k8s-custom-model-cums7/entandodatabaseservices/my-external-database HTTP/1.1 and responded: HTTP/1.1 202 OK
May 13, 2021 12:57:32 PM okhttp3.mockwebserver.MockWebServer$2 acceptConnections
INFO: MockWebServer[47906] done accepting connections: Socket closed
May 13, 2021 12:57:32 PM okhttp3.mockwebserver.MockWebServer$2 e**cute
INFO: MockWebServer[52868] starting to accept connections
May 13, 2021 12:57:33 PM okhttp3.mockwebserver.MockWebServer$3 processOneRequest
INFO: MockWebServer[52868] received request: GET /api/v1/namespaces/test HTTP/1.1 and responded: HTTP/1.1 404 Client Error
May 13, 2021 12:57:33 PM okhttp3.mockwebserver.MockWebServer$3 processOneRequest
INFO: MockWebServer[52868] received request: GET /apis/entando.org/v1/namespaces/default/entandodatabaseservices HTTP/1.1 and responded: HTTP/1.1 200 OK
May 13, 2021 12:57:33 PM okhttp3.mockwebserver.MockWebServer$3 processOneRequest
INFO: MockWebServer[52868] received request: GET /api/v1/namespaces/test HTTP/1.1 and responded: HTTP/1.1 404 Client Error
May 13, 2021 12:57:33 PM okhttp3.mockwebserver.MockWebServer$3 processOneRequest
INFO: MockWebServer[52868] received request: GET /apis/entando.org/v1/namespaces/default/entandodatabaseservices HTTP/1.1 and responded: HTTP/1.1 200 OK
May 13, 2021 12:57:33 PM okhttp3.mockwebserver.MockWebServer$3 processOneRequest
INFO: MockWebServer[52868] received request: GET /api/v1/namespaces/entando-k8s-custom-model-cums7 HTTP/1.1 and responded: HTTP/1.1 404 Client Error
May 13, 2021 12:57:33 PM okhttp3.mockwebserver.MockWebServer$3 processOneRequest
INFO: MockWebServer[52868] received request: POST /api/v1/namespaces HTTP/1.1 and responded: HTTP/1.1 202 OK
May 13, 2021 12:57:33 PM okhttp3.mockwebserver.MockWebServer$2 acceptConnections
INFO: MockWebServer[52868] done accepting connections: Socket closed
[INFO] Tests run: 3, Failures: 0, Errors: 0, Skipped: 0, Time elapsed: 2.333 s - in org.entando.kubernetes.model.inprocesstest.EntandoDatabaseServiceMockedTest
[INFO] Running org.entando.kubernetes.model.interprocesstest.EntandoKeycloakServerIntegratedTest
[INFO] Tests run: 2, Failures: 0, Errors: 0, Skipped: 0, Time elapsed: 0.916 s - in org.entando.kubernetes.model.interprocesstest.EntandoKeycloakServerIntegratedTest
[INFO] Running org.entando.kubernetes.model.interprocesstest.EntandoAppPluginLinkIntegratedTest
[INFO] Tests run: 2, Failures: 0, Errors: 0, Skipped: 0, Time elapsed: 0.838 s - in org.entando.kubernetes.model.interprocesstest.EntandoAppPluginLinkIntegratedTest
[INFO] Running org.entando.kubernetes.model.interprocesstest.EntandoDatabaseServiceIntegratedTest
[INFO] Tests run: 2, Failures: 0, Errors: 0, Skipped: 0, Time elapsed: 0.814 s - in org.entando.kubernetes.model.interprocesstest.EntandoDatabaseServiceIntegratedTest
[INFO] Running org.entando.kubernetes.model.interprocesstest.EntandoPluginIntegratedTest
[INFO] Tests run: 2, Failures: 0, Errors: 0, Skipped: 0, Time elapsed: 0.818 s - in org.entando.kubernetes.model.interprocesstest.EntandoPluginIntegratedTest
[INFO] Running org.entando.kubernetes.model.interprocesstest.EntandoAppIntegratedTest
[INFO] Tests run: 2, Failures: 0, Errors: 0, Skipped: 0, Time elapsed: 0.835 s - in org.entando.kubernetes.model.interprocesstest.EntandoAppIntegratedTest
[INFO] Running org.entando.kubernetes.model.interprocesstest.EntandoDeBundleIntegratedTest
[INFO] Tests run: 2, Failures: 0, Errors: 0, Skipped: 0, Time elapsed: 0.817 s - in org.entando.kubernetes.model.interprocesstest.EntandoDeBundleIntegratedTest
[INFO] Running org.entando.kubernetes.model.interprocesstest.EntandoCompositeAppIntegratedTest
[INFO] Tests run: 2, Failures: 0, Errors: 0, Skipped: 0, Time elapsed: 0.785 s - in org.entando.kubernetes.model.interprocesstest.EntandoCompositeAppIntegratedTest
[INFO] Running org.entando.kubernetes.model.interprocesstest.EntandoClusterInfrastructureIntegratedTest
[INFO] Tests run: 3, Failures: 0, Errors: 0, Skipped: 0, Time elapsed: 1.201 s - in org.entando.kubernetes.model.interprocesstest.EntandoClusterInfrastructureIntegratedTest
[INFO] 
[INFO] Results:
[INFO] 
[INFO] Tests run: 42, Failures: 0, Errors: 0, Skipped: 0
[INFO] 
[INFO] 
[INFO] --- maven-jar-plugin:3.2.0:jar (default-jar) @ entando-k8s-custom-model ---
[INFO] Building jar: /workspace/source/target/entando-k8s-custom-model-6.3.7.jar
[INFO] 
[INFO] --- license-maven-plugin:2.0.0:aggregate-download-licenses (download-licenses) @ entando-k8s-custom-model ---
[WARNING] Unable to retrieve license from URL 'LICENSE.txt' for dependency 'org.awaitility:awaitility:4.0.1': null
[WARNING] There were 1 download errors - check the warnings above
[INFO] 
[INFO] --- maven-jar-plugin:3.2.0:test-jar (build-test-jar) @ entando-k8s-custom-model ---
[INFO] Building jar: /workspace/source/target/entando-k8s-custom-model-6.3.7-tests.jar
[INFO] 
[INFO] --- maven-source-plugin:3.2.1:jar-no-fork (attach-sources) @ entando-k8s-custom-model ---
[INFO] Building jar: /workspace/source/target/entando-k8s-custom-model-6.3.7-sources.jar
[INFO] 
[INFO] >>> maven-source-plugin:3.2.1:test-jar (attach-sources) > generate-sources @ entando-k8s-custom-model >>>
[INFO] 
[INFO] --- maven-checkstyle-plugin:3.1.1:check (validate) @ entando-k8s-custom-model ---
[INFO] Starting audit...
Audit done.
[INFO] You have 0 Checkstyle violations.
[INFO] 
[INFO] --- maven-checkstyle-plugin:3.1.1:checkstyle (validate) @ entando-k8s-custom-model ---
[INFO] Starting audit...
Audit done.
[INFO] 
[INFO] --- jacoco-maven-plugin:0.8.5:prepare-agent (prepare-agent) @ entando-k8s-custom-model ---
[INFO] argLine set to -javaagent:/home/jenkins/.mvnrepository/org/jacoco/org.jacoco.agent/0.8.5/org.jacoco.agent-0.8.5-runtime.jar=destfile=/workspace/source/target/jacoco.e**c
[INFO] 
[INFO] <<< maven-source-plugin:3.2.1:test-jar (attach-sources) < generate-sources @ entando-k8s-custom-model <<<
[INFO] 
[INFO] 
[INFO] --- maven-source-plugin:3.2.1:test-jar (attach-sources) @ entando-k8s-custom-model ---
[INFO] Building jar: /workspace/source/target/entando-k8s-custom-model-6.3.7-test-sources.jar
[INFO] 
[INFO] --- maven-javadoc-plugin:3.2.0:jar (attach-javadocs) @ entando-k8s-custom-model ---
[INFO] No previous run data found, generating javadoc.
[INFO] Building jar: /workspace/source/target/entando-k8s-custom-model-6.3.7-javadoc.jar
[INFO] 
[INFO] --- maven-surefire-report-plugin:3.0.0-M4:failsafe-report-only (integration-tests) @ entando-k8s-custom-model ---
[INFO] 
[INFO] --- dependency-check-maven:6.0.3:aggregate (default) @ entando-k8s-custom-model ---
[INFO] Checking for updates
[INFO] Download Started for NVD CVE - Modified
[INFO] Download Complete for NVD CVE - Modified  (819 ms)
[INFO] Processing Started for NVD CVE - Modified
WARNING: An illegal reflective access operation has occurred
WARNING: Illegal reflective access by com.fasterxml.jackson.module.afterburner.util.MyClassLoader (file:/home/jenkins/.mvnrepository/com/fasterxml/jackson/module/jackson-module-afterburner/2.11.3/jackson-module-afterburner-2.11.3.jar) to method java.lang.ClassLoader.findLoadedClass(java.lang.String)
WARNING: Please consider reporting this to the maintainers of com.fasterxml.jackson.module.afterburner.util.MyClassLoader
WARNING: Use --illegal-access=warn to enable warnings of further illegal reflective access operations
WARNING: All illegal access operations will be denied in a future release
[INFO] Processing Complete for NVD CVE - Modified  (5288 ms)
[INFO] Begin database maintenance
[INFO] End database maintenance (752 ms)
[INFO] Check for updates complete (7650 ms)
[INFO] 

Dependency-Check is an open source tool performing a best effort analysis of 3rd party dependencies; false positives and false negatives may exist in the analysis performed by the tool. Use of the tool and the reporting provided constitutes acceptance for use in an AS IS condition, and there are NO warranties, implied or otherwise, with regard to the analysis or its use. Any use of the tool and the reporting provided is at the user’s risk. In no event shall the copyright holder or OWASP be held liable for any damages whatsoever arising out of or in connection with the use of this tool, the analysis performed, or the resulting report.


[INFO] Analysis Started
[INFO] Finished Archive Analyzer (0 seconds)
[INFO] Finished File Name Analyzer (0 seconds)
[INFO] Finished Jar Analyzer (0 seconds)
[INFO] Finished Dependency Merging Analyzer (0 seconds)
[INFO] Finished Version Filter Analyzer (0 seconds)
[INFO] Finished Hint Analyzer (0 seconds)
[INFO] Created CPE Index (3 seconds)
[INFO] Finished CPE Analyzer (5 seconds)
[INFO] Finished False Positive Analyzer (0 seconds)
[INFO] Finished NVD CVE Analyzer (0 seconds)
[INFO] Finished Sonatype OSS Index Analyzer (1 seconds)
[INFO] Finished Vulnerability Suppression Analyzer (0 seconds)
[INFO] Finished Dependency Bundling Analyzer (0 seconds)
[INFO] Analysis Complete (9 seconds)
[WARNING] 

One or more dependencies were identified with known vulnerabilities in Entando Kubernetes Custom Model:

arc-1.2.0.Final.jar (pkg:maven/io.quarkus.arc/arc@1.2.0.Final, cpe:2.3:a:arc_project:arc:1.2.0:*:*:*:*:*:*:*, cpe:2.3:a:quarkus:quarkus:1.2.0:*:*:*:*:*:*:*) : CVE-2020-25633
quarkus-arc-1.2.0.Final.jar (pkg:maven/io.quarkus/quarkus-arc@1.2.0.Final, cpe:2.3:a:arc_project:arc:1.2.0:*:*:*:*:*:*:*, cpe:2.3:a:quarkus:quarkus:1.2.0:*:*:*:*:*:*:*) : CVE-2020-25633
quarkus-core-1.2.0.Final.jar (pkg:maven/io.quarkus/quarkus-core@1.2.0.Final, cpe:2.3:a:quarkus:quarkus:1.2.0:*:*:*:*:*:*:*) : CVE-2020-25633
quarkus-jackson-1.2.0.Final.jar (pkg:maven/io.quarkus/quarkus-jackson@1.2.0.Final, cpe:2.3:a:quarkus:quarkus:1.2.0:*:*:*:*:*:*:*) : CVE-2020-25633
quarkus-kubernetes-client-1.2.0.Final.jar (pkg:maven/io.quarkus/quarkus-kubernetes-client@1.2.0.Final, cpe:2.3:a:quarkus:quarkus:1.2.0:*:*:*:*:*:*:*, cpe:2.3:a:redhat:kubernetes-client:1.2.0:*:*:*:*:*:*:*) : CVE-2020-25633


See the dependency-check report for more details.


[INFO] 
[INFO] ------------------------------------------------------------------------
[INFO] Skipping Entando Kubernetes Custom Model
[INFO] This project has been banned from the build due to previous failures.
[INFO] ------------------------------------------------------------------------
[INFO] ------------------------------------------------------------------------
[INFO] BUILD FAILURE
[INFO] ------------------------------------------------------------------------
[INFO] Total time:  01:45 min
[INFO] Finished at: 2021-05-13T12:58:24Z
[INFO] ------------------------------------------------------------------------
[ERROR] Failed to e**cute goal org.*****:dependency-check-maven:6.0.3:aggregate (default) on project entando-k8s-custom-model: 
[ERROR] 
[ERROR] One or more dependencies were identified with vulnerabilities: 
[ERROR] 
[ERROR] arc-1.2.0.Final.jar: CVE-2020-25633
[ERROR] quarkus-arc-1.2.0.Final.jar: CVE-2020-25633
[ERROR] quarkus-core-1.2.0.Final.jar: CVE-2020-25633
[ERROR] quarkus-jackson-1.2.0.Final.jar: CVE-2020-25633
[ERROR] quarkus-kubernetes-client-1.2.0.Final.jar: CVE-2020-25633
[ERROR] 
[ERROR] See the dependency-check report for more details.
[ERROR] 
[ERROR] 
[ERROR] -> [Help 1]
[ERROR] 
[ERROR] To see the full stack trace of the errors, re-run Maven with the -e switch.
[ERROR] Re-run Maven using the -X switch to enable full debug logging.
[ERROR] 
[ERROR] For more information about the errors and possible solutions, please read the following articles:
[ERROR] [Help 1] http://cwiki.apache.org/confluence/display/MAVEN/MojoFailureException
OWASP has found dependencies with vulnerabilities for entando-k8s-custom-model-master.
The following checks failed for entando-k8s-custom-model-master:
OWASP Maven Dependency Check
[31m
Pipeline failed on stage 'from-build-pack' : container 'step-build-mvn-deploy-release'. The execution of the pipeline has stopped.[0m
