
Showing logs for build [32mentando-k8s-entando-k8s-custom-nfnpv-8[0m stage [32mfrom-build-pack[0m and container [32mcredential-initializer[0m
{"level":"info","ts":1620910837.6903675,"caller":"creds-init/main.go:44","msg":"Credentials initialized."}

Showing logs for build [32mentando-k8s-entando-k8s-custom-nfnpv-8[0m stage [32mfrom-build-pack[0m and container [32mworking-dir-initializer[0m

Showing logs for build [32mentando-k8s-entando-k8s-custom-nfnpv-8[0m stage [32mfrom-build-pack[0m and container [32mplace-tools[0m

Showing logs for build [32mentando-k8s-entando-k8s-custom-nfnpv-8[0m stage [32mfrom-build-pack[0m and container [32mstep-git-source-entando-k8s-entando-k8s-custom-nfnpv-2mnwl[0m
{"level":"info","ts":1620910853.0997784,"caller":"git/git.go:105","msg":"Successfully cloned https://github.com/entando-k8s/entando-k8s-custom-model.git @ v6.3.8 in path /workspace/source"}
{"level":"warn","ts":1620910853.100011,"caller":"git/git.go:152","msg":"Unexpected error: creating symlink: symlink /tekton/home/.ssh /****/.ssh: file exists"}
{"level":"info","ts":1620910853.2121632,"caller":"git/git.go:133","msg":"Successfully initialized and updated submodules in path /workspace/source"}

Showing logs for build [32mentando-k8s-entando-k8s-custom-nfnpv-8[0m stage [32mfrom-build-pack[0m and container [32mstep-setup-builder-home[0m

Showing logs for build [32mentando-k8s-entando-k8s-custom-nfnpv-8[0m stage [32mfrom-build-pack[0m and container [32mstep-git-merge[0m
Using SHAs from PULL_REFS=master:ab9c7d95a3aa1f9aa7f0252f3de5548b42aae99c
WARNING: no SHAs to merge, falling back to initial cloned commit

Showing logs for build [32mentando-k8s-entando-k8s-custom-nfnpv-8[0m stage [32mfrom-build-pack[0m and container [32mstep-setup-jx-git-credentials[0m
Generated Git credentials file /workspace/xdg_config/git/credentials

Showing logs for build [32mentando-k8s-entando-k8s-custom-nfnpv-8[0m stage [32mfrom-build-pack[0m and container [32mstep-build-fetch-history-for-sonar[0m
From https://github.com/entando-k8s/entando-k8s-custom-model
 * [new branch]      ENG-1218_added_resource_requirements -> origin/ENG-1218_added_resource_requirements
 * [new branch]      ENG-1301_single_host_quickstart -> origin/ENG-1301_single_host_quickstart
 * [new branch]      ENG-1447_improved_keycloak_config -> origin/ENG-1447_improved_keycloak_config
 * [new branch]      ENG-1737_added_standardImage_to_keycloak_crd -> origin/ENG-1737_added_standardImage_to_keycloak_crd
 * [new branch]      ENG-2284_latest_quarkus -> origin/ENG-2284_latest_quarkus
 * [new branch]      ENG-2284_removing_cluster_infrastructure -> origin/ENG-2284_removing_cluster_infrastructure
 * [new branch]      ENG-395_bundle-crd-rewrite -> origin/ENG-395_bundle-crd-rewrite
 * [new branch]      ENG-562_support_h2_and_derby -> origin/ENG-562_support_h2_and_derby
 * [new branch]      ENG-872_parameters_migrated_to_envvars -> origin/ENG-872_parameters_migrated_to_envvars
 * [new branch]      configurable_serviceacount -> origin/configurable_serviceacount
 * [new branch]      entando-**-patch-1      -> origin/entando-**-patch-1
 * [new branch]      entando-**-patch-2      -> origin/entando-**-patch-2
 * [new branch]      firegloves-owners       -> origin/firegloves-owners
 * [new branch]      latest-quarkus          -> origin/latest-quarkus
 * [new branch]      master                  -> origin/master
 * [new branch]      poste                   -> origin/poste
 * [new branch]      update-owners           -> origin/update-owners
 * [new tag]         v6.3.8                  -> v6.3.8

Showing logs for build [32mentando-k8s-entando-k8s-custom-nfnpv-8[0m stage [32mfrom-build-pack[0m and container [32mstep-build-mvn-deploy-release[0m
Picked up _JAVA_OPTIONS: -XX:+UnlockExperimentalVMOptions -Dsun.zip.disableMemoryMapping=**** -XX:+UseParallelGC -XX:MinHeapFreeRatio=5 -XX:MaxHeapFreeRatio=10 -XX:GCTimeRatio=4 -XX:AdaptiveSizePolicyWeight=90 -Xms10m -Xmx8000m
[INFO] Scanning for projects...
[INFO] 
[INFO] ----------------< org.entando:entando-k8s-custom-model >----------------
[INFO] Building Entando Kubernetes Custom Model 6.3.8
[INFO] --------------------------------[ jar ]---------------------------------
[INFO] 
[INFO] --- maven-clean-plugin:2.5:clean (default-clean) @ entando-k8s-custom-model ---
[INFO] 
[INFO] --- maven-checkstyle-plugin:3.1.1:check (validate) @ entando-k8s-custom-model ---
[INFO] Starting audit...
Audit done.
[INFO] You have 0 Checkstyle violations.
[INFO] 
[INFO] --- maven-checkstyle-plugin:3.1.1:checkstyle (validate) @ entando-k8s-custom-model ---
[INFO] Starting audit...
Audit done.
[INFO] 
[INFO] --- jacoco-maven-plugin:0.8.5:prepare-agent (prepare-agent) @ entando-k8s-custom-model ---
[INFO] argLine set to -javaagent:/home/jenkins/.mvnrepository/org/jacoco/org.jacoco.agent/0.8.5/org.jacoco.agent-0.8.5-runtime.jar=destfile=/workspace/source/target/jacoco.e**c
[INFO] 
[INFO] --- maven-resources-plugin:2.6:resources (default-resources) @ entando-k8s-custom-model ---
[INFO] Using 'UTF-8' encoding to copy filtered resources.
[INFO] Copying 18 resources
[INFO] 
[INFO] --- maven-compiler-plugin:3.8.1:compile (default-compile) @ entando-k8s-custom-model ---
[INFO] Changes detected - recompiling the module!
[INFO] Compiling 135 source files to /workspace/source/target/classes
[INFO] 
[INFO] --- maven-resources-plugin:2.6:testResources (default-testResources) @ entando-k8s-custom-model ---
[INFO] Using 'UTF-8' encoding to copy filtered resources.
[INFO] Copying 3 resources
[INFO] 
[INFO] --- maven-compiler-plugin:3.8.1:testCompile (default-testCompile) @ entando-k8s-custom-model ---
[INFO] Changes detected - recompiling the module!
[INFO] Compiling 28 source files to /workspace/source/target/test-classes
[INFO] 
[INFO] --- maven-surefire-plugin:3.0.0-M1:test (default-test) @ entando-k8s-custom-model ---
[INFO] 
[INFO] -------------------------------------------------------
[INFO]  T E S T S
[INFO] -------------------------------------------------------
[INFO] Running org.entando.kubernetes.model.inprocesstest.EntandoCustomResourceStatusTest
[INFO] Tests run: 1, Failures: 0, Errors: 0, Skipped: 0, Time elapsed: 2.696 s - in org.entando.kubernetes.model.inprocesstest.EntandoCustomResourceStatusTest
[INFO] Running org.entando.kubernetes.model.inprocesstest.EntandoPluginMockedTest
May 13, 2021 1:01:30 PM okhttp3.mockwebserver.MockWebServer$2 e**cute
INFO: MockWebServer[60459] starting to accept connections
May 13, 2021 1:01:31 PM okhttp3.mockwebserver.MockWebServer$3 processOneRequest
INFO: MockWebServer[60459] received request: GET /apis/apiextensions.k8s.io/v1beta1/customresourcedefinitions/entandoplugins.entando.org HTTP/1.1 and responded: HTTP/1.1 404 Client Error
May 13, 2021 1:01:31 PM okhttp3.mockwebserver.MockWebServer$3 processOneRequest
INFO: MockWebServer[60459] received request: POST /apis/apiextensions.k8s.io/v1beta1/customresourcedefinitions HTTP/1.1 and responded: HTTP/1.1 202 OK
May 13, 2021 1:01:31 PM okhttp3.mockwebserver.MockWebServer$3 processOneRequest
INFO: MockWebServer[60459] received request: GET /api/v1/namespaces/test HTTP/1.1 and responded: HTTP/1.1 404 Client Error
May 13, 2021 1:01:31 PM okhttp3.mockwebserver.MockWebServer$3 processOneRequest
INFO: MockWebServer[60459] received request: GET /apis/entando.org/v1/namespaces/default/entandoplugins HTTP/1.1 and responded: HTTP/1.1 200 OK
May 13, 2021 1:01:31 PM okhttp3.mockwebserver.MockWebServer$3 processOneRequest
INFO: MockWebServer[60459] received request: GET /api/v1/namespaces/test HTTP/1.1 and responded: HTTP/1.1 404 Client Error
May 13, 2021 1:01:31 PM okhttp3.mockwebserver.MockWebServer$3 processOneRequest
INFO: MockWebServer[60459] received request: GET /apis/entando.org/v1/namespaces/default/entandoplugins HTTP/1.1 and responded: HTTP/1.1 200 OK
May 13, 2021 1:01:31 PM okhttp3.mockwebserver.MockWebServer$3 processOneRequest
INFO: MockWebServer[60459] received request: GET /api/v1/namespaces/entando-k8s-custom-model-cums8 HTTP/1.1 and responded: HTTP/1.1 404 Client Error
May 13, 2021 1:01:32 PM okhttp3.mockwebserver.MockWebServer$3 processOneRequest
INFO: MockWebServer[60459] received request: POST /api/v1/namespaces HTTP/1.1 and responded: HTTP/1.1 202 OK
May 13, 2021 1:01:32 PM okhttp3.mockwebserver.MockWebServer$3 processOneRequest
INFO: MockWebServer[60459] received request: POST /apis/entando.org/v1/namespaces/entando-k8s-custom-model-cums8/entandoplugins HTTP/1.1 and responded: HTTP/1.1 202 OK
May 13, 2021 1:01:32 PM okhttp3.mockwebserver.MockWebServer$3 processOneRequest
INFO: MockWebServer[60459] received request: GET /apis/entando.org/v1/namespaces/entando-k8s-custom-model-cums8/entandoplugins/my-plugin HTTP/1.1 and responded: HTTP/1.1 200 OK
May 13, 2021 1:01:32 PM okhttp3.mockwebserver.MockWebServer$3 processOneRequest
INFO: MockWebServer[60459] received request: GET /apis/entando.org/v1/namespaces/entando-k8s-custom-model-cums8/entandoplugins/my-plugin HTTP/1.1 and responded: HTTP/1.1 200 OK
May 13, 2021 1:01:32 PM okhttp3.mockwebserver.MockWebServer$3 processOneRequest
INFO: MockWebServer[60459] received request: PATCH /apis/entando.org/v1/namespaces/entando-k8s-custom-model-cums8/entandoplugins/my-plugin HTTP/1.1 and responded: HTTP/1.1 202 OK
May 13, 2021 1:01:32 PM okhttp3.mockwebserver.MockWebServer$3 processOneRequest
INFO: MockWebServer[60459] received request: PUT /apis/entando.org/v1/namespaces/entando-k8s-custom-model-cums8/entandoplugins/my-plugin/status HTTP/1.1 and responded: HTTP/1.1 202 OK
May 13, 2021 1:01:32 PM okhttp3.mockwebserver.MockWebServer$2 acceptConnections
INFO: MockWebServer[60459] done accepting connections: Socket closed
May 13, 2021 1:01:32 PM okhttp3.mockwebserver.MockWebServer$2 e**cute
INFO: MockWebServer[50510] starting to accept connections
May 13, 2021 1:01:32 PM okhttp3.mockwebserver.MockWebServer$3 processOneRequest
INFO: MockWebServer[50510] received request: GET /api/v1/namespaces/test HTTP/1.1 and responded: HTTP/1.1 404 Client Error
May 13, 2021 1:01:32 PM okhttp3.mockwebserver.MockWebServer$3 processOneRequest
INFO: MockWebServer[50510] received request: GET /apis/entando.org/v1/namespaces/default/entandoplugins HTTP/1.1 and responded: HTTP/1.1 200 OK
May 13, 2021 1:01:32 PM okhttp3.mockwebserver.MockWebServer$3 processOneRequest
INFO: MockWebServer[50510] received request: GET /api/v1/namespaces/test HTTP/1.1 and responded: HTTP/1.1 404 Client Error
May 13, 2021 1:01:33 PM okhttp3.mockwebserver.MockWebServer$3 processOneRequest
INFO: MockWebServer[50510] received request: GET /apis/entando.org/v1/namespaces/default/entandoplugins HTTP/1.1 and responded: HTTP/1.1 200 OK
May 13, 2021 1:01:33 PM okhttp3.mockwebserver.MockWebServer$3 processOneRequest
INFO: MockWebServer[50510] received request: GET /api/v1/namespaces/entando-k8s-custom-model-cums8 HTTP/1.1 and responded: HTTP/1.1 404 Client Error
May 13, 2021 1:01:33 PM okhttp3.mockwebserver.MockWebServer$3 processOneRequest
INFO: MockWebServer[50510] received request: POST /api/v1/namespaces HTTP/1.1 and responded: HTTP/1.1 202 OK
May 13, 2021 1:01:33 PM okhttp3.mockwebserver.MockWebServer$3 processOneRequest
INFO: MockWebServer[50510] received request: POST /apis/entando.org/v1/namespaces/entando-k8s-custom-model-cums8/entandoplugins HTTP/1.1 and responded: HTTP/1.1 202 OK
May 13, 2021 1:01:33 PM okhttp3.mockwebserver.MockWebServer$3 processOneRequest
INFO: MockWebServer[50510] received request: GET /apis/entando.org/v1/namespaces/entando-k8s-custom-model-cums8/entandoplugins/my-plugin HTTP/1.1 and responded: HTTP/1.1 200 OK
May 13, 2021 1:01:33 PM okhttp3.mockwebserver.MockWebServer$2 acceptConnections
INFO: MockWebServer[50510] done accepting connections: Socket closed
May 13, 2021 1:01:33 PM okhttp3.mockwebserver.MockWebServer$2 e**cute
INFO: MockWebServer[53267] starting to accept connections
May 13, 2021 1:01:33 PM okhttp3.mockwebserver.MockWebServer$3 processOneRequest
INFO: MockWebServer[53267] received request: GET /api/v1/namespaces/test HTTP/1.1 and responded: HTTP/1.1 404 Client Error
May 13, 2021 1:01:33 PM okhttp3.mockwebserver.MockWebServer$3 processOneRequest
INFO: MockWebServer[53267] received request: GET /apis/entando.org/v1/namespaces/default/entandoplugins HTTP/1.1 and responded: HTTP/1.1 200 OK
May 13, 2021 1:01:33 PM okhttp3.mockwebserver.MockWebServer$3 processOneRequest
INFO: MockWebServer[53267] received request: GET /api/v1/namespaces/test HTTP/1.1 and responded: HTTP/1.1 404 Client Error
May 13, 2021 1:01:33 PM okhttp3.mockwebserver.MockWebServer$3 processOneRequest
INFO: MockWebServer[53267] received request: GET /apis/entando.org/v1/namespaces/default/entandoplugins HTTP/1.1 and responded: HTTP/1.1 200 OK
May 13, 2021 1:01:33 PM okhttp3.mockwebserver.MockWebServer$3 processOneRequest
INFO: MockWebServer[53267] received request: GET /api/v1/namespaces/entando-k8s-custom-model-cums8 HTTP/1.1 and responded: HTTP/1.1 404 Client Error
May 13, 2021 1:01:33 PM okhttp3.mockwebserver.MockWebServer$3 processOneRequest
INFO: MockWebServer[53267] received request: POST /api/v1/namespaces HTTP/1.1 and responded: HTTP/1.1 202 OK
May 13, 2021 1:01:34 PM okhttp3.mockwebserver.MockWebServer$2 acceptConnections
INFO: MockWebServer[53267] done accepting connections: Socket closed
[INFO] Tests run: 3, Failures: 0, Errors: 0, Skipped: 0, Time elapsed: 3.758 s - in org.entando.kubernetes.model.inprocesstest.EntandoPluginMockedTest
[INFO] Running org.entando.kubernetes.model.inprocesstest.EntandoKeycloakServerMockedTest
May 13, 2021 1:01:34 PM okhttp3.mockwebserver.MockWebServer$2 e**cute
INFO: MockWebServer[55498] starting to accept connections
May 13, 2021 1:01:34 PM okhttp3.mockwebserver.MockWebServer$3 processOneRequest
INFO: MockWebServer[55498] received request: GET /apis/apiextensions.k8s.io/v1beta1/customresourcedefinitions/entandokeycloakservers.entando.org HTTP/1.1 and responded: HTTP/1.1 404 Client Error
May 13, 2021 1:01:34 PM okhttp3.mockwebserver.MockWebServer$3 processOneRequest
INFO: MockWebServer[55498] received request: POST /apis/apiextensions.k8s.io/v1beta1/customresourcedefinitions HTTP/1.1 and responded: HTTP/1.1 202 OK
May 13, 2021 1:01:34 PM okhttp3.mockwebserver.MockWebServer$3 processOneRequest
INFO: MockWebServer[55498] received request: GET /api/v1/namespaces/test HTTP/1.1 and responded: HTTP/1.1 404 Client Error
May 13, 2021 1:01:34 PM okhttp3.mockwebserver.MockWebServer$3 processOneRequest
INFO: MockWebServer[55498] received request: GET /apis/entando.org/v1/namespaces/default/entandokeycloakservers HTTP/1.1 and responded: HTTP/1.1 200 OK
May 13, 2021 1:01:34 PM okhttp3.mockwebserver.MockWebServer$3 processOneRequest
INFO: MockWebServer[55498] received request: GET /api/v1/namespaces/test HTTP/1.1 and responded: HTTP/1.1 404 Client Error
May 13, 2021 1:01:34 PM okhttp3.mockwebserver.MockWebServer$3 processOneRequest
INFO: MockWebServer[55498] received request: GET /apis/entando.org/v1/namespaces/default/entandokeycloakservers HTTP/1.1 and responded: HTTP/1.1 200 OK
May 13, 2021 1:01:34 PM okhttp3.mockwebserver.MockWebServer$3 processOneRequest
INFO: MockWebServer[55498] received request: GET /api/v1/namespaces/entando-k8s-custom-model-cums8 HTTP/1.1 and responded: HTTP/1.1 404 Client Error
May 13, 2021 1:01:34 PM okhttp3.mockwebserver.MockWebServer$3 processOneRequest
INFO: MockWebServer[55498] received request: POST /api/v1/namespaces HTTP/1.1 and responded: HTTP/1.1 202 OK
May 13, 2021 1:01:34 PM okhttp3.mockwebserver.MockWebServer$3 processOneRequest
INFO: MockWebServer[55498] received request: POST /apis/entando.org/v1/namespaces/entando-k8s-custom-model-cums8/entandokeycloakservers HTTP/1.1 and responded: HTTP/1.1 202 OK
May 13, 2021 1:01:34 PM okhttp3.mockwebserver.MockWebServer$3 processOneRequest
INFO: MockWebServer[55498] received request: GET /apis/entando.org/v1/namespaces/entando-k8s-custom-model-cums8/entandokeycloakservers/my-keycloak HTTP/1.1 and responded: HTTP/1.1 200 OK
May 13, 2021 1:01:34 PM okhttp3.mockwebserver.MockWebServer$2 acceptConnections
INFO: MockWebServer[55498] done accepting connections: Socket closed
May 13, 2021 1:01:34 PM okhttp3.mockwebserver.MockWebServer$2 e**cute
INFO: MockWebServer[59498] starting to accept connections
May 13, 2021 1:01:35 PM okhttp3.mockwebserver.MockWebServer$3 processOneRequest
INFO: MockWebServer[59498] received request: GET /api/v1/namespaces/test HTTP/1.1 and responded: HTTP/1.1 404 Client Error
May 13, 2021 1:01:35 PM okhttp3.mockwebserver.MockWebServer$3 processOneRequest
INFO: MockWebServer[59498] received request: GET /apis/entando.org/v1/namespaces/default/entandokeycloakservers HTTP/1.1 and responded: HTTP/1.1 200 OK
May 13, 2021 1:01:35 PM okhttp3.mockwebserver.MockWebServer$3 processOneRequest
INFO: MockWebServer[59498] received request: GET /api/v1/namespaces/test HTTP/1.1 and responded: HTTP/1.1 404 Client Error
May 13, 2021 1:01:35 PM okhttp3.mockwebserver.MockWebServer$3 processOneRequest
INFO: MockWebServer[59498] received request: GET /apis/entando.org/v1/namespaces/default/entandokeycloakservers HTTP/1.1 and responded: HTTP/1.1 200 OK
May 13, 2021 1:01:35 PM okhttp3.mockwebserver.MockWebServer$3 processOneRequest
INFO: MockWebServer[59498] received request: GET /api/v1/namespaces/entando-k8s-custom-model-cums8 HTTP/1.1 and responded: HTTP/1.1 404 Client Error
May 13, 2021 1:01:35 PM okhttp3.mockwebserver.MockWebServer$3 processOneRequest
INFO: MockWebServer[59498] received request: POST /api/v1/namespaces HTTP/1.1 and responded: HTTP/1.1 202 OK
May 13, 2021 1:01:35 PM okhttp3.mockwebserver.MockWebServer$3 processOneRequest
INFO: MockWebServer[59498] received request: POST /apis/entando.org/v1/namespaces/entando-k8s-custom-model-cums8/entandokeycloakservers HTTP/1.1 and responded: HTTP/1.1 202 OK
May 13, 2021 1:01:35 PM okhttp3.mockwebserver.MockWebServer$3 processOneRequest
INFO: MockWebServer[59498] received request: GET /apis/entando.org/v1/namespaces/entando-k8s-custom-model-cums8/entandokeycloakservers/my-keycloak HTTP/1.1 and responded: HTTP/1.1 200 OK
May 13, 2021 1:01:35 PM okhttp3.mockwebserver.MockWebServer$3 processOneRequest
INFO: MockWebServer[59498] received request: GET /apis/entando.org/v1/namespaces/entando-k8s-custom-model-cums8/entandokeycloakservers/my-keycloak HTTP/1.1 and responded: HTTP/1.1 200 OK
May 13, 2021 1:01:35 PM okhttp3.mockwebserver.MockWebServer$3 processOneRequest
INFO: MockWebServer[59498] received request: PATCH /apis/entando.org/v1/namespaces/entando-k8s-custom-model-cums8/entandokeycloakservers/my-keycloak HTTP/1.1 and responded: HTTP/1.1 202 OK
May 13, 2021 1:01:36 PM okhttp3.mockwebserver.MockWebServer$3 processOneRequest
INFO: MockWebServer[59498] received request: PUT /apis/entando.org/v1/namespaces/entando-k8s-custom-model-cums8/entandokeycloakservers/my-keycloak/status HTTP/1.1 and responded: HTTP/1.1 202 OK
May 13, 2021 1:01:36 PM okhttp3.mockwebserver.MockWebServer$2 acceptConnections
INFO: MockWebServer[59498] done accepting connections: Socket closed
May 13, 2021 1:01:36 PM okhttp3.mockwebserver.MockWebServer$2 e**cute
INFO: MockWebServer[45093] starting to accept connections
May 13, 2021 1:01:36 PM okhttp3.mockwebserver.MockWebServer$3 processOneRequest
INFO: MockWebServer[45093] received request: GET /api/v1/namespaces/test HTTP/1.1 and responded: HTTP/1.1 404 Client Error
May 13, 2021 1:01:36 PM okhttp3.mockwebserver.MockWebServer$3 processOneRequest
INFO: MockWebServer[45093] received request: GET /apis/entando.org/v1/namespaces/default/entandokeycloakservers HTTP/1.1 and responded: HTTP/1.1 200 OK
May 13, 2021 1:01:36 PM okhttp3.mockwebserver.MockWebServer$3 processOneRequest
INFO: MockWebServer[45093] received request: GET /api/v1/namespaces/test HTTP/1.1 and responded: HTTP/1.1 404 Client Error
May 13, 2021 1:01:36 PM okhttp3.mockwebserver.MockWebServer$3 processOneRequest
INFO: MockWebServer[45093] received request: GET /apis/entando.org/v1/namespaces/default/entandokeycloakservers HTTP/1.1 and responded: HTTP/1.1 200 OK
May 13, 2021 1:01:36 PM okhttp3.mockwebserver.MockWebServer$3 processOneRequest
INFO: MockWebServer[45093] received request: GET /api/v1/namespaces/entando-k8s-custom-model-cums8 HTTP/1.1 and responded: HTTP/1.1 404 Client Error
May 13, 2021 1:01:36 PM okhttp3.mockwebserver.MockWebServer$3 processOneRequest
INFO: MockWebServer[45093] received request: POST /api/v1/namespaces HTTP/1.1 and responded: HTTP/1.1 202 OK
May 13, 2021 1:01:36 PM okhttp3.mockwebserver.MockWebServer$2 acceptConnections
INFO: MockWebServer[45093] done accepting connections: Socket closed
[INFO] Tests run: 3, Failures: 0, Errors: 0, Skipped: 0, Time elapsed: 2.638 s - in org.entando.kubernetes.model.inprocesstest.EntandoKeycloakServerMockedTest
[INFO] Running org.entando.kubernetes.model.inprocesstest.EntandoClusterInfrastructureMockedTest
May 13, 2021 1:01:36 PM okhttp3.mockwebserver.MockWebServer$2 e**cute
INFO: MockWebServer[49036] starting to accept connections
May 13, 2021 1:01:36 PM okhttp3.mockwebserver.MockWebServer$3 processOneRequest
INFO: MockWebServer[49036] received request: GET /apis/apiextensions.k8s.io/v1beta1/customresourcedefinitions/entandoclusterinfrastructures.entando.org HTTP/1.1 and responded: HTTP/1.1 404 Client Error
May 13, 2021 1:01:36 PM okhttp3.mockwebserver.MockWebServer$3 processOneRequest
INFO: MockWebServer[49036] received request: POST /apis/apiextensions.k8s.io/v1beta1/customresourcedefinitions HTTP/1.1 and responded: HTTP/1.1 202 OK
May 13, 2021 1:01:36 PM okhttp3.mockwebserver.MockWebServer$3 processOneRequest
INFO: MockWebServer[49036] received request: GET /api/v1/namespaces/test HTTP/1.1 and responded: HTTP/1.1 404 Client Error
May 13, 2021 1:01:37 PM okhttp3.mockwebserver.MockWebServer$3 processOneRequest
INFO: MockWebServer[49036] received request: GET /apis/entando.org/v1/namespaces/default/entandoclusterinfrastructures HTTP/1.1 and responded: HTTP/1.1 200 OK
May 13, 2021 1:01:37 PM okhttp3.mockwebserver.MockWebServer$3 processOneRequest
INFO: MockWebServer[49036] received request: GET /api/v1/namespaces/test HTTP/1.1 and responded: HTTP/1.1 404 Client Error
May 13, 2021 1:01:37 PM okhttp3.mockwebserver.MockWebServer$3 processOneRequest
INFO: MockWebServer[49036] received request: GET /apis/entando.org/v1/namespaces/default/entandoclusterinfrastructures HTTP/1.1 and responded: HTTP/1.1 200 OK
May 13, 2021 1:01:37 PM okhttp3.mockwebserver.MockWebServer$3 processOneRequest
INFO: MockWebServer[49036] received request: GET /api/v1/namespaces/entando-k8s-custom-model-cums8 HTTP/1.1 and responded: HTTP/1.1 404 Client Error
May 13, 2021 1:01:37 PM okhttp3.mockwebserver.MockWebServer$3 processOneRequest
INFO: MockWebServer[49036] received request: POST /api/v1/namespaces HTTP/1.1 and responded: HTTP/1.1 202 OK
May 13, 2021 1:01:37 PM okhttp3.mockwebserver.MockWebServer$3 processOneRequest
INFO: MockWebServer[49036] received request: POST /apis/entando.org/v1/namespaces/entando-k8s-custom-model-cums8/entandoclusterinfrastructures HTTP/1.1 and responded: HTTP/1.1 202 OK
May 13, 2021 1:01:37 PM okhttp3.mockwebserver.MockWebServer$3 processOneRequest
INFO: MockWebServer[49036] received request: GET /apis/entando.org/v1/namespaces/entando-k8s-custom-model-cums8/entandoclusterinfrastructures/my-entando-cluster-infrastructure HTTP/1.1 and responded: HTTP/1.1 200 OK
May 13, 2021 1:01:37 PM okhttp3.mockwebserver.MockWebServer$2 acceptConnections
INFO: MockWebServer[49036] done accepting connections: Socket closed
May 13, 2021 1:01:37 PM okhttp3.mockwebserver.MockWebServer$2 e**cute
INFO: MockWebServer[42895] starting to accept connections
May 13, 2021 1:01:37 PM okhttp3.mockwebserver.MockWebServer$3 processOneRequest
INFO: MockWebServer[42895] received request: GET /api/v1/namespaces/test HTTP/1.1 and responded: HTTP/1.1 404 Client Error
May 13, 2021 1:01:37 PM okhttp3.mockwebserver.MockWebServer$3 processOneRequest
INFO: MockWebServer[42895] received request: GET /apis/entando.org/v1/namespaces/default/entandoclusterinfrastructures HTTP/1.1 and responded: HTTP/1.1 200 OK
May 13, 2021 1:01:37 PM okhttp3.mockwebserver.MockWebServer$3 processOneRequest
INFO: MockWebServer[42895] received request: GET /api/v1/namespaces/test HTTP/1.1 and responded: HTTP/1.1 404 Client Error
May 13, 2021 1:01:37 PM okhttp3.mockwebserver.MockWebServer$3 processOneRequest
INFO: MockWebServer[42895] received request: GET /apis/entando.org/v1/namespaces/default/entandoclusterinfrastructures HTTP/1.1 and responded: HTTP/1.1 200 OK
May 13, 2021 1:01:38 PM okhttp3.mockwebserver.MockWebServer$3 processOneRequest
INFO: MockWebServer[42895] received request: GET /api/v1/namespaces/entando-k8s-custom-model-cums8 HTTP/1.1 and responded: HTTP/1.1 404 Client Error
May 13, 2021 1:01:38 PM okhttp3.mockwebserver.MockWebServer$3 processOneRequest
INFO: MockWebServer[42895] received request: POST /api/v1/namespaces HTTP/1.1 and responded: HTTP/1.1 202 OK
May 13, 2021 1:01:38 PM okhttp3.mockwebserver.MockWebServer$3 processOneRequest
INFO: MockWebServer[42895] received request: POST /apis/entando.org/v1/namespaces/entando-k8s-custom-model-cums8/entandoclusterinfrastructures HTTP/1.1 and responded: HTTP/1.1 202 OK
May 13, 2021 1:01:38 PM okhttp3.mockwebserver.MockWebServer$3 processOneRequest
INFO: MockWebServer[42895] received request: GET /apis/entando.org/v1/namespaces/entando-k8s-custom-model-cums8/entandoclusterinfrastructures/my-entando-cluster-infrastructure HTTP/1.1 and responded: HTTP/1.1 200 OK
May 13, 2021 1:01:38 PM okhttp3.mockwebserver.MockWebServer$3 processOneRequest
INFO: MockWebServer[42895] received request: GET /apis/entando.org/v1/namespaces/entando-k8s-custom-model-cums8/entandoclusterinfrastructures/my-entando-cluster-infrastructure HTTP/1.1 and responded: HTTP/1.1 200 OK
May 13, 2021 1:01:38 PM okhttp3.mockwebserver.MockWebServer$3 processOneRequest
INFO: MockWebServer[42895] received request: PATCH /apis/entando.org/v1/namespaces/entando-k8s-custom-model-cums8/entandoclusterinfrastructures/my-entando-cluster-infrastructure HTTP/1.1 and responded: HTTP/1.1 202 OK
May 13, 2021 1:01:38 PM okhttp3.mockwebserver.MockWebServer$3 processOneRequest
INFO: MockWebServer[42895] received request: PUT /apis/entando.org/v1/namespaces/entando-k8s-custom-model-cums8/entandoclusterinfrastructures/my-entando-cluster-infrastructure/status HTTP/1.1 and responded: HTTP/1.1 202 OK
May 13, 2021 1:01:38 PM okhttp3.mockwebserver.MockWebServer$2 acceptConnections
INFO: MockWebServer[42895] done accepting connections: Socket closed
May 13, 2021 1:01:38 PM okhttp3.mockwebserver.MockWebServer$2 e**cute
INFO: MockWebServer[36998] starting to accept connections
May 13, 2021 1:01:38 PM okhttp3.mockwebserver.MockWebServer$3 processOneRequest
INFO: MockWebServer[36998] received request: GET /api/v1/namespaces/test HTTP/1.1 and responded: HTTP/1.1 404 Client Error
May 13, 2021 1:01:38 PM okhttp3.mockwebserver.MockWebServer$3 processOneRequest
INFO: MockWebServer[36998] received request: GET /apis/entando.org/v1/namespaces/default/entandoclusterinfrastructures HTTP/1.1 and responded: HTTP/1.1 200 OK
May 13, 2021 1:01:38 PM okhttp3.mockwebserver.MockWebServer$3 processOneRequest
INFO: MockWebServer[36998] received request: GET /api/v1/namespaces/test HTTP/1.1 and responded: HTTP/1.1 404 Client Error
May 13, 2021 1:01:38 PM okhttp3.mockwebserver.MockWebServer$3 processOneRequest
INFO: MockWebServer[36998] received request: GET /apis/entando.org/v1/namespaces/default/entandoclusterinfrastructures HTTP/1.1 and responded: HTTP/1.1 200 OK
May 13, 2021 1:01:39 PM okhttp3.mockwebserver.MockWebServer$3 processOneRequest
INFO: MockWebServer[36998] received request: GET /api/v1/namespaces/entando-k8s-custom-model-cums8 HTTP/1.1 and responded: HTTP/1.1 404 Client Error
May 13, 2021 1:01:39 PM okhttp3.mockwebserver.MockWebServer$3 processOneRequest
INFO: MockWebServer[36998] received request: POST /api/v1/namespaces HTTP/1.1 and responded: HTTP/1.1 202 OK
May 13, 2021 1:01:39 PM okhttp3.mockwebserver.MockWebServer$2 acceptConnections
INFO: MockWebServer[36998] done accepting connections: Socket closed
[INFO] Tests run: 3, Failures: 0, Errors: 0, Skipped: 0, Time elapsed: 2.511 s - in org.entando.kubernetes.model.inprocesstest.EntandoClusterInfrastructureMockedTest
[INFO] Running org.entando.kubernetes.model.inprocesstest.EntandoDeBundleMockedTest
May 13, 2021 1:01:39 PM okhttp3.mockwebserver.MockWebServer$2 e**cute
INFO: MockWebServer[47746] starting to accept connections
May 13, 2021 1:01:39 PM okhttp3.mockwebserver.MockWebServer$3 processOneRequest
INFO: MockWebServer[47746] received request: GET /apis/apiextensions.k8s.io/v1beta1/customresourcedefinitions/entandodebundles.entando.org HTTP/1.1 and responded: HTTP/1.1 404 Client Error
May 13, 2021 1:01:39 PM okhttp3.mockwebserver.MockWebServer$3 processOneRequest
INFO: MockWebServer[47746] received request: POST /apis/apiextensions.k8s.io/v1beta1/customresourcedefinitions HTTP/1.1 and responded: HTTP/1.1 202 OK
May 13, 2021 1:01:39 PM okhttp3.mockwebserver.MockWebServer$3 processOneRequest
INFO: MockWebServer[47746] received request: GET /api/v1/namespaces/test HTTP/1.1 and responded: HTTP/1.1 404 Client Error
May 13, 2021 1:01:39 PM okhttp3.mockwebserver.MockWebServer$3 processOneRequest
INFO: MockWebServer[47746] received request: GET /apis/entando.org/v1/namespaces/default/entandodebundles HTTP/1.1 and responded: HTTP/1.1 200 OK
May 13, 2021 1:01:39 PM okhttp3.mockwebserver.MockWebServer$3 processOneRequest
INFO: MockWebServer[47746] received request: GET /api/v1/namespaces/test HTTP/1.1 and responded: HTTP/1.1 404 Client Error
May 13, 2021 1:01:39 PM okhttp3.mockwebserver.MockWebServer$3 processOneRequest
INFO: MockWebServer[47746] received request: GET /apis/entando.org/v1/namespaces/default/entandodebundles HTTP/1.1 and responded: HTTP/1.1 200 OK
May 13, 2021 1:01:39 PM okhttp3.mockwebserver.MockWebServer$3 processOneRequest
INFO: MockWebServer[47746] received request: GET /api/v1/namespaces/entando-k8s-custom-model-cums8 HTTP/1.1 and responded: HTTP/1.1 404 Client Error
May 13, 2021 1:01:39 PM okhttp3.mockwebserver.MockWebServer$3 processOneRequest
INFO: MockWebServer[47746] received request: POST /api/v1/namespaces HTTP/1.1 and responded: HTTP/1.1 202 OK
May 13, 2021 1:01:40 PM okhttp3.mockwebserver.MockWebServer$3 processOneRequest
INFO: MockWebServer[47746] received request: POST /apis/entando.org/v1/namespaces/entando-k8s-custom-model-cums8/entandodebundles HTTP/1.1 and responded: HTTP/1.1 202 OK
May 13, 2021 1:01:40 PM okhttp3.mockwebserver.MockWebServer$3 processOneRequest
INFO: MockWebServer[47746] received request: GET /apis/entando.org/v1/namespaces/entando-k8s-custom-model-cums8/entandodebundles/my-bundle HTTP/1.1 and responded: HTTP/1.1 200 OK
May 13, 2021 1:01:40 PM okhttp3.mockwebserver.MockWebServer$3 processOneRequest
INFO: MockWebServer[47746] received request: GET /apis/entando.org/v1/namespaces/entando-k8s-custom-model-cums8/entandodebundles/my-bundle HTTP/1.1 and responded: HTTP/1.1 200 OK
May 13, 2021 1:01:40 PM okhttp3.mockwebserver.MockWebServer$3 processOneRequest
INFO: MockWebServer[47746] received request: PATCH /apis/entando.org/v1/namespaces/entando-k8s-custom-model-cums8/entandodebundles/my-bundle HTTP/1.1 and responded: HTTP/1.1 202 OK
May 13, 2021 1:01:40 PM okhttp3.mockwebserver.MockWebServer$2 acceptConnections
INFO: MockWebServer[47746] done accepting connections: Socket closed
May 13, 2021 1:01:40 PM okhttp3.mockwebserver.MockWebServer$2 e**cute
INFO: MockWebServer[41887] starting to accept connections
May 13, 2021 1:01:40 PM okhttp3.mockwebserver.MockWebServer$3 processOneRequest
INFO: MockWebServer[41887] received request: GET /api/v1/namespaces/test HTTP/1.1 and responded: HTTP/1.1 404 Client Error
May 13, 2021 1:01:40 PM okhttp3.mockwebserver.MockWebServer$3 processOneRequest
INFO: MockWebServer[41887] received request: GET /apis/entando.org/v1/namespaces/default/entandodebundles HTTP/1.1 and responded: HTTP/1.1 200 OK
May 13, 2021 1:01:40 PM okhttp3.mockwebserver.MockWebServer$3 processOneRequest
INFO: MockWebServer[41887] received request: GET /api/v1/namespaces/test HTTP/1.1 and responded: HTTP/1.1 404 Client Error
May 13, 2021 1:01:40 PM okhttp3.mockwebserver.MockWebServer$3 processOneRequest
INFO: MockWebServer[41887] received request: GET /apis/entando.org/v1/namespaces/default/entandodebundles HTTP/1.1 and responded: HTTP/1.1 200 OK
May 13, 2021 1:01:40 PM okhttp3.mockwebserver.MockWebServer$3 processOneRequest
INFO: MockWebServer[41887] received request: GET /api/v1/namespaces/entando-k8s-custom-model-cums8 HTTP/1.1 and responded: HTTP/1.1 404 Client Error
May 13, 2021 1:01:40 PM okhttp3.mockwebserver.MockWebServer$3 processOneRequest
INFO: MockWebServer[41887] received request: POST /api/v1/namespaces HTTP/1.1 and responded: HTTP/1.1 202 OK
May 13, 2021 1:01:40 PM okhttp3.mockwebserver.MockWebServer$3 processOneRequest
INFO: MockWebServer[41887] received request: POST /apis/entando.org/v1/namespaces/entando-k8s-custom-model-cums8/entandodebundles HTTP/1.1 and responded: HTTP/1.1 202 OK
May 13, 2021 1:01:41 PM okhttp3.mockwebserver.MockWebServer$3 processOneRequest
INFO: MockWebServer[41887] received request: GET /apis/entando.org/v1/namespaces/entando-k8s-custom-model-cums8/entandodebundles/my-bundle HTTP/1.1 and responded: HTTP/1.1 200 OK
May 13, 2021 1:01:41 PM okhttp3.mockwebserver.MockWebServer$2 acceptConnections
INFO: MockWebServer[41887] done accepting connections: Socket closed
May 13, 2021 1:01:41 PM okhttp3.mockwebserver.MockWebServer$2 e**cute
INFO: MockWebServer[47998] starting to accept connections
May 13, 2021 1:01:41 PM okhttp3.mockwebserver.MockWebServer$3 processOneRequest
INFO: MockWebServer[47998] received request: GET /api/v1/namespaces/test HTTP/1.1 and responded: HTTP/1.1 404 Client Error
May 13, 2021 1:01:41 PM okhttp3.mockwebserver.MockWebServer$3 processOneRequest
INFO: MockWebServer[47998] received request: GET /apis/entando.org/v1/namespaces/default/entandodebundles HTTP/1.1 and responded: HTTP/1.1 200 OK
May 13, 2021 1:01:41 PM okhttp3.mockwebserver.MockWebServer$3 processOneRequest
INFO: MockWebServer[47998] received request: GET /api/v1/namespaces/test HTTP/1.1 and responded: HTTP/1.1 404 Client Error
May 13, 2021 1:01:41 PM okhttp3.mockwebserver.MockWebServer$3 processOneRequest
INFO: MockWebServer[47998] received request: GET /apis/entando.org/v1/namespaces/default/entandodebundles HTTP/1.1 and responded: HTTP/1.1 200 OK
May 13, 2021 1:01:41 PM okhttp3.mockwebserver.MockWebServer$3 processOneRequest
INFO: MockWebServer[47998] received request: GET /api/v1/namespaces/entando-k8s-custom-model-cums8 HTTP/1.1 and responded: HTTP/1.1 404 Client Error
May 13, 2021 1:01:41 PM okhttp3.mockwebserver.MockWebServer$3 processOneRequest
INFO: MockWebServer[47998] received request: POST /api/v1/namespaces HTTP/1.1 and responded: HTTP/1.1 202 OK
May 13, 2021 1:01:41 PM okhttp3.mockwebserver.MockWebServer$2 acceptConnections
INFO: MockWebServer[47998] done accepting connections: Socket closed
[INFO] Tests run: 3, Failures: 0, Errors: 0, Skipped: 0, Time elapsed: 2.386 s - in org.entando.kubernetes.model.inprocesstest.EntandoDeBundleMockedTest
[INFO] Running org.entando.kubernetes.model.inprocesstest.EntandoAppPluginLinkMockedTest
May 13, 2021 1:01:41 PM okhttp3.mockwebserver.MockWebServer$2 e**cute
INFO: MockWebServer[33462] starting to accept connections
May 13, 2021 1:01:41 PM okhttp3.mockwebserver.MockWebServer$3 processOneRequest
INFO: MockWebServer[33462] received request: GET /apis/apiextensions.k8s.io/v1beta1/customresourcedefinitions/entandoapppluginlinks.entando.org HTTP/1.1 and responded: HTTP/1.1 404 Client Error
May 13, 2021 1:01:41 PM okhttp3.mockwebserver.MockWebServer$3 processOneRequest
INFO: MockWebServer[33462] received request: POST /apis/apiextensions.k8s.io/v1beta1/customresourcedefinitions HTTP/1.1 and responded: HTTP/1.1 202 OK
May 13, 2021 1:01:41 PM okhttp3.mockwebserver.MockWebServer$3 processOneRequest
INFO: MockWebServer[33462] received request: GET /api/v1/namespaces/test HTTP/1.1 and responded: HTTP/1.1 404 Client Error
May 13, 2021 1:01:42 PM okhttp3.mockwebserver.MockWebServer$3 processOneRequest
INFO: MockWebServer[33462] received request: GET /apis/entando.org/v1/namespaces/default/entandoapppluginlinks HTTP/1.1 and responded: HTTP/1.1 200 OK
May 13, 2021 1:01:42 PM okhttp3.mockwebserver.MockWebServer$3 processOneRequest
INFO: MockWebServer[33462] received request: GET /api/v1/namespaces/test HTTP/1.1 and responded: HTTP/1.1 404 Client Error
May 13, 2021 1:01:42 PM okhttp3.mockwebserver.MockWebServer$3 processOneRequest
INFO: MockWebServer[33462] received request: GET /apis/entando.org/v1/namespaces/default/entandoapppluginlinks HTTP/1.1 and responded: HTTP/1.1 200 OK
May 13, 2021 1:01:42 PM okhttp3.mockwebserver.MockWebServer$3 processOneRequest
INFO: MockWebServer[33462] received request: GET /api/v1/namespaces/entando-k8s-custom-model-cums8 HTTP/1.1 and responded: HTTP/1.1 404 Client Error
May 13, 2021 1:01:42 PM okhttp3.mockwebserver.MockWebServer$3 processOneRequest
INFO: MockWebServer[33462] received request: POST /api/v1/namespaces HTTP/1.1 and responded: HTTP/1.1 202 OK
May 13, 2021 1:01:42 PM okhttp3.mockwebserver.MockWebServer$3 processOneRequest
INFO: MockWebServer[33462] received request: POST /apis/entando.org/v1/namespaces/entando-k8s-custom-model-cums8/entandoapppluginlinks HTTP/1.1 and responded: HTTP/1.1 202 OK
May 13, 2021 1:01:42 PM okhttp3.mockwebserver.MockWebServer$3 processOneRequest
INFO: MockWebServer[33462] received request: GET /apis/entando.org/v1/namespaces/entando-k8s-custom-model-cums8/entandoapppluginlinks/my-app-plugin-link HTTP/1.1 and responded: HTTP/1.1 200 OK
May 13, 2021 1:01:42 PM okhttp3.mockwebserver.MockWebServer$3 processOneRequest
INFO: MockWebServer[33462] received request: GET /apis/entando.org/v1/namespaces/entando-k8s-custom-model-cums8/entandoapppluginlinks/my-app-plugin-link HTTP/1.1 and responded: HTTP/1.1 200 OK
May 13, 2021 1:01:42 PM okhttp3.mockwebserver.MockWebServer$3 processOneRequest
INFO: MockWebServer[33462] received request: PATCH /apis/entando.org/v1/namespaces/entando-k8s-custom-model-cums8/entandoapppluginlinks/my-app-plugin-link HTTP/1.1 and responded: HTTP/1.1 202 OK
May 13, 2021 1:01:42 PM okhttp3.mockwebserver.MockWebServer$2 acceptConnections
INFO: MockWebServer[33462] done accepting connections: Socket closed
May 13, 2021 1:01:42 PM okhttp3.mockwebserver.MockWebServer$2 e**cute
INFO: MockWebServer[48377] starting to accept connections
May 13, 2021 1:01:42 PM okhttp3.mockwebserver.MockWebServer$3 processOneRequest
INFO: MockWebServer[48377] received request: GET /api/v1/namespaces/test HTTP/1.1 and responded: HTTP/1.1 404 Client Error
May 13, 2021 1:01:42 PM okhttp3.mockwebserver.MockWebServer$3 processOneRequest
INFO: MockWebServer[48377] received request: GET /apis/entando.org/v1/namespaces/default/entandoapppluginlinks HTTP/1.1 and responded: HTTP/1.1 200 OK
May 13, 2021 1:01:43 PM okhttp3.mockwebserver.MockWebServer$3 processOneRequest
INFO: MockWebServer[48377] received request: GET /api/v1/namespaces/test HTTP/1.1 and responded: HTTP/1.1 404 Client Error
May 13, 2021 1:01:43 PM okhttp3.mockwebserver.MockWebServer$3 processOneRequest
INFO: MockWebServer[48377] received request: GET /apis/entando.org/v1/namespaces/default/entandoapppluginlinks HTTP/1.1 and responded: HTTP/1.1 200 OK
May 13, 2021 1:01:43 PM okhttp3.mockwebserver.MockWebServer$3 processOneRequest
INFO: MockWebServer[48377] received request: GET /api/v1/namespaces/entando-k8s-custom-model-cums8 HTTP/1.1 and responded: HTTP/1.1 404 Client Error
May 13, 2021 1:01:43 PM okhttp3.mockwebserver.MockWebServer$3 processOneRequest
INFO: MockWebServer[48377] received request: POST /api/v1/namespaces HTTP/1.1 and responded: HTTP/1.1 202 OK
May 13, 2021 1:01:43 PM okhttp3.mockwebserver.MockWebServer$3 processOneRequest
INFO: MockWebServer[48377] received request: POST /apis/entando.org/v1/namespaces/entando-k8s-custom-model-cums8/entandoapppluginlinks HTTP/1.1 and responded: HTTP/1.1 202 OK
May 13, 2021 1:01:43 PM okhttp3.mockwebserver.MockWebServer$3 processOneRequest
INFO: MockWebServer[48377] received request: GET /apis/entando.org/v1/namespaces/entando-k8s-custom-model-cums8/entandoapppluginlinks/my-app-plugin-link HTTP/1.1 and responded: HTTP/1.1 200 OK
May 13, 2021 1:01:43 PM okhttp3.mockwebserver.MockWebServer$2 acceptConnections
INFO: MockWebServer[48377] done accepting connections: Socket closed
May 13, 2021 1:01:43 PM okhttp3.mockwebserver.MockWebServer$2 e**cute
INFO: MockWebServer[60201] starting to accept connections
May 13, 2021 1:01:43 PM okhttp3.mockwebserver.MockWebServer$3 processOneRequest
INFO: MockWebServer[60201] received request: GET /api/v1/namespaces/test HTTP/1.1 and responded: HTTP/1.1 404 Client Error
May 13, 2021 1:01:43 PM okhttp3.mockwebserver.MockWebServer$3 processOneRequest
INFO: MockWebServer[60201] received request: GET /apis/entando.org/v1/namespaces/default/entandoapppluginlinks HTTP/1.1 and responded: HTTP/1.1 200 OK
May 13, 2021 1:01:43 PM okhttp3.mockwebserver.MockWebServer$3 processOneRequest
INFO: MockWebServer[60201] received request: GET /api/v1/namespaces/test HTTP/1.1 and responded: HTTP/1.1 404 Client Error
May 13, 2021 1:01:43 PM okhttp3.mockwebserver.MockWebServer$3 processOneRequest
INFO: MockWebServer[60201] received request: GET /apis/entando.org/v1/namespaces/default/entandoapppluginlinks HTTP/1.1 and responded: HTTP/1.1 200 OK
May 13, 2021 1:01:43 PM okhttp3.mockwebserver.MockWebServer$3 processOneRequest
INFO: MockWebServer[60201] received request: GET /api/v1/namespaces/entando-k8s-custom-model-cums8 HTTP/1.1 and responded: HTTP/1.1 404 Client Error
May 13, 2021 1:01:43 PM okhttp3.mockwebserver.MockWebServer$3 processOneRequest
INFO: MockWebServer[60201] received request: POST /api/v1/namespaces HTTP/1.1 and responded: HTTP/1.1 202 OK
May 13, 2021 1:01:44 PM okhttp3.mockwebserver.MockWebServer$2 acceptConnections
INFO: MockWebServer[60201] done accepting connections: Socket closed
[INFO] Tests run: 3, Failures: 0, Errors: 0, Skipped: 0, Time elapsed: 2.393 s - in org.entando.kubernetes.model.inprocesstest.EntandoAppPluginLinkMockedTest
[INFO] Running org.entando.kubernetes.model.inprocesstest.EntandoCompositeAppMockedTest
May 13, 2021 1:01:44 PM okhttp3.mockwebserver.MockWebServer$2 e**cute
INFO: MockWebServer[43405] starting to accept connections
May 13, 2021 1:01:44 PM okhttp3.mockwebserver.MockWebServer$3 processOneRequest
INFO: MockWebServer[43405] received request: GET /apis/apiextensions.k8s.io/v1beta1/customresourcedefinitions/entandocompositeapps.entando.org HTTP/1.1 and responded: HTTP/1.1 404 Client Error
May 13, 2021 1:01:44 PM okhttp3.mockwebserver.MockWebServer$3 processOneRequest
INFO: MockWebServer[43405] received request: POST /apis/apiextensions.k8s.io/v1beta1/customresourcedefinitions HTTP/1.1 and responded: HTTP/1.1 202 OK
May 13, 2021 1:01:44 PM okhttp3.mockwebserver.MockWebServer$3 processOneRequest
INFO: MockWebServer[43405] received request: GET /api/v1/namespaces/test HTTP/1.1 and responded: HTTP/1.1 404 Client Error
May 13, 2021 1:01:44 PM okhttp3.mockwebserver.MockWebServer$3 processOneRequest
INFO: MockWebServer[43405] received request: GET /apis/entando.org/v1/namespaces/default/entandocompositeapps HTTP/1.1 and responded: HTTP/1.1 200 OK
May 13, 2021 1:01:44 PM okhttp3.mockwebserver.MockWebServer$3 processOneRequest
INFO: MockWebServer[43405] received request: GET /api/v1/namespaces/test HTTP/1.1 and responded: HTTP/1.1 404 Client Error
May 13, 2021 1:01:44 PM okhttp3.mockwebserver.MockWebServer$3 processOneRequest
INFO: MockWebServer[43405] received request: GET /apis/entando.org/v1/namespaces/default/entandocompositeapps HTTP/1.1 and responded: HTTP/1.1 200 OK
May 13, 2021 1:01:44 PM okhttp3.mockwebserver.MockWebServer$3 processOneRequest
INFO: MockWebServer[43405] received request: GET /api/v1/namespaces/entando-k8s-custom-model-cums8 HTTP/1.1 and responded: HTTP/1.1 404 Client Error
May 13, 2021 1:01:44 PM okhttp3.mockwebserver.MockWebServer$3 processOneRequest
INFO: MockWebServer[43405] received request: POST /api/v1/namespaces HTTP/1.1 and responded: HTTP/1.1 202 OK
May 13, 2021 1:01:44 PM okhttp3.mockwebserver.MockWebServer$3 processOneRequest
INFO: MockWebServer[43405] received request: POST /apis/entando.org/v1/namespaces/entando-k8s-custom-model-cums8/entandocompositeapps HTTP/1.1 and responded: HTTP/1.1 202 OK
May 13, 2021 1:01:44 PM okhttp3.mockwebserver.MockWebServer$3 processOneRequest
INFO: MockWebServer[43405] received request: GET /apis/entando.org/v1/namespaces/entando-k8s-custom-model-cums8/entandocompositeapps/my-comnposite-app HTTP/1.1 and responded: HTTP/1.1 200 OK
May 13, 2021 1:01:45 PM okhttp3.mockwebserver.MockWebServer$2 acceptConnections
INFO: MockWebServer[43405] done accepting connections: Socket closed
May 13, 2021 1:01:45 PM okhttp3.mockwebserver.MockWebServer$2 e**cute
INFO: MockWebServer[49862] starting to accept connections
May 13, 2021 1:01:45 PM okhttp3.mockwebserver.MockWebServer$3 processOneRequest
INFO: MockWebServer[49862] received request: GET /api/v1/namespaces/test HTTP/1.1 and responded: HTTP/1.1 404 Client Error
May 13, 2021 1:01:45 PM okhttp3.mockwebserver.MockWebServer$3 processOneRequest
INFO: MockWebServer[49862] received request: GET /apis/entando.org/v1/namespaces/default/entandocompositeapps HTTP/1.1 and responded: HTTP/1.1 200 OK
May 13, 2021 1:01:45 PM okhttp3.mockwebserver.MockWebServer$3 processOneRequest
INFO: MockWebServer[49862] received request: GET /api/v1/namespaces/test HTTP/1.1 and responded: HTTP/1.1 404 Client Error
May 13, 2021 1:01:45 PM okhttp3.mockwebserver.MockWebServer$3 processOneRequest
INFO: MockWebServer[49862] received request: GET /apis/entando.org/v1/namespaces/default/entandocompositeapps HTTP/1.1 and responded: HTTP/1.1 200 OK
May 13, 2021 1:01:45 PM okhttp3.mockwebserver.MockWebServer$3 processOneRequest
INFO: MockWebServer[49862] received request: GET /api/v1/namespaces/entando-k8s-custom-model-cums8 HTTP/1.1 and responded: HTTP/1.1 404 Client Error
May 13, 2021 1:01:45 PM okhttp3.mockwebserver.MockWebServer$3 processOneRequest
INFO: MockWebServer[49862] received request: POST /api/v1/namespaces HTTP/1.1 and responded: HTTP/1.1 202 OK
May 13, 2021 1:01:45 PM okhttp3.mockwebserver.MockWebServer$3 processOneRequest
INFO: MockWebServer[49862] received request: POST /apis/entando.org/v1/namespaces/entando-k8s-custom-model-cums8/entandocompositeapps HTTP/1.1 and responded: HTTP/1.1 202 OK
May 13, 2021 1:01:45 PM okhttp3.mockwebserver.MockWebServer$3 processOneRequest
INFO: MockWebServer[49862] received request: GET /apis/entando.org/v1/namespaces/entando-k8s-custom-model-cums8/entandocompositeapps/my-comnposite-app HTTP/1.1 and responded: HTTP/1.1 200 OK
May 13, 2021 1:01:45 PM okhttp3.mockwebserver.MockWebServer$3 processOneRequest
INFO: MockWebServer[49862] received request: GET /apis/entando.org/v1/namespaces/entando-k8s-custom-model-cums8/entandocompositeapps/my-comnposite-app HTTP/1.1 and responded: HTTP/1.1 200 OK
May 13, 2021 1:01:45 PM okhttp3.mockwebserver.MockWebServer$3 processOneRequest
INFO: MockWebServer[49862] received request: PATCH /apis/entando.org/v1/namespaces/entando-k8s-custom-model-cums8/entandocompositeapps/my-comnposite-app HTTP/1.1 and responded: HTTP/1.1 202 OK
May 13, 2021 1:01:46 PM okhttp3.mockwebserver.MockWebServer$3 processOneRequest
INFO: MockWebServer[49862] received request: PUT /apis/entando.org/v1/namespaces/entando-k8s-custom-model-cums8/entandocompositeapps/my-comnposite-app/status HTTP/1.1 and responded: HTTP/1.1 202 OK
May 13, 2021 1:01:46 PM okhttp3.mockwebserver.MockWebServer$2 acceptConnections
INFO: MockWebServer[49862] done accepting connections: Socket closed
May 13, 2021 1:01:46 PM okhttp3.mockwebserver.MockWebServer$2 e**cute
INFO: MockWebServer[48472] starting to accept connections
May 13, 2021 1:01:46 PM okhttp3.mockwebserver.MockWebServer$3 processOneRequest
INFO: MockWebServer[48472] received request: GET /api/v1/namespaces/test HTTP/1.1 and responded: HTTP/1.1 404 Client Error
May 13, 2021 1:01:46 PM okhttp3.mockwebserver.MockWebServer$3 processOneRequest
INFO: MockWebServer[48472] received request: GET /apis/entando.org/v1/namespaces/default/entandocompositeapps HTTP/1.1 and responded: HTTP/1.1 200 OK
May 13, 2021 1:01:46 PM okhttp3.mockwebserver.MockWebServer$3 processOneRequest
INFO: MockWebServer[48472] received request: GET /api/v1/namespaces/test HTTP/1.1 and responded: HTTP/1.1 404 Client Error
May 13, 2021 1:01:46 PM okhttp3.mockwebserver.MockWebServer$3 processOneRequest
INFO: MockWebServer[48472] received request: GET /apis/entando.org/v1/namespaces/default/entandocompositeapps HTTP/1.1 and responded: HTTP/1.1 200 OK
May 13, 2021 1:01:46 PM okhttp3.mockwebserver.MockWebServer$3 processOneRequest
INFO: MockWebServer[48472] received request: GET /api/v1/namespaces/entando-k8s-custom-model-cums8 HTTP/1.1 and responded: HTTP/1.1 404 Client Error
May 13, 2021 1:01:46 PM okhttp3.mockwebserver.MockWebServer$3 processOneRequest
INFO: MockWebServer[48472] received request: POST /api/v1/namespaces HTTP/1.1 and responded: HTTP/1.1 202 OK
May 13, 2021 1:01:46 PM okhttp3.mockwebserver.MockWebServer$2 acceptConnections
INFO: MockWebServer[48472] done accepting connections: Socket closed
May 13, 2021 1:01:46 PM okhttp3.mockwebserver.MockWebServer$2 e**cute
INFO: MockWebServer[48526] starting to accept connections
[INFO] Tests run: 3, Failures: 0, Errors: 0, Skipped: 0, Time elapsed: 2.547 s - in org.entando.kubernetes.model.inprocesstest.EntandoCompositeAppMockedTest
[INFO] Running org.entando.kubernetes.model.inprocesstest.EntandoAppMockedTest
May 13, 2021 1:01:46 PM okhttp3.mockwebserver.MockWebServer$3 processOneRequest
INFO: MockWebServer[48526] received request: GET /apis/apiextensions.k8s.io/v1beta1/customresourcedefinitions/entandoapps.entando.org HTTP/1.1 and responded: HTTP/1.1 404 Client Error
May 13, 2021 1:01:46 PM okhttp3.mockwebserver.MockWebServer$3 processOneRequest
INFO: MockWebServer[48526] received request: POST /apis/apiextensions.k8s.io/v1beta1/customresourcedefinitions HTTP/1.1 and responded: HTTP/1.1 202 OK
May 13, 2021 1:01:46 PM okhttp3.mockwebserver.MockWebServer$3 processOneRequest
INFO: MockWebServer[48526] received request: GET /api/v1/namespaces/test HTTP/1.1 and responded: HTTP/1.1 404 Client Error
May 13, 2021 1:01:46 PM okhttp3.mockwebserver.MockWebServer$3 processOneRequest
INFO: MockWebServer[48526] received request: GET /apis/entando.org/v1/namespaces/default/entandoapps HTTP/1.1 and responded: HTTP/1.1 200 OK
May 13, 2021 1:01:47 PM okhttp3.mockwebserver.MockWebServer$3 processOneRequest
INFO: MockWebServer[48526] received request: GET /api/v1/namespaces/test HTTP/1.1 and responded: HTTP/1.1 404 Client Error
May 13, 2021 1:01:47 PM okhttp3.mockwebserver.MockWebServer$3 processOneRequest
INFO: MockWebServer[48526] received request: GET /apis/entando.org/v1/namespaces/default/entandoapps HTTP/1.1 and responded: HTTP/1.1 200 OK
May 13, 2021 1:01:47 PM okhttp3.mockwebserver.MockWebServer$3 processOneRequest
INFO: MockWebServer[48526] received request: GET /api/v1/namespaces/entando-k8s-custom-model-cums8 HTTP/1.1 and responded: HTTP/1.1 404 Client Error
May 13, 2021 1:01:47 PM okhttp3.mockwebserver.MockWebServer$3 processOneRequest
INFO: MockWebServer[48526] received request: POST /api/v1/namespaces HTTP/1.1 and responded: HTTP/1.1 202 OK
May 13, 2021 1:01:47 PM okhttp3.mockwebserver.MockWebServer$3 processOneRequest
INFO: MockWebServer[48526] received request: POST /apis/entando.org/v1/namespaces/entando-k8s-custom-model-cums8/entandoapps HTTP/1.1 and responded: HTTP/1.1 202 OK
May 13, 2021 1:01:47 PM okhttp3.mockwebserver.MockWebServer$3 processOneRequest
INFO: MockWebServer[48526] received request: GET /apis/entando.org/v1/namespaces/entando-k8s-custom-model-cums8/entandoapps/my-app HTTP/1.1 and responded: HTTP/1.1 200 OK
May 13, 2021 1:01:47 PM okhttp3.mockwebserver.MockWebServer$3 processOneRequest
INFO: MockWebServer[48526] received request: GET /apis/entando.org/v1/namespaces/entando-k8s-custom-model-cums8/entandoapps/my-app HTTP/1.1 and responded: HTTP/1.1 200 OK
May 13, 2021 1:01:47 PM okhttp3.mockwebserver.MockWebServer$3 processOneRequest
INFO: MockWebServer[48526] received request: GET /apis/entando.org/v1/namespaces/entando-k8s-custom-model-cums8/entandoapps/my-app HTTP/1.1 and responded: HTTP/1.1 200 OK
May 13, 2021 1:01:47 PM okhttp3.mockwebserver.MockWebServer$3 processOneRequest
INFO: MockWebServer[48526] received request: PATCH /apis/entando.org/v1/namespaces/entando-k8s-custom-model-cums8/entandoapps/my-app HTTP/1.1 and responded: HTTP/1.1 202 OK
May 13, 2021 1:01:47 PM okhttp3.mockwebserver.MockWebServer$2 acceptConnections
INFO: MockWebServer[48526] done accepting connections: Socket closed
May 13, 2021 1:01:47 PM okhttp3.mockwebserver.MockWebServer$2 e**cute
INFO: MockWebServer[45639] starting to accept connections
May 13, 2021 1:01:47 PM okhttp3.mockwebserver.MockWebServer$3 processOneRequest
INFO: MockWebServer[45639] received request: GET /api/v1/namespaces/test HTTP/1.1 and responded: HTTP/1.1 404 Client Error
May 13, 2021 1:01:48 PM okhttp3.mockwebserver.MockWebServer$3 processOneRequest
INFO: MockWebServer[45639] received request: GET /apis/entando.org/v1/namespaces/default/entandoapps HTTP/1.1 and responded: HTTP/1.1 200 OK
May 13, 2021 1:01:48 PM okhttp3.mockwebserver.MockWebServer$3 processOneRequest
INFO: MockWebServer[45639] received request: GET /api/v1/namespaces/test HTTP/1.1 and responded: HTTP/1.1 404 Client Error
May 13, 2021 1:01:48 PM okhttp3.mockwebserver.MockWebServer$3 processOneRequest
INFO: MockWebServer[45639] received request: GET /apis/entando.org/v1/namespaces/default/entandoapps HTTP/1.1 and responded: HTTP/1.1 200 OK
May 13, 2021 1:01:48 PM okhttp3.mockwebserver.MockWebServer$3 processOneRequest
INFO: MockWebServer[45639] received request: GET /api/v1/namespaces/entando-k8s-custom-model-cums8 HTTP/1.1 and responded: HTTP/1.1 404 Client Error
May 13, 2021 1:01:48 PM okhttp3.mockwebserver.MockWebServer$3 processOneRequest
INFO: MockWebServer[45639] received request: POST /api/v1/namespaces HTTP/1.1 and responded: HTTP/1.1 202 OK
May 13, 2021 1:01:48 PM okhttp3.mockwebserver.MockWebServer$3 processOneRequest
INFO: MockWebServer[45639] received request: POST /apis/entando.org/v1/namespaces/entando-k8s-custom-model-cums8/entandoapps HTTP/1.1 and responded: HTTP/1.1 202 OK
May 13, 2021 1:01:48 PM okhttp3.mockwebserver.MockWebServer$3 processOneRequest
INFO: MockWebServer[45639] received request: GET /apis/entando.org/v1/namespaces/entando-k8s-custom-model-cums8/entandoapps/my-app HTTP/1.1 and responded: HTTP/1.1 200 OK
May 13, 2021 1:01:48 PM okhttp3.mockwebserver.MockWebServer$2 acceptConnections
INFO: MockWebServer[45639] done accepting connections: Socket closed
May 13, 2021 1:01:48 PM okhttp3.mockwebserver.MockWebServer$2 e**cute
INFO: MockWebServer[38340] starting to accept connections
May 13, 2021 1:01:48 PM okhttp3.mockwebserver.MockWebServer$3 processOneRequest
INFO: MockWebServer[38340] received request: GET /api/v1/namespaces/test HTTP/1.1 and responded: HTTP/1.1 404 Client Error
May 13, 2021 1:01:48 PM okhttp3.mockwebserver.MockWebServer$3 processOneRequest
INFO: MockWebServer[38340] received request: GET /apis/entando.org/v1/namespaces/default/entandoapps HTTP/1.1 and responded: HTTP/1.1 200 OK
May 13, 2021 1:01:48 PM okhttp3.mockwebserver.MockWebServer$3 processOneRequest
INFO: MockWebServer[38340] received request: GET /api/v1/namespaces/test HTTP/1.1 and responded: HTTP/1.1 404 Client Error
May 13, 2021 1:01:48 PM okhttp3.mockwebserver.MockWebServer$3 processOneRequest
INFO: MockWebServer[38340] received request: GET /apis/entando.org/v1/namespaces/default/entandoapps HTTP/1.1 and responded: HTTP/1.1 200 OK
May 13, 2021 1:01:48 PM okhttp3.mockwebserver.MockWebServer$3 processOneRequest
INFO: MockWebServer[38340] received request: GET /api/v1/namespaces/entando-k8s-custom-model-cums8 HTTP/1.1 and responded: HTTP/1.1 404 Client Error
May 13, 2021 1:01:49 PM okhttp3.mockwebserver.MockWebServer$3 processOneRequest
INFO: MockWebServer[38340] received request: POST /api/v1/namespaces HTTP/1.1 and responded: HTTP/1.1 202 OK
May 13, 2021 1:01:49 PM okhttp3.mockwebserver.MockWebServer$2 acceptConnections
INFO: MockWebServer[38340] done accepting connections: Socket closed
[INFO] Tests run: 3, Failures: 0, Errors: 0, Skipped: 0, Time elapsed: 2.485 s - in org.entando.kubernetes.model.inprocesstest.EntandoAppMockedTest
May 13, 2021 1:01:49 PM okhttp3.mockwebserver.MockWebServer$2 e**cute
INFO: MockWebServer[47054] starting to accept connections
[INFO] Running org.entando.kubernetes.model.inprocesstest.EntandoDatabaseServiceMockedTest
May 13, 2021 1:01:49 PM okhttp3.mockwebserver.MockWebServer$3 processOneRequest
INFO: MockWebServer[47054] received request: GET /apis/apiextensions.k8s.io/v1beta1/customresourcedefinitions/entandodatabaseservices.entando.org HTTP/1.1 and responded: HTTP/1.1 404 Client Error
May 13, 2021 1:01:49 PM okhttp3.mockwebserver.MockWebServer$3 processOneRequest
INFO: MockWebServer[47054] received request: POST /apis/apiextensions.k8s.io/v1beta1/customresourcedefinitions HTTP/1.1 and responded: HTTP/1.1 202 OK
May 13, 2021 1:01:49 PM okhttp3.mockwebserver.MockWebServer$3 processOneRequest
INFO: MockWebServer[47054] received request: GET /api/v1/namespaces/test HTTP/1.1 and responded: HTTP/1.1 404 Client Error
May 13, 2021 1:01:49 PM okhttp3.mockwebserver.MockWebServer$3 processOneRequest
INFO: MockWebServer[47054] received request: GET /apis/entando.org/v1/namespaces/default/entandodatabaseservices HTTP/1.1 and responded: HTTP/1.1 200 OK
May 13, 2021 1:01:49 PM okhttp3.mockwebserver.MockWebServer$3 processOneRequest
INFO: MockWebServer[47054] received request: GET /api/v1/namespaces/test HTTP/1.1 and responded: HTTP/1.1 404 Client Error
May 13, 2021 1:01:49 PM okhttp3.mockwebserver.MockWebServer$3 processOneRequest
INFO: MockWebServer[47054] received request: GET /apis/entando.org/v1/namespaces/default/entandodatabaseservices HTTP/1.1 and responded: HTTP/1.1 200 OK
May 13, 2021 1:01:49 PM okhttp3.mockwebserver.MockWebServer$3 processOneRequest
INFO: MockWebServer[47054] received request: GET /api/v1/namespaces/entando-k8s-custom-model-cums8 HTTP/1.1 and responded: HTTP/1.1 404 Client Error
May 13, 2021 1:01:49 PM okhttp3.mockwebserver.MockWebServer$3 processOneRequest
INFO: MockWebServer[47054] received request: POST /api/v1/namespaces HTTP/1.1 and responded: HTTP/1.1 202 OK
May 13, 2021 1:01:49 PM okhttp3.mockwebserver.MockWebServer$3 processOneRequest
INFO: MockWebServer[47054] received request: POST /apis/entando.org/v1/namespaces/entando-k8s-custom-model-cums8/entandodatabaseservices HTTP/1.1 and responded: HTTP/1.1 202 OK
May 13, 2021 1:01:49 PM okhttp3.mockwebserver.MockWebServer$3 processOneRequest
INFO: MockWebServer[47054] received request: GET /apis/entando.org/v1/namespaces/entando-k8s-custom-model-cums8/entandodatabaseservices/my-external-database HTTP/1.1 and responded: HTTP/1.1 200 OK
May 13, 2021 1:01:50 PM okhttp3.mockwebserver.MockWebServer$2 acceptConnections
INFO: MockWebServer[47054] done accepting connections: Socket closed
May 13, 2021 1:01:50 PM okhttp3.mockwebserver.MockWebServer$2 e**cute
INFO: MockWebServer[48392] starting to accept connections
May 13, 2021 1:01:50 PM okhttp3.mockwebserver.MockWebServer$3 processOneRequest
INFO: MockWebServer[48392] received request: GET /api/v1/namespaces/test HTTP/1.1 and responded: HTTP/1.1 404 Client Error
May 13, 2021 1:01:50 PM okhttp3.mockwebserver.MockWebServer$3 processOneRequest
INFO: MockWebServer[48392] received request: GET /apis/entando.org/v1/namespaces/default/entandodatabaseservices HTTP/1.1 and responded: HTTP/1.1 200 OK
May 13, 2021 1:01:50 PM okhttp3.mockwebserver.MockWebServer$3 processOneRequest
INFO: MockWebServer[48392] received request: GET /api/v1/namespaces/test HTTP/1.1 and responded: HTTP/1.1 404 Client Error
May 13, 2021 1:01:50 PM okhttp3.mockwebserver.MockWebServer$3 processOneRequest
INFO: MockWebServer[48392] received request: GET /apis/entando.org/v1/namespaces/default/entandodatabaseservices HTTP/1.1 and responded: HTTP/1.1 200 OK
May 13, 2021 1:01:50 PM okhttp3.mockwebserver.MockWebServer$3 processOneRequest
INFO: MockWebServer[48392] received request: GET /api/v1/namespaces/entando-k8s-custom-model-cums8 HTTP/1.1 and responded: HTTP/1.1 404 Client Error
May 13, 2021 1:01:50 PM okhttp3.mockwebserver.MockWebServer$3 processOneRequest
INFO: MockWebServer[48392] received request: POST /api/v1/namespaces HTTP/1.1 and responded: HTTP/1.1 202 OK
May 13, 2021 1:01:50 PM okhttp3.mockwebserver.MockWebServer$3 processOneRequest
INFO: MockWebServer[48392] received request: POST /apis/entando.org/v1/namespaces/entando-k8s-custom-model-cums8/entandodatabaseservices HTTP/1.1 and responded: HTTP/1.1 202 OK
May 13, 2021 1:01:50 PM okhttp3.mockwebserver.MockWebServer$3 processOneRequest
INFO: MockWebServer[48392] received request: GET /apis/entando.org/v1/namespaces/entando-k8s-custom-model-cums8/entandodatabaseservices/my-external-database HTTP/1.1 and responded: HTTP/1.1 200 OK
May 13, 2021 1:01:50 PM okhttp3.mockwebserver.MockWebServer$3 processOneRequest
INFO: MockWebServer[48392] received request: GET /apis/entando.org/v1/namespaces/entando-k8s-custom-model-cums8/entandodatabaseservices/my-external-database HTTP/1.1 and responded: HTTP/1.1 200 OK
May 13, 2021 1:01:50 PM okhttp3.mockwebserver.MockWebServer$3 processOneRequest
INFO: MockWebServer[48392] received request: PATCH /apis/entando.org/v1/namespaces/entando-k8s-custom-model-cums8/entandodatabaseservices/my-external-database HTTP/1.1 and responded: HTTP/1.1 202 OK
May 13, 2021 1:01:50 PM okhttp3.mockwebserver.MockWebServer$2 acceptConnections
INFO: MockWebServer[48392] done accepting connections: Socket closed
May 13, 2021 1:01:50 PM okhttp3.mockwebserver.MockWebServer$2 e**cute
INFO: MockWebServer[46971] starting to accept connections
May 13, 2021 1:01:51 PM okhttp3.mockwebserver.MockWebServer$3 processOneRequest
INFO: MockWebServer[46971] received request: GET /api/v1/namespaces/test HTTP/1.1 and responded: HTTP/1.1 404 Client Error
May 13, 2021 1:01:51 PM okhttp3.mockwebserver.MockWebServer$3 processOneRequest
INFO: MockWebServer[46971] received request: GET /apis/entando.org/v1/namespaces/default/entandodatabaseservices HTTP/1.1 and responded: HTTP/1.1 200 OK
May 13, 2021 1:01:51 PM okhttp3.mockwebserver.MockWebServer$3 processOneRequest
INFO: MockWebServer[46971] received request: GET /api/v1/namespaces/test HTTP/1.1 and responded: HTTP/1.1 404 Client Error
May 13, 2021 1:01:51 PM okhttp3.mockwebserver.MockWebServer$3 processOneRequest
INFO: MockWebServer[46971] received request: GET /apis/entando.org/v1/namespaces/default/entandodatabaseservices HTTP/1.1 and responded: HTTP/1.1 200 OK
May 13, 2021 1:01:51 PM okhttp3.mockwebserver.MockWebServer$3 processOneRequest
INFO: MockWebServer[46971] received request: GET /api/v1/namespaces/entando-k8s-custom-model-cums8 HTTP/1.1 and responded: HTTP/1.1 404 Client Error
May 13, 2021 1:01:51 PM okhttp3.mockwebserver.MockWebServer$3 processOneRequest
INFO: MockWebServer[46971] received request: POST /api/v1/namespaces HTTP/1.1 and responded: HTTP/1.1 202 OK
May 13, 2021 1:01:51 PM okhttp3.mockwebserver.MockWebServer$2 acceptConnections
INFO: MockWebServer[46971] done accepting connections: Socket closed
[INFO] Tests run: 3, Failures: 0, Errors: 0, Skipped: 0, Time elapsed: 2.353 s - in org.entando.kubernetes.model.inprocesstest.EntandoDatabaseServiceMockedTest
[INFO] Running org.entando.kubernetes.model.interprocesstest.EntandoKeycloakServerIntegratedTest
[INFO] Tests run: 2, Failures: 0, Errors: 0, Skipped: 0, Time elapsed: 0.909 s - in org.entando.kubernetes.model.interprocesstest.EntandoKeycloakServerIntegratedTest
[INFO] Running org.entando.kubernetes.model.interprocesstest.EntandoAppPluginLinkIntegratedTest
[INFO] Tests run: 2, Failures: 0, Errors: 0, Skipped: 0, Time elapsed: 0.769 s - in org.entando.kubernetes.model.interprocesstest.EntandoAppPluginLinkIntegratedTest
[INFO] Running org.entando.kubernetes.model.interprocesstest.EntandoDatabaseServiceIntegratedTest
[INFO] Tests run: 2, Failures: 0, Errors: 0, Skipped: 0, Time elapsed: 0.833 s - in org.entando.kubernetes.model.interprocesstest.EntandoDatabaseServiceIntegratedTest
[INFO] Running org.entando.kubernetes.model.interprocesstest.EntandoPluginIntegratedTest
[INFO] Tests run: 2, Failures: 0, Errors: 0, Skipped: 0, Time elapsed: 0.711 s - in org.entando.kubernetes.model.interprocesstest.EntandoPluginIntegratedTest
[INFO] Running org.entando.kubernetes.model.interprocesstest.EntandoAppIntegratedTest
[INFO] Tests run: 2, Failures: 0, Errors: 0, Skipped: 0, Time elapsed: 0.849 s - in org.entando.kubernetes.model.interprocesstest.EntandoAppIntegratedTest
[INFO] Running org.entando.kubernetes.model.interprocesstest.EntandoDeBundleIntegratedTest
[INFO] Tests run: 2, Failures: 0, Errors: 0, Skipped: 0, Time elapsed: 0.762 s - in org.entando.kubernetes.model.interprocesstest.EntandoDeBundleIntegratedTest
[INFO] Running org.entando.kubernetes.model.interprocesstest.EntandoCompositeAppIntegratedTest
[INFO] Tests run: 2, Failures: 0, Errors: 0, Skipped: 0, Time elapsed: 0.828 s - in org.entando.kubernetes.model.interprocesstest.EntandoCompositeAppIntegratedTest
[INFO] Running org.entando.kubernetes.model.interprocesstest.EntandoClusterInfrastructureIntegratedTest
[INFO] Tests run: 3, Failures: 0, Errors: 0, Skipped: 0, Time elapsed: 1.307 s - in org.entando.kubernetes.model.interprocesstest.EntandoClusterInfrastructureIntegratedTest
[INFO] 
[INFO] Results:
[INFO] 
[INFO] Tests run: 42, Failures: 0, Errors: 0, Skipped: 0
[INFO] 
[INFO] 
[INFO] --- maven-jar-plugin:3.2.0:jar (default-jar) @ entando-k8s-custom-model ---
[INFO] Building jar: /workspace/source/target/entando-k8s-custom-model-6.3.8.jar
[INFO] 
[INFO] --- license-maven-plugin:2.0.0:aggregate-download-licenses (download-licenses) @ entando-k8s-custom-model ---
[WARNING] Unable to retrieve license from URL 'LICENSE.txt' for dependency 'org.awaitility:awaitility:4.0.1': null
[WARNING] There were 1 download errors - check the warnings above
[INFO] 
[INFO] --- maven-jar-plugin:3.2.0:test-jar (build-test-jar) @ entando-k8s-custom-model ---
[INFO] Building jar: /workspace/source/target/entando-k8s-custom-model-6.3.8-tests.jar
[INFO] 
[INFO] --- maven-source-plugin:3.2.1:jar-no-fork (attach-sources) @ entando-k8s-custom-model ---
[INFO] Building jar: /workspace/source/target/entando-k8s-custom-model-6.3.8-sources.jar
[INFO] 
[INFO] >>> maven-source-plugin:3.2.1:test-jar (attach-sources) > generate-sources @ entando-k8s-custom-model >>>
[INFO] 
[INFO] --- maven-checkstyle-plugin:3.1.1:check (validate) @ entando-k8s-custom-model ---
[INFO] Starting audit...
Audit done.
[INFO] You have 0 Checkstyle violations.
[INFO] 
[INFO] --- maven-checkstyle-plugin:3.1.1:checkstyle (validate) @ entando-k8s-custom-model ---
[INFO] Starting audit...
Audit done.
[INFO] 
[INFO] --- jacoco-maven-plugin:0.8.5:prepare-agent (prepare-agent) @ entando-k8s-custom-model ---
[INFO] argLine set to -javaagent:/home/jenkins/.mvnrepository/org/jacoco/org.jacoco.agent/0.8.5/org.jacoco.agent-0.8.5-runtime.jar=destfile=/workspace/source/target/jacoco.e**c
[INFO] 
[INFO] <<< maven-source-plugin:3.2.1:test-jar (attach-sources) < generate-sources @ entando-k8s-custom-model <<<
[INFO] 
[INFO] 
[INFO] --- maven-source-plugin:3.2.1:test-jar (attach-sources) @ entando-k8s-custom-model ---
[INFO] Building jar: /workspace/source/target/entando-k8s-custom-model-6.3.8-test-sources.jar
[INFO] 
[INFO] --- maven-javadoc-plugin:3.2.0:jar (attach-javadocs) @ entando-k8s-custom-model ---
[INFO] No previous run data found, generating javadoc.
[INFO] Building jar: /workspace/source/target/entando-k8s-custom-model-6.3.8-javadoc.jar
[INFO] 
[INFO] --- maven-surefire-report-plugin:3.0.0-M4:failsafe-report-only (integration-tests) @ entando-k8s-custom-model ---
[INFO] 
[INFO] --- dependency-check-maven:6.0.3:aggregate (default) @ entando-k8s-custom-model ---
[INFO] Skipping National Vulnerability Database Report
[INFO] 
[INFO] --- jacoco-maven-plugin:0.8.5:report (report) @ entando-k8s-custom-model ---
[INFO] Loading e**cution data file /workspace/source/target/jacoco.e**c
[INFO] Analyzed bundle 'Entando Kubernetes Custom Model' with 144 classes
[INFO] 
[INFO] --- maven-gpg-plugin:1.6:sign (sign-artifacts) @ entando-k8s-custom-model ---
gpg: WARNING: unsafe permissions on homedir `********************'
gpg: WARNING: unsafe permissions on homedir `********************'
gpg: WARNING: unsafe permissions on homedir `********************'
gpg: WARNING: unsafe permissions on homedir `********************'
gpg: WARNING: unsafe permissions on homedir `********************'
gpg: WARNING: unsafe permissions on homedir `********************'
[INFO] 
[INFO] --- maven-surefire-report-plugin:3.0.0-M4:report-only (unit-tests) @ entando-k8s-custom-model ---
[WARNING] Unable to locate Test Source XRef to link to - DISABLED
[INFO] 
[INFO] --- maven-install-plugin:2.4:install (default-install) @ entando-k8s-custom-model ---
[INFO] Installing /workspace/source/target/entando-k8s-custom-model-6.3.8.jar to /home/jenkins/.mvnrepository/org/entando/entando-k8s-custom-model/6.3.8/entando-k8s-custom-model-6.3.8.jar
[INFO] Installing /workspace/source/pom.xml to /home/jenkins/.mvnrepository/org/entando/entando-k8s-custom-model/6.3.8/entando-k8s-custom-model-6.3.8.pom
[INFO] Installing /workspace/source/target/entando-k8s-custom-model-6.3.8-tests.jar to /home/jenkins/.mvnrepository/org/entando/entando-k8s-custom-model/6.3.8/entando-k8s-custom-model-6.3.8-tests.jar
[INFO] Installing /workspace/source/target/entando-k8s-custom-model-6.3.8-sources.jar to /home/jenkins/.mvnrepository/org/entando/entando-k8s-custom-model/6.3.8/entando-k8s-custom-model-6.3.8-sources.jar
[INFO] Installing /workspace/source/target/entando-k8s-custom-model-6.3.8-test-sources.jar to /home/jenkins/.mvnrepository/org/entando/entando-k8s-custom-model/6.3.8/entando-k8s-custom-model-6.3.8-test-sources.jar
[INFO] Installing /workspace/source/target/entando-k8s-custom-model-6.3.8-javadoc.jar to /home/jenkins/.mvnrepository/org/entando/entando-k8s-custom-model/6.3.8/entando-k8s-custom-model-6.3.8-javadoc.jar
[INFO] Installing /workspace/source/target/entando-k8s-custom-model-6.3.8.jar.asc to /home/jenkins/.mvnrepository/org/entando/entando-k8s-custom-model/6.3.8/entando-k8s-custom-model-6.3.8.jar.asc
[INFO] Installing /workspace/source/target/entando-k8s-custom-model-6.3.8.pom.asc to /home/jenkins/.mvnrepository/org/entando/entando-k8s-custom-model/6.3.8/entando-k8s-custom-model-6.3.8.pom.asc
[INFO] Installing /workspace/source/target/entando-k8s-custom-model-6.3.8-tests.jar.asc to /home/jenkins/.mvnrepository/org/entando/entando-k8s-custom-model/6.3.8/entando-k8s-custom-model-6.3.8-tests.jar.asc
[INFO] Installing /workspace/source/target/entando-k8s-custom-model-6.3.8-sources.jar.asc to /home/jenkins/.mvnrepository/org/entando/entando-k8s-custom-model/6.3.8/entando-k8s-custom-model-6.3.8-sources.jar.asc
[INFO] Installing /workspace/source/target/entando-k8s-custom-model-6.3.8-test-sources.jar.asc to /home/jenkins/.mvnrepository/org/entando/entando-k8s-custom-model/6.3.8/entando-k8s-custom-model-6.3.8-test-sources.jar.asc
[INFO] Installing /workspace/source/target/entando-k8s-custom-model-6.3.8-javadoc.jar.asc to /home/jenkins/.mvnrepository/org/entando/entando-k8s-custom-model/6.3.8/entando-k8s-custom-model-6.3.8-javadoc.jar.asc
[INFO] 
[INFO] --- maven-deploy-plugin:2.8.2:deploy (default-deploy) @ entando-k8s-custom-model ---
[INFO] Using alternate deployment repository local-nexus::default::http://nexus/repository/maven-releases/
[INFO] 
[INFO] --- maven-site-plugin:3.9.0:site (default-site) @ entando-k8s-custom-model ---
[INFO] configuring report plugin org.apache.maven.plugins:maven-project-info-reports-plugin:3.0.0
[INFO] 9 reports configured for maven-project-info-reports-plugin:3.0.0: dependency-info, distribution-management, index, ci-management, issue-management, licenses, plugins, scm, summary
[INFO] Rendering site with default locale English (en)
[WARNING] Unable to find a URL to the parent project. The parent menu will NOT be added.
[INFO] Relativizing decoration links with respect to localized project URL: https://central.entando.com
[INFO] Rendering content with org.apache.maven.skins:maven-default-skin:jar:1.3 skin.
[INFO] Generating "Dependency Information" report --- maven-project-info-reports-plugin:3.0.0:dependency-info
[INFO] Generating "About" report         --- maven-project-info-reports-plugin:3.0.0:index
[INFO] Generating "Issue Management" report --- maven-project-info-reports-plugin:3.0.0:issue-management
[INFO] Generating "Licenses" report      --- maven-project-info-reports-plugin:3.0.0:licenses
[INFO] Generating "Plugins" report       --- maven-project-info-reports-plugin:3.0.0:plugins
[INFO] Generating "Source Code Management" report --- maven-project-info-reports-plugin:3.0.0:scm
[INFO] Generating "Summary" report       --- maven-project-info-reports-plugin:3.0.0:summary
[INFO] 
[INFO] ----------------< org.entando:entando-k8s-custom-model >----------------
[INFO] Building Entando Kubernetes Custom Model 6.3.8
[INFO] --------------------------------[ jar ]---------------------------------
[INFO] 
[INFO] --- sonar-maven-plugin:3.9.0.2155:sonar (default-cli) @ entando-k8s-custom-model ---
[INFO] User cache: /****/.sonar/cache
[INFO] SonarQube version: 8.8.0
[INFO] Default locale: "en", source code encoding: "UTF-8"
[INFO] Load global settings
[INFO] Load global settings (done) | time=230ms
[INFO] Server id: 1BD809FA-AWHW8ct9-T_TB3XqouNu
[INFO] User cache: /****/.sonar/cache
[INFO] Load/download plugins
[INFO] Load plugins index
[INFO] Load plugins index (done) | time=78ms
[INFO] Load/download plugins (done) | time=25395ms
[INFO] Loaded core extensions: developer-scanner
[INFO] JavaScript/TypeScript frontend is enabled
[INFO] Load project settings for component key: 'entando-k8s_entando-k8s-custom-model'
[INFO] Load project settings for component key: 'entando-k8s_entando-k8s-custom-model' (done) | time=35ms
[INFO] Process project properties
[INFO] E**cute project builders
[INFO] E**cute project builders (done) | time=2ms
[INFO] Project key: entando-k8s_entando-k8s-custom-model
[INFO] Base dir: /workspace/source
[INFO] Working dir: /workspace/source/target/sonar
[INFO] Load project branches
[INFO] Load project branches (done) | time=26ms
[INFO] Check ALM binding of project 'entando-k8s_entando-k8s-custom-model'
[INFO] Detected project binding: BOUND
[INFO] Check ALM binding of project 'entando-k8s_entando-k8s-custom-model' (done) | time=30ms
[INFO] Load project pull requests
[INFO] Load project pull requests (done) | time=38ms
[INFO] Load branch configuration
[INFO] Load branch configuration (done) | time=3ms
[INFO] Load quality profiles
[INFO] Load quality profiles (done) | time=88ms
[INFO] Load active rules
[INFO] Load active rules (done) | time=1371ms
[INFO] Organization key: entando-k8s
[INFO] Indexing files...
[INFO] Project configuration:
[WARNING] Exception caught during e**cution of command '[/usr/local/git/bin/git, config, --******, --edit]' in '/usr/local/git/bin', return code '128', error message 'fatal: Invalid path '/usr/local/git/etc': No such file or directory
'
[INFO] 164 files inde**d
[INFO] 0 files ignored because of scm ignore settings
[INFO] Quality profile for java: Sonar way
[INFO] Quality profile for xml: Sonar way
[INFO] ------------- Run sensors on module Entando Kubernetes Custom Model
[INFO] JavaScript/TypeScript frontend is enabled
[INFO] Load metrics repository
[INFO] Load metrics repository (done) | time=471ms
[INFO] Sensor JavaSquidSensor [java]
[INFO] Configured Java source version (sonar.java.source): 8
[INFO] JavaClasspath initialization
[INFO] JavaClasspath initialization (done) | time=257ms
[INFO] JavaTestClasspath initialization
[INFO] JavaTestClasspath initialization (done) | time=1ms
[INFO] Java Main Files AST scan
[INFO] 135 source files to be analyzed
[INFO] Load project repositories
[INFO] Load project repositories (done) | time=183ms
[INFO] 91/135 files analyzed, current file: src/main/java/org/entando/kubernetes/model/compositeapp/EntandoCompositeApp.java
[INFO] 135/135 source files have been analyzed
[INFO] Java Main Files AST scan (done) | time=12139ms
[INFO] Java Test Files AST scan
[INFO] 28 source files to be analyzed
[INFO] 28/28 source files have been analyzed
[INFO] Java Test Files AST scan (done) | time=1698ms
[INFO] Java Generated Files AST scan
[INFO] 0 source files to be analyzed
[INFO] 0/0 source files have been analyzed
[INFO] Java Generated Files AST scan (done) | time=1ms
[INFO] Sensor JavaSquidSensor [java] (done) | time=14545ms
[INFO] Sensor CSS Rules [cssfamily]
[INFO] No CSS, PHP, HTML or VueJS files are found in the project. CSS analysis is skipped.
[INFO] Sensor CSS Rules [cssfamily] (done) | time=1ms
[INFO] Sensor C# Project Type Information [csharp]
[INFO] Sensor C# Project Type Information [csharp] (done) | time=2ms
[INFO] Sensor C# Properties [csharp]
[INFO] Sensor C# Properties [csharp] (done) | time=1ms
[INFO] Sensor Import of Checkstyle issues [java]
[INFO] Importing /workspace/source/target/checkstyle-result.xml
[INFO] Sensor Import of Checkstyle issues [java] (done) | time=77ms
[INFO] Sensor SurefireSensor [java]
[INFO] parsing [/workspace/source/target/surefire-reports]
[INFO] Sensor SurefireSensor [java] (done) | time=83ms
[INFO] Sensor JavaXmlSensor [java]
[INFO] 1 source file to be analyzed
[INFO] 1/1 source file has been analyzed
[INFO] Sensor JavaXmlSensor [java] (done) | time=211ms
[INFO] Sensor HTML [web]
[INFO] Sensor HTML [web] (done) | time=4ms
[INFO] Sensor XML Sensor [xml]
[INFO] 1 source file to be analyzed
[INFO] 1/1 source file has been analyzed
[INFO] Sensor XML Sensor [xml] (done) | time=181ms
[INFO] Sensor VB.NET Project Type Information [vbnet]
[INFO] Sensor VB.NET Project Type Information [vbnet] (done) | time=1ms
[INFO] Sensor VB.NET Properties [vbnet]
[INFO] Sensor VB.NET Properties [vbnet] (done) | time=2ms
[INFO] Sensor JaCoCo XML Report Importer [jacoco]
[INFO] Importing 1 report(s). Turn your logs in debug mode in order to see the exhaustive list.
[INFO] Sensor JaCoCo XML Report Importer [jacoco] (done) | time=93ms
[INFO] Sensor ThymeLeaf template sensor [securityjavafrontend]
[INFO] Sensor ThymeLeaf template sensor [securityjavafrontend] (done) | time=5ms
[INFO] Sensor JavaSecuritySensor [security]
[INFO] Reading type hierarchy from: /workspace/source/target/sonar/ucfg2/java
[INFO] Read 296 type definitions
[INFO] Reading UCFGs from: /workspace/source/target/sonar/ucfg2/java
[INFO] 13:03:35.416068 Building Runtime Type propagation graph
[INFO] 13:03:35.457022 Running Tarjan on 2396 nodes
[INFO] 13:03:35.467262 Tarjan found 2305 components
[INFO] 13:03:35.479993 Variable type analysis: done
[INFO] 13:03:35.498162 Building Runtime Type propagation graph
[INFO] 13:03:35.518762 Running Tarjan on 2396 nodes
[INFO] 13:03:35.521547 Tarjan found 2305 components
[INFO] 13:03:35.527061 Variable type analysis: done
[INFO] Analyzing 663 ucfgs to detect vulnerabilities.
[INFO] All rules entrypoints : 0 Retained UCFGs : 0
[INFO] rule: S5131, entrypoints: 0
[INFO] rule: S5131 done
[INFO] rule: S3649, entrypoints: 0
[INFO] rule: S3649 done
[INFO] rule: S2076, entrypoints: 0
[INFO] rule: S2076 done
[INFO] rule: S2091, entrypoints: 0
[INFO] rule: S2091 done
[INFO] rule: S2078, entrypoints: 0
[INFO] rule: S2078 done
[INFO] rule: S2631, entrypoints: 0
[INFO] rule: S2631 done
[INFO] rule: S5135, entrypoints: 0
[INFO] rule: S5135 done
[INFO] rule: S2083, entrypoints: 0
[INFO] rule: S2083 done
[INFO] rule: S5167, entrypoints: 0
[INFO] rule: S5167 done
[INFO] rule: S5144, entrypoints: 0
[INFO] rule: S5144 done
[INFO] rule: S5145, entrypoints: 0
[INFO] rule: S5145 done
[INFO] rule: S5146, entrypoints: 0
[INFO] rule: S5146 done
[INFO] rule: S5334, entrypoints: 0
[INFO] rule: S5334 done
[INFO] rule: S6096, entrypoints: 0
[INFO] rule: S6096 done
[INFO] Sensor JavaSecuritySensor [security] (done) | time=1521ms
[INFO] Sensor CSharpSecuritySensor [security]
[INFO] Reading type hierarchy from: /workspace/source/target/ucfg_cs2
[INFO] Read 0 type definitions
[INFO] Reading UCFGs from: /workspace/source/target/ucfg_cs2
[INFO] No UCFGs have been included for analysis.
[INFO] Sensor CSharpSecuritySensor [security] (done) | time=1ms
[INFO] Sensor PhpSecuritySensor [security]
[INFO] Reading type hierarchy from: /workspace/source/target/sonar/ucfg2/php
[INFO] Read 0 type definitions
[INFO] Reading UCFGs from: /workspace/source/target/sonar/ucfg2/php
[INFO] No UCFGs have been included for analysis.
[INFO] Sensor PhpSecuritySensor [security] (done) | time=1ms
[INFO] Sensor PythonSecuritySensor [security]
[INFO] Reading type hierarchy from: /workspace/source/target/sonar/ucfg2/python
[INFO] Read 0 type definitions
[INFO] Reading UCFGs from: /workspace/source/target/sonar/ucfg2/python
[INFO] No UCFGs have been included for analysis.
[INFO] Sensor PythonSecuritySensor [security] (done) | time=0ms
[INFO] Sensor JsSecuritySensor [security]
[INFO] Reading type hierarchy from: /workspace/source/target/sonar/ucfg2/js
[INFO] Read 0 type definitions
[INFO] Reading UCFGs from: /workspace/source/target/sonar/ucfg2/js
[INFO] No UCFGs have been included for analysis.
[INFO] Sensor JsSecuritySensor [security] (done) | time=1ms
[INFO] ------------- Run sensors on project
[INFO] Sensor Zero Coverage Sensor
[INFO] Sensor Zero Coverage Sensor (done) | time=2ms
[INFO] Sensor Java CPD Block Inde**r
[INFO] Sensor Java CPD Block Inde**r (done) | time=137ms
[INFO] SCM Publisher SCM provider for this project is: git
[INFO] SCM Publisher 122 source files to be analyzed
[WARNING] Shallow clone detected, no blame information will be provided. You can convert to non-shallow with 'git fetch --unshallow'.
[INFO] SCM Publisher 0/122 source files have been analyzed (done) | time=2ms
[WARNING] Missing blame information for the following files:
[WARNING]   * src/main/java/org/entando/kubernetes/model/EntandoResourceRequirements.java
[WARNING]   * src/main/java/org/entando/kubernetes/model/EntandoCustomResourceStatus.java
[WARNING]   * src/test/java/org/entando/kubernetes/model/AbstractEntandoDatabaseServiceTest.java
[WARNING]   * src/main/java/org/entando/kubernetes/model/EntandoIngressingDeploymentSpecFluent.java
[WARNING]   * src/main/java/org/entando/kubernetes/model/gitspec/GitSpecFluent.java
[WARNING]   * src/main/java/org/entando/kubernetes/model/plugin/EntandoPlugin.java
[WARNING]   * src/main/java/org/entando/kubernetes/model/EntandoBaseFluent.java
[WARNING]   * src/main/java/org/entando/kubernetes/model/debundle/EntandoDeBundleList.java
[WARNING]   * src/main/java/org/entando/kubernetes/model/plugin/EntandoPluginFluent.java
[WARNING]   * src/main/java/org/entando/kubernetes/model/EntandoResourceOperationsRegistry.java
[WARNING]   * src/main/java/org/entando/kubernetes/model/compositeapp/EntandoCompositeAppBuilder.java
[WARNING]   * src/main/java/org/entando/kubernetes/model/EntandoCustomResource.java
[WARNING]   * src/main/java/org/entando/kubernetes/model/EntandoControllerFailure.java
[WARNING]   * src/main/java/org/entando/kubernetes/model/compositeapp/DoneableEntandoCompositeApp.java
[WARNING]   * src/main/java/org/entando/kubernetes/model/MetadataNestedImpl.java
[WARNING]   * src/main/java/org/entando/kubernetes/model/app/DoneableEntandoApp.java
[WARNING]   * src/main/java/org/entando/kubernetes/model/plugin/EntandoPluginSpecFluent.java
[WARNING]   * src/main/java/org/entando/kubernetes/model/infrastructure/EntandoClusterInfrastructureSpec.java
[WARNING]   * src/test/java/org/entando/kubernetes/model/AbstractEntandoClusterInfrastructureTest.java
[WARNING]   * src/main/java/org/entando/kubernetes/model/debundle/EntandoDeBundleOperationFactory.java
[WARNING]   * src/main/java/org/entando/kubernetes/model/app/EntandoAppSpecFluent.java
[WARNING]   * src/main/java/org/entando/kubernetes/model/EntandoFluent.java
[WARNING]   * src/main/java/org/entando/kubernetes/model/ResourceReference.java
[WARNING]   * src/main/java/org/entando/kubernetes/model/EntandoDeploymentSpecFluent.java
[WARNING]   * src/test/java/org/entando/kubernetes/model/AbstractEntandoAppPluginLinkTest.java
[WARNING]   * src/main/java/org/entando/kubernetes/model/link/EntandoAppPluginLinkList.java
[WARNING]   * src/main/java/org/entando/kubernetes/model/plugin/EntandoPluginList.java
[WARNING]   * src/main/java/org/entando/kubernetes/model/WebServerStatus.java
[WARNING]   * src/main/java/org/entando/kubernetes/model/debundle/EntandoDeBundleDetails.java
[WARNING]   * src/test/java/org/entando/kubernetes/model/CustomResourceTestUtil.java
[WARNING]   * src/main/java/org/entando/kubernetes/model/infrastructure/EntandoClusterInfrastructureBuilder.java
[WARNING]   * src/main/java/org/entando/kubernetes/model/KeycloakAwareSpec.java
[WARNING]   * src/main/java/org/entando/kubernetes/model/EntandoCustomResourceResolver.java
[WARNING]   * src/main/java/org/entando/kubernetes/model/app/NestedEntandoAppSpecFluent.java
[WARNING]   * src/main/java/org/entando/kubernetes/model/link/DoneableEntandoAppPluginLink.java
[WARNING]   * src/test/java/org/entando/kubernetes/model/interprocesstest/DummyBean.java
[WARNING]   * src/test/java/org/entando/kubernetes/model/inprocesstest/EntandoCompositeAppMockedTest.java
[WARNING]   * src/main/java/org/entando/kubernetes/model/KeycloakAwareSpecFluent.java
[WARNING]   * src/main/java/org/entando/kubernetes/model/SampleWriter.java
[WARNING]   * src/main/java/org/entando/kubernetes/model/gitspec/GitResponsibility.java
[WARNING]   * src/main/java/org/entando/kubernetes/model/plugin/DoneableEntandoPlugin.java
[WARNING]   * src/main/java/org/entando/kubernetes/model/EntandoBaseCustomResource.java
[WARNING]   * pom.xml
[WARNING]   * src/main/java/org/entando/kubernetes/model/externaldatabase/EntandoDatabaseServiceSpec.java
[WARNING]   * src/main/java/org/entando/kubernetes/model/app/EntandoAppSpec.java
[WARNING]   * src/main/java/org/entando/kubernetes/model/compositeapp/EntandoCompositeAppList.java
[WARNING]   * src/main/java/org/entando/kubernetes/model/keycloakserver/EntandoKeycloakServerOperationFactory.java
[WARNING]   * src/main/java/org/entando/kubernetes/model/plugin/EntandoPluginSpec.java
[WARNING]   * src/main/java/org/entando/kubernetes/model/keycloakserver/DoneableEntandoKeycloakServer.java
[WARNING]   * src/main/java/org/entando/kubernetes/model/app/EntandoApp.java
[WARNING]   * src/main/java/org/entando/kubernetes/model/compositeapp/EntandoCustomResourceReferenceSpec.java
[WARNING]   * src/main/java/org/entando/kubernetes/model/compositeapp/EntandoCompositeAppFluent.java
[WARNING]   * src/main/java/org/entando/kubernetes/model/DoneableEntandoCustomResource.java
[WARNING]   * src/main/java/org/entando/kubernetes/model/infrastructure/NestedEntandClusterInfrastructureSpecFluent.java
[WARNING]   * src/main/java/org/entando/kubernetes/model/compositeapp/EntandoCustomResourceReferenceFluent.java
[WARNING]   * src/main/java/org/entando/kubernetes/model/DbmsVendor.java
[WARNING]   * src/main/java/org/entando/kubernetes/model/keycloakserver/EntandoKeycloakServerSpec.java
[WARNING]   * src/main/java/org/entando/kubernetes/model/externaldatabase/EntandoDatabaseServiceOperationFactory.java
[WARNING]   * src/main/java/org/entando/kubernetes/model/debundle/EntandoDeBundleFluent.java
[WARNING]   * src/main/java/org/entando/kubernetes/model/KeycloakToUse.java
[WARNING]   * src/main/java/org/entando/kubernetes/model/compositeapp/EntandoCustomResourceReference.java
[WARNING]   * src/main/java/org/entando/kubernetes/model/externaldatabase/NestedEntandoDatabaseServiceFluent.java
[WARNING]   * src/main/java/org/entando/kubernetes/model/plugin/NestedEntandoPluginSpecFluent.java
[WARNING]   * src/main/java/org/entando/kubernetes/model/JeeServer.java
[WARNING]   * src/test/java/org/entando/kubernetes/model/AbstractEntandoPluginTest.java
[WARNING]   * src/test/java/org/entando/kubernetes/model/AbstractEntandoAppTest.java
[WARNING]   * src/main/java/org/entando/kubernetes/model/keycloakserver/EntandoKeycloakServerFluent.java
[WARNING]   * src/main/java/org/entando/kubernetes/model/link/EntandoAppPluginLink.java
[WARNING]   * src/main/java/org/entando/kubernetes/model/gitspec/GitSpecBuilder.java
[WARNING]   * src/main/java/org/entando/kubernetes/model/plugin/EntandoPluginOperationFactory.java
[WARNING]   * src/main/java/org/entando/kubernetes/model/debundle/DoneableEntandoDeBundle.java
[WARNING]   * src/main/java/org/entando/kubernetes/model/NestedIngressingDeploymentSpecFluent.java
[WARNING]   * src/main/java/org/entando/kubernetes/model/infrastructure/EntandoClusterInfrastructureSpecBuilder.java
[WARNING]   * src/test/java/org/entando/kubernetes/model/AbstractEntandoCompositeAppTest.java
[WARNING]   * src/main/java/org/entando/kubernetes/model/infrastructure/DoneableEntandoClusterInfrastructure.java
[WARNING]   * src/main/java/org/entando/kubernetes/model/infrastructure/EntandoClusterInfrastructure.java
[WARNING]   * src/main/java/org/entando/kubernetes/model/EntandoResourceRequirementsFluent.java
[WARNING]   * src/main/java/org/entando/kubernetes/model/EntandoIngressingDeploymentSpecBaseFluent.java
[WARNING]   * src/main/java/org/entando/kubernetes/model/infrastructure/EntandoClusterInfrastructureOperationFactory.java
[WARNING]   * src/main/java/org/entando/kubernetes/model/ClusterInfrastructureAwareSpec.java
[WARNING]   * src/main/java/org/entando/kubernetes/model/compositeapp/EntandoCompositeAppSpecFluent.java
[WARNING]   * src/test/java/org/entando/kubernetes/model/interprocesstest/EntandoClusterInfrastructureIntegratedTest.java
[WARNING]   * src/main/java/org/entando/kubernetes/model/externaldatabase/EntandoDatabaseServiceFluent.java
[WARNING]   * src/main/java/org/entando/kubernetes/model/compositeapp/EntandoCompositeApp.java
[WARNING]   * src/main/java/org/entando/kubernetes/model/ClusterInfrastructureAwareSpecFluent.java
[WARNING]   * src/main/java/org/entando/kubernetes/model/infrastructure/EntandoClusterInfrastructureList.java
[WARNING]   * src/main/java/org/entando/kubernetes/model/debundle/EntandoDeBundleSpec.java
[WARNING]   * src/test/java/org/entando/kubernetes/model/AbstractEntandoKeycloakServerTest.java
[WARNING]   * src/main/java/org/entando/kubernetes/model/externaldatabase/EntandoDatabaseService.java
[WARNING]   * src/main/java/org/entando/kubernetes/model/compositeapp/EntandoCompositeAppOperationFactory.java
[WARNING]   * src/main/java/org/entando/kubernetes/model/DbServerStatus.java
[WARNING]   * src/main/java/org/entando/kubernetes/model/app/EntandoAppOperationFactory.java
[WARNING]   * src/main/java/org/entando/kubernetes/model/keycloakserver/NestedEntandoKeycloakServerSpecFluent.java
[WARNING]   * src/main/java/org/entando/kubernetes/model/app/EntandoAppList.java
[WARNING]   * src/main/java/org/entando/kubernetes/model/keycloakserver/EntandoKeycloakServer.java
[WARNING]   * src/main/java/org/entando/kubernetes/model/externaldatabase/EntandoDatabaseServiceSpecFluent.java
[WARNING]   * src/main/java/org/entando/kubernetes/model/EntandoIngressingDeploymentBaseFluent.java
[WARNING]   * src/main/java/org/entando/kubernetes/model/EntandoResourceRequirementsBuilder.java
[WARNING]   * src/main/java/org/entando/kubernetes/model/EntandoIngressingDeploymentSpec.java
[WARNING]   * src/main/java/org/entando/kubernetes/model/link/EntandoAppPluginLinkFluent.java
[WARNING]   * src/main/java/org/entando/kubernetes/model/externaldatabase/EntandoDatabaseServiceList.java
[WARNING]   * src/main/java/org/entando/kubernetes/model/externaldatabase/DoneableEntandoDatabaseService.java
[WARNING]   * src/main/java/org/entando/kubernetes/model/HasIngress.java
[WARNING]   * src/main/java/org/entando/kubernetes/model/app/EntandoAppFluent.java
[WARNING]   * src/main/java/org/entando/kubernetes/model/KeycloakToUseFluent.java
[WARNING]   * src/main/java/org/entando/kubernetes/model/keycloakserver/EntandoKeycloakServerSpecFluent.java
[WARNING]   * src/test/java/org/entando/kubernetes/model/AbstractEntandoDeBundleTest.java
[WARNING]   * src/test/java/org/entando/kubernetes/model/inprocesstest/EntandoCustomResourceStatusTest.java
[WARNING]   * src/main/java/org/entando/kubernetes/model/Coalescence.java
[WARNING]   * src/main/java/org/entando/kubernetes/model/EntandoDeploymentPhase.java
[WARNING]   * src/main/java/org/entando/kubernetes/model/debundle/EntandoDeBundle.java
[WARNING]   * src/main/java/org/entando/kubernetes/model/gitspec/GitSpec.java
[WARNING]   * src/main/java/org/entando/kubernetes/model/EntandoControllerFailureBuilder.java
[WARNING]   * src/main/java/org/entando/kubernetes/model/infrastructure/EntandoClusterInfrastructureSpecFluent.java
[WARNING]   * src/main/java/org/entando/kubernetes/model/AbstractServerStatus.java
[WARNING]   * src/main/java/org/entando/kubernetes/model/EntandoDeploymentSpec.java
[WARNING]   * src/main/java/org/entando/kubernetes/model/compositeapp/EntandoCompositeAppSpec.java
[WARNING]   * src/test/java/org/entando/kubernetes/model/inprocesstest/EntandoClusterInfrastructureMockedTest.java
[WARNING]   * src/main/java/org/entando/kubernetes/model/SpecHasIngress.java
[WARNING]   * src/main/java/org/entando/kubernetes/model/keycloakserver/EntandoKeycloakServerList.java
[WARNING]   * src/main/java/org/entando/kubernetes/model/infrastructure/EntandoClusterInfrastructureFluent.java
[WARNING]   * src/main/java/org/entando/kubernetes/model/link/EntandoAppPluginLinkOperationFactory.java
[WARNING] This may lead to missing/broken features in SonarCloud
[INFO] CPD E**cutor 45 files had no CPD blocks
[INFO] CPD E**cutor Calculating CPD for 90 files
[INFO] CPD E**cutor CPD calculation finished (done) | time=73ms
[INFO] Analysis report generated in 348ms, dir size=864 KB
[INFO] Analysis report compressed in 278ms, zip size=444 KB
[INFO] Analysis report uploaded in 165ms
[INFO] ANALYSIS SUCCESSFUL, you can find the results at: https://sonarcloud.io/dashboard?id=entando-k8s_entando-k8s-custom-model
[INFO] Note that you will be able to access the updated dashboard once the server has processed the submitted analysis report
[INFO] More about the report processing at https://sonarcloud.io/api/ce/task?id=AXll005v6OmP0doEhiVp
[INFO] Analysis total time: 26.134 s
[INFO] ------------------------------------------------------------------------
[INFO] BUILD SUCCESS
[INFO] ------------------------------------------------------------------------
[INFO] Total time:  02:38 min
[INFO] Finished at: 2021-05-13T13:03:37Z
[INFO] ------------------------------------------------------------------------
Congratulations! No build failures found for entando-k8s-custom-model-master.

Showing logs for build [32mentando-k8s-entando-k8s-custom-nfnpv-8[0m stage [32mfrom-build-pack[0m and container [32mstep-promote-changelog[0m
Converted /workspace/source to an unshallow repository
Generating change log from git ref 8717ec14a20235362a41a6a3eabfa4a5ed7bf13a => f5c4bec499a868ccda5ceb28161193d5b3b01fa6
Finding issues in commit messages using git format
WARNING: No release found for entando-k8s/entando-k8s-custom-model and tag v6.3.8 so creating a new release
Updated the release information at https://github.com/entando-k8s/entando-k8s-custom-model/releases/tag/v6.3.8
generated: /workspace/source/templates/release.yaml
Created Release entando-k8s-custom-model-6-3-8 resource in namespace **
Updating PipelineActivity entando-k8s-entando-k8s-custom-model-master-8 with version 6.3.8
Updated PipelineActivities entando-k8s-entando-k8s-custom-model-master-8 with release notes URL: https://github.com/entando-k8s/entando-k8s-custom-model/releases/tag/v6.3.8
