
Showing logs for build [32mentando-entando-admin-console-m-bk4jt-3[0m stage [32mfrom-build-pack[0m and container [32mcredential-initializer[0m
{"level":"info","ts":1625176694.05703,"caller":"creds-init/main.go:44","msg":"Credentials initialized."}

Showing logs for build [32mentando-entando-admin-console-m-bk4jt-3[0m stage [32mfrom-build-pack[0m and container [32mworking-dir-initializer[0m

Showing logs for build [32mentando-entando-admin-console-m-bk4jt-3[0m stage [32mfrom-build-pack[0m and container [32mplace-tools[0m

Showing logs for build [32mentando-entando-admin-console-m-bk4jt-3[0m stage [32mfrom-build-pack[0m and container [32mstep-git-source-entando-entando-admin-console-m-bk4jt-cvf4l[0m
{"level":"info","ts":1625176809.099848,"caller":"git/git.go:105","msg":"Successfully cloned https://github.com/entando/entando-*****-console.git @ v6.4.1 in path /workspace/source"}
{"level":"warn","ts":1625176809.1000469,"caller":"git/git.go:152","msg":"Unexpected error: creating symlink: symlink /tekton/home/.ssh /****/.ssh: file exists"}
{"level":"info","ts":1625176809.1844203,"caller":"git/git.go:133","msg":"Successfully initialized and updated submodules in path /workspace/source"}

Showing logs for build [32mentando-entando-admin-console-m-bk4jt-3[0m stage [32mfrom-build-pack[0m and container [32mstep-setup-builder-home[0m

Showing logs for build [32mentando-entando-admin-console-m-bk4jt-3[0m stage [32mfrom-build-pack[0m and container [32mstep-git-merge[0m
Using SHAs from PULL_REFS=master:f5249dd4acc71552e57e08c8291e81c365678097
WARNING: no SHAs to merge, falling back to initial cloned commit

Showing logs for build [32mentando-entando-admin-console-m-bk4jt-3[0m stage [32mfrom-build-pack[0m and container [32mstep-setup-jx-git-credentials[0m
Generated Git credentials file /workspace/xdg_config/git/credentials

Showing logs for build [32mentando-entando-admin-console-m-bk4jt-3[0m stage [32mfrom-build-pack[0m and container [32mstep-build-fetch-history-for-sonar[0m
From https://github.com/entando/entando-*****-console
 * [new branch]      5.1.1-dev               -> origin/5.1.1-dev
 * [new branch]      EN-1939_implement_cropper -> origin/EN-1939_implement_cropper
 * [new branch]      EN-4.3.6                -> origin/EN-4.3.6
 * [new branch]      ENG-1063                -> origin/ENG-1063
 * [new branch]      ENG-1086_ENG-1106_ENG-1082 -> origin/ENG-1086_ENG-1106_ENG-1082
 * [new branch]      ENG-1193/fix-item-selection -> origin/ENG-1193/fix-item-selection
 * [new branch]      ENG-2043_preview_control_bar -> origin/ENG-2043_preview_control_bar
 * [new branch]      ENG-283_labels          -> origin/ENG-283_labels
 * [new branch]      ENG-407-password-change-is-broken -> origin/ENG-407-password-change-is-broken
 * [new branch]      ENG-442-adding-csrf-protection -> origin/ENG-442-adding-csrf-protection
 * [new branch]      ENG-785_putback_notifs  -> origin/ENG-785_putback_notifs
 * [new branch]      Ver-6.1.0-release       -> origin/Ver-6.1.0-release
 * [new branch]      add-codesnippet-feature-in-cke -> origin/add-codesnippet-feature-in-cke
 * [new branch]      develop                 -> origin/develop
 * [new branch]      fix-password            -> origin/fix-password
 * [new branch]      github-actions-pipeline -> origin/github-actions-pipeline
 * [new branch]      master                  -> origin/master
 * [new branch]      paulhinz-patch-10       -> origin/paulhinz-patch-10
 * [new branch]      paulhinz-patch-11       -> origin/paulhinz-patch-11
 * [new branch]      paulhinz-patch-12       -> origin/paulhinz-patch-12
 * [new branch]      paulhinz-patch-13       -> origin/paulhinz-patch-13
 * [new branch]      paulhinz-patch-14       -> origin/paulhinz-patch-14
 * [new branch]      paulhinz-patch-15       -> origin/paulhinz-patch-15
 * [new branch]      paulhinz-patch-16       -> origin/paulhinz-patch-16
 * [new branch]      paulhinz-patch-17       -> origin/paulhinz-patch-17
 * [new branch]      paulhinz-patch-18       -> origin/paulhinz-patch-18
 * [new branch]      paulhinz-patch-19       -> origin/paulhinz-patch-19
 * [new branch]      paulhinz-patch-20       -> origin/paulhinz-patch-20
 * [new branch]      paulhinz-patch-3        -> origin/paulhinz-patch-3
 * [new branch]      paulhinz-patch-4        -> origin/paulhinz-patch-4
 * [new branch]      paulhinz-patch-5        -> origin/paulhinz-patch-5
 * [new branch]      paulhinz-patch-6        -> origin/paulhinz-patch-6
 * [new branch]      paulhinz-patch-7        -> origin/paulhinz-patch-7
 * [new branch]      paulhinz-patch-8        -> origin/paulhinz-patch-8
 * [new branch]      paulhinz-patch-9        -> origin/paulhinz-patch-9
 * [new branch]      redis-test-pj           -> origin/redis-test-pj
 * [new branch]      release_4.3             -> origin/release_4.3
 * [new branch]      v5.0.3-dev              -> origin/v5.0.3-dev
 * [new branch]      v5.0.4-dev              -> origin/v5.0.4-dev
 * [new branch]      v5.2.1-dev              -> origin/v5.2.1-dev
 * [new branch]      v5.3.0-dev              -> origin/v5.3.0-dev
 * [new branch]      v6.1.1-release          -> origin/v6.1.1-release
 * [new tag]         v5.2.0                  -> v5.2.0
 * [new tag]         v6.1.0                  -> v6.1.0
 * [new tag]         v6.1.1                  -> v6.1.1
 * [new tag]         v6.2.0-sprint1-rc       -> v6.2.0-sprint1-rc
 * [new tag]         v6.4.1                  -> v6.4.1
 * [new tag]           EN-4.3.2-CloudNative    -> EN-4.3.2-CloudNative
 * [new tag]           pia-crs4                -> pia-crs4
 * [new tag]           v4.2.0                  -> v4.2.0
 * [new tag]           v4.3.2-RC1              -> v4.3.2-RC1
 * [new tag]           v4.3.3                  -> v4.3.3
 * [new tag]           v4.3.4                  -> v4.3.4
 * [new tag]           v4.3.5                  -> v4.3.5
 * [new tag]           v5.0.0                  -> v5.0.0
 * [new tag]           v5.0.0-pre              -> v5.0.0-pre
 * [new tag]           v5.0.2                  -> v5.0.2
 * [new tag]           v6.2.0-sprint2-rc       -> v6.2.0-sprint2-rc
 * [new tag]           v6.2.0-sprint3-rc       -> v6.2.0-sprint3-rc
 * [new tag]           v6.2.0-sprint4-rc       -> v6.2.0-sprint4-rc
 * [new tag]           v6.2.0-sprint5-rc       -> v6.2.0-sprint5-rc

Showing logs for build [32mentando-entando-admin-console-m-bk4jt-3[0m stage [32mfrom-build-pack[0m and container [32mstep-build-mvn-deploy-release[0m
Picked up _JAVA_OPTIONS: -XX:+UnlockExperimentalVMOptions -Dsun.zip.disableMemoryMapping=**** -XX:+UseParallelGC -XX:MinHeapFreeRatio=5 -XX:MaxHeapFreeRatio=10 -XX:GCTimeRatio=4 -XX:AdaptiveSizePolicyWeight=90 -Xms10m -Xmx8000m
[INFO] Scanning for projects...
[WARNING] 
[WARNING] Some problems were encountered while building the effective model for org.entando.entando:entando-*****-console:war:6.4.1
[WARNING] 'dependencyManagement.dependencies.dependency.(groupId:artifactId:type:classifier)' must be unique: org.springframework:spring-tx:jar -> version (?) vs ${spring.version} @ org.entando:entando-core-parent:6.4.2, /home/jenkins/.mvnrepository/org/entando/entando-core-parent/6.4.2/entando-core-parent-6.4.2.pom, line 625, column 25
[WARNING] 
[WARNING] It is highly recommended to fix these problems because they threaten the stability of your build.
[WARNING] 
[WARNING] For this reason, future Maven versions might no longer support building such malformed projects.
[WARNING] 
[WARNING] The POM for org.eclipse.m2e:lifecycle-mapping:jar:1.0.0 is missing, no dependency information available
[WARNING] Failed to retrieve plugin descriptor for org.eclipse.m2e:lifecycle-mapping:1.0.0: Plugin org.eclipse.m2e:lifecycle-mapping:1.0.0 or one of its dependencies could not be resolved: Could not find artifact org.eclipse.m2e:lifecycle-mapping:jar:1.0.0 in nexus (http://nexus/repository/maven-group/)
[INFO] 
[INFO] -------------< org.entando.entando:entando-*****-console >--------------
[INFO] Building Entando Core: Administration Console 6.4.1
[INFO] --------------------------------[ war ]---------------------------------
[WARNING] The POM for com.sun.xml.bind:jaxb-impl:jar:2.2.11 is invalid, transitive dependencies (if any) will not be available, enable debug logging for more details
[INFO] 
[INFO] --- maven-clean-plugin:2.5:clean (default-clean) @ entando-*****-console ---
[INFO] 
[INFO] --- maven-checkstyle-plugin:3.1.1:check (validate) @ entando-*****-console ---
[INFO] 
[INFO] --- maven-checkstyle-plugin:3.1.1:checkstyle (validate) @ entando-*****-console ---
[INFO] 
[INFO] --- jacoco-maven-plugin:0.8.6:prepare-agent (prepare-agent) @ entando-*****-console ---
[INFO] argLine set to -javaagent:/home/jenkins/.mvnrepository/org/jacoco/org.jacoco.agent/0.8.6/org.jacoco.agent-0.8.6-runtime.jar=destfile=/workspace/source/target/jacoco.e**c
[INFO] 
[INFO] --- maven-resources-plugin:2.5:resources (default-resources) @ entando-*****-console ---
[debug] e**cute contextualize
[INFO] Using 'UTF-8' encoding to copy filtered resources.
[INFO] Copying 24 resources
[INFO] Copying 1 resource
[INFO] Copying 89 resources
[INFO] Copying 2 resources to META-INF
[INFO] 
[INFO] --- maven-compiler-plugin:3.8.1:compile (default-compile) @ entando-*****-console ---
[INFO] Changes detected - recompiling the module!
[INFO] Compiling 233 source files to /workspace/source/target/classes
[WARNING] /workspace/source/src/main/java/com/agiletec/aps*****/******/BaseAction.java:[123,33] unchecked method invocation: method sort in class java.util.Collections is applied to given types
  required: java.util.List<T>,java.util.Comparator<? super T>
  found: java.util.List<com.agiletec.aps.******.services.group.Group>,org.apache.commons.beanutils.BeanComparator
[WARNING] /workspace/source/src/main/java/com/agiletec/aps*****/******/BaseAction.java:[123,61] unchecked conversion
  required: java.util.Comparator<? super T>
  found:    org.apache.commons.beanutils.BeanComparator
[WARNING] /workspace/source/src/main/java/org/entando/entando/aps*****/api/AbstractApiFinderAction.java:[61,29] unchecked method invocation: method sort in class java.util.Collections is applied to given types
  required: java.util.List<T>,java.util.Comparator<? super T>
  found: java.util.List<org.entando.entando.aps.******.services.api.model.ApiResource>,org.apache.commons.beanutils.BeanComparator
[WARNING] /workspace/source/src/main/java/org/entando/entando/aps*****/api/AbstractApiFinderAction.java:[61,43] unchecked conversion
  required: java.util.Comparator<? super T>
  found:    org.apache.commons.beanutils.BeanComparator
[WARNING] /workspace/source/src/main/java/com/agiletec/aps*****/******/entity/AbstractApsEntityFinderAction.java:[58,66] unchecked call to EntitySearchFilter(java.lang.String,boolean,T,boolean) as a member of the raw type com.agiletec.aps.******.common.entity.model.EntitySearchFilter
[WARNING] /workspace/source/src/main/java/com/agiletec/aps*****/******/entity/AbstractApsEntityFinderAction.java:[150,41] unchecked method invocation: method sort in class java.util.Collections is applied to given types
  required: java.util.List<T>,java.util.Comparator<? super T>
  found: java.util.List<com.agiletec.aps.******.common.entity.model.IApsEntity>,org.apache.commons.beanutils.BeanComparator
[WARNING] /workspace/source/src/main/java/com/agiletec/aps*****/******/entity/AbstractApsEntityFinderAction.java:[150,60] unchecked conversion
  required: java.util.Comparator<? super T>
  found:    org.apache.commons.beanutils.BeanComparator
[WARNING] /workspace/source/src/main/java/org/entando/entando/aps*****/user/UserProfileFinderAction.java:[50,26] unchecked call to EntitySearchFilter(java.lang.String,boolean,T,boolean) as a member of the raw type com.agiletec.aps.******.common.entity.model.EntitySearchFilter
[WARNING] /workspace/source/src/main/java/org/entando/entando/aps*****/*****/DatabaseAction.java:[202,89] unchecked call to <A>getAnnotation(java.lang.Class<A>) as a member of the raw type java.lang.Class
[WARNING] /workspace/source/src/main/java/com/agiletec/aps*****/******/entity/type/EntityTypeConfigAction.java:[229,41] unchecked method invocation: method sort in class java.util.Collections is applied to given types
  required: java.util.List<T>,java.util.Comparator<? super T>
  found: java.util.List<com.agiletec.aps.******.common.entity.model.attribute.AttributeInterface>,org.apache.commons.beanutils.BeanComparator
[WARNING] /workspace/source/src/main/java/com/agiletec/aps*****/******/entity/type/EntityTypeConfigAction.java:[229,54] unchecked conversion
  required: java.util.Comparator<? super T>
  found:    org.apache.commons.beanutils.BeanComparator
[WARNING] /workspace/source/src/main/java/org/entando/entando/aps*****/tags/PageTreeTag.java:[88,57] unchecked method invocation: method getAllowedTreeRoot in interface com.agiletec.aps*****.******.ITreeNodeBaseActionHelper is applied to given types
  required: java.util.Collection<java.lang.String>
  found: java.util.Collection
[WARNING] /workspace/source/src/main/java/org/entando/entando/aps*****/tags/PageTreeTag.java:[88,79] unchecked conversion
  required: java.util.Collection<java.lang.String>
  found:    java.util.Collection
[WARNING] /workspace/source/src/main/java/com/agiletec/aps*****/portal/AbstractPortalAction.java:[125,41] unchecked method invocation: method sort in class java.util.Collections is applied to given types
  required: java.util.List<T>,java.util.Comparator<? super T>
  found: java.util.List<com.agiletec.aps.util.SelectItem>,org.apache.commons.beanutils.BeanComparator
[WARNING] /workspace/source/src/main/java/com/agiletec/aps*****/portal/AbstractPortalAction.java:[125,55] unchecked conversion
  required: java.util.Comparator<? super T>
  found:    org.apache.commons.beanutils.BeanComparator
[WARNING] /workspace/source/src/main/java/org/entando/entando/aps*****/portal/guifragment/GuiFragmentFinderAction.java:[47,65] unchecked call to FieldSearchFilter(java.lang.String,T,boolean) as a member of the raw type com.agiletec.aps.******.common.FieldSearchFilter
[WARNING] /workspace/source/src/main/java/org/entando/entando/aps*****/portal/guifragment/GuiFragmentFinderAction.java:[51,65] unchecked call to FieldSearchFilter(java.lang.String,T,boolean) as a member of the raw type com.agiletec.aps.******.common.FieldSearchFilter
[WARNING] /workspace/source/src/main/java/org/entando/entando/aps*****/portal/guifragment/GuiFragmentFinderAction.java:[55,65] unchecked call to FieldSearchFilter(java.lang.String,T,boolean) as a member of the raw type com.agiletec.aps.******.common.FieldSearchFilter
[WARNING] /workspace/source/src/main/java/org/entando/entando/aps*****/portal/guifragment/GuiFragmentFinderAction.java:[101,49] unchecked method invocation: method sort in class java.util.Collections is applied to given types
  required: java.util.List<T>,java.util.Comparator<? super T>
  found: java.util.List<com.agiletec.aps.util.SelectItem>,org.apache.commons.beanutils.BeanComparator
[WARNING] /workspace/source/src/main/java/org/entando/entando/aps*****/portal/guifragment/GuiFragmentFinderAction.java:[101,57] unchecked conversion
  required: java.util.Comparator<? super T>
  found:    org.apache.commons.beanutils.BeanComparator
[WARNING] /workspace/source/src/main/java/com/agiletec/aps*****/user/role/RoleFinderAction.java:[34,33] unchecked method invocation: method sort in class java.util.Collections is applied to given types
  required: java.util.List<T>,java.util.Comparator<? super T>
  found: java.util.List<com.agiletec.aps.******.services.role.Role>,org.apache.commons.beanutils.BeanComparator
[WARNING] /workspace/source/src/main/java/com/agiletec/aps*****/user/role/RoleFinderAction.java:[34,41] unchecked conversion
  required: java.util.Comparator<? super T>
  found:    org.apache.commons.beanutils.BeanComparator
[WARNING] /workspace/source/src/main/java/com/agiletec/aps*****/******/entity/type/CompositeAttributeConfigAction.java:[157,41] unchecked method invocation: method sort in class java.util.Collections is applied to given types
  required: java.util.List<T>,java.util.Comparator<? super T>
  found: java.util.List<com.agiletec.aps.******.common.entity.model.attribute.AttributeInterface>,org.apache.commons.beanutils.BeanComparator
[WARNING] /workspace/source/src/main/java/com/agiletec/aps*****/******/entity/type/CompositeAttributeConfigAction.java:[157,54] unchecked conversion
  required: java.util.Comparator<? super T>
  found:    org.apache.commons.beanutils.BeanComparator
[WARNING] /workspace/source/src/main/java/org/entando/entando/aps*****/api/helper/SchemaGeneratorActionHelper.java:[72,57] unchecked call to getDeclaredMethod(java.lang.String,java.lang.Class<?>...) as a member of the raw type java.lang.Class
[WARNING] /workspace/source/src/main/java/org/entando/entando/aps*****/api/helper/SchemaGeneratorActionHelper.java:[81,61] unchecked call to getDeclaredMethod(java.lang.String,java.lang.Class<?>...) as a member of the raw type java.lang.Class
[WARNING] /workspace/source/src/main/java/org/entando/entando/aps*****/api/helper/SchemaGeneratorActionHelper.java:[87,61] unchecked call to getDeclaredMethod(java.lang.String,java.lang.Class<?>...) as a member of the raw type java.lang.Class
[WARNING] /workspace/source/src/main/java/org/entando/entando/aps*****/******/services/shortcut/UserShortcutConfigDOM.java:[67,82] unchecked conversion
  required: java.util.List<org.jdom.Element>
  found:    java.util.List
[WARNING] /workspace/source/src/main/java/org/entando/entando/aps*****/api/AbstractApiAction.java:[53,29] unchecked method invocation: method sort in class java.util.Collections is applied to given types
  required: java.util.List<T>,java.util.Comparator<? super T>
  found: java.util.List<com.agiletec.aps.******.services.role.Permission>,org.apache.commons.beanutils.BeanComparator
[WARNING] /workspace/source/src/main/java/org/entando/entando/aps*****/api/AbstractApiAction.java:[53,43] unchecked conversion
  required: java.util.Comparator<? super T>
  found:    org.apache.commons.beanutils.BeanComparator
[WARNING] /workspace/source/src/main/java/org/entando/entando/aps*****/******/services/shortcut/ShortcutDefDOM.java:[92,78] unchecked conversion
  required: java.util.List<org.jdom.Element>
  found:    java.util.List
[WARNING] /workspace/source/src/main/java/org/entando/entando/aps*****/******/services/shortcut/ShortcutDefDOM.java:[103,85] unchecked conversion
  required: java.util.List<org.jdom.Element>
  found:    java.util.List
[WARNING] /workspace/source/src/main/java/org/entando/entando/aps*****/******/services/shortcut/ShortcutDefDOM.java:[131,84] unchecked conversion
  required: java.util.List<org.jdom.Element>
  found:    java.util.List
[WARNING] /workspace/source/src/main/java/com/agiletec/aps*****/******/entity/EntityActionHelper.java:[202,82] unchecked call to EntitySearchFilter(java.lang.String,boolean,T,boolean) as a member of the raw type com.agiletec.aps.******.common.entity.model.EntitySearchFilter
[WARNING] /workspace/source/src/main/java/com/agiletec/aps*****/******/entity/EntityActionHelper.java:[209,82] unchecked call to EntitySearchFilter(java.lang.String,boolean,T,T) as a member of the raw type com.agiletec.aps.******.common.entity.model.EntitySearchFilter
[WARNING] /workspace/source/src/main/java/com/agiletec/aps*****/******/entity/EntityActionHelper.java:[215,82] unchecked call to EntitySearchFilter(java.lang.String,boolean,T,boolean) as a member of the raw type com.agiletec.aps.******.common.entity.model.EntitySearchFilter
[WARNING] /workspace/source/src/main/java/com/agiletec/aps*****/******/entity/EntityActionHelper.java:[222,82] unchecked call to EntitySearchFilter(java.lang.String,boolean,T,T) as a member of the raw type com.agiletec.aps.******.common.entity.model.EntitySearchFilter
[WARNING] /workspace/source/src/main/java/org/entando/entando/aps*****/tags/EntityTypesInfoTag.java:[51,57] unchecked method invocation: method sort in class java.util.Collections is applied to given types
  required: java.util.List<T>,java.util.Comparator<? super T>
  found: java.util.List<com.agiletec.aps.******.common.entity.model.IApsEntity>,org.apache.commons.beanutils.BeanComparator
[WARNING] /workspace/source/src/main/java/org/entando/entando/aps*****/tags/EntityTypesInfoTag.java:[51,71] unchecked conversion
  required: java.util.Comparator<? super T>
  found:    org.apache.commons.beanutils.BeanComparator
[WARNING] /workspace/source/src/main/java/com/agiletec/aps*****/******/conversion/ApsTimestampTypeConverter.java:[48,72] unchecked call to getConstructor(java.lang.Class<?>...) as a member of the raw type java.lang.Class
[WARNING] /workspace/source/src/main/java/com/agiletec/aps*****/******/conversion/ApsDateTypeConverter.java:[54,72] unchecked call to getConstructor(java.lang.Class<?>...) as a member of the raw type java.lang.Class
[WARNING] /workspace/source/src/main/java/org/entando/entando/aps*****/portal/guifragment/GuiFragmentAction.java:[205,59] unchecked method invocation: method setReferences in class org.entando.entando.aps*****.portal.guifragment.GuiFragmentAction is applied to given types
  required: java.util.Map<java.lang.String,java.util.List<java.lang.Object>>
  found: java.util.Map
[WARNING] /workspace/source/src/main/java/org/entando/entando/aps*****/portal/guifragment/GuiFragmentAction.java:[205,60] unchecked conversion
  required: java.util.Map<java.lang.String,java.util.List<java.lang.Object>>
  found:    java.util.Map
[WARNING] /workspace/source/src/main/java/com/agiletec/aps*****/tags/HookPointTag.java:[66,33] unchecked method invocation: method sort in class java.util.Collections is applied to given types
  required: java.util.List<T>,java.util.Comparator<? super T>
  found: java.util.List<com.agiletec.aps*****.******.plugin.HookPointElementContainer>,org.apache.commons.beanutils.BeanComparator
[WARNING] /workspace/source/src/main/java/com/agiletec/aps*****/tags/HookPointTag.java:[66,46] unchecked conversion
  required: java.util.Comparator<? super T>
  found:    org.apache.commons.beanutils.BeanComparator
[WARNING] /workspace/source/src/main/java/com/agiletec/aps*****/user/group/GroupAction.java:[184,59] unchecked method invocation: method setReferences in class com.agiletec.aps*****.user.group.GroupAction is applied to given types
  required: java.util.Map<java.lang.String,java.util.List<java.lang.Object>>
  found: java.util.Map
[WARNING] /workspace/source/src/main/java/com/agiletec/aps*****/user/group/GroupAction.java:[184,60] unchecked conversion
  required: java.util.Map<java.lang.String,java.util.List<java.lang.Object>>
  found:    java.util.Map
[WARNING] /workspace/source/src/main/java/org/entando/entando/aps*****/api/ConsumerFinderAction.java:[49,37] unchecked call to FieldSearchFilter(java.lang.String,T,boolean) as a member of the raw type com.agiletec.aps.******.common.FieldSearchFilter
[WARNING] /workspace/source/src/main/java/org/entando/entando/aps*****/api/ConsumerFinderAction.java:[57,43] unchecked call to FieldSearchFilter(java.lang.String,T,boolean) as a member of the raw type com.agiletec.aps.******.common.FieldSearchFilter
[WARNING] /workspace/source/src/main/java/org/entando/entando/aps*****/tags/ShortcutListTag.java:[119,49] unchecked method invocation: method sort in class java.util.Collections is applied to given types
  required: java.util.List<T>,java.util.Comparator<? super T>
  found: java.util.List<com.agiletec.aps.util.SelectItem>,org.apache.commons.beanutils.BeanComparator
[WARNING] /workspace/source/src/main/java/org/entando/entando/aps*****/tags/ShortcutListTag.java:[119,64] unchecked conversion
  required: java.util.Comparator<? super T>
  found:    org.apache.commons.beanutils.BeanComparator
[WARNING] /workspace/source/src/main/java/org/entando/entando/aps*****/******/services/shortcut/ShortcutManager.java:[191,33] unchecked method invocation: method sort in class java.util.Collections is applied to given types
  required: java.util.List<T>,java.util.Comparator<? super T>
  found: java.util.List<org.entando.entando.aps*****.******.services.shortcut.model.Shortcut>,org.apache.commons.beanutils.BeanComparator
[WARNING] /workspace/source/src/main/java/org/entando/entando/aps*****/******/services/shortcut/ShortcutManager.java:[191,52] unchecked conversion
  required: java.util.Comparator<? super T>
  found:    org.apache.commons.beanutils.BeanComparator
[WARNING] /workspace/source/src/main/java/com/agiletec/aps*****/portal/PageAction.java:[770,25] unchecked method invocation: method sort in class java.util.Collections is applied to given types
  required: java.util.List<T>,java.util.Comparator<? super T>
  found: java.util.List<com.agiletec.aps.******.services.group.Group>,org.apache.commons.beanutils.BeanComparator
[WARNING] /workspace/source/src/main/java/com/agiletec/aps*****/portal/PageAction.java:[770,34] unchecked conversion
  required: java.util.Comparator<? super T>
  found:    org.apache.commons.beanutils.BeanComparator
[WARNING] /workspace/source/src/main/java/com/agiletec/aps*****/user/group/helper/GroupActionHelper.java:[57,77] unchecked conversion
  required: java.util.List<java.lang.Object>
  found:    java.util.List
[WARNING] /workspace/source/src/main/java/org/entando/entando/aps*****/api/ApiServiceFinderAction.java:[79,49] unchecked method invocation: method sort in class java.util.Collections is applied to given types
  required: java.util.List<T>,java.util.Comparator<? super T>
  found: java.util.List<org.entando.entando.aps*****.api.model.ApiSelectItem>,org.apache.commons.beanutils.BeanComparator
[WARNING] /workspace/source/src/main/java/org/entando/entando/aps*****/api/ApiServiceFinderAction.java:[79,57] unchecked conversion
  required: java.util.Comparator<? super T>
  found:    org.apache.commons.beanutils.BeanComparator
[WARNING] /workspace/source/src/main/java/org/entando/entando/aps*****/portal/model/PageModelAction.java:[342,59] unchecked method invocation: method setReferences in class org.entando.entando.aps*****.portal.model.PageModelAction is applied to given types
  required: java.util.Map<java.lang.String,java.util.List<java.lang.Object>>
  found: java.util.Map
[WARNING] /workspace/source/src/main/java/org/entando/entando/aps*****/portal/model/PageModelAction.java:[342,60] unchecked conversion
  required: java.util.Map<java.lang.String,java.util.List<java.lang.Object>>
  found:    java.util.Map
[WARNING] /workspace/source/src/main/java/com/agiletec/aps*****/******/entity/type/EntityAttributeConfigAction.java:[280,29] unchecked method invocation: method sort in class java.util.Collections is applied to given types
  required: java.util.List<T>,java.util.Comparator<? super T>
  found: java.util.List<com.agiletec.aps.******.common.entity.model.attribute.AttributeInterface>,org.apache.commons.beanutils.BeanComparator
[WARNING] /workspace/source/src/main/java/com/agiletec/aps*****/******/entity/type/EntityAttributeConfigAction.java:[280,42] unchecked conversion
  required: java.util.Comparator<? super T>
  found:    org.apache.commons.beanutils.BeanComparator
[WARNING] /workspace/source/src/main/java/com/agiletec/aps*****/category/CategoryAction.java:[87,41] unchecked method invocation: method sort in class java.util.Collections is applied to given types
  required: java.util.List<T>,java.util.Comparator<? super T>
  found: java.util.List<com.agiletec.aps*****.******.TreeNodeWrapper>,org.apache.commons.beanutils.BeanComparator
[WARNING] /workspace/source/src/main/java/com/agiletec/aps*****/category/CategoryAction.java:[87,50] unchecked conversion
  required: java.util.Comparator<? super T>
  found:    org.apache.commons.beanutils.BeanComparator
[WARNING] /workspace/source/src/main/java/com/agiletec/aps*****/user/group/GroupFinderAction.java:[34,33] unchecked method invocation: method sort in class java.util.Collections is applied to given types
  required: java.util.List<T>,java.util.Comparator<? super T>
  found: java.util.List<com.agiletec.aps.******.services.group.Group>,org.apache.commons.beanutils.BeanComparator
[WARNING] /workspace/source/src/main/java/com/agiletec/aps*****/user/group/GroupFinderAction.java:[34,42] unchecked conversion
  required: java.util.Comparator<? super T>
  found:    org.apache.commons.beanutils.BeanComparator
[WARNING] /workspace/source/src/main/java/com/agiletec/aps*****/portal/PageTreeMenuAction.java:[157,29] unchecked method invocation: method sort in class java.util.Collections is applied to given types
  required: java.util.List<T>,java.util.Comparator<? super T>
  found: java.util.List<com.agiletec.aps.util.SelectItem>,org.apache.commons.beanutils.BeanComparator
[WARNING] /workspace/source/src/main/java/com/agiletec/aps*****/portal/PageTreeMenuAction.java:[157,43] unchecked conversion
  required: java.util.Comparator<? super T>
  found:    org.apache.commons.beanutils.BeanComparator
[WARNING] /workspace/source/src/main/java/org/entando/entando/aps*****/******/RedirectMessageInterceptor.java:[93,59] unchecked conversion
  required: java.util.Collection<java.lang.String>
  found:    java.util.Collection
[WARNING] /workspace/source/src/main/java/org/entando/entando/aps*****/******/RedirectMessageInterceptor.java:[99,61] unchecked conversion
  required: java.util.Collection<java.lang.String>
  found:    java.util.Collection
[WARNING] /workspace/source/src/main/java/org/entando/entando/aps*****/******/RedirectMessageInterceptor.java:[105,65] unchecked conversion
  required: java.util.Map<java.lang.String,java.util.List<java.lang.String>>
  found:    java.util.Map
[WARNING] /workspace/source/src/main/java/org/entando/entando/aps*****/portal/model/PageModelFinderAction.java:[33,33] unchecked method invocation: method sort in class java.util.Collections is applied to given types
  required: java.util.List<T>,java.util.Comparator<? super T>
  found: java.util.List<com.agiletec.aps.******.services.pagemodel.PageModel>,org.apache.commons.beanutils.BeanComparator
[WARNING] /workspace/source/src/main/java/org/entando/entando/aps*****/portal/model/PageModelFinderAction.java:[33,42] unchecked conversion
  required: java.util.Comparator<? super T>
  found:    org.apache.commons.beanutils.BeanComparator
[WARNING] /workspace/source/src/main/java/com/agiletec/aps*****/******/entity/type/EntityTypesAction.java:[76,41] unchecked method invocation: method sort in class java.util.Collections is applied to given types
  required: java.util.List<T>,java.util.Comparator<? super T>
  found: java.util.List<com.agiletec.aps.******.common.entity.model.IApsEntity>,org.apache.commons.beanutils.BeanComparator
[WARNING] /workspace/source/src/main/java/com/agiletec/aps*****/******/entity/type/EntityTypesAction.java:[76,60] unchecked conversion
  required: java.util.Comparator<? super T>
  found:    org.apache.commons.beanutils.BeanComparator
[WARNING] /workspace/source/src/main/java/com/agiletec/aps*****/******/entity/type/EntityTypesAction.java:[146,53] unchecked call to EntitySearchFilter(java.lang.String,boolean,T,boolean) as a member of the raw type com.agiletec.aps.******.common.entity.model.EntitySearchFilter
[WARNING] /workspace/source/src/main/java/org/entando/entando/aps*****/portal/model/helper/PageModelActionHelper.java:[55,105] unchecked conversion
  required: java.util.List<java.lang.Object>
  found:    java.util.List
[INFO] /workspace/source/src/main/java/com/agiletec/aps*****/******/BaseAction.java: Some input files use or override a deprecated API.
[INFO] /workspace/source/src/main/java/com/agiletec/aps*****/******/BaseAction.java: Recompile with -Xlint:deprecation for details.
[INFO] 
[INFO] --- maven-resources-plugin:2.5:copy-resources (copy-resources-test) @ entando-*****-console ---
[debug] e**cute contextualize
[INFO] Using 'UTF-8' encoding to copy filtered resources.
[INFO] Copying 4 resources
[INFO] 
[INFO] --- maven-resources-plugin:2.5:copy-resources (copy-resources-file-test-) @ entando-*****-console ---
[debug] e**cute contextualize
[INFO] Using 'UTF-8' encoding to copy filtered resources.
[INFO] Copying 4 resources
[INFO] 
[INFO] --- maven-resources-plugin:2.5:testResources (default-testResources) @ entando-*****-console ---
[debug] e**cute contextualize
[INFO] Using 'UTF-8' encoding to copy filtered resources.
[INFO] Copying 3 resources
[INFO] 
[INFO] --- maven-compiler-plugin:3.8.1:testCompile (default-testCompile) @ entando-*****-console ---
[INFO] Changes detected - recompiling the module!
[INFO] Compiling 47 source files to /workspace/source/target/test-classes
[WARNING] /workspace/source/src/test/java/com/agiletec/aps*****/ApsAdminBaseTestCase.java:[112,22] unchecked call to HashMap(java.util.Map<? extends K,? extends V>) as a member of the raw type java.util.HashMap
[WARNING] /workspace/source/src/test/java/com/agiletec/aps*****/ApsAdminBaseTestCase.java:[113,22] unchecked method invocation: constructor <init> in class org.apache.struts2.dispatcher.Dispatcher is applied to given types
  required: javax.servlet.ServletContext,java.util.Map<java.lang.String,java.lang.String>
  found: org.springframework.mock.web.MockServletContext,java.util.Map
[WARNING] /workspace/source/src/test/java/com/agiletec/aps*****/ApsAdminBaseTestCase.java:[113,53] unchecked conversion
  required: java.util.Map<java.lang.String,java.lang.String>
  found:    java.util.Map
[WARNING] /workspace/source/src/test/java/com/agiletec/aps*****/category/TestCategoryAction.java:[251,95] unchecked conversion
  required: java.util.Map<java.lang.String,java.lang.Object>
  found:    java.util.Map
[WARNING] /workspace/source/src/test/java/com/agiletec/aps*****/category/TestCategoryAction.java:[260,75] unchecked conversion
  required: java.util.Map<java.lang.String,java.lang.Object>
  found:    java.util.Map
[WARNING] /workspace/source/src/test/java/com/agiletec/aps*****/portal/TestWidgetTypeAction.java:[608,46] unchecked call to FieldSearchFilter(java.lang.String,T,boolean) as a member of the raw type com.agiletec.aps.******.common.FieldSearchFilter
[INFO] /workspace/source/src/test/java/com/agiletec/aps*****/common/TestShortcutConfigAction.java: Some input files use or override a deprecated API.
[INFO] /workspace/source/src/test/java/com/agiletec/aps*****/common/TestShortcutConfigAction.java: Recompile with -Xlint:deprecation for details.
[INFO] 
[INFO] --- maven-surefire-plugin:3.0.0-M1:test (default-test) @ entando-*****-console ---
[INFO] 
[INFO] -------------------------------------------------------
[INFO]  T E S T S
[INFO] -------------------------------------------------------
[INFO] Running org.entando.entando.aps*****.******.TestCustomTokenInterceptor
22:00:48,274 |-INFO in ch.qos.logback.classic.LoggerContext[default] - Could NOT find resource [logback-test.xml]
22:00:48,275 |-INFO in ch.qos.logback.classic.LoggerContext[default] - Could NOT find resource [logback.groovy]
22:00:48,275 |-INFO in ch.qos.logback.classic.LoggerContext[default] - Found resource [logback.xml] at [jar:file:/home/jenkins/.mvnrepository/org/entando/entando/entando-engine/6.4.4/entando-engine-6.4.4.jar!/logback.xml]
22:00:48,302 |-INFO in ch.qos.logback.core.joran.spi.ConfigurationWatchList@25291901 - URL [jar:file:/home/jenkins/.mvnrepository/org/entando/entando/entando-engine/6.4.4/entando-engine-6.4.4.jar!/logback.xml] is not of type file
22:00:48,408 |-INFO in ch.qos.logback.classic.joran.action.ConfigurationAction - debug attribute not set
22:00:48,423 |-INFO in ch.qos.logback.core.joran.action.AppenderAction - About to instantiate appender of type [org.entando.entando.ent.logger.EntRollingFileAppender]
22:00:48,433 |-INFO in ch.qos.logback.core.joran.action.AppenderAction - Naming appender as [FILE]
22:00:48,449 |-INFO in ch.qos.logback.core.joran.action.NestedComplexPropertyIA - Assuming default type [ch.qos.logback.classic.encoder.PatternLayoutEncoder] for [encoder] property
22:00:48,536 |-INFO in c.q.l.core.rolling.SizeAndTimeBasedRollingPolicy@174933319 - setting totalSizeCap to 2 GB
22:00:48,543 |-INFO in c.q.l.core.rolling.SizeAndTimeBasedRollingPolicy@174933319 - Archive files will be limited to [100 MB] each.
22:00:48,579 |-INFO in c.q.l.core.rolling.SizeAndTimeBasedRollingPolicy@174933319 - No compression will be used
22:00:48,583 |-INFO in c.q.l.core.rolling.SizeAndTimeBasedRollingPolicy@174933319 - Will use the pattern target/log/entando-engine.%d{yyyy-MM-dd}.%i.log for the active file
22:00:48,587 |-INFO in ch.qos.logback.core.rolling.SizeAndTimeBasedFNATP@701996e9 - The date pattern is 'yyyy-MM-dd' from file name pattern 'target/log/entando-engine.%d{yyyy-MM-dd}.%i.log'.
22:00:48,587 |-INFO in ch.qos.logback.core.rolling.SizeAndTimeBasedFNATP@701996e9 - Roll-over at midnight.
22:00:48,602 |-INFO in ch.qos.logback.core.rolling.SizeAndTimeBasedFNATP@701996e9 - Setting initial period to Thu Jul 01 22:00:48 UTC 2021
22:00:48,607 |-INFO in org.entando.entando.ent.logger.EntRollingFileAppender[FILE] - Active log file name: target/log/entando-engine.log
22:00:48,607 |-INFO in org.entando.entando.ent.logger.EntRollingFileAppender[FILE] - File property is set to [target/log/entando-engine.log]
22:00:48,608 |-INFO in org.entando.entando.ent.logger.EntRollingFileAppender[FILE] - Log Level OFF - disabled file creation
22:00:48,608 |-ERROR in org.entando.entando.ent.logger.EntRollingFileAppender[FILE] - No output stream set for the appender named "FILE".
22:00:48,608 |-INFO in ch.qos.logback.core.joran.action.AppenderAction - About to instantiate appender of type [org.entando.entando.ent.logger.EntRollingFileAppender]
22:00:48,608 |-INFO in ch.qos.logback.core.joran.action.AppenderAction - Naming appender as [JSONFILE]
22:00:49,118 |-WARN in org.entando.entando.ent.logger.EntRollingFileAppender[JSONFILE] - This appender no longer admits a layout as a sub-component, set an encoder instead.
22:00:49,118 |-WARN in org.entando.entando.ent.logger.EntRollingFileAppender[JSONFILE] - To ensure compatibility, wrapping your layout in LayoutWrappingEncoder.
22:00:49,118 |-WARN in org.entando.entando.ent.logger.EntRollingFileAppender[JSONFILE] - See also http://logback.qos.ch/codes.html#layoutInsteadOfEncoder for details
22:00:49,120 |-INFO in c.q.l.core.rolling.SizeAndTimeBasedRollingPolicy@589706630 - setting totalSizeCap to 2 GB
22:00:49,120 |-INFO in c.q.l.core.rolling.SizeAndTimeBasedRollingPolicy@589706630 - Archive files will be limited to [100 MB] each.
22:00:49,120 |-INFO in c.q.l.core.rolling.SizeAndTimeBasedRollingPolicy@589706630 - No compression will be used
22:00:49,120 |-INFO in c.q.l.core.rolling.SizeAndTimeBasedRollingPolicy@589706630 - Will use the pattern target/log/entando-engine-json.%d{yyyy-MM-dd}.%i.log for the active file
22:00:49,121 |-INFO in ch.qos.logback.core.rolling.SizeAndTimeBasedFNATP@4e2ad1f2 - The date pattern is 'yyyy-MM-dd' from file name pattern 'target/log/entando-engine-json.%d{yyyy-MM-dd}.%i.log'.
22:00:49,121 |-INFO in ch.qos.logback.core.rolling.SizeAndTimeBasedFNATP@4e2ad1f2 - Roll-over at midnight.
22:00:49,122 |-INFO in ch.qos.logback.core.rolling.SizeAndTimeBasedFNATP@4e2ad1f2 - Setting initial period to Thu Jul 01 22:00:49 UTC 2021
22:00:49,122 |-INFO in org.entando.entando.ent.logger.EntRollingFileAppender[JSONFILE] - Active log file name: target/log/entando-engine-json.log
22:00:49,122 |-INFO in org.entando.entando.ent.logger.EntRollingFileAppender[JSONFILE] - File property is set to [target/log/entando-engine-json.log]
22:00:49,122 |-INFO in org.entando.entando.ent.logger.EntRollingFileAppender[JSONFILE] - Log Level OFF - disabled file creation
22:00:49,122 |-ERROR in org.entando.entando.ent.logger.EntRollingFileAppender[JSONFILE] - No output stream set for the appender named "JSONFILE".
22:00:49,123 |-INFO in ch.qos.logback.core.joran.action.AppenderAction - About to instantiate appender of type [ch.qos.logback.core.ConsoleAppender]
22:00:49,125 |-INFO in ch.qos.logback.core.joran.action.AppenderAction - Naming appender as [JSONSTDOUT]
22:00:49,126 |-WARN in ch.qos.logback.core.ConsoleAppender[JSONSTDOUT] - This appender no longer admits a layout as a sub-component, set an encoder instead.
22:00:49,126 |-WARN in ch.qos.logback.core.ConsoleAppender[JSONSTDOUT] - To ensure compatibility, wrapping your layout in LayoutWrappingEncoder.
22:00:49,126 |-WARN in ch.qos.logback.core.ConsoleAppender[JSONSTDOUT] - See also http://logback.qos.ch/codes.html#layoutInsteadOfEncoder for details
22:00:49,127 |-INFO in ch.qos.logback.core.joran.action.AppenderAction - About to instantiate appender of type [ch.qos.logback.core.ConsoleAppender]
22:00:49,127 |-INFO in ch.qos.logback.core.joran.action.AppenderAction - Naming appender as [STDOUT]
22:00:49,127 |-INFO in ch.qos.logback.core.joran.action.NestedComplexPropertyIA - Assuming default type [ch.qos.logback.classic.encoder.PatternLayoutEncoder] for [encoder] property
22:00:49,128 |-INFO in ch.qos.logback.classic.joran.action.RootLoggerAction - Setting level of ROOT logger to DEBUG
22:00:49,128 |-INFO in ch.qos.logback.core.joran.action.AppenderRefAction - Attaching appender named [STDOUT] to Logger[ROOT]
22:00:49,129 |-INFO in ch.qos.logback.core.joran.action.AppenderRefAction - Attaching appender named [JSONSTDOUT] to Logger[ROOT]
22:00:49,129 |-INFO in ch.qos.logback.core.joran.action.AppenderRefAction - Attaching appender named [JSONFILE] to Logger[ROOT]
22:00:49,129 |-INFO in ch.qos.logback.core.joran.action.AppenderRefAction - Attaching appender named [FILE] to Logger[ROOT]
22:00:49,129 |-INFO in ch.qos.logback.classic.joran.action.ConfigurationAction - End of configuration.
22:00:49,131 |-INFO in ch.qos.logback.classic.joran.JoranConfigurator@2e0de20d - Registering current configuration as safe fallback point

[INFO ] 2021-07-01 22:01:14.787 [main] SpringObjectFactory - Setting autowire strategy to name
[INFO ] 2021-07-01 22:01:15.304 [main] SpringObjectFactory - Setting autowire strategy to name
[WARN ] 2021-07-01 22:01:17.507 [main] TokenHelper - Form token LEZD6KMFS5BSHLQB3A5TN7T293Z2ILD9 does not match the session token null.
[WARN ] 2021-07-01 22:01:17.692 [main] TokenHelper - Form token EB8VGCPDBOBJJCEJBKWXORA39JTX0ULI does not match the session token null.
[WARN ] 2021-07-01 22:01:17.812 [main] TokenHelper - Form token 8RNR0J3Q59SCQ9QG8WQRSPVROW6BKR4R does not match the session token null.
[INFO] Tests run: 3, Failures: 0, Errors: 0, Skipped: 0, Time elapsed: 29.638 s - in org.entando.entando.aps*****.******.TestCustomTokenInterceptor
[INFO] Running org.entando.entando.aps*****.******.resource.TestCustomLocalizedTextProvider
[INFO ] 2021-07-01 22:01:18.068 [main] SpringObjectFactory - Setting autowire strategy to name
[INFO] Tests run: 2, Failures: 0, Errors: 0, Skipped: 0, Time elapsed: 0.559 s - in org.entando.entando.aps*****.******.resource.TestCustomLocalizedTextProvider
[INFO] Running org.entando.entando.aps*****.******.services.activitystream.TestSocialActivityStreamDAO
2021-07-01 22:01:28.194 [main] WARN  c.a.a.s.common.AbstractSearcherDAO - no filters
2021-07-01 22:01:28.240 [main] WARN  c.a.a.s.common.AbstractSearcherDAO - no filters
2021-07-01 22:01:28.246 [main] WARN  c.a.a.s.common.AbstractSearcherDAO - no filters
[INFO] Tests run: 4, Failures: 0, Errors: 0, Skipped: 0, Time elapsed: 10.94 s - in org.entando.entando.aps*****.******.services.activitystream.TestSocialActivityStreamDAO
[INFO] Running org.entando.entando.aps*****.portal.model.TestPageModelAction
[INFO ] 2021-07-01 22:01:29.480 [main] SpringObjectFactory - Setting autowire strategy to name
[INFO] Tests run: 8, Failures: 0, Errors: 0, Skipped: 0, Time elapsed: 1.835 s - in org.entando.entando.aps*****.portal.model.TestPageModelAction
[INFO] Running org.entando.entando.aps*****.portal.model.TestPageModelFinderAction
[INFO ] 2021-07-01 22:01:31.295 [main] SpringObjectFactory - Setting autowire strategy to name
[INFO] Tests run: 2, Failures: 0, Errors: 0, Skipped: 0, Time elapsed: 0.294 s - in org.entando.entando.aps*****.portal.model.TestPageModelFinderAction
[INFO] Running org.entando.entando.aps*****.portal.guifragment.TestGuiFragmentAction
[INFO ] 2021-07-01 22:01:31.615 [main] SpringObjectFactory - Setting autowire strategy to name
[INFO] Tests run: 2, Failures: 0, Errors: 0, Skipped: 0, Time elapsed: 0.357 s - in org.entando.entando.aps*****.portal.guifragment.TestGuiFragmentAction
[INFO] Running org.entando.entando.aps*****.api.TestApiServiceFinderAction
[INFO ] 2021-07-01 22:01:31.982 [main] SpringObjectFactory - Setting autowire strategy to name
[INFO] Tests run: 1, Failures: 0, Errors: 0, Skipped: 0, Time elapsed: 0.187 s - in org.entando.entando.aps*****.api.TestApiServiceFinderAction
[INFO] Running org.entando.entando.aps*****.api.TestConsumerAction
[INFO ] 2021-07-01 22:01:32.195 [main] SpringObjectFactory - Setting autowire strategy to name
[WARN ] 2021-07-01 22:01:34.294 [main] FieldExpressionValidator - Got result of null when trying to get Boolean.
[INFO] Tests run: 6, Failures: 0, Errors: 0, Skipped: 0, Time elapsed: 2.779 s - in org.entando.entando.aps*****.api.TestConsumerAction
[INFO] Running org.entando.entando.aps*****.common.currentuser.TestCurrentUserProfileAction
[INFO ] 2021-07-01 22:01:34.980 [main] SpringObjectFactory - Setting autowire strategy to name
[INFO] Tests run: 3, Failures: 0, Errors: 0, Skipped: 0, Time elapsed: 0.867 s - in org.entando.entando.aps*****.common.currentuser.TestCurrentUserProfileAction
[INFO] Running org.entando.entando.aps*****.common.TestActivityStreamAction
[INFO ] 2021-07-01 22:01:35.846 [main] SpringObjectFactory - Setting autowire strategy to name
[INFO] Tests run: 1, Failures: 0, Errors: 0, Skipped: 0, Time elapsed: 0.217 s - in org.entando.entando.aps*****.common.TestActivityStreamAction
[INFO] Running org.entando.entando.aps*****.common.TestActivityStream
[INFO ] 2021-07-01 22:01:36.065 [main] SpringObjectFactory - Setting autowire strategy to name
[INFO] Tests run: 1, Failures: 0, Errors: 0, Skipped: 0, Time elapsed: 1.374 s - in org.entando.entando.aps*****.common.TestActivityStream
[INFO] Running org.entando.entando.aps*****.user.TestUserAuthorizationAction
[INFO ] 2021-07-01 22:01:37.454 [main] SpringObjectFactory - Setting autowire strategy to name
[INFO] Tests run: 8, Failures: 0, Errors: 0, Skipped: 0, Time elapsed: 4.647 s - in org.entando.entando.aps*****.user.TestUserAuthorizationAction
[INFO] Running org.entando.entando.aps*****.user.TestUserProfileFinderAction
[INFO ] 2021-07-01 22:01:42.102 [main] SpringObjectFactory - Setting autowire strategy to name
[INFO] Tests run: 19, Failures: 0, Errors: 0, Skipped: 0, Time elapsed: 2.332 s - in org.entando.entando.aps*****.user.TestUserProfileFinderAction
[INFO] Running org.entando.entando.aps*****.user.TestUserFinderAction
[INFO ] 2021-07-01 22:01:44.477 [main] SpringObjectFactory - Setting autowire strategy to name
[INFO] Tests run: 3, Failures: 0, Errors: 0, Skipped: 0, Time elapsed: 0.726 s - in org.entando.entando.aps*****.user.TestUserFinderAction
[INFO] Running org.entando.entando.aps*****.user.TestUserAction
[INFO ] 2021-07-01 22:01:45.180 [main] SpringObjectFactory - Setting autowire strategy to name
[INFO] Tests run: 14, Failures: 0, Errors: 0, Skipped: 0, Time elapsed: 4.63 s - in org.entando.entando.aps*****.user.TestUserAction
[INFO] Running org.entando.entando.aps*****.user.TestUserProfileAction
[INFO ] 2021-07-01 22:01:49.817 [main] SpringObjectFactory - Setting autowire strategy to name
[INFO] Tests run: 8, Failures: 0, Errors: 0, Skipped: 0, Time elapsed: 2.124 s - in org.entando.entando.aps*****.user.TestUserProfileAction
[INFO] Running org.entando.entando.aps*****.filebrowser.TestFileBrowserAction
[INFO ] 2021-07-01 22:01:51.954 [main] SpringObjectFactory - Setting autowire strategy to name
[INFO] Tests run: 10, Failures: 0, Errors: 0, Skipped: 0, Time elapsed: 1.723 s - in org.entando.entando.aps*****.filebrowser.TestFileBrowserAction
[INFO] Running org.entando.entando.aps.internalservlet.******.dispatcher.FrontServletActionRedirectResultIntegrationTest
[INFO ] 2021-07-01 22:01:53.675 [main] SpringObjectFactory - Setting autowire strategy to name
internalServletActionPath : /ExtStr2/do/Api/Service/details
internalServletFrameDest : 0
internalServletActionPath : /ExtStr2/do/Api/Service/details
internalServletFrameDest : 0
internalServletActionPath : /ExtStr2/do/Api/Service/details
internalServletFrameDest : 0
[INFO] Tests run: 3, Failures: 0, Errors: 0, Skipped: 0, Time elapsed: 0.298 s - in org.entando.entando.aps.internalservlet.******.dispatcher.FrontServletActionRedirectResultIntegrationTest
[INFO] Running com.agiletec.aps*****.*****.localestring.TestLocaleStringFinderAction
[INFO ] 2021-07-01 22:01:53.987 [main] SpringObjectFactory - Setting autowire strategy to name
[INFO] Tests run: 2, Failures: 0, Errors: 0, Skipped: 0, Time elapsed: 0.755 s - in com.agiletec.aps*****.*****.localestring.TestLocaleStringFinderAction
[INFO] Running com.agiletec.aps*****.*****.localestring.TestLocaleStringAction
[INFO ] 2021-07-01 22:01:54.748 [main] SpringObjectFactory - Setting autowire strategy to name
[INFO] Tests run: 9, Failures: 0, Errors: 0, Skipped: 0, Time elapsed: 1.478 s - in com.agiletec.aps*****.*****.localestring.TestLocaleStringAction
[INFO] Running com.agiletec.aps*****.*****.TestSystemParamsUtils
[INFO ] 2021-07-01 22:01:56.222 [main] SpringObjectFactory - Setting autowire strategy to name
[INFO] Tests run: 1, Failures: 0, Errors: 0, Skipped: 0, Time elapsed: 0.057 s - in com.agiletec.aps*****.*****.TestSystemParamsUtils
[INFO] Running com.agiletec.aps*****.*****.lang.TestLangFinderAction
[INFO ] 2021-07-01 22:01:56.280 [main] SpringObjectFactory - Setting autowire strategy to name
[INFO] Tests run: 1, Failures: 0, Errors: 0, Skipped: 0, Time elapsed: 0.171 s - in com.agiletec.aps*****.*****.lang.TestLangFinderAction
[INFO] Running com.agiletec.aps*****.*****.TestBaseAdminAction
[INFO ] 2021-07-01 22:01:56.458 [main] SpringObjectFactory - Setting autowire strategy to name
[INFO] Tests run: 5, Failures: 0, Errors: 0, Skipped: 0, Time elapsed: 7.059 s - in com.agiletec.aps*****.*****.TestBaseAdminAction
[INFO] Running com.agiletec.aps*****.category.TestCategoryAction
[INFO ] 2021-07-01 22:02:03.532 [main] SpringObjectFactory - Setting autowire strategy to name
[INFO] Tests run: 13, Failures: 0, Errors: 0, Skipped: 0, Time elapsed: 2.537 s - in com.agiletec.aps*****.category.TestCategoryAction
[INFO] Running com.agiletec.aps*****.******.entity.TestEntityManagersAction
[INFO ] 2021-07-01 22:02:06.068 [main] SpringObjectFactory - Setting autowire strategy to name
[INFO] Tests run: 7, Failures: 0, Errors: 0, Skipped: 0, Time elapsed: 4.945 s - in com.agiletec.aps*****.******.entity.TestEntityManagersAction
[INFO] Running com.agiletec.aps*****.******.services.TestShortcutManager
[INFO] Tests run: 5, Failures: 0, Errors: 0, Skipped: 0, Time elapsed: 10.203 s - in com.agiletec.aps*****.******.services.TestShortcutManager
[INFO] Running com.agiletec.aps*****.TestAdminConsoleLabelsProperties
[INFO] Tests run: 16, Failures: 0, Errors: 0, Skipped: 0, Time elapsed: 0.023 s - in com.agiletec.aps*****.TestAdminConsoleLabelsProperties
[INFO] Running com.agiletec.aps*****.portal.TestPageConfigAction
[INFO ] 2021-07-01 22:02:21.270 [main] SpringObjectFactory - Setting autowire strategy to name
[INFO] Tests run: 7, Failures: 0, Errors: 0, Skipped: 0, Time elapsed: 4.078 s - in com.agiletec.aps*****.portal.TestPageConfigAction
[INFO] Running com.agiletec.aps*****.portal.TestPageTreeAction
[INFO ] 2021-07-01 22:02:25.359 [main] SpringObjectFactory - Setting autowire strategy to name
2021-07-01 22:02:27.725 [main] WARN  c.a.a.s.TreeNodeBaseActionHelper - No selected nodes
2021-07-01 22:02:27.837 [main] WARN  c.a.a.s.TreeNodeBaseActionHelper - No selected nodes
CODES -> [pagina_11, pagina_12]
2021-07-01 22:02:28.744 [main] WARN  c.a.aps*****.portal.PageTreeAction - Missing parentPageCode parameter
[INFO] Tests run: 26, Failures: 0, Errors: 0, Skipped: 0, Time elapsed: 3.559 s - in com.agiletec.aps*****.portal.TestPageTreeAction
[INFO] Running com.agiletec.aps*****.portal.TestWidgetTypeAction
[INFO ] 2021-07-01 22:02:28.921 [main] SpringObjectFactory - Setting autowire strategy to name
[INFO] Tests run: 17, Failures: 0, Errors: 0, Skipped: 0, Time elapsed: 5.724 s - in com.agiletec.aps*****.portal.TestWidgetTypeAction
[INFO] Running com.agiletec.aps*****.portal.specialwidget.TestSimpleWidgetConfigAction
[INFO ] 2021-07-01 22:02:34.656 [main] SpringObjectFactory - Setting autowire strategy to name
2021-07-01 22:02:35.173 [main] ERROR c.a.a.p.s.SimpleWidgetConfigAction - Widget Code missin or invalid : null
[INFO] Tests run: 4, Failures: 0, Errors: 0, Skipped: 0, Time elapsed: 0.578 s - in com.agiletec.aps*****.portal.specialwidget.TestSimpleWidgetConfigAction
[INFO] Running com.agiletec.aps*****.portal.specialwidget.navigator.TestNavigatorWidgetConfigAction
[INFO ] 2021-07-01 22:02:35.236 [main] SpringObjectFactory - Setting autowire strategy to name
[INFO] Tests run: 15, Failures: 0, Errors: 0, Skipped: 0, Time elapsed: 1.817 s - in com.agiletec.aps*****.portal.specialwidget.navigator.TestNavigatorWidgetConfigAction
[INFO] Running com.agiletec.aps*****.portal.TestPageAction
[INFO ] 2021-07-01 22:02:37.052 [main] SpringObjectFactory - Setting autowire strategy to name
2021-07-01 22:02:37.055 [main] ERROR c.a.aps.******.services.page.PageDAO - Widget Type null when adding widget on frame '0' of page 'temp'
2021-07-01 22:02:44.317 [main] ERROR c.a.aps.******.services.page.PageDAO - Widget Type null when adding widget on frame '0' of page 'temp'
[INFO] Tests run: 26, Failures: 0, Errors: 0, Skipped: 0, Time elapsed: 8.205 s - in com.agiletec.aps*****.portal.TestPageAction
[INFO] Running com.agiletec.aps*****.portal.TestWidgetsViewerAction
[INFO ] 2021-07-01 22:02:45.287 [main] SpringObjectFactory - Setting autowire strategy to name
[INFO] Tests run: 4, Failures: 0, Errors: 0, Skipped: 0, Time elapsed: 1.093 s - in com.agiletec.aps*****.portal.TestWidgetsViewerAction
[INFO] Running com.agiletec.aps*****.common.TestDispatchForward
[INFO ] 2021-07-01 22:02:46.398 [main] SpringObjectFactory - Setting autowire strategy to name
[INFO] Tests run: 3, Failures: 0, Errors: 0, Skipped: 0, Time elapsed: 0.217 s - in com.agiletec.aps*****.common.TestDispatchForward
[INFO] Running com.agiletec.aps*****.common.TestLoginAction
[INFO ] 2021-07-01 22:02:46.614 [main] SpringObjectFactory - Setting autowire strategy to name
[INFO] Tests run: 5, Failures: 0, Errors: 0, Skipped: 0, Time elapsed: 0.335 s - in com.agiletec.aps*****.common.TestLoginAction
[INFO] Running com.agiletec.aps*****.common.TestShortcutConfigAction
[INFO ] 2021-07-01 22:02:46.937 [main] SpringObjectFactory - Setting autowire strategy to name
[INFO] Tests run: 10, Failures: 0, Errors: 0, Skipped: 0, Time elapsed: 2.788 s - in com.agiletec.aps*****.common.TestShortcutConfigAction
[INFO] Running com.agiletec.aps*****.common.TestBaseCommonAction
[INFO ] 2021-07-01 22:02:49.715 [main] SpringObjectFactory - Setting autowire strategy to name
[INFO] Tests run: 3, Failures: 0, Errors: 0, Skipped: 0, Time elapsed: 0.951 s - in com.agiletec.aps*****.common.TestBaseCommonAction
[INFO] Running com.agiletec.aps*****.user.group.TestGroupFinderAction
[INFO ] 2021-07-01 22:02:50.674 [main] SpringObjectFactory - Setting autowire strategy to name
[INFO] Tests run: 2, Failures: 0, Errors: 0, Skipped: 0, Time elapsed: 0.151 s - in com.agiletec.aps*****.user.group.TestGroupFinderAction
[INFO] Running com.agiletec.aps*****.user.group.TestGroupAction
[INFO ] 2021-07-01 22:02:50.828 [main] SpringObjectFactory - Setting autowire strategy to name
[INFO] Tests run: 11, Failures: 0, Errors: 0, Skipped: 0, Time elapsed: 2.346 s - in com.agiletec.aps*****.user.group.TestGroupAction
[INFO] Running com.agiletec.aps*****.user.role.TestRoleFinderAction
[INFO ] 2021-07-01 22:02:53.182 [main] SpringObjectFactory - Setting autowire strategy to name
[INFO] Tests run: 2, Failures: 0, Errors: 0, Skipped: 0, Time elapsed: 0.153 s - in com.agiletec.aps*****.user.role.TestRoleFinderAction
[INFO] Running com.agiletec.aps*****.user.role.TestRoleAction
[INFO ] 2021-07-01 22:02:53.348 [main] SpringObjectFactory - Setting autowire strategy to name
[INFO] Tests run: 8, Failures: 0, Errors: 0, Skipped: 0, Time elapsed: 1.665 s - in com.agiletec.aps*****.user.role.TestRoleAction
[INFO] 
[INFO] Results:
[INFO] 
[INFO] Tests run: 300, Failures: 0, Errors: 0, Skipped: 0
[INFO] 
[INFO] 
[INFO] --- maven-war-plugin:2.1.1:war (default-war) @ entando-*****-console ---
WARNING: An illegal reflective access operation has occurred
WARNING: Illegal reflective access by com.thoughtworks.xstream.core.util.Fields (file:/home/jenkins/.mvnrepository/com/thoughtworks/xstream/xstream/1.3.1/xstream-1.3.1.jar) to field java.util.Properties.defaults
WARNING: Please consider reporting this to the maintainers of com.thoughtworks.xstream.core.util.Fields
WARNING: Use --illegal-access=warn to enable warnings of further illegal reflective access operations
WARNING: All illegal access operations will be denied in a future release
[INFO] Packaging webapp
[INFO] Assembling webapp [entando-*****-console] in [/workspace/source/target/entando-*****-console-6.4.1]
[INFO] Processing war project
[INFO] Copying webapp resources [/workspace/source/src/main/webapp]
[INFO] Building jar: /workspace/source/target/entando-*****-console-6.4.1/WEB-INF/lib/entando-*****-console-6.4.1.jar
[INFO] Webapp assembled in [923 msecs]
[INFO] Building war: /workspace/source/target/entando-*****-console-6.4.1.war
[INFO] 
[INFO] --- license-maven-plugin:2.0.0:aggregate-download-licenses (download-licenses) @ entando-*****-console ---
[WARNING] Failed to build parent project for com.sun.xml.bind.mvn:jaxb-bundles:pom:2.2.11
[WARNING] Failed to build parent project for com.sun.xml.bind:jaxb-impl:jar:2.2.11
[WARNING] Could not create effective POM for 'com.sun.xml.bind:jaxb-impl:2.2.11': ProjectBuildingException: Some problems were encountered while processing the POMs:
[ERROR] 'dependencyManagement.dependencies.dependency.******Path' for com.sun:tools:jar must specify an absolute path but is ${tools.jar} @ com.sun.xml.bind.mvn:jaxb-parent:2.2.11, /home/jenkins/.mvnrepository/com/sun/xml/bind/mvn/jaxb-parent/2.2.11/jaxb-parent-2.2.11.pom, line 188, column 29

[WARNING] No license information available for: com.sun.xml.bind:jaxb-impl:2.2.11
[WARNING] Unable to retrieve license from URL '/LICENSE.txt' for dependency 'commons-digester:commons-digester:1.8': null
[WARNING] Unable to retrieve license from URL 'https://glassfish.dev.java.net/nonav/public/CDDL+GPL.html' for dependency 'javax.el:javax.el-api:3.0.0': Certificate for <glassfish.dev.java.net> doesn't match any of the subject alternative names: [*.java.net]
[WARNING] Unable to retrieve license from URL 'https://glassfish.dev.java.net/nonav/public/CDDL+GPL.html' for dependency 'javax.servlet.jsp:jsp-api:2.2': Certificate for <glassfish.dev.java.net> doesn't match any of the subject alternative names: [*.java.net]
[WARNING] Unable to retrieve license from URL 'https://glassfish.dev.java.net/nonav/public/CDDL+GPL.html' for dependency 'javax.servlet:javax.servlet-api:3.1.0': Certificate for <glassfish.dev.java.net> doesn't match any of the subject alternative names: [*.java.net]
[WARNING] Unable to retrieve license from URL 'http://glassfish.dev.java.net/nonav/public/CDDL+GPL.html' for dependency 'org.glassfish.web:javax.el:2.2.4': Certificate for <glassfish.dev.java.net> doesn't match any of the subject alternative names: [*.java.net]
Jul 01, 2021 10:03:13 PM org.apache.http.client.protocol.ResponseProcessCookies processCookies
WARNING: Invalid cookie header: "Set-Cookie: _octo=GH1.1.413719123.1625176993; Path=/; Domain=github.com; Expires=Fri, 01 Jul 2022 22:03:13 GMT; Secure; SameSite=Lax". Invalid 'expires' attribute: Fri, 01 Jul 2022 22:03:13 GMT
Jul 01, 2021 10:03:13 PM org.apache.http.client.protocol.ResponseProcessCookies processCookies
WARNING: Invalid cookie header: "Set-Cookie: logged_in=no; Path=/; Domain=github.com; Expires=Fri, 01 Jul 2022 22:03:13 GMT; HttpOnly; Secure; SameSite=Lax". Invalid 'expires' attribute: Fri, 01 Jul 2022 22:03:13 GMT
Jul 01, 2021 10:03:13 PM org.apache.http.client.protocol.ResponseProcessCookies processCookies
WARNING: Invalid cookie header: "Set-Cookie: _octo=GH1.1.428274896.1625176993; Path=/; Domain=github.com; Expires=Fri, 01 Jul 2022 22:03:13 GMT; Secure; SameSite=Lax". Invalid 'expires' attribute: Fri, 01 Jul 2022 22:03:13 GMT
Jul 01, 2021 10:03:13 PM org.apache.http.client.protocol.ResponseProcessCookies processCookies
WARNING: Invalid cookie header: "Set-Cookie: logged_in=no; Path=/; Domain=github.com; Expires=Fri, 01 Jul 2022 22:03:13 GMT; HttpOnly; Secure; SameSite=Lax". Invalid 'expires' attribute: Fri, 01 Jul 2022 22:03:13 GMT
Jul 01, 2021 10:03:14 PM org.apache.http.client.protocol.ResponseProcessCookies processCookies
WARNING: Invalid cookie header: "Set-Cookie: _octo=GH1.1.1504118495.1625176993; Path=/; Domain=github.com; Expires=Fri, 01 Jul 2022 22:03:13 GMT; Secure; SameSite=Lax". Invalid 'expires' attribute: Fri, 01 Jul 2022 22:03:13 GMT
Jul 01, 2021 10:03:14 PM org.apache.http.client.protocol.ResponseProcessCookies processCookies
WARNING: Invalid cookie header: "Set-Cookie: logged_in=no; Path=/; Domain=github.com; Expires=Fri, 01 Jul 2022 22:03:13 GMT; HttpOnly; Secure; SameSite=Lax". Invalid 'expires' attribute: Fri, 01 Jul 2022 22:03:13 GMT
[WARNING] There were 7 download errors - check the warnings above
[INFO] 
[INFO] --- maven-jar-plugin:3.2.0:test-jar (build-test-jar) @ entando-*****-console ---
[INFO] Building jar: /workspace/source/target/entando-*****-console-6.4.1-tests.jar
[INFO] 
[INFO] --- maven-source-plugin:3.2.1:jar-no-fork (attach-sources) @ entando-*****-console ---
[INFO] Building jar: /workspace/source/target/entando-*****-console-6.4.1-sources.jar
[INFO] 
[INFO] >>> maven-source-plugin:3.2.1:test-jar (attach-sources) > generate-sources @ entando-*****-console >>>
[INFO] 
[INFO] --- maven-checkstyle-plugin:3.1.1:check (validate) @ entando-*****-console ---
[INFO] 
[INFO] --- maven-checkstyle-plugin:3.1.1:checkstyle (validate) @ entando-*****-console ---
[INFO] 
[INFO] --- jacoco-maven-plugin:0.8.6:prepare-agent (prepare-agent) @ entando-*****-console ---
[INFO] argLine set to -javaagent:/home/jenkins/.mvnrepository/org/jacoco/org.jacoco.agent/0.8.6/org.jacoco.agent-0.8.6-runtime.jar=destfile=/workspace/source/target/jacoco.e**c
[INFO] 
[INFO] <<< maven-source-plugin:3.2.1:test-jar (attach-sources) < generate-sources @ entando-*****-console <<<
[INFO] 
[INFO] 
[INFO] --- maven-source-plugin:3.2.1:test-jar (attach-sources) @ entando-*****-console ---
[INFO] Building jar: /workspace/source/target/entando-*****-console-6.4.1-test-sources.jar
[INFO] 
[INFO] --- maven-javadoc-plugin:3.2.0:jar (attach-javadocs) @ entando-*****-console ---
[INFO] No previous run data found, generating javadoc.
[INFO] 
4 warnings
[WARNING] Javadoc Warnings
[WARNING] /workspace/source/src/main/java/org/entando/entando/aps*****/******/tiles/EntandoStrutsTilesListener.java:29: warning - invalid usage of tag <
[WARNING] /workspace/source/src/main/java/org/entando/entando/aps*****/******/tiles/EntandoStrutsTilesListener.java:29: warning - invalid usage of tag >
[WARNING] /workspace/source/src/main/java/org/entando/entando/aps*****/******/tiles/EntandoStrutsTilesListener.java:29: warning - invalid usage of tag <
[WARNING] /workspace/source/src/main/java/org/entando/entando/aps*****/******/tiles/EntandoStrutsTilesListener.java:29: warning - invalid usage of tag >
[INFO] Building jar: /workspace/source/target/entando-*****-console-6.4.1-javadoc.jar
[INFO] 
[INFO] --- maven-assembly-plugin:2.2.1:single (package-classes) @ entando-*****-console ---
[INFO] Reading assembly descriptor: /workspace/source/src/main/assembly/classes.xml
[INFO] Building jar: /workspace/source/target/entando-*****-console-6.4.1-classes.jar
[INFO] 
[INFO] --- maven-surefire-report-plugin:3.0.0-M4:failsafe-report-only (integration-tests) @ entando-*****-console ---
[INFO] 
[INFO] --- dependency-check-maven:6.1.5:aggregate (default) @ entando-*****-console ---
[INFO] Checking for updates
[INFO] Download Started for NVD CVE - Modified
[INFO] Download Complete for NVD CVE - Modified  (704 ms)
[INFO] Processing Started for NVD CVE - Modified
[INFO] Processing Complete for NVD CVE - Modified  (4769 ms)
[INFO] Begin database maintenance
[INFO] Cleaned up 10 orphaned NVD records
[INFO] End database maintenance (724 ms)
[INFO] Check for updates complete (7227 ms)
[INFO] 

Dependency-Check is an open source tool performing a best effort analysis of 3rd party dependencies; false positives and false negatives may exist in the analysis performed by the tool. Use of the tool and the reporting provided constitutes acceptance for use in an AS IS condition, and there are NO warranties, implied or otherwise, with regard to the analysis or its use. Any use of the tool and the reporting provided is at the user’s risk. In no event shall the copyright holder or OWASP be held liable for any damages whatsoever arising out of or in connection with the use of this tool, the analysis performed, or the resulting report.


   About ODC: https://jeremylong.github.io/DependencyCheck/general/internals.html
   False Positives: https://jeremylong.github.io/DependencyCheck/general/suppression.html

💖 Sponsor: https://github.com/sponsors/jeremylong


[INFO] Analysis Started
[INFO] Finished Archive Analyzer (1 seconds)
[INFO] Finished File Name Analyzer (0 seconds)
[INFO] Finished Jar Analyzer (1 seconds)
[ERROR] ----------------------------------------------------
[ERROR] .NET Assembly Analyzer could not be initialized and at least one 'e**' or 'dll' was scanned. The 'dotnet' e**cutable could not be found on the path; either disable the Assembly Analyzer or add the path to dotnet core in the configuration.
[ERROR] ----------------------------------------------------
[INFO] Finished Dependency Merging Analyzer (0 seconds)
[INFO] Finished Version Filter Analyzer (0 seconds)
[INFO] Finished Hint Analyzer (0 seconds)
[INFO] Created CPE Index (3 seconds)
[INFO] Finished CPE Analyzer (8 seconds)
[INFO] Finished False Positive Analyzer (0 seconds)
[INFO] Finished NVD CVE Analyzer (0 seconds)
[INFO] Finished Sonatype OSS Index Analyzer (2 seconds)
[INFO] Finished Vulnerability Suppression Analyzer (0 seconds)
[INFO] Finished Dependency Bundling Analyzer (0 seconds)
[INFO] Analysis Complete (15 seconds)
[INFO] Writing report to: /workspace/source/target/site/dependency-check-junit.xml
[INFO] Writing report to: /workspace/source/target/site/dependency-check-report.xml
[INFO] Writing report to: /workspace/source/target/site/dependency-check-report.html
[INFO] 
[INFO] --- jacoco-maven-plugin:0.8.6:report (report) @ entando-*****-console ---
[INFO] Loading e**cution data file /workspace/source/target/jacoco.e**c
[INFO] Analyzed bundle 'Entando Core: Administration Console' with 205 classes
[INFO] 
[INFO] --- maven-gpg-plugin:1.6:sign (sign-artifacts) @ entando-*****-console ---
[INFO] 
[INFO] --- maven-surefire-report-plugin:3.0.0-M4:report-only (unit-tests) @ entando-*****-console ---
[WARNING] Unable to locate Test Source XRef to link to - DISABLED
[INFO] 
[INFO] --- maven-install-plugin:2.4:install (default-install) @ entando-*****-console ---
[INFO] Installing /workspace/source/target/entando-*****-console-6.4.1.war to /home/jenkins/.mvnrepository/org/entando/entando/entando-*****-console/6.4.1/entando-*****-console-6.4.1.war
[INFO] Installing /workspace/source/pom.xml to /home/jenkins/.mvnrepository/org/entando/entando/entando-*****-console/6.4.1/entando-*****-console-6.4.1.pom
[INFO] Installing /workspace/source/target/entando-*****-console-6.4.1-tests.jar to /home/jenkins/.mvnrepository/org/entando/entando/entando-*****-console/6.4.1/entando-*****-console-6.4.1-tests.jar
[INFO] Installing /workspace/source/target/entando-*****-console-6.4.1-sources.jar to /home/jenkins/.mvnrepository/org/entando/entando/entando-*****-console/6.4.1/entando-*****-console-6.4.1-sources.jar
[INFO] Installing /workspace/source/target/entando-*****-console-6.4.1-test-sources.jar to /home/jenkins/.mvnrepository/org/entando/entando/entando-*****-console/6.4.1/entando-*****-console-6.4.1-test-sources.jar
[INFO] Installing /workspace/source/target/entando-*****-console-6.4.1-javadoc.jar to /home/jenkins/.mvnrepository/org/entando/entando/entando-*****-console/6.4.1/entando-*****-console-6.4.1-javadoc.jar
[INFO] Installing /workspace/source/target/entando-*****-console-6.4.1-classes.jar to /home/jenkins/.mvnrepository/org/entando/entando/entando-*****-console/6.4.1/entando-*****-console-6.4.1-classes.jar
[INFO] 
[INFO] --- maven-deploy-plugin:2.8.2:deploy (default-deploy) @ entando-*****-console ---
[INFO] Using alternate deployment repository local-nexus::default::http://nexus/repository/maven-releases/
[INFO] 
[INFO] --- maven-site-plugin:3.9.0:site (default-site) @ entando-*****-console ---
[INFO] configuring report plugin org.apache.maven.plugins:maven-project-info-reports-plugin:3.0.0
[INFO] 9 reports configured for maven-project-info-reports-plugin:3.0.0: dependency-info, distribution-management, index, ci-management, issue-management, licenses, plugins, scm, summary
[INFO] Rendering site with default locale English (en)
[WARNING] Unable to find a URL to the parent project. The parent menu will NOT be added.
[INFO] Relativizing decoration links with respect to localized project URL: http://www.entando.com/
[INFO] Rendering content with org.apache.maven.skins:maven-default-skin:jar:1.3 skin.
[INFO] Generating "Dependency Information" report --- maven-project-info-reports-plugin:3.0.0:dependency-info
[INFO] Generating "About" report         --- maven-project-info-reports-plugin:3.0.0:index
[INFO] Generating "Issue Management" report --- maven-project-info-reports-plugin:3.0.0:issue-management
[INFO] Generating "Licenses" report      --- maven-project-info-reports-plugin:3.0.0:licenses
[INFO] Generating "Plugins" report       --- maven-project-info-reports-plugin:3.0.0:plugins
[INFO] Generating "Source Code Management" report --- maven-project-info-reports-plugin:3.0.0:scm
[INFO] Generating "Summary" report       --- maven-project-info-reports-plugin:3.0.0:summary
[INFO] 
[INFO] -------------< org.entando.entando:entando-*****-console >--------------
[INFO] Building Entando Core: Administration Console 6.4.1
[INFO] --------------------------------[ war ]---------------------------------
[WARNING] The POM for org.eclipse.m2e:lifecycle-mapping:jar:1.0.0 is missing, no dependency information available
[WARNING] Failed to retrieve plugin descriptor for org.eclipse.m2e:lifecycle-mapping:1.0.0: Plugin org.eclipse.m2e:lifecycle-mapping:1.0.0 or one of its dependencies could not be resolved: Failure to find org.eclipse.m2e:lifecycle-mapping:jar:1.0.0 in http://nexus/repository/maven-group/ was cached in the local repository, resolution will not be reattempted until the update interval of nexus has elapsed or updates are forced
[INFO] 
[INFO] --- sonar-maven-plugin:3.9.0.2155:sonar (default-cli) @ entando-*****-console ---
[INFO] User cache: /****/.sonar/cache
[INFO] SonarQube version: 8.8.0
[INFO] Default locale: "en", source code encoding: "UTF-8"
[INFO] Load global settings
[INFO] Load global settings (done) | time=214ms
[INFO] Server id: 1BD809FA-AWHW8ct9-T_TB3XqouNu
[INFO] User cache: /****/.sonar/cache
[INFO] Load/download plugins
[INFO] Load plugins index
[INFO] Load plugins index (done) | time=85ms
[INFO] Load/download plugins (done) | time=25083ms
[INFO] Loaded core extensions: developer-scanner
[INFO] JavaScript/TypeScript frontend is enabled
[INFO] Load project settings for component key: 'entando_entando-*****-console'
[INFO] Load project settings for component key: 'entando_entando-*****-console' (done) | time=39ms
[INFO] Process project properties
[INFO] E**cute project builders
[INFO] E**cute project builders (done) | time=2ms
[INFO] Project key: entando_entando-*****-console
[INFO] Base dir: /workspace/source
[INFO] Working dir: /workspace/source/target/sonar
[INFO] Load project branches
[INFO] Load project branches (done) | time=23ms
[INFO] Check ALM binding of project 'entando_entando-*****-console'
[INFO] Detected project binding: NOT_BOUND
[INFO] Check ALM binding of project 'entando_entando-*****-console' (done) | time=22ms
[INFO] Load project pull requests
[INFO] Load project pull requests (done) | time=30ms
[INFO] Load branch configuration
[INFO] Load branch configuration (done) | time=2ms
[INFO] Load quality profiles
[INFO] Load quality profiles (done) | time=72ms
[INFO] Load active rules
[INFO] Load active rules (done) | time=1272ms
[INFO] Organization key: entando
[INFO] Indexing files...
[INFO] Project configuration:
[WARNING] Exception caught during e**cution of command '[/usr/local/git/bin/git, config, --******, --edit]' in '/usr/local/git/bin', return code '128', error message 'fatal: Invalid path '/usr/local/git/etc': No such file or directory
'
[INFO] Load project repositories
[INFO] Load project repositories (done) | time=274ms
[INFO] 941 files inde**d
[INFO] 0 files ignored because of scm ignore settings
[INFO] Quality profile for css: Sonar way
[INFO] Quality profile for java: Sonar way
[INFO] Quality profile for js: Sonar way
[INFO] Quality profile for jsp: Sonar way
[INFO] Quality profile for web: Sonar way
[INFO] Quality profile for xml: Sonar way
[INFO] ------------- Run sensors on module Entando Core: Administration Console
[INFO] JavaScript/TypeScript frontend is enabled
[INFO] Load metrics repository
[INFO] Load metrics repository (done) | time=25ms
[INFO] Sensor JavaSensor [java]
[INFO] Configured Java source version (sonar.java.source): 8
[INFO] JavaClasspath initialization
[INFO] JavaClasspath initialization (done) | time=8ms
[INFO] JavaTestClasspath initialization
[INFO] JavaTestClasspath initialization (done) | time=1ms
Jul 01, 2021 10:04:51 PM org.apache.jasper.servlet.TldScanner scanJars
INFO: At least one JAR was scanned for TLDs yet contained no TLDs. Enable debug logging for this logger for a complete list of JARs that were scanned but no TLDs were found in them. Skipping unneeded JARs during scanning can improve startup time and JSP compilation time.
[WARNING] Some JSP pages failed to transpile. Enable debug log for details.
[INFO] Java "Main" source files AST scan
[INFO] 233 source files to be analyzed
[INFO] 21/233 files analyzed, current file: src/main/java/com/agiletec/aps*****/portal/WidgetTypeAction.java
[INFO] 67/233 files analyzed, current file: src/main/java/org/entando/entando/aps*****/******/services/shortcut/ShortcutLoader.java
[INFO] 141/233 files analyzed, current file: src/main/java/org/entando/entando/aps*****/portal/guifragment/helper/IGuiFragmentActionHelper.java
[INFO] 210/233 files analyzed, current file: src/main/java/com/agiletec/aps*****/******/dispatcher/Struts2ServletDispatcher.java
[INFO] 233/233 source files have been analyzed
[INFO] Slowest analyzed files:
    src/main/java/org/entando/entando/aps*****/portal/model/PageModelAction.java (1961ms, 13492B)
    src/main/java/com/agiletec/aps*****/portal/WidgetTypeAction.java (1703ms, 30467B)
    src/main/java/com/agiletec/aps*****/******/entity/IEntityActionHelper.java (1507ms, 2753B)
    src/main/java/com/agiletec/aps*****/******/entity/type/AbstractBaseEntityAttributeConfigAction.java (1338ms, ***71B)
    src/main/java/com/agiletec/aps*****/******/dispatcher/PrepareOperations.java (1260ms, 2484B)
    src/main/java/com/agiletec/aps*****/******/entity/EntityActionHelper.java (1152ms, 16177B)
    src/main/java/com/agiletec/aps*****/******/TreeNodeBaseActionHelper.java (1114ms, 9269B)
[INFO] Java "Main" source files AST scan (done) | time=43396ms
[INFO] Java "Test" source files AST scan
[INFO] 47 source files to be analyzed
[INFO] 47/47 source files have been analyzed
[INFO] Java "Test" source files AST scan (done) | time=3433ms
[INFO] Java "Generated" source files AST scan
[INFO] 239 source files to be analyzed
[INFO] 65/239 files analyzed, current file: /workspace/source/target/sonar/jsp/org/apache/jsp/WEB_002dINF/aps*****/jsp/entity/entity_002dtype_002dreferences_002dlist_jsp.java
[INFO] 148/239 files analyzed, current file: /workspace/source/target/sonar/jsp/org/apache/jsp/WEB_002dINF/aps*****/jsp/common/layouts/assets_002dmore/portal/pageTree_002dextra_jsp.java
[INFO] 226/239 files analyzed, current file: /workspace/source/target/sonar/jsp/org/apache/jsp/WEB_002dINF/aps*****/jsp/entity/modules/include/listAttributes/allList_005foperationModule_jsp.java
[INFO] 239/239 source files have been analyzed
[INFO] Java "Generated" source files AST scan (done) | time=31136ms
[INFO] Sensor JavaSensor [java] (done) | time=83151ms
[INFO] Sensor CSS Metrics [cssfamily]
[INFO] Sensor CSS Metrics [cssfamily] (done) | time=445ms
[INFO] Sensor CSS Rules [cssfamily]
[INFO] 25 source files to be analyzed
[INFO] 2/25 files analyzed, current file: src/main/webapp/resources/*****istration/patternfly/css/patternfly.css
[INFO] 2/25 files analyzed, current file: src/main/webapp/resources/*****istration/patternfly/css/patternfly.css
[INFO] 2/25 files analyzed, current file: src/main/webapp/resources/*****istration/patternfly/css/patternfly.css
[INFO] 11/25 files analyzed, current file: src/main/webapp/resources/*****istration/css/entando-*****-console-default-theme.css
[ERROR] Failed to parse file:///workspace/source/src/main/webapp/resources/*****istration/css/jqueryui-editable.css, line 182, Unknown word
[INFO] 20/25 files analyzed, current file: src/main/webapp/resources/*****istration/patternfly/css/patternfly-additions.css
[INFO] 25/25 source files have been analyzed
[INFO] Sensor CSS Rules [cssfamily] (done) | time=62009ms
[INFO] Sensor C# Project Type Information [csharp]
[INFO] Sensor C# Project Type Information [csharp] (done) | time=2ms
[INFO] Sensor C# Properties [csharp]
[INFO] Sensor C# Properties [csharp] (done) | time=2ms
[INFO] Sensor Import of Checkstyle issues [java]
[WARNING] Checkstyle report not found: /workspace/source/target/checkstyle-result.xml
[INFO] Sensor Import of Checkstyle issues [java] (done) | time=3ms
[INFO] Sensor SurefireSensor [java]
[INFO] parsing [/workspace/source/target/surefire-reports]
[INFO] Sensor SurefireSensor [java] (done) | time=163ms
[INFO] Sensor JavaXmlSensor [java]
[INFO] 48 source files to be analyzed
[INFO] 48/48 source files have been analyzed
[INFO] Sensor JavaXmlSensor [java] (done) | time=700ms
[INFO] Sensor HTML [web]
[INFO] Sensor HTML [web] (done) | time=1354ms
[INFO] Sensor XML Sensor [xml]
[INFO] 49 source files to be analyzed
[INFO] 49/49 source files have been analyzed
[INFO] Sensor XML Sensor [xml] (done) | time=812ms
[INFO] Sensor VB.NET Project Type Information [vbnet]
[INFO] Sensor VB.NET Project Type Information [vbnet] (done) | time=2ms
[INFO] Sensor VB.NET Properties [vbnet]
[INFO] Sensor VB.NET Properties [vbnet] (done) | time=1ms
[INFO] Sensor JaCoCo XML Report Importer [jacoco]
[INFO] Importing 1 report(s). Turn your logs in debug mode in order to see the exhaustive list.
[INFO] Sensor JaCoCo XML Report Importer [jacoco] (done) | time=135ms
[INFO] Sensor JavaScript analysis [javascript]
[INFO] Deploying custom rules bundle jar:file:/****/.sonar/cache/e90252615509e3e607c20e3fc2775448/sonar-securityjsfrontend-plugin.jar!/js-vulnerabilities-rules-1.0.0.tgz to /workspace/source/target/sonar/.sonartmp/eslint-bridge-bundle/package/custom-rules8235505790256153355
[INFO] 86 source files to be analyzed
[INFO] 0/86 files analyzed, current file: src/main/webapp/resources/*****istration/js/generate-code-from-title.js
[INFO] 0/86 files analyzed, current file: src/main/webapp/resources/*****istration/js/generate-code-from-title.js
[INFO] 0/86 files analyzed, current file: src/main/webapp/resources/*****istration/js/generate-code-from-title.js
[INFO] 0/86 files analyzed, current file: src/main/webapp/resources/*****istration/js/generate-code-from-title.js
[INFO] 0/86 files analyzed, current file: src/main/webapp/resources/*****istration/js/generate-code-from-title.js
[INFO] 0/86 files analyzed, current file: src/main/webapp/resources/*****istration/js/generate-code-from-title.js
[INFO] 1/86 file analyzed, current file: src/main/webapp/resources/*****istration/js/entando-stream.js
[INFO] 1/86 file analyzed, current file: src/main/webapp/resources/*****istration/js/entando-stream.js
[INFO] 1/86 file analyzed, current file: src/main/webapp/resources/*****istration/js/entando-stream.js
[INFO] 1/86 file analyzed, current file: src/main/webapp/resources/*****istration/js/entando-stream.js
[INFO] 4/86 files analyzed, current file: src/main/webapp/resources/*****istration/js/codemirror/addon/hint/entando-hint.js
[INFO] 4/86 files analyzed, current file: src/main/webapp/resources/*****istration/js/codemirror/addon/hint/entando-hint.js
[INFO] 9/86 files analyzed, current file: src/main/webapp/resources/*****istration/js/bootstrap-datepicker/locales/bootstrap-datepicker.ms.js
[INFO] 11/86 files analyzed, current file: src/main/webapp/resources/*****istration/js/pages/pageTreeMenu.js
[INFO] 11/86 files analyzed, current file: src/main/webapp/resources/*****istration/js/pages/pageTreeMenu.js
[INFO] 11/86 files analyzed, current file: src/main/webapp/resources/*****istration/js/pages/pageTreeMenu.js
[INFO] 12/86 files analyzed, current file: src/main/webapp/resources/*****istration/js/entando.grid-generator.js
[INFO] 12/86 files analyzed, current file: src/main/webapp/resources/*****istration/js/entando.grid-generator.js
[INFO] 14/86 files analyzed, current file: src/main/webapp/resources/*****istration/patternfly/js/patternfly.dataTables.pfPagination.js
[INFO] 14/86 files analyzed, current file: src/main/webapp/resources/*****istration/patternfly/js/patternfly.dataTables.pfPagination.js
[INFO] 18/86 files analyzed, current file: src/main/webapp/resources/*****istration/js/bootstrap-datepicker/locales/bootstrap-datepicker.cs.js
[INFO] 19/86 files analyzed, current file: src/main/webapp/resources/*****istration/patternfly/js/patternfly-functions.js
[INFO] 19/86 files analyzed, current file: src/main/webapp/resources/*****istration/patternfly/js/patternfly-functions.js
[INFO] 19/86 files analyzed, current file: src/main/webapp/resources/*****istration/patternfly/js/patternfly-functions.js
[INFO] 19/86 files analyzed, current file: src/main/webapp/resources/*****istration/patternfly/js/patternfly-functions.js
[INFO] 19/86 files analyzed, current file: src/main/webapp/resources/*****istration/patternfly/js/patternfly-functions.js
[INFO] 20/86 files analyzed, current file: src/main/webapp/resources/*****istration/js/ckeditor/plugins/entandolink/plugin.js
[INFO] 25/86 files analyzed, current file: src/main/webapp/resources/*****istration/patternfly/js/patternfly-settings.js
[INFO] 26/86 files analyzed, current file: src/main/webapp/resources/*****istration/patternfly/js/patternfly.dataTables.pfResize.js
[INFO] 29/86 files analyzed, current file: src/main/webapp/resources/*****istration/patternfly/js/patternfly.dataTables.pfEmpty.js
[INFO] 32/86 files analyzed, current file: src/main/webapp/resources/*****istration/js/bootstrap-datepicker/locales/bootstrap-datepicker.is.js
[INFO] 34/86 files analyzed, current file: src/main/webapp/resources/*****istration/patternfly/js/patternfly.js
[INFO] 34/86 files analyzed, current file: src/main/webapp/resources/*****istration/patternfly/js/patternfly.js
[INFO] 34/86 files analyzed, current file: src/main/webapp/resources/*****istration/patternfly/js/patternfly.js
[INFO] 34/86 files analyzed, current file: src/main/webapp/resources/*****istration/patternfly/js/patternfly.js
[INFO] 34/86 files analyzed, current file: src/main/webapp/resources/*****istration/patternfly/js/patternfly.js
[INFO] 40/86 files analyzed, current file: src/main/webapp/resources/*****istration/js/pages/configPage.js
[INFO] 42/86 files analyzed, current file: src/main/webapp/resources/*****istration/js/jquery.entando.js
[INFO] 43/86 files analyzed, current file: src/main/webapp/resources/*****istration/js/jquery.sticky.js
[INFO] 50/86 files analyzed, current file: src/main/webapp/resources/*****istration/patternfly/js/patternfly.dataTables.pfFilter.js
[INFO] 53/86 files analyzed, current file: src/main/webapp/resources/*****istration/js/bootstrap-datepicker/locales/bootstrap-datepicker.bg.js
[INFO] 66/86 files analyzed, current file: src/main/webapp/resources/*****istration/js/bootstrap-datepicker/locales/bootstrap-datepicker.he.js
[INFO] 68/86 files analyzed, current file: src/main/webapp/resources/*****istration/js/shortcuts.js
[INFO] 69/86 files analyzed, current file: src/main/webapp/resources/*****istration/js/bootstrap-datepicker/bootstrap-datepicker.js
[INFO] 69/86 files analyzed, current file: src/main/webapp/resources/*****istration/js/bootstrap-datepicker/bootstrap-datepicker.js
[INFO] 69/86 files analyzed, current file: src/main/webapp/resources/*****istration/js/bootstrap-datepicker/bootstrap-datepicker.js
[INFO] 69/86 files analyzed, current file: src/main/webapp/resources/*****istration/js/bootstrap-datepicker/bootstrap-datepicker.js
[INFO] 69/86 files analyzed, current file: src/main/webapp/resources/*****istration/js/bootstrap-datepicker/bootstrap-datepicker.js
[INFO] 78/86 files analyzed, current file: src/main/webapp/resources/*****istration/patternfly/js/patternfly.dataTables.pfSelect.js
[INFO] 83/86 files analyzed, current file: src/main/webapp/resources/*****istration/js/bootstrap-offcanvas.js
[INFO] 86/86 source files have been analyzed
[INFO] Sensor JavaScript analysis [javascript] (done) | time=526027ms
[INFO] Sensor TypeScript analysis [javascript]
[INFO] No input files found for analysis
[INFO] Sensor TypeScript analysis [javascript] (done) | time=4ms
[INFO] Sensor ThymeLeaf template sensor [securityjavafrontend]
[INFO] Sensor ThymeLeaf template sensor [securityjavafrontend] (done) | time=9ms
[INFO] Sensor JavaSecuritySensor [security]
[INFO] Reading type hierarchy from: /workspace/source/target/sonar/ucfg2/java
[INFO] Read 938 type definitions
[INFO] Reading UCFGs from: /workspace/source/target/sonar/ucfg2/java
[INFO] 22:16:09.881242 Building Runtime Type propagation graph
[INFO] 22:16:11.135792 Running Tarjan on 76247 nodes
[INFO] 22:16:11.273594 Tarjan found 76230 components
[INFO] 22:16:11.529989 Variable type analysis: done
[INFO] 22:16:11.537645 Building Runtime Type propagation graph
[INFO] 22:16:12.504572 Running Tarjan on 76226 nodes
[INFO] 22:16:12.60983 Tarjan found 76209 components
[INFO] 22:16:12.773396 Variable type analysis: done
[INFO] Analyzing 10829 ucfgs to detect vulnerabilities.
[INFO] All rules entrypoints : 16 Retained UCFGs : 997
[INFO] rule: S5131, entrypoints: 2
[INFO] Running symbolic analysis
[INFO] rule: S5131 done
[INFO] rule: S3649, entrypoints: 0
[INFO] rule: S3649 done
[INFO] rule: S2076, entrypoints: 0
[INFO] rule: S2076 done
[INFO] rule: S2091, entrypoints: 0
[INFO] rule: S2091 done
[INFO] rule: S2078, entrypoints: 0
[INFO] rule: S2078 done
[INFO] rule: S2631, entrypoints: 14
[INFO] Running symbolic analysis
[INFO] rule: S2631 done
[INFO] rule: S5135, entrypoints: 0
[INFO] rule: S5135 done
[INFO] rule: S2083, entrypoints: 0
[INFO] rule: S2083 done
[INFO] rule: S5167, entrypoints: 0
[INFO] rule: S5167 done
[INFO] rule: S5144, entrypoints: 0
[INFO] rule: S5144 done
[INFO] rule: S5145, entrypoints: 0
[INFO] rule: S5145 done
[INFO] rule: S5146, entrypoints: 0
[INFO] rule: S5146 done
[INFO] rule: S5334, entrypoints: 0
[INFO] rule: S5334 done
[INFO] rule: S6096, entrypoints: 0
[INFO] rule: S6096 done
[INFO] Sensor JavaSecuritySensor [security] (done) | time=48050ms
[INFO] Sensor CSharpSecuritySensor [security]
[INFO] Reading type hierarchy from: /workspace/source/target/ucfg_cs2
[INFO] Read 0 type definitions
[INFO] Reading UCFGs from: /workspace/source/target/ucfg_cs2
[INFO] No UCFGs have been included for analysis.
[INFO] Sensor CSharpSecuritySensor [security] (done) | time=1ms
[INFO] Sensor PhpSecuritySensor [security]
[INFO] Reading type hierarchy from: /workspace/source/target/sonar/ucfg2/php
[INFO] Read 0 type definitions
[INFO] Reading UCFGs from: /workspace/source/target/sonar/ucfg2/php
[INFO] No UCFGs have been included for analysis.
[INFO] Sensor PhpSecuritySensor [security] (done) | time=1ms
[INFO] Sensor PythonSecuritySensor [security]
[INFO] Reading type hierarchy from: /workspace/source/target/sonar/ucfg2/python
[INFO] Read 0 type definitions
[INFO] Reading UCFGs from: /workspace/source/target/sonar/ucfg2/python
[INFO] No UCFGs have been included for analysis.
[INFO] Sensor PythonSecuritySensor [security] (done) | time=1ms
[INFO] Sensor JsSecuritySensor [security]
[INFO] Reading type hierarchy from: /workspace/source/target/sonar/ucfg2/js
[INFO] Read 0 type definitions
[INFO] Reading UCFGs from: /workspace/source/target/sonar/ucfg2/js
[INFO] 22:16:53.662042 Building Runtime Type propagation graph
[INFO] 22:16:53.705587 Running Tarjan on 6838 nodes
[INFO] 22:16:53.712259 Tarjan found 6838 components
[INFO] 22:16:53.728852 Variable type analysis: done
[INFO] 22:16:53.729207 Building Runtime Type propagation graph
[INFO] 22:16:53.768026 Running Tarjan on 6838 nodes
[INFO] 22:16:53.773269 Tarjan found 6838 components
[INFO] 22:16:53.784266 Variable type analysis: done
[INFO] Analyzing 1001 ucfgs to detect vulnerabilities.
[INFO] rule: S5147, entrypoints: 87
[INFO] Running symbolic analysis
[INFO] rule: S5147 done
[INFO] rule: S6096, entrypoints: 87
[INFO] Running symbolic analysis
[INFO] rule: S6096 done
[INFO] rule: S5144, entrypoints: 87
[INFO] Running symbolic analysis
[INFO] rule: S5144 done
[INFO] rule: S2076, entrypoints: 87
[INFO] Running symbolic analysis
[INFO] rule: S2076 done
[INFO] rule: S3649, entrypoints: 87
[INFO] Running symbolic analysis
[INFO] rule: S3649 done
[INFO] rule: S6105, entrypoints: 87
[INFO] Running symbolic analysis
[INFO] rule: S6105 done
[INFO] rule: S2631, entrypoints: 87
[INFO] Running symbolic analysis
[INFO] rule: S2631 done
[INFO] rule: S5883, entrypoints: 87
[INFO] Running symbolic analysis
[INFO] rule: S5883 done
[INFO] rule: S5131, entrypoints: 87
[INFO] Running symbolic analysis
[INFO] rule: S5131 done
[INFO] rule: S5696, entrypoints: 87
[INFO] Running symbolic analysis
[INFO] rule: S5696 done
[INFO] rule: S2083, entrypoints: 87
[INFO] Running symbolic analysis
[INFO] rule: S2083 done
[INFO] rule: S5334, entrypoints: 87
[INFO] Running symbolic analysis
[INFO] rule: S5334 done
[INFO] rule: S5146, entrypoints: 87
[INFO] Running symbolic analysis
[INFO] rule: S5146 done
[INFO] Sensor JsSecuritySensor [security] (done) | time=4433ms
[INFO] ------------- Run sensors on project
[INFO] Sensor Zero Coverage Sensor
[INFO] Sensor Zero Coverage Sensor (done) | time=19ms
[INFO] Sensor Java CPD Block Inde**r
[INFO] Sensor Java CPD Block Inde**r (done) | time=362ms
[INFO] SCM Publisher SCM provider for this project is: git
[INFO] SCM Publisher 690 source files to be analyzed
[WARNING] Shallow clone detected, no blame information will be provided. You can convert to non-shallow with 'git fetch --unshallow'.
[INFO] SCM Publisher 0/690 source files have been analyzed (done) | time=3ms
[WARNING] Missing blame information for the following files:
[WARNING]   * src/main/java/com/agiletec/aps*****/******/entity/IEntityActionHelper.java
[WARNING]   * src/test/java/org/entando/entando/aps*****/user/TestUserProfileFinderAction.java
[WARNING]   * src/main/webapp/WEB-INF/aps*****/jsp/portal/specialwidget/configSimpleParameter.jsp
[WARNING]   * src/main/webapp/WEB-INF/aps*****/jsp/common/layouts/assets-more/api-resource-detail-extras.jsp
[WARNING]   * src/main/webapp/WEB-INF/aps*****/jsp/common/layouts/assets-more/entryFilter.jsp
[WARNING]   * src/main/webapp/resources/*****istration/css/pages/settingsPage.css
[WARNING]   * src/main/webapp/resources/*****istration/js/ckeditor/plugins/wsc/dialogs/ciframe.html
[WARNING]   * src/main/java/com/agiletec/aps*****/common/BaseCommonAction-validation.xml
[WARNING]   * src/main/webapp/resources/*****istration/js/generate-code-from-title.js
[WARNING]   * src/main/webapp/WEB-INF/aps*****/jsp/*****/treeStyleParamBlock.jsp
[WARNING]   * src/main/webapp/WEB-INF/aps*****/jsp/common/shortcut/inc/shortcut-item.jsp
[WARNING]   * src/main/webapp/resources/*****istration/patternfly/css/patternfly.css
[WARNING]   * src/main/java/com/agiletec/aps*****/******/dispatcher/PrepareOperations.java
[WARNING]   * src/main/webapp/resources/*****istration/js/ckeditor/plugins/wsc/dialogs/tmpFrameset.html
[WARNING]   * src/main/webapp/resources/*****istration/js/entando-stream.js
[WARNING]   * src/main/webapp/resources/*****istration/js/codemirror/lib/codemirror.css
[WARNING]   * src/main/webapp/WEB-INF/aps*****/jsp/portal/putPageOnline.jsp
[WARNING]   * src/main/java/com/agiletec/aps*****/******/entity/attribute/manager/MonoListAttributeManager.java
[WARNING]   * src/main/java/org/entando/entando/aps*****/api/helper/StreamSchemaOutputResolver.java
[WARNING]   * src/main/java/org/entando/entando/aps*****/portal/rs/model/JoinWidgetResponse.java
[WARNING]   * src/main/java/com/agiletec/aps*****/user/group/GroupFinderAction.java
[WARNING]   * src/main/java/org/entando/entando/aps*****/portal/model/AbstractPageModelAction.java
[WARNING]   * src/main/webapp/WEB-INF/aps*****/jsp/entity/include/attribute-operations-misc.jsp
[WARNING]   * src/main/webapp/WEB-INF/aps*****/jsp/*****/database-backup-trash.jsp
[WARNING]   * src/main/java/com/agiletec/aps*****/******/ITreeAction.java
[WARNING]   * src/main/java/org/entando/entando/aps*****/portal/rs/validator/ISwapWidgetRequestValidator.java
[WARNING]   * src/main/java/com/agiletec/aps*****/******/TreeNodeBaseActionHelper.java
[WARNING]   * src/main/webapp/WEB-INF/aps*****/jsp/common/template/mainBody-shortcut-swap-result-ajax.jsp
[WARNING]   * src/main/java/com/agiletec/aps*****/******/ITreeNodeBaseActionHelper.java
[WARNING]   * src/main/webapp/WEB-INF/aps*****/jsp/portal/previewPage.jsp
[WARNING]   * src/main/java/com/agiletec/aps*****/******/plugin/HookPointElementContainer.java
[WARNING]   * src/main/java/com/agiletec/aps*****/******/entity/type/EntityTypeConfigAction.java
[WARNING]   * src/main/java/org/entando/entando/aps*****/portal/rs/model/DeleteWidgetResponse.java
[WARNING]   * src/main/webapp/WEB-INF/aps*****/jsp/entity/modules/include/booleanAttributeInputField.jsp
[WARNING]   * src/test/java/org/entando/entando/aps*****/******/services/activitystream/TestSocialActivityStreamDAO.java
[WARNING]   * src/main/webapp/WEB-INF/aps*****/jsp/common/userProfile-profile-missing.jsp
[WARNING]   * src/main/java/com/agiletec/aps*****/tags/form/CheckboxTag.java
[WARNING]   * src/main/java/org/entando/entando/aps*****/api/AbstractApiFinderAction.java
[WARNING]   * src/main/java/com/agiletec/aps*****/******/entity/attribute/manager/AbstractMonoLangAttributeManager.java
[WARNING]   * src/main/java/org/apache/struts2/views/jsp/PropertyTag.java
[WARNING]   * src/main/webapp/WEB-INF/aps*****/jsp/category/categoryMoveReferences.jsp
[WARNING]   * src/main/java/com/agiletec/aps*****/tags/EntityInfoTag.java
[WARNING]   * src/main/webapp/WEB-INF/aps*****/jsp/common/layouts/assets-more/inc/snippet-categoryTree.jsp
[WARNING]   * src/main/java/com/agiletec/aps*****/portal/page.xml
[WARNING]   * src/main/webapp/resources/*****istration/js/first-time-messages.js
[WARNING]   * src/main/java/org/entando/entando/aps*****/portal/model/PageModelAction.java
[WARNING]   * src/main/java/com/agiletec/aps*****/******/AbstractTreeAction.java
[WARNING]   * src/main/webapp/WEB-INF/aps*****/jsp/user/trashUser.jsp
[WARNING]   * src/main/java/com/agiletec/aps*****/portal/WidgetTypeAction.java
[WARNING]   * src/main/webapp/WEB-INF/aps*****/jsp/common/inc/inc_fullErrors.jsp
[WARNING]   * src/main/webapp/resources/*****istration/js/bootstrap-datepicker/locales/bootstrap-datepicker.ca.js
[WARNING]   * src/main/java/org/entando/entando/aps/internalservlet/******/dispatcher/FrontServletActionRedirectResult.java
[WARNING]   * src/main/webapp/WEB-INF/aps*****/jsp/entity/view/dateAttribute.jsp
[WARNING]   * src/main/webapp/WEB-INF/aps*****/jsp/entity/manager-list.jsp
[WARNING]   * src/main/webapp/WEB-INF/aps*****/jsp/portal/include/pageSearchForm.jsp
[WARNING]   * src/main/java/com/agiletec/aps*****/tags/form/HiddenTag.java
[WARNING]   * src/main/java/com/agiletec/aps*****/******/entity/type/AbstractBaseEntityAttributeConfigAction-validation.xml
[WARNING]   * src/main/java/org/entando/entando/aps*****/portal/rs/validator/SwapWidgetRequestValidator.java
[WARNING]   * src/main/java/com/agiletec/aps*****/*****/lang/lang.xml
[WARNING]   * src/main/webapp/resources/*****istration/js/codemirror/addon/hint/entando-hint.js
[WARNING]   * src/main/webapp/WEB-INF/aps*****/jsp/common/layouts/assets-more/entityFinding.jsp
[WARNING]   * src/main/java/org/entando/entando/aps*****/tags/GroupsByPermissionTag.java
[WARNING]   * src/main/java/org/entando/entando/aps*****/tags/ActivityStreamLastUpdateTag.java
[WARNING]   * src/main/java/com/agiletec/aps*****/portal/PageFinderAction-validation.xml
[WARNING]   * src/main/java/org/entando/entando/aps*****/*****/database.xml
[WARNING]   * src/main/webapp/resources/*****istration/js/bootstrap-datepicker/locales/bootstrap-datepicker.pt-BR.js
[WARNING]   * src/main/java/com/agiletec/aps*****/user/group/group.xml
[WARNING]   * src/main/java/org/entando/entando/aps*****/portal/model/pageModel.xml
[WARNING]   * src/test/java/com/agiletec/aps*****/common/TestShortcutConfigAction.java
[WARNING]   * src/main/java/org/entando/entando/aps*****/******/validator/URLValidator.java
[WARNING]   * src/main/webapp/WEB-INF/aps*****/jsp/entity/modules/enumeratorMapAttribute.jsp
[WARNING]   * src/main/java/org/entando/entando/aps*****/common/currentuser/ICurrentUserProfileAction.java
[WARNING]   * src/main/java/org/entando/entando/aps*****/common/currentuser/CurrentUserProfileAction.java
[WARNING]   * src/test/java/com/agiletec/aps*****/user/group/TestGroupFinderAction.java
[WARNING]   * src/main/webapp/WEB-INF/aps*****/jsp/common/treeBuilder-request-links.jsp
[WARNING]   * src/main/webapp/WEB-INF/aps*****/jsp/entity/modules/hypertextAttribute.jsp
[WARNING]   * src/main/webapp/resources/*****istration/js/ckeditor/plugins/scayt/dialogs/toolbar.css
[WARNING]   * src/main/java/com/agiletec/aps*****/******/entity/attribute/action/list/IListAttributeAction.java
[WARNING]   * src/main/webapp/resources/*****istration/js/ckeditor/plugins/dialog/dialogDefinition.js
[WARNING]   * src/main/webapp/resources/*****istration/js/bootstrap-datepicker/locales/bootstrap-datepicker.da.js
[WARNING]   * src/main/java/com/agiletec/aps*****/user/role/RoleAction.java
[WARNING]   * src/main/java/org/entando/entando/aps*****/user/UserAction.java
[WARNING]   * src/test/java/com/agiletec/aps*****/*****/lang/TestLangAction.java
[WARNING]   * src/main/java/org/entando/entando/aps*****/portal/guifragment/GuiFragmentFinderAction.java
[WARNING]   * src/main/webapp/WEB-INF/aps*****/jsp/entity/entity-type-references-reload-ok.jsp
[WARNING]   * src/main/webapp/WEB-INF/aps*****/jsp/*****/lang/langFinding.jsp
[WARNING]   * src/main/webapp/WEB-INF/aps*****/jsp/filebrowser/filebrowser-entryFile.jsp
[WARNING]   * src/main/webapp/WEB-INF/aps*****/jsp/portal/include/entryPage_treeBuilder-request-linksPages.jsp
[WARNING]   * src/main/webapp/resources/*****istration/js/bootstrap-datepicker/locales/bootstrap-datepicker.el.js
[WARNING]   * src/main/webapp/resources/*****istration/css/entando-*****-console-blue-theme.css
[WARNING]   * src/main/webapp/WEB-INF/aps*****/jsp/user/group/trashGroup.jsp
[WARNING]   * src/main/java/org/entando/entando/aps*****/common/MyShortcutConfigAction.java
[WARNING]   * src/main/java/org/entando/entando/aps*****/user/UserAction-validation.xml
[WARNING]   * src/main/webapp/WEB-INF/aps*****/jsp/common/layouts/assets-more/calendar.jsp
[WARNING]   * src/main/webapp/WEB-INF/aps*****/jsp/entity/include/entity-type-list.jsp
[WARNING]   * src/main/webapp/resources/*****istration/js/bootstrap-datepicker/locales/bootstrap-datepicker.ms.js
[WARNING]   * src/main/webapp/resources/*****istration/js/bootstrap-datepicker/locales/bootstrap-datepicker.pl.js
[WARNING]   * src/main/webapp/WEB-INF/aps*****/jsp/portal/pageTree.jsp
[WARNING]   * src/main/webapp/WEB-INF/aps*****/jsp/common/entryUserPassword.jsp
[WARNING]   * src/main/webapp/WEB-INF/aps*****/jsp/category/categoryDetails.jsp
[WARNING]   * src/main/webapp/WEB-INF/aps*****/jsp/common/layouts/assets-more/datatype_entryModel.jsp
[WARNING]   * src/main/java/com/agiletec/aps*****/portal/PagePreviewAction.java
[WARNING]   * src/test/java/org/entando/entando/aps*****/common/currentuser/TestCurrentUserProfileAction.java
[WARNING]   * src/main/java/com/agiletec/aps*****/tags/form/TextareaTag.java
[WARNING]   * src/main/webapp/resources/*****istration/js/pages/pageTreeMenu.js
[WARNING]   * src/main/java/com/agiletec/aps*****/common/common.xml
[WARNING]   * src/main/webapp/logout.jsp
[WARNING]   * src/main/webapp/WEB-INF/aps*****/jsp/*****/textParamBlock.jsp
[WARNING]   * src/main/java/com/agiletec/aps*****/******/entity/attribute/action/list/ListAttributeAction.java
[WARNING]   * src/main/webapp/resources/*****istration/js/entando.grid-generator.js
[WARNING]   * src/main/webapp/resources/*****istration/js/bootstrap-datepicker/locales/bootstrap-datepicker.id.js
[WARNING]   * src/main/webapp/WEB-INF/aps*****/jsp/user/user-intro.jsp
[WARNING]   * src/main/webapp/resources/*****istration/js/ckeditor/plugins/wsc/dialogs/wsc.css
[WARNING]   * src/main/webapp/WEB-INF/aps*****/jsp/portal/pageReferences.jsp
[WARNING]   * src/main/webapp/resources/*****istration/patternfly/js/patternfly.dataTables.pfPagination.js
[WARNING]   * src/main/java/org/entando/entando/aps*****/tags/ActionLogRecordTag.java
[WARNING]   * src/main/webapp/WEB-INF/aps*****/jsp/entity/modules/timestampAttribute.jsp
[WARNING]   * src/main/webapp/resources/*****istration/js/entando-updater.js
[WARNING]   * src/main/java/org/entando/entando/aps*****/filebrowser/FileBrowserAction.java
[WARNING]   * src/main/java/com/agiletec/aps*****/******/entity/AbstractApsEntityAction.java
[WARNING]   * src/test/java/com/agiletec/aps*****/user/group/TestGroupAction.java
[WARNING]   * src/main/java/org/entando/entando/aps*****/portal/node/PageTreeNodeWrapper.java
[WARNING]   * src/main/webapp/WEB-INF/aps*****/jsp/portal/trashPage.jsp
[WARNING]   * src/main/webapp/resources/*****istration/js/entando.alert.js
[WARNING]   * src/test/java/com/agiletec/aps*****/portal/TestPageConfigAction.java
[WARNING]   * src/main/webapp/WEB-INF/aps*****/jsp/entity/modules/threeStateAttribute.jsp
[WARNING]   * src/main/webapp/WEB-INF/aps*****/jsp/common/layouts/assets-more/portal/pageModel-entry-extra.jsp
[WARNING]   * src/main/java/com/agiletec/aps*****/tags/form/SelectTag.java
[WARNING]   * src/main/webapp/error.jsp
[WARNING]   * src/main/webapp/*****index.jsp
[WARNING]   * src/main/webapp/resources/*****istration/js/bootstrap-datepicker/locales/bootstrap-datepicker.tr.js
[WARNING]   * src/main/webapp/WEB-INF/aps*****/jsp/portal/pageSearchResult.jsp
[WARNING]   * src/main/webapp/resources/*****istration/js/bootstrap-datepicker/locales/bootstrap-datepicker.cs.js
[WARNING]   * src/main/webapp/WEB-INF/aps*****/jsp/portal/model/include/pageModel-references.jsp
[WARNING]   * src/main/java/com/agiletec/aps*****/portal/specialwidget/navigator/NavigatorWidgetConfigAction-validation.xml
[WARNING]   * src/main/webapp/WEB-INF/aps*****/jsp/portal/guifragment/include/guiFragmentInfo-references.jsp
[WARNING]   * src/main/java/org/entando/entando/aps*****/filebrowser/filebrowser.xml
[WARNING]   * src/main/webapp/WEB-INF/aps*****/jsp/entity/include/entity-type-references-operations-reload.jsp
[WARNING]   * src/main/webapp/resources/*****istration/patternfly/js/patternfly-functions.js
[WARNING]   * src/main/webapp/WEB-INF/aps*****/jsp/portal/specialwidget/navigatorConfig.jsp
[WARNING]   * src/main/java/com/agiletec/aps*****/******/I18nFrontEndInterceptor.java
[WARNING]   * src/main/java/com/agiletec/aps*****/portal/widgetType.xml
[WARNING]   * src/main/webapp/WEB-INF/aps*****/jsp/entity/view/enumeratorAttribute.jsp
[WARNING]   * src/main/webapp/WEB-INF/aps*****/jsp/common/treeBuilder-request-linksPages.jsp
[WARNING]   * src/main/webapp/WEB-INF/aps*****/jsp/common/login.jsp
[WARNING]   * src/main/webapp/resources/*****istration/js/ckeditor/plugins/entandolink/plugin.js
[WARNING]   * src/main/webapp/WEB-INF/aps*****/jsp/portal/guifragment/guiFragment-entry.jsp
[WARNING]   * src/main/webapp/WEB-INF/aps*****/jsp/user/role/entryRole.jsp
[WARNING]   * src/main/webapp/WEB-INF/aps*****/jsp/common/treeBuilder.jsp
[WARNING]   * src/main/java/com/agiletec/aps*****/******/entity/attribute/manager/MonoTextAttributeManager.java
[WARNING]   * src/main/webapp/WEB-INF/aps*****/jsp/user/profile-entry.jsp
[WARNING]   * src/main/webapp/resources/*****istration/js/ckeditor/config.js
[WARNING]   * src/main/java/com/agiletec/aps*****/user/role/RoleFinderAction.java
[WARNING]   * src/main/webapp/WEB-INF/aps*****/jsp/portal/showlet-list-using.jsp
[WARNING]   * src/main/java/org/entando/entando/aps*****/******/services/shortcut/UserShortcutConfigDOM.java
[WARNING]   * src/main/webapp/WEB-INF/aps*****/jsp/*****/reloadChoose.jsp
[WARNING]   * src/main/webapp/WEB-INF/aps*****/jsp/entity/view/listAttribute.jsp
[WARNING]   * src/main/java/org/entando/entando/aps*****/api/AbstractApiAction.java
[WARNING]   * src/main/java/org/entando/entando/aps*****/common/currentuser/attribute/action/list/ListAttributeAction.java
[WARNING]   * src/main/webapp/WEB-INF/aps*****/jsp/category/categoryReferences.jsp
[WARNING]   * src/main/webapp/WEB-INF/aps*****/jsp/entity/attribute-type-entry-element.jsp
[WARNING]   * src/main/webapp/resources/*****istration/js/bootstrap-datepicker/locales/bootstrap-datepicker.nl.js
[WARNING]   * src/test/java/org/entando/entando/aps*****/filebrowser/TestFileBrowserAction.java
[WARNING]   * src/main/webapp/WEB-INF/aps*****/jsp/portal/include/pageInfo_details.jsp
[WARNING]   * src/test/java/com/agiletec/aps*****/*****/lang/TestLangFinderAction.java
[WARNING]   * src/test/java/com/agiletec/aps*****/ApsAdminBaseTestCase.java
[WARNING]   * src/main/webapp/WEB-INF/aps*****/jsp/*****/inc/datasource-table-names.jsp
[WARNING]   * src/main/webapp/WEB-INF/aps*****/jsp/common/treeBuilderCategoriesJoin.jsp
[WARNING]   * src/test/java/org/entando/entando/aps*****/******/services/activitystream/SocialStreamTestHelper.java
[WARNING]   * src/main/java/com/agiletec/aps*****/tags/AbstractObjectInfoTag.java
[WARNING]   * src/main/webapp/resources/*****istration/js/bootstrap-datepicker/locales/bootstrap-datepicker.nl-BE.js
[WARNING]   * src/main/java/com/agiletec/aps*****/******/dispatcher/ServletActionRedirectResultWithAnchor.java
[WARNING]   * src/main/webapp/resources/*****istration/css/pages/pageModel-entry.css
[WARNING]   * src/test/java/org/entando/entando/aps*****/user/TestUserProfileAction.java
[WARNING]   * src/main/webapp/WEB-INF/aps*****/jsp/portal/position-clear-confirm.jsp
[WARNING]   * src/test/java/com/agiletec/aps*****/portal/TestWidgetsViewerAction.java
[WARNING]   * src/main/java/com/agiletec/aps*****/tags/TracerFactory.java
[WARNING]   * src/main/java/com/agiletec/aps*****/******/entity/type/ICompositeAttributeConfigAction.java
[WARNING]   * src/main/webapp/resources/*****istration/ace-editor/snippets/xml.js
[WARNING]   * src/main/java/com/agiletec/aps*****/user/role/RoleAction-validation.xml
[WARNING]   * src/main/webapp/WEB-INF/aps*****/jsp/entity/modules/longtextAttribute.jsp
[WARNING]   * src/main/webapp/WEB-INF/aps*****/jsp/common/tiles-inserts/menu.jsp
[WARNING]   * src/main/webapp/WEB-INF/aps*****/jsp/filebrowser/include/breadcrumbs.jsp
[WARNING]   * src/main/webapp/resources/*****istration/js/ckeditor/plugins/wsc/skins/moono-lisa/wsc.css
[WARNING]   * src/main/webapp/WEB-INF/aps*****/jsp/filebrowser/include/fileUploadAddFields.jsp
[WARNING]   * src/main/webapp/WEB-INF/aps*****/jsp/common/layouts/assets-more/category/category-extra.jsp
[WARNING]   * src/main/webapp/WEB-INF/aps*****/jsp/portal/widget-list-menu.jsp
[WARNING]   * src/test/java/org/entando/entando/aps*****/portal/model/TestPageModelFinderAction.java
[WARNING]   * src/main/webapp/WEB-INF/aps*****/jsp/entity/include/validation-rules-ognl.jsp
[WARNING]   * src/main/webapp/WEB-INF/aps*****/jsp/entity/modules/include/listAttributes/allList_operationModule.jsp
[WARNING]   * src/main/webapp/WEB-INF/aps*****/jsp/*****/configSystemParams.jsp
[WARNING]   * src/main/webapp/WEB-INF/aps*****/jsp/category/include/categoryInfo_details.jsp
[WARNING]   * src/main/java/com/agiletec/aps*****/*****/lang/LangAction.java
[WARNING]   * src/main/java/org/entando/entando/aps*****/******/services/shortcut/model/AbstractBaseBean.java
[WARNING]   * src/main/java/com/agiletec/aps*****/tags/util/AutoIndexingTagHelper.java
[WARNING]   * src/main/java/org/entando/entando/aps*****/tags/ShortcutListTag.java
[WARNING]   * src/main/webapp/WEB-INF/aps*****/jsp/filebrowser/include/fileUploadFieldLabelI18n.jsp
[WARNING]   * src/main/java/com/agiletec/aps*****/******/entity/type/AbstractBaseEntityAttributeConfigAction.java
[WARNING]   * src/main/webapp/resources/*****istration/patternfly/js/patternfly-settings.js
[WARNING]   * src/main/java/com/agiletec/aps*****/******/entity/EntityManagersAction-validation.xml
[WARNING]   * src/main/webapp/WEB-INF/aps*****/jsp/common/activity-stream/inc/stream.jsp
[WARNING]   * src/main/webapp/WEB-INF/aps*****/jsp/entity/modules/include/dateAttributeInputField.jsp
[WARNING]   * src/main/webapp/resources/*****istration/patternfly/js/patternfly.dataTables.pfResize.js
[WARNING]   * src/main/webapp/WEB-INF/aps*****/jsp/*****/simpleCheckboxParamBlock.jsp
[WARNING]   * src/main/webapp/WEB-INF/aps*****/jsp/portal/guifragment/guiFragment-detail.jsp
[WARNING]   * src/main/webapp/WEB-INF/aps*****/jsp/portal/guifragment/guiFragment-trash.jsp
[WARNING]   * src/main/webapp/resources/*****istration/js/bootstrap-swapon.js
[WARNING]   * src/main/java/com/agiletec/aps*****/*****/localestring/LocaleStringFinderAction.java
[WARNING]   * src/main/java/org/entando/entando/aps*****/user/UserProfileAction.java
[WARNING]   * src/main/java/com/agiletec/aps*****/******/conversion/ApsTimestampTypeConverter.java
[WARNING]   * src/main/webapp/WEB-INF/aps*****/jsp/entity/view/monotextAttribute.jsp
[WARNING]   * src/main/java/org/entando/entando/aps*****/tags/PageTreeTag.java
[WARNING]   * src/main/java/com/agiletec/aps*****/******/entity/attribute/manager/BooleanAttributeManager.java
[WARNING]   * src/main/webapp/WEB-INF/aps*****/jsp/portal/model/pageModel-list.jsp
[WARNING]   * src/main/webapp/resources/*****istration/css/entando-widget-icons.css
[WARNING]   * src/main/webapp/WEB-INF/aps*****/jsp/entity/modules/listAttribute.jsp
[WARNING]   * src/main/webapp/WEB-INF/aps*****/jsp/category/entryCategory.jsp
[WARNING]   * src/main/webapp/resources/*****istration/js/bootstrap-datepicker/locales/bootstrap-datepicker.es.js
[WARNING]   * src/main/java/com/agiletec/aps*****/tags/util/ApsActionParamComponent.java
[WARNING]   * src/main/java/com/agiletec/aps*****/tags/util/ComponentPagerVO.java
[WARNING]   * src/main/webapp/WEB-INF/aps*****/jsp/entity/entity-type-list.jsp
[WARNING]   * src/main/java/com/agiletec/aps*****/tags/ParamMapTag.java
[WARNING]   * src/main/webapp/resources/*****istration/patternfly/js/patternfly.dataTables.pfEmpty.js
[WARNING]   * src/main/java/com/agiletec/aps*****/******/entity/EntityManagersAction.java
[WARNING]   * src/main/java/org/entando/entando/aps*****/******/services/shortcut/ShortcutLoader.java
[WARNING]   * src/main/java/com/agiletec/aps*****/category/CategorySettingsAction.java
[WARNING]   * src/main/webapp/WEB-INF/aps*****/jsp/entity/include/attribute-operations-add.jsp
[WARNING]   * src/main/java/org/entando/entando/aps*****/user/UserProfileFinderAction.java
[WARNING]   * src/main/webapp/WEB-INF/aps*****/jsp/common/tiles-inserts/header.jsp
[WARNING]   * src/main/java/com/agiletec/aps*****/******/TreeNodeWrapper.java
[WARNING]   * src/main/java/org/entando/entando/aps*****/user/UserSettingsAction.java
[WARNING]   * src/test/java/com/agiletec/aps*****/*****/localestring/TestLocaleStringAction.java
[WARNING]   * src/main/java/com/agiletec/aps*****/user/AbstractAuthorityAction.java
[WARNING]   * src/main/java/org/entando/entando/aps*****/portal/rs/model/SwapWidgetRequest.java
[WARNING]   * src/main/webapp/WEB-INF/aps*****/jsp/portal/include/entryPage_treeBuilderPages.jsp
[WARNING]   * src/main/webapp/resources/*****istration/js/bootstrap-datepicker/locales/bootstrap-datepicker.uk.js
[WARNING]   * src/main/webapp/WEB-INF/aps*****/jsp/entity/include/validation-rules-number.jsp
[WARNING]   * src/main/webapp/WEB-INF/aps*****/jsp/common/intro.jsp
[WARNING]   * src/main/java/org/entando/entando/aps*****/******/RedirectMessageInterceptor.java
[WARNING]   * src/main/webapp/resources/*****istration/css/entando-*****-console-default-theme.css
[WARNING]   * src/main/webapp/resources/*****istration/css/pages/configPage.css
[WARNING]   * src/main/webapp/WEB-INF/aps*****/jsp/entity/view/compositeAttribute.jsp
[WARNING]   * src/main/java/org/entando/entando/aps/internalservlet/******/dispatcher/GuiFragmentResult.java
[WARNING]   * src/main/webapp/WEB-INF/aps*****/jsp/category/trashCategory.jsp
[WARNING]   * src/main/java/com/agiletec/aps*****/tags/EntityTypeInfoTag.java
[WARNING]   * src/main/webapp/WEB-INF/aps*****/jsp/entity/entity-type-references-list.jsp
[WARNING]   * src/test/java/com/agiletec/aps*****/portal/TestWidgetTypeAction.java
[WARNING]   * src/main/java/com/agiletec/aps*****/******/entity/attribute/manager/ListAttributeManager.java
[WARNING]   * src/main/java/org/entando/entando/aps*****/******/ApsParametersInterceptor.java
[WARNING]   * src/main/webapp/WEB-INF/aps*****/jsp/portal/widget-list-using.jsp
[WARNING]   * src/main/java/com/agiletec/aps*****/******/entity/type/entity.xml
[WARNING]   * src/main/java/com/agiletec/aps*****/******/entity/type/AbstractEntityConfigAction.java
[WARNING]   * src/main/webapp/resources/*****istration/js/ckeditor/styles.js
[WARNING]   * src/main/java/org/entando/entando/aps*****/******/services/shortcut/IShortcutManager.java
[WARNING]   * src/main/webapp/WEB-INF/aps*****/jsp/api/consumer-list.jsp
[WARNING]   * src/test/java/com/agiletec/aps*****/portal/TestPageTreeAction.java
[WARNING]   * src/main/webapp/resources/*****istration/js/bootstrap-datepicker/locales/bootstrap-datepicker.is.js
[WARNING]   * src/main/webapp/WEB-INF/aps*****/jsp/*****/selectPageParamBlock.jsp
[WARNING]   * src/main/java/com/agiletec/aps*****/******/entity/attribute/manager/TimestampAttributeManager.java
[WARNING]   * src/main/java/org/entando/entando/aps*****/api/ApiServiceAction-validation.xml
[WARNING]   * src/main/java/com/agiletec/aps*****/******/ApsFileUploadInterceptor.java
[WARNING]   * src/main/java/org/entando/entando/aps*****/user/UserAuthsFormBean.java
[WARNING]   * src/main/java/com/agiletec/aps*****/******/dispatcher/InitOperations.java
[WARNING]   * src/main/webapp/WEB-INF/aps*****/jsp/common/template/mainBody-shortcut-configure-result-ajax.jsp
[WARNING]   * src/main/webapp/WEB-INF/aps*****/jsp/common/inc/header-include.jsp
[WARNING]   * src/main/java/com/agiletec/aps*****/tags/PluginsSubMenuTag.java
[WARNING]   * src/main/java/com/agiletec/aps*****/portal/PageTreeAction.java
[WARNING]   * src/main/java/com/agiletec/aps*****/******/entity/attribute/manager/TextAttributeManager.java
[WARNING]   * src/main/webapp/resources/*****istration/js/bootstrap-datepicker/locales/bootstrap-datepicker.zh-TW.js
[WARNING]   * src/main/java/com/agiletec/aps*****/portal/PageConfigAction.java
[WARNING]   * src/main/java/org/entando/entando/aps/internalservlet/api/ApiServiceAction.java
[WARNING]   * src/main/webapp/WEB-INF/aps*****/jsp/*****/ajax/updateSystemParams-result.jsp
[WARNING]   * src/main/webapp/WEB-INF/aps*****/jsp/common/tiles-inserts/shortcuts-quickbar.jsp
[WARNING]   * src/main/webapp/WEB-INF/aps*****/tiles.xml
[WARNING]   * src/main/webapp/WEB-INF/aps*****/jsp/filebrowser/filebrowser-delete.jsp
[WARNING]   * src/main/webapp/resources/*****istration/patternfly/js/patternfly.js
[WARNING]   * src/main/java/org/entando/entando/aps*****/common/currentuser/CurrentAvatarAction.java
[WARNING]   * src/main/webapp/resources/*****istration/css/login.css
[WARNING]   * src/main/webapp/WEB-INF/aps*****/jsp/portal/model/pageModel-trash.jsp
[WARNING]   * src/main/webapp/WEB-INF/aps*****/jsp/portal/guifragment/guiFragment-setting.jsp
[WARNING]   * src/main/java/com/agiletec/aps*****/portal/helper/PageActionReferencesHelper.java
[WARNING]   * src/main/webapp/WEB-INF/aps*****/jsp/common/treeBuilder-request-linksPagesMenu.jsp
[WARNING]   * src/main/webapp/WEB-INF/aps*****/jsp/portal/guifragment/guiFragment-references.jsp
[WARNING]   * src/main/java/com/agiletec/aps*****/******/entity/type/EntityTypeNamespaceInfoBean.java
[WARNING]   * src/main/webapp/WEB-INF/aps*****/jsp/*****/settings.jsp
[WARNING]   * src/main/webapp/WEB-INF/aps*****/jsp/common/inc/pager_formTable.jsp
[WARNING]   * src/main/webapp/WEB-INF/aps*****/jsp/user/group/include/groupInfo-references.jsp
[WARNING]   * src/main/java/com/agiletec/aps*****/******/InterceptorMadMax.java
[WARNING]   * src/main/webapp/404.jsp
[WARNING]   * src/test/java/org/entando/entando/aps*****/portal/guifragment/TestGuiFragmentAction.java
[WARNING]   * src/main/webapp/WEB-INF/aps*****/jsp/entity/view/checkBoxAttribute.jsp
[WARNING]   * src/main/webapp/WEB-INF/aps*****/jsp/common/treeBuilderPages.jsp
[WARNING]   * src/main/java/com/agiletec/aps*****/******/entity/IApsEntityFinderAction.java
[WARNING]   * src/main/webapp/WEB-INF/aps*****/jsp/api/service-list.jsp
[WARNING]   * src/main/webapp/WEB-INF/aps*****/jsp/common/passwordChangingConfirm.jsp
[WARNING]   * src/main/webapp/resources/*****istration/js/pages/previewPage.js
[WARNING]   * src/main/webapp/WEB-INF/aps*****/jsp/common/layouts/assets-more/inc/snippet-pageTree.jsp
[WARNING]   * src/main/webapp/resources/*****istration/js/bootstrap-datepicker/locales/bootstrap-datepicker.ka.js
[WARNING]   * src/main/webapp/WEB-INF/aps*****/jsp/portal/showlet-entry.jsp
[WARNING]   * src/test/java/com/agiletec/aps*****/TestAdminConsoleLabelsProperties.java
[WARNING]   * src/main/webapp/WEB-INF/aps*****/jsp/entity/include/attribute-list.jsp
[WARNING]   * src/main/java/com/agiletec/aps*****/******/entity/attribute/manager/NumberAttributeManager.java
[WARNING]   * src/test/java/org/entando/entando/aps*****/******/resource/TestCustomLocalizedTextProvider.java
[WARNING]   * src/main/webapp/resources/*****istration/ace-editor/ext-linking.js
[WARNING]   * src/main/java/com/agiletec/aps*****/******/entity/type/IEntityTypeConfigAction.java
[WARNING]   * src/main/webapp/WEB-INF/aps*****/jsp/entity/modules/monotextAttribute.jsp
[WARNING]   * src/main/webapp/WEB-INF/aps*****/jsp/entity/modules/dateAttribute.jsp
[WARNING]   * src/main/java/com/agiletec/aps*****/tags/ApsActionParamTag.java
[WARNING]   * src/test/java/com/agiletec/aps*****/category/TestCategoryAction.java
[WARNING]   * src/main/webapp/resources/*****istration/js/bootstrap-datepicker/locales/bootstrap-datepicker.sk.js
[WARNING]   * src/main/java/com/agiletec/aps*****/******/entity/type/EntityTypeConfigAction-validation.xml
[WARNING]   * src/main/java/org/entando/entando/aps*****/common/MyShortcutConfigAction-validation.xml
[WARNING]   * src/main/webapp/WEB-INF/aps*****/jsp/common/layouts/default.jsp
[WARNING]   * src/main/java/com/agiletec/aps*****/portal/helper/AbstractPageActionHelper.java
[WARNING]   * src/main/webapp/WEB-INF/aps*****/jsp/entity/view/booleanAttribute.jsp
[WARNING]   * src/main/webapp/resources/*****istration/js/bootstrap-datepicker/locales/bootstrap-datepicker.sv.js
[WARNING]   * src/main/webapp/resources/*****istration/js/pages/configPage.js
[WARNING]   * src/main/java/org/entando/entando/aps*****/portal/rs/model/SwapWidgetResponse.java
[WARNING]   * src/test/java/com/agiletec/aps*****/common/TestDispatchForward.java
[WARNING]   * src/main/webapp/WEB-INF/aps*****/jsp/portal/model/pageModel-entry.jsp
[WARNING]   * src/test/java/com/agiletec/aps*****/*****/TestBaseAdminAction.java
[WARNING]   * src/main/java/com/agiletec/aps*****/******/entity/type/IEntityTypesAction.java
[WARNING]   * src/main/webapp/WEB-INF/aps*****/jsp/common/userNotAllowedMessage.jsp
[WARNING]   * src/test/java/com/agiletec/aps*****/user/role/TestRoleFinderAction.java
[WARNING]   * src/main/webapp/WEB-INF/aps*****/jsp/category/categorySettings.jsp
[WARNING]   * src/main/java/org/entando/entando/aps*****/filebrowser/FileBrowserAction-validation.xml
[WARNING]   * src/main/java/com/agiletec/aps*****/category/helper/ICategoryActionHelper.java
[WARNING]   * src/main/webapp/resources/*****istration/js/bootstrap-datepicker/locales/bootstrap-datepicker.ja.js
[WARNING]   * src/main/java/com/agiletec/aps*****/portal/PageAction.java
[WARNING]   * src/main/webapp/WEB-INF/aps*****/jsp/entity/view/longtextAttribute.jsp
[WARNING]   * src/main/webapp/WEB-INF/aps*****/jsp/user/role/roleReferences.jsp
[WARNING]   * src/test/java/org/entando/entando/aps*****/******/TestCustomTokenInterceptor.java
[WARNING]   * src/main/webapp/WEB-INF/aps*****/jsp/user/role/roleFinding.jsp
[WARNING]   * src/main/java/com/agiletec/aps*****/portal/PageSettingsAction.java
[WARNING]   * src/main/java/org/entando/entando/aps*****/******/services/shortcut/model/UserConfigBean.java
[WARNING]   * src/main/webapp/WEB-INF/aps*****/jsp/user/group/groupDetails.jsp
[WARNING]   * src/main/webapp/resources/*****istration/js/jquery.entando.js
[WARNING]   * src/main/java/com/agiletec/aps*****/tags/util/AdminPagerTagHelper.java
[WARNING]   * src/main/java/org/entando/entando/aps*****/api/api.xml
[WARNING]   * src/main/java/org/entando/entando/aps*****/user/UserAuthorizationAction.java
[WARNING]   * src/main/java/com/agiletec/aps*****/user/group/helper/GroupActionHelper.java
[WARNING]   * src/main/webapp/WEB-INF/aps*****/jsp/category/include/categorySearchForm.jsp
[WARNING]   * pom.xml
[WARNING]   * src/main/webapp/resources/*****istration/js/jquery.sticky.js
[WARNING]   * src/main/webapp/WEB-INF/aps*****/jsp/common/tiles-inserts/menuAppBuilderIntegration.jsp
[WARNING]   * src/main/java/org/entando/entando/aps*****/portal/guifragment/guiFragment.xml
[WARNING]   * src/main/java/org/entando/entando/aps/internalservlet/api/api.xml
[WARNING]   * src/main/java/org/entando/entando/aps*****/******/services/shortcut/model/Shortcut.java
[WARNING]   * src/main/java/com/agiletec/aps*****/******/dispatcher/StrutsPrepareAndE**cuteFilter.java
[WARNING]   * src/main/webapp/WEB-INF/aps*****/jsp/portal/include/frameInfo.jsp
[WARNING]   * src/main/webapp/resources/*****istration/js/bootstrap-datepicker/locales/bootstrap-datepicker.hu.js
[WARNING]   * src/main/java/com/agiletec/aps*****/category/category.xml
[WARNING]   * src/main/webapp/resources/*****istration/js/bootstrap-datepicker/locales/bootstrap-datepicker.pt.js
[WARNING]   * src/main/java/org/entando/entando/aps*****/******/services/shortcut/ShortcutDefDOM.java
[WARNING]   * src/main/java/com/agiletec/aps*****/******/entity/IEntityReferencesReloadingAction.java
[WARNING]   * src/main/webapp/WEB-INF/aps*****/jsp/entity/modules/include/listAttributes/allList_addElementButton.jsp
[WARNING]   * src/main/webapp/resources/*****istration/js/ckeditor/plugins/scayt/dialogs/dialog.css
[WARNING]   * src/test/java/org/entando/entando/aps*****/api/TestConsumerAction.java
[WARNING]   * src/test/java/com/agiletec/aps*****/portal/specialwidget/TestSimpleWidgetConfigAction.java
[WARNING]   * src/main/java/org/entando/entando/aps*****/*****/DatabaseAction.java
[WARNING]   * src/main/webapp/WEB-INF/aps*****/jsp/portal/editFrame.jsp
[WARNING]   * src/main/java/org/entando/entando/aps*****/common/common.xml
[WARNING]   * src/main/java/com/agiletec/aps*****/******/entity/entity.xml
[WARNING]   * src/main/webapp/WEB-INF/aps*****/jsp/entity/attribute-type-entry.jsp
[WARNING]   * src/main/java/com/agiletec/aps*****/category/CategoryAction-validation.xml
[WARNING]   * src/test/java/org/entando/entando/aps*****/user/TestUserFinderAction.java
[WARNING]   * src/main/webapp/WEB-INF/aps*****/jsp/entity/view/threeStateAttribute.jsp
[WARNING]   * src/main/java/org/entando/entando/aps*****/portal/rs/model/AbstractPageResponse.java
[WARNING]   * src/main/java/com/agiletec/aps*****/user/group/helper/IGroupActionHelper.java
[WARNING]   * src/main/webapp/resources/*****istration/css/jqueryui-editable.css
[WARNING]   * src/main/java/com/agiletec/aps*****/******/conversion/ApsDateTypeConverter.java
[WARNING]   * src/main/java/com/agiletec/aps*****/tags/UserShortcutsConfigTag.java
[WARNING]   * src/main/webapp/WEB-INF/aps*****/jsp/common/treeBuilder-request-categories.jsp
[WARNING]   * src/main/webapp/WEB-INF/aps*****/jsp/api/service-entry.jsp
[WARNING]   * src/main/webapp/resources/*****istration/js/bootstrap-datepicker/locales/bootstrap-datepicker.zh-CN.js
[WARNING]   * src/main/webapp/WEB-INF/aps*****/jsp/user/group/entryGroup.jsp
[WARNING]   * src/main/java/com/agiletec/aps*****/portal/helper/IPageActionHelper.java
[WARNING]   * src/main/webapp/resources/*****istration/css/entando.grid-generator.css
[WARNING]   * src/main/webapp/WEB-INF/aps*****/jsp/entity/entity-type-delete-confirm.jsp
[WARNING]   * src/main/webapp/resources/*****istration/js/pages/settingsPage.js
[WARNING]   * src/test/java/com/agiletec/aps*****/user/role/TestRoleAction.java
[WARNING]   * src/main/webapp/WEB-INF/aps*****/jsp/*****/database-restore-intro.jsp
[WARNING]   * src/main/webapp/META-INF/context.xml
[WARNING]   * src/main/java/com/agiletec/aps*****/tags/form/RadioTag.java
[WARNING]   * src/main/webapp/WEB-INF/aps*****/jsp/entity/modules/booleanAttribute.jsp
[WARNING]   * src/main/webapp/resources/*****istration/css/pages/previewPage.css
[WARNING]   * src/main/webapp/WEB-INF/aps*****/jsp/common/layouts/assets-more/portal/page-extra.jsp
[WARNING]   * src/main/webapp/WEB-INF/aps*****/jsp/common/treeBuilder-request-submits.jsp
[WARNING]   * src/main/java/com/agiletec/aps*****/******/ApsAdminSystemConstants.java
[WARNING]   * src/main/webapp/WEB-INF/aps*****/jsp/common/layouts/assets-more/api-service-entry-extras.jsp
[WARNING]   * src/main/webapp/WEB-INF/aps*****/jsp/*****/database-backup-intro.jsp
[WARNING]   * src/main/webapp/WEB-INF/aps*****/jsp/entity/modules/numberAttribute.jsp
[WARNING]   * src/main/webapp/WEB-INF/aps*****/jsp/*****/reloadConfig.jsp
[WARNING]   * src/main/webapp/resources/*****istration/js/ckeditor/plugins/tableselection/styles/tableselection.css
[WARNING]   * src/test/java/org/entando/entando/aps*****/portal/model/AbstractTestPageModelAction.java
[WARNING]   * src/main/webapp/WEB-INF/aps*****/jsp/portal/model/pageModel-references.jsp
[WARNING]   * src/main/webapp/WEB-INF/aps*****/jsp/common/tiles-inserts/settings.jsp
[WARNING]   * src/main/java/org/entando/entando/aps*****/common/ActivityStreamCommentAction.java
[WARNING]   * src/main/webapp/WEB-INF/aps*****/jsp/entity/view/numberAttribute.jsp
[WARNING]   * src/main/java/com/agiletec/aps*****/tags/AdminPagerTag.java
[WARNING]   * src/main/webapp/resources/*****istration/js/entando-typeahead-tree.js
[WARNING]   * src/main/java/org/entando/entando/aps*****/******/tiles/EntandoStrutsTilesContainerFactory.java
[WARNING]   * src/main/java/org/entando/entando/aps*****/******/services/shortcut/model/MenuSection.java
[WARNING]   * src/main/webapp/WEB-INF/aps*****/jsp/entity/modules/checkBoxAttribute.jsp
[WARNING]   * src/main/webapp/resources/*****istration/js/bootstrap-datepicker/locales/bootstrap-datepicker.th.js
[WARNING]   * src/main/java/com/agiletec/aps*****/tags/ShortcutInfoTag.java
[WARNING]   * src/main/java/org/entando/entando/aps*****/common/ActivityStreamAction.java
[WARNING]   * src/main/webapp/WEB-INF/aps*****/jsp/*****/localestring/localeStringTrash.jsp
[WARNING]   * src/main/java/org/entando/entando/aps*****/portal/guifragment/helper/GuiFragmentActionHelper.java
[WARNING]   * src/main/java/com/agiletec/aps*****/tags/form/SubmitTag.java
[WARNING]   * src/main/webapp/WEB-INF/aps*****/jsp/common/layouts/assets-more/inc/attributeType-json-Model.jsp
[WARNING]   * src/main/java/org/entando/entando/aps*****/portal/guifragment/GuiFragmentAction.java
[WARNING]   * src/main/java/org/entando/entando/aps*****/api/ConsumerAction.java
[WARNING]   * src/main/webapp/WEB-INF/aps*****/jsp/user/entryUser.jsp
[WARNING]   * src/test/java/com/agiletec/aps*****/portal/specialwidget/navigator/TestNavigatorWidgetConfigAction.java
[WARNING]   * src/main/java/com/agiletec/aps*****/category/helper/CategoryActionHelper.java
[WARNING]   * src/main/webapp/resources/*****istration/patternfly/js/patternfly.dataTables.pfFilter.js
[WARNING]   * src/main/java/org/entando/entando/aps*****/******/services/shortcut/IUserShortcutDAO.java
[WARNING]   * src/main/webapp/WEB-INF/aps*****/jsp/entity/view/textAttribute.jsp
[WARNING]   * src/test/java/org/entando/entando/aps*****/api/TestApiServiceFinderAction.java
[WARNING]   * src/main/java/org/entando/entando/aps/******/init/model/servdb/UserShortcut.java
[WARNING]   * src/main/webapp/resources/*****istration/js/bootstrap-datepicker/locales/bootstrap-datepicker.rs-latin.js
[WARNING]   * src/main/webapp/resources/*****istration/js/bootstrap-datepicker/locales/bootstrap-datepicker.ar.js
[WARNING]   * src/test/java/com/agiletec/aps*****/TestLabelsProperties.java
[WARNING]   * src/main/webapp/WEB-INF/aps*****/jsp/*****/localestring/localeString-intro.jsp
[WARNING]   * src/main/webapp/WEB-INF/aps*****/jsp/common/layouts/assets-more/portal/pageTreeMenu-extra.jsp
[WARNING]   * src/main/webapp/resources/*****istration/js/codemirror/theme/eclipse.css
[WARNING]   * src/main/java/org/entando/entando/aps/internalservlet/******/dispatcher/mapper/ExtendedDefaultActionMapper.java
[WARNING]   * src/test/java/com/agiletec/aps*****/*****/TestSystemParamsUtils.java
[WARNING]   * src/main/webapp/WEB-INF/aps*****/jsp/common/inc/operations-context-general.jsp
[WARNING]   * src/main/webapp/resources/*****istration/js/bootstrap-datepicker/locales/bootstrap-datepicker.bg.js
[WARNING]   * src/main/java/org/entando/entando/aps*****/common/currentuser/currentUserProfile.xml
[WARNING]   * src/test/java/com/agiletec/aps*****/******/entity/TestEntityManagersAction.java
[WARNING]   * src/main/java/com/agiletec/aps*****/tags/util/IAutoIndexingTag.java
[WARNING]   * src/main/webapp/WEB-INF/aps*****/jsp/portal/widget-entry.jsp
[WARNING]   * src/main/java/com/agiletec/aps*****/util/ApsRequestParamsUtil.java
[WARNING]   * src/main/java/org/entando/entando/aps*****/portal/model/PageModelFinderAction.java
[WARNING]   * src/main/webapp/WEB-INF/aps*****/jsp/user/profile-chooseType.jsp
[WARNING]   * src/main/java/com/agiletec/aps*****/common/BaseCommonAction.java
[WARNING]   * src/main/webapp/WEB-INF/aps*****/jsp/entity/modules/include/attributeInfo.jsp
[WARNING]   * src/main/java/org/entando/entando/aps*****/api/ConsumerAction-validation.xml
[WARNING]   * src/main/java/com/agiletec/aps*****/*****/localestring/LocaleStringAction-validation.xml
[WARNING]   * src/main/webapp/WEB-INF/aps*****/jsp/common/layouts/assets-more/inc/js_trees_context_menu.jsp
[WARNING]   * src/main/webapp/WEB-INF/aps*****/jsp/entity/modules/include/checkBoxAttributeInputField.jsp
[WARNING]   * src/main/webapp/WEB-INF/aps*****/jsp/common/layouts/assets-more/profile-entry.jsp
[WARNING]   * src/main/webapp/WEB-INF/aps*****/jsp/filebrowser/filebrowser-upload.jsp
[WARNING]   * src/main/webapp/WEB-INF/aps*****/jsp/portal/detailPage.jsp
[WARNING]   * src/main/java/org/entando/entando/aps*****/portal/rs/model/PageJO.java
[WARNING]   * src/main/webapp/resources/*****istration/js/bootstrap-datepicker/locales/bootstrap-datepicker.ro.js
[WARNING]   * src/main/webapp/WEB-INF/aps*****/jsp/*****/localestring/localeStringFinding.jsp
[WARNING]   * src/main/webapp/WEB-INF/aps*****/jsp/entity/modules/enumeratorAttribute.jsp
[WARNING]   * src/main/java/org/entando/entando/aps*****/portal/PageActionConstants.java
[WARNING]   * src/main/webapp/WEB-INF/aps*****/jsp/entity/entity-type-entry.jsp
[WARNING]   * src/main/java/org/entando/entando/aps*****/api/ConsumerFinderAction.java
[WARNING]   * src/main/java/org/entando/entando/aps*****/portal/guifragment/helper/IGuiFragmentActionHelper.java
[WARNING]   * src/main/java/com/agiletec/aps*****/******/entity/attribute/manager/CompositeAttributeManager.java
[WARNING]   * src/test/java/com/agiletec/aps*****/*****/localestring/TestLocaleStringFinderAction.java
[WARNING]   * src/main/webapp/resources/*****istration/js/jquery.xml2json.js
[WARNING]   * src/main/webapp/WEB-INF/aps*****/jsp/portal/entryPage.jsp
[WARNING]   * src/main/java/org/entando/entando/aps*****/tags/ActivityStreamTag.java
[WARNING]   * src/main/java/com/agiletec/aps*****/tags/BackendGuiClientTag.java
[WARNING]   * src/main/java/com/agiletec/aps*****/tags/WidgetTypeInfoTag.java
[WARNING]   * src/test/java/org/entando/entando/aps*****/common/TestActivityStreamAction.java
[WARNING]   * src/main/webapp/WEB-INF/aps*****/jsp/api/resource-detail.jsp
[WARNING]   * src/main/java/com/agiletec/aps*****/*****/localestring/LocaleStringAction.java
[WARNING]   * src/main/java/com/agiletec/aps*****/user/group/GroupAction-validation.xml
[WARNING]   * src/main/webapp/resources/*****istration/js/bootstrap-datepicker/locales/bootstrap-datepicker.sq.js
[WARNING]   * src/main/java/com/agiletec/aps*****/******/BaseInterceptorMadMax.java
[WARNING]   * src/main/java/org/entando/entando/aps*****/******/services/shortcut/shortcuts-2.2.xsd
[WARNING]   * src/main/webapp/resources/*****istration/js/bootstrap-datepicker/locales/bootstrap-datepicker.kr.js
[WARNING]   * src/main/java/org/entando/entando/aps*****/******/tiles/EntandoStrutsTilesInitializer.java
[WARNING]   * src/main/java/com/agiletec/aps*****/******/entity/attribute/manager/DateAttributeManager.java
[WARNING]   * src/main/webapp/WEB-INF/aps*****/jsp/common/treeBuilderPagesMenu.jsp
[WARNING]   * src/main/webapp/WEB-INF/aps*****/jsp/category/include/categoryInfo-references.jsp
[WARNING]   * src/main/java/com/agiletec/aps*****/portal/helper/IExternalPageValidator.java
[WARNING]   * src/main/webapp/WEB-INF/aps*****/jsp/*****/reloadEntitiesReferencesConfirm.jsp
[WARNING]   * src/main/webapp/WEB-INF/aps*****/jsp/user/group/groupReferences.jsp
[WARNING]   * src/main/webapp/WEB-INF/aps*****/jsp/common/treeBuilderCategories.jsp
[WARNING]   * src/main/webapp/WEB-INF/aps*****/jsp/portal/model/pageModel-details.jsp
[WARNING]   * src/main/java/com/agiletec/aps*****/portal/ScreenSize.java
[WARNING]   * src/main/webapp/WEB-INF/aps*****/jsp/common/layouts/assets-common.jsp
[WARNING]   * src/main/webapp/resources/*****istration/patternfly/css/patternfly-additions.css
[WARNING]   * src/main/webapp/WEB-INF/aps*****/jsp/entity/view/monolistAttribute.jsp
[WARNING]   * src/main/webapp/WEB-INF/aps*****/jsp/entity/view/timestampAttribute.jsp
[WARNING]   * src/main/webapp/WEB-INF/aps*****/jsp/category/categoryTree.jsp
[WARNING]   * src/main/webapp/WEB-INF/aps*****/jsp/common/treeClassicNodesState.jsp
[WARNING]   * src/main/java/org/entando/entando/aps*****/common/ActivityStreamLikeAction.java
[WARNING]   * src/main/webapp/resources/*****istration/js/ckeditor/entando-ckeditor_config_nolink.js
[WARNING]   * src/main/webapp/WEB-INF/aps*****/jsp/common/userProfile-profile-entry.jsp
[WARNING]   * src/main/webapp/resources/*****istration/js/bootstrap-datepicker/locales/bootstrap-datepicker.rs.js
[WARNING]   * src/main/java/com/agiletec/aps*****/portal/PageTreeMenuAction.java
[WARNING]   * src/main/java/com/agiletec/aps*****/*****/localestring/localeString.xml
[WARNING]   * src/main/java/com/agiletec/aps*****/******/BaseAction.java
[WARNING]   * src/main/webapp/WEB-INF/aps*****/jsp/portal/include/pageInfo_breadcrumbs.jsp
[WARNING]   * src/main/java/org/entando/entando/aps*****/tags/ActivityStreamCommentRecordsTag.java
[WARNING]   * src/main/java/org/entando/entando/aps*****/api/helper/SchemaGeneratorActionHelper.java
[WARNING]   * src/main/java/org/entando/entando/aps*****/******/services/shortcut/ShortcutManager.java
[WARNING]   * src/main/java/com/agiletec/aps*****/portal/WidgetTypeAction-validation.xml
[WARNING]   * src/main/webapp/WEB-INF/aps*****/jsp/entity/include/attribute-operations-misc-composite.jsp
[WARNING]   * src/main/webapp/WEB-INF/aps*****/jsp/entity/modules/include/numberAttributeInputField.jsp
[WARNING]   * src/main/java/com/agiletec/aps*****/common/DispatchAction.java
[WARNING]   * src/main/java/com/agiletec/aps*****/tags/CounterTag.java
[WARNING]   * src/main/java/com/agiletec/aps*****/******/dispatcher/EntandoStaticContentLoader.java
[WARNING]   * src/main/java/org/entando/entando/aps*****/api/ApiResourceAction.java
[WARNING]   * src/main/webapp/resources/*****istration/ace-editor/snippets/json.js
[WARNING]   * src/main/java/org/entando/entando/aps/internalservlet/api/ApiResourceFinderAction.java
[WARNING]   * src/main/webapp/resources/*****istration/js/bootstrap-datepicker/locales/bootstrap-datepicker.nb.js
[WARNING]   * src/main/webapp/resources/*****istration/js/bootstrap-datepicker/locales/bootstrap-datepicker.ua.js
[WARNING]   * src/main/webapp/WEB-INF/aps*****/jsp/portal/widget-delete-confirm.jsp
[WARNING]   * src/main/webapp/WEB-INF/aps*****/jsp/common/layouts/assets-more/user-list.jsp
[WARNING]   * src/main/java/org/entando/entando/aps*****/api/ApiServiceAction.java
[WARNING]   * src/main/webapp/WEB-INF/aps*****/jsp/api/service-delete-confirm.jsp
[WARNING]   * src/main/webapp/WEB-INF/aps*****/jsp/user/group/groupFinding.jsp
[WARNING]   * src/main/java/com/agiletec/aps*****/tags/util/Submit.java
[WARNING]   * src/main/java/com/agiletec/aps*****/******/BaseActionHelper.java
[WARNING]   * src/main/java/com/agiletec/aps*****/*****/baseAdmin.xml
[WARNING]   * src/main/java/org/entando/entando/aps/internalservlet/api/ApiServiceFinderAction.java
[WARNING]   * src/main/webapp/WEB-INF/aps*****/jsp/entity/modules/textAttribute.jsp
[WARNING]   * src/main/webapp/WEB-INF/aps*****/jsp/entity/attribute-type-entry-composite-element.jsp
[WARNING]   * src/main/webapp/WEB-INF/aps*****/jsp/portal/guifragment/guiFragment-list.jsp
[WARNING]   * src/main/webapp/WEB-INF/aps*****/jsp/entity/include/validation-rules-date.jsp
[WARNING]   * src/main/webapp/WEB-INF/aps*****/jsp/common/inc/pager.jsp
[WARNING]   * src/main/webapp/WEB-INF/aps*****/jsp/common/layouts/assets-more/settingsPage-extra.jsp
[WARNING]   * src/main/java/com/agiletec/aps*****/portal/AbstractPortalAction.java
[WARNING]   * src/main/webapp/resources/*****istration/js/bootstrap-datepicker/locales/bootstrap-datepicker.lt.js
[WARNING]   * src/main/java/org/entando/entando/aps*****/api/model/ApiSelectItem.java
[WARNING]   * src/main/java/com/agiletec/aps*****/portal/PageFinderAction.java
[WARNING]   * src/main/java/com/agiletec/aps*****/******/entity/type/IListElementAttributeConfigAction.java
[WARNING]   * src/main/java/com/agiletec/aps*****/******/entity/type/ListElementAttributeConfigAction.java
[WARNING]   * src/main/webapp/WEB-INF/aps*****/jsp/user/user-list.jsp
[WARNING]   * src/main/webapp/WEB-INF/aps*****/jsp/common/layouts/assets-more/category/categoryTree-extra.jsp
[WARNING]   * src/main/webapp/resources/*****istration/js/bootstrap-datepicker/locales/bootstrap-datepicker.et.js
[WARNING]   * src/test/java/com/agiletec/aps*****/******/services/TestShortcutManager.java
[WARNING]   * src/main/java/com/agiletec/aps*****/******/plugin/PluginSubMenuContainer.java
[WARNING]   * src/main/java/com/agiletec/aps*****/tags/form/PasswordTag.java
[WARNING]   * src/main/webapp/WEB-INF/aps*****/jsp/*****/booleanParamBlock.jsp
[WARNING]   * src/main/java/org/entando/entando/aps*****/portal/helper/PageActionHelperOnline.java
[WARNING]   * src/main/webapp/resources/*****istration/js/bootstrap-datepicker/locales/bootstrap-datepicker.mk.js
[WARNING]   * src/main/java/org/entando/entando/aps*****/api/ApiServiceFinderAction.java
[WARNING]   * src/main/java/com/agiletec/aps*****/user/role/role.xml
[WARNING]   * src/main/java/org/entando/entando/aps*****/portal/guifragment/GuiFragmentSettingAction.java
[WARNING]   * src/main/webapp/resources/*****istration/js/bootstrap-datepicker/locales/bootstrap-datepicker.he.js
[WARNING]   * src/main/java/com/agiletec/aps*****/******/entity/type/EntityAttributeConfigAction.java
[WARNING]   * src/main/webapp/WEB-INF/aps*****/jsp/entity/modules/include/threeStateAttributeInputField.jsp
[WARNING]   * src/main/webapp/resources/*****istration/js/bootstrap-datepicker/locales/bootstrap-datepicker.lv.js
[WARNING]   * src/test/java/com/agiletec/aps*****/common/TestLoginAction.java
[WARNING]   * src/main/webapp/WEB-INF/aps*****/jsp/portal/showlet-delete-confirm.jsp
[WARNING]   * src/main/webapp/WEB-INF/aps*****/jsp/entity/view/enumeratorMapAttribute.jsp
[WARNING]   * src/main/java/com/agiletec/aps*****/*****/lang/LangFinderAction.java
[WARNING]   * src/main/java/com/agiletec/aps*****/******/entity/DefaultApsEntityFinderAction.java
[WARNING]   * src/main/webapp/WEB-INF/aps*****/jsp/api/consumer-delete-confirm.jsp
[WARNING]   * src/test/java/org/entando/entando/aps*****/portal/model/TestPageModelAction.java
[WARNING]   * src/main/webapp/WEB-INF/aps*****/jsp/entity/include/validation-rules-text.jsp
[WARNING]   * src/main/java/org/entando/entando/aps/internalservlet/******/I18nFrontEndInterceptor.java
[WARNING]   * src/main/webapp/resources/*****istration/js/shortcuts.js
[WARNING]   * src/main/webapp/WEB-INF/aps*****/jsp/portal/showlet-list.jsp
[WARNING]   * src/test/java/com/agiletec/aps*****/portal/TestPageAction.java
[WARNING]   * src/main/java/com/agiletec/aps*****/portal/WidgetsViewerAction-validation.xml
[WARNING]   * src/main/webapp/resources/*****istration/js/bootstrap-datepicker/bootstrap-datepicker.js
[WARNING]   * src/main/java/com/agiletec/aps*****/util/SelectItem.java
[WARNING]   * src/main/webapp/WEB-INF/aps*****/jsp/api/consumer-entry.jsp
[WARNING]   * src/main/java/org/entando/entando/aps*****/******/ActionLoggerInterceptor.java
[WARNING]   * src/main/java/com/agiletec/aps*****/category/CategoryAction.java
[WARNING]   * src/main/java/org/entando/entando/aps*****/portal/model/PageModelAction-validation.xml
[WARNING]   * src/main/webapp/resources/*****istration/js/codemirror/addon/hint/show-hint.css
[WARNING]   * src/main/java/com/agiletec/aps*****/******/entity/type/EntityTypesAction-validation.xml
[WARNING]   * src/main/webapp/WEB-INF/aps*****/jsp/category/include/categoryInfo_breadcrumbs.jsp
[WARNING]   * src/main/webapp/WEB-INF/aps*****/jsp/entity/entityFinding.jsp
[WARNING]   * src/main/java/com/agiletec/aps*****/tags/util/Hidden.java
[WARNING]   * src/main/java/com/agiletec/aps*****/******/entity/type/EntityTypesAction.java
[WARNING]   * src/main/java/com/agiletec/aps*****/******/entity/attribute/manager/HypertextAttributeManager.java
[WARNING]   * src/main/java/com/agiletec/aps*****/tags/TracerFactoryTag.java
[WARNING]   * src/main/webapp/WEB-INF/aps*****/jsp/entity/modules/compositeAttribute.jsp
[WARNING]   * src/test/java/com/agiletec/aps*****/common/TestBaseCommonAction.java
[WARNING]   * src/main/webapp/WEB-INF/aps*****/jsp/user/role/viewRole.jsp
[WARNING]   * src/main/java/com/agiletec/aps*****/tags/util/RadioMap.java
[WARNING]   * src/main/webapp/resources/*****istration/ace-editor/ext-error_marker.js
[WARNING]   * src/main/java/com/agiletec/aps*****/******/ChainingInterceptor.java
[WARNING]   * src/main/java/com/agiletec/aps*****/tags/ApsActionParamSubTag.java
[WARNING]   * src/main/webapp/resources/*****istration/js/pages/pageModel-entry.js
[WARNING]   * src/main/webapp/resources/*****istration/js/ckeditor/entando-ckeditor_config.js
[WARNING]   * src/main/webapp/WEB-INF/aps*****/jsp/common/layouts/assets-more/inc/snippet-datepicker.jsp
[WARNING]   * src/main/java/org/entando/entando/aps*****/portal/guifragment/GuiFragmentAction-validation.xml
[WARNING]   * src/main/java/org/entando/entando/aps*****/portal/rs/model/PageResponse.java
[WARNING]   * src/main/webapp/WEB-INF/aps*****/jsp/user/profile-view.jsp
[WARNING]   * src/main/webapp/WEB-INF/aps*****/jsp/common/error.jsp
[WARNING]   * src/main/webapp/WEB-INF/aps*****/jsp/*****/database-*****.jsp
[WARNING]   * src/main/webapp/WEB-INF/aps*****/jsp/common/inc/messages.jsp
[WARNING]   * src/main/webapp/resources/*****istration/js/ckeditor/contents.css
[WARNING]   * src/main/webapp/WEB-INF/aps*****/jsp/common/layouts/assets-more/startPage.jsp
[WARNING]   * src/main/webapp/resources/*****istration/js/bootstrap-datepicker/locales/bootstrap-datepicker.sw.js
[WARNING]   * src/test/java/org/entando/entando/aps*****/user/TestUserAction.java
[WARNING]   * src/main/webapp/WEB-INF/aps*****/jsp/user/userSettings.jsp
[WARNING]   * src/main/webapp/WEB-INF/aps*****/jsp/user/user-authorizations.jsp
[WARNING]   * src/main/webapp/WEB-INF/aps*****/jsp/entity/include/entity-type-list-body.jsp
[WARNING]   * src/main/webapp/resources/*****istration/js/bootstrap-datepicker/locales/bootstrap-datepicker.fi.js
[WARNING]   * src/main/webapp/WEB-INF/aps*****/jsp/filebrowser/filebrowser-newdir.jsp
[WARNING]   * src/main/java/com/agiletec/aps*****/portal/WidgetsViewerAction.java
[WARNING]   * src/main/webapp/WEB-INF/aps*****/jsp/common/inc/menu-shortcuts.jsp
[WARNING]   * src/main/webapp/WEB-INF/aps*****/jsp/entity/attribute-type-entry-composite.jsp
[WARNING]   * src/main/java/com/agiletec/aps*****/portal/specialwidget/specialWidget.xml
[WARNING]   * src/main/webapp/WEB-INF/aps*****/jsp/common/layouts/assets-more/dashboard/dashboard-extra.jsp
[WARNING]   * src/main/java/org/entando/entando/aps*****/portal/rs/model/PagesStatusResponse.java
[WARNING]   * src/main/java/com/agiletec/aps*****/tags/HookPointTag.java
[WARNING]   * src/main/java/org/entando/entando/aps/internalservlet/******/dispatcher/Struts2ServletDispatcher.java
[WARNING]   * src/main/webapp/WEB-INF/aps*****/jsp/common/template/mainBody.jsp
[WARNING]   * src/main/webapp/resources/*****istration/js/bootstrap-datepicker/locales/bootstrap-datepicker.sl.js
[WARNING]   * src/main/webapp/resources/*****istration/css/pages/pageTreeMenu.css
[WARNING]   * src/main/java/com/agiletec/aps*****/*****/BaseAdminAction.java
[WARNING]   * src/main/webapp/resources/*****istration/js/bootstrap-datepicker/locales/bootstrap-datepicker.hr.js
[WARNING]   * src/main/java/org/entando/entando/aps*****/******/tiles/EntandoStrutsTilesListener.java
[WARNING]   * src/main/java/org/entando/entando/aps*****/portal/model/helper/IPageModelActionHelper.java
[WARNING]   * src/test/java/org/entando/entando/aps*****/user/TestUserAuthorizationAction.java
[WARNING]   * src/main/java/com/agiletec/aps*****/******/dispatcher/EntandoActionUtils.java
[WARNING]   * src/main/java/com/agiletec/aps*****/tags/PageInfoTag.java
[WARNING]   * src/main/java/com/agiletec/aps*****/******/entity/ApsEntityActionConstants.java
[WARNING]   * src/main/webapp/WEB-INF/aps*****/jsp/common/inc/pagerInfo.jsp
[WARNING]   * src/main/java/com/agiletec/aps*****/tags/form/TextFieldTag.java
[WARNING]   * src/main/java/org/entando/entando/aps*****/tags/EntityTypesInfoTag.java
[WARNING]   * src/main/webapp/WEB-INF/aps*****/jsp/api/include/resource-method-detail.jsp
[WARNING]   * src/main/java/com/agiletec/aps*****/portal/helper/IPageActionReferencesHelper.java
[WARNING]   * src/main/webapp/WEB-INF/aps*****/jsp/filebrowser/filebrowser-list.jsp
[WARNING]   * src/main/java/com/agiletec/aps*****/******/entity/AbstractApsEntityFinderAction.java
[WARNING]   * src/main/webapp/WEB-INF/aps*****/jsp/portal/putPageOffline.jsp
[WARNING]   * src/main/webapp/resources/*****istration/js/bootstrap-datepicker/locales/bootstrap-datepicker.no.js
[WARNING]   * src/main/java/org/entando/entando/aps*****/portal/model/helper/PageModelActionHelper.java
[WARNING]   * src/main/java/com/agiletec/aps*****/******/entity/type/IEntityAttributeConfigAction.java
[WARNING]   * src/main/java/com/agiletec/aps*****/******/InterceptorMadMax2nd.java
[WARNING]   * src/main/java/com/agiletec/aps*****/******/entity/attribute/manager/AbstractAttributeManager.java
[WARNING]   * src/main/webapp/resources/*****istration/js/ckeditor/plugins/scayt/skins/moono-lisa/scayt.css
[WARNING]   * src/main/java/com/agiletec/aps*****/******/dispatcher/Struts2ServletDispatcher.java
[WARNING]   * src/main/java/com/agiletec/aps*****/portal/PageAction-validation.xml
[WARNING]   * src/main/java/org/entando/entando/aps*****/******/resource/CustomLocalizedTextProvider.java
[WARNING]   * src/main/java/org/entando/entando/aps/internalservlet/api/ApiResourceAction.java
[WARNING]   * src/main/java/org/entando/entando/aps*****/api/ApiResourceFinderAction.java
[WARNING]   * src/main/java/com/agiletec/aps*****/common/DispatchAction-validation.xml
[WARNING]   * src/main/webapp/WEB-INF/aps*****/jsp/portal/pageTreeMenu.jsp
[WARNING]   * src/main/webapp/resources/*****istration/patternfly/js/patternfly.dataTables.pfSelect.js
[WARNING]   * src/main/webapp/WEB-INF/aps*****/jsp/entity/view/hypertextAttribute.jsp
[WARNING]   * src/main/webapp/WEB-INF/aps*****/jsp/user/role/include/roleInfo-references.jsp
[WARNING]   * src/main/webapp/WEB-INF/aps*****/jsp/common/inc/profile-formFields.jsp
[WARNING]   * src/main/java/com/agiletec/aps*****/portal/specialwidget/SimpleWidgetConfigAction.java
[WARNING]   * src/main/java/org/entando/entando/aps/internalservlet/user/currentUserProfile.xml
[WARNING]   * src/main/webapp/resources/*****istration/js/bootstrap-datepicker/locales/bootstrap-datepicker.it.js
[WARNING]   * src/main/webapp/WEB-INF/aps*****/jsp/common/shortcut/ajax/shortcut-result.jsp
[WARNING]   * src/main/webapp/WEB-INF/aps*****/jsp/common/template/dashboard.jsp
[WARNING]   * src/main/webapp/WEB-INF/aps*****/jsp/portal/settingsPage.jsp
[WARNING]   * src/main/webapp/resources/*****istration/js/ckeditor/build-config.js
[WARNING]   * src/main/java/org/entando/entando/aps*****/portal/helper/PageActionHelperDraft.java
[WARNING]   * src/main/webapp/resources/*****istration/js/bootstrap-datepicker/locales/bootstrap-datepicker.fr.js
[WARNING]   * src/main/webapp/WEB-INF/aps*****/jsp/portal/configPage.jsp
[WARNING]   * src/main/webapp/resources/*****istration/js/bootstrap-datepicker/locales/bootstrap-datepicker.cy.js
[WARNING]   * src/main/java/com/agiletec/aps*****/******/entity/attribute/manager/CheckBoxAttributeManager.java
[WARNING]   * src/test/java/org/entando/entando/aps*****/common/TestActivityStream.java
[WARNING]   * src/main/java/org/entando/entando/aps*****/common/UserAvatarAction.java
[WARNING]   * src/main/java/org/entando/entando/aps*****/tags/ActivityTitleTag.java
[WARNING]   * src/main/java/org/entando/entando/aps*****/user/attribute/action/list/ListAttributeAction.java
[WARNING]   * src/main/webapp/resources/*****istration/js/bootstrap-offcanvas.js
[WARNING]   * src/main/webapp/WEB-INF/aps*****/jsp/*****/localestring/localeStringEntry.jsp
[WARNING]   * src/main/java/com/agiletec/aps*****/tags/util/ParamMap.java
[WARNING]   * src/main/java/com/agiletec/aps*****/******/dispatcher/mapper/ExtendedDefaultActionMapper.java
[WARNING]   * src/main/webapp/WEB-INF/aps*****/jsp/entity/modules/include/timestampAttributeExtraInputField.jsp
[WARNING]   * src/main/webapp/resources/*****istration/js/bootstrap-datepicker/locales/bootstrap-datepicker.de.js
[WARNING]   * src/main/java/com/agiletec/aps*****/******/entity/attribute/manager/AbstractMultiLangAttributeManager.java
[WARNING]   * src/main/webapp/WEB-INF/aps*****/jsp/common/layouts/assets-more/portal/pageTree-extra.jsp
[WARNING]   * src/main/webapp/WEB-INF/aps*****/jsp/api/resource-list.jsp
[WARNING]   * src/main/webapp/WEB-INF/aps*****/jsp/common/userProfile-entry.jsp
[WARNING]   * src/main/webapp/WEB-INF/aps*****/jsp/common/layouts/assets-more/portal/configPage-extra.jsp
[WARNING]   * src/main/java/com/agiletec/aps*****/******/entity/attribute/manager/AttributeManagerInterface.java
[WARNING]   * src/test/java/org/entando/entando/aps/internalservlet/******/dispatcher/FrontServletActionRedirectResultIntegrationTest.java
[WARNING]   * src/main/java/org/entando/entando/aps*****/user/user.xml
[WARNING]   * src/main/java/org/entando/entando/aps*****/tags/ActivityStreamLikeRecordsTag.java
[WARNING]   * src/main/java/com/agiletec/aps*****/user/group/GroupAction.java
[WARNING]   * src/main/java/com/agiletec/aps*****/******/dispatcher/FrontServletActionRedirectResult.java
[WARNING]   * src/main/webapp/WEB-INF/aps*****/jsp/user/role/trashRole.jsp
[WARNING]   * src/main/java/com/agiletec/aps*****/******/entity/EntityActionHelper.java
[WARNING]   * src/main/webapp/index.jsp
[WARNING]   * src/main/java/com/agiletec/aps*****/portal/specialwidget/navigator/NavigatorWidgetConfigAction.java
[WARNING]   * src/main/java/org/entando/entando/aps*****/user/userprofile.xml
[WARNING]   * src/main/java/com/agiletec/aps*****/******/entity/type/CompositeAttributeConfigAction.java
[WARNING]   * src/main/java/org/entando/entando/aps*****/******/CustomTokenInterceptor.java
[WARNING]   * src/main/webapp/WEB-INF/aps*****/jsp/portal/widget-list.jsp
[WARNING]   * src/main/webapp/WEB-INF/aps*****/jsp/common/inc/pager_formBlock.jsp
[WARNING]   * src/main/webapp/WEB-INF/aps*****/jsp/common/tiles-inserts/footer.jsp
[WARNING]   * src/main/webapp/resources/*****istration/js/bootstrap-datepicker/locales/bootstrap-datepicker.ru.js
[WARNING]   * src/main/java/org/entando/entando/aps*****/******/services/shortcut/UserShortcutDAO.java
[WARNING]   * src/main/webapp/WEB-INF/aps*****/jsp/*****/database-backup-details.jsp
[WARNING]   * src/main/java/com/agiletec/aps*****/******/entity/IApsEntityAction.java
[WARNING]   * src/main/webapp/WEB-INF/aps*****/jsp/common/layouts/assets-more/portal/pageSearch-extra.jsp
[WARNING]   * src/main/webapp/WEB-INF/aps*****/jsp/entity/modules/monolistAttribute.jsp
[WARNING] This may lead to missing/broken features in SonarCloud
[INFO] CPD E**cutor 105 files had no CPD blocks
[INFO] CPD E**cutor Calculating CPD for 466 files
[INFO] CPD E**cutor CPD calculation finished (done) | time=237ms
[INFO] Analysis report generated in 322ms, dir size=6 MB
[INFO] Analysis report compressed in 1356ms, zip size=2 MB
[INFO] Analysis report uploaded in 676ms
[INFO] ANALYSIS SUCCESSFUL, you can find the results at: https://sonarcloud.io/dashboard?id=entando_entando-*****-console
[INFO] Note that you will be able to access the updated dashboard once the server has processed the submitted analysis report
[INFO] More about the report processing at https://sonarcloud.io/api/ce/task?id=AXpkJY6pVqhBpmrueLY1
[INFO] Analysis total time: 12:29.725 s
[INFO] ------------------------------------------------------------------------
[INFO] BUILD SUCCESS
[INFO] ------------------------------------------------------------------------
[INFO] Total time:  16:56 min
[INFO] Finished at: 2021-07-01T22:17:11Z
[INFO] ------------------------------------------------------------------------
error: etcdserver: request is too large
Congratulations! No build failures found for entando-*****-console-master.

Showing logs for build [32mentando-entando-admin-console-m-bk4jt-3[0m stage [32mfrom-build-pack[0m and container [32mstep-promote-changelog[0m
Converted /workspace/source to an unshallow repository
Generating change log from git ref 6654b8f09c60845cf891040bbb98ab0f3ba06d83 => 5576c6029e369201e8d330c7d0328fa7e648f550
Associating user eugenio-santoboni in users.jenkins.io with email eugenio.santoboni@gmail.com to git GitProvider user with login eugenio-santoboni-0 as emails match
Adding label jenkins.io/git-github-userid=eugenio-santoboni-0 to user eugenio-santoboni in users.jenkins.io
Associating user github in users.jenkins.io with email noreply@github.com to git GitProvider user with login github-0 as emails match
Adding label jenkins.io/git-github-userid=github-0 to user github in users.jenkins.io
Finding issues in commit messages using git format
Associating user eugenio-santoboni in users.jenkins.io with email eugenio.santoboni@gmail.com to git GitProvider user with login eugenio-santoboni-0 as emails match
Adding label jenkins.io/git-github-userid=eugenio-santoboni-0 to user eugenio-santoboni in users.jenkins.io
Associating user eugenio-santoboni in users.jenkins.io with email eugenio.santoboni@gmail.com to git GitProvider user with login eugenio-santoboni-0 as emails match
Adding label jenkins.io/git-github-userid=eugenio-santoboni-0 to user eugenio-santoboni in users.jenkins.io
Associating user eugenio-santoboni in users.jenkins.io with email eugenio.santoboni@gmail.com to git GitProvider user with login eugenio-santoboni-0 as emails match
Adding label jenkins.io/git-github-userid=eugenio-santoboni-0 to user eugenio-santoboni in users.jenkins.io
Associating user eugenio-santoboni in users.jenkins.io with email eugenio.santoboni@gmail.com to git GitProvider user with login eugenio-santoboni-0 as emails match
Adding label jenkins.io/git-github-userid=eugenio-santoboni-0 to user eugenio-santoboni in users.jenkins.io
Associating user eugenio-santoboni in users.jenkins.io with email eugenio.santoboni@gmail.com to git GitProvider user with login eugenio-santoboni-0 as emails match
Adding label jenkins.io/git-github-userid=eugenio-santoboni-0 to user eugenio-santoboni in users.jenkins.io
Associating user eugenio-santoboni in users.jenkins.io with email eugenio.santoboni@gmail.com to git GitProvider user with login eugenio-santoboni-0 as emails match
Adding label jenkins.io/git-github-userid=eugenio-santoboni-0 to user eugenio-santoboni in users.jenkins.io
Associating user eugenio-santoboni in users.jenkins.io with email eugenio.santoboni@gmail.com to git GitProvider user with login eugenio-santoboni-0 as emails match
Adding label jenkins.io/git-github-userid=eugenio-santoboni-0 to user eugenio-santoboni in users.jenkins.io
Associating user eugenio-santoboni in users.jenkins.io with email eugenio.santoboni@gmail.com to git GitProvider user with login eugenio-santoboni-0 as emails match
Adding label jenkins.io/git-github-userid=eugenio-santoboni-0 to user eugenio-santoboni in users.jenkins.io
WARNING: No release found for entando/entando-*****-console and tag v6.4.1 so creating a new release
Updated the release information at https://github.com/entando/entando-*****-console/releases/tag/v6.4.1
generated: /workspace/source/templates/release.yaml
Created Release entando-*****-console-6-4-1 resource in namespace **
Updating PipelineActivity entando-entando-*****-console-master-3 with version 6.4.1
Updated PipelineActivities entando-entando-*****-console-master-3 with release notes URL: https://github.com/entando/entando-*****-console/releases/tag/v6.4.1

Showing logs for build [32mentando-entando-admin-console-m-bk4jt-3[0m stage [32mfrom-build-pack[0m and container [32mstep-promote-update-bom[0m
/tmp /workspace/source
Cloning into 'entando-core-bom'...
/tmp/entando-core-bom /tmp /workspace/source
[master 4a90430] Bumped entando-*****-console to 6.4.1
 1 file changed, 1 insertion(+), 1 deletion(-)
To https://github.com/entando/entando-core-bom.git
   febfc89..4a90430  master -> master
/tmp /workspace/source
/workspace/source
