
Showing logs for build [32mentando-k8s-entando-k8s-control-7qgn6-1[0m stage [32mfrom-build-pack[0m and container [32mstep-credential-initializer-pcwnn[0m
{"level":"warn","ts":1614948654.1183667,"logger":"fallback-logger","caller":"logging/config.go:69","msg":"Fetch GitHub commit ID from kodata failed: \"ref: refs/heads/0.8.0-**-support-backwards-incompats\" is not a valid GitHub commit ID"}
{"level":"info","ts":1614948654.135956,"logger":"fallback-logger","caller":"creds-init/main.go:40","msg":"Credentials initialized."}

Showing logs for build [32mentando-k8s-entando-k8s-control-7qgn6-1[0m stage [32mfrom-build-pack[0m and container [32mstep-working-dir-initializer-d7qxp[0m
{"level":"warn","ts":1614948660.8399723,"logger":"fallback-logger","caller":"logging/config.go:69","msg":"Fetch GitHub commit ID from kodata failed: open /var/run/ko/HEAD: no such file or directory"}
{"level":"info","ts":1614948660.8600702,"logger":"fallback-logger","caller":"bash/main.go:64","msg":"Successfully e**cuted command \"sh -c mkdir -p /workspace/source\"; output "}

Showing logs for build [32mentando-k8s-entando-k8s-control-7qgn6-1[0m stage [32mfrom-build-pack[0m and container [32mstep-place-tools[0m

Showing logs for build [32mentando-k8s-entando-k8s-control-7qgn6-1[0m stage [32mfrom-build-pack[0m and container [32mstep-git-source-entando-k8s-entando-k8s-control-wqn67[0m
{"level":"warn","ts":1614948691.7521567,"logger":"fallback-logger","caller":"logging/config.go:69","msg":"Fetch GitHub commit ID from kodata failed: \"ref: refs/heads/0.8.0-**-support-backwards-incompats\" is not a valid GitHub commit ID"}
{"level":"info","ts":1614948692.5375447,"logger":"fallback-logger","caller":"git/git.go:103","msg":"Successfully cloned https://github.com/entando-k8s/entando-k8s-controller-coordinator.git @ master in path /workspace/source"}

Showing logs for build [32mentando-k8s-entando-k8s-control-7qgn6-1[0m stage [32mfrom-build-pack[0m and container [32mstep-git-merge[0m
Using SHAs from PULL_REFS=master:6c57a3261a3d0dea2f7724997216c82541fd0b2e,69:5fd28c98633c9ca441e13bd79f5fae257fa63697
DEBUG: ran git fetch --unshallow origin 5fd28c98633c9ca441e13bd79f5fae257fa63697: 6c57a3261a3d0dea2f7724997216c82541fd0b2e: in 
DEBUG: ran git checkout master in 
DEBUG: ran git reset --hard 6c57a3261a3d0dea2f7724997216c82541fd0b2e in 
DEBUG: ran clean --force -d . in 
DEBUG: ran git merge 5fd28c98633c9ca441e13bd79f5fae257fa63697 in 
Merged SHA 5fd28c98633c9ca441e13bd79f5fae257fa63697 with commit message 'ENG-1876 removed unnecessary Secret mounts' into base branch master

Showing logs for build [32mentando-k8s-entando-k8s-control-7qgn6-1[0m stage [32mfrom-build-pack[0m and container [32mstep-build-set-version[0m
Picked up _JAVA_OPTIONS: -XX:+UnlockExperimentalVMOptions -Dsun.zip.disableMemoryMapping=**** -XX:+UseParallelGC -XX:MinHeapFreeRatio=5 -XX:MaxHeapFreeRatio=10 -XX:GCTimeRatio=4 -XX:AdaptiveSizePolicyWeight=90 -Xms1000m -Xmx12000m
[INFO] Scanning for projects...
[INFO] 
[INFO] -----------< org.entando:entando-k8s-controller-coordinator >-----------
[INFO] Building Entando K8S Controller Coordinator 6.3.0-SNAPSHOT
[INFO] --------------------------------[ jar ]---------------------------------
[INFO] 
[INFO] --- versions-maven-plugin:2.8.1:set (default-cli) @ entando-k8s-controller-coordinator ---
[INFO] Local aggregation ****: /workspace/source
[INFO] Processing change of org.entando:entando-k8s-controller-coordinator:6.3.0-SNAPSHOT -> 0.0.0-SNAPSHOT-PR-69-1
[INFO] Processing org.entando:entando-k8s-controller-coordinator
[INFO]     Updating project org.entando:entando-k8s-controller-coordinator
[INFO]         from version 6.3.0-SNAPSHOT to 0.0.0-SNAPSHOT-PR-69-1
[INFO] 
[INFO] ------------------------------------------------------------------------
[INFO] BUILD SUCCESS
[INFO] ------------------------------------------------------------------------
[INFO] Total time:  10.517 s
[INFO] Finished at: 2021-03-05T12:51:47Z
[INFO] ------------------------------------------------------------------------

Showing logs for build [32mentando-k8s-entando-k8s-control-7qgn6-1[0m stage [32mfrom-build-pack[0m and container [32mstep-build-fix-git-for-sonar[0m
Switched to a new branch 'PR-69'
M	pom.xml
Deleted branch master (was 5fd28c9).
From https://github.com/entando-k8s/entando-k8s-controller-coordinator
 * [new branch]      master                  -> master
 * [new tag]         Entando6.2.1-pre-test01 -> Entando6.2.1-pre-test01

Showing logs for build [32mentando-k8s-entando-k8s-control-7qgn6-1[0m stage [32mfrom-build-pack[0m and container [32mstep-build-mvn-verify-pr[0m
Picked up _JAVA_OPTIONS: -XX:+UnlockExperimentalVMOptions -Dsun.zip.disableMemoryMapping=**** -XX:+UseParallelGC -XX:MinHeapFreeRatio=5 -XX:MaxHeapFreeRatio=10 -XX:GCTimeRatio=4 -XX:AdaptiveSizePolicyWeight=90 -Xms1000m -Xmx12000m
[INFO] Scanning for projects...
[INFO] 
[INFO] -----------< org.entando:entando-k8s-controller-coordinator >-----------
[INFO] Building Entando K8S Controller Coordinator 0.0.0-SNAPSHOT-PR-69-1
[INFO] --------------------------------[ jar ]---------------------------------
[INFO] 
[INFO] --- maven-checkstyle-plugin:3.1.1:check (validate) @ entando-k8s-controller-coordinator ---
[INFO] Starting audit...
Audit done.
[INFO] You have 0 Checkstyle violations.
[INFO] 
[INFO] --- maven-checkstyle-plugin:3.1.1:checkstyle (validate) @ entando-k8s-controller-coordinator ---
[INFO] Starting audit...
Audit done.
[INFO] 
[INFO] --- jacoco-maven-plugin:0.8.5:prepare-agent (prepare-agent) @ entando-k8s-controller-coordinator ---
[INFO] argLine set to -javaagent:/home/jenkins/.mvnrepository/org/jacoco/org.jacoco.agent/0.8.5/org.jacoco.agent-0.8.5-runtime.jar=destfile=/workspace/source/target/jacoco.e**c
[INFO] 
[INFO] --- maven-resources-plugin:2.6:resources (default-resources) @ entando-k8s-controller-coordinator ---
[INFO] Using 'UTF-8' encoding to copy filtered resources.
[INFO] Copying 3 resources
[INFO] 
[INFO] --- maven-compiler-plugin:3.8.1:compile (default-compile) @ entando-k8s-controller-coordinator ---
[INFO] Changes detected - recompiling the module!
[INFO] Compiling 10 source files to /workspace/source/target/classes
[WARNING] /workspace/source/src/main/java/org/entando/kubernetes/controller/coordinator/TrustStoreSecretRegenerator.java:[27,74] unchecked call to AtomicReference(V) as a member of the raw type java.util.concurrent.atomic.AtomicReference
[WARNING] /workspace/source/src/main/java/org/entando/kubernetes/controller/coordinator/TrustStoreSecretRegenerator.java:[27,74] unchecked conversion
  required: java.util.concurrent.atomic.AtomicReference<java.lang.String>
  found:    java.util.concurrent.atomic.AtomicReference
[INFO] 
[INFO] --- maven-resources-plugin:2.6:testResources (default-testResources) @ entando-k8s-controller-coordinator ---
[INFO] Using 'UTF-8' encoding to copy filtered resources.
[INFO] Copying 6 resources
[INFO] 
[INFO] --- maven-compiler-plugin:3.8.1:testCompile (default-testCompile) @ entando-k8s-controller-coordinator ---
[INFO] Changes detected - recompiling the module!
[INFO] Compiling 9 source files to /workspace/source/target/test-classes
[INFO] 
[INFO] --- maven-surefire-plugin:3.0.0-M1:test (default-test) @ entando-k8s-controller-coordinator ---
[INFO] 
[INFO] -------------------------------------------------------
[INFO]  T E S T S
[INFO] -------------------------------------------------------
[INFO] Running org.entando.kubernetes.controller.coordinator.inprocesstests.EntandoOperatorMatcherTest
Mar 05, 2021 12:52:14 PM org.entando.kubernetes.controller.coordinator.EntandoOperatorMatcher matchesThisOperator
WARNING: Operator ID mismatch. Ignoring resource EntandoApp:null/null
Mar 05, 2021 12:52:14 PM org.entando.kubernetes.controller.coordinator.EntandoOperatorMatcher matchesThisOperator
WARNING: Operator version mismatch. Ignoring resource EntandoApp:null/null
Mar 05, 2021 12:52:14 PM org.entando.kubernetes.controller.coordinator.EntandoOperatorMatcher matchesThisOperator
WARNING: Operator ID mismatch. Ignoring resource EntandoApp:null/null
Mar 05, 2021 12:52:14 PM org.entando.kubernetes.controller.coordinator.EntandoOperatorMatcher matchesThisOperator
WARNING: Operator ID mismatch. Ignoring resource EntandoApp:null/null
[INFO] Tests run: 7, Failures: 0, Errors: 0, Skipped: 0, Time elapsed: 0.244 s - in org.entando.kubernetes.controller.coordinator.inprocesstests.EntandoOperatorMatcherTest
[INFO] Running org.entando.kubernetes.controller.coordinator.inprocesstests.ControllerCoordinatorEdgeConditionsTest
Mar 05, 2021 12:52:16 PM org.entando.kubernetes.controller.coordinator.EntandoResourceObserver logResource
WARNING: EntandoKeycloakServer observed-namespace/test-keycloak has a new resource version: X
Mar 05, 2021 12:52:16 PM org.entando.kubernetes.controller.coordinator.EntandoResourceObserver logResource
WARNING: EntandoKeycloakServer observed-namespace/test-keycloak is a top level resource
Mar 05, 2021 12:52:16 PM org.entando.kubernetes.controller.coordinator.EntandoResourceObserver logResource
WARNING: EntandoKeycloakServer observed-namespace/test-keycloak is processed after a metadata.generation increment.
Mar 05, 2021 12:52:16 PM org.entando.kubernetes.controller.coordinator.EntandoResourceObserver logResource
INFO: Received ADDED for the EntandoKeycloakServer observed-namespace/test-keycloak
Mar 05, 2021 12:52:16 PM org.entando.kubernetes.controller.coordinator.EntandoResourceObserver logResource
WARNING: Duplicate event for EntandoKeycloakServer observed-namespace/test-keycloak. ResourceVersion=X
Mar 05, 2021 12:52:16 PM org.entando.kubernetes.controller.coordinator.EntandoResourceObserver logResource
WARNING: EntandoKeycloakServer observed-namespace/test-keycloak has a new resource version: 1
Mar 05, 2021 12:52:16 PM org.entando.kubernetes.controller.coordinator.EntandoResourceObserver logResource
WARNING: EntandoKeycloakServer observed-namespace/test-keycloak is a top level resource
Mar 05, 2021 12:52:16 PM org.entando.kubernetes.controller.coordinator.EntandoResourceObserver logResource
WARNING: Processing of EntandoKeycloakServer observed-namespace/test-keycloak has been deferred or ignored using entando.org/processing-instruction.
Mar 05, 2021 12:52:16 PM org.entando.kubernetes.controller.coordinator.EntandoResourceObserver logResource
WARNING: EntandoKeycloakServer observed-namespace/test-keycloak has a new resource version: 1
Mar 05, 2021 12:52:16 PM org.entando.kubernetes.controller.coordinator.EntandoResourceObserver logResource
WARNING: EntandoKeycloakServer observed-namespace/test-keycloak is a top level resource
Mar 05, 2021 12:52:16 PM org.entando.kubernetes.controller.coordinator.EntandoResourceObserver logResource
WARNING: EntandoKeycloakServer observed-namespace/test-keycloak is processed after a metadata.generation increment.
Mar 05, 2021 12:52:16 PM org.entando.kubernetes.controller.coordinator.EntandoResourceObserver logResource
INFO: Received MODIFIED for the EntandoKeycloakServer observed-namespace/test-keycloak
Mar 05, 2021 12:52:16 PM org.entando.kubernetes.controller.coordinator.EntandoResourceObserver logResource
WARNING: EntandoKeycloakServer observed-namespace/test-keycloak has a new resource version: 1
Mar 05, 2021 12:52:16 PM org.entando.kubernetes.controller.coordinator.EntandoResourceObserver logResource
WARNING: EntandoKeycloakServer observed-namespace/test-keycloak is a top level resource
Mar 05, 2021 12:52:16 PM org.entando.kubernetes.controller.coordinator.EntandoResourceObserver logResource
WARNING: Processing of EntandoKeycloakServer observed-namespace/test-keycloak has been forced using entando.org/processing-instruction.
Mar 05, 2021 12:52:16 PM org.entando.kubernetes.controller.coordinator.EntandoResourceObserver logResource
INFO: Received MODIFIED for the EntandoKeycloakServer observed-namespace/test-keycloak
Mar 05, 2021 12:52:16 PM org.entando.kubernetes.controller.coordinator.EntandoResourceObserver logResource
WARNING: EntandoKeycloakServer observed-namespace/test-keycloak has a new resource version: 1
Mar 05, 2021 12:52:16 PM org.entando.kubernetes.controller.coordinator.EntandoResourceObserver logResource
WARNING: EntandoKeycloakServer observed-namespace/test-keycloak is a top level resource
Mar 05, 2021 12:52:16 PM org.entando.kubernetes.controller.coordinator.EntandoResourceObserver logResource
WARNING: EntandoKeycloakServer observed-namespace/test-keycloak is processed after a metadata.generation increment.
Mar 05, 2021 12:52:16 PM org.entando.kubernetes.controller.coordinator.EntandoResourceObserver logResource
INFO: Received MODIFIED for the EntandoKeycloakServer observed-namespace/test-keycloak
Mar 05, 2021 12:52:16 PM org.entando.kubernetes.controller.coordinator.EntandoResourceObserver logResource
WARNING: EntandoKeycloakServer observed-namespace/test-keycloak has a new resource version: 5
Mar 05, 2021 12:52:16 PM org.entando.kubernetes.controller.coordinator.EntandoResourceObserver logResource
WARNING: EntandoKeycloakServer observed-namespace/test-keycloak is a top level resource
Mar 05, 2021 12:52:17 PM org.entando.kubernetes.controller.coordinator.EntandoResourceObserver logResource
WARNING: EntandoKeycloakServer observed-namespace/test-keycloak needs to be processed as part of the upgrade to the version 6.3.1
Mar 05, 2021 12:52:17 PM org.entando.kubernetes.controller.coordinator.EntandoResourceObserver logResource
INFO: Received MODIFIED for the EntandoKeycloakServer observed-namespace/test-keycloak
Mar 05, 2021 12:52:17 PM org.entando.kubernetes.controller.coordinator.EntandoResourceObserver logResource
WARNING: EntandoKeycloakServer observed-namespace/test-keycloak has a new resource version: 5
Mar 05, 2021 12:52:17 PM org.entando.kubernetes.controller.coordinator.EntandoResourceObserver logResource
WARNING: EntandoKeycloakServer observed-namespace/test-keycloak is a top level resource
Mar 05, 2021 12:52:17 PM org.entando.kubernetes.controller.coordinator.EntandoResourceObserver logResource
WARNING: EntandoKeycloakServer observed-namespace/test-keycloak has a new resource version: 1
Mar 05, 2021 12:52:17 PM org.entando.kubernetes.controller.coordinator.EntandoResourceObserver logResource
WARNING: EntandoKeycloakServer observed-namespace/test-keycloak is a top level resource
Mar 05, 2021 12:52:17 PM org.entando.kubernetes.controller.coordinator.EntandoResourceObserver logResource
WARNING: EntandoDeBundle observed-namespace/my-de-bundle has a new resource version: 123
Mar 05, 2021 12:52:17 PM org.entando.kubernetes.controller.coordinator.EntandoResourceObserver logResource
WARNING: EntandoDeBundle observed-namespace/my-de-bundle is a top level resource
Mar 05, 2021 12:52:17 PM org.entando.kubernetes.controller.coordinator.EntandoResourceObserver logResource
WARNING: EntandoDeBundle observed-namespace/my-de-bundle is processed after a metadata.generation increment.
Mar 05, 2021 12:52:17 PM org.entando.kubernetes.controller.coordinator.EntandoResourceObserver logResource
INFO: Received MODIFIED for the EntandoDeBundle observed-namespace/my-de-bundle
Mar 05, 2021 12:52:17 PM org.entando.kubernetes.controller.coordinator.EntandoResourceObserver logResource
WARNING: EntandoKeycloakServer observed-namespace/test-keycloak has a new resource version: 1
Mar 05, 2021 12:52:17 PM org.entando.kubernetes.controller.coordinator.EntandoResourceObserver logResource
WARNING: EntandoCompositeApp observed-namespace/composite-app has a new resource version: 123
Mar 05, 2021 12:52:17 PM org.entando.kubernetes.controller.coordinator.EntandoResourceObserver logResource
WARNING: EntandoCompositeApp observed-namespace/composite-app is a top level resource
Mar 05, 2021 12:52:17 PM org.entando.kubernetes.controller.coordinator.EntandoResourceObserver logResource
WARNING: Processing of EntandoCompositeApp observed-namespace/composite-app has been deferred or ignored using entando.org/processing-instruction.
Mar 05, 2021 12:52:17 PM org.entando.kubernetes.controller.coordinator.EntandoResourceObserver logResource
WARNING: EntandoKeycloakServer observed-namespace/test-keycloak has a new resource version: 2
Mar 05, 2021 12:52:17 PM org.entando.kubernetes.controller.coordinator.EntandoResourceObserver logResource
WARNING: EntandoKeycloakServer observed-namespace/test-keycloak is a top level resource
Mar 05, 2021 12:52:17 PM org.entando.kubernetes.controller.coordinator.EntandoResourceObserver logResource
WARNING: EntandoKeycloakServer observed-namespace/test-keycloak is processed after a metadata.generation increment.
Mar 05, 2021 12:52:17 PM org.entando.kubernetes.controller.coordinator.EntandoResourceObserver logResource
INFO: Received MODIFIED for the EntandoKeycloakServer observed-namespace/test-keycloak
[INFO] Tests run: 10, Failures: 0, Errors: 0, Skipped: 0, Time elapsed: 2.66 s - in org.entando.kubernetes.controller.coordinator.inprocesstests.ControllerCoordinatorEdgeConditionsTest
[INFO] Running org.entando.kubernetes.controller.coordinator.inprocesstests.TrustStoreSecretRegeneratorTest
[INFO] Tests run: 1, Failures: 0, Errors: 0, Skipped: 0, Time elapsed: 0.598 s - in org.entando.kubernetes.controller.coordinator.inprocesstests.TrustStoreSecretRegeneratorTest
[INFO] Running org.entando.kubernetes.controller.coordinator.inprocesstests.ControllerCoordinatorMockedTest
Mar 05, 2021 12:52:18 PM okhttp3.mockwebserver.MockWebServer$2 e**cute
INFO: MockWebServer[38711] starting to accept connections
Mar 05, 2021 12:52:19 PM okhttp3.mockwebserver.MockWebServer$3 processOneRequest
INFO: MockWebServer[38711] received request: GET /apis/apiextensions.k8s.io/v1beta1/customresourcedefinitions/entandokeycloakservers.entando.org HTTP/1.1 and responded: HTTP/1.1 404 Client Error
Mar 05, 2021 12:52:19 PM okhttp3.mockwebserver.MockWebServer$3 processOneRequest
INFO: MockWebServer[38711] received request: POST /apis/apiextensions.k8s.io/v1beta1/customresourcedefinitions HTTP/1.1 and responded: HTTP/1.1 202 OK
Mar 05, 2021 12:52:19 PM okhttp3.mockwebserver.MockWebServer$3 processOneRequest
INFO: MockWebServer[38711] received request: GET /api/v1/namespaces/entando-k8s-controller-coordinator-carcpr69 HTTP/1.1 and responded: HTTP/1.1 404 Client Error
Mar 05, 2021 12:52:20 PM okhttp3.mockwebserver.MockWebServer$3 processOneRequest
INFO: MockWebServer[38711] received request: GET /apis/entando.org/v1/namespaces/default/entandokeycloakservers HTTP/1.1 and responded: HTTP/1.1 200 OK
Mar 05, 2021 12:52:20 PM okhttp3.mockwebserver.MockWebServer$3 processOneRequest
INFO: MockWebServer[38711] received request: GET /api/v1/namespaces/entando-k8s-controller-coordinator-carcpr69 HTTP/1.1 and responded: HTTP/1.1 404 Client Error
Mar 05, 2021 12:52:20 PM okhttp3.mockwebserver.MockWebServer$3 processOneRequest
INFO: MockWebServer[38711] received request: GET /apis/entando.org/v1/namespaces/default/entandokeycloakservers HTTP/1.1 and responded: HTTP/1.1 200 OK
Mar 05, 2021 12:52:20 PM org.entando.kubernetes.client.KubernetesRestInterceptor invoke
INFO: Entering method getNamespace in class org.entando.kubernetes.controller.support.client.EntandoResourceClient
Mar 05, 2021 12:52:20 PM org.entando.kubernetes.client.KubernetesRestInterceptor invoke
INFO: Exiting method getNamespace in class org.entando.kubernetes.controller.support.client.EntandoResourceClient
Mar 05, 2021 12:52:20 PM okhttp3.mockwebserver.MockWebServer$3 processOneRequest
INFO: MockWebServer[38711] received request: GET /apis/entando.org/v1/namespaces/entando-k8s-controller-coordinator-carcpr69/entandokeycloakservers HTTP/1.1 and responded: HTTP/1.1 200 OK
Mar 05, 2021 12:52:20 PM okhttp3.mockwebserver.MockWebServer$3 processOneRequest
INFO: MockWebServer[38711] received request: GET /apis/entando.org/v1/namespaces/entando-k8s-controller-coordinator-carcpr69/entandokeycloakservers?watch=**** HTTP/1.1 and responded: HTTP/1.1 200 OK
Mar 05, 2021 12:52:20 PM okhttp3.mockwebserver.MockWebServer$3 processOneRequest
INFO: MockWebServer[38711] received request: GET /apis/entando.org/v1/namespaces/entando-k8s-controller-coordinator-carcpr69/entandokeycloakservers?watch=**** HTTP/1.1 and responded: HTTP/1.1 200 OK
Mar 05, 2021 12:52:20 PM okhttp3.mockwebserver.MockWebServer$3 processOneRequest
INFO: MockWebServer[38711] received request: GET /apis/apiextensions.k8s.io/v1beta1/customresourcedefinitions/entandoclusterinfrastructures.entando.org HTTP/1.1 and responded: HTTP/1.1 404 Client Error
Mar 05, 2021 12:52:20 PM io.fabric8.kubernetes.client.dsl.internal.WatchHTTPManager$1 onResponse
INFO: Watch terminated unexpectedly. reason: \n not found: limit=46 content=7b2261706956657273696f6e223a227631222c226b696e64223a224c69737422â€¦
Mar 05, 2021 12:52:20 PM okhttp3.mockwebserver.MockWebServer$3 processOneRequest
INFO: MockWebServer[38711] received request: POST /apis/apiextensions.k8s.io/v1beta1/customresourcedefinitions HTTP/1.1 and responded: HTTP/1.1 202 OK
Mar 05, 2021 12:52:20 PM okhttp3.mockwebserver.MockWebServer$3 processOneRequest
INFO: MockWebServer[38711] received request: GET /api/v1/namespaces/entando-k8s-controller-coordinator-carcpr69 HTTP/1.1 and responded: HTTP/1.1 404 Client Error
Mar 05, 2021 12:52:20 PM okhttp3.mockwebserver.MockWebServer$3 processOneRequest
INFO: MockWebServer[38711] received request: GET /apis/entando.org/v1/namespaces/default/entandoclusterinfrastructures HTTP/1.1 and responded: HTTP/1.1 200 OK
Mar 05, 2021 12:52:20 PM okhttp3.mockwebserver.MockWebServer$3 processOneRequest
INFO: MockWebServer[38711] received request: GET /api/v1/namespaces/entando-k8s-controller-coordinator-carcpr69 HTTP/1.1 and responded: HTTP/1.1 404 Client Error
Mar 05, 2021 12:52:21 PM okhttp3.mockwebserver.MockWebServer$3 processOneRequest
INFO: MockWebServer[38711] received request: GET /apis/entando.org/v1/namespaces/default/entandoclusterinfrastructures HTTP/1.1 and responded: HTTP/1.1 200 OK
Mar 05, 2021 12:52:21 PM org.entando.kubernetes.client.KubernetesRestInterceptor invoke
INFO: Entering method getNamespace in class org.entando.kubernetes.controller.support.client.EntandoResourceClient
Mar 05, 2021 12:52:21 PM org.entando.kubernetes.client.KubernetesRestInterceptor invoke
INFO: Exiting method getNamespace in class org.entando.kubernetes.controller.support.client.EntandoResourceClient
Mar 05, 2021 12:52:21 PM okhttp3.mockwebserver.MockWebServer$3 processOneRequest
INFO: MockWebServer[38711] received request: GET /apis/entando.org/v1/namespaces/entando-k8s-controller-coordinator-carcpr69/entandoclusterinfrastructures HTTP/1.1 and responded: HTTP/1.1 200 OK
Mar 05, 2021 12:52:21 PM okhttp3.mockwebserver.MockWebServer$3 processOneRequest
INFO: MockWebServer[38711] received request: GET /apis/entando.org/v1/namespaces/entando-k8s-controller-coordinator-carcpr69/entandoclusterinfrastructures?watch=**** HTTP/1.1 and responded: HTTP/1.1 200 OK
Mar 05, 2021 12:52:21 PM okhttp3.mockwebserver.MockWebServer$3 processOneRequest
INFO: MockWebServer[38711] received request: GET /apis/entando.org/v1/namespaces/entando-k8s-controller-coordinator-carcpr69/entandoclusterinfrastructures?watch=**** HTTP/1.1 and responded: HTTP/1.1 200 OK
Mar 05, 2021 12:52:21 PM okhttp3.mockwebserver.MockWebServer$3 processOneRequest
INFO: MockWebServer[38711] received request: GET /apis/apiextensions.k8s.io/v1beta1/customresourcedefinitions/entandoplugins.entando.org HTTP/1.1 and responded: HTTP/1.1 404 Client Error
Mar 05, 2021 12:52:21 PM io.fabric8.kubernetes.client.dsl.internal.WatchHTTPManager$1 onResponse
INFO: Watch terminated unexpectedly. reason: \n not found: limit=46 content=7b2261706956657273696f6e223a227631222c226b696e64223a224c69737422â€¦
Mar 05, 2021 12:52:21 PM okhttp3.mockwebserver.MockWebServer$3 processOneRequest
INFO: MockWebServer[38711] received request: POST /apis/apiextensions.k8s.io/v1beta1/customresourcedefinitions HTTP/1.1 and responded: HTTP/1.1 202 OK
Mar 05, 2021 12:52:21 PM okhttp3.mockwebserver.MockWebServer$3 processOneRequest
INFO: MockWebServer[38711] received request: GET /api/v1/namespaces/entando-k8s-controller-coordinator-carcpr69 HTTP/1.1 and responded: HTTP/1.1 404 Client Error
Mar 05, 2021 12:52:21 PM okhttp3.mockwebserver.MockWebServer$3 processOneRequest
INFO: MockWebServer[38711] received request: GET /apis/entando.org/v1/namespaces/default/entandoplugins HTTP/1.1 and responded: HTTP/1.1 200 OK
Mar 05, 2021 12:52:21 PM okhttp3.mockwebserver.MockWebServer$3 processOneRequest
INFO: MockWebServer[38711] received request: GET /api/v1/namespaces/entando-k8s-controller-coordinator-carcpr69 HTTP/1.1 and responded: HTTP/1.1 404 Client Error
Mar 05, 2021 12:52:21 PM okhttp3.mockwebserver.MockWebServer$3 processOneRequest
INFO: MockWebServer[38711] received request: GET /apis/entando.org/v1/namespaces/entando-k8s-controller-coordinator-carcpr69/entandokeycloakservers?watch=**** HTTP/1.1 and responded: HTTP/1.1 200 OK
Mar 05, 2021 12:52:21 PM io.fabric8.kubernetes.client.dsl.internal.WatchHTTPManager$1 onResponse
INFO: Watch terminated unexpectedly. reason: \n not found: limit=46 content=7b2261706956657273696f6e223a227631222c226b696e64223a224c69737422â€¦
Mar 05, 2021 12:52:21 PM okhttp3.mockwebserver.MockWebServer$3 processOneRequest
INFO: MockWebServer[38711] received request: GET /apis/entando.org/v1/namespaces/default/entandoplugins HTTP/1.1 and responded: HTTP/1.1 200 OK
Mar 05, 2021 12:52:21 PM org.entando.kubernetes.client.KubernetesRestInterceptor invoke
INFO: Entering method getNamespace in class org.entando.kubernetes.controller.support.client.EntandoResourceClient
Mar 05, 2021 12:52:21 PM org.entando.kubernetes.client.KubernetesRestInterceptor invoke
INFO: Exiting method getNamespace in class org.entando.kubernetes.controller.support.client.EntandoResourceClient
Mar 05, 2021 12:52:21 PM okhttp3.mockwebserver.MockWebServer$3 processOneRequest
INFO: MockWebServer[38711] received request: GET /apis/entando.org/v1/namespaces/entando-k8s-controller-coordinator-carcpr69/entandoplugins HTTP/1.1 and responded: HTTP/1.1 200 OK
Mar 05, 2021 12:52:21 PM okhttp3.mockwebserver.MockWebServer$3 processOneRequest
INFO: MockWebServer[38711] received request: GET /apis/entando.org/v1/namespaces/entando-k8s-controller-coordinator-carcpr69/entandoplugins?watch=**** HTTP/1.1 and responded: HTTP/1.1 200 OK
Mar 05, 2021 12:52:22 PM okhttp3.mockwebserver.MockWebServer$3 processOneRequest
INFO: MockWebServer[38711] received request: GET /apis/apiextensions.k8s.io/v1beta1/customresourcedefinitions/entandocompositeapps.entando.org HTTP/1.1 and responded: HTTP/1.1 404 Client Error
Mar 05, 2021 12:52:22 PM okhttp3.mockwebserver.MockWebServer$3 processOneRequest
INFO: MockWebServer[38711] received request: GET /apis/entando.org/v1/namespaces/entando-k8s-controller-coordinator-carcpr69/entandoplugins?watch=**** HTTP/1.1 and responded: HTTP/1.1 200 OK
Mar 05, 2021 12:52:22 PM io.fabric8.kubernetes.client.dsl.internal.WatchHTTPManager$1 onResponse
INFO: Watch terminated unexpectedly. reason: \n not found: limit=46 content=7b2261706956657273696f6e223a227631222c226b696e64223a224c69737422â€¦
Mar 05, 2021 12:52:22 PM okhttp3.mockwebserver.MockWebServer$3 processOneRequest
INFO: MockWebServer[38711] received request: POST /apis/apiextensions.k8s.io/v1beta1/customresourcedefinitions HTTP/1.1 and responded: HTTP/1.1 202 OK
Mar 05, 2021 12:52:22 PM okhttp3.mockwebserver.MockWebServer$3 processOneRequest
INFO: MockWebServer[38711] received request: GET /api/v1/namespaces/entando-k8s-controller-coordinator-carcpr69 HTTP/1.1 and responded: HTTP/1.1 404 Client Error
Mar 05, 2021 12:52:22 PM okhttp3.mockwebserver.MockWebServer$3 processOneRequest
INFO: MockWebServer[38711] received request: GET /apis/entando.org/v1/namespaces/default/entandocompositeapps HTTP/1.1 and responded: HTTP/1.1 200 OK
Mar 05, 2021 12:52:22 PM okhttp3.mockwebserver.MockWebServer$3 processOneRequest
INFO: MockWebServer[38711] received request: GET /api/v1/namespaces/entando-k8s-controller-coordinator-carcpr69 HTTP/1.1 and responded: HTTP/1.1 404 Client Error
Mar 05, 2021 12:52:22 PM okhttp3.mockwebserver.MockWebServer$3 processOneRequest
INFO: MockWebServer[38711] received request: GET /apis/entando.org/v1/namespaces/entando-k8s-controller-coordinator-carcpr69/entandoclusterinfrastructures?watch=**** HTTP/1.1 and responded: HTTP/1.1 200 OK
Mar 05, 2021 12:52:22 PM io.fabric8.kubernetes.client.dsl.internal.WatchHTTPManager$1 onResponse
INFO: Watch terminated unexpectedly. reason: \n not found: limit=46 content=7b2261706956657273696f6e223a227631222c226b696e64223a224c69737422â€¦
Mar 05, 2021 12:52:22 PM okhttp3.mockwebserver.MockWebServer$3 processOneRequest
INFO: MockWebServer[38711] received request: GET /apis/entando.org/v1/namespaces/default/entandocompositeapps HTTP/1.1 and responded: HTTP/1.1 200 OK
Mar 05, 2021 12:52:22 PM org.entando.kubernetes.client.KubernetesRestInterceptor invoke
INFO: Entering method getNamespace in class org.entando.kubernetes.controller.support.client.EntandoResourceClient
Mar 05, 2021 12:52:22 PM org.entando.kubernetes.client.KubernetesRestInterceptor invoke
INFO: Exiting method getNamespace in class org.entando.kubernetes.controller.support.client.EntandoResourceClient
Mar 05, 2021 12:52:22 PM okhttp3.mockwebserver.MockWebServer$3 processOneRequest
INFO: MockWebServer[38711] received request: GET /apis/entando.org/v1/namespaces/entando-k8s-controller-coordinator-carcpr69/entandocompositeapps HTTP/1.1 and responded: HTTP/1.1 200 OK
Mar 05, 2021 12:52:22 PM okhttp3.mockwebserver.MockWebServer$3 processOneRequest
INFO: MockWebServer[38711] received request: GET /apis/entando.org/v1/namespaces/entando-k8s-controller-coordinator-carcpr69/entandocompositeapps?watch=**** HTTP/1.1 and responded: HTTP/1.1 200 OK
Mar 05, 2021 12:52:22 PM okhttp3.mockwebserver.MockWebServer$3 processOneRequest
INFO: MockWebServer[38711] received request: GET /apis/entando.org/v1/namespaces/entando-k8s-controller-coordinator-carcpr69/entandocompositeapps?watch=**** HTTP/1.1 and responded: HTTP/1.1 200 OK
Mar 05, 2021 12:52:22 PM okhttp3.mockwebserver.MockWebServer$3 processOneRequest
INFO: MockWebServer[38711] received request: GET /apis/apiextensions.k8s.io/v1beta1/customresourcedefinitions/entandodatabaseservices.entando.org HTTP/1.1 and responded: HTTP/1.1 404 Client Error
Mar 05, 2021 12:52:22 PM io.fabric8.kubernetes.client.dsl.internal.WatchHTTPManager$1 onResponse
INFO: Watch terminated unexpectedly. reason: \n not found: limit=46 content=7b2261706956657273696f6e223a227631222c226b696e64223a224c69737422â€¦
Mar 05, 2021 12:52:22 PM okhttp3.mockwebserver.MockWebServer$3 processOneRequest
INFO: MockWebServer[38711] received request: POST /apis/apiextensions.k8s.io/v1beta1/customresourcedefinitions HTTP/1.1 and responded: HTTP/1.1 202 OK
Mar 05, 2021 12:52:22 PM okhttp3.mockwebserver.MockWebServer$3 processOneRequest
INFO: MockWebServer[38711] received request: GET /api/v1/namespaces/entando-k8s-controller-coordinator-carcpr69 HTTP/1.1 and responded: HTTP/1.1 404 Client Error
Mar 05, 2021 12:52:22 PM okhttp3.mockwebserver.MockWebServer$3 processOneRequest
INFO: MockWebServer[38711] received request: GET /apis/entando.org/v1/namespaces/default/entandodatabaseservices HTTP/1.1 and responded: HTTP/1.1 200 OK
Mar 05, 2021 12:52:23 PM okhttp3.mockwebserver.MockWebServer$3 processOneRequest
INFO: MockWebServer[38711] received request: GET /api/v1/namespaces/entando-k8s-controller-coordinator-carcpr69 HTTP/1.1 and responded: HTTP/1.1 404 Client Error
Mar 05, 2021 12:52:23 PM okhttp3.mockwebserver.MockWebServer$3 processOneRequest
INFO: MockWebServer[38711] received request: GET /apis/entando.org/v1/namespaces/entando-k8s-controller-coordinator-carcpr69/entandoplugins?watch=**** HTTP/1.1 and responded: HTTP/1.1 200 OK
Mar 05, 2021 12:52:23 PM io.fabric8.kubernetes.client.dsl.internal.WatchHTTPManager$1 onResponse
INFO: Watch terminated unexpectedly. reason: \n not found: limit=46 content=7b2261706956657273696f6e223a227631222c226b696e64223a224c69737422â€¦
Mar 05, 2021 12:52:23 PM okhttp3.mockwebserver.MockWebServer$3 processOneRequest
INFO: MockWebServer[38711] received request: GET /apis/entando.org/v1/namespaces/default/entandodatabaseservices HTTP/1.1 and responded: HTTP/1.1 200 OK
Mar 05, 2021 12:52:23 PM org.entando.kubernetes.client.KubernetesRestInterceptor invoke
INFO: Entering method getNamespace in class org.entando.kubernetes.controller.support.client.EntandoResourceClient
Mar 05, 2021 12:52:23 PM org.entando.kubernetes.client.KubernetesRestInterceptor invoke
INFO: Exiting method getNamespace in class org.entando.kubernetes.controller.support.client.EntandoResourceClient
Mar 05, 2021 12:52:23 PM okhttp3.mockwebserver.MockWebServer$3 processOneRequest
INFO: MockWebServer[38711] received request: GET /apis/entando.org/v1/namespaces/entando-k8s-controller-coordinator-carcpr69/entandodatabaseservices HTTP/1.1 and responded: HTTP/1.1 200 OK
Mar 05, 2021 12:52:23 PM okhttp3.mockwebserver.MockWebServer$3 processOneRequest
INFO: MockWebServer[38711] received request: GET /apis/entando.org/v1/namespaces/entando-k8s-controller-coordinator-carcpr69/entandodatabaseservices?watch=**** HTTP/1.1 and responded: HTTP/1.1 200 OK
Mar 05, 2021 12:52:23 PM okhttp3.mockwebserver.MockWebServer$3 processOneRequest
INFO: MockWebServer[38711] received request: GET /apis/apiextensions.k8s.io/v1beta1/customresourcedefinitions/entandoapps.entando.org HTTP/1.1 and responded: HTTP/1.1 404 Client Error
Mar 05, 2021 12:52:23 PM okhttp3.mockwebserver.MockWebServer$3 processOneRequest
INFO: MockWebServer[38711] received request: GET /apis/entando.org/v1/namespaces/entando-k8s-controller-coordinator-carcpr69/entandodatabaseservices?watch=**** HTTP/1.1 and responded: HTTP/1.1 200 OK
Mar 05, 2021 12:52:23 PM io.fabric8.kubernetes.client.dsl.internal.WatchHTTPManager$1 onResponse
INFO: Watch terminated unexpectedly. reason: \n not found: limit=46 content=7b2261706956657273696f6e223a227631222c226b696e64223a224c69737422â€¦
Mar 05, 2021 12:52:23 PM okhttp3.mockwebserver.MockWebServer$3 processOneRequest
INFO: MockWebServer[38711] received request: POST /apis/apiextensions.k8s.io/v1beta1/customresourcedefinitions HTTP/1.1 and responded: HTTP/1.1 202 OK
Mar 05, 2021 12:52:23 PM okhttp3.mockwebserver.MockWebServer$3 processOneRequest
INFO: MockWebServer[38711] received request: GET /api/v1/namespaces/entando-k8s-controller-coordinator-carcpr69 HTTP/1.1 and responded: HTTP/1.1 404 Client Error
Mar 05, 2021 12:52:23 PM okhttp3.mockwebserver.MockWebServer$3 processOneRequest
INFO: MockWebServer[38711] received request: GET /apis/entando.org/v1/namespaces/default/entandoapps HTTP/1.1 and responded: HTTP/1.1 200 OK
Mar 05, 2021 12:52:23 PM okhttp3.mockwebserver.MockWebServer$3 processOneRequest
INFO: MockWebServer[38711] received request: GET /api/v1/namespaces/entando-k8s-controller-coordinator-carcpr69 HTTP/1.1 and responded: HTTP/1.1 404 Client Error
Mar 05, 2021 12:52:23 PM okhttp3.mockwebserver.MockWebServer$3 processOneRequest
INFO: MockWebServer[38711] received request: GET /apis/entando.org/v1/namespaces/default/entandoapps HTTP/1.1 and responded: HTTP/1.1 200 OK
Mar 05, 2021 12:52:23 PM okhttp3.mockwebserver.MockWebServer$3 processOneRequest
INFO: MockWebServer[38711] received request: GET /apis/entando.org/v1/namespaces/entando-k8s-controller-coordinator-carcpr69/entandokeycloakservers?watch=**** HTTP/1.1 and responded: HTTP/1.1 200 OK
Mar 05, 2021 12:52:23 PM io.fabric8.kubernetes.client.dsl.internal.WatchHTTPManager$1 onResponse
INFO: Watch terminated unexpectedly. reason: \n not found: limit=46 content=7b2261706956657273696f6e223a227631222c226b696e64223a224c69737422â€¦
Mar 05, 2021 12:52:23 PM org.entando.kubernetes.client.KubernetesRestInterceptor invoke
INFO: Entering method getNamespace in class org.entando.kubernetes.controller.support.client.EntandoResourceClient
Mar 05, 2021 12:52:23 PM org.entando.kubernetes.client.KubernetesRestInterceptor invoke
INFO: Exiting method getNamespace in class org.entando.kubernetes.controller.support.client.EntandoResourceClient
Mar 05, 2021 12:52:23 PM okhttp3.mockwebserver.MockWebServer$3 processOneRequest
INFO: MockWebServer[38711] received request: GET /apis/entando.org/v1/namespaces/entando-k8s-controller-coordinator-carcpr69/entandocompositeapps?watch=**** HTTP/1.1 and responded: HTTP/1.1 200 OK
Mar 05, 2021 12:52:23 PM okhttp3.mockwebserver.MockWebServer$3 processOneRequest
INFO: MockWebServer[38711] received request: GET /apis/entando.org/v1/namespaces/entando-k8s-controller-coordinator-carcpr69/entandoapps HTTP/1.1 and responded: HTTP/1.1 200 OK
Mar 05, 2021 12:52:23 PM io.fabric8.kubernetes.client.dsl.internal.WatchHTTPManager$1 onResponse
INFO: Watch terminated unexpectedly. reason: \n not found: limit=46 content=7b2261706956657273696f6e223a227631222c226b696e64223a224c69737422â€¦
Mar 05, 2021 12:52:23 PM okhttp3.mockwebserver.MockWebServer$3 processOneRequest
INFO: MockWebServer[38711] received request: GET /apis/entando.org/v1/namespaces/entando-k8s-controller-coordinator-carcpr69/entandoapps?watch=**** HTTP/1.1 and responded: HTTP/1.1 200 OK
Mar 05, 2021 12:52:23 PM okhttp3.mockwebserver.MockWebServer$3 processOneRequest
INFO: MockWebServer[38711] received request: GET /apis/entando.org/v1/namespaces/entando-k8s-controller-coordinator-carcpr69/entandoapps?watch=**** HTTP/1.1 and responded: HTTP/1.1 200 OK
Mar 05, 2021 12:52:24 PM okhttp3.mockwebserver.MockWebServer$3 processOneRequest
INFO: MockWebServer[38711] received request: GET /apis/apiextensions.k8s.io/v1beta1/customresourcedefinitions/entandoapppluginlinks.entando.org HTTP/1.1 and responded: HTTP/1.1 404 Client Error
Mar 05, 2021 12:52:24 PM io.fabric8.kubernetes.client.dsl.internal.WatchHTTPManager$1 onResponse
INFO: Watch terminated unexpectedly. reason: \n not found: limit=46 content=7b2261706956657273696f6e223a227631222c226b696e64223a224c69737422â€¦
Mar 05, 2021 12:52:24 PM okhttp3.mockwebserver.MockWebServer$3 processOneRequest
INFO: MockWebServer[38711] received request: POST /apis/apiextensions.k8s.io/v1beta1/customresourcedefinitions HTTP/1.1 and responded: HTTP/1.1 202 OK
Mar 05, 2021 12:52:24 PM okhttp3.mockwebserver.MockWebServer$3 processOneRequest
INFO: MockWebServer[38711] received request: GET /api/v1/namespaces/entando-k8s-controller-coordinator-carcpr69 HTTP/1.1 and responded: HTTP/1.1 404 Client Error
Mar 05, 2021 12:52:24 PM okhttp3.mockwebserver.MockWebServer$3 processOneRequest
INFO: MockWebServer[38711] received request: GET /apis/entando.org/v1/namespaces/default/entandoapppluginlinks HTTP/1.1 and responded: HTTP/1.1 200 OK
Mar 05, 2021 12:52:24 PM okhttp3.mockwebserver.MockWebServer$3 processOneRequest
INFO: MockWebServer[38711] received request: GET /api/v1/namespaces/entando-k8s-controller-coordinator-carcpr69 HTTP/1.1 and responded: HTTP/1.1 404 Client Error
Mar 05, 2021 12:52:24 PM okhttp3.mockwebserver.MockWebServer$3 processOneRequest
INFO: MockWebServer[38711] received request: GET /apis/entando.org/v1/namespaces/default/entandoapppluginlinks HTTP/1.1 and responded: HTTP/1.1 200 OK
Mar 05, 2021 12:52:24 PM org.entando.kubernetes.client.KubernetesRestInterceptor invoke
INFO: Entering method getNamespace in class org.entando.kubernetes.controller.support.client.EntandoResourceClient
Mar 05, 2021 12:52:24 PM org.entando.kubernetes.client.KubernetesRestInterceptor invoke
INFO: Exiting method getNamespace in class org.entando.kubernetes.controller.support.client.EntandoResourceClient
Mar 05, 2021 12:52:24 PM okhttp3.mockwebserver.MockWebServer$3 processOneRequest
INFO: MockWebServer[38711] received request: GET /apis/entando.org/v1/namespaces/entando-k8s-controller-coordinator-carcpr69/entandodatabaseservices?watch=**** HTTP/1.1 and responded: HTTP/1.1 200 OK
Mar 05, 2021 12:52:24 PM io.fabric8.kubernetes.client.dsl.internal.WatchHTTPManager$1 onResponse
INFO: Watch terminated unexpectedly. reason: \n not found: limit=46 content=7b2261706956657273696f6e223a227631222c226b696e64223a224c69737422â€¦
Mar 05, 2021 12:52:24 PM okhttp3.mockwebserver.MockWebServer$3 processOneRequest
INFO: MockWebServer[38711] received request: GET /apis/entando.org/v1/namespaces/entando-k8s-controller-coordinator-carcpr69/entandoapppluginlinks HTTP/1.1 and responded: HTTP/1.1 200 OK
Mar 05, 2021 12:52:24 PM okhttp3.mockwebserver.MockWebServer$3 processOneRequest
INFO: MockWebServer[38711] received request: GET /apis/entando.org/v1/namespaces/entando-k8s-controller-coordinator-carcpr69/entandoclusterinfrastructures?watch=**** HTTP/1.1 and responded: HTTP/1.1 200 OK
Mar 05, 2021 12:52:24 PM io.fabric8.kubernetes.client.dsl.internal.WatchHTTPManager$1 onResponse
INFO: Watch terminated unexpectedly. reason: \n not found: limit=46 content=7b2261706956657273696f6e223a227631222c226b696e64223a224c69737422â€¦
Mar 05, 2021 12:52:24 PM okhttp3.mockwebserver.MockWebServer$3 processOneRequest
INFO: MockWebServer[38711] received request: GET /apis/entando.org/v1/namespaces/entando-k8s-controller-coordinator-carcpr69/entandoapppluginlinks?watch=**** HTTP/1.1 and responded: HTTP/1.1 200 OK
Mar 05, 2021 12:52:24 PM okhttp3.mockwebserver.MockWebServer$3 processOneRequest
INFO: MockWebServer[38711] received request: GET /apis/entando.org/v1/namespaces/entando-k8s-controller-coordinator-carcpr69/entandoapppluginlinks?watch=**** HTTP/1.1 and responded: HTTP/1.1 200 OK
Mar 05, 2021 12:52:24 PM okhttp3.mockwebserver.MockWebServer$3 processOneRequest
INFO: MockWebServer[38711] received request: GET /apis/apiextensions.k8s.io/v1beta1/customresourcedefinitions/entandodebundles.entando.org HTTP/1.1 and responded: HTTP/1.1 404 Client Error
Mar 05, 2021 12:52:24 PM io.fabric8.kubernetes.client.dsl.internal.WatchHTTPManager$1 onResponse
INFO: Watch terminated unexpectedly. reason: \n not found: limit=46 content=7b2261706956657273696f6e223a227631222c226b696e64223a224c69737422â€¦
Mar 05, 2021 12:52:24 PM okhttp3.mockwebserver.MockWebServer$3 processOneRequest
INFO: MockWebServer[38711] received request: POST /apis/apiextensions.k8s.io/v1beta1/customresourcedefinitions HTTP/1.1 and responded: HTTP/1.1 202 OK
Mar 05, 2021 12:52:24 PM okhttp3.mockwebserver.MockWebServer$3 processOneRequest
INFO: MockWebServer[38711] received request: GET /api/v1/namespaces/entando-k8s-controller-coordinator-carcpr69 HTTP/1.1 and responded: HTTP/1.1 404 Client Error
Mar 05, 2021 12:52:24 PM okhttp3.mockwebserver.MockWebServer$3 processOneRequest
INFO: MockWebServer[38711] received request: GET /apis/entando.org/v1/namespaces/default/entandodebundles HTTP/1.1 and responded: HTTP/1.1 200 OK
Mar 05, 2021 12:52:24 PM okhttp3.mockwebserver.MockWebServer$3 processOneRequest
INFO: MockWebServer[38711] received request: GET /api/v1/namespaces/entando-k8s-controller-coordinator-carcpr69 HTTP/1.1 and responded: HTTP/1.1 404 Client Error
Mar 05, 2021 12:52:24 PM okhttp3.mockwebserver.MockWebServer$3 processOneRequest
INFO: MockWebServer[38711] received request: GET /apis/entando.org/v1/namespaces/default/entandodebundles HTTP/1.1 and responded: HTTP/1.1 200 OK
Mar 05, 2021 12:52:25 PM org.entando.kubernetes.client.KubernetesRestInterceptor invoke
INFO: Entering method getNamespace in class org.entando.kubernetes.controller.support.client.EntandoResourceClient
Mar 05, 2021 12:52:25 PM org.entando.kubernetes.client.KubernetesRestInterceptor invoke
INFO: Exiting method getNamespace in class org.entando.kubernetes.controller.support.client.EntandoResourceClient
Mar 05, 2021 12:52:25 PM okhttp3.mockwebserver.MockWebServer$3 processOneRequest
INFO: MockWebServer[38711] received request: GET /apis/entando.org/v1/namespaces/entando-k8s-controller-coordinator-carcpr69/entandodebundles HTTP/1.1 and responded: HTTP/1.1 200 OK
Mar 05, 2021 12:52:25 PM okhttp3.mockwebserver.MockWebServer$3 processOneRequest
INFO: MockWebServer[38711] received request: GET /apis/entando.org/v1/namespaces/entando-k8s-controller-coordinator-carcpr69/entandoapps?watch=**** HTTP/1.1 and responded: HTTP/1.1 200 OK
Mar 05, 2021 12:52:25 PM io.fabric8.kubernetes.client.dsl.internal.WatchHTTPManager$1 onResponse
INFO: Watch terminated unexpectedly. reason: \n not found: limit=46 content=7b2261706956657273696f6e223a227631222c226b696e64223a224c69737422â€¦
Mar 05, 2021 12:52:25 PM okhttp3.mockwebserver.MockWebServer$3 processOneRequest
INFO: MockWebServer[38711] received request: GET /apis/entando.org/v1/namespaces/entando-k8s-controller-coordinator-carcpr69/entandoplugins?watch=**** HTTP/1.1 and responded: HTTP/1.1 200 OK
Mar 05, 2021 12:52:25 PM io.fabric8.kubernetes.client.dsl.internal.WatchHTTPManager$1 onResponse
INFO: Watch terminated unexpectedly. reason: \n not found: limit=46 content=7b2261706956657273696f6e223a227631222c226b696e64223a224c69737422â€¦
Mar 05, 2021 12:52:25 PM okhttp3.mockwebserver.MockWebServer$3 processOneRequest
INFO: MockWebServer[38711] received request: GET /apis/entando.org/v1/namespaces/entando-k8s-controller-coordinator-carcpr69/entandodebundles?watch=**** HTTP/1.1 and responded: HTTP/1.1 200 OK
Mar 05, 2021 12:52:25 PM okhttp3.mockwebserver.MockWebServer$3 processOneRequest
INFO: MockWebServer[38711] received request: GET /apis/entando.org/v1/namespaces/entando-k8s-controller-coordinator-carcpr69/entandodebundles?watch=**** HTTP/1.1 and responded: HTTP/1.1 200 OK
Mar 05, 2021 12:52:25 PM okhttp3.mockwebserver.MockWebServer$3 processOneRequest
INFO: MockWebServer[38711] received request: GET /api/v1/namespaces/entando-k8s-controller-coordinator-carcpr69 HTTP/1.1 and responded: HTTP/1.1 404 Client Error
Mar 05, 2021 12:52:25 PM io.fabric8.kubernetes.client.dsl.internal.WatchHTTPManager$1 onResponse
INFO: Watch terminated unexpectedly. reason: \n not found: limit=46 content=7b2261706956657273696f6e223a227631222c226b696e64223a224c69737422â€¦
Mar 05, 2021 12:52:25 PM okhttp3.mockwebserver.MockWebServer$3 processOneRequest
INFO: MockWebServer[38711] received request: POST /api/v1/namespaces HTTP/1.1 and responded: HTTP/1.1 202 OK
Mar 05, 2021 12:52:25 PM okhttp3.mockwebserver.MockWebServer$3 processOneRequest
INFO: MockWebServer[38711] received request: GET /api/v1/namespaces/entando/configmaps/entando-docker-image-info-v6.3 HTTP/1.1 and responded: HTTP/1.1 404 Client Error
Mar 05, 2021 12:52:25 PM okhttp3.mockwebserver.MockWebServer$3 processOneRequest
INFO: MockWebServer[38711] received request: POST /api/v1/namespaces/entando/configmaps HTTP/1.1 and responded: HTTP/1.1 202 OK
Mar 05, 2021 12:52:25 PM okhttp3.mockwebserver.MockWebServer$3 processOneRequest
INFO: MockWebServer[38711] received request: GET /api/v1/namespaces/entando-k8s-controller-coordinator-carcpr69 HTTP/1.1 and responded: HTTP/1.1 200 OK
Mar 05, 2021 12:52:25 PM okhttp3.mockwebserver.MockWebServer$3 processOneRequest
INFO: MockWebServer[38711] received request: GET /apis/entando.org/v1/namespaces/entando-k8s-controller-coordinator-carcpr69/entandokeycloakservers HTTP/1.1 and responded: HTTP/1.1 200 OK
Mar 05, 2021 12:52:25 PM io.fabric8.kubernetes.client.dsl.internal.WatchHTTPManager$1 onResponse
INFO: Watch terminated unexpectedly. reason: \n not found: limit=46 content=7b2261706956657273696f6e223a227631222c226b696e64223a224c69737422â€¦
Mar 05, 2021 12:52:25 PM okhttp3.mockwebserver.MockWebServer$3 processOneRequest
INFO: MockWebServer[38711] received request: GET /apis/entando.org/v1/namespaces/entando-k8s-controller-coordinator-carcpr69/entandoapppluginlinks?watch=**** HTTP/1.1 and responded: HTTP/1.1 200 OK
Mar 05, 2021 12:52:25 PM okhttp3.mockwebserver.MockWebServer$3 processOneRequest
INFO: MockWebServer[38711] received request: GET /api/v1/namespaces/entando-k8s-controller-coordinator-carcpr69 HTTP/1.1 and responded: HTTP/1.1 200 OK
Mar 05, 2021 12:52:25 PM okhttp3.mockwebserver.MockWebServer$3 processOneRequest
INFO: MockWebServer[38711] received request: GET /apis/entando.org/v1/namespaces/entando-k8s-controller-coordinator-carcpr69/entandokeycloakservers HTTP/1.1 and responded: HTTP/1.1 200 OK
Mar 05, 2021 12:52:25 PM okhttp3.mockwebserver.MockWebServer$3 processOneRequest
INFO: MockWebServer[38711] received request: GET /apis/entando.org/v1/namespaces/entando-k8s-controller-coordinator-carcpr69/entandocompositeapps?watch=**** HTTP/1.1 and responded: HTTP/1.1 200 OK
Mar 05, 2021 12:52:25 PM io.fabric8.kubernetes.client.dsl.internal.WatchHTTPManager$1 onResponse
INFO: Watch terminated unexpectedly. reason: \n not found: limit=46 content=7b2261706956657273696f6e223a227631222c226b696e64223a224c69737422â€¦
Mar 05, 2021 12:52:25 PM okhttp3.mockwebserver.MockWebServer$3 processOneRequest
INFO: MockWebServer[38711] received request: POST /apis/entando.org/v1/namespaces/entando-k8s-controller-coordinator-carcpr69/entandokeycloakservers HTTP/1.1 and responded: HTTP/1.1 202 OK
Mar 05, 2021 12:52:25 PM org.entando.kubernetes.controller.coordinator.EntandoResourceObserver logResource
WARNING: EntandoKeycloakServer entando-k8s-controller-coordinator-carcpr69/test-keycloak has a new resource version: 1
Mar 05, 2021 12:52:25 PM org.entando.kubernetes.controller.coordinator.EntandoResourceObserver logResource
WARNING: EntandoKeycloakServer entando-k8s-controller-coordinator-carcpr69/test-keycloak is a top level resource
Mar 05, 2021 12:52:25 PM org.entando.kubernetes.controller.coordinator.EntandoResourceObserver logResource
WARNING: EntandoKeycloakServer entando-k8s-controller-coordinator-carcpr69/test-keycloak is processed after a metadata.generation increment.
Mar 05, 2021 12:52:25 PM org.entando.kubernetes.controller.coordinator.EntandoResourceObserver logResource
INFO: Received ADDED for the EntandoKeycloakServer entando-k8s-controller-coordinator-carcpr69/test-keycloak
Mar 05, 2021 12:52:25 PM org.entando.kubernetes.client.KubernetesRestInterceptor invoke
INFO: Entering method getNamespace in class org.entando.kubernetes.controller.support.client.EntandoResourceClient
Mar 05, 2021 12:52:25 PM org.entando.kubernetes.client.KubernetesRestInterceptor invoke
INFO: Exiting method getNamespace in class org.entando.kubernetes.controller.support.client.EntandoResourceClient
Mar 05, 2021 12:52:25 PM org.entando.kubernetes.client.KubernetesRestInterceptor invoke
INFO: Entering method loadDockerImageInfoConfigMap in class org.entando.kubernetes.controller.support.client.EntandoResourceClient
Mar 05, 2021 12:52:26 PM okhttp3.mockwebserver.MockWebServer$3 processOneRequest
INFO: MockWebServer[38711] received request: GET /api/v1/namespaces/entando/configmaps/entando-docker-image-info-v6.3 HTTP/1.1 and responded: HTTP/1.1 200 OK
Mar 05, 2021 12:52:26 PM org.entando.kubernetes.client.KubernetesRestInterceptor invoke
INFO: Exiting method loadDockerImageInfoConfigMap in class org.entando.kubernetes.controller.support.client.EntandoResourceClient
Mar 05, 2021 12:52:26 PM org.entando.kubernetes.client.KubernetesRestInterceptor invoke
INFO: Entering method removeAndWait in class org.entando.kubernetes.controller.support.client.PodClient with entando-k8s-controller-coordinator-carcpr69,{EntandoResourceNamespace=entando-k8s-controller-coordinator-carcpr69, EntandoKeycloakServer=test-keycloak, EntandoResourceKind=EntandoKeycloakServer}
Mar 05, 2021 12:52:26 PM okhttp3.mockwebserver.MockWebServer$3 processOneRequest
INFO: MockWebServer[38711] received request: GET /api/v1/namespaces/entando-k8s-controller-coordinator-carcpr69/pods?labelSelector=EntandoResourceNamespace%3Dentando-k8s-controller-coordinator-carcpr69%2CEntandoResourceKind%3DEntandoKeycloakServer%2CEntandoKeycloakServer%3Dtest-keycloak HTTP/1.1 and responded: HTTP/1.1 200 OK
Mar 05, 2021 12:52:26 PM okhttp3.mockwebserver.MockWebServer$3 processOneRequest
INFO: MockWebServer[38711] received request: GET /api/v1/namespaces/entando-k8s-controller-coordinator-carcpr69/pods?labelSelector=EntandoResourceKind%3DEntandoKeycloakServer HTTP/1.1 and responded: HTTP/1.1 200 OK
Mar 05, 2021 12:52:26 PM okhttp3.mockwebserver.MockWebServer$3 processOneRequest
INFO: MockWebServer[38711] received request: GET /apis/entando.org/v1/namespaces/entando-k8s-controller-coordinator-carcpr69/entandodebundles?watch=**** HTTP/1.1 and responded: HTTP/1.1 200 OK
Mar 05, 2021 12:52:26 PM io.fabric8.kubernetes.client.dsl.internal.WatchHTTPManager$1 onResponse
INFO: Watch terminated unexpectedly. reason: \n not found: limit=46 content=7b2261706956657273696f6e223a227631222c226b696e64223a224c69737422â€¦
Mar 05, 2021 12:52:26 PM okhttp3.mockwebserver.MockWebServer$3 processOneRequest
INFO: MockWebServer[38711] received request: GET /api/v1/namespaces/entando-k8s-controller-coordinator-carcpr69/pods?labelSelector=EntandoResourceNamespace%3Dentando-k8s-controller-coordinator-carcpr69%2CEntandoResourceKind%3DEntandoKeycloakServer%2CEntandoKeycloakServer%3Dtest-keycloak&watch=**** HTTP/1.1 and responded: HTTP/1.1 200 OK
Mar 05, 2021 12:52:26 PM okhttp3.mockwebserver.MockWebServer$3 processOneRequest
INFO: MockWebServer[38711] received request: GET /api/v1/namespaces/entando-k8s-controller-coordinator-carcpr69/pods?labelSelector=EntandoResourceNamespace%3Dentando-k8s-controller-coordinator-carcpr69%2CEntandoResourceKind%3DEntandoKeycloakServer%2CEntandoKeycloakServer%3Dtest-keycloak HTTP/1.1 and responded: HTTP/1.1 200 OK
Mar 05, 2021 12:52:26 PM okhttp3.mockwebserver.MockWebServer$3 processOneRequest
INFO: MockWebServer[38711] received request: GET /api/v1/namespaces/entando-k8s-controller-coordinator-carcpr69/pods?labelSelector=EntandoResourceNamespace%3Dentando-k8s-controller-coordinator-carcpr69%2CEntandoResourceKind%3DEntandoKeycloakServer%2CEntandoKeycloakServer%3Dtest-keycloak&watch=**** HTTP/1.1 and responded: HTTP/1.1 200 OK
Mar 05, 2021 12:52:26 PM io.fabric8.kubernetes.client.dsl.internal.WatchHTTPManager$1 onResponse
INFO: Watch terminated unexpectedly. reason: \n not found: limit=46 content=7b2261706956657273696f6e223a227631222c226b696e64223a224c69737422â€¦
Mar 05, 2021 12:52:26 PM okhttp3.mockwebserver.MockWebServer$3 processOneRequest
INFO: MockWebServer[38711] received request: GET /apis/entando.org/v1/namespaces/entando-k8s-controller-coordinator-carcpr69/entandodatabaseservices?watch=**** HTTP/1.1 and responded: HTTP/1.1 200 OK
Mar 05, 2021 12:52:26 PM io.fabric8.kubernetes.client.dsl.internal.WatchHTTPManager$1 onResponse
INFO: Watch terminated unexpectedly. reason: \n not found: limit=46 content=7b2261706956657273696f6e223a227631222c226b696e64223a224c69737422â€¦
Mar 05, 2021 12:52:26 PM okhttp3.mockwebserver.MockWebServer$3 processOneRequest
INFO: MockWebServer[38711] received request: GET /api/v1/namespaces/entando-k8s-controller-coordinator-carcpr69/pods?labelSelector=EntandoResourceNamespace%3Dentando-k8s-controller-coordinator-carcpr69%2CEntandoResourceKind%3DEntandoKeycloakServer%2CEntandoKeycloakServer%3Dtest-keycloak HTTP/1.1 and responded: HTTP/1.1 200 OK
Mar 05, 2021 12:52:26 PM okhttp3.mockwebserver.MockWebServer$3 processOneRequest
INFO: MockWebServer[38711] received request: GET /api/v1/namespaces/entando-k8s-controller-coordinator-carcpr69/pods?labelSelector=EntandoResourceKind%3DEntandoKeycloakServer HTTP/1.1 and responded: HTTP/1.1 200 OK
Mar 05, 2021 12:52:26 PM okhttp3.mockwebserver.MockWebServer$3 processOneRequest
INFO: MockWebServer[38711] received request: GET /api/v1/namespaces/entando-k8s-controller-coordinator-carcpr69/pods?labelSelector=EntandoResourceKind%3DEntandoKeycloakServer HTTP/1.1 and responded: HTTP/1.1 200 OK
Mar 05, 2021 12:52:26 PM okhttp3.mockwebserver.MockWebServer$3 processOneRequest
INFO: MockWebServer[38711] received request: GET /api/v1/namespaces/entando-k8s-controller-coordinator-carcpr69/pods?labelSelector=EntandoResourceKind%3DEntandoKeycloakServer HTTP/1.1 and responded: HTTP/1.1 200 OK
Mar 05, 2021 12:52:27 PM okhttp3.mockwebserver.MockWebServer$3 processOneRequest
INFO: MockWebServer[38711] received request: GET /api/v1/namespaces/entando-k8s-controller-coordinator-carcpr69/pods?labelSelector=EntandoResourceKind%3DEntandoKeycloakServer HTTP/1.1 and responded: HTTP/1.1 200 OK
Mar 05, 2021 12:52:27 PM okhttp3.mockwebserver.MockWebServer$3 processOneRequest
INFO: MockWebServer[38711] received request: GET /apis/entando.org/v1/namespaces/entando-k8s-controller-coordinator-carcpr69/entandoapps?watch=**** HTTP/1.1 and responded: HTTP/1.1 200 OK
Mar 05, 2021 12:52:27 PM io.fabric8.kubernetes.client.dsl.internal.WatchHTTPManager$1 onResponse
INFO: Watch terminated unexpectedly. reason: \n not found: limit=46 content=7b2261706956657273696f6e223a227631222c226b696e64223a224c69737422â€¦
Mar 05, 2021 12:52:27 PM okhttp3.mockwebserver.MockWebServer$3 processOneRequest
INFO: MockWebServer[38711] received request: GET /api/v1/namespaces/entando-k8s-controller-coordinator-carcpr69/pods?labelSelector=EntandoResourceKind%3DEntandoKeycloakServer HTTP/1.1 and responded: HTTP/1.1 200 OK
Mar 05, 2021 12:52:27 PM okhttp3.mockwebserver.MockWebServer$3 processOneRequest
INFO: MockWebServer[38711] received request: GET /api/v1/namespaces/entando-k8s-controller-coordinator-carcpr69/pods?labelSelector=EntandoResourceKind%3DEntandoKeycloakServer HTTP/1.1 and responded: HTTP/1.1 200 OK
Mar 05, 2021 12:52:27 PM okhttp3.mockwebserver.MockWebServer$3 processOneRequest
INFO: MockWebServer[38711] received request: GET /api/v1/namespaces/entando-k8s-controller-coordinator-carcpr69/pods?labelSelector=EntandoResourceKind%3DEntandoKeycloakServer HTTP/1.1 and responded: HTTP/1.1 200 OK
Mar 05, 2021 12:52:27 PM org.entando.kubernetes.client.KubernetesRestInterceptor invoke
INFO: Exiting method removeAndWait in class org.entando.kubernetes.controller.support.client.PodClient
Mar 05, 2021 12:52:27 PM org.entando.kubernetes.client.KubernetesRestInterceptor invoke
INFO: Entering method start in class org.entando.kubernetes.controller.support.client.PodClient with Pod: entando-k8s-controller-coordinator-carcpr69/test-keycloak-deployer-8324
Mar 05, 2021 12:52:27 PM okhttp3.mockwebserver.MockWebServer$3 processOneRequest
INFO: MockWebServer[38711] received request: GET /api/v1/namespaces/entando-k8s-controller-coordinator-carcpr69/pods?labelSelector=EntandoResourceNamespace%3Dentando-k8s-controller-coordinator-carcpr69%2CEntandoResourceKind%3DEntandoKeycloakServer%2CEntandoKeycloakServer%3Dtest-keycloak&watch=**** HTTP/1.1 and responded: HTTP/1.1 200 OK
Mar 05, 2021 12:52:27 PM io.fabric8.kubernetes.client.dsl.internal.WatchHTTPManager$1 onResponse
INFO: Watch terminated unexpectedly. reason: \n not found: limit=46 content=7b2261706956657273696f6e223a227631222c226b696e64223a224c69737422â€¦
Mar 05, 2021 12:52:27 PM io.fabric8.kubernetes.client.dsl.internal.WatchHTTPManager scheduleReconnect
WARN: Ignoring error for already closed/closing connection
Mar 05, 2021 12:52:27 PM okhttp3.mockwebserver.MockWebServer$3 processOneRequest
INFO: MockWebServer[38711] received request: POST /api/v1/namespaces/entando-k8s-controller-coordinator-carcpr69/pods HTTP/1.1 and responded: HTTP/1.1 202 OK
Mar 05, 2021 12:52:27 PM org.entando.kubernetes.client.KubernetesRestInterceptor invoke
INFO: Exiting method start in class org.entando.kubernetes.controller.support.client.PodClient
Mar 05, 2021 12:52:27 PM okhttp3.mockwebserver.MockWebServer$3 processOneRequest
INFO: MockWebServer[38711] received request: GET /api/v1/namespaces/entando-k8s-controller-coordinator-carcpr69/pods?labelSelector=EntandoResourceKind%3DEntandoKeycloakServer HTTP/1.1 and responded: HTTP/1.1 200 OK
Mar 05, 2021 12:52:27 PM okhttp3.mockwebserver.MockWebServer$3 processOneRequest
INFO: MockWebServer[38711] received request: GET /api/v1/namespaces/entando-k8s-controller-coordinator-carcpr69/pods?labelSelector=EntandoResourceKind%3DEntandoKeycloakServer HTTP/1.1 and responded: HTTP/1.1 200 OK
Mar 05, 2021 12:52:27 PM okhttp3.mockwebserver.MockWebServer$2 acceptConnections
INFO: MockWebServer[38711] done accepting connections: Socket closed
Mar 05, 2021 12:52:27 PM okhttp3.mockwebserver.MockWebServer$3 e**cute
INFO: MockWebServer[38711] connection from /127.0.0.1 failed: java.net.SocketException: Connection or outbound has closed
Mar 05, 2021 12:52:27 PM io.fabric8.kubernetes.client.dsl.internal.WatchHTTPManager$1 onFailure
INFO: Watch connection failed. reason: Canceled
Mar 05, 2021 12:52:27 PM io.fabric8.kubernetes.client.dsl.internal.WatchHTTPManager$1 onFailure
INFO: Watch connection failed. reason: e**cutor rejected
Mar 05, 2021 12:52:27 PM okhttp3.mockwebserver.MockWebServer$2 e**cute
INFO: MockWebServer[44454] starting to accept connections
Mar 05, 2021 12:52:27 PM okhttp3.mockwebserver.MockWebServer$3 processOneRequest
INFO: MockWebServer[44454] received request: GET /api/v1/namespaces/entando-k8s-controller-coordinator-carcpr69 HTTP/1.1 and responded: HTTP/1.1 404 Client Error
Mar 05, 2021 12:52:27 PM okhttp3.mockwebserver.MockWebServer$3 processOneRequest
INFO: MockWebServer[44454] received request: GET /apis/entando.org/v1/namespaces/default/entandokeycloakservers HTTP/1.1 and responded: HTTP/1.1 200 OK
Mar 05, 2021 12:52:27 PM okhttp3.mockwebserver.MockWebServer$3 processOneRequest
INFO: MockWebServer[44454] received request: GET /api/v1/namespaces/entando-k8s-controller-coordinator-carcpr69 HTTP/1.1 and responded: HTTP/1.1 404 Client Error
Mar 05, 2021 12:52:28 PM okhttp3.mockwebserver.MockWebServer$3 processOneRequest
INFO: MockWebServer[44454] received request: GET /apis/entando.org/v1/namespaces/default/entandokeycloakservers HTTP/1.1 and responded: HTTP/1.1 200 OK
Mar 05, 2021 12:52:28 PM okhttp3.mockwebserver.MockWebServer$3 processOneRequest
INFO: MockWebServer[44454] received request: GET /apis/entando.org/v1/namespaces/entando-k8s-controller-coordinator-carcpr69/entandokeycloakservers HTTP/1.1 and responded: HTTP/1.1 200 OK
Mar 05, 2021 12:52:28 PM okhttp3.mockwebserver.MockWebServer$3 processOneRequest
INFO: MockWebServer[44454] received request: GET /apis/entando.org/v1/namespaces/entando-k8s-controller-coordinator-carcpr69/entandokeycloakservers?watch=**** HTTP/1.1 and responded: HTTP/1.1 200 OK
Mar 05, 2021 12:52:28 PM okhttp3.mockwebserver.MockWebServer$3 processOneRequest
INFO: MockWebServer[44454] received request: GET /apis/entando.org/v1/namespaces/entando-k8s-controller-coordinator-carcpr69/entandokeycloakservers?watch=**** HTTP/1.1 and responded: HTTP/1.1 200 OK
Mar 05, 2021 12:52:28 PM io.fabric8.kubernetes.client.dsl.internal.WatchHTTPManager$1 onFailure
INFO: Watch connection failed. reason: e**cutor rejected
Mar 05, 2021 12:52:28 PM okhttp3.mockwebserver.MockWebServer$3 processOneRequest
INFO: MockWebServer[44454] received request: GET /api/v1/namespaces/entando-k8s-controller-coordinator-carcpr69 HTTP/1.1 and responded: HTTP/1.1 404 Client Error
Mar 05, 2021 12:52:28 PM io.fabric8.kubernetes.client.dsl.internal.WatchHTTPManager$1 onResponse
INFO: Watch terminated unexpectedly. reason: \n not found: limit=46 content=7b2261706956657273696f6e223a227631222c226b696e64223a224c69737422â€¦
Mar 05, 2021 12:52:28 PM okhttp3.mockwebserver.MockWebServer$3 processOneRequest
INFO: MockWebServer[44454] received request: GET /apis/entando.org/v1/namespaces/default/entandoclusterinfrastructures HTTP/1.1 and responded: HTTP/1.1 200 OK
Mar 05, 2021 12:52:28 PM okhttp3.mockwebserver.MockWebServer$3 processOneRequest
INFO: MockWebServer[44454] received request: GET /api/v1/namespaces/entando-k8s-controller-coordinator-carcpr69 HTTP/1.1 and responded: HTTP/1.1 404 Client Error
Mar 05, 2021 12:52:28 PM okhttp3.mockwebserver.MockWebServer$3 processOneRequest
INFO: MockWebServer[44454] received request: GET /apis/entando.org/v1/namespaces/default/entandoclusterinfrastructures HTTP/1.1 and responded: HTTP/1.1 200 OK
Mar 05, 2021 12:52:28 PM io.fabric8.kubernetes.client.dsl.internal.WatchHTTPManager$1 onFailure
INFO: Watch connection failed. reason: e**cutor rejected
Mar 05, 2021 12:52:28 PM okhttp3.mockwebserver.MockWebServer$3 processOneRequest
INFO: MockWebServer[44454] received request: GET /apis/entando.org/v1/namespaces/entando-k8s-controller-coordinator-carcpr69/entandoclusterinfrastructures HTTP/1.1 and responded: HTTP/1.1 200 OK
Mar 05, 2021 12:52:28 PM okhttp3.mockwebserver.MockWebServer$3 processOneRequest
INFO: MockWebServer[44454] received request: GET /apis/entando.org/v1/namespaces/entando-k8s-controller-coordinator-carcpr69/entandoclusterinfrastructures?watch=**** HTTP/1.1 and responded: HTTP/1.1 200 OK
Mar 05, 2021 12:52:28 PM okhttp3.mockwebserver.MockWebServer$3 processOneRequest
INFO: MockWebServer[44454] received request: GET /api/v1/namespaces/entando-k8s-controller-coordinator-carcpr69 HTTP/1.1 and responded: HTTP/1.1 404 Client Error
Mar 05, 2021 12:52:28 PM okhttp3.mockwebserver.MockWebServer$3 processOneRequest
INFO: MockWebServer[44454] received request: GET /apis/entando.org/v1/namespaces/entando-k8s-controller-coordinator-carcpr69/entandoclusterinfrastructures?watch=**** HTTP/1.1 and responded: HTTP/1.1 200 OK
Mar 05, 2021 12:52:28 PM io.fabric8.kubernetes.client.dsl.internal.WatchHTTPManager$1 onResponse
INFO: Watch terminated unexpectedly. reason: \n not found: limit=46 content=7b2261706956657273696f6e223a227631222c226b696e64223a224c69737422â€¦
Mar 05, 2021 12:52:28 PM okhttp3.mockwebserver.MockWebServer$3 processOneRequest
INFO: MockWebServer[44454] received request: GET /apis/entando.org/v1/namespaces/default/entandoplugins HTTP/1.1 and responded: HTTP/1.1 200 OK
Mar 05, 2021 12:52:28 PM okhttp3.mockwebserver.MockWebServer$3 processOneRequest
INFO: MockWebServer[44454] received request: GET /api/v1/namespaces/entando-k8s-controller-coordinator-carcpr69 HTTP/1.1 and responded: HTTP/1.1 404 Client Error
Mar 05, 2021 12:52:28 PM okhttp3.mockwebserver.MockWebServer$3 processOneRequest
INFO: MockWebServer[44454] received request: GET /apis/entando.org/v1/namespaces/default/entandoplugins HTTP/1.1 and responded: HTTP/1.1 200 OK
Mar 05, 2021 12:52:29 PM okhttp3.mockwebserver.MockWebServer$3 processOneRequest
INFO: MockWebServer[44454] received request: GET /apis/entando.org/v1/namespaces/entando-k8s-controller-coordinator-carcpr69/entandoplugins HTTP/1.1 and responded: HTTP/1.1 200 OK
Mar 05, 2021 12:52:29 PM okhttp3.mockwebserver.MockWebServer$3 processOneRequest
INFO: MockWebServer[44454] received request: GET /apis/entando.org/v1/namespaces/entando-k8s-controller-coordinator-carcpr69/entandoplugins?watch=**** HTTP/1.1 and responded: HTTP/1.1 200 OK
Mar 05, 2021 12:52:29 PM io.fabric8.kubernetes.client.dsl.internal.WatchHTTPManager$1 onFailure
INFO: Watch connection failed. reason: e**cutor rejected
Mar 05, 2021 12:52:29 PM okhttp3.mockwebserver.MockWebServer$3 processOneRequest
INFO: MockWebServer[44454] received request: GET /api/v1/namespaces/entando-k8s-controller-coordinator-carcpr69 HTTP/1.1 and responded: HTTP/1.1 404 Client Error
Mar 05, 2021 12:52:29 PM okhttp3.mockwebserver.MockWebServer$3 processOneRequest
INFO: MockWebServer[44454] received request: GET /apis/entando.org/v1/namespaces/entando-k8s-controller-coordinator-carcpr69/entandoplugins?watch=**** HTTP/1.1 and responded: HTTP/1.1 200 OK
Mar 05, 2021 12:52:29 PM io.fabric8.kubernetes.client.dsl.internal.WatchHTTPManager$1 onResponse
INFO: Watch terminated unexpectedly. reason: \n not found: limit=46 content=7b2261706956657273696f6e223a227631222c226b696e64223a224c69737422â€¦
Mar 05, 2021 12:52:29 PM okhttp3.mockwebserver.MockWebServer$3 processOneRequest
INFO: MockWebServer[44454] received request: GET /apis/entando.org/v1/namespaces/default/entandocompositeapps HTTP/1.1 and responded: HTTP/1.1 200 OK
Mar 05, 2021 12:52:29 PM okhttp3.mockwebserver.MockWebServer$3 processOneRequest
INFO: MockWebServer[44454] received request: GET /api/v1/namespaces/entando-k8s-controller-coordinator-carcpr69 HTTP/1.1 and responded: HTTP/1.1 404 Client Error
Mar 05, 2021 12:52:29 PM okhttp3.mockwebserver.MockWebServer$3 processOneRequest
INFO: MockWebServer[44454] received request: GET /apis/entando.org/v1/namespaces/default/entandocompositeapps HTTP/1.1 and responded: HTTP/1.1 200 OK
Mar 05, 2021 12:52:29 PM okhttp3.mockwebserver.MockWebServer$3 processOneRequest
INFO: MockWebServer[44454] received request: GET /apis/entando.org/v1/namespaces/entando-k8s-controller-coordinator-carcpr69/entandokeycloakservers?watch=**** HTTP/1.1 and responded: HTTP/1.1 200 OK
Mar 05, 2021 12:52:29 PM io.fabric8.kubernetes.client.dsl.internal.WatchHTTPManager$1 onResponse
INFO: Watch terminated unexpectedly. reason: \n not found: limit=46 content=7b2261706956657273696f6e223a227631222c226b696e64223a224c69737422â€¦
Mar 05, 2021 12:52:29 PM okhttp3.mockwebserver.MockWebServer$3 processOneRequest
INFO: MockWebServer[44454] received request: GET /apis/entando.org/v1/namespaces/entando-k8s-controller-coordinator-carcpr69/entandocompositeapps HTTP/1.1 and responded: HTTP/1.1 200 OK
Mar 05, 2021 12:52:29 PM okhttp3.mockwebserver.MockWebServer$3 processOneRequest
INFO: MockWebServer[44454] received request: GET /apis/entando.org/v1/namespaces/entando-k8s-controller-coordinator-carcpr69/entandocompositeapps?watch=**** HTTP/1.1 and responded: HTTP/1.1 200 OK
Mar 05, 2021 12:52:29 PM okhttp3.mockwebserver.MockWebServer$3 processOneRequest
INFO: MockWebServer[44454] received request: GET /api/v1/namespaces/entando-k8s-controller-coordinator-carcpr69 HTTP/1.1 and responded: HTTP/1.1 404 Client Error
Mar 05, 2021 12:52:29 PM okhttp3.mockwebserver.MockWebServer$3 processOneRequest
INFO: MockWebServer[44454] received request: GET /apis/entando.org/v1/namespaces/entando-k8s-controller-coordinator-carcpr69/entandocompositeapps?watch=**** HTTP/1.1 and responded: HTTP/1.1 200 OK
Mar 05, 2021 12:52:29 PM io.fabric8.kubernetes.client.dsl.internal.WatchHTTPManager$1 onResponse
INFO: Watch terminated unexpectedly. reason: \n not found: limit=46 content=7b2261706956657273696f6e223a227631222c226b696e64223a224c69737422â€¦
Mar 05, 2021 12:52:29 PM okhttp3.mockwebserver.MockWebServer$3 processOneRequest
INFO: MockWebServer[44454] received request: GET /apis/entando.org/v1/namespaces/default/entandodatabaseservices HTTP/1.1 and responded: HTTP/1.1 200 OK
Mar 05, 2021 12:52:29 PM okhttp3.mockwebserver.MockWebServer$3 processOneRequest
INFO: MockWebServer[44454] received request: GET /api/v1/namespaces/entando-k8s-controller-coordinator-carcpr69 HTTP/1.1 and responded: HTTP/1.1 404 Client Error
Mar 05, 2021 12:52:29 PM okhttp3.mockwebserver.MockWebServer$3 processOneRequest
INFO: MockWebServer[44454] received request: GET /apis/entando.org/v1/namespaces/default/entandodatabaseservices HTTP/1.1 and responded: HTTP/1.1 200 OK
Mar 05, 2021 12:52:29 PM okhttp3.mockwebserver.MockWebServer$3 processOneRequest
INFO: MockWebServer[44454] received request: GET /apis/entando.org/v1/namespaces/entando-k8s-controller-coordinator-carcpr69/entandoclusterinfrastructures?watch=**** HTTP/1.1 and responded: HTTP/1.1 200 OK
Mar 05, 2021 12:52:29 PM io.fabric8.kubernetes.client.dsl.internal.WatchHTTPManager$1 onResponse
INFO: Watch terminated unexpectedly. reason: \n not found: limit=46 content=7b2261706956657273696f6e223a227631222c226b696e64223a224c69737422â€¦
Mar 05, 2021 12:52:29 PM okhttp3.mockwebserver.MockWebServer$3 processOneRequest
INFO: MockWebServer[44454] received request: GET /apis/entando.org/v1/namespaces/entando-k8s-controller-coordinator-carcpr69/entandodatabaseservices HTTP/1.1 and responded: HTTP/1.1 200 OK
Mar 05, 2021 12:52:29 PM io.fabric8.kubernetes.client.dsl.internal.WatchHTTPManager$1 onFailure
INFO: Watch connection failed. reason: e**cutor rejected
Mar 05, 2021 12:52:29 PM okhttp3.mockwebserver.MockWebServer$3 processOneRequest
INFO: MockWebServer[44454] received request: GET /apis/entando.org/v1/namespaces/entando-k8s-controller-coordinator-carcpr69/entandodatabaseservices?watch=**** HTTP/1.1 and responded: HTTP/1.1 200 OK
Mar 05, 2021 12:52:30 PM okhttp3.mockwebserver.MockWebServer$3 processOneRequest
INFO: MockWebServer[44454] received request: GET /apis/entando.org/v1/namespaces/entando-k8s-controller-coordinator-carcpr69/entandodatabaseservices?watch=**** HTTP/1.1 and responded: HTTP/1.1 200 OK
Mar 05, 2021 12:52:30 PM okhttp3.mockwebserver.MockWebServer$3 processOneRequest
INFO: MockWebServer[44454] received request: GET /api/v1/namespaces/entando-k8s-controller-coordinator-carcpr69 HTTP/1.1 and responded: HTTP/1.1 404 Client Error
Mar 05, 2021 12:52:30 PM io.fabric8.kubernetes.client.dsl.internal.WatchHTTPManager$1 onResponse
INFO: Watch terminated unexpectedly. reason: \n not found: limit=46 content=7b2261706956657273696f6e223a227631222c226b696e64223a224c69737422â€¦
Mar 05, 2021 12:52:30 PM okhttp3.mockwebserver.MockWebServer$3 processOneRequest
INFO: MockWebServer[44454] received request: GET /apis/entando.org/v1/namespaces/default/entandoapps HTTP/1.1 and responded: HTTP/1.1 200 OK
Mar 05, 2021 12:52:30 PM okhttp3.mockwebserver.MockWebServer$3 processOneRequest
INFO: MockWebServer[44454] received request: GET /api/v1/namespaces/entando-k8s-controller-coordinator-carcpr69 HTTP/1.1 and responded: HTTP/1.1 404 Client Error
Mar 05, 2021 12:52:30 PM okhttp3.mockwebserver.MockWebServer$3 processOneRequest
INFO: MockWebServer[44454] received request: GET /apis/entando.org/v1/namespaces/default/entandoapps HTTP/1.1 and responded: HTTP/1.1 200 OK
Mar 05, 2021 12:52:30 PM okhttp3.mockwebserver.MockWebServer$3 processOneRequest
INFO: MockWebServer[44454] received request: GET /apis/entando.org/v1/namespaces/entando-k8s-controller-coordinator-carcpr69/entandoplugins?watch=**** HTTP/1.1 and responded: HTTP/1.1 200 OK
Mar 05, 2021 12:52:30 PM io.fabric8.kubernetes.client.dsl.internal.WatchHTTPManager$1 onResponse
INFO: Watch terminated unexpectedly. reason: \n not found: limit=46 content=7b2261706956657273696f6e223a227631222c226b696e64223a224c69737422â€¦
Mar 05, 2021 12:52:30 PM okhttp3.mockwebserver.MockWebServer$3 processOneRequest
INFO: MockWebServer[44454] received request: GET /apis/entando.org/v1/namespaces/entando-k8s-controller-coordinator-carcpr69/entandoapps HTTP/1.1 and responded: HTTP/1.1 200 OK
Mar 05, 2021 12:52:30 PM okhttp3.mockwebserver.MockWebServer$3 processOneRequest
INFO: MockWebServer[44454] received request: GET /apis/entando.org/v1/namespaces/entando-k8s-controller-coordinator-carcpr69/entandoapps?watch=**** HTTP/1.1 and responded: HTTP/1.1 200 OK
Mar 05, 2021 12:52:30 PM okhttp3.mockwebserver.MockWebServer$3 processOneRequest
INFO: MockWebServer[44454] received request: GET /api/v1/namespaces/entando-k8s-controller-coordinator-carcpr69 HTTP/1.1 and responded: HTTP/1.1 404 Client Error
Mar 05, 2021 12:52:30 PM okhttp3.mockwebserver.MockWebServer$3 processOneRequest
INFO: MockWebServer[44454] received request: GET /apis/entando.org/v1/namespaces/entando-k8s-controller-coordinator-carcpr69/entandoapps?watch=**** HTTP/1.1 and responded: HTTP/1.1 200 OK
Mar 05, 2021 12:52:30 PM io.fabric8.kubernetes.client.dsl.internal.WatchHTTPManager$1 onResponse
INFO: Watch terminated unexpectedly. reason: \n not found: limit=46 content=7b2261706956657273696f6e223a227631222c226b696e64223a224c69737422â€¦
Mar 05, 2021 12:52:30 PM okhttp3.mockwebserver.MockWebServer$3 processOneRequest
INFO: MockWebServer[44454] received request: GET /apis/entando.org/v1/namespaces/default/entandoapppluginlinks HTTP/1.1 and responded: HTTP/1.1 200 OK
Mar 05, 2021 12:52:30 PM io.fabric8.kubernetes.client.dsl.internal.WatchHTTPManager$1 onFailure
INFO: Watch connection failed. reason: e**cutor rejected
Mar 05, 2021 12:52:30 PM okhttp3.mockwebserver.MockWebServer$3 processOneRequest
INFO: MockWebServer[44454] received request: GET /api/v1/namespaces/entando-k8s-controller-coordinator-carcpr69 HTTP/1.1 and responded: HTTP/1.1 404 Client Error
Mar 05, 2021 12:52:30 PM okhttp3.mockwebserver.MockWebServer$3 processOneRequest
INFO: MockWebServer[44454] received request: GET /apis/entando.org/v1/namespaces/default/entandoapppluginlinks HTTP/1.1 and responded: HTTP/1.1 200 OK
Mar 05, 2021 12:52:30 PM okhttp3.mockwebserver.MockWebServer$3 processOneRequest
INFO: MockWebServer[44454] received request: GET /apis/entando.org/v1/namespaces/entando-k8s-controller-coordinator-carcpr69/entandocompositeapps?watch=**** HTTP/1.1 and responded: HTTP/1.1 200 OK
Mar 05, 2021 12:52:30 PM io.fabric8.kubernetes.client.dsl.internal.WatchHTTPManager$1 onResponse
INFO: Watch terminated unexpectedly. reason: \n not found: limit=46 content=7b2261706956657273696f6e223a227631222c226b696e64223a224c69737422â€¦
Mar 05, 2021 12:52:30 PM okhttp3.mockwebserver.MockWebServer$3 processOneRequest
INFO: MockWebServer[44454] received request: GET /apis/entando.org/v1/namespaces/entando-k8s-controller-coordinator-carcpr69/entandoapppluginlinks HTTP/1.1 and responded: HTTP/1.1 200 OK
Mar 05, 2021 12:52:30 PM okhttp3.mockwebserver.MockWebServer$3 processOneRequest
INFO: MockWebServer[44454] received request: GET /apis/entando.org/v1/namespaces/entando-k8s-controller-coordinator-carcpr69/entandoapppluginlinks?watch=**** HTTP/1.1 and responded: HTTP/1.1 200 OK
Mar 05, 2021 12:52:30 PM okhttp3.mockwebserver.MockWebServer$3 processOneRequest
INFO: MockWebServer[44454] received request: GET /apis/entando.org/v1/namespaces/entando-k8s-controller-coordinator-carcpr69/entandoapppluginlinks?watch=**** HTTP/1.1 and responded: HTTP/1.1 200 OK
Mar 05, 2021 12:52:30 PM okhttp3.mockwebserver.MockWebServer$3 processOneRequest
INFO: MockWebServer[44454] received request: GET /api/v1/namespaces/entando-k8s-controller-coordinator-carcpr69 HTTP/1.1 and responded: HTTP/1.1 404 Client Error
Mar 05, 2021 12:52:30 PM io.fabric8.kubernetes.client.dsl.internal.WatchHTTPManager$1 onResponse
INFO: Watch terminated unexpectedly. reason: \n not found: limit=46 content=7b2261706956657273696f6e223a227631222c226b696e64223a224c69737422â€¦
Mar 05, 2021 12:52:30 PM okhttp3.mockwebserver.MockWebServer$3 processOneRequest
INFO: MockWebServer[44454] received request: GET /apis/entando.org/v1/namespaces/default/entandodebundles HTTP/1.1 and responded: HTTP/1.1 200 OK
Mar 05, 2021 12:52:31 PM okhttp3.mockwebserver.MockWebServer$3 processOneRequest
INFO: MockWebServer[44454] received request: GET /api/v1/namespaces/entando-k8s-controller-coordinator-carcpr69 HTTP/1.1 and responded: HTTP/1.1 404 Client Error
Mar 05, 2021 12:52:31 PM okhttp3.mockwebserver.MockWebServer$3 processOneRequest
INFO: MockWebServer[44454] received request: GET /apis/entando.org/v1/namespaces/default/entandodebundles HTTP/1.1 and responded: HTTP/1.1 200 OK
Mar 05, 2021 12:52:31 PM io.fabric8.kubernetes.client.dsl.internal.WatchHTTPManager$1 onResponse
INFO: Watch terminated unexpectedly. reason: \n not found: limit=46 content=7b2261706956657273696f6e223a227631222c226b696e64223a224c69737422â€¦
Mar 05, 2021 12:52:31 PM okhttp3.mockwebserver.MockWebServer$3 processOneRequest
INFO: MockWebServer[44454] received request: GET /apis/entando.org/v1/namespaces/entando-k8s-controller-coordinator-carcpr69/entandodatabaseservices?watch=**** HTTP/1.1 and responded: HTTP/1.1 200 OK
Mar 05, 2021 12:52:31 PM okhttp3.mockwebserver.MockWebServer$3 processOneRequest
INFO: MockWebServer[44454] received request: GET /apis/entando.org/v1/namespaces/entando-k8s-controller-coordinator-carcpr69/entandodebundles HTTP/1.1 and responded: HTTP/1.1 200 OK
Mar 05, 2021 12:52:31 PM io.fabric8.kubernetes.client.dsl.internal.WatchHTTPManager$1 onFailure
INFO: Watch connection failed. reason: e**cutor rejected
Mar 05, 2021 12:52:31 PM okhttp3.mockwebserver.MockWebServer$3 processOneRequest
INFO: MockWebServer[44454] received request: GET /apis/entando.org/v1/namespaces/entando-k8s-controller-coordinator-carcpr69/entandodebundles?watch=**** HTTP/1.1 and responded: HTTP/1.1 200 OK
Mar 05, 2021 12:52:31 PM okhttp3.mockwebserver.MockWebServer$3 processOneRequest
INFO: MockWebServer[44454] received request: GET /apis/entando.org/v1/namespaces/entando-k8s-controller-coordinator-carcpr69/entandodebundles?watch=**** HTTP/1.1 and responded: HTTP/1.1 200 OK
Mar 05, 2021 12:52:31 PM okhttp3.mockwebserver.MockWebServer$3 processOneRequest
INFO: MockWebServer[44454] received request: GET /api/v1/namespaces/entando-k8s-controller-coordinator-carcpr69 HTTP/1.1 and responded: HTTP/1.1 404 Client Error
Mar 05, 2021 12:52:31 PM io.fabric8.kubernetes.client.dsl.internal.WatchHTTPManager$1 onResponse
INFO: Watch terminated unexpectedly. reason: \n not found: limit=46 content=7b2261706956657273696f6e223a227631222c226b696e64223a224c69737422â€¦
Mar 05, 2021 12:52:31 PM okhttp3.mockwebserver.MockWebServer$3 processOneRequest
INFO: MockWebServer[44454] received request: POST /api/v1/namespaces HTTP/1.1 and responded: HTTP/1.1 202 OK
Mar 05, 2021 12:52:31 PM okhttp3.mockwebserver.MockWebServer$3 processOneRequest
INFO: MockWebServer[44454] received request: GET /api/v1/namespaces/entando/configmaps/entando-docker-image-info-v6.3 HTTP/1.1 and responded: HTTP/1.1 404 Client Error
Mar 05, 2021 12:52:31 PM okhttp3.mockwebserver.MockWebServer$3 processOneRequest
INFO: MockWebServer[44454] received request: GET /apis/entando.org/v1/namespaces/entando-k8s-controller-coordinator-carcpr69/entandokeycloakservers?watch=**** HTTP/1.1 and responded: HTTP/1.1 200 OK
Mar 05, 2021 12:52:31 PM okhttp3.mockwebserver.MockWebServer$3 processOneRequest
INFO: MockWebServer[44454] received request: POST /api/v1/namespaces/entando/configmaps HTTP/1.1 and responded: HTTP/1.1 202 OK
Mar 05, 2021 12:52:31 PM io.fabric8.kubernetes.client.dsl.internal.WatchHTTPManager$1 onResponse
INFO: Watch terminated unexpectedly. reason: \n not found: limit=46 content=7b2261706956657273696f6e223a227631222c226b696e64223a224c69737422â€¦
Mar 05, 2021 12:52:31 PM okhttp3.mockwebserver.MockWebServer$3 processOneRequest
INFO: MockWebServer[44454] received request: GET /apis/entando.org/v1/namespaces/entando-k8s-controller-coordinator-carcpr69/entandoapps?watch=**** HTTP/1.1 and responded: HTTP/1.1 200 OK
Mar 05, 2021 12:52:31 PM okhttp3.mockwebserver.MockWebServer$3 processOneRequest
INFO: MockWebServer[44454] received request: GET /api/v1/namespaces/entando-k8s-controller-coordinator-carcpr69 HTTP/1.1 and responded: HTTP/1.1 200 OK
Mar 05, 2021 12:52:31 PM io.fabric8.kubernetes.client.dsl.internal.WatchHTTPManager$1 onResponse
INFO: Watch terminated unexpectedly. reason: \n not found: limit=46 content=7b2261706956657273696f6e223a227631222c226b696e64223a224c69737422â€¦
Mar 05, 2021 12:52:31 PM okhttp3.mockwebserver.MockWebServer$3 processOneRequest
INFO: MockWebServer[44454] received request: GET /apis/entando.org/v1/namespaces/entando-k8s-controller-coordinator-carcpr69/entandokeycloakservers HTTP/1.1 and responded: HTTP/1.1 200 OK
Mar 05, 2021 12:52:31 PM io.fabric8.kubernetes.client.dsl.internal.WatchHTTPManager$1 onFailure
INFO: Watch connection failed. reason: e**cutor rejected
Mar 05, 2021 12:52:31 PM okhttp3.mockwebserver.MockWebServer$3 processOneRequest
INFO: MockWebServer[44454] received request: GET /api/v1/namespaces/entando-k8s-controller-coordinator-carcpr69 HTTP/1.1 and responded: HTTP/1.1 200 OK
Mar 05, 2021 12:52:31 PM okhttp3.mockwebserver.MockWebServer$3 processOneRequest
INFO: MockWebServer[44454] received request: GET /apis/entando.org/v1/namespaces/entando-k8s-controller-coordinator-carcpr69/entandokeycloakservers HTTP/1.1 and responded: HTTP/1.1 200 OK
Mar 05, 2021 12:52:31 PM okhttp3.mockwebserver.MockWebServer$3 processOneRequest
INFO: MockWebServer[44454] received request: GET /apis/entando.org/v1/namespaces/entando-k8s-controller-coordinator-carcpr69/entandoclusterinfrastructures?watch=**** HTTP/1.1 and responded: HTTP/1.1 200 OK
Mar 05, 2021 12:52:31 PM io.fabric8.kubernetes.client.dsl.internal.WatchHTTPManager$1 onResponse
INFO: Watch terminated unexpectedly. reason: \n not found: limit=46 content=7b2261706956657273696f6e223a227631222c226b696e64223a224c69737422â€¦
Mar 05, 2021 12:52:31 PM okhttp3.mockwebserver.MockWebServer$3 processOneRequest
INFO: MockWebServer[44454] received request: POST /apis/entando.org/v1/namespaces/entando-k8s-controller-coordinator-carcpr69/entandokeycloakservers HTTP/1.1 and responded: HTTP/1.1 202 OK
Mar 05, 2021 12:52:31 PM org.entando.kubernetes.controller.coordinator.EntandoResourceObserver logResource
WARNING: EntandoKeycloakServer entando-k8s-controller-coordinator-carcpr69/test-keycloak has a new resource version: 1
Mar 05, 2021 12:52:31 PM org.entando.kubernetes.controller.coordinator.EntandoResourceObserver logResource
WARNING: EntandoKeycloakServer entando-k8s-controller-coordinator-carcpr69/test-keycloak is a top level resource
Mar 05, 2021 12:52:31 PM okhttp3.mockwebserver.MockWebServer$3 processOneRequest
INFO: MockWebServer[44454] received request: GET /apis/entando.org/v1/namespaces/entando-k8s-controller-coordinator-carcpr69/entandoapppluginlinks?watch=**** HTTP/1.1 and responded: HTTP/1.1 200 OK
Mar 05, 2021 12:52:31 PM org.entando.kubernetes.controller.coordinator.EntandoResourceObserver logResource
WARNING: EntandoKeycloakServer entando-k8s-controller-coordinator-carcpr69/test-keycloak is processed after a metadata.generation increment.
Mar 05, 2021 12:52:31 PM org.entando.kubernetes.controller.coordinator.EntandoResourceObserver logResource
INFO: Received ADDED for the EntandoKeycloakServer entando-k8s-controller-coordinator-carcpr69/test-keycloak
Mar 05, 2021 12:52:31 PM org.entando.kubernetes.client.KubernetesRestInterceptor invoke
INFO: Entering method getNamespace in class org.entando.kubernetes.controller.support.client.EntandoResourceClient
Mar 05, 2021 12:52:31 PM org.entando.kubernetes.client.KubernetesRestInterceptor invoke
INFO: Exiting method getNamespace in class org.entando.kubernetes.controller.support.client.EntandoResourceClient
Mar 05, 2021 12:52:31 PM org.entando.kubernetes.client.KubernetesRestInterceptor invoke
INFO: Entering method loadDockerImageInfoConfigMap in class org.entando.kubernetes.controller.support.client.EntandoResourceClient
Mar 05, 2021 12:52:31 PM io.fabric8.kubernetes.client.dsl.internal.WatchHTTPManager$1 onResponse
INFO: Watch terminated unexpectedly. reason: \n not found: limit=46 content=7b2261706956657273696f6e223a227631222c226b696e64223a224c69737422â€¦
Mar 05, 2021 12:52:32 PM okhttp3.mockwebserver.MockWebServer$3 processOneRequest
INFO: MockWebServer[44454] received request: GET /api/v1/namespaces/entando/configmaps/entando-docker-image-info-v6.3 HTTP/1.1 and responded: HTTP/1.1 200 OK
Mar 05, 2021 12:52:32 PM org.entando.kubernetes.client.KubernetesRestInterceptor invoke
INFO: Exiting method loadDockerImageInfoConfigMap in class org.entando.kubernetes.controller.support.client.EntandoResourceClient
Mar 05, 2021 12:52:32 PM org.entando.kubernetes.client.KubernetesRestInterceptor invoke
INFO: Entering method removeAndWait in class org.entando.kubernetes.controller.support.client.PodClient with entando-k8s-controller-coordinator-carcpr69,{EntandoResourceNamespace=entando-k8s-controller-coordinator-carcpr69, EntandoKeycloakServer=test-keycloak, EntandoResourceKind=EntandoKeycloakServer}
Mar 05, 2021 12:52:32 PM okhttp3.mockwebserver.MockWebServer$3 processOneRequest
INFO: MockWebServer[44454] received request: GET /api/v1/namespaces/entando-k8s-controller-coordinator-carcpr69/pods?labelSelector=EntandoResourceNamespace%3Dentando-k8s-controller-coordinator-carcpr69%2CEntandoResourceKind%3DEntandoKeycloakServer%2CEntandoKeycloakServer%3Dtest-keycloak HTTP/1.1 and responded: HTTP/1.1 200 OK
Mar 05, 2021 12:52:32 PM okhttp3.mockwebserver.MockWebServer$3 processOneRequest
INFO: MockWebServer[44454] received request: GET /api/v1/namespaces/entando-k8s-controller-coordinator-carcpr69/pods?labelSelector=EntandoResourceKind%3DEntandoKeycloakServer HTTP/1.1 and responded: HTTP/1.1 200 OK
Mar 05, 2021 12:52:32 PM okhttp3.mockwebserver.MockWebServer$3 processOneRequest
INFO: MockWebServer[44454] received request: GET /api/v1/namespaces/entando-k8s-controller-coordinator-carcpr69/pods?labelSelector=EntandoResourceNamespace%3Dentando-k8s-controller-coordinator-carcpr69%2CEntandoResourceKind%3DEntandoKeycloakServer%2CEntandoKeycloakServer%3Dtest-keycloak&watch=**** HTTP/1.1 and responded: HTTP/1.1 200 OK
Mar 05, 2021 12:52:32 PM okhttp3.mockwebserver.MockWebServer$3 processOneRequest
INFO: MockWebServer[44454] received request: GET /api/v1/namespaces/entando-k8s-controller-coordinator-carcpr69/pods?labelSelector=EntandoResourceKind%3DEntandoKeycloakServer HTTP/1.1 and responded: HTTP/1.1 200 OK
Mar 05, 2021 12:52:32 PM okhttp3.mockwebserver.MockWebServer$3 processOneRequest
INFO: MockWebServer[44454] received request: GET /api/v1/namespaces/entando-k8s-controller-coordinator-carcpr69/pods?labelSelector=EntandoResourceNamespace%3Dentando-k8s-controller-coordinator-carcpr69%2CEntandoResourceKind%3DEntandoKeycloakServer%2CEntandoKeycloakServer%3Dtest-keycloak&watch=**** HTTP/1.1 and responded: HTTP/1.1 200 OK
Mar 05, 2021 12:52:32 PM okhttp3.mockwebserver.MockWebServer$3 processOneRequest
INFO: MockWebServer[44454] received request: GET /api/v1/namespaces/entando-k8s-controller-coordinator-carcpr69/pods?labelSelector=EntandoResourceNamespace%3Dentando-k8s-controller-coordinator-carcpr69%2CEntandoResourceKind%3DEntandoKeycloakServer%2CEntandoKeycloakServer%3Dtest-keycloak HTTP/1.1 and responded: HTTP/1.1 200 OK
Mar 05, 2021 12:52:32 PM io.fabric8.kubernetes.client.dsl.internal.WatchHTTPManager$1 onResponse
INFO: Watch terminated unexpectedly. reason: \n not found: limit=46 content=7b2261706956657273696f6e223a227631222c226b696e64223a224c69737422â€¦
Mar 05, 2021 12:52:32 PM okhttp3.mockwebserver.MockWebServer$3 processOneRequest
INFO: MockWebServer[44454] received request: GET /apis/entando.org/v1/namespaces/entando-k8s-controller-coordinator-carcpr69/entandoplugins?watch=**** HTTP/1.1 and responded: HTTP/1.1 200 OK
Mar 05, 2021 12:52:32 PM io.fabric8.kubernetes.client.dsl.internal.WatchHTTPManager$1 onFailure
INFO: Watch connection failed. reason: e**cutor rejected
Mar 05, 2021 12:52:32 PM io.fabric8.kubernetes.client.dsl.internal.WatchHTTPManager$1 onResponse
INFO: Watch terminated unexpectedly. reason: \n not found: limit=46 content=7b2261706956657273696f6e223a227631222c226b696e64223a224c69737422â€¦
Mar 05, 2021 12:52:32 PM okhttp3.mockwebserver.MockWebServer$3 processOneRequest
INFO: MockWebServer[44454] received request: GET /api/v1/namespaces/entando-k8s-controller-coordinator-carcpr69/pods?labelSelector=EntandoResourceNamespace%3Dentando-k8s-controller-coordinator-carcpr69%2CEntandoResourceKind%3DEntandoKeycloakServer%2CEntandoKeycloakServer%3Dtest-keycloak HTTP/1.1 and responded: HTTP/1.1 200 OK
Mar 05, 2021 12:52:32 PM okhttp3.mockwebserver.MockWebServer$3 processOneRequest
INFO: MockWebServer[44454] received request: GET /apis/entando.org/v1/namespaces/entando-k8s-controller-coordinator-carcpr69/entandodebundles?watch=**** HTTP/1.1 and responded: HTTP/1.1 200 OK
Mar 05, 2021 12:52:32 PM okhttp3.mockwebserver.MockWebServer$3 processOneRequest
INFO: MockWebServer[44454] received request: GET /api/v1/namespaces/entando-k8s-controller-coordinator-carcpr69/pods?labelSelector=EntandoResourceKind%3DEntandoKeycloakServer HTTP/1.1 and responded: HTTP/1.1 200 OK
Mar 05, 2021 12:52:32 PM io.fabric8.kubernetes.client.dsl.internal.WatchHTTPManager$1 onResponse
INFO: Watch terminated unexpectedly. reason: \n not found: limit=46 content=7b2261706956657273696f6e223a227631222c226b696e64223a224c69737422â€¦
Mar 05, 2021 12:52:32 PM okhttp3.mockwebserver.MockWebServer$3 processOneRequest
INFO: MockWebServer[44454] received request: GET /api/v1/namespaces/entando-k8s-controller-coordinator-carcpr69/pods?labelSelector=EntandoResourceKind%3DEntandoKeycloakServer HTTP/1.1 and responded: HTTP/1.1 200 OK
Mar 05, 2021 12:52:32 PM okhttp3.mockwebserver.MockWebServer$3 processOneRequest
INFO: MockWebServer[44454] received request: GET /apis/entando.org/v1/namespaces/entando-k8s-controller-coordinator-carcpr69/entandocompositeapps?watch=**** HTTP/1.1 and responded: HTTP/1.1 200 OK
Mar 05, 2021 12:52:32 PM io.fabric8.kubernetes.client.dsl.internal.WatchHTTPManager$1 onResponse
INFO: Watch terminated unexpectedly. reason: \n not found: limit=46 content=7b2261706956657273696f6e223a227631222c226b696e64223a224c69737422â€¦
Mar 05, 2021 12:52:32 PM okhttp3.mockwebserver.MockWebServer$3 processOneRequest
INFO: MockWebServer[44454] received request: GET /api/v1/namespaces/entando-k8s-controller-coordinator-carcpr69/pods?labelSelector=EntandoResourceKind%3DEntandoKeycloakServer HTTP/1.1 and responded: HTTP/1.1 200 OK
Mar 05, 2021 12:52:32 PM okhttp3.mockwebserver.MockWebServer$3 processOneRequest
INFO: MockWebServer[44454] received request: GET /api/v1/namespaces/entando-k8s-controller-coordinator-carcpr69/pods?labelSelector=EntandoResourceKind%3DEntandoKeycloakServer HTTP/1.1 and responded: HTTP/1.1 200 OK
Mar 05, 2021 12:52:33 PM okhttp3.mockwebserver.MockWebServer$3 processOneRequest
INFO: MockWebServer[44454] received request: GET /api/v1/namespaces/entando-k8s-controller-coordinator-carcpr69/pods?labelSelector=EntandoResourceKind%3DEntandoKeycloakServer HTTP/1.1 and responded: HTTP/1.1 200 OK
Mar 05, 2021 12:52:33 PM okhttp3.mockwebserver.MockWebServer$3 processOneRequest
INFO: MockWebServer[44454] received request: GET /apis/entando.org/v1/namespaces/entando-k8s-controller-coordinator-carcpr69/entandodatabaseservices?watch=**** HTTP/1.1 and responded: HTTP/1.1 200 OK
Mar 05, 2021 12:52:33 PM io.fabric8.kubernetes.client.dsl.internal.WatchHTTPManager$1 onResponse
INFO: Watch terminated unexpectedly. reason: \n not found: limit=46 content=7b2261706956657273696f6e223a227631222c226b696e64223a224c69737422â€¦
Mar 05, 2021 12:52:33 PM okhttp3.mockwebserver.MockWebServer$3 processOneRequest
INFO: MockWebServer[44454] received request: GET /api/v1/namespaces/entando-k8s-controller-coordinator-carcpr69/pods?labelSelector=EntandoResourceKind%3DEntandoKeycloakServer HTTP/1.1 and responded: HTTP/1.1 200 OK
Mar 05, 2021 12:52:33 PM org.entando.kubernetes.client.KubernetesRestInterceptor invoke
INFO: Exiting method removeAndWait in class org.entando.kubernetes.controller.support.client.PodClient
Mar 05, 2021 12:52:33 PM org.entando.kubernetes.client.KubernetesRestInterceptor invoke
INFO: Entering method start in class org.entando.kubernetes.controller.support.client.PodClient with Pod: entando-k8s-controller-coordinator-carcpr69/test-keycloak-deployer-9202
Mar 05, 2021 12:52:33 PM okhttp3.mockwebserver.MockWebServer$3 processOneRequest
INFO: MockWebServer[44454] received request: GET /api/v1/namespaces/entando-k8s-controller-coordinator-carcpr69/pods?labelSelector=EntandoResourceKind%3DEntandoKeycloakServer HTTP/1.1 and responded: HTTP/1.1 200 OK
Mar 05, 2021 12:52:33 PM okhttp3.mockwebserver.MockWebServer$3 processOneRequest
INFO: MockWebServer[44454] received request: GET /api/v1/namespaces/entando-k8s-controller-coordinator-carcpr69/pods?labelSelector=EntandoResourceNamespace%3Dentando-k8s-controller-coordinator-carcpr69%2CEntandoResourceKind%3DEntandoKeycloakServer%2CEntandoKeycloakServer%3Dtest-keycloak&watch=**** HTTP/1.1 and responded: HTTP/1.1 200 OK
Mar 05, 2021 12:52:33 PM io.fabric8.kubernetes.client.dsl.internal.WatchHTTPManager$1 onResponse
INFO: Watch terminated unexpectedly. reason: \n not found: limit=46 content=7b2261706956657273696f6e223a227631222c226b696e64223a224c69737422â€¦
Mar 05, 2021 12:52:33 PM io.fabric8.kubernetes.client.dsl.internal.WatchHTTPManager scheduleReconnect
WARN: Ignoring error for already closed/closing connection
Mar 05, 2021 12:52:33 PM okhttp3.mockwebserver.MockWebServer$3 processOneRequest
INFO: MockWebServer[44454] received request: POST /api/v1/namespaces/entando-k8s-controller-coordinator-carcpr69/pods HTTP/1.1 and responded: HTTP/1.1 202 OK
Mar 05, 2021 12:52:33 PM org.entando.kubernetes.client.KubernetesRestInterceptor invoke
INFO: Exiting method start in class org.entando.kubernetes.controller.support.client.PodClient
Mar 05, 2021 12:52:33 PM okhttp3.mockwebserver.MockWebServer$3 processOneRequest
INFO: MockWebServer[44454] received request: GET /api/v1/namespaces/entando-k8s-controller-coordinator-carcpr69/pods?labelSelector=EntandoResourceKind%3DEntandoKeycloakServer HTTP/1.1 and responded: HTTP/1.1 200 OK
Mar 05, 2021 12:52:33 PM okhttp3.mockwebserver.MockWebServer$3 processOneRequest
INFO: MockWebServer[44454] received request: GET /api/v1/namespaces/entando-k8s-controller-coordinator-carcpr69/pods?labelSelector=EntandoResourceKind%3DEntandoKeycloakServer HTTP/1.1 and responded: HTTP/1.1 200 OK
Mar 05, 2021 12:52:33 PM okhttp3.mockwebserver.MockWebServer$3 processOneRequest
INFO: MockWebServer[44454] received request: GET /apis/entando.org/v1/namespaces/entando-k8s-controller-coordinator-carcpr69/entandoapps?watch=**** HTTP/1.1 and responded: HTTP/1.1 200 OK
Mar 05, 2021 12:52:33 PM okhttp3.mockwebserver.MockWebServer$3 processOneRequest
INFO: MockWebServer[44454] received request: GET /api/v1/namespaces/entando-k8s-controller-coordinator-carcpr69/pods/test-keycloak-deployer-9202 HTTP/1.1 and responded: HTTP/1.1 200 OK
Mar 05, 2021 12:52:33 PM io.fabric8.kubernetes.client.dsl.internal.WatchHTTPManager$1 onResponse
INFO: Watch terminated unexpectedly. reason: \n not found: limit=46 content=7b2261706956657273696f6e223a227631222c226b696e64223a224c69737422â€¦
Mar 05, 2021 12:52:33 PM okhttp3.mockwebserver.MockWebServer$3 processOneRequest
INFO: MockWebServer[44454] received request: PATCH /api/v1/namespaces/entando-k8s-controller-coordinator-carcpr69/pods/test-keycloak-deployer-9202 HTTP/1.1 and responded: HTTP/1.1 202 OK
Mar 05, 2021 12:52:33 PM org.entando.kubernetes.controller.coordinator.EntandoResourceObserver logResource
WARNING: Duplicate event for EntandoKeycloakServer entando-k8s-controller-coordinator-carcpr69/test-keycloak. ResourceVersion=1
Mar 05, 2021 12:52:33 PM okhttp3.mockwebserver.MockWebServer$3 processOneRequest
INFO: MockWebServer[44454] received request: GET /api/v1/namespaces/entando-k8s-controller-coordinator-carcpr69/pods?labelSelector=EntandoResourceKind%3DEntandoKeycloakServer HTTP/1.1 and responded: HTTP/1.1 200 OK
Mar 05, 2021 12:52:34 PM okhttp3.mockwebserver.MockWebServer$3 processOneRequest
INFO: MockWebServer[44454] received request: GET /apis/entando.org/v1/namespaces/entando-k8s-controller-coordinator-carcpr69/entandoapppluginlinks?watch=**** HTTP/1.1 and responded: HTTP/1.1 200 OK
Mar 05, 2021 12:52:34 PM okhttp3.mockwebserver.MockWebServer$3 processOneRequest
INFO: MockWebServer[44454] received request: GET /api/v1/namespaces/entando-k8s-controller-coordinator-carcpr69/pods?labelSelector=EntandoResourceKind%3DEntandoKeycloakServer HTTP/1.1 and responded: HTTP/1.1 200 OK
Mar 05, 2021 12:52:34 PM io.fabric8.kubernetes.client.dsl.internal.WatchHTTPManager$1 onResponse
INFO: Watch terminated unexpectedly. reason: \n not found: limit=46 content=7b2261706956657273696f6e223a227631222c226b696e64223a224c69737422â€¦
Mar 05, 2021 12:52:34 PM okhttp3.mockwebserver.MockWebServer$3 processOneRequest
INFO: MockWebServer[44454] received request: GET /api/v1/namespaces/entando-k8s-controller-coordinator-carcpr69/pods?labelSelector=EntandoResourceKind%3DEntandoKeycloakServer HTTP/1.1 and responded: HTTP/1.1 200 OK
Mar 05, 2021 12:52:34 PM okhttp3.mockwebserver.MockWebServer$3 processOneRequest
INFO: MockWebServer[44454] received request: GET /api/v1/namespaces/entando-k8s-controller-coordinator-carcpr69/pods?labelSelector=EntandoResourceKind%3DEntandoKeycloakServer HTTP/1.1 and responded: HTTP/1.1 200 OK
Mar 05, 2021 12:52:34 PM okhttp3.mockwebserver.MockWebServer$3 processOneRequest
INFO: MockWebServer[44454] received request: GET /apis/entando.org/v1/namespaces/entando-k8s-controller-coordinator-carcpr69/entandodebundles?watch=**** HTTP/1.1 and responded: HTTP/1.1 200 OK
Mar 05, 2021 12:52:34 PM okhttp3.mockwebserver.MockWebServer$3 processOneRequest
INFO: MockWebServer[44454] received request: GET /api/v1/namespaces/entando-k8s-controller-coordinator-carcpr69/pods?labelSelector=EntandoResourceKind%3DEntandoKeycloakServer HTTP/1.1 and responded: HTTP/1.1 200 OK
Mar 05, 2021 12:52:34 PM io.fabric8.kubernetes.client.dsl.internal.WatchHTTPManager$1 onResponse
INFO: Watch terminated unexpectedly. reason: \n not found: limit=46 content=7b2261706956657273696f6e223a227631222c226b696e64223a224c69737422â€¦
Mar 05, 2021 12:52:34 PM okhttp3.mockwebserver.MockWebServer$3 processOneRequest
INFO: MockWebServer[44454] received request: GET /api/v1/namespaces/entando-k8s-controller-coordinator-carcpr69/pods?labelSelector=EntandoResourceKind%3DEntandoKeycloakServer HTTP/1.1 and responded: HTTP/1.1 200 OK
Mar 05, 2021 12:52:34 PM org.entando.kubernetes.client.KubernetesRestInterceptor invoke
INFO: Entering method removeSuccessfullyCompletedPods in class org.entando.kubernetes.controller.support.client.PodClient with entando-k8s-controller-coordinator-carcpr69,{EntandoResourceNamespace=entando-k8s-controller-coordinator-carcpr69, EntandoKeycloakServer=test-keycloak, EntandoResourceKind=EntandoKeycloakServer}
Mar 05, 2021 12:52:34 PM okhttp3.mockwebserver.MockWebServer$3 processOneRequest
INFO: MockWebServer[44454] received request: GET /api/v1/namespaces/entando-k8s-controller-coordinator-carcpr69/pods?labelSelector=EntandoResourceKind%3DEntandoKeycloakServer HTTP/1.1 and responded: HTTP/1.1 200 OK
Mar 05, 2021 12:52:34 PM okhttp3.mockwebserver.MockWebServer$3 processOneRequest
INFO: MockWebServer[44454] received request: GET /api/v1/namespaces/entando-k8s-controller-coordinator-carcpr69/pods?labelSelector=EntandoResourceNamespace%3Dentando-k8s-controller-coordinator-carcpr69%2CEntandoResourceKind%3DEntandoKeycloakServer%2CEntandoKeycloakServer%3Dtest-keycloak HTTP/1.1 and responded: HTTP/1.1 200 OK
Mar 05, 2021 12:52:34 PM okhttp3.mockwebserver.MockWebServer$3 processOneRequest
INFO: MockWebServer[44454] received request: DELETE /api/v1/namespaces/entando-k8s-controller-coordinator-carcpr69/pods/test-keycloak-deployer-9202 HTTP/1.1 and responded: HTTP/1.1 200 OK
Mar 05, 2021 12:52:34 PM org.entando.kubernetes.client.KubernetesRestInterceptor invoke
INFO: Exiting method removeSuccessfullyCompletedPods in class org.entando.kubernetes.controller.support.client.PodClient
Mar 05, 2021 12:52:34 PM okhttp3.mockwebserver.MockWebServer$3 processOneRequest
INFO: MockWebServer[44454] received request: GET /api/v1/namespaces/entando-k8s-controller-coordinator-carcpr69/pods?labelSelector=EntandoResourceKind%3DEntandoKeycloakServer HTTP/1.1 and responded: HTTP/1.1 200 OK
Mar 05, 2021 12:52:34 PM okhttp3.mockwebserver.MockWebServer$2 acceptConnections
INFO: MockWebServer[44454] done accepting connections: Socket closed
[INFO] Tests run: 2, Failures: 0, Errors: 0, Skipped: 0, Time elapsed: 16.806 s - in org.entando.kubernetes.controller.coordinator.inprocesstests.ControllerCoordinatorMockedTest
[INFO] 
[INFO] Results:
[INFO] 
[INFO] Tests run: 20, Failures: 0, Errors: 0, Skipped: 0
[INFO] 
[INFO] 
[INFO] --- maven-jar-plugin:3.2.0:jar (default-jar) @ entando-k8s-controller-coordinator ---
[INFO] Building jar: /workspace/source/target/entando-k8s-controller-coordinator-0.0.0-SNAPSHOT-PR-69-1.jar
[INFO] 
[INFO] --- maven-jar-plugin:3.2.0:test-jar (build-test-jar) @ entando-k8s-controller-coordinator ---
[INFO] Building jar: /workspace/source/target/entando-k8s-controller-coordinator-0.0.0-SNAPSHOT-PR-69-1-tests.jar
[INFO] 
[INFO] --- maven-javadoc-plugin:3.2.0:jar (attach-javadocs) @ entando-k8s-controller-coordinator ---
[INFO] No previous run data found, generating javadoc.
[INFO] Building jar: /workspace/source/target/entando-k8s-controller-coordinator-0.0.0-SNAPSHOT-PR-69-1-javadoc.jar
[INFO] 
[INFO] --- license-maven-plugin:2.0.0:aggregate-download-licenses (download-licenses) @ entando-k8s-controller-coordinator ---
[WARNING] No license information available for: com.sun.org.apache:jaxp-ri:1.4
[WARNING] No license information available for: javax.xml.parsers:jaxp-api:1.4
[WARNING] Unable to retrieve license from URL 'https://glassfish.dev.java.net/nonav/public/CDDL+GPL.html' for dependency 'javax.servlet:javax.servlet-api:3.0.1': Certificate for <glassfish.dev.java.net> doesn't match any of the subject alternative names: [*.java.net, java.net]
[WARNING] Unable to retrieve license from URL 'LICENSE.txt' for dependency 'org.awaitility:awaitility:4.0.1': null
Mar 05, 2021 12:52:51 PM org.apache.http.client.protocol.ResponseProcessCookies processCookies
WARNING: Invalid cookie header: "Set-Cookie: _octo=GH1.1.1281274519.1614948771; Path=/; Domain=github.com; Expires=Sat, 05 Mar 2022 12:52:51 GMT; Secure; SameSite=Lax". Invalid 'expires' attribute: Sat, 05 Mar 2022 12:52:51 GMT
Mar 05, 2021 12:52:51 PM org.apache.http.client.protocol.ResponseProcessCookies processCookies
WARNING: Invalid cookie header: "Set-Cookie: logged_in=no; Path=/; Domain=github.com; Expires=Sat, 05 Mar 2022 12:52:51 GMT; HttpOnly; Secure; SameSite=Lax". Invalid 'expires' attribute: Sat, 05 Mar 2022 12:52:51 GMT
Mar 05, 2021 12:52:51 PM org.apache.http.client.protocol.ResponseProcessCookies processCookies
WARNING: Invalid cookie header: "Set-Cookie: _octo=GH1.1.563046013.1614948771; Path=/; Domain=github.com; Expires=Sat, 05 Mar 2022 12:52:51 GMT; Secure; SameSite=Lax". Invalid 'expires' attribute: Sat, 05 Mar 2022 12:52:51 GMT
Mar 05, 2021 12:52:51 PM org.apache.http.client.protocol.ResponseProcessCookies processCookies
WARNING: Invalid cookie header: "Set-Cookie: logged_in=no; Path=/; Domain=github.com; Expires=Sat, 05 Mar 2022 12:52:51 GMT; HttpOnly; Secure; SameSite=Lax". Invalid 'expires' attribute: Sat, 05 Mar 2022 12:52:51 GMT
[WARNING] There were 4 download errors - check the warnings above
[INFO] 
[INFO] --- quarkus-maven-plugin:1.2.0.Final:build (default) @ entando-k8s-controller-coordinator ---
[WARNING] [io.quarkus.creator.curator.Curator] These dependencies are not recommended:
	- javax.servlet:javax.servlet-api should be replaced by jakarta.servlet:jakarta.servlet-api
You might end up with two different versions of the same classes or with an artifact you shouldn't have in your classpath.
[INFO] [org.jboss.threads] JBoss Threads version 3.0.0.Final
[WARNING] [io.quarkus.kubernetes.client.deployment.KubernetesClientProcessor] Watcher 'org.entando.kubernetes.controller.coordinator.EntandoResourceObserver' will most likely not work correctly in native mode. Consider specifying the generic type of 'io.fabric8.kubernetes.client.Watcher' that this class handles. See https://quarkus.io/guides/kubernetes-client#note-on-implementing-the-watcher-interface for more details
[WARNING] [io.quarkus.deployment.steps.ReflectiveHierarchyStep] Unable to properly register the hierarchy of the following classes for reflection as they are not in the Jandex index:
	- org.entando.kubernetes.model.EntandoCustomResourceStatus
Consider adding them to the index either by creating a Jandex index for your dependency via the Maven plugin, an empty META-INF/beans.xml or quarkus.index-dependency properties.");.
[INFO] [io.quarkus.deployment.pkg.steps.JarResultBuildStep] Building thin jar: /workspace/source/target/entando-k8s-controller-coordinator-0.0.0-SNAPSHOT-PR-69-1-runner.jar
[INFO] [io.quarkus.deployment.QuarkusAugmentor] Quarkus augmentation completed in 1755ms
[INFO] 
[INFO] --- maven-surefire-report-plugin:3.0.0-M4:failsafe-report-only (integration-tests) @ entando-k8s-controller-coordinator ---
[INFO] 
[INFO] --- dependency-check-maven:6.0.3:aggregate (default) @ entando-k8s-controller-coordinator ---
[INFO] Checking for updates
[INFO] Skipping NVD check since last check was within 4 hours.
[INFO] Check for updates complete (107 ms)
[INFO] 

Dependency-Check is an open source tool performing a best effort analysis of 3rd party dependencies; false positives and false negatives may exist in the analysis performed by the tool. Use of the tool and the reporting provided constitutes acceptance for use in an AS IS condition, and there are NO warranties, implied or otherwise, with regard to the analysis or its use. Any use of the tool and the reporting provided is at the userâ€™s risk. In no event shall the copyright holder or OWASP be held liable for any damages whatsoever arising out of or in connection with the use of this tool, the analysis performed, or the resulting report.


[INFO] Analysis Started
[INFO] Finished Archive Analyzer (0 seconds)
[INFO] Finished File Name Analyzer (0 seconds)
[INFO] Finished Jar Analyzer (0 seconds)
[INFO] Finished Dependency Merging Analyzer (0 seconds)
[INFO] Finished Version Filter Analyzer (0 seconds)
[INFO] Finished Hint Analyzer (0 seconds)
[INFO] Created CPE Index (3 seconds)
[INFO] Finished CPE Analyzer (5 seconds)
[INFO] Finished False Positive Analyzer (0 seconds)
[INFO] Finished NVD CVE Analyzer (0 seconds)
[INFO] Finished Sonatype OSS Index Analyzer (1 seconds)
[INFO] Finished Vulnerability Suppression Analyzer (0 seconds)
[INFO] Finished Dependency Bundling Analyzer (0 seconds)
[INFO] Analysis Complete (9 seconds)
[INFO] 
[INFO] --- jacoco-maven-plugin:0.8.5:report (report) @ entando-k8s-controller-coordinator ---
[INFO] Loading e**cution data file /workspace/source/target/jacoco.e**c
[INFO] Analyzed bundle 'Entando K8S Controller Coordinator' with 9 classes
[INFO] 
[INFO] --- maven-surefire-report-plugin:3.0.0-M4:report-only (unit-tests) @ entando-k8s-controller-coordinator ---
[WARNING] Unable to locate Test Source XRef to link to - DISABLED
[INFO] 
[INFO] --- maven-install-plugin:2.4:install (default-install) @ entando-k8s-controller-coordinator ---
[INFO] Installing /workspace/source/target/entando-k8s-controller-coordinator-0.0.0-SNAPSHOT-PR-69-1.jar to /home/jenkins/.mvnrepository/org/entando/entando-k8s-controller-coordinator/0.0.0-SNAPSHOT-PR-69-1/entando-k8s-controller-coordinator-0.0.0-SNAPSHOT-PR-69-1.jar
[INFO] Installing /workspace/source/pom.xml to /home/jenkins/.mvnrepository/org/entando/entando-k8s-controller-coordinator/0.0.0-SNAPSHOT-PR-69-1/entando-k8s-controller-coordinator-0.0.0-SNAPSHOT-PR-69-1.pom
[INFO] Installing /workspace/source/target/entando-k8s-controller-coordinator-0.0.0-SNAPSHOT-PR-69-1-tests.jar to /home/jenkins/.mvnrepository/org/entando/entando-k8s-controller-coordinator/0.0.0-SNAPSHOT-PR-69-1/entando-k8s-controller-coordinator-0.0.0-SNAPSHOT-PR-69-1-tests.jar
[INFO] Installing /workspace/source/target/entando-k8s-controller-coordinator-0.0.0-SNAPSHOT-PR-69-1-javadoc.jar to /home/jenkins/.mvnrepository/org/entando/entando-k8s-controller-coordinator/0.0.0-SNAPSHOT-PR-69-1/entando-k8s-controller-coordinator-0.0.0-SNAPSHOT-PR-69-1-javadoc.jar
[INFO] 
[INFO] --- maven-deploy-plugin:2.8.2:deploy (default-deploy) @ entando-k8s-controller-coordinator ---
[INFO] Using alternate deployment repository local-nexus::default::http://nexus/repository/maven-releases/
[INFO] 
[INFO] -----------< org.entando:entando-k8s-controller-coordinator >-----------
[INFO] Building Entando K8S Controller Coordinator 0.0.0-SNAPSHOT-PR-69-1
[INFO] --------------------------------[ jar ]---------------------------------
[INFO] 
[INFO] --- sonar-maven-plugin:3.8.0.2131:sonar (default-cli) @ entando-k8s-controller-coordinator ---
[INFO] User cache: /****/.sonar/cache
[INFO] SonarQube version: 8.5.0
[INFO] Default locale: "en_US", source code encoding: "UTF-8"
[INFO] Load global settings
[INFO] Load global settings (done) | time=211ms
[INFO] Server id: 1BD809FA-AWHW8ct9-T_TB3XqouNu
[INFO] User cache: /****/.sonar/cache
[INFO] Load/download plugins
[INFO] Load plugins index
[INFO] Load plugins index (done) | time=68ms
[INFO] Load/download plugins (done) | time=21526ms
[INFO] Loaded core extensions: developer-scanner
[INFO] JavaScript/TypeScript frontend is enabled
[INFO] Load project settings for component key: 'entando-k8s_entando-k8s-controller-coordinator'
[INFO] Load project settings for component key: 'entando-k8s_entando-k8s-controller-coordinator' (done) | time=53ms
[INFO] Process project properties
[INFO] E**cute project builders
[INFO] E**cute project builders (done) | time=2ms
[INFO] Project key: entando-k8s_entando-k8s-controller-coordinator
[INFO] Base dir: /workspace/source
[INFO] Working dir: /workspace/source/target/sonar
[INFO] Load project branches
[INFO] Load project branches (done) | time=30ms
[INFO] Check ALM binding of project 'entando-k8s_entando-k8s-controller-coordinator'
[INFO] Detected project binding: BOUND
[INFO] Check ALM binding of project 'entando-k8s_entando-k8s-controller-coordinator' (done) | time=23ms
[INFO] Load project pull requests
[INFO] Load project pull requests (done) | time=40ms
[INFO] Load branch configuration
[INFO] Load branch configuration (done) | time=486ms
[INFO] Load quality profiles
[INFO] Load quality profiles (done) | time=76ms
[INFO] Load active rules
[INFO] Load active rules (done) | time=1344ms
[INFO] Organization key: entando-k8s
[INFO] Pull request 69 for merge into master from ENG-1876_removed_unnecessary_secret_mounts
[INFO] SCM collecting changed files in the branch
[WARNING] Exception caught during e**cution of command '[/usr/local/git/bin/git, config, --******, --edit]' in '/usr/local/git/bin', return code '128', error message 'fatal: Invalid path '/usr/local/git/etc': No such file or directory
'
[INFO] SCM collecting changed files in the branch (done) | time=302ms
[INFO] Indexing files...
[INFO] Project configuration:
[INFO] 20 files inde**d
[INFO] 0 files ignored because of scm ignore settings
[INFO] Quality profile for java: Sonar way
[INFO] Quality profile for xml: Sonar way
[INFO] ------------- Run sensors on module Entando K8S Controller Coordinator
[INFO] JavaScript/TypeScript frontend is enabled
[INFO] Load metrics repository
[INFO] Load metrics repository (done) | time=28ms
[INFO] Sensor JavaSquidSensor [java]
[INFO] Configured Java source version (sonar.java.source): 9
[INFO] JavaClasspath initialization
[INFO] JavaClasspath initialization (done) | time=20ms
[INFO] JavaTestClasspath initialization
[INFO] JavaTestClasspath initialization (done) | time=2ms
[INFO] Java Main Files AST scan
[INFO] 10 source files to be analyzed
[INFO] 10/10 source files have been analyzed
[INFO] Java Main Files AST scan (done) | time=4405ms
[INFO] Java Test Files AST scan
[INFO] 9 source files to be analyzed
[INFO] Java Test Files AST scan (done) | time=1232ms
[INFO] 9/9 source files have been analyzed
[INFO] Java Generated Files AST scan
[INFO] 0 source files to be analyzed
[INFO] Java Generated Files AST scan (done) | time=1ms
[INFO] 0/0 source files have been analyzed
[INFO] Sensor JavaSquidSensor [java] (done) | time=6122ms
[INFO] Sensor SonarCSS Rules [cssfamily]
[INFO] No CSS, PHP, HTML or VueJS files are found in the project. CSS analysis is skipped.
[INFO] Sensor SonarCSS Rules [cssfamily] (done) | time=2ms
[INFO] Sensor C# Project Type Information [csharp]
[INFO] Sensor C# Project Type Information [csharp] (done) | time=1ms
[INFO] Sensor C# Properties [csharp]
[INFO] Sensor C# Properties [csharp] (done) | time=1ms
[INFO] Sensor Import of Checkstyle issues [java]
[INFO] Importing /workspace/source/target/checkstyle-result.xml
[INFO] Sensor Import of Checkstyle issues [java] (done) | time=90ms
[INFO] Sensor SurefireSensor [java]
[INFO] parsing [/workspace/source/target/surefire-reports]
[INFO] Sensor SurefireSensor [java] (done) | time=61ms
[INFO] Sensor JavaXmlSensor [java]
[INFO] 1 source files to be analyzed
[INFO] Sensor JavaXmlSensor [java] (done) | time=253ms
[INFO] 1/1 source files have been analyzed
[INFO] Sensor HTML [web]
[INFO] Sensor HTML [web] (done) | time=5ms
[INFO] Sensor XML Sensor [xml]
[INFO] 1 source file to be analyzed
[INFO] 1/1 source file has been analyzed
[INFO] Sensor XML Sensor [xml] (done) | time=236ms
[INFO] Sensor VB.NET Project Type Information [vbnet]
[INFO] Sensor VB.NET Project Type Information [vbnet] (done) | time=1ms
[INFO] Sensor VB.NET Properties [vbnet]
[INFO] Sensor VB.NET Properties [vbnet] (done) | time=1ms
[INFO] Sensor JaCoCo XML Report Importer [jacoco]
[INFO] Importing 1 report(s). Turn your logs in debug mode in order to see the exhaustive list.
[INFO] Sensor JaCoCo XML Report Importer [jacoco] (done) | time=43ms
[INFO] Sensor ThymeLeaf template sensor [securityjavafrontend]
[INFO] Sensor ThymeLeaf template sensor [securityjavafrontend] (done) | time=2ms
[INFO] Sensor JavaSecuritySensor [security]
[INFO] Reading type hierarchy from: /workspace/source/target/sonar/ucfg2/java
[INFO] Read 124 type definitions
[INFO] Reading UCFGs from: /workspace/source/target/sonar/ucfg2/java
[INFO] 12:53:49.822963 Building Runtime Type propagation graph
[INFO] 12:53:49.835278 Running Tarjan on 183 nodes
[INFO] 12:53:49.837713 Tarjan found 183 components
[INFO] 12:53:49.841332 Variable type analysis: done
[INFO] 12:53:49.845542 Building Runtime Type propagation graph
[INFO] 12:53:49.852806 Running Tarjan on 183 nodes
[INFO] 12:53:49.853918 Tarjan found 183 components
[INFO] 12:53:49.854823 Variable type analysis: done
[INFO] Analyzing 58 ucfgs to detect vulnerabilities.
[INFO] All rules entrypoints : 0 Retained UCFGs : 0
[INFO] rule: S5131, entrypoints: 0
[INFO] rule: S5131 done
[INFO] rule: S3649, entrypoints: 0
[INFO] rule: S3649 done
[INFO] rule: S2076, entrypoints: 0
[INFO] rule: S2076 done
[INFO] rule: S2091, entrypoints: 0
[INFO] rule: S2091 done
[INFO] rule: S2078, entrypoints: 0
[INFO] rule: S2078 done
[INFO] rule: S2631, entrypoints: 0
[INFO] rule: S2631 done
[INFO] rule: S5135, entrypoints: 0
[INFO] rule: S5135 done
[INFO] rule: S2083, entrypoints: 0
[INFO] rule: S2083 done
[INFO] rule: S5167, entrypoints: 0
[INFO] rule: S5167 done
[INFO] rule: S5144, entrypoints: 0
[INFO] rule: S5144 done
[INFO] rule: S5145, entrypoints: 0
[INFO] rule: S5145 done
[INFO] rule: S5146, entrypoints: 0
[INFO] rule: S5146 done
[INFO] rule: S5334, entrypoints: 0
[INFO] rule: S5334 done
[INFO] rule: S6096, entrypoints: 0
[INFO] rule: S6096 done
[INFO] Sensor JavaSecuritySensor [security] (done) | time=543ms
[INFO] Sensor CSharpSecuritySensor [security]
[INFO] Reading type hierarchy from: /workspace/source/target/ucfg_cs2
[INFO] Read 0 type definitions
[INFO] Reading UCFGs from: /workspace/source/target/ucfg_cs2
[INFO] No UCFGs have been included for analysis.
[INFO] Sensor CSharpSecuritySensor [security] (done) | time=1ms
[INFO] Sensor PhpSecuritySensor [security]
[INFO] Reading type hierarchy from: /workspace/source/target/sonar/ucfg2/php
[INFO] Read 0 type definitions
[INFO] Reading UCFGs from: /workspace/source/target/sonar/ucfg2/php
[INFO] No UCFGs have been included for analysis.
[INFO] Sensor PhpSecuritySensor [security] (done) | time=1ms
[INFO] Sensor PythonSecuritySensor [security]
[INFO] Reading type hierarchy from: /workspace/source/target/sonar/ucfg2/python
[INFO] Read 0 type definitions
[INFO] Reading UCFGs from: /workspace/source/target/sonar/ucfg2/python
[INFO] No UCFGs have been included for analysis.
[INFO] Sensor PythonSecuritySensor [security] (done) | time=1ms
[INFO] Sensor JsSecuritySensor [security]
[INFO] Reading type hierarchy from: /workspace/source/target/sonar/ucfg2/js
[INFO] Read 0 type definitions
[INFO] Reading UCFGs from: /workspace/source/target/sonar/ucfg2/js
[INFO] No UCFGs have been included for analysis.
[INFO] Sensor JsSecuritySensor [security] (done) | time=1ms
[INFO] ------------- Run sensors on project
[INFO] Sensor Zero Coverage Sensor
[INFO] Sensor Zero Coverage Sensor (done) | time=1ms
[INFO] Sensor Java CPD Block Inde**r
[INFO] Sensor Java CPD Block Inde**r (done) | time=54ms
[INFO] SCM Publisher SCM provider for this project is: git
[INFO] SCM Publisher 9 source files to be analyzed
[INFO] SCM Publisher 8/9 source files have been analyzed (done) | time=273ms
[WARNING] Missing blame information for the following files:
[WARNING]   * pom.xml
[WARNING] This may lead to missing/broken features in SonarCloud
[INFO] CPD E**cutor 2 files had no CPD blocks
[INFO] CPD E**cutor Calculating CPD for 8 files
[INFO] CPD E**cutor CPD calculation finished (done) | time=26ms
[INFO] SCM writing changed lines
[WARNING] File '/workspace/source/src/main/java/org/entando/kubernetes/controller/coordinator/EntandoOperatorMatcher.java' was detected as changed but without having changed lines
[INFO] SCM writing changed lines (done) | time=104ms
[INFO] Analysis report generated in 343ms, dir size=282 KB
[INFO] Analysis report compressed in 49ms, zip size=83 KB
[INFO] Analysis report uploaded in 131ms
[INFO] ANALYSIS SUCCESSFUL, you can find the results at: https://sonarcloud.io/dashboard?id=entando-k8s_entando-k8s-controller-coordinator&pullRequest=69
[INFO] Note that you will be able to access the updated dashboard once the server has processed the submitted analysis report
[INFO] More about the report processing at https://sonarcloud.io/api/ce/task?id=AXgCc49ExdkGr8rvp5E0
[INFO] Analysis total time: 14.260 s
[INFO] ------------------------------------------------------------------------
[INFO] BUILD SUCCESS
[INFO] ------------------------------------------------------------------------
[INFO] Total time:  01:57 min
[INFO] Finished at: 2021-03-05T12:53:51Z
[INFO] ------------------------------------------------------------------------
Picked up _JAVA_OPTIONS: -XX:+UnlockExperimentalVMOptions -Dsun.zip.disableMemoryMapping=**** -XX:+UseParallelGC -XX:MinHeapFreeRatio=5 -XX:MaxHeapFreeRatio=10 -XX:GCTimeRatio=4 -XX:AdaptiveSizePolicyWeight=90 -Xms1000m -Xmx12000m
[INFO] Scanning for projects...
[INFO] 
[INFO] -----------< org.entando:entando-k8s-controller-coordinator >-----------
[INFO] Building Entando K8S Controller Coordinator 0.0.0-SNAPSHOT-PR-69-1
[INFO] --------------------------------[ jar ]---------------------------------
[INFO] 
[INFO] --- maven-site-plugin:3.9.0:site (default-site) @ entando-k8s-controller-coordinator ---
[INFO] configuring report plugin org.apache.maven.plugins:maven-project-info-reports-plugin:3.0.0
[INFO] 9 reports configured for maven-project-info-reports-plugin:3.0.0: dependency-info, distribution-management, index, ci-management, issue-management, licenses, plugins, scm, summary
[INFO] Rendering site with default locale English (en)
[WARNING] Unable to find a URL to the parent project. The parent menu will NOT be added.
[INFO] Relativizing decoration links with respect to localized project URL: https://central.entando.com
[INFO] Rendering content with org.apache.maven.skins:maven-default-skin:jar:1.3 skin.
[INFO] Generating "Dependency Information" report --- maven-project-info-reports-plugin:3.0.0:dependency-info
[INFO] Generating "About" report         --- maven-project-info-reports-plugin:3.0.0:index
[INFO] Generating "Issue Management" report --- maven-project-info-reports-plugin:3.0.0:issue-management
[INFO] Generating "Licenses" report      --- maven-project-info-reports-plugin:3.0.0:licenses
[INFO] Generating "Plugins" report       --- maven-project-info-reports-plugin:3.0.0:plugins
[INFO] Generating "Source Code Management" report --- maven-project-info-reports-plugin:3.0.0:scm
[INFO] Generating "Summary" report       --- maven-project-info-reports-plugin:3.0.0:summary
[INFO] ------------------------------------------------------------------------
[INFO] BUILD SUCCESS
[INFO] ------------------------------------------------------------------------
[INFO] Total time:  7.987 s
[INFO] Finished at: 2021-03-05T12:54:01Z
[INFO] ------------------------------------------------------------------------
error: etcdserver: request is too large
Congratulations! No build failures found for entando-k8s-controller-coordinator-PR-69.

Showing logs for build [32mentando-k8s-entando-k8s-control-7qgn6-1[0m stage [32mfrom-build-pack[0m and container [32mstep-build-container-build[0m
Generating tags...
 - entando/entando-k8s-controller-coordinator -> docker.io/entando/entando-k8s-controller-coordinator:0.0.0-SNAPSHOT-PR-69-1
Checking cache...
 - entando/entando-k8s-controller-coordinator: Not found. Building
Building [entando/entando-k8s-controller-coordinator]...
Sending build context to Docker daemon  160.3kB
Step 1/7 : FROM entando/entando-k8s-operator-common:6.3.12
 ---> 739781f1d829
Step 2/7 : ARG VERSION
 ---> Using cache
 ---> 7b2ddd08ac10
Step 3/7 : LABEL name "Entando K8S Controller Coordinator" vendor "Entando" version "v${VERSION}" release "6" summary "This container is the entrypoint for the Entando Operator and launches delegate containers to process Entando custom resources." description "This is container runs background threads that observe events occurring against Entando custom resources.                    When it detects an event against a known Entando custom resource, it spawns the appropriate run-to-completion                    container to process the event in question."
 ---> Running in bbcafd5078b0
 ---> 4dc720dd0d2b
Step 4/7 : ENV JAVA_OPTIONS "-Djava.util.logging.manager=org.jboss.logmanager.LogManager"
 ---> Running in 374af670930a
 ---> b94e2aa650f4
Step 5/7 : ENV AB_ENABLED jmx_exporter
 ---> Running in 069f69499215
 ---> 101eb46763a8
Step 6/7 : COPY target/*-runner.jar /deployments/app.jar
 ---> 9aca7c68dc54
Step 7/7 : ENTRYPOINT /deployments/run-java.sh
 ---> Running in 6977a7863040
 ---> dfa8365a5b31
Successfully built dfa8365a5b31
The push refers to a repository [docker.io/entando/entando-k8s-controller-coordinator]
925383228d1d: Preparing
d55a607c5a91: Preparing
f9e183746dc1: Preparing
63c16a22df5d: Preparing
088e643aafac: Preparing
00af10937683: Preparing
3aa55ff7bca1: Preparing
3aa55ff7bca1: Waiting
00af10937683: Waiting
088e643aafac: Layer already exists
00af10937683: Layer already exists
63c16a22df5d: Mounted from entando/entando-k8s-composite-app-controller
f9e183746dc1: Mounted from entando/entando-k8s-composite-app-controller
d55a607c5a91: Mounted from entando/entando-k8s-composite-app-controller
3aa55ff7bca1: Layer already exists
925383228d1d: Pushed
0.0.0-SNAPSHOT-PR-69-1: digest: sha256:e31d9b1ad3411cbe8cded18d99df17c9332633dcb7a8fb7cab58afba10cb6452 size: 1791
There is a new version (1.20.0) of Skaffold available. Download it at https://storage.googleapis.com/skaffold/releases/latest/skaffold-linux-amd64


Showing logs for build [32mentando-k8s-entando-k8s-control-7qgn6-1[0m stage [32mfrom-build-pack[0m and container [32mstep-postbuild-post-build[0m
no CVE provider running in the current ** namespace so skip adding image to be analysed

Showing logs for build [32mentando-k8s-entando-k8s-control-7qgn6-1[0m stage [32mfrom-build-pack[0m and container [32mstep-promote-make-preview[0m
Creating /builder/home/.helm 
Creating /builder/home/.helm/repository 
Creating /builder/home/.helm/repository/cache 
Creating /builder/home/.helm/repository/local 
Creating /builder/home/.helm/plugins 
Creating /builder/home/.helm/starters 
Creating /builder/home/.helm/cache/archive 
Creating /builder/home/.helm/repository/repositories.yaml 
Adding stable repo with URL: https://charts.helm.sh/stable 
Adding local repo with URL: http://127.0.0.1:8879/charts 
$HELM_HOME has been configured at /builder/home/.helm.
Not installing Tiller due to 'client-only' flag having been set
sed -i -e "s/version:.*/version: 0.0.0-SNAPSHOT-PR-69-1/" Chart.yaml
sed -i -e "s/version:.*/version: 0.0.0-SNAPSHOT-PR-69-1/" ../*/Chart.yaml
sed -i -e "s|repository:.*|repository: docker.io\/entando\/entando-k8s-controller-coordinator|" values.yaml
sed -i -e "s/tag:.*/tag: 0.0.0-SNAPSHOT-PR-69-1/" values.yaml
sed -i -e "s/redhatRegistryCredentials:.*/redhatRegistryCredentials: ********************************************************************************************************************************************************************************************************************************************************************************************************************************************************************/" values.yaml
sed -i -e "s/ENTANDO_DOCKER_REGISTRY_OVERRIDE:.*/ENTANDO_DOCKER_REGISTRY_OVERRIDE: docker.io/" values.yaml
echo "  version: 0.0.0-SNAPSHOT-PR-69-1" >> requirements.yaml
** step helm build
WARNING: No $CHART_REPOSITORY defined so using the default value of: http://jenkins-x-chartmuseum:8080
Adding missing Helm repo: storage.googleapis.com https://storage.googleapis.com/chartmuseum.jenkins-x.io
Successfully added Helm repository storage.googleapis.com.
Adding missing Helm repo: jenkins-x-chartmuseum http://jenkins-x-chartmuseum:8080
Successfully added Helm repository jenkins-x-chartmuseum.
WARNING: No $CHART_REPOSITORY defined so using the default value of: http://jenkins-x-chartmuseum:8080

Showing logs for build [32mentando-k8s-entando-k8s-control-7qgn6-1[0m stage [32mfrom-build-pack[0m and container [32mstep-promote-jx-preview[0m
Creating a preview
Found commit author match for: ampie with email address: ampie.private@gmail.com
Created environment entando-k8s-controller-coordinator-carcpr69
Namespace entando-k8s-controller-coordinator-carcpr69 created 
expose:
  Annotations:
    helm.sh/hook: post-install,post-upgrade
    helm.sh/hook-delete-policy: hook-succeeded
  config:
    domain: *************
    exposer: Ingress
    http: "****"
preview:
  image:
    repository: docker.io/entando/entando-k8s-controller-coordinator
    tag: 0.0.0-SNAPSHOT-PR-69-1

WARNING: Could not find the service URL in namespace entando-k8s-controller-coordinator-carcpr69 for names : Timed out after 1m0s, last error: %!s(<nil>)
Updating PipelineActivities entando-k8s-entando-k8s-controller-coordinator-pr-69-1 which has status Running
WARNING: Failed to find the service entando-k8s-controller-coordinator : failed to find service entando-k8s-controller-coordinator in namespace entando-k8s-controller-coordinator-carcpr69: services "entando-k8s-controller-coordinator" not found

Showing logs for build [32mentando-k8s-entando-k8s-control-7qgn6-1[0m stage [32mfrom-build-pack[0m and container [32mstep-promote-run-post-deployment-tests[0m
Picked up _JAVA_OPTIONS: -XX:+UnlockExperimentalVMOptions -Dsun.zip.disableMemoryMapping=**** -XX:+UseParallelGC -XX:MinHeapFreeRatio=5 -XX:MaxHeapFreeRatio=10 -XX:GCTimeRatio=4 -XX:AdaptiveSizePolicyWeight=90 -Xms1000m -Xmx12000m
[INFO] Scanning for projects...
[INFO] 
[INFO] -----------< org.entando:entando-k8s-controller-coordinator >-----------
[INFO] Building Entando K8S Controller Coordinator 0.0.0-SNAPSHOT-PR-69-1
[INFO] --------------------------------[ jar ]---------------------------------
[INFO] 
[INFO] --- maven-resources-plugin:2.6:resources (default-resources) @ entando-k8s-controller-coordinator ---
[INFO] Using 'UTF-8' encoding to copy filtered resources.
[INFO] Copying 3 resources
[INFO] 
[INFO] --- maven-compiler-plugin:3.8.1:compile (default-compile) @ entando-k8s-controller-coordinator ---
[INFO] Nothing to compile - all classes are up to date
[INFO] 
[INFO] --- maven-resources-plugin:2.6:testResources (default-testResources) @ entando-k8s-controller-coordinator ---
[INFO] Using 'UTF-8' encoding to copy filtered resources.
[INFO] Copying 6 resources
[INFO] 
[INFO] --- maven-compiler-plugin:3.8.1:testCompile (default-testCompile) @ entando-k8s-controller-coordinator ---
[INFO] Nothing to compile - all classes are up to date
[INFO] 
[INFO] --- maven-surefire-plugin:3.0.0-M1:test (default-test) @ entando-k8s-controller-coordinator ---
[INFO] Tests are skipped.
[INFO] 
[INFO] --- maven-jar-plugin:3.2.0:jar (default-jar) @ entando-k8s-controller-coordinator ---
[INFO] 
[INFO] --- maven-jar-plugin:3.2.0:test-jar (build-test-jar) @ entando-k8s-controller-coordinator ---
[INFO] 
[INFO] --- maven-failsafe-plugin:3.0.0-M4:integration-test (run-tests) @ entando-k8s-controller-coordinator ---
[INFO] 
[INFO] -------------------------------------------------------
[INFO]  T E S T S
[INFO] -------------------------------------------------------
[INFO] Running org.entando.kubernetes.controller.coordinator.interprocesstests.ControllerCoordinatorIntegratedTest
[WARNING] Tests run: 2, Failures: 0, Errors: 0, Skipped: 1, Time elapsed: 292.249 s - in org.entando.kubernetes.controller.coordinator.interprocesstests.ControllerCoordinatorIntegratedTest
[INFO] 
[INFO] Results:
[INFO] 
[WARNING] Tests run: 2, Failures: 0, Errors: 0, Skipped: 1
[INFO] 
[INFO] 
[INFO] --- maven-surefire-report-plugin:3.0.0-M4:failsafe-report-only (integration-tests) @ entando-k8s-controller-coordinator ---
[WARNING] Unable to locate Test Source XRef to link to - DISABLED
[INFO] 
[INFO] --- maven-surefire-report-plugin:3.0.0-M4:report-only (unit-tests) @ entando-k8s-controller-coordinator ---
[WARNING] Unable to locate Test Source XRef to link to - DISABLED
[INFO] 
[INFO] --- maven-failsafe-plugin:3.0.0-M4:verify (run-tests) @ entando-k8s-controller-coordinator ---
[INFO] 
[INFO] --- maven-site-plugin:3.9.0:site (default-site) @ entando-k8s-controller-coordinator ---
[INFO] configuring report plugin org.apache.maven.plugins:maven-project-info-reports-plugin:3.0.0
[INFO] 9 reports configured for maven-project-info-reports-plugin:3.0.0: dependency-info, distribution-management, index, ci-management, issue-management, licenses, plugins, scm, summary
[INFO] Rendering site with default locale English (en)
[WARNING] Unable to find a URL to the parent project. The parent menu will NOT be added.
[INFO] Relativizing decoration links with respect to localized project URL: https://central.entando.com
[INFO] Rendering content with org.apache.maven.skins:maven-default-skin:jar:1.3 skin.
[INFO] Generating "Dependency Information" report --- maven-project-info-reports-plugin:3.0.0:dependency-info
[INFO] Generating "About" report         --- maven-project-info-reports-plugin:3.0.0:index
[INFO] Generating "Issue Management" report --- maven-project-info-reports-plugin:3.0.0:issue-management
[INFO] Generating "Licenses" report      --- maven-project-info-reports-plugin:3.0.0:licenses
[INFO] Generating "Plugins" report       --- maven-project-info-reports-plugin:3.0.0:plugins
[INFO] Generating "Source Code Management" report --- maven-project-info-reports-plugin:3.0.0:scm
[INFO] Generating "Summary" report       --- maven-project-info-reports-plugin:3.0.0:summary
[INFO] ------------------------------------------------------------------------
[INFO] BUILD SUCCESS
[INFO] ------------------------------------------------------------------------
[INFO] Total time:  05:02 min
[INFO] Finished at: 2021-03-05T13:01:15Z
[INFO] ------------------------------------------------------------------------
error: etcdserver: request is too large
