
Showing logs for build [32mentando-entando-plugin-jpseo-ma-c8q72-38[0m stage [32mfrom-build-pack[0m and container [32mstep-credential-initializer-c9mw6[0m
{"level":"warn","ts":1614158613.3819187,"logger":"fallback-logger","caller":"logging/config.go:69","msg":"Fetch GitHub commit ID from kodata failed: \"ref: refs/heads/0.8.0-**-support-backwards-incompats\" is not a valid GitHub commit ID"}
{"level":"info","ts":1614158613.3920784,"logger":"fallback-logger","caller":"creds-init/main.go:40","msg":"Credentials initialized."}

Showing logs for build [32mentando-entando-plugin-jpseo-ma-c8q72-38[0m stage [32mfrom-build-pack[0m and container [32mstep-working-dir-initializer-l7lbt[0m
{"level":"warn","ts":1614158615.5537229,"logger":"fallback-logger","caller":"logging/config.go:69","msg":"Fetch GitHub commit ID from kodata failed: open /var/run/ko/HEAD: no such file or directory"}
{"level":"info","ts":1614158615.58009,"logger":"fallback-logger","caller":"bash/main.go:64","msg":"Successfully e**cuted command \"sh -c mkdir -p /workspace/source\"; output "}

Showing logs for build [32mentando-entando-plugin-jpseo-ma-c8q72-38[0m stage [32mfrom-build-pack[0m and container [32mstep-place-tools[0m

Showing logs for build [32mentando-entando-plugin-jpseo-ma-c8q72-38[0m stage [32mfrom-build-pack[0m and container [32mstep-git-source-entando-entando-plugin-jpseo-ma-szpw7[0m
{"level":"warn","ts":1614158651.0562704,"logger":"fallback-logger","caller":"logging/config.go:69","msg":"Fetch GitHub commit ID from kodata failed: \"ref: refs/heads/0.8.0-**-support-backwards-incompats\" is not a valid GitHub commit ID"}
{"level":"info","ts":1614158653.030195,"logger":"fallback-logger","caller":"git/git.go:103","msg":"Successfully cloned https://github.com/entando/entando-plugin-jpseo.git @ v6.3.8 in path /workspace/source"}

Showing logs for build [32mentando-entando-plugin-jpseo-ma-c8q72-38[0m stage [32mfrom-build-pack[0m and container [32mstep-git-merge[0m
Using SHAs from PULL_REFS=master:2ee6e70b356b6337ac9e9fbdcaea26c4d216f8fa
WARNING: no SHAs to merge, falling back to initial cloned commit

Showing logs for build [32mentando-entando-plugin-jpseo-ma-c8q72-38[0m stage [32mfrom-build-pack[0m and container [32mstep-setup-jx-git-credentials[0m
Generated Git credentials file /workspace/xdg_config/git/credentials

Showing logs for build [32mentando-entando-plugin-jpseo-ma-c8q72-38[0m stage [32mfrom-build-pack[0m and container [32mstep-build-fetch-history-for-sonar[0m
From https://github.com/entando/entando-plugin-jpseo
 * [new branch]      5.1.1-dev              -> origin/5.1.1-dev
 * [new branch]      EN-4.3.6               -> origin/EN-4.3.6
 * [new branch]      ENG-1276_widget_rename -> origin/ENG-1276_widget_rename
 * [new branch]      ENG-1512_cspNonce      -> origin/ENG-1512_cspNonce
 * [new branch]      ENG-1878-changes-on-request-validator -> origin/ENG-1878-changes-on-request-validator
 * [new branch]      ENG-442-adding-crsf-protection -> origin/ENG-442-adding-crsf-protection
 * [new branch]      ENG-532-improve-the-pr-that-fi**s-jacms-resource-edit -> origin/ENG-532-improve-the-pr-that-fi**s-jacms-resource-edit
 * [new branch]      ENG-773-fix-exp        -> origin/ENG-773-fix-exp
 * [new branch]      PIA-16                 -> origin/PIA-16
 * [new branch]      PIA-16-DEV             -> origin/PIA-16-DEV
 * [new branch]      analysis-ENG-1070      -> origin/analysis-ENG-1070
 * [new branch]      master                 -> origin/master
 * [new branch]      v5.3.0-dev             -> origin/v5.3.0-dev
 * [new branch]      v6.1.0-release         -> origin/v6.1.0-release
 * [new branch]      v6.1.1-release         -> origin/v6.1.1-release
 * [new branch]      xdev-pom-udpate-2020-12-10_21-46-11 -> origin/xdev-pom-udpate-2020-12-10_21-46-11
 * [new tag]         v6.1.0                 -> v6.1.0
 * [new tag]         v6.1.1                 -> v6.1.1
 * [new tag]         v6.3.8                 -> v6.3.8
 * [new tag]         pia-crs4               -> pia-crs4
 * [new tag]         v4.3.3                 -> v4.3.3
 * [new tag]         v4.3.4                 -> v4.3.4
 * [new tag]         v4.3.5                 -> v4.3.5
 * [new tag]         v5.1.0                 -> v5.1.0
 * [new tag]         v5.2.0                 -> v5.2.0
 * [new tag]         v5.3.0-comca           -> v5.3.0-comca
 * [new tag]         v6.2.0-sprint1-rc      -> v6.2.0-sprint1-rc
 * [new tag]         v6.2.0-sprint2-rc      -> v6.2.0-sprint2-rc
 * [new tag]         v6.2.0-sprint3-rc      -> v6.2.0-sprint3-rc
 * [new tag]         v6.2.0-sprint4-rc      -> v6.2.0-sprint4-rc
 * [new tag]         v6.2.0-sprint5-rc      -> v6.2.0-sprint5-rc

Showing logs for build [32mentando-entando-plugin-jpseo-ma-c8q72-38[0m stage [32mfrom-build-pack[0m and container [32mstep-build-mvn-deploy-release[0m
Picked up _JAVA_OPTIONS: -XX:+UnlockExperimentalVMOptions -Dsun.zip.disableMemoryMapping=**** -XX:+UseParallelGC -XX:MinHeapFreeRatio=5 -XX:MaxHeapFreeRatio=10 -XX:GCTimeRatio=4 -XX:AdaptiveSizePolicyWeight=90 -Xms10m -Xmx8000m
[INFO] Scanning for projects...
[INFO] 
[INFO] ----------< org.entando.entando.plugins:entando-plugin-jpseo >----------
[INFO] Building Entando Plugin: SEO 6.3.8
[INFO] --------------------------------[ war ]---------------------------------
[WARNING] The POM for com.sun.xml.bind:jaxb-impl:jar:2.2.11 is invalid, transitive dependencies (if any) will not be available, enable debug logging for more details
[INFO] 
[INFO] --- maven-clean-plugin:2.5:clean (default-clean) @ entando-plugin-jpseo ---
[INFO] 
[INFO] --- maven-checkstyle-plugin:3.1.1:check (validate) @ entando-plugin-jpseo ---
[INFO] 
[INFO] --- maven-checkstyle-plugin:3.1.1:checkstyle (validate) @ entando-plugin-jpseo ---
[INFO] 
[INFO] --- jacoco-maven-plugin:0.8.5:prepare-agent (prepare-agent) @ entando-plugin-jpseo ---
[INFO] argLine set to -javaagent:/home/jenkins/.mvnrepository/org/jacoco/org.jacoco.agent/0.8.5/org.jacoco.agent-0.8.5-runtime.jar=destfile=/workspace/source/target/jacoco.e**c
[INFO] 
[INFO] --- maven-resources-plugin:2.5:resources (default-resources) @ entando-plugin-jpseo ---
[debug] e**cute contextualize
[INFO] Using 'UTF-8' encoding to copy filtered resources.
[INFO] Copying 12 resources
[INFO] Copying 1 resource
[INFO] Copying 5 resources
[INFO] Copying 12 resources
[INFO] Copying 2 resources to META-INF
[INFO] 
[INFO] --- maven-compiler-plugin:3.8.1:compile (default-compile) @ entando-plugin-jpseo ---
[INFO] Changes detected - recompiling the module!
[INFO] Compiling 50 source files to /workspace/source/target/classes
[WARNING] /workspace/source/src/main/java/org/entando/entando/plugins/jpseo/aps/******/services/page/SeoPageExtraConfigDOM.java:[90,73] unchecked conversion
  required: java.util.List<org.jdom.Element>
  found:    java.util.List
[WARNING] /workspace/source/src/main/java/org/entando/entando/plugins/jpseo/aps/******/services/page/SeoPageExtraConfigDOM.java:[98,65] unchecked conversion
  required: java.util.List<org.jdom.Element>
  found:    java.util.List
[WARNING] /workspace/source/src/main/java/org/entando/entando/plugins/jpseo/aps/******/services/page/SeoPageExtraConfigDOM.java:[120,66] unchecked conversion
  required: java.util.List<org.jdom.Element>
  found:    java.util.List
[WARNING] /workspace/source/src/main/java/org/entando/entando/plugins/jpseo/aps/******/services/page/SeoPageExtraConfigDOM.java:[184,70] unchecked conversion
  required: java.util.List<org.jdom.Element>
  found:    java.util.List
[WARNING] /workspace/source/src/main/java/org/entando/entando/plugins/jpseo/aps/******/services/page/SeoPageExtraConfigDOM.java:[201,70] unchecked conversion
  required: java.util.List<org.jdom.Element>
  found:    java.util.List
[WARNING] /workspace/source/src/main/java/org/entando/entando/plugins/jpseo/aps/******/services/page/SeoPageService.java:[279,62] unchecked conversion
  required: java.util.Map<java.lang.String,java.util.Map<java.lang.String,org.entando.entando.plugins.jpseo.aps.******.services.page.PageMetatag>>
  found:    java.util.HashMap
[WARNING] /workspace/source/src/main/java/org/entando/entando/plugins/jpseo/aps/******/services/mapping/cache/SeoMappingCacheWrapper.java:[121,61] unchecked cast
  required: java.util.List<java.lang.String>
  found:    java.util.List
[WARNING] /workspace/source/src/main/java/org/entando/entando/plugins/jpseo/aps/******/services/mapping/cache/SeoMappingCacheWrapper.java:[131,56] unchecked cast
  required: java.util.List<java.lang.String>
  found:    java.util.List
[WARNING] /workspace/source/src/main/java/org/entando/entando/plugins/jpseo/aps/******/services/mapping/cache/SeoMappingCacheWrapper.java:[169,46] unchecked conversion
  required: java.util.Map<java.lang.String,java.lang.String>
  found:    java.util.Map
[WARNING] /workspace/source/src/main/java/org/entando/entando/plugins/jpseo/aps/******/services/mapping/cache/SeoMappingCacheWrapper.java:[176,46] unchecked conversion
  required: java.util.Map<java.lang.String,java.lang.String>
  found:    java.util.Map
[WARNING] /workspace/source/src/main/java/org/entando/entando/plugins/jpseo/aps/tags/SiteMapTag.java:[90,44] unchecked call to FieldSearchFilter(java.lang.String,T,boolean) as a member of the raw type com.agiletec.aps.******.common.FieldSearchFilter
[WARNING] /workspace/source/src/main/java/org/entando/entando/plugins/jpseo/aps/******/services/url/URLManager.java:[73,38] unchecked method invocation: method createURL in class com.agiletec.aps.******.services.url.URLManager is applied to given types
  required: com.agiletec.aps.******.services.page.IPage,com.agiletec.aps.******.services.lang.Lang,java.util.Map<java.lang.String,java.lang.String>,boolean,javax.servlet.http.HttpServletRequest
  found: com.agiletec.aps.******.services.page.IPage,com.agiletec.aps.******.services.lang.Lang,java.util.Map,boolean,javax.servlet.http.HttpServletRequest
[WARNING] /workspace/source/src/main/java/org/entando/entando/plugins/jpseo/aps/******/services/url/URLManager.java:[73,72] unchecked conversion
  required: java.util.Map<java.lang.String,java.lang.String>
  found:    java.util.Map
[WARNING] /workspace/source/src/main/java/org/entando/entando/plugins/jpseo/aps/******/services/url/URLManager.java:[75,45] unchecked method invocation: method createFriendlyUrl in class org.entando.entando.plugins.jpseo.aps.******.services.url.URLManager is applied to given types
  required: java.lang.String,com.agiletec.aps.******.services.lang.Lang,java.util.Map<java.lang.String,java.lang.String>,boolean,javax.servlet.http.HttpServletRequest
  found: java.lang.String,com.agiletec.aps.******.services.lang.Lang,java.util.Map,boolean,javax.servlet.http.HttpServletRequest
[WARNING] /workspace/source/src/main/java/org/entando/entando/plugins/jpseo/aps/******/services/url/URLManager.java:[75,83] unchecked conversion
  required: java.util.Map<java.lang.String,java.lang.String>
  found:    java.util.Map
[WARNING] /workspace/source/src/main/java/org/entando/entando/plugins/jpseo/aps/******/services/metatag/MetatagDOM.java:[44,83] unchecked conversion
  required: java.util.List<org.jdom.Element>
  found:    java.util.List
[WARNING] /workspace/source/src/main/java/org/entando/entando/plugins/jpseo/aps/******/sitemap/SitemapAction.java:[109,44] unchecked call to FieldSearchFilter(java.lang.String,T,boolean) as a member of the raw type com.agiletec.aps.******.common.FieldSearchFilter
[INFO] /workspace/source/src/main/java/org/entando/entando/plugins/jpseo/aps/******/services/controller/control/RequestValidator.java: /workspace/source/src/main/java/org/entando/entando/plugins/jpseo/aps/******/services/controller/control/RequestValidator.java uses or overrides a deprecated API.
[INFO] /workspace/source/src/main/java/org/entando/entando/plugins/jpseo/aps/******/services/controller/control/RequestValidator.java: Recompile with -Xlint:deprecation for details.
[INFO] 
[INFO] --- maven-resources-plugin:2.5:copy-resources (copy-resources-test) @ entando-plugin-jpseo ---
[debug] e**cute contextualize
[INFO] Using 'UTF-8' encoding to copy filtered resources.
[INFO] Copying 5 resources
[INFO] 
[INFO] --- maven-resources-plugin:2.5:copy-resources (copy-resources-file-test-) @ entando-plugin-jpseo ---
[debug] e**cute contextualize
[INFO] Using 'UTF-8' encoding to copy filtered resources.
[INFO] Copying 5 resources
[INFO] 
[INFO] --- maven-resources-plugin:2.5:testResources (default-testResources) @ entando-plugin-jpseo ---
[debug] e**cute contextualize
[INFO] Using 'UTF-8' encoding to copy filtered resources.
[INFO] Copying 3 resources
[INFO] 
[INFO] --- maven-compiler-plugin:3.8.1:testCompile (default-testCompile) @ entando-plugin-jpseo ---
[INFO] Changes detected - recompiling the module!
[INFO] Compiling 12 source files to /workspace/source/target/test-classes
[WARNING] /workspace/source/src/test/java/org/entando/entando/plugins/jpseo/aps*****/portal/PageActionIntegrationTest.java:[90,125] unchecked cast
  required: java.util.Map<java.lang.String,java.util.Map<java.lang.String,org.entando.entando.plugins.jpseo.aps.******.services.page.PageMetatag>>
  found:    java.lang.Object
[WARNING] /workspace/source/src/test/java/org/entando/entando/plugins/jpseo/aps*****/portal/PageActionIntegrationTest.java:[511,67] unchecked conversion
  required: java.util.Map<java.lang.String,java.util.Map<java.lang.String,org.entando.entando.plugins.jpseo.aps.******.services.page.PageMetatag>>
  found:    java.util.Map
[WARNING] /workspace/source/src/test/java/org/entando/entando/plugins/jpseo/aps*****/portal/PageActionIntegrationTest.java:[523,29] unchecked conversion
  required: java.util.Map<java.lang.String,java.util.Map<java.lang.String,org.entando.entando.plugins.jpseo.aps.******.services.page.PageMetatag>>
  found:    java.util.Map
[WARNING] /workspace/source/src/test/java/org/entando/entando/plugins/jpseo/aps*****/portal/PageSettingsActionAspectTest.java:[100,49] unchecked method invocation: method convertValue in class com.opensymphony.xwork2.conversion.impl.XWorkConverter is applied to given types
  required: java.util.Map<java.lang.String,java.lang.Object>,java.lang.Object,java.lang.Class
  found: java.util.Map,java.lang.Object,java.lang.Class
[WARNING] /workspace/source/src/test/java/org/entando/entando/plugins/jpseo/aps*****/portal/PageSettingsActionAspectTest.java:[100,61] unchecked conversion
  required: java.util.Map<java.lang.String,java.lang.Object>
  found:    java.util.Map
[WARNING] /workspace/source/src/test/java/org/entando/entando/plugins/jpseo/aps*****/content/ContentActionIntegrationTest.java:[68,46] unchecked call to EntitySearchFilter(java.lang.String,boolean,T,boolean) as a member of the raw type com.agiletec.aps.******.common.entity.model.EntitySearchFilter
[INFO] 
[INFO] --- maven-surefire-plugin:3.0.0-M4:test (default-test) @ entando-plugin-jpseo ---
[INFO] 
[INFO] -------------------------------------------------------
[INFO]  T E S T S
[INFO] -------------------------------------------------------
[INFO] Running org.entando.entando.aps.******.services.controller.control.SeoRequestValidatorIntegrationTest
SLF4J: Class path contains multiple SLF4J bindings.
SLF4J: Found binding in [jar:file:/home/jenkins/.mvnrepository/org/slf4j/slf4j-jdk14/1.7.26/slf4j-jdk14-1.7.26.jar!/org/slf4j/impl/StaticLoggerBinder.class]
SLF4J: Found binding in [jar:file:/home/jenkins/.mvnrepository/org/apache/logging/log4j/log4j-slf4j-impl/2.13.3/log4j-slf4j-impl-2.13.3.jar!/org/slf4j/impl/StaticLoggerBinder.class]
SLF4J: See http://www.slf4j.org/codes.html#multiple_bindings for an explanation.
SLF4J: Actual binding is of type [org.slf4j.impl.JDK14LoggerFactory]
Feb 24, 2021 9:25:09 AM org.springframework.mock.jndi.SimpleNamingContextBuilder activate
INFO: Activating simple JNDI environment
Feb 24, 2021 9:25:09 AM org.springframework.mock.jndi.SimpleNamingContextBuilder bind
INFO: Static JNDI binding: [java:comp/env/logName] = [/workspace/source/target/test/entando-plugin-jpseo]
Feb 24, 2021 9:25:09 AM org.springframework.mock.jndi.SimpleNamingContextBuilder bind
INFO: Static JNDI binding: [java:comp/env/logFileRotatePattern] = [/workspace/source/target/test/entando-plugin-jpseo_logs/entando-plugin-jpseo-%i.log.gz]
Feb 24, 2021 9:25:09 AM org.springframework.mock.jndi.SimpleNamingContextBuilder bind
INFO: Static JNDI binding: [java:comp/env/logLevel] = [ERROR]
Feb 24, 2021 9:25:09 AM org.springframework.mock.jndi.SimpleNamingContextBuilder bind
INFO: Static JNDI binding: [java:comp/env/logFileSize] = [1048576]
Feb 24, 2021 9:25:09 AM org.springframework.mock.jndi.SimpleNamingContextBuilder bind
INFO: Static JNDI binding: [java:comp/env/logFilesCount] = [10]
Feb 24, 2021 9:25:09 AM org.springframework.mock.jndi.SimpleNamingContextBuilder bind
INFO: Static JNDI binding: [java:comp/env/configVersion] = [test]
Feb 24, 2021 9:25:09 AM org.springframework.mock.jndi.SimpleNamingContextBuilder bind
INFO: Static JNDI binding: [java:comp/env/applicationBaseURL] = [/Entando/]
Feb 24, 2021 9:25:09 AM org.springframework.mock.jndi.SimpleNamingContextBuilder bind
INFO: Static JNDI binding: [java:comp/env/resourceRootURL] = [/Entando/resources/]
Feb 24, 2021 9:25:09 AM org.springframework.mock.jndi.SimpleNamingContextBuilder bind
INFO: Static JNDI binding: [java:comp/env/protectedResourceRootURL] = [/Entando/protected/]
Feb 24, 2021 9:25:09 AM org.springframework.mock.jndi.SimpleNamingContextBuilder bind
INFO: Static JNDI binding: [java:comp/env/resourceDiskRootFolder] = [target/test/resources/]
Feb 24, 2021 9:25:09 AM org.springframework.mock.jndi.SimpleNamingContextBuilder bind
INFO: Static JNDI binding: [java:comp/env/protectedResourceDiskRootFolder] = [target/test/protected/]
Feb 24, 2021 9:25:09 AM org.springframework.mock.jndi.SimpleNamingContextBuilder bind
INFO: Static JNDI binding: [java:comp/env/indexDiskRootFolder] = [target/test/indexdir]
Feb 24, 2021 9:25:09 AM org.springframework.mock.jndi.SimpleNamingContextBuilder bind
INFO: Static JNDI binding: [java:comp/env/portDataSourceClassName] = [org.apache.derby.jdbc.EmbeddedDriver]
Feb 24, 2021 9:25:09 AM org.springframework.mock.jndi.SimpleNamingContextBuilder bind
INFO: Static JNDI binding: [java:comp/env/logActiveFileOutput] = [false]
Feb 24, 2021 9:25:09 AM org.springframework.mock.jndi.SimpleNamingContextBuilder bind
INFO: Static JNDI binding: [java:comp/env/jdbc.servDb.url] = [jdbc:derby:/workspace/source/target/test/db/entando-plugin-jpseotestServ;create=****]
Feb 24, 2021 9:25:09 AM org.springframework.mock.jndi.SimpleNamingContextBuilder bind
INFO: Static JNDI binding: [java:comp/env/servDataSourceClassName] = [org.apache.derby.jdbc.EmbeddedDriver]
Feb 24, 2021 9:25:09 AM org.springframework.mock.jndi.SimpleNamingContextBuilder bind
INFO: Static JNDI binding: [java:comp/env/logFilesCount] = [10]
Feb 24, 2021 9:25:09 AM org.springframework.mock.jndi.SimpleNamingContextBuilder bind
INFO: Static JNDI binding: [java:comp/env/applicationBaseURL] = [/Entando/]
Feb 24, 2021 9:25:09 AM org.springframework.mock.jndi.SimpleNamingContextBuilder bind
INFO: Static JNDI binding: [java:comp/env/jdbc.portDb.password] = [agile]
Feb 24, 2021 9:25:09 AM org.springframework.mock.jndi.SimpleNamingContextBuilder bind
INFO: Static JNDI binding: [java:comp/env/logLevel] = [ERROR]
Feb 24, 2021 9:25:09 AM org.springframework.mock.jndi.SimpleNamingContextBuilder bind
INFO: Static JNDI binding: [java:comp/env/indexDiskRootFolder] = [target/test/indexdir]
Feb 24, 2021 9:25:09 AM org.springframework.mock.jndi.SimpleNamingContextBuilder bind
INFO: Static JNDI binding: [java:comp/env/logFileSize] = [1048576]
Feb 24, 2021 9:25:09 AM org.springframework.mock.jndi.SimpleNamingContextBuilder bind
INFO: Static JNDI binding: [java:comp/env/resourceDiskRootFolder] = [target/test/resources/]
Feb 24, 2021 9:25:09 AM org.springframework.mock.jndi.SimpleNamingContextBuilder bind
INFO: Static JNDI binding: [java:comp/env/protectedResourceRootURL] = [/Entando/protected/]
Feb 24, 2021 9:25:09 AM org.springframework.mock.jndi.SimpleNamingContextBuilder bind
INFO: Static JNDI binding: [java:comp/env/resourceRootURL] = [/Entando/resources/]
Feb 24, 2021 9:25:09 AM org.springframework.mock.jndi.SimpleNamingContextBuilder bind
INFO: Static JNDI binding: [java:comp/env/configVersion] = [test]
Feb 24, 2021 9:25:09 AM org.springframework.mock.jndi.SimpleNamingContextBuilder bind
INFO: Static JNDI binding: [java:comp/env/jdbc.servDb.beanName] = [servDataSource]
Feb 24, 2021 9:25:09 AM org.springframework.mock.jndi.SimpleNamingContextBuilder bind
INFO: Static JNDI binding: [java:comp/env/jdbc.portDb.url] = [jdbc:derby:/workspace/source/target/test/db/entando-plugin-jpseotestPort;create=****]
Feb 24, 2021 9:25:09 AM org.springframework.mock.jndi.SimpleNamingContextBuilder bind
INFO: Static JNDI binding: [java:comp/env/jdbc.servDb.driverClassName] = [org.apache.derby.jdbc.EmbeddedDriver]
Feb 24, 2021 9:25:09 AM org.springframework.mock.jndi.SimpleNamingContextBuilder bind
INFO: Static JNDI binding: [java:comp/env/protectedResourceDiskRootFolder] = [target/test/protected/]
Feb 24, 2021 9:25:09 AM org.springframework.mock.jndi.SimpleNamingContextBuilder bind
INFO: Static JNDI binding: [java:comp/env/jdbc.portDb.beanName] = [portDataSource]
Feb 24, 2021 9:25:09 AM org.springframework.mock.jndi.SimpleNamingContextBuilder bind
INFO: Static JNDI binding: [java:comp/env/jdbc.servDb.password] = [agile]
Feb 24, 2021 9:25:09 AM org.springframework.mock.jndi.SimpleNamingContextBuilder bind
INFO: Static JNDI binding: [java:comp/env/jdbc.portDb.driverClassName] = [org.apache.derby.jdbc.EmbeddedDriver]
Feb 24, 2021 9:25:09 AM org.springframework.mock.jndi.SimpleNamingContextBuilder bind
INFO: Static JNDI binding: [java:comp/env/jdbc.portDb.username] = [agile]
Feb 24, 2021 9:25:09 AM org.springframework.mock.jndi.SimpleNamingContextBuilder bind
INFO: Static JNDI binding: [java:comp/env/jdbc.servDb.username] = [agile]
Feb 24, 2021 9:25:09 AM org.springframework.mock.jndi.SimpleNamingContextBuilder bind
INFO: Static JNDI binding: [java:comp/env/logName] = [/workspace/source/target/test/entando-plugin-jpseo]
Feb 24, 2021 9:25:09 AM org.springframework.mock.jndi.SimpleNamingContextBuilder bind
INFO: Static JNDI binding: [java:comp/env/logFileRotatePattern] = [/workspace/source/target/test/entando-plugin-jpseo_logs/entando-plugin-jpseo-%i.log.gz]
Feb 24, 2021 9:25:10 AM org.springframework.mock.jndi.SimpleNamingContextBuilder bind
INFO: Static JNDI binding: [java:comp/env/jdbc/servDataSource] = [org.apache.commons.dbcp2.BasicDataSource@5922cff3]
Feb 24, 2021 9:25:10 AM org.springframework.mock.jndi.SimpleNamingContextBuilder bind
INFO: Static JNDI binding: [java:comp/env/jdbc/portDataSource] = [org.apache.commons.dbcp2.BasicDataSource@2299d903]
Feb 24, 2021 9:25:10 AM org.springframework.mock.web.MockServletContext log
INFO: Initializing Spring **** WebApplicationContext
Feb 24, 2021 9:25:10 AM org.springframework.web.context.ContextLoader initWebApplicationContext
INFO: Root WebApplicationContext: initialization started
Feb 24, 2021 9:25:21 AM org.entando.entando.ent.util.EntLogging$EntLogger info
INFO: Report not availablejava.sql.SQLSyntaxErrorException: Schema 'AGILE' does not exist
Feb 24, 2021 9:25:21 AM org.entando.entando.ent.util.EntLogging$EntLogger info
INFO: + [ Component: Core ] :: DATA
|   
Feb 24, 2021 9:25:22 AM org.entando.entando.ent.util.EntLogging$EntLogger info
INFO: Created table - portDataSource/sysconfig
Feb 24, 2021 9:25:22 AM org.entando.entando.ent.util.EntLogging$EntLogger info
INFO: Created table - portDataSource/categories
Feb 24, 2021 9:25:22 AM org.entando.entando.ent.util.EntLogging$EntLogger info
INFO: Created table - portDataSource/localstrings
Feb 24, 2021 9:25:22 AM org.entando.entando.ent.util.EntLogging$EntLogger info
INFO: Created table - portDataSource/pagemodels
Feb 24, 2021 9:25:22 AM org.entando.entando.ent.util.EntLogging$EntLogger info
INFO: Created table - portDataSource/pages
Feb 24, 2021 9:25:22 AM org.entando.entando.ent.util.EntLogging$EntLogger info
INFO: Created table - portDataSource/pages_metadata_online
Feb 24, 2021 9:25:22 AM org.entando.entando.ent.util.EntLogging$EntLogger info
INFO: Created table - portDataSource/pages_metadata_draft
Feb 24, 2021 9:25:22 AM org.entando.entando.ent.util.EntLogging$EntLogger info
INFO: Created table - portDataSource/widgetcatalog
Feb 24, 2021 9:25:22 AM org.entando.entando.ent.util.EntLogging$EntLogger info
INFO: Created table - portDataSource/guifragment
Feb 24, 2021 9:25:22 AM org.entando.entando.ent.util.EntLogging$EntLogger info
INFO: Created table - portDataSource/widgetconfig
Feb 24, 2021 9:25:22 AM org.entando.entando.ent.util.EntLogging$EntLogger info
INFO: Created table - portDataSource/widgetconfig_draft
Feb 24, 2021 9:25:22 AM org.entando.entando.ent.util.EntLogging$EntLogger info
INFO: Created table - portDataSource/uniquekeys
Feb 24, 2021 9:25:22 AM org.entando.entando.ent.util.EntLogging$EntLogger info
INFO: Created table - portDataSource/userpreferences
Feb 24, 2021 9:25:23 AM org.entando.entando.ent.util.EntLogging$EntLogger info
INFO: Created table - servDataSource/authgroups
Feb 24, 2021 9:25:23 AM org.entando.entando.ent.util.EntLogging$EntLogger info
INFO: Created table - servDataSource/authpermissions
Feb 24, 2021 9:25:23 AM org.entando.entando.ent.util.EntLogging$EntLogger info
INFO: Created table - servDataSource/authroles
Feb 24, 2021 9:25:23 AM org.entando.entando.ent.util.EntLogging$EntLogger info
INFO: Created table - servDataSource/authrolepermissions
Feb 24, 2021 9:25:23 AM org.entando.entando.ent.util.EntLogging$EntLogger info
INFO: Created table - servDataSource/authusers
Feb 24, 2021 9:25:23 AM org.entando.entando.ent.util.EntLogging$EntLogger info
INFO: Created table - servDataSource/authusergrouprole
Feb 24, 2021 9:25:23 AM org.entando.entando.ent.util.EntLogging$EntLogger info
INFO: Created table - servDataSource/api_oauth_consumers
Feb 24, 2021 9:25:23 AM org.entando.entando.ent.util.EntLogging$EntLogger info
INFO: Created table - servDataSource/api_oauth_tokens
Feb 24, 2021 9:25:23 AM org.entando.entando.ent.util.EntLogging$EntLogger info
INFO: Created table - servDataSource/apicatalog_methods
Feb 24, 2021 9:25:23 AM org.entando.entando.ent.util.EntLogging$EntLogger info
INFO: Created table - servDataSource/apicatalog_services
Feb 24, 2021 9:25:23 AM org.entando.entando.ent.util.EntLogging$EntLogger info
INFO: Created table - servDataSource/authuserprofiles
Feb 24, 2021 9:25:24 AM org.entando.entando.ent.util.EntLogging$EntLogger info
INFO: Created table - servDataSource/authuserprofilesearch
Feb 24, 2021 9:25:24 AM org.entando.entando.ent.util.EntLogging$EntLogger info
INFO: Created table - servDataSource/authuserprofileattrroles
Feb 24, 2021 9:25:24 AM org.entando.entando.ent.util.EntLogging$EntLogger info
INFO: Created table - servDataSource/actionlogrecords
Feb 24, 2021 9:25:24 AM org.entando.entando.ent.util.EntLogging$EntLogger info
INFO: Created table - servDataSource/actionlogrelations
Feb 24, 2021 9:25:24 AM org.entando.entando.ent.util.EntLogging$EntLogger info
INFO: Created table - servDataSource/actionloglikerecords
Feb 24, 2021 9:25:24 AM org.entando.entando.ent.util.EntLogging$EntLogger info
INFO: Created table - servDataSource/actionlogcommentrecords
Feb 24, 2021 9:25:24 AM org.entando.entando.ent.util.EntLogging$EntLogger info
INFO: Created table - servDataSource/dataobjectmodels
Feb 24, 2021 9:25:24 AM org.entando.entando.ent.util.EntLogging$EntLogger info
INFO: Created table - servDataSource/dataobjects
Feb 24, 2021 9:25:24 AM org.entando.entando.ent.util.EntLogging$EntLogger info
INFO: Created table - servDataSource/dataobjectrelations
Feb 24, 2021 9:25:24 AM org.entando.entando.ent.util.EntLogging$EntLogger info
INFO: Created table - servDataSource/dataobjectsearch
Feb 24, 2021 9:25:24 AM org.entando.entando.ent.util.EntLogging$EntLogger info
INFO: Created table - servDataSource/dataobjectattributeroles
Feb 24, 2021 9:25:24 AM org.entando.entando.ent.util.EntLogging$EntLogger info
INFO: + [ Component: jacms ] :: DATA
|   
Feb 24, 2021 9:25:24 AM org.entando.entando.ent.util.EntLogging$EntLogger info
INFO: Created table - portDataSource/contentmodels
Feb 24, 2021 9:25:24 AM org.entando.entando.ent.util.EntLogging$EntLogger info
INFO: Created table - portDataSource/contents
Feb 24, 2021 9:25:24 AM org.entando.entando.ent.util.EntLogging$EntLogger info
INFO: Created table - portDataSource/resources
Feb 24, 2021 9:25:24 AM org.entando.entando.ent.util.EntLogging$EntLogger info
INFO: Created table - portDataSource/resourcerelations
Feb 24, 2021 9:25:24 AM org.entando.entando.ent.util.EntLogging$EntLogger info
INFO: Created table - portDataSource/contentrelations
Feb 24, 2021 9:25:25 AM org.entando.entando.ent.util.EntLogging$EntLogger info
INFO: Created table - portDataSource/contentsearch
Feb 24, 2021 9:25:25 AM org.entando.entando.ent.util.EntLogging$EntLogger info
INFO: Created table - portDataSource/contentattributeroles
Feb 24, 2021 9:25:25 AM org.entando.entando.ent.util.EntLogging$EntLogger info
INFO: Created table - portDataSource/workcontentrelations
Feb 24, 2021 9:25:25 AM org.entando.entando.ent.util.EntLogging$EntLogger info
INFO: Created table - portDataSource/workcontentsearch
Feb 24, 2021 9:25:25 AM org.entando.entando.ent.util.EntLogging$EntLogger info
INFO: Created table - portDataSource/workcontentattributeroles
Feb 24, 2021 9:25:25 AM org.entando.entando.ent.util.EntLogging$EntLogger info
INFO: + [ Component: entando-*****-console ] :: DATA
|   
Feb 24, 2021 9:25:25 AM org.entando.entando.ent.util.EntLogging$EntLogger info
INFO: Created table - servDataSource/authusershortcuts
Feb 24, 2021 9:25:25 AM org.entando.entando.ent.util.EntLogging$EntLogger info
INFO: + [ Component: entando-portal-ui ] :: DATA
|   
Feb 24, 2021 9:25:25 AM org.entando.entando.ent.util.EntLogging$EntLogger info
INFO: + [ Component: jpseo ] :: DATA
|   
Feb 24, 2021 9:25:25 AM org.entando.entando.ent.util.EntLogging$EntLogger info
INFO: Created table - portDataSource/jpseo_friendlycode
Feb 24, 2021 9:25:25 AM org.entando.entando.ent.util.EntLogging$EntLogger info
INFO: + [ Component: Core ] :: DATA
|   
Feb 24, 2021 9:25:26 AM org.entando.entando.ent.util.EntLogging$EntLogger info
INFO: + [ Component: jacms ] :: DATA
|   
Feb 24, 2021 9:25:28 AM org.entando.entando.ent.util.EntLogging$EntLogger info
INFO: + [ Component: entando-*****-console ] :: DATA
|   
Feb 24, 2021 9:25:28 AM org.entando.entando.ent.util.EntLogging$EntLogger info
INFO: + [ Component: entando-portal-ui ] :: DATA
|   
Feb 24, 2021 9:25:28 AM org.entando.entando.ent.util.EntLogging$EntLogger info
INFO: + [ Component: jpseo ] :: DATA
|   
Feb 24, 2021 9:25:33 AM org.entando.entando.ent.util.EntLogging$EntLogger info
INFO: Successfully created a random page_preview_hash
Feb 24, 2021 9:25:42 AM org.springframework.scheduling.concurrent.E**cutorConfigurationSupport initialize
INFO: Initializing E**cutorService 'entandoScheduler'
Feb 24, 2021 9:25:45 AM org.springframework.security.web.DefaultSecurityFilterChain <init>
INFO: Creating filter chain: OrRequestMatcher [requestMatchers=[Ant [pattern='/oauth/token'], Ant [pattern='/oauth/token_key'], Ant [pattern='/oauth/check_token']]], [org.springframework.security.web.context.request.async.WebAsyncManagerIntegrationFilter@5da2bb8e, org.springframework.security.web.context.SecurityContextPersistenceFilter@5cf68f61, org.springframework.security.web.header.HeaderWriterFilter@2795e5a2, org.springframework.security.web.authentication.logout.LogoutFilter@353f294a, org.springframework.web.filter.CorsFilter@236d5f72, org.springframework.security.web.authentication.www.BasicAuthenticationFilter@3d039a5d, org.springframework.security.web.savedrequest.RequestCacheAwareFilter@6859320a, org.springframework.security.web.servletapi.SecurityContextHolderAwareRequestFilter@2ebec391, org.springframework.security.web.authentication.AnonymousAuthenticationFilter@3881e128, org.springframework.security.web.session.SessionManagementFilter@66978c07, org.springframework.security.web.access.ExceptionTranslationFilter@251222cb, org.springframework.security.web.access.intercept.FilterSecurityInterceptor@7f808dbc]
Feb 24, 2021 9:25:45 AM org.springframework.security.web.DefaultSecurityFilterChain <init>
INFO: Creating filter chain: any request, [org.springframework.security.web.context.request.async.WebAsyncManagerIntegrationFilter@56508c22, org.springframework.security.web.context.SecurityContextPersistenceFilter@5e85edf2, org.springframework.security.web.header.HeaderWriterFilter@62b25076, org.springframework.web.filter.CorsFilter@236d5f72, org.springframework.security.web.authentication.logout.LogoutFilter@53ddab2b, org.springframework.security.web.savedrequest.RequestCacheAwareFilter@e9b64a4, org.springframework.security.web.servletapi.SecurityContextHolderAwareRequestFilter@54b6763f, org.springframework.security.web.session.SessionManagementFilter@1e60a0f7, org.springframework.security.web.access.ExceptionTranslationFilter@204edd6e]
Feb 24, 2021 9:25:45 AM org.springframework.web.context.ContextLoader initWebApplicationContext
INFO: Root WebApplicationContext initialized in 35130 ms
Feb 24, 2021 9:25:45 AM org.springframework.scheduling.concurrent.E**cutorConfigurationSupport shutdown
INFO: Shutting down E**cutorService 'entandoScheduler'
Feb 24, 2021 9:25:49 AM org.entando.entando.ent.util.EntLogging$EntLogger info
INFO: + [ Component: Core ] :: DATA
|   
Feb 24, 2021 9:25:49 AM org.entando.entando.ent.util.EntLogging$EntLogger info
INFO: + [ Component: jacms ] :: DATA
|   
Feb 24, 2021 9:25:49 AM org.entando.entando.ent.util.EntLogging$EntLogger info
INFO: + [ Component: entando-*****-console ] :: DATA
|   
Feb 24, 2021 9:25:49 AM org.entando.entando.ent.util.EntLogging$EntLogger info
INFO: + [ Component: entando-portal-ui ] :: DATA
|   
Feb 24, 2021 9:25:49 AM org.entando.entando.ent.util.EntLogging$EntLogger info
INFO: + [ Component: jpseo ] :: DATA
|   
Feb 24, 2021 9:25:49 AM org.entando.entando.ent.util.EntLogging$EntLogger info
INFO: + [ Component: Core ] :: DATA
|   
Feb 24, 2021 9:25:49 AM org.entando.entando.ent.util.EntLogging$EntLogger info
INFO: + [ Component: jacms ] :: DATA
|   
Feb 24, 2021 9:25:49 AM org.entando.entando.ent.util.EntLogging$EntLogger info
INFO: + [ Component: entando-*****-console ] :: DATA
|   
Feb 24, 2021 9:25:49 AM org.entando.entando.ent.util.EntLogging$EntLogger info
INFO: + [ Component: entando-portal-ui ] :: DATA
|   
Feb 24, 2021 9:25:49 AM org.entando.entando.ent.util.EntLogging$EntLogger info
INFO: + [ Component: jpseo ] :: DATA
|   
Feb 24, 2021 9:25:57 AM org.springframework.scheduling.concurrent.E**cutorConfigurationSupport initialize
INFO: Initializing E**cutorService 'entandoScheduler'
Feb 24, 2021 9:25:58 AM org.springframework.security.web.DefaultSecurityFilterChain <init>
INFO: Creating filter chain: OrRequestMatcher [requestMatchers=[Ant [pattern='/oauth/token'], Ant [pattern='/oauth/token_key'], Ant [pattern='/oauth/check_token']]], [org.springframework.security.web.context.request.async.WebAsyncManagerIntegrationFilter@4d33773, org.springframework.security.web.context.SecurityContextPersistenceFilter@5e44426a, org.springframework.security.web.header.HeaderWriterFilter@7d79dbbe, org.springframework.security.web.authentication.logout.LogoutFilter@3f971373, org.springframework.web.filter.CorsFilter@5c8ce6c4, org.springframework.security.web.authentication.www.BasicAuthenticationFilter@7da1fa7c, org.springframework.security.web.savedrequest.RequestCacheAwareFilter@c3a1ba0, org.springframework.security.web.servletapi.SecurityContextHolderAwareRequestFilter@7d64b15c, org.springframework.security.web.authentication.AnonymousAuthenticationFilter@377a9d96, org.springframework.security.web.session.SessionManagementFilter@52fa328f, org.springframework.security.web.access.ExceptionTranslationFilter@4a0256f9, org.springframework.security.web.access.intercept.FilterSecurityInterceptor@355e92d7]
Feb 24, 2021 9:25:58 AM org.springframework.security.web.DefaultSecurityFilterChain <init>
INFO: Creating filter chain: any request, [org.springframework.security.web.context.request.async.WebAsyncManagerIntegrationFilter@72f44dd6, org.springframework.security.web.context.SecurityContextPersistenceFilter@214cdff0, org.springframework.security.web.header.HeaderWriterFilter@27608254, org.springframework.web.filter.CorsFilter@5c8ce6c4, org.springframework.security.web.authentication.logout.LogoutFilter@5c54b964, org.springframework.security.web.savedrequest.RequestCacheAwareFilter@7e9e363e, org.springframework.security.web.servletapi.SecurityContextHolderAwareRequestFilter@2c217c85, org.springframework.security.web.session.SessionManagementFilter@538c8675, org.springframework.security.web.access.ExceptionTranslationFilter@1254ba6]
Feb 24, 2021 9:26:00 AM org.springframework.scheduling.concurrent.E**cutorConfigurationSupport shutdown
INFO: Shutting down E**cutorService 'entandoScheduler'
[INFO] Tests run: 2, Failures: 0, Errors: 0, Skipped: 0, Time elapsed: 50.994 s - in org.entando.entando.aps.******.services.controller.control.SeoRequestValidatorIntegrationTest
[INFO] Running org.entando.entando.plugins.jpseo.aps*****.content.ContentActionIntegrationTest
Feb 24, 2021 9:26:00 AM org.springframework.mock.jndi.SimpleNamingContextBuilder bind
INFO: Static JNDI binding: [java:comp/env/logName] = [/workspace/source/target/test/entando-plugin-jpseo]
Feb 24, 2021 9:26:00 AM org.springframework.mock.jndi.SimpleNamingContextBuilder bind
INFO: Static JNDI binding: [java:comp/env/logFileRotatePattern] = [/workspace/source/target/test/entando-plugin-jpseo_logs/entando-plugin-jpseo-%i.log.gz]
Feb 24, 2021 9:26:00 AM org.springframework.mock.jndi.SimpleNamingContextBuilder bind
INFO: Static JNDI binding: [java:comp/env/logLevel] = [ERROR]
Feb 24, 2021 9:26:00 AM org.springframework.mock.jndi.SimpleNamingContextBuilder bind
INFO: Static JNDI binding: [java:comp/env/logFileSize] = [1048576]
Feb 24, 2021 9:26:00 AM org.springframework.mock.jndi.SimpleNamingContextBuilder bind
INFO: Static JNDI binding: [java:comp/env/logFilesCount] = [10]
Feb 24, 2021 9:26:00 AM org.springframework.mock.jndi.SimpleNamingContextBuilder bind
INFO: Static JNDI binding: [java:comp/env/configVersion] = [test]
Feb 24, 2021 9:26:00 AM org.springframework.mock.jndi.SimpleNamingContextBuilder bind
INFO: Static JNDI binding: [java:comp/env/applicationBaseURL] = [/Entando/]
Feb 24, 2021 9:26:00 AM org.springframework.mock.jndi.SimpleNamingContextBuilder bind
INFO: Static JNDI binding: [java:comp/env/resourceRootURL] = [/Entando/resources/]
Feb 24, 2021 9:26:00 AM org.springframework.mock.jndi.SimpleNamingContextBuilder bind
INFO: Static JNDI binding: [java:comp/env/protectedResourceRootURL] = [/Entando/protected/]
Feb 24, 2021 9:26:00 AM org.springframework.mock.jndi.SimpleNamingContextBuilder bind
INFO: Static JNDI binding: [java:comp/env/resourceDiskRootFolder] = [target/test/resources/]
Feb 24, 2021 9:26:00 AM org.springframework.mock.jndi.SimpleNamingContextBuilder bind
INFO: Static JNDI binding: [java:comp/env/protectedResourceDiskRootFolder] = [target/test/protected/]
Feb 24, 2021 9:26:00 AM org.springframework.mock.jndi.SimpleNamingContextBuilder bind
INFO: Static JNDI binding: [java:comp/env/indexDiskRootFolder] = [target/test/indexdir]
Feb 24, 2021 9:26:00 AM org.springframework.mock.jndi.SimpleNamingContextBuilder bind
INFO: Static JNDI binding: [java:comp/env/portDataSourceClassName] = [org.apache.derby.jdbc.EmbeddedDriver]
Feb 24, 2021 9:26:00 AM org.springframework.mock.jndi.SimpleNamingContextBuilder bind
INFO: Static JNDI binding: [java:comp/env/logActiveFileOutput] = [false]
Feb 24, 2021 9:26:00 AM org.springframework.mock.jndi.SimpleNamingContextBuilder bind
INFO: Static JNDI binding: [java:comp/env/jdbc.servDb.url] = [jdbc:derby:/workspace/source/target/test/db/entando-plugin-jpseotestServ;create=****]
Feb 24, 2021 9:26:00 AM org.springframework.mock.jndi.SimpleNamingContextBuilder bind
INFO: Static JNDI binding: [java:comp/env/servDataSourceClassName] = [org.apache.derby.jdbc.EmbeddedDriver]
Feb 24, 2021 9:26:00 AM org.springframework.mock.jndi.SimpleNamingContextBuilder bind
INFO: Static JNDI binding: [java:comp/env/logFilesCount] = [10]
Feb 24, 2021 9:26:00 AM org.springframework.mock.jndi.SimpleNamingContextBuilder bind
INFO: Static JNDI binding: [java:comp/env/applicationBaseURL] = [/Entando/]
Feb 24, 2021 9:26:00 AM org.springframework.mock.jndi.SimpleNamingContextBuilder bind
INFO: Static JNDI binding: [java:comp/env/jdbc.portDb.password] = [agile]
Feb 24, 2021 9:26:00 AM org.springframework.mock.jndi.SimpleNamingContextBuilder bind
INFO: Static JNDI binding: [java:comp/env/logLevel] = [ERROR]
Feb 24, 2021 9:26:00 AM org.springframework.mock.jndi.SimpleNamingContextBuilder bind
INFO: Static JNDI binding: [java:comp/env/indexDiskRootFolder] = [target/test/indexdir]
Feb 24, 2021 9:26:00 AM org.springframework.mock.jndi.SimpleNamingContextBuilder bind
INFO: Static JNDI binding: [java:comp/env/logFileSize] = [1048576]
Feb 24, 2021 9:26:00 AM org.springframework.mock.jndi.SimpleNamingContextBuilder bind
INFO: Static JNDI binding: [java:comp/env/resourceDiskRootFolder] = [target/test/resources/]
Feb 24, 2021 9:26:00 AM org.springframework.mock.jndi.SimpleNamingContextBuilder bind
INFO: Static JNDI binding: [java:comp/env/protectedResourceRootURL] = [/Entando/protected/]
Feb 24, 2021 9:26:00 AM org.springframework.mock.jndi.SimpleNamingContextBuilder bind
INFO: Static JNDI binding: [java:comp/env/resourceRootURL] = [/Entando/resources/]
Feb 24, 2021 9:26:00 AM org.springframework.mock.jndi.SimpleNamingContextBuilder bind
INFO: Static JNDI binding: [java:comp/env/configVersion] = [test]
Feb 24, 2021 9:26:00 AM org.springframework.mock.jndi.SimpleNamingContextBuilder bind
INFO: Static JNDI binding: [java:comp/env/jdbc.servDb.beanName] = [servDataSource]
Feb 24, 2021 9:26:00 AM org.springframework.mock.jndi.SimpleNamingContextBuilder bind
INFO: Static JNDI binding: [java:comp/env/jdbc.portDb.url] = [jdbc:derby:/workspace/source/target/test/db/entando-plugin-jpseotestPort;create=****]
Feb 24, 2021 9:26:00 AM org.springframework.mock.jndi.SimpleNamingContextBuilder bind
INFO: Static JNDI binding: [java:comp/env/jdbc.servDb.driverClassName] = [org.apache.derby.jdbc.EmbeddedDriver]
Feb 24, 2021 9:26:00 AM org.springframework.mock.jndi.SimpleNamingContextBuilder bind
INFO: Static JNDI binding: [java:comp/env/protectedResourceDiskRootFolder] = [target/test/protected/]
Feb 24, 2021 9:26:00 AM org.springframework.mock.jndi.SimpleNamingContextBuilder bind
INFO: Static JNDI binding: [java:comp/env/jdbc.portDb.beanName] = [portDataSource]
Feb 24, 2021 9:26:00 AM org.springframework.mock.jndi.SimpleNamingContextBuilder bind
INFO: Static JNDI binding: [java:comp/env/jdbc.servDb.password] = [agile]
Feb 24, 2021 9:26:00 AM org.springframework.mock.jndi.SimpleNamingContextBuilder bind
INFO: Static JNDI binding: [java:comp/env/jdbc.portDb.driverClassName] = [org.apache.derby.jdbc.EmbeddedDriver]
Feb 24, 2021 9:26:00 AM org.springframework.mock.jndi.SimpleNamingContextBuilder bind
INFO: Static JNDI binding: [java:comp/env/jdbc.portDb.username] = [agile]
Feb 24, 2021 9:26:00 AM org.springframework.mock.jndi.SimpleNamingContextBuilder bind
INFO: Static JNDI binding: [java:comp/env/jdbc.servDb.username] = [agile]
Feb 24, 2021 9:26:00 AM org.springframework.mock.jndi.SimpleNamingContextBuilder bind
INFO: Static JNDI binding: [java:comp/env/logName] = [/workspace/source/target/test/entando-plugin-jpseo]
Feb 24, 2021 9:26:00 AM org.springframework.mock.jndi.SimpleNamingContextBuilder bind
INFO: Static JNDI binding: [java:comp/env/logFileRotatePattern] = [/workspace/source/target/test/entando-plugin-jpseo_logs/entando-plugin-jpseo-%i.log.gz]
Feb 24, 2021 9:26:00 AM org.springframework.mock.jndi.SimpleNamingContextBuilder bind
INFO: Static JNDI binding: [java:comp/env/jdbc/servDataSource] = [org.apache.commons.dbcp2.BasicDataSource@af0ce5d]
Feb 24, 2021 9:26:00 AM org.springframework.mock.jndi.SimpleNamingContextBuilder bind
INFO: Static JNDI binding: [java:comp/env/jdbc/portDataSource] = [org.apache.commons.dbcp2.BasicDataSource@3f311380]
Feb 24, 2021 9:26:00 AM org.springframework.mock.web.MockServletContext log
INFO: Initializing Spring **** WebApplicationContext
Feb 24, 2021 9:26:00 AM org.springframework.web.context.ContextLoader initWebApplicationContext
INFO: Root WebApplicationContext: initialization started
Feb 24, 2021 9:26:03 AM org.entando.entando.ent.util.EntLogging$EntLogger info
INFO: + [ Component: Core ] :: DATA
|   
Feb 24, 2021 9:26:03 AM org.entando.entando.ent.util.EntLogging$EntLogger info
INFO: + [ Component: jacms ] :: DATA
|   
Feb 24, 2021 9:26:03 AM org.entando.entando.ent.util.EntLogging$EntLogger info
INFO: + [ Component: entando-*****-console ] :: DATA
|   
Feb 24, 2021 9:26:03 AM org.entando.entando.ent.util.EntLogging$EntLogger info
INFO: + [ Component: entando-portal-ui ] :: DATA
|   
Feb 24, 2021 9:26:03 AM org.entando.entando.ent.util.EntLogging$EntLogger info
INFO: + [ Component: jpseo ] :: DATA
|   
Feb 24, 2021 9:26:03 AM org.entando.entando.ent.util.EntLogging$EntLogger info
INFO: + [ Component: Core ] :: DATA
|   
Feb 24, 2021 9:26:03 AM org.entando.entando.ent.util.EntLogging$EntLogger info
INFO: + [ Component: jacms ] :: DATA
|   
Feb 24, 2021 9:26:03 AM org.entando.entando.ent.util.EntLogging$EntLogger info
INFO: + [ Component: entando-*****-console ] :: DATA
|   
Feb 24, 2021 9:26:03 AM org.entando.entando.ent.util.EntLogging$EntLogger info
INFO: + [ Component: entando-portal-ui ] :: DATA
|   
Feb 24, 2021 9:26:03 AM org.entando.entando.ent.util.EntLogging$EntLogger info
INFO: + [ Component: jpseo ] :: DATA
|   
Feb 24, 2021 9:26:11 AM org.springframework.scheduling.concurrent.E**cutorConfigurationSupport initialize
INFO: Initializing E**cutorService 'entandoScheduler'
Feb 24, 2021 9:26:13 AM org.springframework.security.web.DefaultSecurityFilterChain <init>
INFO: Creating filter chain: OrRequestMatcher [requestMatchers=[Ant [pattern='/oauth/token'], Ant [pattern='/oauth/token_key'], Ant [pattern='/oauth/check_token']]], [org.springframework.security.web.context.request.async.WebAsyncManagerIntegrationFilter@5530c328, org.springframework.security.web.context.SecurityContextPersistenceFilter@aa50fba, org.springframework.security.web.header.HeaderWriterFilter@69b6826b, org.springframework.security.web.authentication.logout.LogoutFilter@33e0d948, org.springframework.web.filter.CorsFilter@644e36f6, org.springframework.security.web.authentication.www.BasicAuthenticationFilter@7f7a0691, org.springframework.security.web.savedrequest.RequestCacheAwareFilter@73231aa6, org.springframework.security.web.servletapi.SecurityContextHolderAwareRequestFilter@20c43452, org.springframework.security.web.authentication.AnonymousAuthenticationFilter@5e667ef0, org.springframework.security.web.session.SessionManagementFilter@66c29919, org.springframework.security.web.access.ExceptionTranslationFilter@4a770cdf, org.springframework.security.web.access.intercept.FilterSecurityInterceptor@10bb5476]
Feb 24, 2021 9:26:13 AM org.springframework.security.web.DefaultSecurityFilterChain <init>
INFO: Creating filter chain: any request, [org.springframework.security.web.context.request.async.WebAsyncManagerIntegrationFilter@6854694e, org.springframework.security.web.context.SecurityContextPersistenceFilter@6e4b78ad, org.springframework.security.web.header.HeaderWriterFilter@59206039, org.springframework.web.filter.CorsFilter@644e36f6, org.springframework.security.web.authentication.logout.LogoutFilter@4685e51b, org.springframework.security.web.savedrequest.RequestCacheAwareFilter@33e074c6, org.springframework.security.web.servletapi.SecurityContextHolderAwareRequestFilter@4b806522, org.springframework.security.web.session.SessionManagementFilter@45ea8c9b, org.springframework.security.web.access.ExceptionTranslationFilter@555fc845]
Feb 24, 2021 9:26:13 AM org.springframework.web.context.ContextLoader initWebApplicationContext
INFO: Root WebApplicationContext initialized in 12896 ms
Feb 24, 2021 9:26:13 AM org.springframework.scheduling.concurrent.E**cutorConfigurationSupport shutdown
INFO: Shutting down E**cutorService 'entandoScheduler'
Feb 24, 2021 9:26:16 AM org.entando.entando.ent.util.EntLogging$EntLogger info
INFO: + [ Component: Core ] :: DATA
|   
Feb 24, 2021 9:26:16 AM org.entando.entando.ent.util.EntLogging$EntLogger info
INFO: + [ Component: jacms ] :: DATA
|   
Feb 24, 2021 9:26:16 AM org.entando.entando.ent.util.EntLogging$EntLogger info
INFO: + [ Component: entando-*****-console ] :: DATA
|   
Feb 24, 2021 9:26:16 AM org.entando.entando.ent.util.EntLogging$EntLogger info
INFO: + [ Component: entando-portal-ui ] :: DATA
|   
Feb 24, 2021 9:26:16 AM org.entando.entando.ent.util.EntLogging$EntLogger info
INFO: + [ Component: jpseo ] :: DATA
|   
Feb 24, 2021 9:26:16 AM org.entando.entando.ent.util.EntLogging$EntLogger info
INFO: + [ Component: Core ] :: DATA
|   
Feb 24, 2021 9:26:16 AM org.entando.entando.ent.util.EntLogging$EntLogger info
INFO: + [ Component: jacms ] :: DATA
|   
Feb 24, 2021 9:26:16 AM org.entando.entando.ent.util.EntLogging$EntLogger info
INFO: + [ Component: entando-*****-console ] :: DATA
|   
Feb 24, 2021 9:26:16 AM org.entando.entando.ent.util.EntLogging$EntLogger info
INFO: + [ Component: entando-portal-ui ] :: DATA
|   
Feb 24, 2021 9:26:16 AM org.entando.entando.ent.util.EntLogging$EntLogger info
INFO: + [ Component: jpseo ] :: DATA
|   
Feb 24, 2021 9:26:25 AM org.springframework.scheduling.concurrent.E**cutorConfigurationSupport initialize
INFO: Initializing E**cutorService 'entandoScheduler'
Feb 24, 2021 9:26:26 AM org.springframework.security.web.DefaultSecurityFilterChain <init>
INFO: Creating filter chain: OrRequestMatcher [requestMatchers=[Ant [pattern='/oauth/token'], Ant [pattern='/oauth/token_key'], Ant [pattern='/oauth/check_token']]], [org.springframework.security.web.context.request.async.WebAsyncManagerIntegrationFilter@12f4d4f3, org.springframework.security.web.context.SecurityContextPersistenceFilter@8c9cf4b, org.springframework.security.web.header.HeaderWriterFilter@38ac8a71, org.springframework.security.web.authentication.logout.LogoutFilter@76370f3e, org.springframework.web.filter.CorsFilter@78711360, org.springframework.security.web.authentication.www.BasicAuthenticationFilter@3d245f52, org.springframework.security.web.savedrequest.RequestCacheAwareFilter@195214c0, org.springframework.security.web.servletapi.SecurityContextHolderAwareRequestFilter@369c4138, org.springframework.security.web.authentication.AnonymousAuthenticationFilter@4feb9dd8, org.springframework.security.web.session.SessionManagementFilter@50498569, org.springframework.security.web.access.ExceptionTranslationFilter@5a585ec8, org.springframework.security.web.access.intercept.FilterSecurityInterceptor@2fc0da6f]
Feb 24, 2021 9:26:26 AM org.springframework.security.web.DefaultSecurityFilterChain <init>
INFO: Creating filter chain: any request, [org.springframework.security.web.context.request.async.WebAsyncManagerIntegrationFilter@38ba0332, org.springframework.security.web.context.SecurityContextPersistenceFilter@27524c03, org.springframework.security.web.header.HeaderWriterFilter@1fd3baaa, org.springframework.web.filter.CorsFilter@78711360, org.springframework.security.web.authentication.logout.LogoutFilter@372452e6, org.springframework.security.web.savedrequest.RequestCacheAwareFilter@767b94b9, org.springframework.security.web.servletapi.SecurityContextHolderAwareRequestFilter@2771b45b, org.springframework.security.web.session.SessionManagementFilter@6144c64e, org.springframework.security.web.access.ExceptionTranslationFilter@54be3a8d]
[INFO ] 2021-02-24 09:26:28.189 [main] SpringObjectFactory - Setting autowire strategy to name
[INFO ] 2021-02-24 09:26:28.928 [main] SpringObjectFactory - Setting autowire strategy to name
Feb 24, 2021 9:26:29 AM org.entando.entando.ent.util.EntLogging$EntLogger warn
WARNING: Unrecognized location of resource '/workspace/source/target/classes/org/entando/entando/plugins/jpseo/aps*****/global-messages_en.properties'
Feb 24, 2021 9:26:29 AM org.entando.entando.ent.util.EntLogging$EntLogger warn
WARNING: Unrecognized location of resource '/workspace/source/target/classes/org/entando/entando/plugins/jpseo/aps*****/global-messages_it.properties'
Feb 24, 2021 9:26:29 AM org.entando.entando.ent.util.EntLogging$EntLogger warn
WARNING: Unrecognized location of resource 'file:/home/jenkins/.mvnrepository/org/entando/entando/plugins/entando-plugin-jacms/6.3.13/entando-plugin-jacms-6.3.13-classes.jar!/org/entando/entando/plugins/jacms/aps*****/global-messages_en.properties'
Feb 24, 2021 9:26:29 AM org.entando.entando.ent.util.EntLogging$EntLogger warn
WARNING: Unrecognized location of resource 'file:/home/jenkins/.mvnrepository/org/entando/entando/plugins/entando-plugin-jacms/6.3.13/entando-plugin-jacms-6.3.13-classes.jar!/org/entando/entando/plugins/jacms/aps*****/global-messages_it.properties'
Feb 24, 2021 9:26:29 AM org.entando.entando.ent.util.EntLogging$EntLogger warn
WARNING: Unrecognized location of resource 'file:/home/jenkins/.mvnrepository/org/entando/entando/plugins/entando-plugin-jacms/6.3.13/entando-plugin-jacms-6.3.13-classes.jar!/com/agiletec/plugins/jacms/aps*****/global-messages_en.properties'
Feb 24, 2021 9:26:29 AM org.entando.entando.ent.util.EntLogging$EntLogger warn
WARNING: Unrecognized location of resource 'file:/home/jenkins/.mvnrepository/org/entando/entando/plugins/entando-plugin-jacms/6.3.13/entando-plugin-jacms-6.3.13-classes.jar!/com/agiletec/plugins/jacms/aps*****/global-messages_it.properties'
Feb 24, 2021 9:26:31 AM org.entando.entando.ent.util.EntLogging$EntLogger info
INFO: Saving content ART202 - Description: 'Il titolo' - User: *****
[INFO] Tests run: 1, Failures: 0, Errors: 0, Skipped: 0, Time elapsed: 31.483 s - in org.entando.entando.plugins.jpseo.aps*****.content.ContentActionIntegrationTest
[INFO] Running org.entando.entando.plugins.jpseo.aps*****.portal.PageSettingsActionAspectTest
Feb 24, 2021 9:26:33 AM org.entando.entando.ent.util.EntLogging$EntLogger error
SEVERE: error updating page settings for seo
org.entando.entando.ent.exception.EntException

[INFO] Tests run: 8, Failures: 0, Errors: 0, Skipped: 0, Time elapsed: 1.591 s - in org.entando.entando.plugins.jpseo.aps*****.portal.PageSettingsActionAspectTest
[INFO] Running org.entando.entando.plugins.jpseo.aps*****.portal.PageActionIntegrationTest
[INFO ] 2021-02-24 09:26:34.176 [main] SpringObjectFactory - Setting autowire strategy to name
[INFO ] 2021-02-24 09:26:35.850 [main] SpringObjectFactory - Setting autowire strategy to name
[INFO] Tests run: 10, Failures: 0, Errors: 0, Skipped: 0, Time elapsed: 6.594 s - in org.entando.entando.plugins.jpseo.aps*****.portal.PageActionIntegrationTest
[INFO] Running org.entando.entando.plugins.jpseo.aps*****.portal.PageSettingsActionIntegrationTest
[INFO ] 2021-02-24 09:26:40.646 [main] SpringObjectFactory - Setting autowire strategy to name
[INFO] Tests run: 5, Failures: 0, Errors: 0, Skipped: 0, Time elapsed: 1.241 s - in org.entando.entando.plugins.jpseo.aps*****.portal.PageSettingsActionIntegrationTest
[INFO] Running org.entando.entando.plugins.jpseo.aps.tags.CurrentPageTagTest
[INFO] Tests run: 1, Failures: 0, Errors: 0, Skipped: 0, Time elapsed: 0.058 s - in org.entando.entando.plugins.jpseo.aps.tags.CurrentPageTagTest
[INFO] Running org.entando.entando.plugins.jpseo.aps.******.services.metatag.MetatagCatalogueIntegrationTest
Feb 24, 2021 9:26:41 AM org.springframework.mock.jndi.SimpleNamingContextBuilder bind
INFO: Static JNDI binding: [java:comp/env/logName] = [/workspace/source/target/test/entando-plugin-jpseo]
Feb 24, 2021 9:26:41 AM org.springframework.mock.jndi.SimpleNamingContextBuilder bind
INFO: Static JNDI binding: [java:comp/env/logFileRotatePattern] = [/workspace/source/target/test/entando-plugin-jpseo_logs/entando-plugin-jpseo-%i.log.gz]
Feb 24, 2021 9:26:41 AM org.springframework.mock.jndi.SimpleNamingContextBuilder bind
INFO: Static JNDI binding: [java:comp/env/logLevel] = [ERROR]
Feb 24, 2021 9:26:41 AM org.springframework.mock.jndi.SimpleNamingContextBuilder bind
INFO: Static JNDI binding: [java:comp/env/logFileSize] = [1048576]
Feb 24, 2021 9:26:41 AM org.springframework.mock.jndi.SimpleNamingContextBuilder bind
INFO: Static JNDI binding: [java:comp/env/logFilesCount] = [10]
Feb 24, 2021 9:26:41 AM org.springframework.mock.jndi.SimpleNamingContextBuilder bind
INFO: Static JNDI binding: [java:comp/env/configVersion] = [test]
Feb 24, 2021 9:26:41 AM org.springframework.mock.jndi.SimpleNamingContextBuilder bind
INFO: Static JNDI binding: [java:comp/env/applicationBaseURL] = [/Entando/]
Feb 24, 2021 9:26:41 AM org.springframework.mock.jndi.SimpleNamingContextBuilder bind
INFO: Static JNDI binding: [java:comp/env/resourceRootURL] = [/Entando/resources/]
Feb 24, 2021 9:26:41 AM org.springframework.mock.jndi.SimpleNamingContextBuilder bind
INFO: Static JNDI binding: [java:comp/env/protectedResourceRootURL] = [/Entando/protected/]
Feb 24, 2021 9:26:41 AM org.springframework.mock.jndi.SimpleNamingContextBuilder bind
INFO: Static JNDI binding: [java:comp/env/resourceDiskRootFolder] = [target/test/resources/]
Feb 24, 2021 9:26:41 AM org.springframework.mock.jndi.SimpleNamingContextBuilder bind
INFO: Static JNDI binding: [java:comp/env/protectedResourceDiskRootFolder] = [target/test/protected/]
Feb 24, 2021 9:26:41 AM org.springframework.mock.jndi.SimpleNamingContextBuilder bind
INFO: Static JNDI binding: [java:comp/env/indexDiskRootFolder] = [target/test/indexdir]
Feb 24, 2021 9:26:41 AM org.springframework.mock.jndi.SimpleNamingContextBuilder bind
INFO: Static JNDI binding: [java:comp/env/portDataSourceClassName] = [org.apache.derby.jdbc.EmbeddedDriver]
Feb 24, 2021 9:26:41 AM org.springframework.mock.jndi.SimpleNamingContextBuilder bind
INFO: Static JNDI binding: [java:comp/env/logActiveFileOutput] = [false]
Feb 24, 2021 9:26:41 AM org.springframework.mock.jndi.SimpleNamingContextBuilder bind
INFO: Static JNDI binding: [java:comp/env/jdbc.servDb.url] = [jdbc:derby:/workspace/source/target/test/db/entando-plugin-jpseotestServ;create=****]
Feb 24, 2021 9:26:41 AM org.springframework.mock.jndi.SimpleNamingContextBuilder bind
INFO: Static JNDI binding: [java:comp/env/servDataSourceClassName] = [org.apache.derby.jdbc.EmbeddedDriver]
Feb 24, 2021 9:26:41 AM org.springframework.mock.jndi.SimpleNamingContextBuilder bind
INFO: Static JNDI binding: [java:comp/env/logFilesCount] = [10]
Feb 24, 2021 9:26:41 AM org.springframework.mock.jndi.SimpleNamingContextBuilder bind
INFO: Static JNDI binding: [java:comp/env/applicationBaseURL] = [/Entando/]
Feb 24, 2021 9:26:41 AM org.springframework.mock.jndi.SimpleNamingContextBuilder bind
INFO: Static JNDI binding: [java:comp/env/jdbc.portDb.password] = [agile]
Feb 24, 2021 9:26:41 AM org.springframework.mock.jndi.SimpleNamingContextBuilder bind
INFO: Static JNDI binding: [java:comp/env/logLevel] = [ERROR]
Feb 24, 2021 9:26:41 AM org.springframework.mock.jndi.SimpleNamingContextBuilder bind
INFO: Static JNDI binding: [java:comp/env/indexDiskRootFolder] = [target/test/indexdir]
Feb 24, 2021 9:26:41 AM org.springframework.mock.jndi.SimpleNamingContextBuilder bind
INFO: Static JNDI binding: [java:comp/env/logFileSize] = [1048576]
Feb 24, 2021 9:26:41 AM org.springframework.mock.jndi.SimpleNamingContextBuilder bind
INFO: Static JNDI binding: [java:comp/env/resourceDiskRootFolder] = [target/test/resources/]
Feb 24, 2021 9:26:41 AM org.springframework.mock.jndi.SimpleNamingContextBuilder bind
INFO: Static JNDI binding: [java:comp/env/protectedResourceRootURL] = [/Entando/protected/]
Feb 24, 2021 9:26:41 AM org.springframework.mock.jndi.SimpleNamingContextBuilder bind
INFO: Static JNDI binding: [java:comp/env/resourceRootURL] = [/Entando/resources/]
Feb 24, 2021 9:26:41 AM org.springframework.mock.jndi.SimpleNamingContextBuilder bind
INFO: Static JNDI binding: [java:comp/env/configVersion] = [test]
Feb 24, 2021 9:26:41 AM org.springframework.mock.jndi.SimpleNamingContextBuilder bind
INFO: Static JNDI binding: [java:comp/env/jdbc.servDb.beanName] = [servDataSource]
Feb 24, 2021 9:26:41 AM org.springframework.mock.jndi.SimpleNamingContextBuilder bind
INFO: Static JNDI binding: [java:comp/env/jdbc.portDb.url] = [jdbc:derby:/workspace/source/target/test/db/entando-plugin-jpseotestPort;create=****]
Feb 24, 2021 9:26:41 AM org.springframework.mock.jndi.SimpleNamingContextBuilder bind
INFO: Static JNDI binding: [java:comp/env/jdbc.servDb.driverClassName] = [org.apache.derby.jdbc.EmbeddedDriver]
Feb 24, 2021 9:26:41 AM org.springframework.mock.jndi.SimpleNamingContextBuilder bind
INFO: Static JNDI binding: [java:comp/env/protectedResourceDiskRootFolder] = [target/test/protected/]
Feb 24, 2021 9:26:41 AM org.springframework.mock.jndi.SimpleNamingContextBuilder bind
INFO: Static JNDI binding: [java:comp/env/jdbc.portDb.beanName] = [portDataSource]
Feb 24, 2021 9:26:41 AM org.springframework.mock.jndi.SimpleNamingContextBuilder bind
INFO: Static JNDI binding: [java:comp/env/jdbc.servDb.password] = [agile]
Feb 24, 2021 9:26:41 AM org.springframework.mock.jndi.SimpleNamingContextBuilder bind
INFO: Static JNDI binding: [java:comp/env/jdbc.portDb.driverClassName] = [org.apache.derby.jdbc.EmbeddedDriver]
Feb 24, 2021 9:26:41 AM org.springframework.mock.jndi.SimpleNamingContextBuilder bind
INFO: Static JNDI binding: [java:comp/env/jdbc.portDb.username] = [agile]
Feb 24, 2021 9:26:41 AM org.springframework.mock.jndi.SimpleNamingContextBuilder bind
INFO: Static JNDI binding: [java:comp/env/jdbc.servDb.username] = [agile]
Feb 24, 2021 9:26:41 AM org.springframework.mock.jndi.SimpleNamingContextBuilder bind
INFO: Static JNDI binding: [java:comp/env/logName] = [/workspace/source/target/test/entando-plugin-jpseo]
Feb 24, 2021 9:26:41 AM org.springframework.mock.jndi.SimpleNamingContextBuilder bind
INFO: Static JNDI binding: [java:comp/env/logFileRotatePattern] = [/workspace/source/target/test/entando-plugin-jpseo_logs/entando-plugin-jpseo-%i.log.gz]
Feb 24, 2021 9:26:41 AM org.springframework.mock.jndi.SimpleNamingContextBuilder bind
INFO: Static JNDI binding: [java:comp/env/jdbc/servDataSource] = [org.apache.commons.dbcp2.BasicDataSource@39f08d96]
Feb 24, 2021 9:26:41 AM org.springframework.mock.jndi.SimpleNamingContextBuilder bind
INFO: Static JNDI binding: [java:comp/env/jdbc/portDataSource] = [org.apache.commons.dbcp2.BasicDataSource@6be7c584]
Feb 24, 2021 9:26:41 AM org.springframework.mock.web.MockServletContext log
INFO: Initializing Spring **** WebApplicationContext
Feb 24, 2021 9:26:41 AM org.springframework.web.context.ContextLoader initWebApplicationContext
INFO: Root WebApplicationContext: initialization started
Feb 24, 2021 9:26:44 AM org.entando.entando.ent.util.EntLogging$EntLogger info
INFO: + [ Component: Core ] :: DATA
|   
Feb 24, 2021 9:26:44 AM org.entando.entando.ent.util.EntLogging$EntLogger info
INFO: + [ Component: jacms ] :: DATA
|   
Feb 24, 2021 9:26:44 AM org.entando.entando.ent.util.EntLogging$EntLogger info
INFO: + [ Component: entando-*****-console ] :: DATA
|   
Feb 24, 2021 9:26:44 AM org.entando.entando.ent.util.EntLogging$EntLogger info
INFO: + [ Component: entando-portal-ui ] :: DATA
|   
Feb 24, 2021 9:26:44 AM org.entando.entando.ent.util.EntLogging$EntLogger info
INFO: + [ Component: jpseo ] :: DATA
|   
Feb 24, 2021 9:26:44 AM org.entando.entando.ent.util.EntLogging$EntLogger info
INFO: + [ Component: Core ] :: DATA
|   
Feb 24, 2021 9:26:44 AM org.entando.entando.ent.util.EntLogging$EntLogger info
INFO: + [ Component: jacms ] :: DATA
|   
Feb 24, 2021 9:26:44 AM org.entando.entando.ent.util.EntLogging$EntLogger info
INFO: + [ Component: entando-*****-console ] :: DATA
|   
Feb 24, 2021 9:26:44 AM org.entando.entando.ent.util.EntLogging$EntLogger info
INFO: + [ Component: entando-portal-ui ] :: DATA
|   
Feb 24, 2021 9:26:44 AM org.entando.entando.ent.util.EntLogging$EntLogger info
INFO: + [ Component: jpseo ] :: DATA
|   
Feb 24, 2021 9:26:52 AM org.springframework.scheduling.concurrent.E**cutorConfigurationSupport initialize
INFO: Initializing E**cutorService 'entandoScheduler'
Feb 24, 2021 9:26:54 AM org.springframework.security.web.DefaultSecurityFilterChain <init>
INFO: Creating filter chain: OrRequestMatcher [requestMatchers=[Ant [pattern='/oauth/token'], Ant [pattern='/oauth/token_key'], Ant [pattern='/oauth/check_token']]], [org.springframework.security.web.context.request.async.WebAsyncManagerIntegrationFilter@5cd7d15e, org.springframework.security.web.context.SecurityContextPersistenceFilter@66cb4dd, org.springframework.security.web.header.HeaderWriterFilter@1db6487c, org.springframework.security.web.authentication.logout.LogoutFilter@31cb773d, org.springframework.web.filter.CorsFilter@342fc5aa, org.springframework.security.web.authentication.www.BasicAuthenticationFilter@71412d55, org.springframework.security.web.savedrequest.RequestCacheAwareFilter@79d4fcd5, org.springframework.security.web.servletapi.SecurityContextHolderAwareRequestFilter@14e1f2fb, org.springframework.security.web.authentication.AnonymousAuthenticationFilter@38257bbf, org.springframework.security.web.session.SessionManagementFilter@67ec3a0, org.springframework.security.web.access.ExceptionTranslationFilter@4237a5a2, org.springframework.security.web.access.intercept.FilterSecurityInterceptor@2d81e989]
Feb 24, 2021 9:26:54 AM org.springframework.security.web.DefaultSecurityFilterChain <init>
INFO: Creating filter chain: any request, [org.springframework.security.web.context.request.async.WebAsyncManagerIntegrationFilter@5df4bc9e, org.springframework.security.web.context.SecurityContextPersistenceFilter@61be5024, org.springframework.security.web.header.HeaderWriterFilter@697fad1b, org.springframework.web.filter.CorsFilter@342fc5aa, org.springframework.security.web.authentication.logout.LogoutFilter@7e23fd20, org.springframework.security.web.savedrequest.RequestCacheAwareFilter@5ced4b73, org.springframework.security.web.servletapi.SecurityContextHolderAwareRequestFilter@53762a2, org.springframework.security.web.session.SessionManagementFilter@3dcd5a8a, org.springframework.security.web.access.ExceptionTranslationFilter@54b5632f]
Feb 24, 2021 9:26:54 AM org.springframework.web.context.ContextLoader initWebApplicationContext
INFO: Root WebApplicationContext initialized in 12912 ms
Feb 24, 2021 9:26:54 AM org.springframework.scheduling.concurrent.E**cutorConfigurationSupport shutdown
INFO: Shutting down E**cutorService 'entandoScheduler'
Feb 24, 2021 9:26:57 AM org.entando.entando.ent.util.EntLogging$EntLogger info
INFO: + [ Component: Core ] :: DATA
|   
Feb 24, 2021 9:26:57 AM org.entando.entando.ent.util.EntLogging$EntLogger info
INFO: + [ Component: jacms ] :: DATA
|   
Feb 24, 2021 9:26:57 AM org.entando.entando.ent.util.EntLogging$EntLogger info
INFO: + [ Component: entando-*****-console ] :: DATA
|   
Feb 24, 2021 9:26:57 AM org.entando.entando.ent.util.EntLogging$EntLogger info
INFO: + [ Component: entando-portal-ui ] :: DATA
|   
Feb 24, 2021 9:26:57 AM org.entando.entando.ent.util.EntLogging$EntLogger info
INFO: + [ Component: jpseo ] :: DATA
|   
Feb 24, 2021 9:26:57 AM org.entando.entando.ent.util.EntLogging$EntLogger info
INFO: + [ Component: Core ] :: DATA
|   
Feb 24, 2021 9:26:57 AM org.entando.entando.ent.util.EntLogging$EntLogger info
INFO: + [ Component: jacms ] :: DATA
|   
Feb 24, 2021 9:26:57 AM org.entando.entando.ent.util.EntLogging$EntLogger info
INFO: + [ Component: entando-*****-console ] :: DATA
|   
Feb 24, 2021 9:26:57 AM org.entando.entando.ent.util.EntLogging$EntLogger info
INFO: + [ Component: entando-portal-ui ] :: DATA
|   
Feb 24, 2021 9:26:57 AM org.entando.entando.ent.util.EntLogging$EntLogger info
INFO: + [ Component: jpseo ] :: DATA
|   
Feb 24, 2021 9:27:05 AM org.springframework.scheduling.concurrent.E**cutorConfigurationSupport initialize
INFO: Initializing E**cutorService 'entandoScheduler'
Feb 24, 2021 9:27:07 AM org.springframework.security.web.DefaultSecurityFilterChain <init>
INFO: Creating filter chain: OrRequestMatcher [requestMatchers=[Ant [pattern='/oauth/token'], Ant [pattern='/oauth/token_key'], Ant [pattern='/oauth/check_token']]], [org.springframework.security.web.context.request.async.WebAsyncManagerIntegrationFilter@44b37e5d, org.springframework.security.web.context.SecurityContextPersistenceFilter@1d3ee781, org.springframework.security.web.header.HeaderWriterFilter@1766d72c, org.springframework.security.web.authentication.logout.LogoutFilter@7d283e2b, org.springframework.web.filter.CorsFilter@7f349139, org.springframework.security.web.authentication.www.BasicAuthenticationFilter@a50d1bc, org.springframework.security.web.savedrequest.RequestCacheAwareFilter@2ffd85b6, org.springframework.security.web.servletapi.SecurityContextHolderAwareRequestFilter@45035dfd, org.springframework.security.web.authentication.AnonymousAuthenticationFilter@6a89d1ef, org.springframework.security.web.session.SessionManagementFilter@3d671207, org.springframework.security.web.access.ExceptionTranslationFilter@43e39ca7, org.springframework.security.web.access.intercept.FilterSecurityInterceptor@25ee41c2]
Feb 24, 2021 9:27:07 AM org.springframework.security.web.DefaultSecurityFilterChain <init>
INFO: Creating filter chain: any request, [org.springframework.security.web.context.request.async.WebAsyncManagerIntegrationFilter@2b55d6d3, org.springframework.security.web.context.SecurityContextPersistenceFilter@6833f098, org.springframework.security.web.header.HeaderWriterFilter@7b72832b, org.springframework.web.filter.CorsFilter@7f349139, org.springframework.security.web.authentication.logout.LogoutFilter@52394683, org.springframework.security.web.savedrequest.RequestCacheAwareFilter@7e360b11, org.springframework.security.web.servletapi.SecurityContextHolderAwareRequestFilter@540da483, org.springframework.security.web.session.SessionManagementFilter@78e4c5fd, org.springframework.security.web.access.ExceptionTranslationFilter@14b25d16]
Feb 24, 2021 9:27:07 AM org.springframework.scheduling.concurrent.E**cutorConfigurationSupport shutdown
INFO: Shutting down E**cutorService 'entandoScheduler'
[INFO] Tests run: 1, Failures: 0, Errors: 0, Skipped: 0, Time elapsed: 25.689 s - in org.entando.entando.plugins.jpseo.aps.******.services.metatag.MetatagCatalogueIntegrationTest
[INFO] Running org.entando.entando.plugins.jpseo.aps.******.services.mapping.SeoMappingManagerIntegrationTest
Feb 24, 2021 9:27:07 AM org.springframework.mock.jndi.SimpleNamingContextBuilder bind
INFO: Static JNDI binding: [java:comp/env/logName] = [/workspace/source/target/test/entando-plugin-jpseo]
Feb 24, 2021 9:27:07 AM org.springframework.mock.jndi.SimpleNamingContextBuilder bind
INFO: Static JNDI binding: [java:comp/env/logFileRotatePattern] = [/workspace/source/target/test/entando-plugin-jpseo_logs/entando-plugin-jpseo-%i.log.gz]
Feb 24, 2021 9:27:07 AM org.springframework.mock.jndi.SimpleNamingContextBuilder bind
INFO: Static JNDI binding: [java:comp/env/logLevel] = [ERROR]
Feb 24, 2021 9:27:07 AM org.springframework.mock.jndi.SimpleNamingContextBuilder bind
INFO: Static JNDI binding: [java:comp/env/logFileSize] = [1048576]
Feb 24, 2021 9:27:07 AM org.springframework.mock.jndi.SimpleNamingContextBuilder bind
INFO: Static JNDI binding: [java:comp/env/logFilesCount] = [10]
Feb 24, 2021 9:27:07 AM org.springframework.mock.jndi.SimpleNamingContextBuilder bind
INFO: Static JNDI binding: [java:comp/env/configVersion] = [test]
Feb 24, 2021 9:27:07 AM org.springframework.mock.jndi.SimpleNamingContextBuilder bind
INFO: Static JNDI binding: [java:comp/env/applicationBaseURL] = [/Entando/]
Feb 24, 2021 9:27:07 AM org.springframework.mock.jndi.SimpleNamingContextBuilder bind
INFO: Static JNDI binding: [java:comp/env/resourceRootURL] = [/Entando/resources/]
Feb 24, 2021 9:27:07 AM org.springframework.mock.jndi.SimpleNamingContextBuilder bind
INFO: Static JNDI binding: [java:comp/env/protectedResourceRootURL] = [/Entando/protected/]
Feb 24, 2021 9:27:07 AM org.springframework.mock.jndi.SimpleNamingContextBuilder bind
INFO: Static JNDI binding: [java:comp/env/resourceDiskRootFolder] = [target/test/resources/]
Feb 24, 2021 9:27:07 AM org.springframework.mock.jndi.SimpleNamingContextBuilder bind
INFO: Static JNDI binding: [java:comp/env/protectedResourceDiskRootFolder] = [target/test/protected/]
Feb 24, 2021 9:27:07 AM org.springframework.mock.jndi.SimpleNamingContextBuilder bind
INFO: Static JNDI binding: [java:comp/env/indexDiskRootFolder] = [target/test/indexdir]
Feb 24, 2021 9:27:07 AM org.springframework.mock.jndi.SimpleNamingContextBuilder bind
INFO: Static JNDI binding: [java:comp/env/portDataSourceClassName] = [org.apache.derby.jdbc.EmbeddedDriver]
Feb 24, 2021 9:27:07 AM org.springframework.mock.jndi.SimpleNamingContextBuilder bind
INFO: Static JNDI binding: [java:comp/env/logActiveFileOutput] = [false]
Feb 24, 2021 9:27:07 AM org.springframework.mock.jndi.SimpleNamingContextBuilder bind
INFO: Static JNDI binding: [java:comp/env/jdbc.servDb.url] = [jdbc:derby:/workspace/source/target/test/db/entando-plugin-jpseotestServ;create=****]
Feb 24, 2021 9:27:07 AM org.springframework.mock.jndi.SimpleNamingContextBuilder bind
INFO: Static JNDI binding: [java:comp/env/servDataSourceClassName] = [org.apache.derby.jdbc.EmbeddedDriver]
Feb 24, 2021 9:27:07 AM org.springframework.mock.jndi.SimpleNamingContextBuilder bind
INFO: Static JNDI binding: [java:comp/env/logFilesCount] = [10]
Feb 24, 2021 9:27:07 AM org.springframework.mock.jndi.SimpleNamingContextBuilder bind
INFO: Static JNDI binding: [java:comp/env/applicationBaseURL] = [/Entando/]
Feb 24, 2021 9:27:07 AM org.springframework.mock.jndi.SimpleNamingContextBuilder bind
INFO: Static JNDI binding: [java:comp/env/jdbc.portDb.password] = [agile]
Feb 24, 2021 9:27:07 AM org.springframework.mock.jndi.SimpleNamingContextBuilder bind
INFO: Static JNDI binding: [java:comp/env/logLevel] = [ERROR]
Feb 24, 2021 9:27:07 AM org.springframework.mock.jndi.SimpleNamingContextBuilder bind
INFO: Static JNDI binding: [java:comp/env/indexDiskRootFolder] = [target/test/indexdir]
Feb 24, 2021 9:27:07 AM org.springframework.mock.jndi.SimpleNamingContextBuilder bind
INFO: Static JNDI binding: [java:comp/env/logFileSize] = [1048576]
Feb 24, 2021 9:27:07 AM org.springframework.mock.jndi.SimpleNamingContextBuilder bind
INFO: Static JNDI binding: [java:comp/env/resourceDiskRootFolder] = [target/test/resources/]
Feb 24, 2021 9:27:07 AM org.springframework.mock.jndi.SimpleNamingContextBuilder bind
INFO: Static JNDI binding: [java:comp/env/protectedResourceRootURL] = [/Entando/protected/]
Feb 24, 2021 9:27:07 AM org.springframework.mock.jndi.SimpleNamingContextBuilder bind
INFO: Static JNDI binding: [java:comp/env/resourceRootURL] = [/Entando/resources/]
Feb 24, 2021 9:27:07 AM org.springframework.mock.jndi.SimpleNamingContextBuilder bind
INFO: Static JNDI binding: [java:comp/env/configVersion] = [test]
Feb 24, 2021 9:27:07 AM org.springframework.mock.jndi.SimpleNamingContextBuilder bind
INFO: Static JNDI binding: [java:comp/env/jdbc.servDb.beanName] = [servDataSource]
Feb 24, 2021 9:27:07 AM org.springframework.mock.jndi.SimpleNamingContextBuilder bind
INFO: Static JNDI binding: [java:comp/env/jdbc.portDb.url] = [jdbc:derby:/workspace/source/target/test/db/entando-plugin-jpseotestPort;create=****]
Feb 24, 2021 9:27:07 AM org.springframework.mock.jndi.SimpleNamingContextBuilder bind
INFO: Static JNDI binding: [java:comp/env/jdbc.servDb.driverClassName] = [org.apache.derby.jdbc.EmbeddedDriver]
Feb 24, 2021 9:27:07 AM org.springframework.mock.jndi.SimpleNamingContextBuilder bind
INFO: Static JNDI binding: [java:comp/env/protectedResourceDiskRootFolder] = [target/test/protected/]
Feb 24, 2021 9:27:07 AM org.springframework.mock.jndi.SimpleNamingContextBuilder bind
INFO: Static JNDI binding: [java:comp/env/jdbc.portDb.beanName] = [portDataSource]
Feb 24, 2021 9:27:07 AM org.springframework.mock.jndi.SimpleNamingContextBuilder bind
INFO: Static JNDI binding: [java:comp/env/jdbc.servDb.password] = [agile]
Feb 24, 2021 9:27:07 AM org.springframework.mock.jndi.SimpleNamingContextBuilder bind
INFO: Static JNDI binding: [java:comp/env/jdbc.portDb.driverClassName] = [org.apache.derby.jdbc.EmbeddedDriver]
Feb 24, 2021 9:27:07 AM org.springframework.mock.jndi.SimpleNamingContextBuilder bind
INFO: Static JNDI binding: [java:comp/env/jdbc.portDb.username] = [agile]
Feb 24, 2021 9:27:07 AM org.springframework.mock.jndi.SimpleNamingContextBuilder bind
INFO: Static JNDI binding: [java:comp/env/jdbc.servDb.username] = [agile]
Feb 24, 2021 9:27:07 AM org.springframework.mock.jndi.SimpleNamingContextBuilder bind
INFO: Static JNDI binding: [java:comp/env/logName] = [/workspace/source/target/test/entando-plugin-jpseo]
Feb 24, 2021 9:27:07 AM org.springframework.mock.jndi.SimpleNamingContextBuilder bind
INFO: Static JNDI binding: [java:comp/env/logFileRotatePattern] = [/workspace/source/target/test/entando-plugin-jpseo_logs/entando-plugin-jpseo-%i.log.gz]
Feb 24, 2021 9:27:07 AM org.springframework.mock.jndi.SimpleNamingContextBuilder bind
INFO: Static JNDI binding: [java:comp/env/jdbc/servDataSource] = [org.apache.commons.dbcp2.BasicDataSource@5b3fb74d]
Feb 24, 2021 9:27:07 AM org.springframework.mock.jndi.SimpleNamingContextBuilder bind
INFO: Static JNDI binding: [java:comp/env/jdbc/portDataSource] = [org.apache.commons.dbcp2.BasicDataSource@31e157bc]
Feb 24, 2021 9:27:07 AM org.springframework.mock.web.MockServletContext log
INFO: Initializing Spring **** WebApplicationContext
Feb 24, 2021 9:27:07 AM org.springframework.web.context.ContextLoader initWebApplicationContext
INFO: Root WebApplicationContext: initialization started
Feb 24, 2021 9:27:10 AM org.entando.entando.ent.util.EntLogging$EntLogger info
INFO: + [ Component: Core ] :: DATA
|   
Feb 24, 2021 9:27:10 AM org.entando.entando.ent.util.EntLogging$EntLogger info
INFO: + [ Component: jacms ] :: DATA
|   
Feb 24, 2021 9:27:10 AM org.entando.entando.ent.util.EntLogging$EntLogger info
INFO: + [ Component: entando-*****-console ] :: DATA
|   
Feb 24, 2021 9:27:10 AM org.entando.entando.ent.util.EntLogging$EntLogger info
INFO: + [ Component: entando-portal-ui ] :: DATA
|   
Feb 24, 2021 9:27:10 AM org.entando.entando.ent.util.EntLogging$EntLogger info
INFO: + [ Component: jpseo ] :: DATA
|   
Feb 24, 2021 9:27:10 AM org.entando.entando.ent.util.EntLogging$EntLogger info
INFO: + [ Component: Core ] :: DATA
|   
Feb 24, 2021 9:27:10 AM org.entando.entando.ent.util.EntLogging$EntLogger info
INFO: + [ Component: jacms ] :: DATA
|   
Feb 24, 2021 9:27:10 AM org.entando.entando.ent.util.EntLogging$EntLogger info
INFO: + [ Component: entando-*****-console ] :: DATA
|   
Feb 24, 2021 9:27:10 AM org.entando.entando.ent.util.EntLogging$EntLogger info
INFO: + [ Component: entando-portal-ui ] :: DATA
|   
Feb 24, 2021 9:27:10 AM org.entando.entando.ent.util.EntLogging$EntLogger info
INFO: + [ Component: jpseo ] :: DATA
|   
Feb 24, 2021 9:27:18 AM org.springframework.scheduling.concurrent.E**cutorConfigurationSupport initialize
INFO: Initializing E**cutorService 'entandoScheduler'
Feb 24, 2021 9:27:20 AM org.springframework.security.web.DefaultSecurityFilterChain <init>
INFO: Creating filter chain: OrRequestMatcher [requestMatchers=[Ant [pattern='/oauth/token'], Ant [pattern='/oauth/token_key'], Ant [pattern='/oauth/check_token']]], [org.springframework.security.web.context.request.async.WebAsyncManagerIntegrationFilter@a4c9a2c, org.springframework.security.web.context.SecurityContextPersistenceFilter@461352f6, org.springframework.security.web.header.HeaderWriterFilter@74d224fd, org.springframework.security.web.authentication.logout.LogoutFilter@7a0304ec, org.springframework.web.filter.CorsFilter@4804ac34, org.springframework.security.web.authentication.www.BasicAuthenticationFilter@26586a0d, org.springframework.security.web.savedrequest.RequestCacheAwareFilter@7063b322, org.springframework.security.web.servletapi.SecurityContextHolderAwareRequestFilter@4e3e308e, org.springframework.security.web.authentication.AnonymousAuthenticationFilter@6624d07c, org.springframework.security.web.session.SessionManagementFilter@5cc43ac2, org.springframework.security.web.access.ExceptionTranslationFilter@2eee8e8b, org.springframework.security.web.access.intercept.FilterSecurityInterceptor@2e2d41f]
Feb 24, 2021 9:27:20 AM org.springframework.security.web.DefaultSecurityFilterChain <init>
INFO: Creating filter chain: any request, [org.springframework.security.web.context.request.async.WebAsyncManagerIntegrationFilter@d64f8c5, org.springframework.security.web.context.SecurityContextPersistenceFilter@61bb4db5, org.springframework.security.web.header.HeaderWriterFilter@4a8390ca, org.springframework.web.filter.CorsFilter@4804ac34, org.springframework.security.web.authentication.logout.LogoutFilter@3e37c01d, org.springframework.security.web.savedrequest.RequestCacheAwareFilter@17c74f8d, org.springframework.security.web.servletapi.SecurityContextHolderAwareRequestFilter@481166aa, org.springframework.security.web.session.SessionManagementFilter@55b8b93b, org.springframework.security.web.access.ExceptionTranslationFilter@752e5ddf]
Feb 24, 2021 9:27:20 AM org.springframework.web.context.ContextLoader initWebApplicationContext
INFO: Root WebApplicationContext initialized in 12884 ms
Feb 24, 2021 9:27:20 AM org.springframework.scheduling.concurrent.E**cutorConfigurationSupport shutdown
INFO: Shutting down E**cutorService 'entandoScheduler'
Feb 24, 2021 9:27:22 AM org.entando.entando.ent.util.EntLogging$EntLogger info
INFO: + [ Component: Core ] :: DATA
|   
Feb 24, 2021 9:27:22 AM org.entando.entando.ent.util.EntLogging$EntLogger info
INFO: + [ Component: jacms ] :: DATA
|   
Feb 24, 2021 9:27:22 AM org.entando.entando.ent.util.EntLogging$EntLogger info
INFO: + [ Component: entando-*****-console ] :: DATA
|   
Feb 24, 2021 9:27:22 AM org.entando.entando.ent.util.EntLogging$EntLogger info
INFO: + [ Component: entando-portal-ui ] :: DATA
|   
Feb 24, 2021 9:27:22 AM org.entando.entando.ent.util.EntLogging$EntLogger info
INFO: + [ Component: jpseo ] :: DATA
|   
Feb 24, 2021 9:27:22 AM org.entando.entando.ent.util.EntLogging$EntLogger info
INFO: + [ Component: Core ] :: DATA
|   
Feb 24, 2021 9:27:22 AM org.entando.entando.ent.util.EntLogging$EntLogger info
INFO: + [ Component: jacms ] :: DATA
|   
Feb 24, 2021 9:27:22 AM org.entando.entando.ent.util.EntLogging$EntLogger info
INFO: + [ Component: entando-*****-console ] :: DATA
|   
Feb 24, 2021 9:27:22 AM org.entando.entando.ent.util.EntLogging$EntLogger info
INFO: + [ Component: entando-portal-ui ] :: DATA
|   
Feb 24, 2021 9:27:22 AM org.entando.entando.ent.util.EntLogging$EntLogger info
INFO: + [ Component: jpseo ] :: DATA
|   
Feb 24, 2021 9:27:31 AM org.springframework.scheduling.concurrent.E**cutorConfigurationSupport initialize
INFO: Initializing E**cutorService 'entandoScheduler'
Feb 24, 2021 9:27:32 AM org.springframework.security.web.DefaultSecurityFilterChain <init>
INFO: Creating filter chain: OrRequestMatcher [requestMatchers=[Ant [pattern='/oauth/token'], Ant [pattern='/oauth/token_key'], Ant [pattern='/oauth/check_token']]], [org.springframework.security.web.context.request.async.WebAsyncManagerIntegrationFilter@d3e2704, org.springframework.security.web.context.SecurityContextPersistenceFilter@24b43780, org.springframework.security.web.header.HeaderWriterFilter@17fd3e3c, org.springframework.security.web.authentication.logout.LogoutFilter@248d0740, org.springframework.web.filter.CorsFilter@71bf8cc8, org.springframework.security.web.authentication.www.BasicAuthenticationFilter@55db642, org.springframework.security.web.savedrequest.RequestCacheAwareFilter@42be896b, org.springframework.security.web.servletapi.SecurityContextHolderAwareRequestFilter@1bcdb1bf, org.springframework.security.web.authentication.AnonymousAuthenticationFilter@44320d62, org.springframework.security.web.session.SessionManagementFilter@76f2feb6, org.springframework.security.web.access.ExceptionTranslationFilter@69956160, org.springframework.security.web.access.intercept.FilterSecurityInterceptor@66fb4d75]
Feb 24, 2021 9:27:32 AM org.springframework.security.web.DefaultSecurityFilterChain <init>
INFO: Creating filter chain: any request, [org.springframework.security.web.context.request.async.WebAsyncManagerIntegrationFilter@1ca301dd, org.springframework.security.web.context.SecurityContextPersistenceFilter@1add8965, org.springframework.security.web.header.HeaderWriterFilter@73f19ae7, org.springframework.web.filter.CorsFilter@71bf8cc8, org.springframework.security.web.authentication.logout.LogoutFilter@102250dd, org.springframework.security.web.savedrequest.RequestCacheAwareFilter@2405ba28, org.springframework.security.web.servletapi.SecurityContextHolderAwareRequestFilter@3b5ec4ce, org.springframework.security.web.session.SessionManagementFilter@1852f403, org.springframework.security.web.access.ExceptionTranslationFilter@6accd37]
Feb 24, 2021 9:27:35 AM org.entando.entando.ent.util.EntLogging$EntLogger info
INFO: Content EVN222 with friendly codes [wonders_theater, teatro_delle_meraviglie]
Feb 24, 2021 9:27:37 AM org.springframework.scheduling.concurrent.E**cutorConfigurationSupport shutdown
INFO: Shutting down E**cutorService 'entandoScheduler'
[INFO] Tests run: 3, Failures: 0, Errors: 0, Skipped: 0, Time elapsed: 30.221 s - in org.entando.entando.plugins.jpseo.aps.******.services.mapping.SeoMappingManagerIntegrationTest
[INFO] Running org.entando.entando.plugins.jpseo.aps.******.services.page.SeoPageServiceTest
Feb 24, 2021 9:27:37 AM org.springframework.mock.jndi.SimpleNamingContextBuilder bind
INFO: Static JNDI binding: [java:comp/env/logName] = [/workspace/source/target/test/entando-plugin-jpseo]
Feb 24, 2021 9:27:37 AM org.springframework.mock.jndi.SimpleNamingContextBuilder bind
INFO: Static JNDI binding: [java:comp/env/logFileRotatePattern] = [/workspace/source/target/test/entando-plugin-jpseo_logs/entando-plugin-jpseo-%i.log.gz]
Feb 24, 2021 9:27:37 AM org.springframework.mock.jndi.SimpleNamingContextBuilder bind
INFO: Static JNDI binding: [java:comp/env/logLevel] = [ERROR]
Feb 24, 2021 9:27:37 AM org.springframework.mock.jndi.SimpleNamingContextBuilder bind
INFO: Static JNDI binding: [java:comp/env/logFileSize] = [1048576]
Feb 24, 2021 9:27:37 AM org.springframework.mock.jndi.SimpleNamingContextBuilder bind
INFO: Static JNDI binding: [java:comp/env/logFilesCount] = [10]
Feb 24, 2021 9:27:37 AM org.springframework.mock.jndi.SimpleNamingContextBuilder bind
INFO: Static JNDI binding: [java:comp/env/configVersion] = [test]
Feb 24, 2021 9:27:37 AM org.springframework.mock.jndi.SimpleNamingContextBuilder bind
INFO: Static JNDI binding: [java:comp/env/applicationBaseURL] = [/Entando/]
Feb 24, 2021 9:27:37 AM org.springframework.mock.jndi.SimpleNamingContextBuilder bind
INFO: Static JNDI binding: [java:comp/env/resourceRootURL] = [/Entando/resources/]
Feb 24, 2021 9:27:37 AM org.springframework.mock.jndi.SimpleNamingContextBuilder bind
INFO: Static JNDI binding: [java:comp/env/protectedResourceRootURL] = [/Entando/protected/]
Feb 24, 2021 9:27:37 AM org.springframework.mock.jndi.SimpleNamingContextBuilder bind
INFO: Static JNDI binding: [java:comp/env/resourceDiskRootFolder] = [target/test/resources/]
Feb 24, 2021 9:27:37 AM org.springframework.mock.jndi.SimpleNamingContextBuilder bind
INFO: Static JNDI binding: [java:comp/env/protectedResourceDiskRootFolder] = [target/test/protected/]
Feb 24, 2021 9:27:37 AM org.springframework.mock.jndi.SimpleNamingContextBuilder bind
INFO: Static JNDI binding: [java:comp/env/indexDiskRootFolder] = [target/test/indexdir]
Feb 24, 2021 9:27:37 AM org.springframework.mock.jndi.SimpleNamingContextBuilder bind
INFO: Static JNDI binding: [java:comp/env/portDataSourceClassName] = [org.apache.derby.jdbc.EmbeddedDriver]
Feb 24, 2021 9:27:37 AM org.springframework.mock.jndi.SimpleNamingContextBuilder bind
INFO: Static JNDI binding: [java:comp/env/logActiveFileOutput] = [false]
Feb 24, 2021 9:27:37 AM org.springframework.mock.jndi.SimpleNamingContextBuilder bind
INFO: Static JNDI binding: [java:comp/env/jdbc.servDb.url] = [jdbc:derby:/workspace/source/target/test/db/entando-plugin-jpseotestServ;create=****]
Feb 24, 2021 9:27:37 AM org.springframework.mock.jndi.SimpleNamingContextBuilder bind
INFO: Static JNDI binding: [java:comp/env/servDataSourceClassName] = [org.apache.derby.jdbc.EmbeddedDriver]
Feb 24, 2021 9:27:37 AM org.springframework.mock.jndi.SimpleNamingContextBuilder bind
INFO: Static JNDI binding: [java:comp/env/logFilesCount] = [10]
Feb 24, 2021 9:27:37 AM org.springframework.mock.jndi.SimpleNamingContextBuilder bind
INFO: Static JNDI binding: [java:comp/env/applicationBaseURL] = [/Entando/]
Feb 24, 2021 9:27:37 AM org.springframework.mock.jndi.SimpleNamingContextBuilder bind
INFO: Static JNDI binding: [java:comp/env/jdbc.portDb.password] = [agile]
Feb 24, 2021 9:27:37 AM org.springframework.mock.jndi.SimpleNamingContextBuilder bind
INFO: Static JNDI binding: [java:comp/env/logLevel] = [ERROR]
Feb 24, 2021 9:27:37 AM org.springframework.mock.jndi.SimpleNamingContextBuilder bind
INFO: Static JNDI binding: [java:comp/env/indexDiskRootFolder] = [target/test/indexdir]
Feb 24, 2021 9:27:37 AM org.springframework.mock.jndi.SimpleNamingContextBuilder bind
INFO: Static JNDI binding: [java:comp/env/logFileSize] = [1048576]
Feb 24, 2021 9:27:37 AM org.springframework.mock.jndi.SimpleNamingContextBuilder bind
INFO: Static JNDI binding: [java:comp/env/resourceDiskRootFolder] = [target/test/resources/]
Feb 24, 2021 9:27:37 AM org.springframework.mock.jndi.SimpleNamingContextBuilder bind
INFO: Static JNDI binding: [java:comp/env/protectedResourceRootURL] = [/Entando/protected/]
Feb 24, 2021 9:27:37 AM org.springframework.mock.jndi.SimpleNamingContextBuilder bind
INFO: Static JNDI binding: [java:comp/env/resourceRootURL] = [/Entando/resources/]
Feb 24, 2021 9:27:37 AM org.springframework.mock.jndi.SimpleNamingContextBuilder bind
INFO: Static JNDI binding: [java:comp/env/configVersion] = [test]
Feb 24, 2021 9:27:37 AM org.springframework.mock.jndi.SimpleNamingContextBuilder bind
INFO: Static JNDI binding: [java:comp/env/jdbc.servDb.beanName] = [servDataSource]
Feb 24, 2021 9:27:37 AM org.springframework.mock.jndi.SimpleNamingContextBuilder bind
INFO: Static JNDI binding: [java:comp/env/jdbc.portDb.url] = [jdbc:derby:/workspace/source/target/test/db/entando-plugin-jpseotestPort;create=****]
Feb 24, 2021 9:27:37 AM org.springframework.mock.jndi.SimpleNamingContextBuilder bind
INFO: Static JNDI binding: [java:comp/env/jdbc.servDb.driverClassName] = [org.apache.derby.jdbc.EmbeddedDriver]
Feb 24, 2021 9:27:37 AM org.springframework.mock.jndi.SimpleNamingContextBuilder bind
INFO: Static JNDI binding: [java:comp/env/protectedResourceDiskRootFolder] = [target/test/protected/]
Feb 24, 2021 9:27:37 AM org.springframework.mock.jndi.SimpleNamingContextBuilder bind
INFO: Static JNDI binding: [java:comp/env/jdbc.portDb.beanName] = [portDataSource]
Feb 24, 2021 9:27:37 AM org.springframework.mock.jndi.SimpleNamingContextBuilder bind
INFO: Static JNDI binding: [java:comp/env/jdbc.servDb.password] = [agile]
Feb 24, 2021 9:27:37 AM org.springframework.mock.jndi.SimpleNamingContextBuilder bind
INFO: Static JNDI binding: [java:comp/env/jdbc.portDb.driverClassName] = [org.apache.derby.jdbc.EmbeddedDriver]
Feb 24, 2021 9:27:37 AM org.springframework.mock.jndi.SimpleNamingContextBuilder bind
INFO: Static JNDI binding: [java:comp/env/jdbc.portDb.username] = [agile]
Feb 24, 2021 9:27:37 AM org.springframework.mock.jndi.SimpleNamingContextBuilder bind
INFO: Static JNDI binding: [java:comp/env/jdbc.servDb.username] = [agile]
Feb 24, 2021 9:27:37 AM org.springframework.mock.jndi.SimpleNamingContextBuilder bind
INFO: Static JNDI binding: [java:comp/env/logName] = [/workspace/source/target/test/entando-plugin-jpseo]
Feb 24, 2021 9:27:37 AM org.springframework.mock.jndi.SimpleNamingContextBuilder bind
INFO: Static JNDI binding: [java:comp/env/logFileRotatePattern] = [/workspace/source/target/test/entando-plugin-jpseo_logs/entando-plugin-jpseo-%i.log.gz]
Feb 24, 2021 9:27:37 AM org.springframework.mock.jndi.SimpleNamingContextBuilder bind
INFO: Static JNDI binding: [java:comp/env/jdbc/servDataSource] = [org.apache.commons.dbcp2.BasicDataSource@32023e96]
Feb 24, 2021 9:27:37 AM org.springframework.mock.jndi.SimpleNamingContextBuilder bind
INFO: Static JNDI binding: [java:comp/env/jdbc/portDataSource] = [org.apache.commons.dbcp2.BasicDataSource@30af6dc7]
Feb 24, 2021 9:27:37 AM org.springframework.mock.web.MockServletContext log
INFO: Initializing Spring **** WebApplicationContext
Feb 24, 2021 9:27:37 AM org.springframework.web.context.ContextLoader initWebApplicationContext
INFO: Root WebApplicationContext: initialization started
Feb 24, 2021 9:27:40 AM org.entando.entando.ent.util.EntLogging$EntLogger info
INFO: + [ Component: Core ] :: DATA
|   
Feb 24, 2021 9:27:40 AM org.entando.entando.ent.util.EntLogging$EntLogger info
INFO: + [ Component: jacms ] :: DATA
|   
Feb 24, 2021 9:27:40 AM org.entando.entando.ent.util.EntLogging$EntLogger info
INFO: + [ Component: entando-*****-console ] :: DATA
|   
Feb 24, 2021 9:27:40 AM org.entando.entando.ent.util.EntLogging$EntLogger info
INFO: + [ Component: entando-portal-ui ] :: DATA
|   
Feb 24, 2021 9:27:40 AM org.entando.entando.ent.util.EntLogging$EntLogger info
INFO: + [ Component: jpseo ] :: DATA
|   
Feb 24, 2021 9:27:40 AM org.entando.entando.ent.util.EntLogging$EntLogger info
INFO: + [ Component: Core ] :: DATA
|   
Feb 24, 2021 9:27:40 AM org.entando.entando.ent.util.EntLogging$EntLogger info
INFO: + [ Component: jacms ] :: DATA
|   
Feb 24, 2021 9:27:40 AM org.entando.entando.ent.util.EntLogging$EntLogger info
INFO: + [ Component: entando-*****-console ] :: DATA
|   
Feb 24, 2021 9:27:40 AM org.entando.entando.ent.util.EntLogging$EntLogger info
INFO: + [ Component: entando-portal-ui ] :: DATA
|   
Feb 24, 2021 9:27:40 AM org.entando.entando.ent.util.EntLogging$EntLogger info
INFO: + [ Component: jpseo ] :: DATA
|   
Feb 24, 2021 9:27:48 AM org.springframework.scheduling.concurrent.E**cutorConfigurationSupport initialize
INFO: Initializing E**cutorService 'entandoScheduler'
Feb 24, 2021 9:27:49 AM org.springframework.security.web.DefaultSecurityFilterChain <init>
INFO: Creating filter chain: OrRequestMatcher [requestMatchers=[Ant [pattern='/oauth/token'], Ant [pattern='/oauth/token_key'], Ant [pattern='/oauth/check_token']]], [org.springframework.security.web.context.request.async.WebAsyncManagerIntegrationFilter@212d47eb, org.springframework.security.web.context.SecurityContextPersistenceFilter@3334d38f, org.springframework.security.web.header.HeaderWriterFilter@18c91fac, org.springframework.security.web.authentication.logout.LogoutFilter@6a5a8984, org.springframework.web.filter.CorsFilter@3cc89d13, org.springframework.security.web.authentication.www.BasicAuthenticationFilter@328456cd, org.springframework.security.web.savedrequest.RequestCacheAwareFilter@233c19e2, org.springframework.security.web.servletapi.SecurityContextHolderAwareRequestFilter@518125a8, org.springframework.security.web.authentication.AnonymousAuthenticationFilter@45051554, org.springframework.security.web.session.SessionManagementFilter@4e4a0c5, org.springframework.security.web.access.ExceptionTranslationFilter@4f3a9e24, org.springframework.security.web.access.intercept.FilterSecurityInterceptor@11c46f6a]
Feb 24, 2021 9:27:49 AM org.springframework.security.web.DefaultSecurityFilterChain <init>
INFO: Creating filter chain: any request, [org.springframework.security.web.context.request.async.WebAsyncManagerIntegrationFilter@4b9cca67, org.springframework.security.web.context.SecurityContextPersistenceFilter@545bc6d, org.springframework.security.web.header.HeaderWriterFilter@63b71f06, org.springframework.web.filter.CorsFilter@3cc89d13, org.springframework.security.web.authentication.logout.LogoutFilter@2e4c458c, org.springframework.security.web.savedrequest.RequestCacheAwareFilter@7e98e301, org.springframework.security.web.servletapi.SecurityContextHolderAwareRequestFilter@59542edf, org.springframework.security.web.session.SessionManagementFilter@2577c3c9, org.springframework.security.web.access.ExceptionTranslationFilter@48c1ac8a]
Feb 24, 2021 9:27:50 AM org.springframework.web.context.ContextLoader initWebApplicationContext
INFO: Root WebApplicationContext initialized in 12397 ms
Feb 24, 2021 9:27:50 AM org.springframework.scheduling.concurrent.E**cutorConfigurationSupport shutdown
INFO: Shutting down E**cutorService 'entandoScheduler'
Feb 24, 2021 9:27:52 AM org.entando.entando.ent.util.EntLogging$EntLogger info
INFO: + [ Component: Core ] :: DATA
|   
Feb 24, 2021 9:27:52 AM org.entando.entando.ent.util.EntLogging$EntLogger info
INFO: + [ Component: jacms ] :: DATA
|   
Feb 24, 2021 9:27:52 AM org.entando.entando.ent.util.EntLogging$EntLogger info
INFO: + [ Component: entando-*****-console ] :: DATA
|   
Feb 24, 2021 9:27:52 AM org.entando.entando.ent.util.EntLogging$EntLogger info
INFO: + [ Component: entando-portal-ui ] :: DATA
|   
Feb 24, 2021 9:27:52 AM org.entando.entando.ent.util.EntLogging$EntLogger info
INFO: + [ Component: jpseo ] :: DATA
|   
Feb 24, 2021 9:27:52 AM org.entando.entando.ent.util.EntLogging$EntLogger info
INFO: + [ Component: Core ] :: DATA
|   
Feb 24, 2021 9:27:52 AM org.entando.entando.ent.util.EntLogging$EntLogger info
INFO: + [ Component: jacms ] :: DATA
|   
Feb 24, 2021 9:27:52 AM org.entando.entando.ent.util.EntLogging$EntLogger info
INFO: + [ Component: entando-*****-console ] :: DATA
|   
Feb 24, 2021 9:27:52 AM org.entando.entando.ent.util.EntLogging$EntLogger info
INFO: + [ Component: entando-portal-ui ] :: DATA
|   
Feb 24, 2021 9:27:52 AM org.entando.entando.ent.util.EntLogging$EntLogger info
INFO: + [ Component: jpseo ] :: DATA
|   
Feb 24, 2021 9:28:00 AM org.springframework.scheduling.concurrent.E**cutorConfigurationSupport initialize
INFO: Initializing E**cutorService 'entandoScheduler'
Feb 24, 2021 9:28:02 AM org.springframework.security.web.DefaultSecurityFilterChain <init>
INFO: Creating filter chain: OrRequestMatcher [requestMatchers=[Ant [pattern='/oauth/token'], Ant [pattern='/oauth/token_key'], Ant [pattern='/oauth/check_token']]], [org.springframework.security.web.context.request.async.WebAsyncManagerIntegrationFilter@52036ead, org.springframework.security.web.context.SecurityContextPersistenceFilter@50aeba14, org.springframework.security.web.header.HeaderWriterFilter@5fd9b90a, org.springframework.security.web.authentication.logout.LogoutFilter@52c8f7e7, org.springframework.web.filter.CorsFilter@3a603c77, org.springframework.security.web.authentication.www.BasicAuthenticationFilter@6a4fd615, org.springframework.security.web.savedrequest.RequestCacheAwareFilter@3258c799, org.springframework.security.web.servletapi.SecurityContextHolderAwareRequestFilter@313fc538, org.springframework.security.web.authentication.AnonymousAuthenticationFilter@7cff1d32, org.springframework.security.web.session.SessionManagementFilter@3a7f0a97, org.springframework.security.web.access.ExceptionTranslationFilter@63fcc4ce, org.springframework.security.web.access.intercept.FilterSecurityInterceptor@3a588833]
Feb 24, 2021 9:28:02 AM org.springframework.security.web.DefaultSecurityFilterChain <init>
INFO: Creating filter chain: any request, [org.springframework.security.web.context.request.async.WebAsyncManagerIntegrationFilter@7bf6bdc1, org.springframework.security.web.context.SecurityContextPersistenceFilter@6de048d1, org.springframework.security.web.header.HeaderWriterFilter@77e9d12, org.springframework.web.filter.CorsFilter@3a603c77, org.springframework.security.web.authentication.logout.LogoutFilter@49f683c, org.springframework.security.web.savedrequest.RequestCacheAwareFilter@195c266e, org.springframework.security.web.servletapi.SecurityContextHolderAwareRequestFilter@200ae4a0, org.springframework.security.web.session.SessionManagementFilter@7fc2b09, org.springframework.security.web.access.ExceptionTranslationFilter@6a7733fa]
Feb 24, 2021 9:28:02 AM org.springframework.scheduling.concurrent.E**cutorConfigurationSupport shutdown
INFO: Shutting down E**cutorService 'entandoScheduler'
[INFO] Tests run: 1, Failures: 0, Errors: 0, Skipped: 0, Time elapsed: 24.998 s - in org.entando.entando.plugins.jpseo.aps.******.services.page.SeoPageServiceTest
[INFO] Running org.entando.entando.plugins.jpseo.web.page.SeoPageControllerTest
[INFO ] 2021-02-24 09:28:03.307 [main] Version - HV000001: Hibernate Validator 6.0.17.Final
Feb 24, 2021 9:28:03 AM org.springframework.mock.web.MockServletContext log
INFO: Initializing Spring TestDispatcherServlet ''
Feb 24, 2021 9:28:03 AM org.springframework.web.servlet.FrameworkServlet initServletBean
INFO: Initializing Servlet ''
Feb 24, 2021 9:28:03 AM org.springframework.web.servlet.FrameworkServlet initServletBean
INFO: Completed initialization in 1 ms
Feb 24, 2021 9:28:04 AM org.springframework.mock.web.MockServletContext log
INFO: Initializing Spring TestDispatcherServlet ''
Feb 24, 2021 9:28:04 AM org.springframework.web.servlet.FrameworkServlet initServletBean
INFO: Initializing Servlet ''
Feb 24, 2021 9:28:04 AM org.springframework.web.servlet.FrameworkServlet initServletBean
INFO: Completed initialization in 0 ms
[INFO] Tests run: 2, Failures: 0, Errors: 0, Skipped: 0, Time elapsed: 1.555 s - in org.entando.entando.plugins.jpseo.web.page.SeoPageControllerTest
[INFO] Running org.entando.entando.plugins.jpseo.web.page.SeoPageControllerIntegrationTest
Feb 24, 2021 9:28:04 AM org.springframework.test.context.support.AbstractTestContextBootstrapper getDefaultTestE**cutionListenerClassNames
INFO: Loaded default TestE**cutionListener class names from location [META-INF/spring.factories]: [org.springframework.test.context.web.ServletTestE**cutionListener, org.springframework.test.context.support.DirtiesContextBeforeModesTestE**cutionListener, org.springframework.test.context.support.DependencyInjectionTestE**cutionListener, org.springframework.test.context.support.DirtiesContextTestE**cutionListener, org.springframework.test.context.transaction.TransactionalTestE**cutionListener, org.springframework.test.context.jdbc.SqlScriptsTestE**cutionListener]
Feb 24, 2021 9:28:04 AM org.springframework.test.context.support.AbstractTestContextBootstrapper getTestE**cutionListeners
INFO: Using TestE**cutionListeners: [org.springframework.test.context.web.ServletTestE**cutionListener@a97007b, org.springframework.test.context.support.DirtiesContextBeforeModesTestE**cutionListener@7b79a0d4, org.springframework.test.context.support.DependencyInjectionTestE**cutionListener@7df9e886, org.springframework.test.context.support.DirtiesContextTestE**cutionListener@172a6d82, org.springframework.test.context.transaction.TransactionalTestE**cutionListener@258c23c4, org.springframework.test.context.jdbc.SqlScriptsTestE**cutionListener@134558a1]
Feb 24, 2021 9:28:04 AM org.springframework.mock.jndi.SimpleNamingContextBuilder bind
INFO: Static JNDI binding: [java:comp/env/logName] = [/workspace/source/target/test/entando-plugin-jpseo]
Feb 24, 2021 9:28:04 AM org.springframework.mock.jndi.SimpleNamingContextBuilder bind
INFO: Static JNDI binding: [java:comp/env/logFileRotatePattern] = [/workspace/source/target/test/entando-plugin-jpseo_logs/entando-plugin-jpseo-%i.log.gz]
Feb 24, 2021 9:28:04 AM org.springframework.mock.jndi.SimpleNamingContextBuilder bind
INFO: Static JNDI binding: [java:comp/env/logLevel] = [ERROR]
Feb 24, 2021 9:28:04 AM org.springframework.mock.jndi.SimpleNamingContextBuilder bind
INFO: Static JNDI binding: [java:comp/env/logFileSize] = [1048576]
Feb 24, 2021 9:28:04 AM org.springframework.mock.jndi.SimpleNamingContextBuilder bind
INFO: Static JNDI binding: [java:comp/env/logFilesCount] = [10]
Feb 24, 2021 9:28:04 AM org.springframework.mock.jndi.SimpleNamingContextBuilder bind
INFO: Static JNDI binding: [java:comp/env/configVersion] = [test]
Feb 24, 2021 9:28:04 AM org.springframework.mock.jndi.SimpleNamingContextBuilder bind
INFO: Static JNDI binding: [java:comp/env/applicationBaseURL] = [/Entando/]
Feb 24, 2021 9:28:04 AM org.springframework.mock.jndi.SimpleNamingContextBuilder bind
INFO: Static JNDI binding: [java:comp/env/resourceRootURL] = [/Entando/resources/]
Feb 24, 2021 9:28:04 AM org.springframework.mock.jndi.SimpleNamingContextBuilder bind
INFO: Static JNDI binding: [java:comp/env/protectedResourceRootURL] = [/Entando/protected/]
Feb 24, 2021 9:28:04 AM org.springframework.mock.jndi.SimpleNamingContextBuilder bind
INFO: Static JNDI binding: [java:comp/env/resourceDiskRootFolder] = [target/test/resources/]
Feb 24, 2021 9:28:04 AM org.springframework.mock.jndi.SimpleNamingContextBuilder bind
INFO: Static JNDI binding: [java:comp/env/protectedResourceDiskRootFolder] = [target/test/protected/]
Feb 24, 2021 9:28:04 AM org.springframework.mock.jndi.SimpleNamingContextBuilder bind
INFO: Static JNDI binding: [java:comp/env/indexDiskRootFolder] = [target/test/indexdir]
Feb 24, 2021 9:28:04 AM org.springframework.mock.jndi.SimpleNamingContextBuilder bind
INFO: Static JNDI binding: [java:comp/env/portDataSourceClassName] = [org.apache.derby.jdbc.EmbeddedDriver]
Feb 24, 2021 9:28:04 AM org.springframework.mock.jndi.SimpleNamingContextBuilder bind
INFO: Static JNDI binding: [java:comp/env/servDataSourceClassName] = [org.apache.derby.jdbc.EmbeddedDriver]
Feb 24, 2021 9:28:04 AM org.springframework.mock.jndi.SimpleNamingContextBuilder bind
INFO: Static JNDI binding: [java:comp/env/portDataSourceClassName] = [org.apache.derby.jdbc.EmbeddedDriver]
Feb 24, 2021 9:28:04 AM org.springframework.mock.jndi.SimpleNamingContextBuilder bind
INFO: Static JNDI binding: [java:comp/env/logActiveFileOutput] = [false]
Feb 24, 2021 9:28:04 AM org.springframework.mock.jndi.SimpleNamingContextBuilder bind
INFO: Static JNDI binding: [java:comp/env/jdbc.servDb.url] = [jdbc:derby:/workspace/source/target/test/db/entando-plugin-jpseotestServ;create=****]
Feb 24, 2021 9:28:04 AM org.springframework.mock.jndi.SimpleNamingContextBuilder bind
INFO: Static JNDI binding: [java:comp/env/servDataSourceClassName] = [org.apache.derby.jdbc.EmbeddedDriver]
Feb 24, 2021 9:28:04 AM org.springframework.mock.jndi.SimpleNamingContextBuilder bind
INFO: Static JNDI binding: [java:comp/env/logFilesCount] = [10]
Feb 24, 2021 9:28:04 AM org.springframework.mock.jndi.SimpleNamingContextBuilder bind
INFO: Static JNDI binding: [java:comp/env/applicationBaseURL] = [/Entando/]
Feb 24, 2021 9:28:04 AM org.springframework.mock.jndi.SimpleNamingContextBuilder bind
INFO: Static JNDI binding: [java:comp/env/jdbc.portDb.password] = [agile]
Feb 24, 2021 9:28:04 AM org.springframework.mock.jndi.SimpleNamingContextBuilder bind
INFO: Static JNDI binding: [java:comp/env/logLevel] = [ERROR]
Feb 24, 2021 9:28:04 AM org.springframework.mock.jndi.SimpleNamingContextBuilder bind
INFO: Static JNDI binding: [java:comp/env/indexDiskRootFolder] = [target/test/indexdir]
Feb 24, 2021 9:28:04 AM org.springframework.mock.jndi.SimpleNamingContextBuilder bind
INFO: Static JNDI binding: [java:comp/env/logFileSize] = [1048576]
Feb 24, 2021 9:28:04 AM org.springframework.mock.jndi.SimpleNamingContextBuilder bind
INFO: Static JNDI binding: [java:comp/env/resourceDiskRootFolder] = [target/test/resources/]
Feb 24, 2021 9:28:04 AM org.springframework.mock.jndi.SimpleNamingContextBuilder bind
INFO: Static JNDI binding: [java:comp/env/protectedResourceRootURL] = [/Entando/protected/]
Feb 24, 2021 9:28:04 AM org.springframework.mock.jndi.SimpleNamingContextBuilder bind
INFO: Static JNDI binding: [java:comp/env/resourceRootURL] = [/Entando/resources/]
Feb 24, 2021 9:28:04 AM org.springframework.mock.jndi.SimpleNamingContextBuilder bind
INFO: Static JNDI binding: [java:comp/env/configVersion] = [test]
Feb 24, 2021 9:28:04 AM org.springframework.mock.jndi.SimpleNamingContextBuilder bind
INFO: Static JNDI binding: [java:comp/env/jdbc.servDb.beanName] = [servDataSource]
Feb 24, 2021 9:28:04 AM org.springframework.mock.jndi.SimpleNamingContextBuilder bind
INFO: Static JNDI binding: [java:comp/env/jdbc.portDb.url] = [jdbc:derby:/workspace/source/target/test/db/entando-plugin-jpseotestPort;create=****]
Feb 24, 2021 9:28:04 AM org.springframework.mock.jndi.SimpleNamingContextBuilder bind
INFO: Static JNDI binding: [java:comp/env/jdbc.servDb.driverClassName] = [org.apache.derby.jdbc.EmbeddedDriver]
Feb 24, 2021 9:28:04 AM org.springframework.mock.jndi.SimpleNamingContextBuilder bind
INFO: Static JNDI binding: [java:comp/env/protectedResourceDiskRootFolder] = [target/test/protected/]
Feb 24, 2021 9:28:04 AM org.springframework.mock.jndi.SimpleNamingContextBuilder bind
INFO: Static JNDI binding: [java:comp/env/jdbc.portDb.beanName] = [portDataSource]
Feb 24, 2021 9:28:04 AM org.springframework.mock.jndi.SimpleNamingContextBuilder bind
INFO: Static JNDI binding: [java:comp/env/jdbc.servDb.password] = [agile]
Feb 24, 2021 9:28:04 AM org.springframework.mock.jndi.SimpleNamingContextBuilder bind
INFO: Static JNDI binding: [java:comp/env/jdbc.portDb.driverClassName] = [org.apache.derby.jdbc.EmbeddedDriver]
Feb 24, 2021 9:28:04 AM org.springframework.mock.jndi.SimpleNamingContextBuilder bind
INFO: Static JNDI binding: [java:comp/env/jdbc.portDb.username] = [agile]
Feb 24, 2021 9:28:04 AM org.springframework.mock.jndi.SimpleNamingContextBuilder bind
INFO: Static JNDI binding: [java:comp/env/jdbc.servDb.username] = [agile]
Feb 24, 2021 9:28:04 AM org.springframework.mock.jndi.SimpleNamingContextBuilder bind
INFO: Static JNDI binding: [java:comp/env/logName] = [/workspace/source/target/test/entando-plugin-jpseo]
Feb 24, 2021 9:28:04 AM org.springframework.mock.jndi.SimpleNamingContextBuilder bind
INFO: Static JNDI binding: [java:comp/env/logFileRotatePattern] = [/workspace/source/target/test/entando-plugin-jpseo_logs/entando-plugin-jpseo-%i.log.gz]
Feb 24, 2021 9:28:04 AM org.springframework.mock.jndi.SimpleNamingContextBuilder bind
INFO: Static JNDI binding: [java:comp/env/jdbc/servDataSource] = [org.apache.commons.dbcp2.BasicDataSource@50fe693c]
Feb 24, 2021 9:28:04 AM org.springframework.mock.jndi.SimpleNamingContextBuilder bind
INFO: Static JNDI binding: [java:comp/env/jdbc/portDataSource] = [org.apache.commons.dbcp2.BasicDataSource@4934db97]
Feb 24, 2021 9:28:04 AM org.springframework.mock.jndi.SimpleNamingContextBuilder activate
INFO: Activating simple JNDI environment
Feb 24, 2021 9:28:07 AM org.entando.entando.ent.util.EntLogging$EntLogger info
INFO: + [ Component: Core ] :: DATA
|   
Feb 24, 2021 9:28:07 AM org.entando.entando.ent.util.EntLogging$EntLogger info
INFO: + [ Component: jacms ] :: DATA
|   
Feb 24, 2021 9:28:07 AM org.entando.entando.ent.util.EntLogging$EntLogger info
INFO: + [ Component: entando-*****-console ] :: DATA
|   
Feb 24, 2021 9:28:07 AM org.entando.entando.ent.util.EntLogging$EntLogger info
INFO: + [ Component: entando-portal-ui ] :: DATA
|   
Feb 24, 2021 9:28:07 AM org.entando.entando.ent.util.EntLogging$EntLogger info
INFO: + [ Component: jpseo ] :: DATA
|   
Feb 24, 2021 9:28:07 AM org.entando.entando.ent.util.EntLogging$EntLogger info
INFO: + [ Component: Core ] :: DATA
|   
Feb 24, 2021 9:28:07 AM org.entando.entando.ent.util.EntLogging$EntLogger info
INFO: + [ Component: jacms ] :: DATA
|   
Feb 24, 2021 9:28:07 AM org.entando.entando.ent.util.EntLogging$EntLogger info
INFO: + [ Component: entando-*****-console ] :: DATA
|   
Feb 24, 2021 9:28:07 AM org.entando.entando.ent.util.EntLogging$EntLogger info
INFO: + [ Component: entando-portal-ui ] :: DATA
|   
Feb 24, 2021 9:28:07 AM org.entando.entando.ent.util.EntLogging$EntLogger info
INFO: + [ Component: jpseo ] :: DATA
|   
Feb 24, 2021 9:28:16 AM org.springframework.scheduling.concurrent.E**cutorConfigurationSupport initialize
INFO: Initializing E**cutorService 'entandoScheduler'
Feb 24, 2021 9:28:19 AM org.springframework.security.web.DefaultSecurityFilterChain <init>
INFO: Creating filter chain: OrRequestMatcher [requestMatchers=[Ant [pattern='/oauth/token'], Ant [pattern='/oauth/token_key'], Ant [pattern='/oauth/check_token']]], [org.springframework.security.web.context.request.async.WebAsyncManagerIntegrationFilter@7d33f55a, org.springframework.security.web.context.SecurityContextPersistenceFilter@60de8ee6, org.springframework.security.web.header.HeaderWriterFilter@65f70b33, org.springframework.security.web.authentication.logout.LogoutFilter@3a527c4, org.springframework.web.filter.CorsFilter@a299e87, org.springframework.security.web.authentication.www.BasicAuthenticationFilter@21780a06, org.springframework.security.web.savedrequest.RequestCacheAwareFilter@5ea3dfaf, org.springframework.security.web.servletapi.SecurityContextHolderAwareRequestFilter@3f06d297, org.springframework.security.web.authentication.AnonymousAuthenticationFilter@78d7937b, org.springframework.security.web.session.SessionManagementFilter@53737ae6, org.springframework.security.web.access.ExceptionTranslationFilter@55cb983a, org.springframework.security.web.access.intercept.FilterSecurityInterceptor@5696459d]
Feb 24, 2021 9:28:20 AM org.springframework.security.web.DefaultSecurityFilterChain <init>
INFO: Creating filter chain: any request, [org.springframework.security.web.context.request.async.WebAsyncManagerIntegrationFilter@78b5fd83, org.springframework.security.web.context.SecurityContextPersistenceFilter@4c655cfc, org.springframework.security.web.header.HeaderWriterFilter@55603d26, org.springframework.web.filter.CorsFilter@a299e87, org.springframework.security.web.authentication.logout.LogoutFilter@7d9a39b, org.springframework.security.web.savedrequest.RequestCacheAwareFilter@5716a3f1, org.springframework.security.web.servletapi.SecurityContextHolderAwareRequestFilter@441c5c0d, org.springframework.security.web.session.SessionManagementFilter@7d6c19ae, org.springframework.security.web.access.ExceptionTranslationFilter@41611ac9]
Feb 24, 2021 9:28:20 AM org.springframework.mock.web.MockServletContext log
INFO: Initializing Spring TestDispatcherServlet ''
Feb 24, 2021 9:28:20 AM org.springframework.web.servlet.FrameworkServlet initServletBean
INFO: Initializing Servlet ''
Feb 24, 2021 9:28:20 AM org.springframework.web.servlet.FrameworkServlet initServletBean
INFO: Completed initialization in 88 ms
Feb 24, 2021 9:28:20 AM org.entando.entando.ent.util.EntLogging$EntLogger error
SEVERE: Invalid friendly Code test_page_2_it
Feb 24, 2021 9:28:20 AM org.springframework.mock.web.MockServletContext log
INFO: Initializing Spring TestDispatcherServlet ''
Feb 24, 2021 9:28:20 AM org.springframework.web.servlet.FrameworkServlet initServletBean
INFO: Initializing Servlet ''
Feb 24, 2021 9:28:20 AM org.springframework.web.servlet.FrameworkServlet initServletBean
INFO: Completed initialization in 3 ms
Feb 24, 2021 9:28:21 AM org.springframework.mock.web.MockServletContext log
INFO: Initializing Spring TestDispatcherServlet ''
Feb 24, 2021 9:28:21 AM org.springframework.web.servlet.FrameworkServlet initServletBean
INFO: Initializing Servlet ''
Feb 24, 2021 9:28:21 AM org.springframework.web.servlet.FrameworkServlet initServletBean
INFO: Completed initialization in 4 ms
Feb 24, 2021 9:28:21 AM org.springframework.mock.web.MockServletContext log
INFO: Initializing Spring TestDispatcherServlet ''
Feb 24, 2021 9:28:21 AM org.springframework.web.servlet.FrameworkServlet initServletBean
INFO: Initializing Servlet ''
Feb 24, 2021 9:28:21 AM org.springframework.web.servlet.FrameworkServlet initServletBean
INFO: Completed initialization in 3 ms
Feb 24, 2021 9:28:21 AM org.springframework.mock.web.MockServletContext log
INFO: Initializing Spring TestDispatcherServlet ''
Feb 24, 2021 9:28:21 AM org.springframework.web.servlet.FrameworkServlet initServletBean
INFO: Initializing Servlet ''
Feb 24, 2021 9:28:21 AM org.springframework.web.servlet.FrameworkServlet initServletBean
INFO: Completed initialization in 3 ms
Feb 24, 2021 9:28:21 AM org.springframework.mock.web.MockServletContext log
INFO: Initializing Spring TestDispatcherServlet ''
Feb 24, 2021 9:28:21 AM org.springframework.web.servlet.FrameworkServlet initServletBean
INFO: Initializing Servlet ''
Feb 24, 2021 9:28:21 AM org.springframework.web.servlet.FrameworkServlet initServletBean
INFO: Completed initialization in 3 ms
Feb 24, 2021 9:28:23 AM org.entando.entando.ent.util.EntLogging$EntLogger error
SEVERE: Invalid friendly Code test_page_2_fc_it
Feb 24, 2021 9:28:24 AM org.entando.entando.ent.util.EntLogging$EntLogger error
SEVERE: Invalid friendly Code test_page_2_fc_en
Feb 24, 2021 9:28:24 AM org.springframework.mock.web.MockServletContext log
INFO: Initializing Spring TestDispatcherServlet ''
Feb 24, 2021 9:28:24 AM org.springframework.web.servlet.FrameworkServlet initServletBean
INFO: Initializing Servlet ''
Feb 24, 2021 9:28:24 AM org.springframework.web.servlet.FrameworkServlet initServletBean
INFO: Completed initialization in 6 ms
Feb 24, 2021 9:28:24 AM org.springframework.mock.web.MockServletContext log
INFO: Initializing Spring TestDispatcherServlet ''
Feb 24, 2021 9:28:24 AM org.springframework.web.servlet.FrameworkServlet initServletBean
INFO: Initializing Servlet ''
Feb 24, 2021 9:28:24 AM org.springframework.web.servlet.FrameworkServlet initServletBean
INFO: Completed initialization in 3 ms
[INFO] Tests run: 8, Failures: 0, Errors: 0, Skipped: 0, Time elapsed: 20.292 s - in org.entando.entando.plugins.jpseo.web.page.SeoPageControllerIntegrationTest
[INFO] 
[INFO] Results:
[INFO] 
[INFO] Tests run: 42, Failures: 0, Errors: 0, Skipped: 0
[INFO] 
[INFO] 
[INFO] --- maven-war-plugin:2.1.1:war (default-war) @ entando-plugin-jpseo ---
[INFO] Packaging webapp
[INFO] Assembling webapp [entando-plugin-jpseo] in [/workspace/source/target/entando-plugin-jpseo-6.3.8]
[INFO] Processing war project
[INFO] Copying webapp resources [/workspace/source/src/main/webapp]
[INFO] Building jar: /workspace/source/target/entando-plugin-jpseo-6.3.8/WEB-INF/lib/entando-plugin-jpseo-6.3.8.jar
[INFO] Webapp assembled in [757 msecs]
[INFO] Building war: /workspace/source/target/entando-plugin-jpseo-6.3.8.war
[INFO] 
[INFO] --- maven-assembly-plugin:2.2.1:single (package-classes) @ entando-plugin-jpseo ---
[INFO] Reading assembly descriptor: /workspace/source/src/main/assembly/classes.xml
[INFO] Building jar: /workspace/source/target/entando-plugin-jpseo-6.3.8-classes.jar
[INFO] 
[INFO] --- maven-jar-plugin:3.2.0:test-jar (build-test-jar) @ entando-plugin-jpseo ---
[INFO] Building jar: /workspace/source/target/entando-plugin-jpseo-6.3.8-tests.jar
[INFO] 
[INFO] --- maven-source-plugin:3.2.1:jar-no-fork (attach-sources) @ entando-plugin-jpseo ---
[INFO] Building jar: /workspace/source/target/entando-plugin-jpseo-6.3.8-sources.jar
[INFO] 
[INFO] >>> maven-source-plugin:3.2.1:test-jar (attach-sources) > generate-sources @ entando-plugin-jpseo >>>
[INFO] 
[INFO] --- maven-checkstyle-plugin:3.1.1:check (validate) @ entando-plugin-jpseo ---
[INFO] 
[INFO] --- maven-checkstyle-plugin:3.1.1:checkstyle (validate) @ entando-plugin-jpseo ---
[INFO] 
[INFO] --- jacoco-maven-plugin:0.8.5:prepare-agent (prepare-agent) @ entando-plugin-jpseo ---
[INFO] argLine set to -javaagent:/home/jenkins/.mvnrepository/org/jacoco/org.jacoco.agent/0.8.5/org.jacoco.agent-0.8.5-runtime.jar=destfile=/workspace/source/target/jacoco.e**c
[INFO] 
[INFO] <<< maven-source-plugin:3.2.1:test-jar (attach-sources) < generate-sources @ entando-plugin-jpseo <<<
[INFO] 
[INFO] 
[INFO] --- maven-source-plugin:3.2.1:test-jar (attach-sources) @ entando-plugin-jpseo ---
[INFO] Building jar: /workspace/source/target/entando-plugin-jpseo-6.3.8-test-sources.jar
[INFO] 
[INFO] --- maven-javadoc-plugin:3.2.0:jar (attach-javadocs) @ entando-plugin-jpseo ---
[WARNING] '/workspace/source/target/entando-plugin-jpseo-6.3.8.war' not allowed on the path, only outputDirectories and jars are accepted
[INFO] No previous run data found, generating javadoc.
[INFO] 
Loading source files for package org.entando.entando.plugins.jpseo.aps*****.content.helper...
Loading source files for package org.entando.entando.plugins.jpseo.aps*****.portal...
Loading source files for package org.entando.entando.plugins.jpseo.aps.tags...
Loading source files for package org.entando.entando.plugins.jpseo.aps.******.init.portdb...
Loading source files for package org.entando.entando.plugins.jpseo.aps.******.sitemap...
Loading source files for package org.entando.entando.plugins.jpseo.aps.******...
Loading source files for package org.entando.entando.plugins.jpseo.aps.******.services.controller.control...
Loading source files for package org.entando.entando.plugins.jpseo.aps.******.services.content.widget...
Loading source files for package org.entando.entando.plugins.jpseo.aps.******.services.metatag...
Loading source files for package org.entando.entando.plugins.jpseo.aps.******.services.mapping.cache...
Loading source files for package org.entando.entando.plugins.jpseo.aps.******.services.mapping...
Loading source files for package org.entando.entando.plugins.jpseo.aps.******.services.mapping.event...
Loading source files for package org.entando.entando.plugins.jpseo.aps.******.services.linkresolver...
Loading source files for package org.entando.entando.plugins.jpseo.aps.******.services.page...
Loading source files for package org.entando.entando.plugins.jpseo.aps.******.services.url...
Loading source files for package org.entando.entando.plugins.jpseo.aps.util...
Loading source files for package org.entando.entando.plugins.jpseo.web.page.model...
Loading source files for package org.entando.entando.plugins.jpseo.web.page...
Loading source files for package org.entando.entando.plugins.jpseo.web.page.validator...
Constructing Javadoc information...
Standard Doclet version 11.0.6
Building tree for all the packages and classes...
Generating /workspace/source/target/apidocs/org/entando/entando/plugins/jpseo/aps/******/JpseoSystemConstants.html...
Generating /workspace/source/target/apidocs/org/entando/entando/plugins/jpseo/aps/******/init/portdb/FriendlyCode.html...
Generating /workspace/source/target/apidocs/org/entando/entando/plugins/jpseo/aps/******/services/content/widget/ContentViewerHelper.html...
Generating /workspace/source/target/apidocs/org/entando/entando/plugins/jpseo/aps/******/services/controller/control/RequestValidator.html...
Generating /workspace/source/target/apidocs/org/entando/entando/plugins/jpseo/aps/******/services/linkresolver/LinkResolverManager.html...
Generating /workspace/source/target/apidocs/org/entando/entando/plugins/jpseo/aps/******/services/mapping/ContentFriendlyCode.html...
Generating /workspace/source/target/apidocs/org/entando/entando/plugins/jpseo/aps/******/services/mapping/FriendlyCodeVO.html...
Generating /workspace/source/target/apidocs/org/entando/entando/plugins/jpseo/aps/******/services/mapping/ISeoMappingDAO.html...
Generating /workspace/source/target/apidocs/org/entando/entando/plugins/jpseo/aps/******/services/mapping/ISeoMappingManager.html...
Generating /workspace/source/target/apidocs/org/entando/entando/plugins/jpseo/aps/******/services/mapping/SeoMappingDAO.html...
Generating /workspace/source/target/apidocs/org/entando/entando/plugins/jpseo/aps/******/services/mapping/SeoMappingManager.html...
Generating /workspace/source/target/apidocs/org/entando/entando/plugins/jpseo/aps/******/services/mapping/cache/ISeoMappingCacheWrapper.html...
Generating /workspace/source/target/apidocs/org/entando/entando/plugins/jpseo/aps/******/services/mapping/cache/SeoMappingCacheWrapper.html...
Generating /workspace/source/target/apidocs/org/entando/entando/plugins/jpseo/aps/******/services/mapping/event/SeoChangedEvent.html...
Generating /workspace/source/target/apidocs/org/entando/entando/plugins/jpseo/aps/******/services/mapping/event/SeoChangedObserver.html...
Generating /workspace/source/target/apidocs/org/entando/entando/plugins/jpseo/aps/******/services/metatag/IMetatagCatalog.html...
Generating /workspace/source/target/apidocs/org/entando/entando/plugins/jpseo/aps/******/services/metatag/Metatag.html...
Generating /workspace/source/target/apidocs/org/entando/entando/plugins/jpseo/aps/******/services/metatag/MetatagCatalog.html...
Generating /workspace/source/target/apidocs/org/entando/entando/plugins/jpseo/aps/******/services/metatag/MetatagDOM.html...
Generating /workspace/source/target/apidocs/org/entando/entando/plugins/jpseo/aps/******/services/page/PageMetatag.html...
Generating /workspace/source/target/apidocs/org/entando/entando/plugins/jpseo/aps/******/services/page/SeoPageDAO.html...
Generating /workspace/source/target/apidocs/org/entando/entando/plugins/jpseo/aps/******/services/page/SeoPageDto.html...
Generating /workspace/source/target/apidocs/org/entando/entando/plugins/jpseo/aps/******/services/page/SeoPageExtraConfigDOM.html...
Generating /workspace/source/target/apidocs/org/entando/entando/plugins/jpseo/aps/******/services/page/SeoPageMetadata.html...
Generating /workspace/source/target/apidocs/org/entando/entando/plugins/jpseo/aps/******/services/page/SeoPageService.html...
Generating /workspace/source/target/apidocs/org/entando/entando/plugins/jpseo/aps/******/services/url/PageURL.html...
Generating /workspace/source/target/apidocs/org/entando/entando/plugins/jpseo/aps/******/services/url/URLManager.html...
Generating /workspace/source/target/apidocs/org/entando/entando/plugins/jpseo/aps/******/sitemap/SitemapAction.html...
Generating /workspace/source/target/apidocs/org/entando/entando/plugins/jpseo/aps/tags/ContentTag.html...
Generating /workspace/source/target/apidocs/org/entando/entando/plugins/jpseo/aps/tags/CurrentPageTag.html...
Generating /workspace/source/target/apidocs/org/entando/entando/plugins/jpseo/aps/tags/PageInfoTag.html...
Generating /workspace/source/target/apidocs/org/entando/entando/plugins/jpseo/aps/tags/SeoMetatagCatalogTag.html...
Generating /workspace/source/target/apidocs/org/entando/entando/plugins/jpseo/aps/tags/SeoMetatagsTag.html...
Generating /workspace/source/target/apidocs/org/entando/entando/plugins/jpseo/aps/tags/SeoMetatagTag.html...
Generating /workspace/source/target/apidocs/org/entando/entando/plugins/jpseo/aps/tags/SiteMapTag.html...
Generating /workspace/source/target/apidocs/org/entando/entando/plugins/jpseo/aps/util/FriendlyCodeGenerator.html...
Generating /workspace/source/target/apidocs/org/entando/entando/plugins/jpseo/aps*****/content/helper/ContentActionHelperAspect.html...
Generating /workspace/source/target/apidocs/org/entando/entando/plugins/jpseo/aps*****/portal/PageActionAspect.html...
Generating /workspace/source/target/apidocs/org/entando/entando/plugins/jpseo/aps*****/portal/PageSettingsActionAspect.html...
Generating /workspace/source/target/apidocs/org/entando/entando/plugins/jpseo/aps*****/portal/PageSettingsUtils.html...
Generating /workspace/source/target/apidocs/org/entando/entando/plugins/jpseo/aps*****/portal/SeoPageAction.html...
Generating /workspace/source/target/apidocs/org/entando/entando/plugins/jpseo/aps*****/portal/SeoPageActionUtils.html...
Generating /workspace/source/target/apidocs/org/entando/entando/plugins/jpseo/aps*****/portal/SeoPageSettingsAction.html...
Generating /workspace/source/target/apidocs/org/entando/entando/plugins/jpseo/web/page/ISeoPageController.html...
Generating /workspace/source/target/apidocs/org/entando/entando/plugins/jpseo/web/page/SeoPageController.html...
Generating /workspace/source/target/apidocs/org/entando/entando/plugins/jpseo/web/page/model/SeoData.html...
Generating /workspace/source/target/apidocs/org/entando/entando/plugins/jpseo/web/page/model/SeoDataByLang.html...
Generating /workspace/source/target/apidocs/org/entando/entando/plugins/jpseo/web/page/model/SeoMetaTag.html...
Generating /workspace/source/target/apidocs/org/entando/entando/plugins/jpseo/web/page/model/SeoPageRequest.html...
Generating /workspace/source/target/apidocs/org/entando/entando/plugins/jpseo/web/page/validator/SeoPageValidator.html...
Generating /workspace/source/target/apidocs/org/entando/entando/plugins/jpseo/aps/******/package-summary.html...
Generating /workspace/source/target/apidocs/org/entando/entando/plugins/jpseo/aps/******/package-tree.html...
Generating /workspace/source/target/apidocs/org/entando/entando/plugins/jpseo/aps/******/init/portdb/package-summary.html...
Generating /workspace/source/target/apidocs/org/entando/entando/plugins/jpseo/aps/******/init/portdb/package-tree.html...
Generating /workspace/source/target/apidocs/org/entando/entando/plugins/jpseo/aps/******/services/content/widget/package-summary.html...
Generating /workspace/source/target/apidocs/org/entando/entando/plugins/jpseo/aps/******/services/content/widget/package-tree.html...
Generating /workspace/source/target/apidocs/org/entando/entando/plugins/jpseo/aps/******/services/controller/control/package-summary.html...
Generating /workspace/source/target/apidocs/org/entando/entando/plugins/jpseo/aps/******/services/controller/control/package-tree.html...
Generating /workspace/source/target/apidocs/org/entando/entando/plugins/jpseo/aps/******/services/linkresolver/package-summary.html...
Generating /workspace/source/target/apidocs/org/entando/entando/plugins/jpseo/aps/******/services/linkresolver/package-tree.html...
Generating /workspace/source/target/apidocs/org/entando/entando/plugins/jpseo/aps/******/services/mapping/package-summary.html...
Generating /workspace/source/target/apidocs/org/entando/entando/plugins/jpseo/aps/******/services/mapping/package-tree.html...
Generating /workspace/source/target/apidocs/org/entando/entando/plugins/jpseo/aps/******/services/mapping/cache/package-summary.html...
Generating /workspace/source/target/apidocs/org/entando/entando/plugins/jpseo/aps/******/services/mapping/cache/package-tree.html...
Generating /workspace/source/target/apidocs/org/entando/entando/plugins/jpseo/aps/******/services/mapping/event/package-summary.html...
Generating /workspace/source/target/apidocs/org/entando/entando/plugins/jpseo/aps/******/services/mapping/event/package-tree.html...
Generating /workspace/source/target/apidocs/org/entando/entando/plugins/jpseo/aps/******/services/metatag/package-summary.html...
Generating /workspace/source/target/apidocs/org/entando/entando/plugins/jpseo/aps/******/services/metatag/package-tree.html...
Generating /workspace/source/target/apidocs/org/entando/entando/plugins/jpseo/aps/******/services/page/package-summary.html...
Generating /workspace/source/target/apidocs/org/entando/entando/plugins/jpseo/aps/******/services/page/package-tree.html...
Generating /workspace/source/target/apidocs/org/entando/entando/plugins/jpseo/aps/******/services/url/package-summary.html...
Generating /workspace/source/target/apidocs/org/entando/entando/plugins/jpseo/aps/******/services/url/package-tree.html...
Generating /workspace/source/target/apidocs/org/entando/entando/plugins/jpseo/aps/******/sitemap/package-summary.html...
Generating /workspace/source/target/apidocs/org/entando/entando/plugins/jpseo/aps/******/sitemap/package-tree.html...
Generating /workspace/source/target/apidocs/org/entando/entando/plugins/jpseo/aps/tags/package-summary.html...
Generating /workspace/source/target/apidocs/org/entando/entando/plugins/jpseo/aps/tags/package-tree.html...
Generating /workspace/source/target/apidocs/org/entando/entando/plugins/jpseo/aps/util/package-summary.html...
Generating /workspace/source/target/apidocs/org/entando/entando/plugins/jpseo/aps/util/package-tree.html...
Generating /workspace/source/target/apidocs/org/entando/entando/plugins/jpseo/aps*****/content/helper/package-summary.html...
Generating /workspace/source/target/apidocs/org/entando/entando/plugins/jpseo/aps*****/content/helper/package-tree.html...
Generating /workspace/source/target/apidocs/org/entando/entando/plugins/jpseo/aps*****/portal/package-summary.html...
Generating /workspace/source/target/apidocs/org/entando/entando/plugins/jpseo/aps*****/portal/package-tree.html...
Generating /workspace/source/target/apidocs/org/entando/entando/plugins/jpseo/web/page/package-summary.html...
Generating /workspace/source/target/apidocs/org/entando/entando/plugins/jpseo/web/page/package-tree.html...
Generating /workspace/source/target/apidocs/org/entando/entando/plugins/jpseo/web/page/model/package-summary.html...
Generating /workspace/source/target/apidocs/org/entando/entando/plugins/jpseo/web/page/model/package-tree.html...
Generating /workspace/source/target/apidocs/org/entando/entando/plugins/jpseo/web/page/validator/package-summary.html...
Generating /workspace/source/target/apidocs/org/entando/entando/plugins/jpseo/web/page/validator/package-tree.html...
Generating /workspace/source/target/apidocs/constant-values.html...
Generating /workspace/source/target/apidocs/serialized-form.html...
Generating /workspace/source/target/apidocs/org/entando/entando/plugins/jpseo/aps*****/content/helper/class-use/ContentActionHelperAspect.html...
Generating /workspace/source/target/apidocs/org/entando/entando/plugins/jpseo/aps*****/portal/class-use/SeoPageSettingsAction.html...
Generating /workspace/source/target/apidocs/org/entando/entando/plugins/jpseo/aps*****/portal/class-use/SeoPageActionUtils.html...
Generating /workspace/source/target/apidocs/org/entando/entando/plugins/jpseo/aps*****/portal/class-use/PageActionAspect.html...
Generating /workspace/source/target/apidocs/org/entando/entando/plugins/jpseo/aps*****/portal/class-use/PageSettingsUtils.html...
Generating /workspace/source/target/apidocs/org/entando/entando/plugins/jpseo/aps*****/portal/class-use/SeoPageAction.html...
Generating /workspace/source/target/apidocs/org/entando/entando/plugins/jpseo/aps*****/portal/class-use/PageSettingsActionAspect.html...
Generating /workspace/source/target/apidocs/org/entando/entando/plugins/jpseo/aps/tags/class-use/SeoMetatagCatalogTag.html...
Generating /workspace/source/target/apidocs/org/entando/entando/plugins/jpseo/aps/tags/class-use/SeoMetatagTag.html...
Generating /workspace/source/target/apidocs/org/entando/entando/plugins/jpseo/aps/tags/class-use/SeoMetatagsTag.html...
Generating /workspace/source/target/apidocs/org/entando/entando/plugins/jpseo/aps/tags/class-use/CurrentPageTag.html...
Generating /workspace/source/target/apidocs/org/entando/entando/plugins/jpseo/aps/tags/class-use/SiteMapTag.html...
Generating /workspace/source/target/apidocs/org/entando/entando/plugins/jpseo/aps/tags/class-use/PageInfoTag.html...
Generating /workspace/source/target/apidocs/org/entando/entando/plugins/jpseo/aps/tags/class-use/ContentTag.html...
Generating /workspace/source/target/apidocs/org/entando/entando/plugins/jpseo/aps/******/init/portdb/class-use/FriendlyCode.html...
Generating /workspace/source/target/apidocs/org/entando/entando/plugins/jpseo/aps/******/sitemap/class-use/SitemapAction.html...
Generating /workspace/source/target/apidocs/org/entando/entando/plugins/jpseo/aps/******/class-use/JpseoSystemConstants.html...
Generating /workspace/source/target/apidocs/org/entando/entando/plugins/jpseo/aps/******/services/controller/control/class-use/RequestValidator.html...
Generating /workspace/source/target/apidocs/org/entando/entando/plugins/jpseo/aps/******/services/content/widget/class-use/ContentViewerHelper.html...
Generating /workspace/source/target/apidocs/org/entando/entando/plugins/jpseo/aps/******/services/metatag/class-use/MetatagCatalog.html...
Generating /workspace/source/target/apidocs/org/entando/entando/plugins/jpseo/aps/******/services/metatag/class-use/IMetatagCatalog.html...
Generating /workspace/source/target/apidocs/org/entando/entando/plugins/jpseo/aps/******/services/metatag/class-use/Metatag.html...
Generating /workspace/source/target/apidocs/org/entando/entando/plugins/jpseo/aps/******/services/metatag/class-use/MetatagDOM.html...
Generating /workspace/source/target/apidocs/org/entando/entando/plugins/jpseo/aps/******/services/mapping/cache/class-use/ISeoMappingCacheWrapper.html...
Generating /workspace/source/target/apidocs/org/entando/entando/plugins/jpseo/aps/******/services/mapping/cache/class-use/SeoMappingCacheWrapper.html...
Generating /workspace/source/target/apidocs/org/entando/entando/plugins/jpseo/aps/******/services/mapping/class-use/FriendlyCodeVO.html...
Generating /workspace/source/target/apidocs/org/entando/entando/plugins/jpseo/aps/******/services/mapping/class-use/SeoMappingDAO.html...
Generating /workspace/source/target/apidocs/org/entando/entando/plugins/jpseo/aps/******/services/mapping/class-use/SeoMappingManager.html...
Generating /workspace/source/target/apidocs/org/entando/entando/plugins/jpseo/aps/******/services/mapping/class-use/ISeoMappingDAO.html...
Generating /workspace/source/target/apidocs/org/entando/entando/plugins/jpseo/aps/******/services/mapping/class-use/ContentFriendlyCode.html...
Generating /workspace/source/target/apidocs/org/entando/entando/plugins/jpseo/aps/******/services/mapping/class-use/ISeoMappingManager.html...
Generating /workspace/source/target/apidocs/org/entando/entando/plugins/jpseo/aps/******/services/mapping/event/class-use/SeoChangedEvent.html...
Generating /workspace/source/target/apidocs/org/entando/entando/plugins/jpseo/aps/******/services/mapping/event/class-use/SeoChangedObserver.html...
Generating /workspace/source/target/apidocs/org/entando/entando/plugins/jpseo/aps/******/services/linkresolver/class-use/LinkResolverManager.html...
Generating /workspace/source/target/apidocs/org/entando/entando/plugins/jpseo/aps/******/services/page/class-use/SeoPageService.html...
Generating /workspace/source/target/apidocs/org/entando/entando/plugins/jpseo/aps/******/services/page/class-use/SeoPageExtraConfigDOM.html...
Generating /workspace/source/target/apidocs/org/entando/entando/plugins/jpseo/aps/******/services/page/class-use/SeoPageMetadata.html...
Generating /workspace/source/target/apidocs/org/entando/entando/plugins/jpseo/aps/******/services/page/class-use/SeoPageDAO.html...
Generating /workspace/source/target/apidocs/org/entando/entando/plugins/jpseo/aps/******/services/page/class-use/PageMetatag.html...
Generating /workspace/source/target/apidocs/org/entando/entando/plugins/jpseo/aps/******/services/page/class-use/SeoPageDto.html...
Generating /workspace/source/target/apidocs/org/entando/entando/plugins/jpseo/aps/******/services/url/class-use/URLManager.html...
Generating /workspace/source/target/apidocs/org/entando/entando/plugins/jpseo/aps/******/services/url/class-use/PageURL.html...
Generating /workspace/source/target/apidocs/org/entando/entando/plugins/jpseo/aps/util/class-use/FriendlyCodeGenerator.html...
Generating /workspace/source/target/apidocs/org/entando/entando/plugins/jpseo/web/page/model/class-use/SeoData.html...
Generating /workspace/source/target/apidocs/org/entando/entando/plugins/jpseo/web/page/model/class-use/SeoMetaTag.html...
Generating /workspace/source/target/apidocs/org/entando/entando/plugins/jpseo/web/page/model/class-use/SeoPageRequest.html...
Generating /workspace/source/target/apidocs/org/entando/entando/plugins/jpseo/web/page/model/class-use/SeoDataByLang.html...
Generating /workspace/source/target/apidocs/org/entando/entando/plugins/jpseo/web/page/class-use/SeoPageController.html...
Generating /workspace/source/target/apidocs/org/entando/entando/plugins/jpseo/web/page/class-use/ISeoPageController.html...
Generating /workspace/source/target/apidocs/org/entando/entando/plugins/jpseo/web/page/validator/class-use/SeoPageValidator.html...
Generating /workspace/source/target/apidocs/org/entando/entando/plugins/jpseo/aps/******/package-use.html...
Generating /workspace/source/target/apidocs/org/entando/entando/plugins/jpseo/aps/******/init/portdb/package-use.html...
Generating /workspace/source/target/apidocs/org/entando/entando/plugins/jpseo/aps/******/services/content/widget/package-use.html...
Generating /workspace/source/target/apidocs/org/entando/entando/plugins/jpseo/aps/******/services/controller/control/package-use.html...
Generating /workspace/source/target/apidocs/org/entando/entando/plugins/jpseo/aps/******/services/linkresolver/package-use.html...
Generating /workspace/source/target/apidocs/org/entando/entando/plugins/jpseo/aps/******/services/mapping/package-use.html...
Generating /workspace/source/target/apidocs/org/entando/entando/plugins/jpseo/aps/******/services/mapping/cache/package-use.html...
Generating /workspace/source/target/apidocs/org/entando/entando/plugins/jpseo/aps/******/services/mapping/event/package-use.html...
Generating /workspace/source/target/apidocs/org/entando/entando/plugins/jpseo/aps/******/services/metatag/package-use.html...
Generating /workspace/source/target/apidocs/org/entando/entando/plugins/jpseo/aps/******/services/page/package-use.html...
Generating /workspace/source/target/apidocs/org/entando/entando/plugins/jpseo/aps/******/services/url/package-use.html...
Generating /workspace/source/target/apidocs/org/entando/entando/plugins/jpseo/aps/******/sitemap/package-use.html...
Generating /workspace/source/target/apidocs/org/entando/entando/plugins/jpseo/aps/tags/package-use.html...
Generating /workspace/source/target/apidocs/org/entando/entando/plugins/jpseo/aps/util/package-use.html...
Generating /workspace/source/target/apidocs/org/entando/entando/plugins/jpseo/aps*****/content/helper/package-use.html...
Generating /workspace/source/target/apidocs/org/entando/entando/plugins/jpseo/aps*****/portal/package-use.html...
Generating /workspace/source/target/apidocs/org/entando/entando/plugins/jpseo/web/page/package-use.html...
Generating /workspace/source/target/apidocs/org/entando/entando/plugins/jpseo/web/page/model/package-use.html...
Generating /workspace/source/target/apidocs/org/entando/entando/plugins/jpseo/web/page/validator/package-use.html...
Building index for all the packages and classes...
Generating /workspace/source/target/apidocs/overview-tree.html...
Generating /workspace/source/target/apidocs/index-all.html...
Building index for all classes...
Generating /workspace/source/target/apidocs/allclasses-index.html...
Generating /workspace/source/target/apidocs/allpackages-index.html...
Generating /workspace/source/target/apidocs/deprecated-list.html...
Building index for all classes...
Generating /workspace/source/target/apidocs/allclasses.html...
Generating /workspace/source/target/apidocs/allclasses.html...
Generating /workspace/source/target/apidocs/index.html...
Generating /workspace/source/target/apidocs/overview-summary.html...
Generating /workspace/source/target/apidocs/help-doc.html...
1 warning
[WARNING] Javadoc Warnings
[WARNING] /workspace/source/src/main/java/org/entando/entando/plugins/jpseo/aps/tags/ContentTag.java:96: warning - @param argument "publishExtraTitle" is not a parameter name.
[INFO] Building jar: /workspace/source/target/entando-plugin-jpseo-6.3.8-javadoc.jar
[INFO] 
[INFO] --- maven-surefire-report-plugin:3.0.0-M4:failsafe-report-only (integration-tests) @ entando-plugin-jpseo ---
[INFO] 
[INFO] --- dependency-check-maven:5.3.2:aggregate (default) @ entando-plugin-jpseo ---
[INFO] Skipping National Vulnerability Database Report
[INFO] 
[INFO] --- jacoco-maven-plugin:0.8.5:report (report) @ entando-plugin-jpseo ---
[INFO] Loading e**cution data file /workspace/source/target/jacoco.e**c
[INFO] Analyzed bundle 'Entando Plugin: SEO' with 44 classes
[INFO] 
[INFO] --- maven-gpg-plugin:1.6:sign (sign-artifacts) @ entando-plugin-jpseo ---
gpg: WARNING: unsafe permissions on homedir `********************'
gpg: WARNING: unsafe permissions on homedir `********************'
gpg: WARNING: unsafe permissions on homedir `********************'
gpg: WARNING: unsafe permissions on homedir `********************'
gpg: WARNING: unsafe permissions on homedir `********************'
gpg: WARNING: unsafe permissions on homedir `********************'
gpg: WARNING: unsafe permissions on homedir `********************'
[INFO] 
[INFO] --- maven-surefire-report-plugin:3.0.0-M4:report-only (unit-tests) @ entando-plugin-jpseo ---
[WARNING] Unable to locate Test Source XRef to link to - DISABLED
[INFO] 
[INFO] --- maven-install-plugin:2.4:install (default-install) @ entando-plugin-jpseo ---
[INFO] Installing /workspace/source/target/entando-plugin-jpseo-6.3.8.war to /home/jenkins/.mvnrepository/org/entando/entando/plugins/entando-plugin-jpseo/6.3.8/entando-plugin-jpseo-6.3.8.war
[INFO] Installing /workspace/source/pom.xml to /home/jenkins/.mvnrepository/org/entando/entando/plugins/entando-plugin-jpseo/6.3.8/entando-plugin-jpseo-6.3.8.pom
[INFO] Installing /workspace/source/target/entando-plugin-jpseo-6.3.8-classes.jar to /home/jenkins/.mvnrepository/org/entando/entando/plugins/entando-plugin-jpseo/6.3.8/entando-plugin-jpseo-6.3.8-classes.jar
[INFO] Installing /workspace/source/target/entando-plugin-jpseo-6.3.8-tests.jar to /home/jenkins/.mvnrepository/org/entando/entando/plugins/entando-plugin-jpseo/6.3.8/entando-plugin-jpseo-6.3.8-tests.jar
[INFO] Installing /workspace/source/target/entando-plugin-jpseo-6.3.8-sources.jar to /home/jenkins/.mvnrepository/org/entando/entando/plugins/entando-plugin-jpseo/6.3.8/entando-plugin-jpseo-6.3.8-sources.jar
[INFO] Installing /workspace/source/target/entando-plugin-jpseo-6.3.8-test-sources.jar to /home/jenkins/.mvnrepository/org/entando/entando/plugins/entando-plugin-jpseo/6.3.8/entando-plugin-jpseo-6.3.8-test-sources.jar
[INFO] Installing /workspace/source/target/entando-plugin-jpseo-6.3.8-javadoc.jar to /home/jenkins/.mvnrepository/org/entando/entando/plugins/entando-plugin-jpseo/6.3.8/entando-plugin-jpseo-6.3.8-javadoc.jar
[INFO] Installing /workspace/source/target/entando-plugin-jpseo-6.3.8.war.asc to /home/jenkins/.mvnrepository/org/entando/entando/plugins/entando-plugin-jpseo/6.3.8/entando-plugin-jpseo-6.3.8.war.asc
[INFO] Installing /workspace/source/target/entando-plugin-jpseo-6.3.8.pom.asc to /home/jenkins/.mvnrepository/org/entando/entando/plugins/entando-plugin-jpseo/6.3.8/entando-plugin-jpseo-6.3.8.pom.asc
[INFO] Installing /workspace/source/target/entando-plugin-jpseo-6.3.8-classes.jar.asc to /home/jenkins/.mvnrepository/org/entando/entando/plugins/entando-plugin-jpseo/6.3.8/entando-plugin-jpseo-6.3.8-classes.jar.asc
[INFO] Installing /workspace/source/target/entando-plugin-jpseo-6.3.8-tests.jar.asc to /home/jenkins/.mvnrepository/org/entando/entando/plugins/entando-plugin-jpseo/6.3.8/entando-plugin-jpseo-6.3.8-tests.jar.asc
[INFO] Installing /workspace/source/target/entando-plugin-jpseo-6.3.8-sources.jar.asc to /home/jenkins/.mvnrepository/org/entando/entando/plugins/entando-plugin-jpseo/6.3.8/entando-plugin-jpseo-6.3.8-sources.jar.asc
[INFO] Installing /workspace/source/target/entando-plugin-jpseo-6.3.8-test-sources.jar.asc to /home/jenkins/.mvnrepository/org/entando/entando/plugins/entando-plugin-jpseo/6.3.8/entando-plugin-jpseo-6.3.8-test-sources.jar.asc
[INFO] Installing /workspace/source/target/entando-plugin-jpseo-6.3.8-javadoc.jar.asc to /home/jenkins/.mvnrepository/org/entando/entando/plugins/entando-plugin-jpseo/6.3.8/entando-plugin-jpseo-6.3.8-javadoc.jar.asc
[INFO] 
[INFO] --- maven-deploy-plugin:2.8.2:deploy (default-deploy) @ entando-plugin-jpseo ---
[INFO] Using alternate deployment repository local-nexus::default::http://nexus/repository/maven-releases/
[INFO] 
[INFO] --- maven-site-plugin:3.9.0:site (default-site) @ entando-plugin-jpseo ---
[INFO] configuring report plugin org.apache.maven.plugins:maven-project-info-reports-plugin:3.0.0
[INFO] 9 reports configured for maven-project-info-reports-plugin:3.0.0: dependency-info, distribution-management, index, ci-management, issue-management, licenses, plugins, scm, summary
[INFO] Rendering site with default locale English (en)
[WARNING] Unable to find a URL to the parent project. The parent menu will NOT be added.
[INFO] Relativizing decoration links with respect to localized project URL: http://www.entando.com/
[INFO] Rendering content with org.apache.maven.skins:maven-default-skin:jar:1.3 skin.
[INFO] Generating "Dependency Information" report --- maven-project-info-reports-plugin:3.0.0:dependency-info
[INFO] Generating "About" report         --- maven-project-info-reports-plugin:3.0.0:index
[INFO] Generating "Issue Management" report --- maven-project-info-reports-plugin:3.0.0:issue-management
[INFO] Generating "Licenses" report      --- maven-project-info-reports-plugin:3.0.0:licenses
[INFO] Generating "Plugins" report       --- maven-project-info-reports-plugin:3.0.0:plugins
[INFO] Generating "Source Code Management" report --- maven-project-info-reports-plugin:3.0.0:scm
[INFO] Generating "Summary" report       --- maven-project-info-reports-plugin:3.0.0:summary
[INFO] 
[INFO] ----------< org.entando.entando.plugins:entando-plugin-jpseo >----------
[INFO] Building Entando Plugin: SEO 6.3.8
[INFO] --------------------------------[ war ]---------------------------------
[INFO] 
[INFO] --- sonar-maven-plugin:3.8.0.2131:sonar (default-cli) @ entando-plugin-jpseo ---
[INFO] User cache: /****/.sonar/cache
[INFO] SonarQube version: 8.5.0
[INFO] Default locale: "en", source code encoding: "UTF-8"
[INFO] Load global settings
[INFO] Load global settings (done) | time=229ms
[INFO] Server id: 1BD809FA-AWHW8ct9-T_TB3XqouNu
[INFO] User cache: /****/.sonar/cache
[INFO] Load/download plugins
[INFO] Load plugins index
[INFO] Load plugins index (done) | time=74ms
[INFO] Load/download plugins (done) | time=24008ms
[INFO] Loaded core extensions: developer-scanner
[INFO] JavaScript/TypeScript frontend is enabled
[INFO] Load project settings for component key: 'entando_entando-plugin-jpseo'
[INFO] Load project settings for component key: 'entando_entando-plugin-jpseo' (done) | time=44ms
[INFO] Process project properties
[INFO] E**cute project builders
[INFO] E**cute project builders (done) | time=1ms
[INFO] Project key: entando_entando-plugin-jpseo
[INFO] Base dir: /workspace/source
[INFO] Working dir: /workspace/source/target/sonar
[INFO] Load project branches
[INFO] Load project branches (done) | time=34ms
[INFO] Check ALM binding of project 'entando_entando-plugin-jpseo'
[INFO] Detected project binding: NOT_BOUND
[INFO] Check ALM binding of project 'entando_entando-plugin-jpseo' (done) | time=22ms
[INFO] Load project pull requests
[INFO] Load project pull requests (done) | time=35ms
[INFO] Load branch configuration
[INFO] Load branch configuration (done) | time=2ms
[INFO] Load quality profiles
[INFO] Load quality profiles (done) | time=90ms
[INFO] Load active rules
[INFO] Load active rules (done) | time=1308ms
[INFO] Organization key: entando
[INFO] Indexing files...
[INFO] Project configuration:
[WARNING] Exception caught during e**cution of command '[/usr/local/git/bin/git, config, --******, --edit]' in '/usr/local/git/bin', return code '128', error message 'fatal: Invalid path '/usr/local/git/etc': No such file or directory
'
[INFO] Load project repositories
[INFO] Load project repositories (done) | time=78ms
[INFO] 92 files inde**d
[INFO] 0 files ignored because of scm ignore settings
[INFO] Quality profile for css: Sonar way
[INFO] Quality profile for java: Sonar way
[INFO] Quality profile for jsp: Sonar way
[INFO] Quality profile for xml: Sonar way
[INFO] ------------- Run sensors on module Entando Plugin: SEO
[INFO] JavaScript/TypeScript frontend is enabled
[INFO] Load metrics repository
[INFO] Load metrics repository (done) | time=31ms
[INFO] Sensor JavaSquidSensor [java]
[INFO] Configured Java source version (sonar.java.source): 8
[INFO] JavaClasspath initialization
[INFO] JavaClasspath initialization (done) | time=22ms
[INFO] JavaTestClasspath initialization
[INFO] JavaTestClasspath initialization (done) | time=4ms
Feb 24, 2021 9:29:50 AM org.apache.jasper.servlet.TldScanner scanJars
INFO: At least one JAR was scanned for TLDs yet contained no TLDs. Enable debug logging for this logger for a complete list of JARs that were scanned but no TLDs were found in them. Skipping unneeded JARs during scanning can improve startup time and JSP compilation time.
[WARNING] Some JSP pages failed to transpile. Enable debug log for details.
[INFO] Java Main Files AST scan
[INFO] 50 source files to be analyzed
[INFO] 15/50 files analyzed, current file: src/main/java/org/entando/entando/plugins/jpseo/web/page/ISeoPageController.java
[INFO] 36/50 files analyzed, current file: src/main/java/org/entando/entando/plugins/jpseo/aps/******/sitemap/SitemapAction.java
[INFO] 50/50 source files have been analyzed
[INFO] Slowest analyzed files:
    src/main/java/org/entando/entando/plugins/jpseo/aps*****/content/helper/ContentActionHelperAspect.java (3100ms)
    src/main/java/org/entando/entando/plugins/jpseo/aps/******/services/mapping/SeoMappingManager.java (1891ms)
    src/main/java/org/entando/entando/plugins/jpseo/aps*****/portal/PageActionAspect.java (1577ms)
    src/main/java/org/entando/entando/plugins/jpseo/aps/******/services/page/SeoPageExtraConfigDOM.java (1440ms)
    src/main/java/org/entando/entando/plugins/jpseo/aps/******/services/mapping/cache/SeoMappingCacheWrapper.java (1360ms)
    src/main/java/org/entando/entando/plugins/jpseo/aps/******/services/page/SeoPageMetadata.java (1056ms)
    src/main/java/org/entando/entando/plugins/jpseo/aps*****/portal/SeoPageAction.java (1032ms)
    src/main/java/org/entando/entando/plugins/jpseo/aps/******/services/page/SeoPageService.java (1007ms)
[INFO] Java Main Files AST scan (done) | time=25522ms
[INFO] Java Test Files AST scan
[INFO] 12 source files to be analyzed
[INFO] Java Test Files AST scan (done) | time=2535ms
[INFO] 12/12 source files have been analyzed
[INFO] Java Generated Files AST scan
[INFO] 5 source files to be analyzed
[INFO] Java Generated Files AST scan (done) | time=3123ms
[INFO] Sensor JavaSquidSensor [java] (done) | time=34741ms
[INFO] 5/5 source files have been analyzed
[INFO] Sensor SonarCSS Metrics [cssfamily]
[INFO] Sensor SonarCSS Metrics [cssfamily] (done) | time=61ms
[INFO] Sensor SonarCSS Rules [cssfamily]
[INFO] 1 source files to be analyzed
[INFO] 1/1 source files have been analyzed
[INFO] Sensor SonarCSS Rules [cssfamily] (done) | time=6408ms
[INFO] Sensor C# Properties [csharp]
[INFO] Sensor C# Properties [csharp] (done) | time=1ms
[INFO] Sensor Import of Checkstyle issues [java]
[WARNING] Checkstyle report not found: /workspace/source/target/checkstyle-result.xml
[INFO] Sensor Import of Checkstyle issues [java] (done) | time=4ms
[INFO] Sensor SurefireSensor [java]
[INFO] parsing [/workspace/source/target/surefire-reports]
[INFO] Sensor SurefireSensor [java] (done) | time=143ms
[INFO] Sensor JavaXmlSensor [java]
[INFO] 6 source files to be analyzed
[INFO] Sensor JavaXmlSensor [java] (done) | time=193ms
[INFO] 6/6 source files have been analyzed
[INFO] Sensor HTML [web]
[INFO] Sensor HTML [web] (done) | time=***ms
[INFO] Sensor XML Sensor [xml]
[INFO] 6 source files to be analyzed
[INFO] 6/6 source files have been analyzed
[INFO] Sensor XML Sensor [xml] (done) | time=607ms
[INFO] Sensor VB.NET Properties [vbnet]
[INFO] Sensor VB.NET Properties [vbnet] (done) | time=1ms
[INFO] Sensor JaCoCo XML Report Importer [jacoco]
[INFO] Importing 1 report(s). Turn your logs in debug mode in order to see the exhaustive list.
[INFO] Sensor JaCoCo XML Report Importer [jacoco] (done) | time=100ms
[INFO] Sensor ThymeLeaf template sensor [securityjavafrontend]
[INFO] Sensor ThymeLeaf template sensor [securityjavafrontend] (done) | time=11ms
[INFO] Sensor JavaSecuritySensor [security]
[INFO] Reading type hierarchy from: /workspace/source/target/sonar/ucfg2/java
[INFO] Read 338 type definitions
[INFO] Reading UCFGs from: /workspace/source/target/sonar/ucfg2/java
[INFO] 09:30:32.18277 Building Runtime Type propagation graph
[INFO] 09:30:32.298399 Running Tarjan on 5361 nodes
[INFO] 09:30:32.315324 Tarjan found 5356 components
[INFO] 09:30:32.33851 Variable type analysis: done
[INFO] 09:30:32.353341 Building Runtime Type propagation graph
[INFO] 09:30:32.403979 Running Tarjan on 5361 nodes
[INFO] 09:30:32.412827 Tarjan found 5356 components
[INFO] 09:30:32.4282 Variable type analysis: done
[INFO] Analyzing 700 ucfgs to detect vulnerabilities.
[INFO] All rules entrypoints : 2 Retained UCFGs : 9
[INFO] rule: S5131, entrypoints: 0
[INFO] rule: S5131 done
[INFO] rule: S3649, entrypoints: 0
[INFO] rule: S3649 done
[INFO] rule: S2076, entrypoints: 0
[INFO] rule: S2076 done
[INFO] rule: S2091, entrypoints: 0
[INFO] rule: S2091 done
[INFO] rule: S2078, entrypoints: 0
[INFO] rule: S2078 done
[INFO] rule: S2631, entrypoints: 0
[INFO] rule: S2631 done
[INFO] rule: S5135, entrypoints: 0
[INFO] rule: S5135 done
[INFO] rule: S2083, entrypoints: 2
[INFO] Running symbolic analysis
[INFO] rule: S2083 done
[INFO] rule: S5167, entrypoints: 0
[INFO] rule: S5167 done
[INFO] rule: S5144, entrypoints: 0
[INFO] rule: S5144 done
[INFO] rule: S5145, entrypoints: 0
[INFO] rule: S5145 done
[INFO] rule: S5146, entrypoints: 0
[INFO] rule: S5146 done
[INFO] rule: S5334, entrypoints: 0
[INFO] rule: S5334 done
[INFO] rule: S6096, entrypoints: 0
[INFO] rule: S6096 done
[INFO] Sensor JavaSecuritySensor [security] (done) | time=7887ms
[INFO] Sensor CSharpSecuritySensor [security]
[INFO] Reading type hierarchy from: /workspace/source/target/ucfg_cs2
[INFO] Read 0 type definitions
[INFO] Reading UCFGs from: /workspace/source/target/ucfg_cs2
[INFO] No UCFGs have been included for analysis.
[INFO] Sensor CSharpSecuritySensor [security] (done) | time=1ms
[INFO] Sensor PhpSecuritySensor [security]
[INFO] Reading type hierarchy from: /workspace/source/target/sonar/ucfg2/php
[INFO] Read 0 type definitions
[INFO] Reading UCFGs from: /workspace/source/target/sonar/ucfg2/php
[INFO] No UCFGs have been included for analysis.
[INFO] Sensor PhpSecuritySensor [security] (done) | time=1ms
[INFO] Sensor PythonSecuritySensor [security]
[INFO] Reading type hierarchy from: /workspace/source/target/sonar/ucfg2/python
[INFO] Read 0 type definitions
[INFO] Reading UCFGs from: /workspace/source/target/sonar/ucfg2/python
[INFO] No UCFGs have been included for analysis.
[INFO] Sensor PythonSecuritySensor [security] (done) | time=1ms
[INFO] Sensor JsSecuritySensor [security]
[INFO] Reading type hierarchy from: /workspace/source/target/sonar/ucfg2/js
[INFO] Read 0 type definitions
[INFO] Reading UCFGs from: /workspace/source/target/sonar/ucfg2/js
[INFO] No UCFGs have been included for analysis.
[INFO] Sensor JsSecuritySensor [security] (done) | time=1ms
[INFO] ------------- Run sensors on project
[INFO] Sensor Zero Coverage Sensor
[INFO] Sensor Zero Coverage Sensor (done) | time=1ms
[INFO] Sensor Java CPD Block Inde**r
[INFO] Sensor Java CPD Block Inde**r (done) | time=155ms
[INFO] SCM Publisher SCM provider for this project is: git
[INFO] SCM Publisher 76 source files to be analyzed
[WARNING] Shallow clone detected, no blame information will be provided. You can convert to non-shallow with 'git fetch --unshallow'.
[INFO] SCM Publisher 0/76 source files have been analyzed (done) | time=3ms
[WARNING] Missing blame information for the following files:
[WARNING]   * src/main/webapp/WEB-INF/plugins/jpseo/aps*****/jsp/portal/entryPageLang-jack.jsp
[WARNING]   * src/main/java/org/entando/entando/plugins/jpseo/aps*****/content/helper/ContentActionHelperAspect.java
[WARNING]   * src/main/java/org/entando/entando/plugins/jpseo/aps/tags/SeoMetatagCatalogTag.java
[WARNING]   * src/main/java/org/entando/entando/plugins/jpseo/aps/******/services/metatag/metatag_catalog.xml
[WARNING]   * src/main/java/org/entando/entando/plugins/jpseo/aps/******/services/url/PageURL.java
[WARNING]   * src/main/java/org/entando/entando/plugins/jpseo/aps/tags/CurrentPageTag.java
[WARNING]   * src/main/java/org/entando/entando/plugins/jpseo/aps/******/services/mapping/cache/SeoMappingCacheWrapper.java
[WARNING]   * src/main/java/org/entando/entando/plugins/jpseo/aps/******/services/metatag/IMetatagCatalog.java
[WARNING]   * src/main/java/org/entando/entando/plugins/jpseo/aps/tags/PageInfoTag.java
[WARNING]   * src/main/java/org/entando/entando/plugins/jpseo/aps/******/services/page/SeoPageService.java
[WARNING]   * src/main/java/org/entando/entando/plugins/jpseo/aps/******/services/metatag/MetatagDOM.java
[WARNING]   * src/main/webapp/WEB-INF/plugins/jpseo/aps*****/jsp/portal/entryPage.jsp
[WARNING]   * src/main/java/org/entando/entando/plugins/jpseo/aps/******/services/mapping/event/SeoChangedEvent.java
[WARNING]   * src/main/java/org/entando/entando/plugins/jpseo/aps*****/portal/SeoPageActionUtils.java
[WARNING]   * src/test/java/org/entando/entando/aps/******/services/controller/control/SeoRequestValidatorIntegrationTest.java
[WARNING]   * src/main/webapp/WEB-INF/plugins/jpseo/aps*****/jpseo-tiles.xml
[WARNING]   * src/main/webapp/WEB-INF/plugins/jpseo/aps*****/jsp/portal/entryPage-jack.jsp
[WARNING]   * src/main/java/org/entando/entando/plugins/jpseo/aps*****/portal/page.xml
[WARNING]   * src/main/java/org/entando/entando/plugins/jpseo/aps/******/sitemap/sitemap.xml
[WARNING]   * src/test/java/org/entando/entando/plugins/jpseo/aps*****/portal/PageSettingsActionIntegrationTest.java
[WARNING]   * src/main/webapp/WEB-INF/plugins/jpseo/aps/jsp/widgets/jpseo_site_map.jsp
[WARNING]   * src/test/java/org/entando/entando/plugins/jpseo/aps/******/services/mapping/SeoMappingManagerIntegrationTest.java
[WARNING]   * src/main/webapp/resources/plugins/jpseo/*****istration/css/master-seo.css
[WARNING]   * src/main/java/org/entando/entando/plugins/jpseo/web/page/validator/SeoPageValidator.java
[WARNING]   * src/main/webapp/WEB-INF/plugins/jpseo/aps/jsp/widgets/jpseo_content_viewer.jsp
[WARNING]   * src/main/java/org/entando/entando/plugins/jpseo/aps/tags/SeoMetatagTag.java
[WARNING]   * src/main/java/org/entando/entando/plugins/jpseo/aps/tags/ContentTag.java
[WARNING]   * src/main/java/org/entando/entando/plugins/jpseo/aps/******/services/mapping/ContentFriendlyCode.java
[WARNING]   * src/main/java/org/entando/entando/plugins/jpseo/web/page/ISeoPageController.java
[WARNING]   * src/main/java/org/entando/entando/plugins/jpseo/web/page/model/SeoMetaTag.java
[WARNING]   * src/main/java/org/entando/entando/plugins/jpseo/aps/******/init/portdb/FriendlyCode.java
[WARNING]   * src/test/java/org/entando/entando/plugins/jpseo/aps*****/portal/PageActionIntegrationTest.java
[WARNING]   * src/test/java/org/entando/entando/plugins/jpseo/web/page/SeoPageControllerIntegrationTest.java
[WARNING]   * src/main/java/org/entando/entando/plugins/jpseo/aps/******/services/metatag/Metatag.java
[WARNING]   * src/main/java/org/entando/entando/plugins/jpseo/aps/******/services/mapping/ISeoMappingManager.java
[WARNING]   * src/main/java/org/entando/entando/plugins/jpseo/aps*****/portal/SeoPageAction.java
[WARNING]   * src/main/java/org/entando/entando/plugins/jpseo/aps/******/services/page/SeoPageDto.java
[WARNING]   * src/main/java/org/entando/entando/plugins/jpseo/web/page/model/SeoPageRequest.java
[WARNING]   * src/main/java/org/entando/entando/plugins/jpseo/web/page/model/SeoData.java
[WARNING]   * src/main/java/org/entando/entando/plugins/jpseo/aps/******/services/mapping/SeoMappingManager.java
[WARNING]   * src/main/java/org/entando/entando/plugins/jpseo/web/page/model/SeoDataByLang.java
[WARNING]   * src/main/java/org/entando/entando/plugins/jpseo/aps/******/services/controller/control/RequestValidator.java
[WARNING]   * src/main/java/org/entando/entando/plugins/jpseo/aps/******/services/url/URLManager.java
[WARNING]   * src/main/webapp/WEB-INF/plugins/jpseo/aps*****/jsp/portal/seo-autocomplete.jsp
[WARNING]   * src/main/java/org/entando/entando/plugins/jpseo/aps/******/services/metatag/MetatagCatalog.java
[WARNING]   * src/test/java/org/entando/entando/plugins/jpseo/aps/******/services/metatag/MetatagCatalogueIntegrationTest.java
[WARNING]   * src/test/java/org/entando/entando/plugins/jpseo/aps*****/portal/PageSettingsActionAspectTest.java
[WARNING]   * pom.xml
[WARNING]   * src/main/java/org/entando/entando/plugins/jpseo/aps/******/JpseoSystemConstants.java
[WARNING]   * src/main/java/org/entando/entando/plugins/jpseo/aps/******/services/page/PageMetatag.java
[WARNING]   * src/main/java/org/entando/entando/plugins/jpseo/aps/util/FriendlyCodeGenerator.java
[WARNING]   * src/main/java/org/entando/entando/plugins/jpseo/aps/tags/SiteMapTag.java
[WARNING]   * src/main/java/org/entando/entando/plugins/jpseo/web/page/SeoPageController.java
[WARNING]   * src/test/java/org/entando/entando/plugins/jpseo/utils/stubhelper/SeoStubHelper.java
[WARNING]   * src/main/java/org/entando/entando/plugins/jpseo/aps/tags/SeoMetatagsTag.java
[WARNING]   * src/test/java/org/entando/entando/plugins/jpseo/aps*****/content/ContentActionIntegrationTest.java
[WARNING]   * src/main/java/org/entando/entando/plugins/jpseo/aps/******/services/page/SeoPageExtraConfigDOM.java
[WARNING]   * src/main/webapp/WEB-INF/plugins/jpseo/seoAttributeRoles.xml
[WARNING]   * src/test/java/org/entando/entando/plugins/jpseo/aps/tags/CurrentPageTagTest.java
[WARNING]   * src/main/java/org/entando/entando/plugins/jpseo/aps/******/sitemap/SitemapAction.java
[WARNING]   * src/main/java/org/entando/entando/plugins/jpseo/aps*****/portal/SeoPageSettingsAction.java
[WARNING]   * src/main/java/org/entando/entando/plugins/jpseo/aps*****/portal/PageActionAspect.java
[WARNING]   * src/main/java/org/entando/entando/plugins/jpseo/aps*****/portal/PageSettingsActionAspect.java
[WARNING]   * src/main/java/org/entando/entando/plugins/jpseo/aps/******/services/mapping/event/SeoChangedObserver.java
[WARNING]   * src/main/webapp/WEB-INF/plugins/jpseo/aps*****/jsp/portal/pageSettings-jack.jsp
[WARNING]   * src/main/java/org/entando/entando/plugins/jpseo/aps/******/services/mapping/ISeoMappingDAO.java
[WARNING]   * src/main/java/org/entando/entando/plugins/jpseo/aps/******/services/page/SeoPageMetadata.java
[WARNING]   * src/main/java/org/entando/entando/plugins/jpseo/aps/******/services/content/widget/ContentViewerHelper.java
[WARNING]   * src/test/java/org/entando/entando/plugins/jpseo/aps/******/services/page/SeoPageServiceTest.java
[WARNING]   * src/main/java/org/entando/entando/plugins/jpseo/aps*****/portal/PageSettingsUtils.java
[WARNING]   * src/main/java/org/entando/entando/plugins/jpseo/aps/******/services/page/SeoPageDAO.java
[WARNING]   * src/main/java/org/entando/entando/plugins/jpseo/aps/******/services/mapping/SeoMappingDAO.java
[WARNING]   * src/main/java/org/entando/entando/plugins/jpseo/aps/******/services/mapping/cache/ISeoMappingCacheWrapper.java
[WARNING]   * src/test/java/org/entando/entando/plugins/jpseo/web/page/SeoPageControllerTest.java
[WARNING]   * src/main/java/org/entando/entando/plugins/jpseo/aps/******/services/linkresolver/LinkResolverManager.java
[WARNING]   * src/main/java/org/entando/entando/plugins/jpseo/aps/******/services/mapping/FriendlyCodeVO.java
[WARNING] This may lead to missing/broken features in SonarCloud
[INFO] CPD E**cutor 8 files had no CPD blocks
[INFO] CPD E**cutor Calculating CPD for 49 files
[INFO] CPD E**cutor CPD calculation finished (done) | time=69ms
[INFO] Analysis report generated in 220ms, dir size=964 KB
[INFO] Analysis report compressed in 204ms, zip size=363 KB
[INFO] Analysis report uploaded in 139ms
[INFO] ANALYSIS SUCCESSFUL, you can find the results at: https://sonarcloud.io/dashboard?id=entando_entando-plugin-jpseo
[INFO] Note that you will be able to access the updated dashboard once the server has processed the submitted analysis report
[INFO] More about the report processing at https://sonarcloud.io/api/ce/task?id=AXfTYE79mc5GJ49QgKWH
[INFO] Analysis total time: 59.294 s
[INFO] ------------------------------------------------------------------------
[INFO] BUILD SUCCESS
[INFO] ------------------------------------------------------------------------
[INFO] Total time:  06:19 min
[INFO] Finished at: 2021-02-24T09:30:40Z
[INFO] ------------------------------------------------------------------------
Congratulations! No build failures found for entando-plugin-jpseo-master.

Showing logs for build [32mentando-entando-plugin-jpseo-ma-c8q72-38[0m stage [32mfrom-build-pack[0m and container [32mstep-promote-changelog[0m
Converted /workspace/source to an unshallow repository
Generating change log from git ref f0eefa242db18db9a8dcadba0b0de6efe49052b8 => af1ae806f5d1d2cd7fc30424acf04a80e849eaf6
Associating user breno-queiroz-0 in users.jenkins.io with email BrenoQVDS to git GitProvider user with login -0 as emails match
Adding label jenkins.io/git-github-userid=-0 to user breno-queiroz-0 in users.jenkins.io
WARNING: Failed to enrich commit 9e3bdb6771c23cd6fcdc9b72d5bdb8b7bed0588f with issues: User.jenkins.io "breno-queiroz-0" is invalid: metadata.labels: Invalid value: "-0": a valid label must be an empty string or consist of alphanumeric characters, '-', '_' or '.', and must start and end with an alphanumeric character (e.g. 'MyValue',  or 'my_value',  or '1***5', regex used for validation is '(([A-Za-z0-9][-A-Za-z0-9_.]*)?[A-Za-z0-9])?')
Associating user breno-queiroz-0 in users.jenkins.io with email BrenoQVDS to git GitProvider user with login -0 as emails match
Adding label jenkins.io/git-github-userid=-0 to user breno-queiroz-0 in users.jenkins.io
WARNING: Failed to enrich commit 9e3bdb6771c23cd6fcdc9b72d5bdb8b7bed0588f with issues: User.jenkins.io "breno-queiroz-0" is invalid: metadata.labels: Invalid value: "-0": a valid label must be an empty string or consist of alphanumeric characters, '-', '_' or '.', and must start and end with an alphanumeric character (e.g. 'MyValue',  or 'my_value',  or '1***5', regex used for validation is '(([A-Za-z0-9][-A-Za-z0-9_.]*)?[A-Za-z0-9])?')
Finding issues in commit messages using git format
Associating user breno-queiroz-0 in users.jenkins.io with email BrenoQVDS to git GitProvider user with login -0 as emails match
Adding label jenkins.io/git-github-userid=-0 to user breno-queiroz-0 in users.jenkins.io
WARNING: Failed to enrich commit 05a45e824ddf9796eb356019ec3d36b2866be8ae with issues: User.jenkins.io "breno-queiroz-0" is invalid: metadata.labels: Invalid value: "-0": a valid label must be an empty string or consist of alphanumeric characters, '-', '_' or '.', and must start and end with an alphanumeric character (e.g. 'MyValue',  or 'my_value',  or '1***5', regex used for validation is '(([A-Za-z0-9][-A-Za-z0-9_.]*)?[A-Za-z0-9])?')
Associating user breno-queiroz-0 in users.jenkins.io with email BrenoQVDS to git GitProvider user with login -0 as emails match
Adding label jenkins.io/git-github-userid=-0 to user breno-queiroz-0 in users.jenkins.io
WARNING: Failed to enrich commit 05a45e824ddf9796eb356019ec3d36b2866be8ae with issues: User.jenkins.io "breno-queiroz-0" is invalid: metadata.labels: Invalid value: "-0": a valid label must be an empty string or consist of alphanumeric characters, '-', '_' or '.', and must start and end with an alphanumeric character (e.g. 'MyValue',  or 'my_value',  or '1***5', regex used for validation is '(([A-Za-z0-9][-A-Za-z0-9_.]*)?[A-Za-z0-9])?')
Associating user breno-queiroz-0 in users.jenkins.io with email BrenoQVDS to git GitProvider user with login -0 as emails match
Adding label jenkins.io/git-github-userid=-0 to user breno-queiroz-0 in users.jenkins.io
WARNING: Failed to enrich commit 1440f0359265c623fb63a5857d5d090091c739b3 with issues: User.jenkins.io "breno-queiroz-0" is invalid: metadata.labels: Invalid value: "-0": a valid label must be an empty string or consist of alphanumeric characters, '-', '_' or '.', and must start and end with an alphanumeric character (e.g. 'MyValue',  or 'my_value',  or '1***5', regex used for validation is '(([A-Za-z0-9][-A-Za-z0-9_.]*)?[A-Za-z0-9])?')
Associating user breno-queiroz-0 in users.jenkins.io with email BrenoQVDS to git GitProvider user with login -0 as emails match
Adding label jenkins.io/git-github-userid=-0 to user breno-queiroz-0 in users.jenkins.io
WARNING: Failed to enrich commit 1440f0359265c623fb63a5857d5d090091c739b3 with issues: User.jenkins.io "breno-queiroz-0" is invalid: metadata.labels: Invalid value: "-0": a valid label must be an empty string or consist of alphanumeric characters, '-', '_' or '.', and must start and end with an alphanumeric character (e.g. 'MyValue',  or 'my_value',  or '1***5', regex used for validation is '(([A-Za-z0-9][-A-Za-z0-9_.]*)?[A-Za-z0-9])?')
WARNING: No release found for entando/entando-plugin-jpseo and tag v6.3.8 so creating a new release
Updated the release information at https://github.com/entando/entando-plugin-jpseo/releases/tag/v6.3.8
generated: /workspace/source/templates/release.yaml
Created Release entando-plugin-jpseo-6-3-8 resource in namespace **
Updating PipelineActivity entando-entando-plugin-jpseo-master-38 with version 6.3.8
Updated PipelineActivities entando-entando-plugin-jpseo-master-38 with release notes URL: https://github.com/entando/entando-plugin-jpseo/releases/tag/v6.3.8

Showing logs for build [32mentando-entando-plugin-jpseo-ma-c8q72-38[0m stage [32mfrom-build-pack[0m and container [32mstep-promote-update-bom[0m
/tmp /workspace/source
Cloning into 'entando-core-bom'...
/tmp/entando-core-bom /tmp /workspace/source
[master f1e13ac] Bumped entando-plugin-jpseo to 6.3.8
 1 file changed, 1 insertion(+), 1 deletion(-)
To https://github.com/entando/entando-core-bom.git
   afe5afb..f1e13ac  master -> master
/tmp /workspace/source
/workspace/source
