
Showing logs for build [32mentando-entando-plugin-jpseo-ma-qccft-4[0m stage [32mfrom-build-pack[0m and container [32mcredential-initializer[0m
{"level":"info","ts":1625242446.1604896,"caller":"creds-init/main.go:44","msg":"Credentials initialized."}

Showing logs for build [32mentando-entando-plugin-jpseo-ma-qccft-4[0m stage [32mfrom-build-pack[0m and container [32mworking-dir-initializer[0m

Showing logs for build [32mentando-entando-plugin-jpseo-ma-qccft-4[0m stage [32mfrom-build-pack[0m and container [32mplace-tools[0m

Showing logs for build [32mentando-entando-plugin-jpseo-ma-qccft-4[0m stage [32mfrom-build-pack[0m and container [32mstep-git-source-entando-entando-plugin-jpseo-ma-qccft-fg94z[0m
{"level":"info","ts":1625242465.2259197,"caller":"git/git.go:105","msg":"Successfully cloned https://github.com/entando/entando-plugin-jpseo.git @ v6.4.1 in path /workspace/source"}
{"level":"warn","ts":1625242465.2267067,"caller":"git/git.go:152","msg":"Unexpected error: creating symlink: symlink /tekton/home/.ssh /****/.ssh: file exists"}
{"level":"info","ts":1625242465.302118,"caller":"git/git.go:133","msg":"Successfully initialized and updated submodules in path /workspace/source"}

Showing logs for build [32mentando-entando-plugin-jpseo-ma-qccft-4[0m stage [32mfrom-build-pack[0m and container [32mstep-setup-builder-home[0m

Showing logs for build [32mentando-entando-plugin-jpseo-ma-qccft-4[0m stage [32mfrom-build-pack[0m and container [32mstep-git-merge[0m
Using SHAs from PULL_REFS=master:f6626c369d0072b0b15922ad29f498e95f343e8a
WARNING: no SHAs to merge, falling back to initial cloned commit

Showing logs for build [32mentando-entando-plugin-jpseo-ma-qccft-4[0m stage [32mfrom-build-pack[0m and container [32mstep-setup-jx-git-credentials[0m
Generated Git credentials file /workspace/xdg_config/git/credentials

Showing logs for build [32mentando-entando-plugin-jpseo-ma-qccft-4[0m stage [32mfrom-build-pack[0m and container [32mstep-build-fetch-history-for-sonar[0m
From https://github.com/entando/entando-plugin-jpseo
 * [new branch]      5.1.1-dev               -> origin/5.1.1-dev
 * [new branch]      EN-4.3.6                -> origin/EN-4.3.6
 * [new branch]      ENG-442-adding-crsf-protection -> origin/ENG-442-adding-crsf-protection
 * [new branch]      ENG-532-improve-the-pr-that-fi**s-jacms-resource-edit -> origin/ENG-532-improve-the-pr-that-fi**s-jacms-resource-edit
 * [new branch]      ENG-773-fix-exp         -> origin/ENG-773-fix-exp
 * [new branch]      PIA-16                  -> origin/PIA-16
 * [new branch]      PIA-16-DEV              -> origin/PIA-16-DEV
 * [new branch]      analysis-ENG-1070       -> origin/analysis-ENG-1070
 * [new branch]      develop                 -> origin/develop
 * [new branch]      github-actions-pipeline -> origin/github-actions-pipeline
 * [new branch]      master                  -> origin/master
 * [new branch]      v5.3.0-dev              -> origin/v5.3.0-dev
 * [new branch]      v6.1.0-release          -> origin/v6.1.0-release
 * [new branch]      v6.1.1-release          -> origin/v6.1.1-release
 * [new branch]      xdev-pom-udpate-2020-12-10_21-46-11 -> origin/xdev-pom-udpate-2020-12-10_21-46-11
 * [new tag]         v6.1.0                  -> v6.1.0
 * [new tag]         v6.1.1                  -> v6.1.1
 * [new tag]         v6.4.1                  -> v6.4.1
 * [new tag]         pia-crs4                -> pia-crs4
 * [new tag]         v4.3.3                  -> v4.3.3
 * [new tag]         v4.3.4                  -> v4.3.4
 * [new tag]         v4.3.5                  -> v4.3.5
 * [new tag]         v5.1.0                  -> v5.1.0
 * [new tag]         v5.2.0                  -> v5.2.0
 * [new tag]         v5.3.0-comca            -> v5.3.0-comca
 * [new tag]         v6.2.0-sprint1-rc       -> v6.2.0-sprint1-rc
 * [new tag]         v6.2.0-sprint2-rc       -> v6.2.0-sprint2-rc
 * [new tag]         v6.2.0-sprint3-rc       -> v6.2.0-sprint3-rc
 * [new tag]         v6.2.0-sprint4-rc       -> v6.2.0-sprint4-rc
 * [new tag]         v6.2.0-sprint5-rc       -> v6.2.0-sprint5-rc

Showing logs for build [32mentando-entando-plugin-jpseo-ma-qccft-4[0m stage [32mfrom-build-pack[0m and container [32mstep-build-mvn-deploy-release[0m
Picked up _JAVA_OPTIONS: -XX:+UnlockExperimentalVMOptions -Dsun.zip.disableMemoryMapping=**** -XX:+UseParallelGC -XX:MinHeapFreeRatio=5 -XX:MaxHeapFreeRatio=10 -XX:GCTimeRatio=4 -XX:AdaptiveSizePolicyWeight=90 -Xms10m -Xmx8000m
[INFO] Scanning for projects...
[WARNING] 
[WARNING] Some problems were encountered while building the effective model for org.entando.entando.plugins:entando-plugin-jpseo:war:6.4.1
[WARNING] 'dependencyManagement.dependencies.dependency.(groupId:artifactId:type:classifier)' must be unique: org.springframework:spring-tx:jar -> version (?) vs ${spring.version} @ org.entando:entando-core-parent:6.4.2, /home/jenkins/.mvnrepository/org/entando/entando-core-parent/6.4.2/entando-core-parent-6.4.2.pom, line 625, column 25
[WARNING] 
[WARNING] It is highly recommended to fix these problems because they threaten the stability of your build.
[WARNING] 
[WARNING] For this reason, future Maven versions might no longer support building such malformed projects.
[WARNING] 
[INFO] 
[INFO] ----------< org.entando.entando.plugins:entando-plugin-jpseo >----------
[INFO] Building Entando Plugin: SEO 6.4.1
[INFO] --------------------------------[ war ]---------------------------------
[WARNING] The POM for com.sun.xml.bind:jaxb-impl:jar:2.2.11 is invalid, transitive dependencies (if any) will not be available, enable debug logging for more details
[WARNING] The POM for com.sun.xml.bind:jaxb-core:jar:2.2.11 is invalid, transitive dependencies (if any) will not be available, enable debug logging for more details
[INFO] 
[INFO] --- maven-clean-plugin:2.5:clean (default-clean) @ entando-plugin-jpseo ---
[INFO] 
[INFO] --- maven-checkstyle-plugin:3.1.1:check (validate) @ entando-plugin-jpseo ---
[INFO] 
[INFO] --- maven-checkstyle-plugin:3.1.1:checkstyle (validate) @ entando-plugin-jpseo ---
[INFO] 
[INFO] --- jacoco-maven-plugin:0.8.6:prepare-agent (prepare-agent) @ entando-plugin-jpseo ---
[INFO] argLine set to -javaagent:/home/jenkins/.mvnrepository/org/jacoco/org.jacoco.agent/0.8.6/org.jacoco.agent-0.8.6-runtime.jar=destfile=/workspace/source/target/jacoco.e**c
[INFO] 
[INFO] --- maven-resources-plugin:2.5:resources (default-resources) @ entando-plugin-jpseo ---
[debug] e**cute contextualize
[INFO] Using 'UTF-8' encoding to copy filtered resources.
[INFO] Copying 12 resources
[INFO] Copying 1 resource
[INFO] Copying 5 resources
[INFO] Copying 12 resources
[INFO] Copying 2 resources to META-INF
[INFO] 
[INFO] --- maven-compiler-plugin:3.8.1:compile (default-compile) @ entando-plugin-jpseo ---
[INFO] Changes detected - recompiling the module!
[INFO] Compiling 50 source files to /workspace/source/target/classes
[WARNING] /workspace/source/src/main/java/org/entando/entando/plugins/jpseo/aps/******/services/page/SeoPageExtraConfigDOM.java:[90,73] unchecked conversion
  required: java.util.List<org.jdom.Element>
  found:    java.util.List
[WARNING] /workspace/source/src/main/java/org/entando/entando/plugins/jpseo/aps/******/services/page/SeoPageExtraConfigDOM.java:[98,65] unchecked conversion
  required: java.util.List<org.jdom.Element>
  found:    java.util.List
[WARNING] /workspace/source/src/main/java/org/entando/entando/plugins/jpseo/aps/******/services/page/SeoPageExtraConfigDOM.java:[120,66] unchecked conversion
  required: java.util.List<org.jdom.Element>
  found:    java.util.List
[WARNING] /workspace/source/src/main/java/org/entando/entando/plugins/jpseo/aps/******/services/page/SeoPageExtraConfigDOM.java:[184,70] unchecked conversion
  required: java.util.List<org.jdom.Element>
  found:    java.util.List
[WARNING] /workspace/source/src/main/java/org/entando/entando/plugins/jpseo/aps/******/services/page/SeoPageExtraConfigDOM.java:[201,70] unchecked conversion
  required: java.util.List<org.jdom.Element>
  found:    java.util.List
[WARNING] /workspace/source/src/main/java/org/entando/entando/plugins/jpseo/aps/******/services/page/SeoPageService.java:[279,62] unchecked conversion
  required: java.util.Map<java.lang.String,java.util.Map<java.lang.String,org.entando.entando.plugins.jpseo.aps.******.services.page.PageMetatag>>
  found:    java.util.HashMap
[WARNING] /workspace/source/src/main/java/org/entando/entando/plugins/jpseo/aps/******/services/mapping/cache/SeoMappingCacheWrapper.java:[121,61] unchecked cast
  required: java.util.List<java.lang.String>
  found:    java.util.List
[WARNING] /workspace/source/src/main/java/org/entando/entando/plugins/jpseo/aps/******/services/mapping/cache/SeoMappingCacheWrapper.java:[131,56] unchecked cast
  required: java.util.List<java.lang.String>
  found:    java.util.List
[WARNING] /workspace/source/src/main/java/org/entando/entando/plugins/jpseo/aps/******/services/mapping/cache/SeoMappingCacheWrapper.java:[169,46] unchecked conversion
  required: java.util.Map<java.lang.String,java.lang.String>
  found:    java.util.Map
[WARNING] /workspace/source/src/main/java/org/entando/entando/plugins/jpseo/aps/******/services/mapping/cache/SeoMappingCacheWrapper.java:[176,46] unchecked conversion
  required: java.util.Map<java.lang.String,java.lang.String>
  found:    java.util.Map
[WARNING] /workspace/source/src/main/java/org/entando/entando/plugins/jpseo/aps/tags/SiteMapTag.java:[90,44] unchecked call to FieldSearchFilter(java.lang.String,T,boolean) as a member of the raw type com.agiletec.aps.******.common.FieldSearchFilter
[WARNING] /workspace/source/src/main/java/org/entando/entando/plugins/jpseo/aps/******/services/url/URLManager.java:[68,54] unchecked method invocation: method createURL in class com.agiletec.aps.******.services.url.URLManager is applied to given types
  required: com.agiletec.aps.******.services.page.IPage,com.agiletec.aps.******.services.lang.Lang,java.util.Map<java.lang.String,java.lang.String>,boolean,java.lang.String,javax.servlet.http.HttpServletRequest
  found: com.agiletec.aps.******.services.page.IPage,com.agiletec.aps.******.services.lang.Lang,java.util.Map,boolean,java.lang.String,javax.servlet.http.HttpServletRequest
[WARNING] /workspace/source/src/main/java/org/entando/entando/plugins/jpseo/aps/******/services/url/URLManager.java:[68,88] unchecked conversion
  required: java.util.Map<java.lang.String,java.lang.String>
  found:    java.util.Map
[WARNING] /workspace/source/src/main/java/org/entando/entando/plugins/jpseo/aps/******/services/url/URLManager.java:[70,61] unchecked method invocation: method createFriendlyUrl in class org.entando.entando.plugins.jpseo.aps.******.services.url.URLManager is applied to given types
  required: java.lang.String,com.agiletec.aps.******.services.lang.Lang,java.util.Map<java.lang.String,java.lang.String>,boolean,java.lang.String,javax.servlet.http.HttpServletRequest
  found: java.lang.String,com.agiletec.aps.******.services.lang.Lang,java.util.Map,boolean,java.lang.String,javax.servlet.http.HttpServletRequest
[WARNING] /workspace/source/src/main/java/org/entando/entando/plugins/jpseo/aps/******/services/url/URLManager.java:[70,99] unchecked conversion
  required: java.util.Map<java.lang.String,java.lang.String>
  found:    java.util.Map
[WARNING] /workspace/source/src/main/java/org/entando/entando/plugins/jpseo/aps/******/services/metatag/MetatagDOM.java:[44,83] unchecked conversion
  required: java.util.List<org.jdom.Element>
  found:    java.util.List
[WARNING] /workspace/source/src/main/java/org/entando/entando/plugins/jpseo/aps/******/sitemap/SitemapAction.java:[109,44] unchecked call to FieldSearchFilter(java.lang.String,T,boolean) as a member of the raw type com.agiletec.aps.******.common.FieldSearchFilter
[INFO] /workspace/source/src/main/java/org/entando/entando/plugins/jpseo/aps/******/services/controller/control/RequestValidator.java: /workspace/source/src/main/java/org/entando/entando/plugins/jpseo/aps/******/services/controller/control/RequestValidator.java uses or overrides a deprecated API.
[INFO] /workspace/source/src/main/java/org/entando/entando/plugins/jpseo/aps/******/services/controller/control/RequestValidator.java: Recompile with -Xlint:deprecation for details.
[INFO] 
[INFO] --- maven-resources-plugin:2.5:copy-resources (copy-resources-test) @ entando-plugin-jpseo ---
[debug] e**cute contextualize
[INFO] Using 'UTF-8' encoding to copy filtered resources.
[INFO] Copying 5 resources
[INFO] 
[INFO] --- maven-resources-plugin:2.5:copy-resources (copy-resources-file-test-) @ entando-plugin-jpseo ---
[debug] e**cute contextualize
[INFO] Using 'UTF-8' encoding to copy filtered resources.
[INFO] Copying 5 resources
[INFO] 
[INFO] --- maven-resources-plugin:2.5:testResources (default-testResources) @ entando-plugin-jpseo ---
[debug] e**cute contextualize
[INFO] Using 'UTF-8' encoding to copy filtered resources.
[INFO] Copying 3 resources
[INFO] 
[INFO] --- maven-compiler-plugin:3.8.1:testCompile (default-testCompile) @ entando-plugin-jpseo ---
[INFO] Changes detected - recompiling the module!
[INFO] Compiling 13 source files to /workspace/source/target/test-classes
[WARNING] /workspace/source/src/test/java/org/entando/entando/plugins/jpseo/aps*****/content/ContentActionIntegrationTest.java:[68,46] unchecked call to EntitySearchFilter(java.lang.String,boolean,T,boolean) as a member of the raw type com.agiletec.aps.******.common.entity.model.EntitySearchFilter
[WARNING] /workspace/source/src/test/java/org/entando/entando/plugins/jpseo/aps*****/portal/PageActionIntegrationTest.java:[90,125] unchecked cast
  required: java.util.Map<java.lang.String,java.util.Map<java.lang.String,org.entando.entando.plugins.jpseo.aps.******.services.page.PageMetatag>>
  found:    java.lang.Object
[WARNING] /workspace/source/src/test/java/org/entando/entando/plugins/jpseo/aps*****/portal/PageActionIntegrationTest.java:[511,67] unchecked conversion
  required: java.util.Map<java.lang.String,java.util.Map<java.lang.String,org.entando.entando.plugins.jpseo.aps.******.services.page.PageMetatag>>
  found:    java.util.Map
[WARNING] /workspace/source/src/test/java/org/entando/entando/plugins/jpseo/aps*****/portal/PageActionIntegrationTest.java:[523,29] unchecked conversion
  required: java.util.Map<java.lang.String,java.util.Map<java.lang.String,org.entando.entando.plugins.jpseo.aps.******.services.page.PageMetatag>>
  found:    java.util.Map
[WARNING] /workspace/source/src/test/java/org/entando/entando/plugins/jpseo/aps*****/portal/PageSettingsActionAspectTest.java:[100,49] unchecked method invocation: method convertValue in class com.opensymphony.xwork2.conversion.impl.XWorkConverter is applied to given types
  required: java.util.Map<java.lang.String,java.lang.Object>,java.lang.Object,java.lang.Class
  found: java.util.Map,java.lang.Object,java.lang.Class
[WARNING] /workspace/source/src/test/java/org/entando/entando/plugins/jpseo/aps*****/portal/PageSettingsActionAspectTest.java:[100,61] unchecked conversion
  required: java.util.Map<java.lang.String,java.lang.Object>
  found:    java.util.Map
[INFO] 
[INFO] --- maven-surefire-plugin:3.0.0-M4:test (default-test) @ entando-plugin-jpseo ---
[INFO] 
[INFO] -------------------------------------------------------
[INFO]  T E S T S
[INFO] -------------------------------------------------------
[INFO] Running org.entando.entando.aps.******.services.controller.control.SeoRequestValidatorIntegrationTest
SLF4J: Class path contains multiple SLF4J bindings.
SLF4J: Found binding in [jar:file:/home/jenkins/.mvnrepository/org/slf4j/slf4j-jdk14/1.7.26/slf4j-jdk14-1.7.26.jar!/org/slf4j/impl/StaticLoggerBinder.class]
SLF4J: Found binding in [jar:file:/home/jenkins/.mvnrepository/ch/qos/logback/logback-classic/1.2.3/logback-classic-1.2.3.jar!/org/slf4j/impl/StaticLoggerBinder.class]
SLF4J: See http://www.slf4j.org/codes.html#multiple_bindings for an explanation.
SLF4J: Actual binding is of type [org.slf4j.impl.JDK14LoggerFactory]
Jul 02, 2021 4:15:00 PM org.springframework.mock.jndi.SimpleNamingContextBuilder activate
INFO: Activating simple JNDI environment
Jul 02, 2021 4:15:00 PM org.springframework.mock.jndi.SimpleNamingContextBuilder bind
INFO: Static JNDI binding: [java:comp/env/logName] = [/workspace/source/target/test/entando-plugin-jpseo]
Jul 02, 2021 4:15:00 PM org.springframework.mock.jndi.SimpleNamingContextBuilder bind
INFO: Static JNDI binding: [java:comp/env/logFileRotatePattern] = [/workspace/source/target/test/entando-plugin-jpseo_logs/entando-plugin-jpseo-%i.log.gz]
Jul 02, 2021 4:15:00 PM org.springframework.mock.jndi.SimpleNamingContextBuilder bind
INFO: Static JNDI binding: [java:comp/env/logLevel] = [ERROR]
Jul 02, 2021 4:15:00 PM org.springframework.mock.jndi.SimpleNamingContextBuilder bind
INFO: Static JNDI binding: [java:comp/env/logFileSize] = [1048576]
Jul 02, 2021 4:15:00 PM org.springframework.mock.jndi.SimpleNamingContextBuilder bind
INFO: Static JNDI binding: [java:comp/env/logFilesCount] = [10]
Jul 02, 2021 4:15:00 PM org.springframework.mock.jndi.SimpleNamingContextBuilder bind
INFO: Static JNDI binding: [java:comp/env/configVersion] = [test]
Jul 02, 2021 4:15:00 PM org.springframework.mock.jndi.SimpleNamingContextBuilder bind
INFO: Static JNDI binding: [java:comp/env/applicationBaseURL] = [/Entando/]
Jul 02, 2021 4:15:00 PM org.springframework.mock.jndi.SimpleNamingContextBuilder bind
INFO: Static JNDI binding: [java:comp/env/resourceRootURL] = [/Entando/resources/]
Jul 02, 2021 4:15:00 PM org.springframework.mock.jndi.SimpleNamingContextBuilder bind
INFO: Static JNDI binding: [java:comp/env/protectedResourceRootURL] = [/Entando/protected/]
Jul 02, 2021 4:15:00 PM org.springframework.mock.jndi.SimpleNamingContextBuilder bind
INFO: Static JNDI binding: [java:comp/env/resourceDiskRootFolder] = [target/test/resources/]
Jul 02, 2021 4:15:00 PM org.springframework.mock.jndi.SimpleNamingContextBuilder bind
INFO: Static JNDI binding: [java:comp/env/protectedResourceDiskRootFolder] = [target/test/protected/]
Jul 02, 2021 4:15:00 PM org.springframework.mock.jndi.SimpleNamingContextBuilder bind
INFO: Static JNDI binding: [java:comp/env/indexDiskRootFolder] = [target/test/indexdir]
Jul 02, 2021 4:15:00 PM org.springframework.mock.jndi.SimpleNamingContextBuilder bind
INFO: Static JNDI binding: [java:comp/env/portDataSourceClassName] = [org.apache.derby.jdbc.EmbeddedDriver]
Jul 02, 2021 4:15:00 PM org.springframework.mock.jndi.SimpleNamingContextBuilder bind
INFO: Static JNDI binding: [java:comp/env/logActiveFileOutput] = [false]
Jul 02, 2021 4:15:00 PM org.springframework.mock.jndi.SimpleNamingContextBuilder bind
INFO: Static JNDI binding: [java:comp/env/jdbc.servDb.url] = [jdbc:derby:/workspace/source/target/test/db/entando-plugin-jpseotestServ;create=****]
Jul 02, 2021 4:15:00 PM org.springframework.mock.jndi.SimpleNamingContextBuilder bind
INFO: Static JNDI binding: [java:comp/env/servDataSourceClassName] = [org.apache.derby.jdbc.EmbeddedDriver]
Jul 02, 2021 4:15:00 PM org.springframework.mock.jndi.SimpleNamingContextBuilder bind
INFO: Static JNDI binding: [java:comp/env/logFilesCount] = [10]
Jul 02, 2021 4:15:00 PM org.springframework.mock.jndi.SimpleNamingContextBuilder bind
INFO: Static JNDI binding: [java:comp/env/applicationBaseURL] = [/Entando/]
Jul 02, 2021 4:15:00 PM org.springframework.mock.jndi.SimpleNamingContextBuilder bind
INFO: Static JNDI binding: [java:comp/env/jdbc.portDb.password] = [agile]
Jul 02, 2021 4:15:00 PM org.springframework.mock.jndi.SimpleNamingContextBuilder bind
INFO: Static JNDI binding: [java:comp/env/logLevel] = [ERROR]
Jul 02, 2021 4:15:00 PM org.springframework.mock.jndi.SimpleNamingContextBuilder bind
INFO: Static JNDI binding: [java:comp/env/indexDiskRootFolder] = [target/test/indexdir]
Jul 02, 2021 4:15:00 PM org.springframework.mock.jndi.SimpleNamingContextBuilder bind
INFO: Static JNDI binding: [java:comp/env/logFileSize] = [1048576]
Jul 02, 2021 4:15:00 PM org.springframework.mock.jndi.SimpleNamingContextBuilder bind
INFO: Static JNDI binding: [java:comp/env/resourceDiskRootFolder] = [target/test/resources/]
Jul 02, 2021 4:15:00 PM org.springframework.mock.jndi.SimpleNamingContextBuilder bind
INFO: Static JNDI binding: [java:comp/env/protectedResourceRootURL] = [/Entando/protected/]
Jul 02, 2021 4:15:00 PM org.springframework.mock.jndi.SimpleNamingContextBuilder bind
INFO: Static JNDI binding: [java:comp/env/resourceRootURL] = [/Entando/resources/]
Jul 02, 2021 4:15:00 PM org.springframework.mock.jndi.SimpleNamingContextBuilder bind
INFO: Static JNDI binding: [java:comp/env/configVersion] = [test]
Jul 02, 2021 4:15:00 PM org.springframework.mock.jndi.SimpleNamingContextBuilder bind
INFO: Static JNDI binding: [java:comp/env/jdbc.servDb.beanName] = [servDataSource]
Jul 02, 2021 4:15:00 PM org.springframework.mock.jndi.SimpleNamingContextBuilder bind
INFO: Static JNDI binding: [java:comp/env/jdbc.portDb.url] = [jdbc:derby:/workspace/source/target/test/db/entando-plugin-jpseotestPort;create=****]
Jul 02, 2021 4:15:00 PM org.springframework.mock.jndi.SimpleNamingContextBuilder bind
INFO: Static JNDI binding: [java:comp/env/jdbc.servDb.driverClassName] = [org.apache.derby.jdbc.EmbeddedDriver]
Jul 02, 2021 4:15:00 PM org.springframework.mock.jndi.SimpleNamingContextBuilder bind
INFO: Static JNDI binding: [java:comp/env/protectedResourceDiskRootFolder] = [target/test/protected/]
Jul 02, 2021 4:15:00 PM org.springframework.mock.jndi.SimpleNamingContextBuilder bind
INFO: Static JNDI binding: [java:comp/env/jdbc.portDb.beanName] = [portDataSource]
Jul 02, 2021 4:15:00 PM org.springframework.mock.jndi.SimpleNamingContextBuilder bind
INFO: Static JNDI binding: [java:comp/env/jdbc.servDb.password] = [agile]
Jul 02, 2021 4:15:00 PM org.springframework.mock.jndi.SimpleNamingContextBuilder bind
INFO: Static JNDI binding: [java:comp/env/jdbc.portDb.driverClassName] = [org.apache.derby.jdbc.EmbeddedDriver]
Jul 02, 2021 4:15:00 PM org.springframework.mock.jndi.SimpleNamingContextBuilder bind
INFO: Static JNDI binding: [java:comp/env/jdbc.portDb.username] = [agile]
Jul 02, 2021 4:15:00 PM org.springframework.mock.jndi.SimpleNamingContextBuilder bind
INFO: Static JNDI binding: [java:comp/env/jdbc.servDb.username] = [agile]
Jul 02, 2021 4:15:00 PM org.springframework.mock.jndi.SimpleNamingContextBuilder bind
INFO: Static JNDI binding: [java:comp/env/logName] = [/workspace/source/target/test/entando-plugin-jpseo]
Jul 02, 2021 4:15:00 PM org.springframework.mock.jndi.SimpleNamingContextBuilder bind
INFO: Static JNDI binding: [java:comp/env/logFileRotatePattern] = [/workspace/source/target/test/entando-plugin-jpseo_logs/entando-plugin-jpseo-%i.log.gz]
Jul 02, 2021 4:15:01 PM org.springframework.mock.jndi.SimpleNamingContextBuilder bind
INFO: Static JNDI binding: [java:comp/env/jdbc/servDataSource] = [org.apache.commons.dbcp2.BasicDataSource@6a1d1467]
Jul 02, 2021 4:15:01 PM org.springframework.mock.jndi.SimpleNamingContextBuilder bind
INFO: Static JNDI binding: [java:comp/env/jdbc/portDataSource] = [org.apache.commons.dbcp2.BasicDataSource@536da29c]
Jul 02, 2021 4:15:01 PM org.springframework.mock.web.MockServletContext log
INFO: Initializing Spring **** WebApplicationContext
Jul 02, 2021 4:15:01 PM org.springframework.web.context.ContextLoader initWebApplicationContext
INFO: Root WebApplicationContext: initialization started
Jul 02, 2021 4:15:10 PM org.entando.entando.ent.util.EntLogging$EntLogger info
INFO: Report not availablejava.sql.SQLSyntaxErrorException: Schema 'AGILE' does not exist
Jul 02, 2021 4:15:10 PM org.entando.entando.ent.util.EntLogging$EntLogger info
INFO: + [ Component: Core ] :: DATA
|   
Jul 02, 2021 4:15:11 PM org.entando.entando.ent.util.EntLogging$EntLogger info
INFO: Created table - portDataSource/sysconfig
Jul 02, 2021 4:15:11 PM org.entando.entando.ent.util.EntLogging$EntLogger info
INFO: Created table - portDataSource/categories
Jul 02, 2021 4:15:11 PM org.entando.entando.ent.util.EntLogging$EntLogger info
INFO: Created table - portDataSource/localstrings
Jul 02, 2021 4:15:11 PM org.entando.entando.ent.util.EntLogging$EntLogger info
INFO: Created table - portDataSource/pagemodels
Jul 02, 2021 4:15:11 PM org.entando.entando.ent.util.EntLogging$EntLogger info
INFO: Created table - portDataSource/pages
Jul 02, 2021 4:15:11 PM org.entando.entando.ent.util.EntLogging$EntLogger info
INFO: Created table - portDataSource/pages_metadata_online
Jul 02, 2021 4:15:11 PM org.entando.entando.ent.util.EntLogging$EntLogger info
INFO: Created table - portDataSource/pages_metadata_draft
Jul 02, 2021 4:15:11 PM org.entando.entando.ent.util.EntLogging$EntLogger info
INFO: Created table - portDataSource/widgetcatalog
Jul 02, 2021 4:15:11 PM org.entando.entando.ent.util.EntLogging$EntLogger info
INFO: Created table - portDataSource/guifragment
Jul 02, 2021 4:15:11 PM org.entando.entando.ent.util.EntLogging$EntLogger info
INFO: Created table - portDataSource/widgetconfig
Jul 02, 2021 4:15:11 PM org.entando.entando.ent.util.EntLogging$EntLogger info
INFO: Created table - portDataSource/widgetconfig_draft
Jul 02, 2021 4:15:11 PM org.entando.entando.ent.util.EntLogging$EntLogger info
INFO: Created table - portDataSource/uniquekeys
Jul 02, 2021 4:15:11 PM org.entando.entando.ent.util.EntLogging$EntLogger info
INFO: Created table - portDataSource/userpreferences
Jul 02, 2021 4:15:12 PM org.entando.entando.ent.util.EntLogging$EntLogger info
INFO: Created table - servDataSource/authgroups
Jul 02, 2021 4:15:12 PM org.entando.entando.ent.util.EntLogging$EntLogger info
INFO: Created table - servDataSource/authpermissions
Jul 02, 2021 4:15:12 PM org.entando.entando.ent.util.EntLogging$EntLogger info
INFO: Created table - servDataSource/authroles
Jul 02, 2021 4:15:12 PM org.entando.entando.ent.util.EntLogging$EntLogger info
INFO: Created table - servDataSource/authrolepermissions
Jul 02, 2021 4:15:12 PM org.entando.entando.ent.util.EntLogging$EntLogger info
INFO: Created table - servDataSource/authusers
Jul 02, 2021 4:15:12 PM org.entando.entando.ent.util.EntLogging$EntLogger info
INFO: Created table - servDataSource/authusergrouprole
Jul 02, 2021 4:15:12 PM org.entando.entando.ent.util.EntLogging$EntLogger info
INFO: Created table - servDataSource/api_oauth_consumers
Jul 02, 2021 4:15:12 PM org.entando.entando.ent.util.EntLogging$EntLogger info
INFO: Created table - servDataSource/api_oauth_tokens
Jul 02, 2021 4:15:12 PM org.entando.entando.ent.util.EntLogging$EntLogger info
INFO: Created table - servDataSource/apicatalog_methods
Jul 02, 2021 4:15:12 PM org.entando.entando.ent.util.EntLogging$EntLogger info
INFO: Created table - servDataSource/apicatalog_services
Jul 02, 2021 4:15:12 PM org.entando.entando.ent.util.EntLogging$EntLogger info
INFO: Created table - servDataSource/authuserprofiles
Jul 02, 2021 4:15:12 PM org.entando.entando.ent.util.EntLogging$EntLogger info
INFO: Created table - servDataSource/authuserprofilesearch
Jul 02, 2021 4:15:12 PM org.entando.entando.ent.util.EntLogging$EntLogger info
INFO: Created table - servDataSource/authuserprofileattrroles
Jul 02, 2021 4:15:13 PM org.entando.entando.ent.util.EntLogging$EntLogger info
INFO: Created table - servDataSource/actionlogrecords
Jul 02, 2021 4:15:13 PM org.entando.entando.ent.util.EntLogging$EntLogger info
INFO: Created table - servDataSource/actionlogrelations
Jul 02, 2021 4:15:13 PM org.entando.entando.ent.util.EntLogging$EntLogger info
INFO: Created table - servDataSource/actionloglikerecords
Jul 02, 2021 4:15:13 PM org.entando.entando.ent.util.EntLogging$EntLogger info
INFO: Created table - servDataSource/actionlogcommentrecords
Jul 02, 2021 4:15:13 PM org.entando.entando.ent.util.EntLogging$EntLogger info
INFO: + [ Component: jacms ] :: DATA
|   
Jul 02, 2021 4:15:13 PM org.entando.entando.ent.util.EntLogging$EntLogger info
INFO: Created table - portDataSource/contentmodels
Jul 02, 2021 4:15:13 PM org.entando.entando.ent.util.EntLogging$EntLogger info
INFO: Created table - portDataSource/contents
Jul 02, 2021 4:15:13 PM org.entando.entando.ent.util.EntLogging$EntLogger info
INFO: Created table - portDataSource/resources
Jul 02, 2021 4:15:13 PM org.entando.entando.ent.util.EntLogging$EntLogger info
INFO: Created table - portDataSource/resourcerelations
Jul 02, 2021 4:15:13 PM org.entando.entando.ent.util.EntLogging$EntLogger info
INFO: Created table - portDataSource/contentrelations
Jul 02, 2021 4:15:13 PM org.entando.entando.ent.util.EntLogging$EntLogger info
INFO: Created table - portDataSource/contentsearch
Jul 02, 2021 4:15:13 PM org.entando.entando.ent.util.EntLogging$EntLogger info
INFO: Created table - portDataSource/contentattributeroles
Jul 02, 2021 4:15:13 PM org.entando.entando.ent.util.EntLogging$EntLogger info
INFO: Created table - portDataSource/workcontentrelations
Jul 02, 2021 4:15:13 PM org.entando.entando.ent.util.EntLogging$EntLogger info
INFO: Created table - portDataSource/workcontentsearch
Jul 02, 2021 4:15:13 PM org.entando.entando.ent.util.EntLogging$EntLogger info
INFO: Created table - portDataSource/workcontentattributeroles
Jul 02, 2021 4:15:13 PM org.entando.entando.ent.util.EntLogging$EntLogger info
INFO: + [ Component: entando-*****-console ] :: DATA
|   
Jul 02, 2021 4:15:13 PM org.entando.entando.ent.util.EntLogging$EntLogger info
INFO: Created table - servDataSource/authusershortcuts
Jul 02, 2021 4:15:13 PM org.entando.entando.ent.util.EntLogging$EntLogger info
INFO: + [ Component: entando-portal-ui ] :: DATA
|   
Jul 02, 2021 4:15:13 PM org.entando.entando.ent.util.EntLogging$EntLogger info
INFO: + [ Component: jpseo ] :: DATA
|   
Jul 02, 2021 4:15:13 PM org.entando.entando.ent.util.EntLogging$EntLogger info
INFO: Created table - portDataSource/jpseo_friendlycode
Jul 02, 2021 4:15:13 PM org.entando.entando.ent.util.EntLogging$EntLogger info
INFO: + [ Component: Core ] :: DATA
|   
Jul 02, 2021 4:15:14 PM org.entando.entando.ent.util.EntLogging$EntLogger info
INFO: + [ Component: jacms ] :: DATA
|   
Jul 02, 2021 4:15:15 PM org.entando.entando.ent.util.EntLogging$EntLogger info
INFO: + [ Component: entando-*****-console ] :: DATA
|   
Jul 02, 2021 4:15:15 PM org.entando.entando.ent.util.EntLogging$EntLogger info
INFO: + [ Component: entando-portal-ui ] :: DATA
|   
Jul 02, 2021 4:15:15 PM org.entando.entando.ent.util.EntLogging$EntLogger info
INFO: + [ Component: jpseo ] :: DATA
|   
Jul 02, 2021 4:15:21 PM org.entando.entando.ent.util.EntLogging$EntLogger info
INFO: Successfully created a random page_preview_hash
Jul 02, 2021 4:15:31 PM org.springframework.security.web.DefaultSecurityFilterChain <init>
INFO: Will secure Or [Ant [pattern='/oauth/token'], Ant [pattern='/oauth/token_key'], Ant [pattern='/oauth/check_token']] with [org.springframework.security.web.context.request.async.WebAsyncManagerIntegrationFilter@4a9c172a, org.springframework.security.web.context.SecurityContextPersistenceFilter@50a94a76, org.springframework.security.web.header.HeaderWriterFilter@3633fef3, org.springframework.security.web.authentication.logout.LogoutFilter@11088b9e, org.springframework.web.filter.CorsFilter@475454b6, org.springframework.security.web.authentication.www.BasicAuthenticationFilter@a1694dc, org.springframework.security.web.savedrequest.RequestCacheAwareFilter@222e30af, org.springframework.security.web.servletapi.SecurityContextHolderAwareRequestFilter@45bd2da1, org.springframework.security.web.authentication.AnonymousAuthenticationFilter@1136b06a, org.springframework.security.web.session.SessionManagementFilter@50597966, org.springframework.security.web.access.ExceptionTranslationFilter@5c43c458, org.springframework.security.web.access.intercept.FilterSecurityInterceptor@1e74f3f2]
Jul 02, 2021 4:15:31 PM org.springframework.security.web.DefaultSecurityFilterChain <init>
INFO: Will secure any request with [org.springframework.security.web.context.request.async.WebAsyncManagerIntegrationFilter@65a49022, org.springframework.security.web.context.SecurityContextPersistenceFilter@25c68605, org.springframework.security.web.header.HeaderWriterFilter@393165f1, org.springframework.web.filter.CorsFilter@475454b6, org.springframework.security.web.authentication.logout.LogoutFilter@68fd3c4d, org.springframework.security.web.savedrequest.RequestCacheAwareFilter@426e3498, org.springframework.security.web.servletapi.SecurityContextHolderAwareRequestFilter@366ca7c2, org.springframework.security.web.session.SessionManagementFilter@332e21b2, org.springframework.security.web.access.ExceptionTranslationFilter@10778178]
Jul 02, 2021 4:15:32 PM org.springframework.web.context.ContextLoader initWebApplicationContext
INFO: Root WebApplicationContext initialized in 30664 ms
Jul 02, 2021 4:15:34 PM org.entando.entando.ent.util.EntLogging$EntLogger info
INFO: + [ Component: Core ] :: DATA
|   
Jul 02, 2021 4:15:34 PM org.entando.entando.ent.util.EntLogging$EntLogger info
INFO: + [ Component: jacms ] :: DATA
|   
Jul 02, 2021 4:15:34 PM org.entando.entando.ent.util.EntLogging$EntLogger info
INFO: + [ Component: entando-*****-console ] :: DATA
|   
Jul 02, 2021 4:15:34 PM org.entando.entando.ent.util.EntLogging$EntLogger info
INFO: + [ Component: entando-portal-ui ] :: DATA
|   
Jul 02, 2021 4:15:34 PM org.entando.entando.ent.util.EntLogging$EntLogger info
INFO: + [ Component: jpseo ] :: DATA
|   
Jul 02, 2021 4:15:34 PM org.entando.entando.ent.util.EntLogging$EntLogger info
INFO: + [ Component: Core ] :: DATA
|   
Jul 02, 2021 4:15:34 PM org.entando.entando.ent.util.EntLogging$EntLogger info
INFO: + [ Component: jacms ] :: DATA
|   
Jul 02, 2021 4:15:34 PM org.entando.entando.ent.util.EntLogging$EntLogger info
INFO: + [ Component: entando-*****-console ] :: DATA
|   
Jul 02, 2021 4:15:34 PM org.entando.entando.ent.util.EntLogging$EntLogger info
INFO: + [ Component: entando-portal-ui ] :: DATA
|   
Jul 02, 2021 4:15:34 PM org.entando.entando.ent.util.EntLogging$EntLogger info
INFO: + [ Component: jpseo ] :: DATA
|   
Jul 02, 2021 4:15:42 PM org.springframework.security.web.DefaultSecurityFilterChain <init>
INFO: Will secure Or [Ant [pattern='/oauth/token'], Ant [pattern='/oauth/token_key'], Ant [pattern='/oauth/check_token']] with [org.springframework.security.web.context.request.async.WebAsyncManagerIntegrationFilter@5510bed9, org.springframework.security.web.context.SecurityContextPersistenceFilter@6e8d4427, org.springframework.security.web.header.HeaderWriterFilter@6dce588a, org.springframework.security.web.authentication.logout.LogoutFilter@56a4dc1f, org.springframework.web.filter.CorsFilter@74e859c0, org.springframework.security.web.authentication.www.BasicAuthenticationFilter@5fc104ac, org.springframework.security.web.savedrequest.RequestCacheAwareFilter@d0be065, org.springframework.security.web.servletapi.SecurityContextHolderAwareRequestFilter@535aba15, org.springframework.security.web.authentication.AnonymousAuthenticationFilter@442d6b70, org.springframework.security.web.session.SessionManagementFilter@6e2e3572, org.springframework.security.web.access.ExceptionTranslationFilter@3e028ee3, org.springframework.security.web.access.intercept.FilterSecurityInterceptor@14d05837]
Jul 02, 2021 4:15:42 PM org.springframework.security.web.DefaultSecurityFilterChain <init>
INFO: Will secure any request with [org.springframework.security.web.context.request.async.WebAsyncManagerIntegrationFilter@5d9a945b, org.springframework.security.web.context.SecurityContextPersistenceFilter@43729088, org.springframework.security.web.header.HeaderWriterFilter@88c5aae, org.springframework.web.filter.CorsFilter@74e859c0, org.springframework.security.web.authentication.logout.LogoutFilter@79b2770f, org.springframework.security.web.savedrequest.RequestCacheAwareFilter@56b46df6, org.springframework.security.web.servletapi.SecurityContextHolderAwareRequestFilter@33ae2c3f, org.springframework.security.web.session.SessionManagementFilter@741dc0aa, org.springframework.security.web.access.ExceptionTranslationFilter@7b02afc9]
[INFO] Tests run: 2, Failures: 0, Errors: 0, Skipped: 0, Time elapsed: 44.327 s - in org.entando.entando.aps.******.services.controller.control.SeoRequestValidatorIntegrationTest
Jul 02, 2021 4:15:44 PM org.springframework.mock.jndi.SimpleNamingContextBuilder bind
INFO: Static JNDI binding: [java:comp/env/logName] = [/workspace/source/target/test/entando-plugin-jpseo]
Jul 02, 2021 4:15:44 PM org.springframework.mock.jndi.SimpleNamingContextBuilder bind
INFO: Static JNDI binding: [java:comp/env/logFileRotatePattern] = [/workspace/source/target/test/entando-plugin-jpseo_logs/entando-plugin-jpseo-%i.log.gz]
Jul 02, 2021 4:15:44 PM org.springframework.mock.jndi.SimpleNamingContextBuilder bind
INFO: Static JNDI binding: [java:comp/env/logLevel] = [ERROR]
Jul 02, 2021 4:15:44 PM org.springframework.mock.jndi.SimpleNamingContextBuilder bind
INFO: Static JNDI binding: [java:comp/env/logFileSize] = [1048576]
Jul 02, 2021 4:15:44 PM org.springframework.mock.jndi.SimpleNamingContextBuilder bind
INFO: Static JNDI binding: [java:comp/env/logFilesCount] = [10]
Jul 02, 2021 4:15:44 PM org.springframework.mock.jndi.SimpleNamingContextBuilder bind
INFO: Static JNDI binding: [java:comp/env/configVersion] = [test]
Jul 02, 2021 4:15:44 PM org.springframework.mock.jndi.SimpleNamingContextBuilder bind
INFO: Static JNDI binding: [java:comp/env/applicationBaseURL] = [/Entando/]
Jul 02, 2021 4:15:44 PM org.springframework.mock.jndi.SimpleNamingContextBuilder bind
INFO: Static JNDI binding: [java:comp/env/resourceRootURL] = [/Entando/resources/]
Jul 02, 2021 4:15:44 PM org.springframework.mock.jndi.SimpleNamingContextBuilder bind
INFO: Static JNDI binding: [java:comp/env/protectedResourceRootURL] = [/Entando/protected/]
[INFO] Running org.entando.entando.plugins.jpseo.aps*****.content.ContentActionIntegrationTest
Jul 02, 2021 4:15:44 PM org.springframework.mock.jndi.SimpleNamingContextBuilder bind
INFO: Static JNDI binding: [java:comp/env/resourceDiskRootFolder] = [target/test/resources/]
Jul 02, 2021 4:15:44 PM org.springframework.mock.jndi.SimpleNamingContextBuilder bind
INFO: Static JNDI binding: [java:comp/env/protectedResourceDiskRootFolder] = [target/test/protected/]
Jul 02, 2021 4:15:44 PM org.springframework.mock.jndi.SimpleNamingContextBuilder bind
INFO: Static JNDI binding: [java:comp/env/indexDiskRootFolder] = [target/test/indexdir]
Jul 02, 2021 4:15:44 PM org.springframework.mock.jndi.SimpleNamingContextBuilder bind
INFO: Static JNDI binding: [java:comp/env/portDataSourceClassName] = [org.apache.derby.jdbc.EmbeddedDriver]
Jul 02, 2021 4:15:44 PM org.springframework.mock.jndi.SimpleNamingContextBuilder bind
INFO: Static JNDI binding: [java:comp/env/logActiveFileOutput] = [false]
Jul 02, 2021 4:15:44 PM org.springframework.mock.jndi.SimpleNamingContextBuilder bind
INFO: Static JNDI binding: [java:comp/env/jdbc.servDb.url] = [jdbc:derby:/workspace/source/target/test/db/entando-plugin-jpseotestServ;create=****]
Jul 02, 2021 4:15:44 PM org.springframework.mock.jndi.SimpleNamingContextBuilder bind
INFO: Static JNDI binding: [java:comp/env/servDataSourceClassName] = [org.apache.derby.jdbc.EmbeddedDriver]
Jul 02, 2021 4:15:44 PM org.springframework.mock.jndi.SimpleNamingContextBuilder bind
INFO: Static JNDI binding: [java:comp/env/logFilesCount] = [10]
Jul 02, 2021 4:15:44 PM org.springframework.mock.jndi.SimpleNamingContextBuilder bind
INFO: Static JNDI binding: [java:comp/env/applicationBaseURL] = [/Entando/]
Jul 02, 2021 4:15:44 PM org.springframework.mock.jndi.SimpleNamingContextBuilder bind
INFO: Static JNDI binding: [java:comp/env/jdbc.portDb.password] = [agile]
Jul 02, 2021 4:15:44 PM org.springframework.mock.jndi.SimpleNamingContextBuilder bind
INFO: Static JNDI binding: [java:comp/env/logLevel] = [ERROR]
Jul 02, 2021 4:15:44 PM org.springframework.mock.jndi.SimpleNamingContextBuilder bind
INFO: Static JNDI binding: [java:comp/env/indexDiskRootFolder] = [target/test/indexdir]
Jul 02, 2021 4:15:44 PM org.springframework.mock.jndi.SimpleNamingContextBuilder bind
INFO: Static JNDI binding: [java:comp/env/logFileSize] = [1048576]
Jul 02, 2021 4:15:44 PM org.springframework.mock.jndi.SimpleNamingContextBuilder bind
INFO: Static JNDI binding: [java:comp/env/resourceDiskRootFolder] = [target/test/resources/]
Jul 02, 2021 4:15:44 PM org.springframework.mock.jndi.SimpleNamingContextBuilder bind
INFO: Static JNDI binding: [java:comp/env/protectedResourceRootURL] = [/Entando/protected/]
Jul 02, 2021 4:15:44 PM org.springframework.mock.jndi.SimpleNamingContextBuilder bind
INFO: Static JNDI binding: [java:comp/env/resourceRootURL] = [/Entando/resources/]
Jul 02, 2021 4:15:44 PM org.springframework.mock.jndi.SimpleNamingContextBuilder bind
INFO: Static JNDI binding: [java:comp/env/configVersion] = [test]
Jul 02, 2021 4:15:44 PM org.springframework.mock.jndi.SimpleNamingContextBuilder bind
INFO: Static JNDI binding: [java:comp/env/jdbc.servDb.beanName] = [servDataSource]
Jul 02, 2021 4:15:44 PM org.springframework.mock.jndi.SimpleNamingContextBuilder bind
INFO: Static JNDI binding: [java:comp/env/jdbc.portDb.url] = [jdbc:derby:/workspace/source/target/test/db/entando-plugin-jpseotestPort;create=****]
Jul 02, 2021 4:15:44 PM org.springframework.mock.jndi.SimpleNamingContextBuilder bind
INFO: Static JNDI binding: [java:comp/env/jdbc.servDb.driverClassName] = [org.apache.derby.jdbc.EmbeddedDriver]
Jul 02, 2021 4:15:44 PM org.springframework.mock.jndi.SimpleNamingContextBuilder bind
INFO: Static JNDI binding: [java:comp/env/protectedResourceDiskRootFolder] = [target/test/protected/]
Jul 02, 2021 4:15:44 PM org.springframework.mock.jndi.SimpleNamingContextBuilder bind
INFO: Static JNDI binding: [java:comp/env/jdbc.portDb.beanName] = [portDataSource]
Jul 02, 2021 4:15:44 PM org.springframework.mock.jndi.SimpleNamingContextBuilder bind
INFO: Static JNDI binding: [java:comp/env/jdbc.servDb.password] = [agile]
Jul 02, 2021 4:15:44 PM org.springframework.mock.jndi.SimpleNamingContextBuilder bind
INFO: Static JNDI binding: [java:comp/env/jdbc.portDb.driverClassName] = [org.apache.derby.jdbc.EmbeddedDriver]
Jul 02, 2021 4:15:44 PM org.springframework.mock.jndi.SimpleNamingContextBuilder bind
INFO: Static JNDI binding: [java:comp/env/jdbc.portDb.username] = [agile]
Jul 02, 2021 4:15:44 PM org.springframework.mock.jndi.SimpleNamingContextBuilder bind
INFO: Static JNDI binding: [java:comp/env/jdbc.servDb.username] = [agile]
Jul 02, 2021 4:15:44 PM org.springframework.mock.jndi.SimpleNamingContextBuilder bind
INFO: Static JNDI binding: [java:comp/env/logName] = [/workspace/source/target/test/entando-plugin-jpseo]
Jul 02, 2021 4:15:44 PM org.springframework.mock.jndi.SimpleNamingContextBuilder bind
INFO: Static JNDI binding: [java:comp/env/logFileRotatePattern] = [/workspace/source/target/test/entando-plugin-jpseo_logs/entando-plugin-jpseo-%i.log.gz]
Jul 02, 2021 4:15:44 PM org.springframework.mock.jndi.SimpleNamingContextBuilder bind
INFO: Static JNDI binding: [java:comp/env/jdbc/servDataSource] = [org.apache.commons.dbcp2.BasicDataSource@447f4617]
Jul 02, 2021 4:15:44 PM org.springframework.mock.jndi.SimpleNamingContextBuilder bind
INFO: Static JNDI binding: [java:comp/env/jdbc/portDataSource] = [org.apache.commons.dbcp2.BasicDataSource@442f2478]
Jul 02, 2021 4:15:44 PM org.springframework.mock.web.MockServletContext log
INFO: Initializing Spring **** WebApplicationContext
Jul 02, 2021 4:15:44 PM org.springframework.web.context.ContextLoader initWebApplicationContext
INFO: Root WebApplicationContext: initialization started
Jul 02, 2021 4:15:47 PM org.entando.entando.ent.util.EntLogging$EntLogger info
INFO: + [ Component: Core ] :: DATA
|   
Jul 02, 2021 4:15:47 PM org.entando.entando.ent.util.EntLogging$EntLogger info
INFO: + [ Component: jacms ] :: DATA
|   
Jul 02, 2021 4:15:47 PM org.entando.entando.ent.util.EntLogging$EntLogger info
INFO: + [ Component: entando-*****-console ] :: DATA
|   
Jul 02, 2021 4:15:47 PM org.entando.entando.ent.util.EntLogging$EntLogger info
INFO: + [ Component: entando-portal-ui ] :: DATA
|   
Jul 02, 2021 4:15:47 PM org.entando.entando.ent.util.EntLogging$EntLogger info
INFO: + [ Component: jpseo ] :: DATA
|   
Jul 02, 2021 4:15:47 PM org.entando.entando.ent.util.EntLogging$EntLogger info
INFO: + [ Component: Core ] :: DATA
|   
Jul 02, 2021 4:15:47 PM org.entando.entando.ent.util.EntLogging$EntLogger info
INFO: + [ Component: jacms ] :: DATA
|   
Jul 02, 2021 4:15:47 PM org.entando.entando.ent.util.EntLogging$EntLogger info
INFO: + [ Component: entando-*****-console ] :: DATA
|   
Jul 02, 2021 4:15:47 PM org.entando.entando.ent.util.EntLogging$EntLogger info
INFO: + [ Component: entando-portal-ui ] :: DATA
|   
Jul 02, 2021 4:15:47 PM org.entando.entando.ent.util.EntLogging$EntLogger info
INFO: + [ Component: jpseo ] :: DATA
|   
Jul 02, 2021 4:15:56 PM org.springframework.security.web.DefaultSecurityFilterChain <init>
INFO: Will secure Or [Ant [pattern='/oauth/token'], Ant [pattern='/oauth/token_key'], Ant [pattern='/oauth/check_token']] with [org.springframework.security.web.context.request.async.WebAsyncManagerIntegrationFilter@55c06454, org.springframework.security.web.context.SecurityContextPersistenceFilter@35696018, org.springframework.security.web.header.HeaderWriterFilter@51a185be, org.springframework.security.web.authentication.logout.LogoutFilter@63482454, org.springframework.web.filter.CorsFilter@26e9ffd2, org.springframework.security.web.authentication.www.BasicAuthenticationFilter@6a1402af, org.springframework.security.web.savedrequest.RequestCacheAwareFilter@4499b5c4, org.springframework.security.web.servletapi.SecurityContextHolderAwareRequestFilter@3d57718a, org.springframework.security.web.authentication.AnonymousAuthenticationFilter@3af95285, org.springframework.security.web.session.SessionManagementFilter@289ce5d7, org.springframework.security.web.access.ExceptionTranslationFilter@1111f050, org.springframework.security.web.access.intercept.FilterSecurityInterceptor@7655d5b6]
Jul 02, 2021 4:15:56 PM org.springframework.security.web.DefaultSecurityFilterChain <init>
INFO: Will secure any request with [org.springframework.security.web.context.request.async.WebAsyncManagerIntegrationFilter@762b0ef8, org.springframework.security.web.context.SecurityContextPersistenceFilter@10c7e97f, org.springframework.security.web.header.HeaderWriterFilter@4871376e, org.springframework.web.filter.CorsFilter@26e9ffd2, org.springframework.security.web.authentication.logout.LogoutFilter@1f06f7a, org.springframework.security.web.savedrequest.RequestCacheAwareFilter@1a3541c, org.springframework.security.web.servletapi.SecurityContextHolderAwareRequestFilter@47dec689, org.springframework.security.web.session.SessionManagementFilter@65fdf03e, org.springframework.security.web.access.ExceptionTranslationFilter@a48bc3b]
Jul 02, 2021 4:15:56 PM org.springframework.web.context.ContextLoader initWebApplicationContext
INFO: Root WebApplicationContext initialized in 11501 ms
Jul 02, 2021 4:15:58 PM org.entando.entando.ent.util.EntLogging$EntLogger info
INFO: + [ Component: Core ] :: DATA
|   
Jul 02, 2021 4:15:58 PM org.entando.entando.ent.util.EntLogging$EntLogger info
INFO: + [ Component: jacms ] :: DATA
|   
Jul 02, 2021 4:15:58 PM org.entando.entando.ent.util.EntLogging$EntLogger info
INFO: + [ Component: entando-*****-console ] :: DATA
|   
Jul 02, 2021 4:15:58 PM org.entando.entando.ent.util.EntLogging$EntLogger info
INFO: + [ Component: entando-portal-ui ] :: DATA
|   
Jul 02, 2021 4:15:58 PM org.entando.entando.ent.util.EntLogging$EntLogger info
INFO: + [ Component: jpseo ] :: DATA
|   
Jul 02, 2021 4:15:58 PM org.entando.entando.ent.util.EntLogging$EntLogger info
INFO: + [ Component: Core ] :: DATA
|   
Jul 02, 2021 4:15:58 PM org.entando.entando.ent.util.EntLogging$EntLogger info
INFO: + [ Component: jacms ] :: DATA
|   
Jul 02, 2021 4:15:58 PM org.entando.entando.ent.util.EntLogging$EntLogger info
INFO: + [ Component: entando-*****-console ] :: DATA
|   
Jul 02, 2021 4:15:58 PM org.entando.entando.ent.util.EntLogging$EntLogger info
INFO: + [ Component: entando-portal-ui ] :: DATA
|   
Jul 02, 2021 4:15:58 PM org.entando.entando.ent.util.EntLogging$EntLogger info
INFO: + [ Component: jpseo ] :: DATA
|   
Jul 02, 2021 4:16:07 PM org.springframework.security.web.DefaultSecurityFilterChain <init>
INFO: Will secure Or [Ant [pattern='/oauth/token'], Ant [pattern='/oauth/token_key'], Ant [pattern='/oauth/check_token']] with [org.springframework.security.web.context.request.async.WebAsyncManagerIntegrationFilter@5eef1c69, org.springframework.security.web.context.SecurityContextPersistenceFilter@5c23771d, org.springframework.security.web.header.HeaderWriterFilter@3b541cde, org.springframework.security.web.authentication.logout.LogoutFilter@5a2840c8, org.springframework.web.filter.CorsFilter@49080e44, org.springframework.security.web.authentication.www.BasicAuthenticationFilter@7e3ded61, org.springframework.security.web.savedrequest.RequestCacheAwareFilter@bcc1737, org.springframework.security.web.servletapi.SecurityContextHolderAwareRequestFilter@9a84507, org.springframework.security.web.authentication.AnonymousAuthenticationFilter@70fdf40f, org.springframework.security.web.session.SessionManagementFilter@7f0fe847, org.springframework.security.web.access.ExceptionTranslationFilter@42722e35, org.springframework.security.web.access.intercept.FilterSecurityInterceptor@1245baf1]
Jul 02, 2021 4:16:07 PM org.springframework.security.web.DefaultSecurityFilterChain <init>
INFO: Will secure any request with [org.springframework.security.web.context.request.async.WebAsyncManagerIntegrationFilter@538224ce, org.springframework.security.web.context.SecurityContextPersistenceFilter@5ac683a3, org.springframework.security.web.header.HeaderWriterFilter@44ee0b4f, org.springframework.web.filter.CorsFilter@49080e44, org.springframework.security.web.authentication.logout.LogoutFilter@144dbe59, org.springframework.security.web.savedrequest.RequestCacheAwareFilter@17ffd60c, org.springframework.security.web.servletapi.SecurityContextHolderAwareRequestFilter@5353e3fc, org.springframework.security.web.session.SessionManagementFilter@17d4c96e, org.springframework.security.web.access.ExceptionTranslationFilter@11f73214]
[INFO ] 2021-07-02 16:16:08.564 [main] SpringObjectFactory - Setting autowire strategy to name
[INFO ] 2021-07-02 16:16:09.424 [main] SpringObjectFactory - Setting autowire strategy to name
Jul 02, 2021 4:16:09 PM org.entando.entando.ent.util.EntLogging$EntLogger warn
WARNING: Unrecognized location of resource '/workspace/source/target/classes/org/entando/entando/plugins/jpseo/aps*****/global-messages_en.properties'
Jul 02, 2021 4:16:09 PM org.entando.entando.ent.util.EntLogging$EntLogger warn
WARNING: Unrecognized location of resource '/workspace/source/target/classes/org/entando/entando/plugins/jpseo/aps*****/global-messages_it.properties'
Jul 02, 2021 4:16:09 PM org.entando.entando.ent.util.EntLogging$EntLogger warn
WARNING: Unrecognized location of resource 'file:/home/jenkins/.mvnrepository/org/entando/entando/plugins/entando-plugin-jacms/6.3.33/entando-plugin-jacms-6.3.33-classes.jar!/org/entando/entando/plugins/jacms/aps*****/global-messages_en.properties'
Jul 02, 2021 4:16:09 PM org.entando.entando.ent.util.EntLogging$EntLogger warn
WARNING: Unrecognized location of resource 'file:/home/jenkins/.mvnrepository/org/entando/entando/plugins/entando-plugin-jacms/6.3.33/entando-plugin-jacms-6.3.33-classes.jar!/org/entando/entando/plugins/jacms/aps*****/global-messages_it.properties'
Jul 02, 2021 4:16:09 PM org.entando.entando.ent.util.EntLogging$EntLogger warn
WARNING: Unrecognized location of resource 'file:/home/jenkins/.mvnrepository/org/entando/entando/plugins/entando-plugin-jacms/6.3.33/entando-plugin-jacms-6.3.33-classes.jar!/com/agiletec/plugins/jacms/aps*****/global-messages_en.properties'
Jul 02, 2021 4:16:09 PM org.entando.entando.ent.util.EntLogging$EntLogger warn
WARNING: Unrecognized location of resource 'file:/home/jenkins/.mvnrepository/org/entando/entando/plugins/entando-plugin-jacms/6.3.33/entando-plugin-jacms-6.3.33-classes.jar!/com/agiletec/plugins/jacms/aps*****/global-messages_it.properties'
Jul 02, 2021 4:16:12 PM org.entando.entando.ent.util.EntLogging$EntLogger info
INFO: Saving content ART202 - Description: 'Il titolo' - User: *****
[INFO] Tests run: 1, Failures: 0, Errors: 0, Skipped: 0, Time elapsed: 27.632 s - in org.entando.entando.plugins.jpseo.aps*****.content.ContentActionIntegrationTest
[INFO] Running org.entando.entando.plugins.jpseo.aps*****.portal.PageSettingsActionAspectTest
Jul 02, 2021 4:16:14 PM org.entando.entando.ent.util.EntLogging$EntLogger error
SEVERE: error updating page settings for seo
org.entando.entando.ent.exception.EntException

[INFO] Tests run: 8, Failures: 0, Errors: 0, Skipped: 0, Time elapsed: 1.634 s - in org.entando.entando.plugins.jpseo.aps*****.portal.PageSettingsActionAspectTest
[INFO] Running org.entando.entando.plugins.jpseo.aps*****.portal.PageActionIntegrationTest
[INFO ] 2021-07-02 16:16:14.461 [main] SpringObjectFactory - Setting autowire strategy to name
[INFO ] 2021-07-02 16:16:16.049 [main] SpringObjectFactory - Setting autowire strategy to name
[INFO] Tests run: 10, Failures: 0, Errors: 0, Skipped: 0, Time elapsed: 6.607 s - in org.entando.entando.plugins.jpseo.aps*****.portal.PageActionIntegrationTest
[INFO] Running org.entando.entando.plugins.jpseo.aps*****.portal.PageSettingsActionIntegrationTest
[INFO ] 2021-07-02 16:16:20.996 [main] SpringObjectFactory - Setting autowire strategy to name
[INFO] Tests run: 5, Failures: 0, Errors: 0, Skipped: 0, Time elapsed: 1.186 s - in org.entando.entando.plugins.jpseo.aps*****.portal.PageSettingsActionIntegrationTest
[INFO] Running org.entando.entando.plugins.jpseo.aps.tags.CurrentPageTagTest
[INFO] Tests run: 1, Failures: 0, Errors: 0, Skipped: 0, Time elapsed: 0.062 s - in org.entando.entando.plugins.jpseo.aps.tags.CurrentPageTagTest
[INFO] Running org.entando.entando.plugins.jpseo.aps.******.services.metatag.MetatagCatalogueIntegrationTest
Jul 02, 2021 4:16:21 PM org.springframework.mock.jndi.SimpleNamingContextBuilder bind
INFO: Static JNDI binding: [java:comp/env/logName] = [/workspace/source/target/test/entando-plugin-jpseo]
Jul 02, 2021 4:16:21 PM org.springframework.mock.jndi.SimpleNamingContextBuilder bind
INFO: Static JNDI binding: [java:comp/env/logFileRotatePattern] = [/workspace/source/target/test/entando-plugin-jpseo_logs/entando-plugin-jpseo-%i.log.gz]
Jul 02, 2021 4:16:21 PM org.springframework.mock.jndi.SimpleNamingContextBuilder bind
INFO: Static JNDI binding: [java:comp/env/logLevel] = [ERROR]
Jul 02, 2021 4:16:22 PM org.springframework.mock.jndi.SimpleNamingContextBuilder bind
INFO: Static JNDI binding: [java:comp/env/logFileSize] = [1048576]
Jul 02, 2021 4:16:22 PM org.springframework.mock.jndi.SimpleNamingContextBuilder bind
INFO: Static JNDI binding: [java:comp/env/logFilesCount] = [10]
Jul 02, 2021 4:16:22 PM org.springframework.mock.jndi.SimpleNamingContextBuilder bind
INFO: Static JNDI binding: [java:comp/env/configVersion] = [test]
Jul 02, 2021 4:16:22 PM org.springframework.mock.jndi.SimpleNamingContextBuilder bind
INFO: Static JNDI binding: [java:comp/env/applicationBaseURL] = [/Entando/]
Jul 02, 2021 4:16:22 PM org.springframework.mock.jndi.SimpleNamingContextBuilder bind
INFO: Static JNDI binding: [java:comp/env/resourceRootURL] = [/Entando/resources/]
Jul 02, 2021 4:16:22 PM org.springframework.mock.jndi.SimpleNamingContextBuilder bind
INFO: Static JNDI binding: [java:comp/env/protectedResourceRootURL] = [/Entando/protected/]
Jul 02, 2021 4:16:22 PM org.springframework.mock.jndi.SimpleNamingContextBuilder bind
INFO: Static JNDI binding: [java:comp/env/resourceDiskRootFolder] = [target/test/resources/]
Jul 02, 2021 4:16:22 PM org.springframework.mock.jndi.SimpleNamingContextBuilder bind
INFO: Static JNDI binding: [java:comp/env/protectedResourceDiskRootFolder] = [target/test/protected/]
Jul 02, 2021 4:16:22 PM org.springframework.mock.jndi.SimpleNamingContextBuilder bind
INFO: Static JNDI binding: [java:comp/env/indexDiskRootFolder] = [target/test/indexdir]
Jul 02, 2021 4:16:22 PM org.springframework.mock.jndi.SimpleNamingContextBuilder bind
INFO: Static JNDI binding: [java:comp/env/portDataSourceClassName] = [org.apache.derby.jdbc.EmbeddedDriver]
Jul 02, 2021 4:16:22 PM org.springframework.mock.jndi.SimpleNamingContextBuilder bind
INFO: Static JNDI binding: [java:comp/env/logActiveFileOutput] = [false]
Jul 02, 2021 4:16:22 PM org.springframework.mock.jndi.SimpleNamingContextBuilder bind
INFO: Static JNDI binding: [java:comp/env/jdbc.servDb.url] = [jdbc:derby:/workspace/source/target/test/db/entando-plugin-jpseotestServ;create=****]
Jul 02, 2021 4:16:22 PM org.springframework.mock.jndi.SimpleNamingContextBuilder bind
INFO: Static JNDI binding: [java:comp/env/servDataSourceClassName] = [org.apache.derby.jdbc.EmbeddedDriver]
Jul 02, 2021 4:16:22 PM org.springframework.mock.jndi.SimpleNamingContextBuilder bind
INFO: Static JNDI binding: [java:comp/env/logFilesCount] = [10]
Jul 02, 2021 4:16:22 PM org.springframework.mock.jndi.SimpleNamingContextBuilder bind
INFO: Static JNDI binding: [java:comp/env/applicationBaseURL] = [/Entando/]
Jul 02, 2021 4:16:22 PM org.springframework.mock.jndi.SimpleNamingContextBuilder bind
INFO: Static JNDI binding: [java:comp/env/jdbc.portDb.password] = [agile]
Jul 02, 2021 4:16:22 PM org.springframework.mock.jndi.SimpleNamingContextBuilder bind
INFO: Static JNDI binding: [java:comp/env/logLevel] = [ERROR]
Jul 02, 2021 4:16:22 PM org.springframework.mock.jndi.SimpleNamingContextBuilder bind
INFO: Static JNDI binding: [java:comp/env/indexDiskRootFolder] = [target/test/indexdir]
Jul 02, 2021 4:16:22 PM org.springframework.mock.jndi.SimpleNamingContextBuilder bind
INFO: Static JNDI binding: [java:comp/env/logFileSize] = [1048576]
Jul 02, 2021 4:16:22 PM org.springframework.mock.jndi.SimpleNamingContextBuilder bind
INFO: Static JNDI binding: [java:comp/env/resourceDiskRootFolder] = [target/test/resources/]
Jul 02, 2021 4:16:22 PM org.springframework.mock.jndi.SimpleNamingContextBuilder bind
INFO: Static JNDI binding: [java:comp/env/protectedResourceRootURL] = [/Entando/protected/]
Jul 02, 2021 4:16:22 PM org.springframework.mock.jndi.SimpleNamingContextBuilder bind
INFO: Static JNDI binding: [java:comp/env/resourceRootURL] = [/Entando/resources/]
Jul 02, 2021 4:16:22 PM org.springframework.mock.jndi.SimpleNamingContextBuilder bind
INFO: Static JNDI binding: [java:comp/env/configVersion] = [test]
Jul 02, 2021 4:16:22 PM org.springframework.mock.jndi.SimpleNamingContextBuilder bind
INFO: Static JNDI binding: [java:comp/env/jdbc.servDb.beanName] = [servDataSource]
Jul 02, 2021 4:16:22 PM org.springframework.mock.jndi.SimpleNamingContextBuilder bind
INFO: Static JNDI binding: [java:comp/env/jdbc.portDb.url] = [jdbc:derby:/workspace/source/target/test/db/entando-plugin-jpseotestPort;create=****]
Jul 02, 2021 4:16:22 PM org.springframework.mock.jndi.SimpleNamingContextBuilder bind
INFO: Static JNDI binding: [java:comp/env/jdbc.servDb.driverClassName] = [org.apache.derby.jdbc.EmbeddedDriver]
Jul 02, 2021 4:16:22 PM org.springframework.mock.jndi.SimpleNamingContextBuilder bind
INFO: Static JNDI binding: [java:comp/env/protectedResourceDiskRootFolder] = [target/test/protected/]
Jul 02, 2021 4:16:22 PM org.springframework.mock.jndi.SimpleNamingContextBuilder bind
INFO: Static JNDI binding: [java:comp/env/jdbc.portDb.beanName] = [portDataSource]
Jul 02, 2021 4:16:22 PM org.springframework.mock.jndi.SimpleNamingContextBuilder bind
INFO: Static JNDI binding: [java:comp/env/jdbc.servDb.password] = [agile]
Jul 02, 2021 4:16:22 PM org.springframework.mock.jndi.SimpleNamingContextBuilder bind
INFO: Static JNDI binding: [java:comp/env/jdbc.portDb.driverClassName] = [org.apache.derby.jdbc.EmbeddedDriver]
Jul 02, 2021 4:16:22 PM org.springframework.mock.jndi.SimpleNamingContextBuilder bind
INFO: Static JNDI binding: [java:comp/env/jdbc.portDb.username] = [agile]
Jul 02, 2021 4:16:22 PM org.springframework.mock.jndi.SimpleNamingContextBuilder bind
INFO: Static JNDI binding: [java:comp/env/jdbc.servDb.username] = [agile]
Jul 02, 2021 4:16:22 PM org.springframework.mock.jndi.SimpleNamingContextBuilder bind
INFO: Static JNDI binding: [java:comp/env/logName] = [/workspace/source/target/test/entando-plugin-jpseo]
Jul 02, 2021 4:16:22 PM org.springframework.mock.jndi.SimpleNamingContextBuilder bind
INFO: Static JNDI binding: [java:comp/env/logFileRotatePattern] = [/workspace/source/target/test/entando-plugin-jpseo_logs/entando-plugin-jpseo-%i.log.gz]
Jul 02, 2021 4:16:22 PM org.springframework.mock.jndi.SimpleNamingContextBuilder bind
INFO: Static JNDI binding: [java:comp/env/jdbc/servDataSource] = [org.apache.commons.dbcp2.BasicDataSource@6f5b4f6c]
Jul 02, 2021 4:16:22 PM org.springframework.mock.jndi.SimpleNamingContextBuilder bind
INFO: Static JNDI binding: [java:comp/env/jdbc/portDataSource] = [org.apache.commons.dbcp2.BasicDataSource@aff0917]
Jul 02, 2021 4:16:22 PM org.springframework.mock.web.MockServletContext log
INFO: Initializing Spring **** WebApplicationContext
Jul 02, 2021 4:16:22 PM org.springframework.web.context.ContextLoader initWebApplicationContext
INFO: Root WebApplicationContext: initialization started
Jul 02, 2021 4:16:24 PM org.entando.entando.ent.util.EntLogging$EntLogger info
INFO: + [ Component: Core ] :: DATA
|   
Jul 02, 2021 4:16:24 PM org.entando.entando.ent.util.EntLogging$EntLogger info
INFO: + [ Component: jacms ] :: DATA
|   
Jul 02, 2021 4:16:24 PM org.entando.entando.ent.util.EntLogging$EntLogger info
INFO: + [ Component: entando-*****-console ] :: DATA
|   
Jul 02, 2021 4:16:24 PM org.entando.entando.ent.util.EntLogging$EntLogger info
INFO: + [ Component: entando-portal-ui ] :: DATA
|   
Jul 02, 2021 4:16:24 PM org.entando.entando.ent.util.EntLogging$EntLogger info
INFO: + [ Component: jpseo ] :: DATA
|   
Jul 02, 2021 4:16:24 PM org.entando.entando.ent.util.EntLogging$EntLogger info
INFO: + [ Component: Core ] :: DATA
|   
Jul 02, 2021 4:16:24 PM org.entando.entando.ent.util.EntLogging$EntLogger info
INFO: + [ Component: jacms ] :: DATA
|   
Jul 02, 2021 4:16:24 PM org.entando.entando.ent.util.EntLogging$EntLogger info
INFO: + [ Component: entando-*****-console ] :: DATA
|   
Jul 02, 2021 4:16:24 PM org.entando.entando.ent.util.EntLogging$EntLogger info
INFO: + [ Component: entando-portal-ui ] :: DATA
|   
Jul 02, 2021 4:16:24 PM org.entando.entando.ent.util.EntLogging$EntLogger info
INFO: + [ Component: jpseo ] :: DATA
|   
Jul 02, 2021 4:16:33 PM org.springframework.security.web.DefaultSecurityFilterChain <init>
INFO: Will secure Or [Ant [pattern='/oauth/token'], Ant [pattern='/oauth/token_key'], Ant [pattern='/oauth/check_token']] with [org.springframework.security.web.context.request.async.WebAsyncManagerIntegrationFilter@27ad3878, org.springframework.security.web.context.SecurityContextPersistenceFilter@4dff2818, org.springframework.security.web.header.HeaderWriterFilter@69373d32, org.springframework.security.web.authentication.logout.LogoutFilter@55820e50, org.springframework.web.filter.CorsFilter@788b5f5f, org.springframework.security.web.authentication.www.BasicAuthenticationFilter@9997bdf, org.springframework.security.web.savedrequest.RequestCacheAwareFilter@2eaa7be2, org.springframework.security.web.servletapi.SecurityContextHolderAwareRequestFilter@171fafdc, org.springframework.security.web.authentication.AnonymousAuthenticationFilter@53da9988, org.springframework.security.web.session.SessionManagementFilter@75c3344a, org.springframework.security.web.access.ExceptionTranslationFilter@51d076be, org.springframework.security.web.access.intercept.FilterSecurityInterceptor@3a8868f4]
Jul 02, 2021 4:16:33 PM org.springframework.security.web.DefaultSecurityFilterChain <init>
INFO: Will secure any request with [org.springframework.security.web.context.request.async.WebAsyncManagerIntegrationFilter@6551cf54, org.springframework.security.web.context.SecurityContextPersistenceFilter@475af527, org.springframework.security.web.header.HeaderWriterFilter@6f41cdeb, org.springframework.web.filter.CorsFilter@788b5f5f, org.springframework.security.web.authentication.logout.LogoutFilter@117a5208, org.springframework.security.web.savedrequest.RequestCacheAwareFilter@4e68d91a, org.springframework.security.web.servletapi.SecurityContextHolderAwareRequestFilter@1e961084, org.springframework.security.web.session.SessionManagementFilter@3369ad5b, org.springframework.security.web.access.ExceptionTranslationFilter@36cc07d]
Jul 02, 2021 4:16:33 PM org.springframework.web.context.ContextLoader initWebApplicationContext
INFO: Root WebApplicationContext initialized in 11390 ms
Jul 02, 2021 4:16:35 PM org.entando.entando.ent.util.EntLogging$EntLogger info
INFO: + [ Component: Core ] :: DATA
|   
Jul 02, 2021 4:16:35 PM org.entando.entando.ent.util.EntLogging$EntLogger info
INFO: + [ Component: jacms ] :: DATA
|   
Jul 02, 2021 4:16:35 PM org.entando.entando.ent.util.EntLogging$EntLogger info
INFO: + [ Component: entando-*****-console ] :: DATA
|   
Jul 02, 2021 4:16:35 PM org.entando.entando.ent.util.EntLogging$EntLogger info
INFO: + [ Component: entando-portal-ui ] :: DATA
|   
Jul 02, 2021 4:16:35 PM org.entando.entando.ent.util.EntLogging$EntLogger info
INFO: + [ Component: jpseo ] :: DATA
|   
Jul 02, 2021 4:16:35 PM org.entando.entando.ent.util.EntLogging$EntLogger info
INFO: + [ Component: Core ] :: DATA
|   
Jul 02, 2021 4:16:35 PM org.entando.entando.ent.util.EntLogging$EntLogger info
INFO: + [ Component: jacms ] :: DATA
|   
Jul 02, 2021 4:16:35 PM org.entando.entando.ent.util.EntLogging$EntLogger info
INFO: + [ Component: entando-*****-console ] :: DATA
|   
Jul 02, 2021 4:16:35 PM org.entando.entando.ent.util.EntLogging$EntLogger info
INFO: + [ Component: entando-portal-ui ] :: DATA
|   
Jul 02, 2021 4:16:35 PM org.entando.entando.ent.util.EntLogging$EntLogger info
INFO: + [ Component: jpseo ] :: DATA
|   
Jul 02, 2021 4:16:44 PM org.springframework.security.web.DefaultSecurityFilterChain <init>
INFO: Will secure Or [Ant [pattern='/oauth/token'], Ant [pattern='/oauth/token_key'], Ant [pattern='/oauth/check_token']] with [org.springframework.security.web.context.request.async.WebAsyncManagerIntegrationFilter@1dd9c7ed, org.springframework.security.web.context.SecurityContextPersistenceFilter@6e5415b6, org.springframework.security.web.header.HeaderWriterFilter@79ea869d, org.springframework.security.web.authentication.logout.LogoutFilter@59f9972b, org.springframework.web.filter.CorsFilter@7486fa29, org.springframework.security.web.authentication.www.BasicAuthenticationFilter@23fee81, org.springframework.security.web.savedrequest.RequestCacheAwareFilter@25309812, org.springframework.security.web.servletapi.SecurityContextHolderAwareRequestFilter@222bbe94, org.springframework.security.web.authentication.AnonymousAuthenticationFilter@3a5e32eb, org.springframework.security.web.session.SessionManagementFilter@7907e6e5, org.springframework.security.web.access.ExceptionTranslationFilter@6f1baa37, org.springframework.security.web.access.intercept.FilterSecurityInterceptor@70856ad6]
Jul 02, 2021 4:16:44 PM org.springframework.security.web.DefaultSecurityFilterChain <init>
INFO: Will secure any request with [org.springframework.security.web.context.request.async.WebAsyncManagerIntegrationFilter@347beff2, org.springframework.security.web.context.SecurityContextPersistenceFilter@51b8a26d, org.springframework.security.web.header.HeaderWriterFilter@32648290, org.springframework.web.filter.CorsFilter@7486fa29, org.springframework.security.web.authentication.logout.LogoutFilter@7a8e12bc, org.springframework.security.web.savedrequest.RequestCacheAwareFilter@67b42a1e, org.springframework.security.web.servletapi.SecurityContextHolderAwareRequestFilter@350e2df8, org.springframework.security.web.session.SessionManagementFilter@808f4c2, org.springframework.security.web.access.ExceptionTranslationFilter@680ba09d]
[INFO] Tests run: 1, Failures: 0, Errors: 0, Skipped: 0, Time elapsed: 22.791 s - in org.entando.entando.plugins.jpseo.aps.******.services.metatag.MetatagCatalogueIntegrationTest
[INFO] Running org.entando.entando.plugins.jpseo.aps.******.services.mapping.SeoMappingManagerIntegrationTest
Jul 02, 2021 4:16:44 PM org.springframework.mock.jndi.SimpleNamingContextBuilder bind
INFO: Static JNDI binding: [java:comp/env/logName] = [/workspace/source/target/test/entando-plugin-jpseo]
Jul 02, 2021 4:16:44 PM org.springframework.mock.jndi.SimpleNamingContextBuilder bind
INFO: Static JNDI binding: [java:comp/env/logFileRotatePattern] = [/workspace/source/target/test/entando-plugin-jpseo_logs/entando-plugin-jpseo-%i.log.gz]
Jul 02, 2021 4:16:44 PM org.springframework.mock.jndi.SimpleNamingContextBuilder bind
INFO: Static JNDI binding: [java:comp/env/logLevel] = [ERROR]
Jul 02, 2021 4:16:44 PM org.springframework.mock.jndi.SimpleNamingContextBuilder bind
INFO: Static JNDI binding: [java:comp/env/logFileSize] = [1048576]
Jul 02, 2021 4:16:44 PM org.springframework.mock.jndi.SimpleNamingContextBuilder bind
INFO: Static JNDI binding: [java:comp/env/logFilesCount] = [10]
Jul 02, 2021 4:16:44 PM org.springframework.mock.jndi.SimpleNamingContextBuilder bind
INFO: Static JNDI binding: [java:comp/env/configVersion] = [test]
Jul 02, 2021 4:16:44 PM org.springframework.mock.jndi.SimpleNamingContextBuilder bind
INFO: Static JNDI binding: [java:comp/env/applicationBaseURL] = [/Entando/]
Jul 02, 2021 4:16:44 PM org.springframework.mock.jndi.SimpleNamingContextBuilder bind
INFO: Static JNDI binding: [java:comp/env/resourceRootURL] = [/Entando/resources/]
Jul 02, 2021 4:16:44 PM org.springframework.mock.jndi.SimpleNamingContextBuilder bind
INFO: Static JNDI binding: [java:comp/env/protectedResourceRootURL] = [/Entando/protected/]
Jul 02, 2021 4:16:44 PM org.springframework.mock.jndi.SimpleNamingContextBuilder bind
INFO: Static JNDI binding: [java:comp/env/resourceDiskRootFolder] = [target/test/resources/]
Jul 02, 2021 4:16:44 PM org.springframework.mock.jndi.SimpleNamingContextBuilder bind
INFO: Static JNDI binding: [java:comp/env/protectedResourceDiskRootFolder] = [target/test/protected/]
Jul 02, 2021 4:16:44 PM org.springframework.mock.jndi.SimpleNamingContextBuilder bind
INFO: Static JNDI binding: [java:comp/env/indexDiskRootFolder] = [target/test/indexdir]
Jul 02, 2021 4:16:44 PM org.springframework.mock.jndi.SimpleNamingContextBuilder bind
INFO: Static JNDI binding: [java:comp/env/portDataSourceClassName] = [org.apache.derby.jdbc.EmbeddedDriver]
Jul 02, 2021 4:16:44 PM org.springframework.mock.jndi.SimpleNamingContextBuilder bind
INFO: Static JNDI binding: [java:comp/env/logActiveFileOutput] = [false]
Jul 02, 2021 4:16:44 PM org.springframework.mock.jndi.SimpleNamingContextBuilder bind
INFO: Static JNDI binding: [java:comp/env/jdbc.servDb.url] = [jdbc:derby:/workspace/source/target/test/db/entando-plugin-jpseotestServ;create=****]
Jul 02, 2021 4:16:44 PM org.springframework.mock.jndi.SimpleNamingContextBuilder bind
INFO: Static JNDI binding: [java:comp/env/servDataSourceClassName] = [org.apache.derby.jdbc.EmbeddedDriver]
Jul 02, 2021 4:16:44 PM org.springframework.mock.jndi.SimpleNamingContextBuilder bind
INFO: Static JNDI binding: [java:comp/env/logFilesCount] = [10]
Jul 02, 2021 4:16:44 PM org.springframework.mock.jndi.SimpleNamingContextBuilder bind
INFO: Static JNDI binding: [java:comp/env/applicationBaseURL] = [/Entando/]
Jul 02, 2021 4:16:44 PM org.springframework.mock.jndi.SimpleNamingContextBuilder bind
INFO: Static JNDI binding: [java:comp/env/jdbc.portDb.password] = [agile]
Jul 02, 2021 4:16:44 PM org.springframework.mock.jndi.SimpleNamingContextBuilder bind
INFO: Static JNDI binding: [java:comp/env/logLevel] = [ERROR]
Jul 02, 2021 4:16:44 PM org.springframework.mock.jndi.SimpleNamingContextBuilder bind
INFO: Static JNDI binding: [java:comp/env/indexDiskRootFolder] = [target/test/indexdir]
Jul 02, 2021 4:16:44 PM org.springframework.mock.jndi.SimpleNamingContextBuilder bind
INFO: Static JNDI binding: [java:comp/env/logFileSize] = [1048576]
Jul 02, 2021 4:16:44 PM org.springframework.mock.jndi.SimpleNamingContextBuilder bind
INFO: Static JNDI binding: [java:comp/env/resourceDiskRootFolder] = [target/test/resources/]
Jul 02, 2021 4:16:44 PM org.springframework.mock.jndi.SimpleNamingContextBuilder bind
INFO: Static JNDI binding: [java:comp/env/protectedResourceRootURL] = [/Entando/protected/]
Jul 02, 2021 4:16:44 PM org.springframework.mock.jndi.SimpleNamingContextBuilder bind
INFO: Static JNDI binding: [java:comp/env/resourceRootURL] = [/Entando/resources/]
Jul 02, 2021 4:16:44 PM org.springframework.mock.jndi.SimpleNamingContextBuilder bind
INFO: Static JNDI binding: [java:comp/env/configVersion] = [test]
Jul 02, 2021 4:16:44 PM org.springframework.mock.jndi.SimpleNamingContextBuilder bind
INFO: Static JNDI binding: [java:comp/env/jdbc.servDb.beanName] = [servDataSource]
Jul 02, 2021 4:16:44 PM org.springframework.mock.jndi.SimpleNamingContextBuilder bind
INFO: Static JNDI binding: [java:comp/env/jdbc.portDb.url] = [jdbc:derby:/workspace/source/target/test/db/entando-plugin-jpseotestPort;create=****]
Jul 02, 2021 4:16:44 PM org.springframework.mock.jndi.SimpleNamingContextBuilder bind
INFO: Static JNDI binding: [java:comp/env/jdbc.servDb.driverClassName] = [org.apache.derby.jdbc.EmbeddedDriver]
Jul 02, 2021 4:16:44 PM org.springframework.mock.jndi.SimpleNamingContextBuilder bind
INFO: Static JNDI binding: [java:comp/env/protectedResourceDiskRootFolder] = [target/test/protected/]
Jul 02, 2021 4:16:44 PM org.springframework.mock.jndi.SimpleNamingContextBuilder bind
INFO: Static JNDI binding: [java:comp/env/jdbc.portDb.beanName] = [portDataSource]
Jul 02, 2021 4:16:44 PM org.springframework.mock.jndi.SimpleNamingContextBuilder bind
INFO: Static JNDI binding: [java:comp/env/jdbc.servDb.password] = [agile]
Jul 02, 2021 4:16:44 PM org.springframework.mock.jndi.SimpleNamingContextBuilder bind
INFO: Static JNDI binding: [java:comp/env/jdbc.portDb.driverClassName] = [org.apache.derby.jdbc.EmbeddedDriver]
Jul 02, 2021 4:16:44 PM org.springframework.mock.jndi.SimpleNamingContextBuilder bind
INFO: Static JNDI binding: [java:comp/env/jdbc.portDb.username] = [agile]
Jul 02, 2021 4:16:44 PM org.springframework.mock.jndi.SimpleNamingContextBuilder bind
INFO: Static JNDI binding: [java:comp/env/jdbc.servDb.username] = [agile]
Jul 02, 2021 4:16:44 PM org.springframework.mock.jndi.SimpleNamingContextBuilder bind
INFO: Static JNDI binding: [java:comp/env/logName] = [/workspace/source/target/test/entando-plugin-jpseo]
Jul 02, 2021 4:16:44 PM org.springframework.mock.jndi.SimpleNamingContextBuilder bind
INFO: Static JNDI binding: [java:comp/env/logFileRotatePattern] = [/workspace/source/target/test/entando-plugin-jpseo_logs/entando-plugin-jpseo-%i.log.gz]
Jul 02, 2021 4:16:44 PM org.springframework.mock.jndi.SimpleNamingContextBuilder bind
INFO: Static JNDI binding: [java:comp/env/jdbc/servDataSource] = [org.apache.commons.dbcp2.BasicDataSource@7292feff]
Jul 02, 2021 4:16:44 PM org.springframework.mock.jndi.SimpleNamingContextBuilder bind
INFO: Static JNDI binding: [java:comp/env/jdbc/portDataSource] = [org.apache.commons.dbcp2.BasicDataSource@13ee3068]
Jul 02, 2021 4:16:44 PM org.springframework.mock.web.MockServletContext log
INFO: Initializing Spring **** WebApplicationContext
Jul 02, 2021 4:16:44 PM org.springframework.web.context.ContextLoader initWebApplicationContext
INFO: Root WebApplicationContext: initialization started
Jul 02, 2021 4:16:46 PM org.entando.entando.ent.util.EntLogging$EntLogger info
INFO: + [ Component: Core ] :: DATA
|   
Jul 02, 2021 4:16:46 PM org.entando.entando.ent.util.EntLogging$EntLogger info
INFO: + [ Component: jacms ] :: DATA
|   
Jul 02, 2021 4:16:46 PM org.entando.entando.ent.util.EntLogging$EntLogger info
INFO: + [ Component: entando-*****-console ] :: DATA
|   
Jul 02, 2021 4:16:46 PM org.entando.entando.ent.util.EntLogging$EntLogger info
INFO: + [ Component: entando-portal-ui ] :: DATA
|   
Jul 02, 2021 4:16:46 PM org.entando.entando.ent.util.EntLogging$EntLogger info
INFO: + [ Component: jpseo ] :: DATA
|   
Jul 02, 2021 4:16:46 PM org.entando.entando.ent.util.EntLogging$EntLogger info
INFO: + [ Component: Core ] :: DATA
|   
Jul 02, 2021 4:16:46 PM org.entando.entando.ent.util.EntLogging$EntLogger info
INFO: + [ Component: jacms ] :: DATA
|   
Jul 02, 2021 4:16:46 PM org.entando.entando.ent.util.EntLogging$EntLogger info
INFO: + [ Component: entando-*****-console ] :: DATA
|   
Jul 02, 2021 4:16:46 PM org.entando.entando.ent.util.EntLogging$EntLogger info
INFO: + [ Component: entando-portal-ui ] :: DATA
|   
Jul 02, 2021 4:16:46 PM org.entando.entando.ent.util.EntLogging$EntLogger info
INFO: + [ Component: jpseo ] :: DATA
|   
Jul 02, 2021 4:16:55 PM org.springframework.security.web.DefaultSecurityFilterChain <init>
INFO: Will secure Or [Ant [pattern='/oauth/token'], Ant [pattern='/oauth/token_key'], Ant [pattern='/oauth/check_token']] with [org.springframework.security.web.context.request.async.WebAsyncManagerIntegrationFilter@da8ec71, org.springframework.security.web.context.SecurityContextPersistenceFilter@3b39f17f, org.springframework.security.web.header.HeaderWriterFilter@fcecc28, org.springframework.security.web.authentication.logout.LogoutFilter@5c55aebb, org.springframework.web.filter.CorsFilter@5104d4be, org.springframework.security.web.authentication.www.BasicAuthenticationFilter@2d42437f, org.springframework.security.web.savedrequest.RequestCacheAwareFilter@5c67f94d, org.springframework.security.web.servletapi.SecurityContextHolderAwareRequestFilter@182da4b0, org.springframework.security.web.authentication.AnonymousAuthenticationFilter@3bf7133c, org.springframework.security.web.session.SessionManagementFilter@17879bda, org.springframework.security.web.access.ExceptionTranslationFilter@4e9a071c, org.springframework.security.web.access.intercept.FilterSecurityInterceptor@249257c8]
Jul 02, 2021 4:16:55 PM org.springframework.security.web.DefaultSecurityFilterChain <init>
INFO: Will secure any request with [org.springframework.security.web.context.request.async.WebAsyncManagerIntegrationFilter@3b1f066e, org.springframework.security.web.context.SecurityContextPersistenceFilter@5aadec34, org.springframework.security.web.header.HeaderWriterFilter@4a78f90f, org.springframework.web.filter.CorsFilter@5104d4be, org.springframework.security.web.authentication.logout.LogoutFilter@3c1e1fcb, org.springframework.security.web.savedrequest.RequestCacheAwareFilter@1c51c6af, org.springframework.security.web.servletapi.SecurityContextHolderAwareRequestFilter@40bb6089, org.springframework.security.web.session.SessionManagementFilter@6036738c, org.springframework.security.web.access.ExceptionTranslationFilter@4bd4b4be]
Jul 02, 2021 4:16:55 PM org.springframework.web.context.ContextLoader initWebApplicationContext
INFO: Root WebApplicationContext initialized in 10779 ms
Jul 02, 2021 4:16:57 PM org.entando.entando.ent.util.EntLogging$EntLogger info
INFO: + [ Component: Core ] :: DATA
|   
Jul 02, 2021 4:16:57 PM org.entando.entando.ent.util.EntLogging$EntLogger info
INFO: + [ Component: jacms ] :: DATA
|   
Jul 02, 2021 4:16:57 PM org.entando.entando.ent.util.EntLogging$EntLogger info
INFO: + [ Component: entando-*****-console ] :: DATA
|   
Jul 02, 2021 4:16:57 PM org.entando.entando.ent.util.EntLogging$EntLogger info
INFO: + [ Component: entando-portal-ui ] :: DATA
|   
Jul 02, 2021 4:16:57 PM org.entando.entando.ent.util.EntLogging$EntLogger info
INFO: + [ Component: jpseo ] :: DATA
|   
Jul 02, 2021 4:16:57 PM org.entando.entando.ent.util.EntLogging$EntLogger info
INFO: + [ Component: Core ] :: DATA
|   
Jul 02, 2021 4:16:57 PM org.entando.entando.ent.util.EntLogging$EntLogger info
INFO: + [ Component: jacms ] :: DATA
|   
Jul 02, 2021 4:16:57 PM org.entando.entando.ent.util.EntLogging$EntLogger info
INFO: + [ Component: entando-*****-console ] :: DATA
|   
Jul 02, 2021 4:16:57 PM org.entando.entando.ent.util.EntLogging$EntLogger info
INFO: + [ Component: entando-portal-ui ] :: DATA
|   
Jul 02, 2021 4:16:57 PM org.entando.entando.ent.util.EntLogging$EntLogger info
INFO: + [ Component: jpseo ] :: DATA
|   
Jul 02, 2021 4:17:06 PM org.springframework.security.web.DefaultSecurityFilterChain <init>
INFO: Will secure Or [Ant [pattern='/oauth/token'], Ant [pattern='/oauth/token_key'], Ant [pattern='/oauth/check_token']] with [org.springframework.security.web.context.request.async.WebAsyncManagerIntegrationFilter@67e6146c, org.springframework.security.web.context.SecurityContextPersistenceFilter@64b0c93f, org.springframework.security.web.header.HeaderWriterFilter@739b19e5, org.springframework.security.web.authentication.logout.LogoutFilter@48424fa6, org.springframework.web.filter.CorsFilter@3e9a78c7, org.springframework.security.web.authentication.www.BasicAuthenticationFilter@3b8366fb, org.springframework.security.web.savedrequest.RequestCacheAwareFilter@5df07ee0, org.springframework.security.web.servletapi.SecurityContextHolderAwareRequestFilter@97d231c, org.springframework.security.web.authentication.AnonymousAuthenticationFilter@18773e94, org.springframework.security.web.session.SessionManagementFilter@5a7bf6b1, org.springframework.security.web.access.ExceptionTranslationFilter@2b4fa3a2, org.springframework.security.web.access.intercept.FilterSecurityInterceptor@37c46454]
Jul 02, 2021 4:17:06 PM org.springframework.security.web.DefaultSecurityFilterChain <init>
INFO: Will secure any request with [org.springframework.security.web.context.request.async.WebAsyncManagerIntegrationFilter@22ae827a, org.springframework.security.web.context.SecurityContextPersistenceFilter@117d899f, org.springframework.security.web.header.HeaderWriterFilter@3d6b8dec, org.springframework.web.filter.CorsFilter@3e9a78c7, org.springframework.security.web.authentication.logout.LogoutFilter@556eb811, org.springframework.security.web.savedrequest.RequestCacheAwareFilter@68e34dfc, org.springframework.security.web.servletapi.SecurityContextHolderAwareRequestFilter@20185a94, org.springframework.security.web.session.SessionManagementFilter@4baeb517, org.springframework.security.web.access.ExceptionTranslationFilter@662f484a]
Jul 02, 2021 4:17:09 PM org.entando.entando.ent.util.EntLogging$EntLogger info
INFO: Content EVN222 with friendly codes [wonders_theater, teatro_delle_meraviglie]
Jul 02, 2021 4:17:11 PM org.springframework.mock.jndi.SimpleNamingContextBuilder bind
INFO: Static JNDI binding: [java:comp/env/logName] = [/workspace/source/target/test/entando-plugin-jpseo]
Jul 02, 2021 4:17:11 PM org.springframework.mock.jndi.SimpleNamingContextBuilder bind
[INFO] Tests run: 3, Failures: 0, Errors: 0, Skipped: 0, Time elapsed: 26.425 s - in org.entando.entando.plugins.jpseo.aps.******.services.mapping.SeoMappingManagerIntegrationTest
[INFO] Running org.entando.entando.plugins.jpseo.aps.******.services.page.SeoPageServiceTest
INFO: Static JNDI binding: [java:comp/env/logFileRotatePattern] = [/workspace/source/target/test/entando-plugin-jpseo_logs/entando-plugin-jpseo-%i.log.gz]
Jul 02, 2021 4:17:11 PM org.springframework.mock.jndi.SimpleNamingContextBuilder bind
INFO: Static JNDI binding: [java:comp/env/logLevel] = [ERROR]
Jul 02, 2021 4:17:11 PM org.springframework.mock.jndi.SimpleNamingContextBuilder bind
INFO: Static JNDI binding: [java:comp/env/logFileSize] = [1048576]
Jul 02, 2021 4:17:11 PM org.springframework.mock.jndi.SimpleNamingContextBuilder bind
INFO: Static JNDI binding: [java:comp/env/logFilesCount] = [10]
Jul 02, 2021 4:17:11 PM org.springframework.mock.jndi.SimpleNamingContextBuilder bind
INFO: Static JNDI binding: [java:comp/env/configVersion] = [test]
Jul 02, 2021 4:17:11 PM org.springframework.mock.jndi.SimpleNamingContextBuilder bind
INFO: Static JNDI binding: [java:comp/env/applicationBaseURL] = [/Entando/]
Jul 02, 2021 4:17:11 PM org.springframework.mock.jndi.SimpleNamingContextBuilder bind
INFO: Static JNDI binding: [java:comp/env/resourceRootURL] = [/Entando/resources/]
Jul 02, 2021 4:17:11 PM org.springframework.mock.jndi.SimpleNamingContextBuilder bind
INFO: Static JNDI binding: [java:comp/env/protectedResourceRootURL] = [/Entando/protected/]
Jul 02, 2021 4:17:11 PM org.springframework.mock.jndi.SimpleNamingContextBuilder bind
INFO: Static JNDI binding: [java:comp/env/resourceDiskRootFolder] = [target/test/resources/]
Jul 02, 2021 4:17:11 PM org.springframework.mock.jndi.SimpleNamingContextBuilder bind
INFO: Static JNDI binding: [java:comp/env/protectedResourceDiskRootFolder] = [target/test/protected/]
Jul 02, 2021 4:17:11 PM org.springframework.mock.jndi.SimpleNamingContextBuilder bind
INFO: Static JNDI binding: [java:comp/env/indexDiskRootFolder] = [target/test/indexdir]
Jul 02, 2021 4:17:11 PM org.springframework.mock.jndi.SimpleNamingContextBuilder bind
INFO: Static JNDI binding: [java:comp/env/portDataSourceClassName] = [org.apache.derby.jdbc.EmbeddedDriver]
Jul 02, 2021 4:17:11 PM org.springframework.mock.jndi.SimpleNamingContextBuilder bind
INFO: Static JNDI binding: [java:comp/env/logActiveFileOutput] = [false]
Jul 02, 2021 4:17:11 PM org.springframework.mock.jndi.SimpleNamingContextBuilder bind
INFO: Static JNDI binding: [java:comp/env/jdbc.servDb.url] = [jdbc:derby:/workspace/source/target/test/db/entando-plugin-jpseotestServ;create=****]
Jul 02, 2021 4:17:11 PM org.springframework.mock.jndi.SimpleNamingContextBuilder bind
INFO: Static JNDI binding: [java:comp/env/servDataSourceClassName] = [org.apache.derby.jdbc.EmbeddedDriver]
Jul 02, 2021 4:17:11 PM org.springframework.mock.jndi.SimpleNamingContextBuilder bind
INFO: Static JNDI binding: [java:comp/env/logFilesCount] = [10]
Jul 02, 2021 4:17:11 PM org.springframework.mock.jndi.SimpleNamingContextBuilder bind
INFO: Static JNDI binding: [java:comp/env/applicationBaseURL] = [/Entando/]
Jul 02, 2021 4:17:11 PM org.springframework.mock.jndi.SimpleNamingContextBuilder bind
INFO: Static JNDI binding: [java:comp/env/jdbc.portDb.password] = [agile]
Jul 02, 2021 4:17:11 PM org.springframework.mock.jndi.SimpleNamingContextBuilder bind
INFO: Static JNDI binding: [java:comp/env/logLevel] = [ERROR]
Jul 02, 2021 4:17:11 PM org.springframework.mock.jndi.SimpleNamingContextBuilder bind
INFO: Static JNDI binding: [java:comp/env/indexDiskRootFolder] = [target/test/indexdir]
Jul 02, 2021 4:17:11 PM org.springframework.mock.jndi.SimpleNamingContextBuilder bind
INFO: Static JNDI binding: [java:comp/env/logFileSize] = [1048576]
Jul 02, 2021 4:17:11 PM org.springframework.mock.jndi.SimpleNamingContextBuilder bind
INFO: Static JNDI binding: [java:comp/env/resourceDiskRootFolder] = [target/test/resources/]
Jul 02, 2021 4:17:11 PM org.springframework.mock.jndi.SimpleNamingContextBuilder bind
INFO: Static JNDI binding: [java:comp/env/protectedResourceRootURL] = [/Entando/protected/]
Jul 02, 2021 4:17:11 PM org.springframework.mock.jndi.SimpleNamingContextBuilder bind
INFO: Static JNDI binding: [java:comp/env/resourceRootURL] = [/Entando/resources/]
Jul 02, 2021 4:17:11 PM org.springframework.mock.jndi.SimpleNamingContextBuilder bind
INFO: Static JNDI binding: [java:comp/env/configVersion] = [test]
Jul 02, 2021 4:17:11 PM org.springframework.mock.jndi.SimpleNamingContextBuilder bind
INFO: Static JNDI binding: [java:comp/env/jdbc.servDb.beanName] = [servDataSource]
Jul 02, 2021 4:17:11 PM org.springframework.mock.jndi.SimpleNamingContextBuilder bind
INFO: Static JNDI binding: [java:comp/env/jdbc.portDb.url] = [jdbc:derby:/workspace/source/target/test/db/entando-plugin-jpseotestPort;create=****]
Jul 02, 2021 4:17:11 PM org.springframework.mock.jndi.SimpleNamingContextBuilder bind
INFO: Static JNDI binding: [java:comp/env/jdbc.servDb.driverClassName] = [org.apache.derby.jdbc.EmbeddedDriver]
Jul 02, 2021 4:17:11 PM org.springframework.mock.jndi.SimpleNamingContextBuilder bind
INFO: Static JNDI binding: [java:comp/env/protectedResourceDiskRootFolder] = [target/test/protected/]
Jul 02, 2021 4:17:11 PM org.springframework.mock.jndi.SimpleNamingContextBuilder bind
INFO: Static JNDI binding: [java:comp/env/jdbc.portDb.beanName] = [portDataSource]
Jul 02, 2021 4:17:11 PM org.springframework.mock.jndi.SimpleNamingContextBuilder bind
INFO: Static JNDI binding: [java:comp/env/jdbc.servDb.password] = [agile]
Jul 02, 2021 4:17:11 PM org.springframework.mock.jndi.SimpleNamingContextBuilder bind
INFO: Static JNDI binding: [java:comp/env/jdbc.portDb.driverClassName] = [org.apache.derby.jdbc.EmbeddedDriver]
Jul 02, 2021 4:17:11 PM org.springframework.mock.jndi.SimpleNamingContextBuilder bind
INFO: Static JNDI binding: [java:comp/env/jdbc.portDb.username] = [agile]
Jul 02, 2021 4:17:11 PM org.springframework.mock.jndi.SimpleNamingContextBuilder bind
INFO: Static JNDI binding: [java:comp/env/jdbc.servDb.username] = [agile]
Jul 02, 2021 4:17:11 PM org.springframework.mock.jndi.SimpleNamingContextBuilder bind
INFO: Static JNDI binding: [java:comp/env/logName] = [/workspace/source/target/test/entando-plugin-jpseo]
Jul 02, 2021 4:17:11 PM org.springframework.mock.jndi.SimpleNamingContextBuilder bind
INFO: Static JNDI binding: [java:comp/env/logFileRotatePattern] = [/workspace/source/target/test/entando-plugin-jpseo_logs/entando-plugin-jpseo-%i.log.gz]
Jul 02, 2021 4:17:11 PM org.springframework.mock.jndi.SimpleNamingContextBuilder bind
INFO: Static JNDI binding: [java:comp/env/jdbc/servDataSource] = [org.apache.commons.dbcp2.BasicDataSource@5788d856]
Jul 02, 2021 4:17:11 PM org.springframework.mock.jndi.SimpleNamingContextBuilder bind
INFO: Static JNDI binding: [java:comp/env/jdbc/portDataSource] = [org.apache.commons.dbcp2.BasicDataSource@31120029]
Jul 02, 2021 4:17:11 PM org.springframework.mock.web.MockServletContext log
INFO: Initializing Spring **** WebApplicationContext
Jul 02, 2021 4:17:11 PM org.springframework.web.context.ContextLoader initWebApplicationContext
INFO: Root WebApplicationContext: initialization started
Jul 02, 2021 4:17:13 PM org.entando.entando.ent.util.EntLogging$EntLogger info
INFO: + [ Component: Core ] :: DATA
|   
Jul 02, 2021 4:17:13 PM org.entando.entando.ent.util.EntLogging$EntLogger info
INFO: + [ Component: jacms ] :: DATA
|   
Jul 02, 2021 4:17:13 PM org.entando.entando.ent.util.EntLogging$EntLogger info
INFO: + [ Component: entando-*****-console ] :: DATA
|   
Jul 02, 2021 4:17:13 PM org.entando.entando.ent.util.EntLogging$EntLogger info
INFO: + [ Component: entando-portal-ui ] :: DATA
|   
Jul 02, 2021 4:17:13 PM org.entando.entando.ent.util.EntLogging$EntLogger info
INFO: + [ Component: jpseo ] :: DATA
|   
Jul 02, 2021 4:17:13 PM org.entando.entando.ent.util.EntLogging$EntLogger info
INFO: + [ Component: Core ] :: DATA
|   
Jul 02, 2021 4:17:13 PM org.entando.entando.ent.util.EntLogging$EntLogger info
INFO: + [ Component: jacms ] :: DATA
|   
Jul 02, 2021 4:17:13 PM org.entando.entando.ent.util.EntLogging$EntLogger info
INFO: + [ Component: entando-*****-console ] :: DATA
|   
Jul 02, 2021 4:17:13 PM org.entando.entando.ent.util.EntLogging$EntLogger info
INFO: + [ Component: entando-portal-ui ] :: DATA
|   
Jul 02, 2021 4:17:13 PM org.entando.entando.ent.util.EntLogging$EntLogger info
INFO: + [ Component: jpseo ] :: DATA
|   
Jul 02, 2021 4:17:21 PM org.springframework.security.web.DefaultSecurityFilterChain <init>
INFO: Will secure Or [Ant [pattern='/oauth/token'], Ant [pattern='/oauth/token_key'], Ant [pattern='/oauth/check_token']] with [org.springframework.security.web.context.request.async.WebAsyncManagerIntegrationFilter@2c5acace, org.springframework.security.web.context.SecurityContextPersistenceFilter@7fd38a74, org.springframework.security.web.header.HeaderWriterFilter@4a4005be, org.springframework.security.web.authentication.logout.LogoutFilter@7c755f0a, org.springframework.web.filter.CorsFilter@131e42ec, org.springframework.security.web.authentication.www.BasicAuthenticationFilter@774ea59f, org.springframework.security.web.savedrequest.RequestCacheAwareFilter@6639d138, org.springframework.security.web.servletapi.SecurityContextHolderAwareRequestFilter@73e01120, org.springframework.security.web.authentication.AnonymousAuthenticationFilter@769652e5, org.springframework.security.web.session.SessionManagementFilter@24be934b, org.springframework.security.web.access.ExceptionTranslationFilter@42468fb3, org.springframework.security.web.access.intercept.FilterSecurityInterceptor@6ce87a76]
Jul 02, 2021 4:17:21 PM org.springframework.security.web.DefaultSecurityFilterChain <init>
INFO: Will secure any request with [org.springframework.security.web.context.request.async.WebAsyncManagerIntegrationFilter@12057a6d, org.springframework.security.web.context.SecurityContextPersistenceFilter@16fb7c5d, org.springframework.security.web.header.HeaderWriterFilter@6dde586b, org.springframework.web.filter.CorsFilter@131e42ec, org.springframework.security.web.authentication.logout.LogoutFilter@2235bb56, org.springframework.security.web.savedrequest.RequestCacheAwareFilter@3f83a650, org.springframework.security.web.servletapi.SecurityContextHolderAwareRequestFilter@7302d039, org.springframework.security.web.session.SessionManagementFilter@45b71e1a, org.springframework.security.web.access.ExceptionTranslationFilter@75fa6f02]
Jul 02, 2021 4:17:21 PM org.springframework.web.context.ContextLoader initWebApplicationContext
INFO: Root WebApplicationContext initialized in 10405 ms
Jul 02, 2021 4:17:23 PM org.entando.entando.ent.util.EntLogging$EntLogger info
INFO: + [ Component: Core ] :: DATA
|   
Jul 02, 2021 4:17:23 PM org.entando.entando.ent.util.EntLogging$EntLogger info
INFO: + [ Component: jacms ] :: DATA
|   
Jul 02, 2021 4:17:23 PM org.entando.entando.ent.util.EntLogging$EntLogger info
INFO: + [ Component: entando-*****-console ] :: DATA
|   
Jul 02, 2021 4:17:23 PM org.entando.entando.ent.util.EntLogging$EntLogger info
INFO: + [ Component: entando-portal-ui ] :: DATA
|   
Jul 02, 2021 4:17:23 PM org.entando.entando.ent.util.EntLogging$EntLogger info
INFO: + [ Component: jpseo ] :: DATA
|   
Jul 02, 2021 4:17:23 PM org.entando.entando.ent.util.EntLogging$EntLogger info
INFO: + [ Component: Core ] :: DATA
|   
Jul 02, 2021 4:17:23 PM org.entando.entando.ent.util.EntLogging$EntLogger info
INFO: + [ Component: jacms ] :: DATA
|   
Jul 02, 2021 4:17:23 PM org.entando.entando.ent.util.EntLogging$EntLogger info
INFO: + [ Component: entando-*****-console ] :: DATA
|   
Jul 02, 2021 4:17:23 PM org.entando.entando.ent.util.EntLogging$EntLogger info
INFO: + [ Component: entando-portal-ui ] :: DATA
|   
Jul 02, 2021 4:17:23 PM org.entando.entando.ent.util.EntLogging$EntLogger info
INFO: + [ Component: jpseo ] :: DATA
|   
Jul 02, 2021 4:17:32 PM org.springframework.security.web.DefaultSecurityFilterChain <init>
INFO: Will secure Or [Ant [pattern='/oauth/token'], Ant [pattern='/oauth/token_key'], Ant [pattern='/oauth/check_token']] with [org.springframework.security.web.context.request.async.WebAsyncManagerIntegrationFilter@7a1599b5, org.springframework.security.web.context.SecurityContextPersistenceFilter@3e21108f, org.springframework.security.web.header.HeaderWriterFilter@1f8050c8, org.springframework.security.web.authentication.logout.LogoutFilter@4974e4a9, org.springframework.web.filter.CorsFilter@14f0ee27, org.springframework.security.web.authentication.www.BasicAuthenticationFilter@ee65373, org.springframework.security.web.savedrequest.RequestCacheAwareFilter@30fc4635, org.springframework.security.web.servletapi.SecurityContextHolderAwareRequestFilter@26e7bc18, org.springframework.security.web.authentication.AnonymousAuthenticationFilter@1617f1d8, org.springframework.security.web.session.SessionManagementFilter@1cad77bb, org.springframework.security.web.access.ExceptionTranslationFilter@6bac0ccd, org.springframework.security.web.access.intercept.FilterSecurityInterceptor@7cbe0a93]
Jul 02, 2021 4:17:32 PM org.springframework.security.web.DefaultSecurityFilterChain <init>
INFO: Will secure any request with [org.springframework.security.web.context.request.async.WebAsyncManagerIntegrationFilter@327c7333, org.springframework.security.web.context.SecurityContextPersistenceFilter@137530ed, org.springframework.security.web.header.HeaderWriterFilter@3766da1c, org.springframework.web.filter.CorsFilter@14f0ee27, org.springframework.security.web.authentication.logout.LogoutFilter@5ad26613, org.springframework.security.web.savedrequest.RequestCacheAwareFilter@613d12e2, org.springframework.security.web.servletapi.SecurityContextHolderAwareRequestFilter@6a9c46e9, org.springframework.security.web.session.SessionManagementFilter@47cea460, org.springframework.security.web.access.ExceptionTranslationFilter@4ddf0c61]
[INFO] Tests run: 1, Failures: 0, Errors: 0, Skipped: 0, Time elapsed: 21.149 s - in org.entando.entando.plugins.jpseo.aps.******.services.page.SeoPageServiceTest
[INFO] Running org.entando.entando.plugins.jpseo.aps.******.services.url.URLManagerTest
[INFO] Tests run: 4, Failures: 0, Errors: 0, Skipped: 0, Time elapsed: 0.153 s - in org.entando.entando.plugins.jpseo.aps.******.services.url.URLManagerTest
[INFO] Running org.entando.entando.plugins.jpseo.web.page.SeoPageControllerTest
[INFO ] 2021-07-02 16:17:33.212 [main] Version - HV000001: Hibernate Validator 6.0.20.Final
Jul 02, 2021 4:17:33 PM org.springframework.mock.web.MockServletContext log
INFO: Initializing Spring TestDispatcherServlet ''
Jul 02, 2021 4:17:33 PM org.springframework.web.servlet.FrameworkServlet initServletBean
INFO: Initializing Servlet ''
Jul 02, 2021 4:17:33 PM org.springframework.web.servlet.FrameworkServlet initServletBean
INFO: Completed initialization in 0 ms
Jul 02, 2021 4:17:34 PM org.springframework.mock.web.MockServletContext log
INFO: Initializing Spring TestDispatcherServlet ''
Jul 02, 2021 4:17:34 PM org.springframework.web.servlet.FrameworkServlet initServletBean
INFO: Initializing Servlet ''
Jul 02, 2021 4:17:34 PM org.springframework.web.servlet.FrameworkServlet initServletBean
INFO: Completed initialization in 0 ms
[INFO] Tests run: 2, Failures: 0, Errors: 0, Skipped: 0, Time elapsed: 1.721 s - in org.entando.entando.plugins.jpseo.web.page.SeoPageControllerTest
[INFO] Running org.entando.entando.plugins.jpseo.web.page.SeoPageControllerIntegrationTest
Jul 02, 2021 4:17:34 PM org.springframework.test.context.support.AbstractTestContextBootstrapper getDefaultTestE**cutionListenerClassNames
INFO: Loaded default TestE**cutionListener class names from location [META-INF/spring.factories]: [org.springframework.test.context.web.ServletTestE**cutionListener, org.springframework.test.context.support.DirtiesContextBeforeModesTestE**cutionListener, org.springframework.test.context.event.ApplicationEventsTestE**cutionListener, org.springframework.test.context.support.DependencyInjectionTestE**cutionListener, org.springframework.test.context.support.DirtiesContextTestE**cutionListener, org.springframework.test.context.transaction.TransactionalTestE**cutionListener, org.springframework.test.context.jdbc.SqlScriptsTestE**cutionListener, org.springframework.test.context.event.EventPublishingTestE**cutionListener]
Jul 02, 2021 4:17:34 PM org.springframework.test.context.support.AbstractTestContextBootstrapper getTestE**cutionListeners
INFO: Using TestE**cutionListeners: [org.springframework.test.context.web.ServletTestE**cutionListener@18886e85, org.springframework.test.context.support.DirtiesContextBeforeModesTestE**cutionListener@32673711, org.springframework.test.context.event.ApplicationEventsTestE**cutionListener@338021d1, org.springframework.test.context.support.DependencyInjectionTestE**cutionListener@785a5b5e, org.springframework.test.context.support.DirtiesContextTestE**cutionListener@23fdee96, org.springframework.test.context.transaction.TransactionalTestE**cutionListener@28a98a47, org.springframework.test.context.jdbc.SqlScriptsTestE**cutionListener@1a15b82a, org.springframework.test.context.event.EventPublishingTestE**cutionListener@303f809d]
Jul 02, 2021 4:17:34 PM org.springframework.mock.jndi.SimpleNamingContextBuilder bind
INFO: Static JNDI binding: [java:comp/env/logName] = [/workspace/source/target/test/entando-plugin-jpseo]
Jul 02, 2021 4:17:34 PM org.springframework.mock.jndi.SimpleNamingContextBuilder bind
INFO: Static JNDI binding: [java:comp/env/logFileRotatePattern] = [/workspace/source/target/test/entando-plugin-jpseo_logs/entando-plugin-jpseo-%i.log.gz]
Jul 02, 2021 4:17:34 PM org.springframework.mock.jndi.SimpleNamingContextBuilder bind
INFO: Static JNDI binding: [java:comp/env/logLevel] = [ERROR]
Jul 02, 2021 4:17:34 PM org.springframework.mock.jndi.SimpleNamingContextBuilder bind
INFO: Static JNDI binding: [java:comp/env/logFileSize] = [1048576]
Jul 02, 2021 4:17:34 PM org.springframework.mock.jndi.SimpleNamingContextBuilder bind
INFO: Static JNDI binding: [java:comp/env/logFilesCount] = [10]
Jul 02, 2021 4:17:34 PM org.springframework.mock.jndi.SimpleNamingContextBuilder bind
INFO: Static JNDI binding: [java:comp/env/configVersion] = [test]
Jul 02, 2021 4:17:34 PM org.springframework.mock.jndi.SimpleNamingContextBuilder bind
INFO: Static JNDI binding: [java:comp/env/applicationBaseURL] = [/Entando/]
Jul 02, 2021 4:17:34 PM org.springframework.mock.jndi.SimpleNamingContextBuilder bind
INFO: Static JNDI binding: [java:comp/env/resourceRootURL] = [/Entando/resources/]
Jul 02, 2021 4:17:34 PM org.springframework.mock.jndi.SimpleNamingContextBuilder bind
INFO: Static JNDI binding: [java:comp/env/protectedResourceRootURL] = [/Entando/protected/]
Jul 02, 2021 4:17:34 PM org.springframework.mock.jndi.SimpleNamingContextBuilder bind
INFO: Static JNDI binding: [java:comp/env/resourceDiskRootFolder] = [target/test/resources/]
Jul 02, 2021 4:17:34 PM org.springframework.mock.jndi.SimpleNamingContextBuilder bind
INFO: Static JNDI binding: [java:comp/env/protectedResourceDiskRootFolder] = [target/test/protected/]
Jul 02, 2021 4:17:34 PM org.springframework.mock.jndi.SimpleNamingContextBuilder bind
INFO: Static JNDI binding: [java:comp/env/indexDiskRootFolder] = [target/test/indexdir]
Jul 02, 2021 4:17:34 PM org.springframework.mock.jndi.SimpleNamingContextBuilder bind
INFO: Static JNDI binding: [java:comp/env/portDataSourceClassName] = [org.apache.derby.jdbc.EmbeddedDriver]
Jul 02, 2021 4:17:34 PM org.springframework.mock.jndi.SimpleNamingContextBuilder bind
INFO: Static JNDI binding: [java:comp/env/servDataSourceClassName] = [org.apache.derby.jdbc.EmbeddedDriver]
Jul 02, 2021 4:17:34 PM org.springframework.mock.jndi.SimpleNamingContextBuilder bind
INFO: Static JNDI binding: [java:comp/env/portDataSourceClassName] = [org.apache.derby.jdbc.EmbeddedDriver]
Jul 02, 2021 4:17:34 PM org.springframework.mock.jndi.SimpleNamingContextBuilder bind
INFO: Static JNDI binding: [java:comp/env/logActiveFileOutput] = [false]
Jul 02, 2021 4:17:34 PM org.springframework.mock.jndi.SimpleNamingContextBuilder bind
INFO: Static JNDI binding: [java:comp/env/jdbc.servDb.url] = [jdbc:derby:/workspace/source/target/test/db/entando-plugin-jpseotestServ;create=****]
Jul 02, 2021 4:17:34 PM org.springframework.mock.jndi.SimpleNamingContextBuilder bind
INFO: Static JNDI binding: [java:comp/env/servDataSourceClassName] = [org.apache.derby.jdbc.EmbeddedDriver]
Jul 02, 2021 4:17:34 PM org.springframework.mock.jndi.SimpleNamingContextBuilder bind
INFO: Static JNDI binding: [java:comp/env/logFilesCount] = [10]
Jul 02, 2021 4:17:34 PM org.springframework.mock.jndi.SimpleNamingContextBuilder bind
INFO: Static JNDI binding: [java:comp/env/applicationBaseURL] = [/Entando/]
Jul 02, 2021 4:17:34 PM org.springframework.mock.jndi.SimpleNamingContextBuilder bind
INFO: Static JNDI binding: [java:comp/env/jdbc.portDb.password] = [agile]
Jul 02, 2021 4:17:34 PM org.springframework.mock.jndi.SimpleNamingContextBuilder bind
INFO: Static JNDI binding: [java:comp/env/logLevel] = [ERROR]
Jul 02, 2021 4:17:34 PM org.springframework.mock.jndi.SimpleNamingContextBuilder bind
INFO: Static JNDI binding: [java:comp/env/indexDiskRootFolder] = [target/test/indexdir]
Jul 02, 2021 4:17:34 PM org.springframework.mock.jndi.SimpleNamingContextBuilder bind
INFO: Static JNDI binding: [java:comp/env/logFileSize] = [1048576]
Jul 02, 2021 4:17:34 PM org.springframework.mock.jndi.SimpleNamingContextBuilder bind
INFO: Static JNDI binding: [java:comp/env/resourceDiskRootFolder] = [target/test/resources/]
Jul 02, 2021 4:17:34 PM org.springframework.mock.jndi.SimpleNamingContextBuilder bind
INFO: Static JNDI binding: [java:comp/env/protectedResourceRootURL] = [/Entando/protected/]
Jul 02, 2021 4:17:34 PM org.springframework.mock.jndi.SimpleNamingContextBuilder bind
INFO: Static JNDI binding: [java:comp/env/resourceRootURL] = [/Entando/resources/]
Jul 02, 2021 4:17:34 PM org.springframework.mock.jndi.SimpleNamingContextBuilder bind
INFO: Static JNDI binding: [java:comp/env/configVersion] = [test]
Jul 02, 2021 4:17:34 PM org.springframework.mock.jndi.SimpleNamingContextBuilder bind
INFO: Static JNDI binding: [java:comp/env/jdbc.servDb.beanName] = [servDataSource]
Jul 02, 2021 4:17:34 PM org.springframework.mock.jndi.SimpleNamingContextBuilder bind
INFO: Static JNDI binding: [java:comp/env/jdbc.portDb.url] = [jdbc:derby:/workspace/source/target/test/db/entando-plugin-jpseotestPort;create=****]
Jul 02, 2021 4:17:34 PM org.springframework.mock.jndi.SimpleNamingContextBuilder bind
INFO: Static JNDI binding: [java:comp/env/jdbc.servDb.driverClassName] = [org.apache.derby.jdbc.EmbeddedDriver]
Jul 02, 2021 4:17:34 PM org.springframework.mock.jndi.SimpleNamingContextBuilder bind
INFO: Static JNDI binding: [java:comp/env/protectedResourceDiskRootFolder] = [target/test/protected/]
Jul 02, 2021 4:17:34 PM org.springframework.mock.jndi.SimpleNamingContextBuilder bind
INFO: Static JNDI binding: [java:comp/env/jdbc.portDb.beanName] = [portDataSource]
Jul 02, 2021 4:17:34 PM org.springframework.mock.jndi.SimpleNamingContextBuilder bind
INFO: Static JNDI binding: [java:comp/env/jdbc.servDb.password] = [agile]
Jul 02, 2021 4:17:34 PM org.springframework.mock.jndi.SimpleNamingContextBuilder bind
INFO: Static JNDI binding: [java:comp/env/jdbc.portDb.driverClassName] = [org.apache.derby.jdbc.EmbeddedDriver]
Jul 02, 2021 4:17:34 PM org.springframework.mock.jndi.SimpleNamingContextBuilder bind
INFO: Static JNDI binding: [java:comp/env/jdbc.portDb.username] = [agile]
Jul 02, 2021 4:17:34 PM org.springframework.mock.jndi.SimpleNamingContextBuilder bind
INFO: Static JNDI binding: [java:comp/env/jdbc.servDb.username] = [agile]
Jul 02, 2021 4:17:34 PM org.springframework.mock.jndi.SimpleNamingContextBuilder bind
INFO: Static JNDI binding: [java:comp/env/logName] = [/workspace/source/target/test/entando-plugin-jpseo]
Jul 02, 2021 4:17:34 PM org.springframework.mock.jndi.SimpleNamingContextBuilder bind
INFO: Static JNDI binding: [java:comp/env/logFileRotatePattern] = [/workspace/source/target/test/entando-plugin-jpseo_logs/entando-plugin-jpseo-%i.log.gz]
Jul 02, 2021 4:17:34 PM org.springframework.mock.jndi.SimpleNamingContextBuilder bind
INFO: Static JNDI binding: [java:comp/env/jdbc/servDataSource] = [org.apache.commons.dbcp2.BasicDataSource@60a8da15]
Jul 02, 2021 4:17:34 PM org.springframework.mock.jndi.SimpleNamingContextBuilder bind
INFO: Static JNDI binding: [java:comp/env/jdbc/portDataSource] = [org.apache.commons.dbcp2.BasicDataSource@3bf43653]
Jul 02, 2021 4:17:34 PM org.springframework.mock.jndi.SimpleNamingContextBuilder activate
INFO: Activating simple JNDI environment
Jul 02, 2021 4:17:36 PM org.entando.entando.ent.util.EntLogging$EntLogger info
INFO: + [ Component: Core ] :: DATA
|   
Jul 02, 2021 4:17:36 PM org.entando.entando.ent.util.EntLogging$EntLogger info
INFO: + [ Component: jacms ] :: DATA
|   
Jul 02, 2021 4:17:36 PM org.entando.entando.ent.util.EntLogging$EntLogger info
INFO: + [ Component: entando-*****-console ] :: DATA
|   
Jul 02, 2021 4:17:36 PM org.entando.entando.ent.util.EntLogging$EntLogger info
INFO: + [ Component: entando-portal-ui ] :: DATA
|   
Jul 02, 2021 4:17:36 PM org.entando.entando.ent.util.EntLogging$EntLogger info
INFO: + [ Component: jpseo ] :: DATA
|   
Jul 02, 2021 4:17:36 PM org.entando.entando.ent.util.EntLogging$EntLogger info
INFO: + [ Component: Core ] :: DATA
|   
Jul 02, 2021 4:17:36 PM org.entando.entando.ent.util.EntLogging$EntLogger info
INFO: + [ Component: jacms ] :: DATA
|   
Jul 02, 2021 4:17:36 PM org.entando.entando.ent.util.EntLogging$EntLogger info
INFO: + [ Component: entando-*****-console ] :: DATA
|   
Jul 02, 2021 4:17:36 PM org.entando.entando.ent.util.EntLogging$EntLogger info
INFO: + [ Component: entando-portal-ui ] :: DATA
|   
Jul 02, 2021 4:17:36 PM org.entando.entando.ent.util.EntLogging$EntLogger info
INFO: + [ Component: jpseo ] :: DATA
|   
Jul 02, 2021 4:17:46 PM org.springframework.security.web.DefaultSecurityFilterChain <init>
INFO: Will secure Or [Ant [pattern='/oauth/token'], Ant [pattern='/oauth/token_key'], Ant [pattern='/oauth/check_token']] with [org.springframework.security.web.context.request.async.WebAsyncManagerIntegrationFilter@56c0971e, org.springframework.security.web.context.SecurityContextPersistenceFilter@64556dc5, org.springframework.security.web.header.HeaderWriterFilter@6f11c680, org.springframework.security.web.authentication.logout.LogoutFilter@1b51621c, org.springframework.web.filter.CorsFilter@186b11a3, org.springframework.security.web.authentication.www.BasicAuthenticationFilter@2f552459, org.springframework.security.web.savedrequest.RequestCacheAwareFilter@46201c8a, org.springframework.security.web.servletapi.SecurityContextHolderAwareRequestFilter@78cecf5f, org.springframework.security.web.authentication.AnonymousAuthenticationFilter@a9d3804, org.springframework.security.web.session.SessionManagementFilter@6b6c5d2d, org.springframework.security.web.access.ExceptionTranslationFilter@22f551bb, org.springframework.security.web.access.intercept.FilterSecurityInterceptor@1761b895]
Jul 02, 2021 4:17:47 PM org.springframework.security.web.DefaultSecurityFilterChain <init>
INFO: Will secure any request with [org.springframework.security.web.context.request.async.WebAsyncManagerIntegrationFilter@4ff6ef65, org.springframework.security.web.context.SecurityContextPersistenceFilter@1632496f, org.springframework.security.web.header.HeaderWriterFilter@3a0f2da8, org.springframework.web.filter.CorsFilter@186b11a3, org.springframework.security.web.authentication.logout.LogoutFilter@57c55bb9, org.springframework.security.web.savedrequest.RequestCacheAwareFilter@7506b85f, org.springframework.security.web.servletapi.SecurityContextHolderAwareRequestFilter@61c8ce36, org.springframework.security.web.session.SessionManagementFilter@16c40f4b, org.springframework.security.web.access.ExceptionTranslationFilter@61de0847]
Jul 02, 2021 4:17:47 PM org.springframework.mock.web.MockServletContext log
INFO: Initializing Spring TestDispatcherServlet ''
Jul 02, 2021 4:17:47 PM org.springframework.web.servlet.FrameworkServlet initServletBean
INFO: Initializing Servlet ''
Jul 02, 2021 4:17:47 PM org.springframework.web.servlet.FrameworkServlet initServletBean
INFO: Completed initialization in 1 ms
Jul 02, 2021 4:17:47 PM org.springframework.mock.web.MockServletContext log
INFO: Initializing Spring TestDispatcherServlet ''
Jul 02, 2021 4:17:47 PM org.springframework.web.servlet.FrameworkServlet initServletBean
INFO: Initializing Servlet ''
Jul 02, 2021 4:17:47 PM org.springframework.web.servlet.FrameworkServlet initServletBean
INFO: Completed initialization in 2 ms
Jul 02, 2021 4:17:47 PM org.entando.entando.ent.util.EntLogging$EntLogger error
SEVERE: Invalid friendly Code test_page_2_it
Jul 02, 2021 4:17:47 PM org.springframework.mock.web.MockServletContext log
INFO: Initializing Spring TestDispatcherServlet ''
Jul 02, 2021 4:17:47 PM org.springframework.web.servlet.FrameworkServlet initServletBean
INFO: Initializing Servlet ''
Jul 02, 2021 4:17:47 PM org.springframework.web.servlet.FrameworkServlet initServletBean
INFO: Completed initialization in 3 ms
Jul 02, 2021 4:17:47 PM org.springframework.mock.web.MockServletContext log
INFO: Initializing Spring TestDispatcherServlet ''
Jul 02, 2021 4:17:47 PM org.springframework.web.servlet.FrameworkServlet initServletBean
INFO: Initializing Servlet ''
Jul 02, 2021 4:17:47 PM org.springframework.web.servlet.FrameworkServlet initServletBean
INFO: Completed initialization in 3 ms
Jul 02, 2021 4:17:47 PM org.springframework.mock.web.MockServletContext log
INFO: Initializing Spring TestDispatcherServlet ''
Jul 02, 2021 4:17:47 PM org.springframework.web.servlet.FrameworkServlet initServletBean
INFO: Initializing Servlet ''
Jul 02, 2021 4:17:47 PM org.springframework.web.servlet.FrameworkServlet initServletBean
INFO: Completed initialization in 2 ms
Jul 02, 2021 4:17:47 PM org.springframework.mock.web.MockServletContext log
INFO: Initializing Spring TestDispatcherServlet ''
Jul 02, 2021 4:17:47 PM org.springframework.web.servlet.FrameworkServlet initServletBean
INFO: Initializing Servlet ''
Jul 02, 2021 4:17:47 PM org.springframework.web.servlet.FrameworkServlet initServletBean
INFO: Completed initialization in 2 ms
Jul 02, 2021 4:17:47 PM org.springframework.mock.web.MockServletContext log
INFO: Initializing Spring TestDispatcherServlet ''
Jul 02, 2021 4:17:47 PM org.springframework.web.servlet.FrameworkServlet initServletBean
INFO: Initializing Servlet ''
Jul 02, 2021 4:17:47 PM org.springframework.web.servlet.FrameworkServlet initServletBean
INFO: Completed initialization in 3 ms
Jul 02, 2021 4:17:50 PM org.entando.entando.ent.util.EntLogging$EntLogger error
SEVERE: Invalid friendly Code test_page_2_fc_it
Jul 02, 2021 4:17:51 PM org.entando.entando.ent.util.EntLogging$EntLogger error
SEVERE: Invalid friendly Code test_page_2_fc_en
Jul 02, 2021 4:17:51 PM org.springframework.mock.web.MockServletContext log
INFO: Initializing Spring TestDispatcherServlet ''
Jul 02, 2021 4:17:51 PM org.springframework.web.servlet.FrameworkServlet initServletBean
INFO: Initializing Servlet ''
Jul 02, 2021 4:17:51 PM org.springframework.web.servlet.FrameworkServlet initServletBean
INFO: Completed initialization in 2 ms
Jul 02, 2021 4:17:51 PM org.springframework.mock.web.MockServletContext log
INFO: Initializing Spring TestDispatcherServlet ''
Jul 02, 2021 4:17:51 PM org.springframework.web.servlet.FrameworkServlet initServletBean
INFO: Initializing Servlet ''
Jul 02, 2021 4:17:51 PM org.springframework.web.servlet.FrameworkServlet initServletBean
INFO: Completed initialization in 2 ms
[INFO] Tests run: 9, Failures: 0, Errors: 0, Skipped: 0, Time elapsed: 17.039 s - in org.entando.entando.plugins.jpseo.web.page.SeoPageControllerIntegrationTest
[INFO] 
[INFO] Results:
[INFO] 
[INFO] Tests run: 47, Failures: 0, Errors: 0, Skipped: 0
[INFO] 
[INFO] 
[INFO] --- maven-war-plugin:2.1.1:war (default-war) @ entando-plugin-jpseo ---
[INFO] Packaging webapp
[INFO] Assembling webapp [entando-plugin-jpseo] in [/workspace/source/target/entando-plugin-jpseo-6.4.1]
[INFO] Processing war project
[INFO] Copying webapp resources [/workspace/source/src/main/webapp]
[INFO] Building jar: /workspace/source/target/entando-plugin-jpseo-6.4.1/WEB-INF/lib/entando-plugin-jpseo-6.4.1.jar
[INFO] Webapp assembled in [635 msecs]
[INFO] Building war: /workspace/source/target/entando-plugin-jpseo-6.4.1.war
[INFO] 
[INFO] --- maven-assembly-plugin:2.2.1:single (package-classes) @ entando-plugin-jpseo ---
[INFO] Reading assembly descriptor: /workspace/source/src/main/assembly/classes.xml
[INFO] Building jar: /workspace/source/target/entando-plugin-jpseo-6.4.1-classes.jar
[INFO] 
[INFO] --- license-maven-plugin:2.0.0:aggregate-download-licenses (download-licenses) @ entando-plugin-jpseo ---
[WARNING] Failed to build parent project for com.sun.xml.bind.mvn:jaxb-bundles:pom:2.2.11
[WARNING] Failed to build parent project for com.sun.xml.bind:jaxb-core:jar:2.2.11
[WARNING] Failed to build parent project for com.sun.xml.bind.mvn:jaxb-bundles:pom:2.2.11
[WARNING] Failed to build parent project for com.sun.xml.bind:jaxb-impl:jar:2.2.11
[WARNING] Could not create effective POM for 'com.sun.xml.bind:jaxb-core:2.2.11': ProjectBuildingException: Some problems were encountered while processing the POMs:
[ERROR] 'dependencyManagement.dependencies.dependency.******Path' for com.sun:tools:jar must specify an absolute path but is ${tools.jar} @ com.sun.xml.bind.mvn:jaxb-parent:2.2.11, /home/jenkins/.mvnrepository/com/sun/xml/bind/mvn/jaxb-parent/2.2.11/jaxb-parent-2.2.11.pom, line 188, column 29

[WARNING] Could not create effective POM for 'com.sun.xml.bind:jaxb-impl:2.2.11': ProjectBuildingException: Some problems were encountered while processing the POMs:
[ERROR] 'dependencyManagement.dependencies.dependency.******Path' for com.sun:tools:jar must specify an absolute path but is ${tools.jar} @ com.sun.xml.bind.mvn:jaxb-parent:2.2.11, /home/jenkins/.mvnrepository/com/sun/xml/bind/mvn/jaxb-parent/2.2.11/jaxb-parent-2.2.11.pom, line 188, column 29

[WARNING] No URL for license at index 0 in dependency aopalliance:aopalliance:1.0
[WARNING] No license information available for: com.sun.xml.bind:jaxb-core:2.2.11
[WARNING] No license information available for: com.sun.xml.bind:jaxb-impl:2.2.11
[WARNING] No URL for license at index 0 in dependency de.l3s.boilerpipe:boilerpipe:1.1.0
[WARNING] No license information available for: net.jcip:jcip-annotations:1.0
[WARNING] No URL for license at index 0 in dependency org.tukaani:xz:1.9
[WARNING] No license information available for: oro:oro:2.0.8
[WARNING] Unable to retrieve license from URL 'LICENSE.txt' for dependency 'com.github.jai-imageio:jai-imageio-core:1.4.0': null
Jul 02, 2021 4:17:59 PM org.apache.http.client.protocol.ResponseProcessCookies processCookies
WARNING: Invalid cookie header: "Set-Cookie: _octo=GH1.1.57730559.1625242679; Path=/; Domain=github.com; Expires=Sat, 02 Jul 2022 16:17:59 GMT; Secure; SameSite=Lax". Invalid 'expires' attribute: Sat, 02 Jul 2022 16:17:59 GMT
Jul 02, 2021 4:17:59 PM org.apache.http.client.protocol.ResponseProcessCookies processCookies
WARNING: Invalid cookie header: "Set-Cookie: logged_in=no; Path=/; Domain=github.com; Expires=Sat, 02 Jul 2022 16:17:59 GMT; HttpOnly; Secure; SameSite=Lax". Invalid 'expires' attribute: Sat, 02 Jul 2022 16:17:59 GMT
[WARNING] 'https://github.com/junrar/junrar/LICENSE.md' returned 404 Not Found
[WARNING] Unable to retrieve license from URL '/LICENSE.txt' for dependency 'commons-digester:commons-digester:1.8': null
[WARNING] Unable to retrieve license from URL '/LICENSE.txt' for dependency 'commons-pool:commons-pool:1.3': null
[WARNING] Unable to retrieve license from URL '/LICENSE.txt' for dependency 'commons-validator:commons-validator:1.3.1': null
Jul 02, 2021 4:18:06 PM org.apache.http.impl.e**cchain.RetryE**c e**cute
INFO: I/O exception (org.apache.http.NoHttpResponseException) caught when processing request to {}->http://www.eclipse.org:80: The target server failed to respond
Jul 02, 2021 4:18:06 PM org.apache.http.impl.e**cchain.RetryE**c e**cute
INFO: Retrying request to {}->http://www.eclipse.org:80
[WARNING] Unable to retrieve license from URL 'https://glassfish.dev.java.net/public/CDDLv1.0.html' for dependency 'javax.activation:activation:1.1.1': Certificate for <glassfish.dev.java.net> doesn't match any of the subject alternative names: [*.java.net]
Jul 02, 2021 4:18:07 PM org.apache.http.client.protocol.ResponseProcessCookies processCookies
WARNING: Invalid cookie header: "Set-Cookie: _octo=GH1.1.491568739.1625242687; Path=/; Domain=github.com; Expires=Sat, 02 Jul 2022 16:18:07 GMT; Secure; SameSite=Lax". Invalid 'expires' attribute: Sat, 02 Jul 2022 16:18:07 GMT
Jul 02, 2021 4:18:07 PM org.apache.http.client.protocol.ResponseProcessCookies processCookies
WARNING: Invalid cookie header: "Set-Cookie: logged_in=no; Path=/; Domain=github.com; Expires=Sat, 02 Jul 2022 16:18:07 GMT; HttpOnly; Secure; SameSite=Lax". Invalid 'expires' attribute: Sat, 02 Jul 2022 16:18:07 GMT
Jul 02, 2021 4:18:07 PM org.apache.http.client.protocol.ResponseProcessCookies processCookies
WARNING: Invalid cookie header: "Set-Cookie: _octo=GH1.1.434969924.1625242687; Path=/; Domain=github.com; Expires=Sat, 02 Jul 2022 16:18:07 GMT; Secure; SameSite=Lax". Invalid 'expires' attribute: Sat, 02 Jul 2022 16:18:07 GMT
Jul 02, 2021 4:18:07 PM org.apache.http.client.protocol.ResponseProcessCookies processCookies
WARNING: Invalid cookie header: "Set-Cookie: logged_in=no; Path=/; Domain=github.com; Expires=Sat, 02 Jul 2022 16:18:07 GMT; HttpOnly; Secure; SameSite=Lax". Invalid 'expires' attribute: Sat, 02 Jul 2022 16:18:07 GMT
[WARNING] Unable to retrieve license from URL 'https://glassfish.dev.java.net/nonav/public/CDDL+GPL.html' for dependency 'javax.el:javax.el-api:3.0.0': Certificate for <glassfish.dev.java.net> doesn't match any of the subject alternative names: [*.java.net]
[WARNING] Unable to retrieve license from URL 'LICENSE.txt' for dependency 'javax.measure:unit-api:1.0': null
[WARNING] Unable to retrieve license from URL 'https://glassfish.dev.java.net/nonav/public/CDDL+GPL.html' for dependency 'javax.servlet.jsp:jsp-api:2.2': Certificate for <glassfish.dev.java.net> doesn't match any of the subject alternative names: [*.java.net]
[WARNING] Unable to retrieve license from URL 'https://glassfish.dev.java.net/nonav/public/CDDL+GPL.html' for dependency 'javax.servlet:javax.servlet-api:3.1.0': Certificate for <glassfish.dev.java.net> doesn't match any of the subject alternative names: [*.java.net]
[WARNING] Unable to retrieve license from URL 'src/assemble/EHCACHE-CORE-LICENSE.txt' for dependency 'net.sf.ehcache:ehcache-core:2.6.2': null
[WARNING] Unable to retrieve license from URL 'http://glassfish.dev.java.net/nonav/public/CDDL+GPL.html' for dependency 'org.glassfish.web:javax.el:2.2.4': Certificate for <glassfish.dev.java.net> doesn't match any of the subject alternative names: [*.java.net]
Jul 02, 2021 4:18:25 PM org.apache.http.client.protocol.ResponseProcessCookies processCookies
WARNING: Invalid cookie header: "Set-Cookie: _octo=GH1.1.388213134.1625242705; Path=/; Domain=github.com; Expires=Sat, 02 Jul 2022 16:18:25 GMT; Secure; SameSite=Lax". Invalid 'expires' attribute: Sat, 02 Jul 2022 16:18:25 GMT
Jul 02, 2021 4:18:25 PM org.apache.http.client.protocol.ResponseProcessCookies processCookies
WARNING: Invalid cookie header: "Set-Cookie: logged_in=no; Path=/; Domain=github.com; Expires=Sat, 02 Jul 2022 16:18:25 GMT; HttpOnly; Secure; SameSite=Lax". Invalid 'expires' attribute: Sat, 02 Jul 2022 16:18:25 GMT
Jul 02, 2021 4:18:26 PM org.apache.http.client.protocol.ResponseProcessCookies processCookies
WARNING: Invalid cookie header: "Set-Cookie: _octo=GH1.1.256503881.1625242705; Path=/; Domain=github.com; Expires=Sat, 02 Jul 2022 16:18:25 GMT; Secure; SameSite=Lax". Invalid 'expires' attribute: Sat, 02 Jul 2022 16:18:25 GMT
Jul 02, 2021 4:18:26 PM org.apache.http.client.protocol.ResponseProcessCookies processCookies
WARNING: Invalid cookie header: "Set-Cookie: logged_in=no; Path=/; Domain=github.com; Expires=Sat, 02 Jul 2022 16:18:25 GMT; HttpOnly; Secure; SameSite=Lax". Invalid 'expires' attribute: Sat, 02 Jul 2022 16:18:25 GMT
Jul 02, 2021 4:18:26 PM org.apache.http.client.protocol.ResponseProcessCookies processCookies
WARNING: Invalid cookie header: "Set-Cookie: _octo=GH1.1.926188691.1625242706; Path=/; Domain=github.com; Expires=Sat, 02 Jul 2022 16:18:26 GMT; Secure; SameSite=Lax". Invalid 'expires' attribute: Sat, 02 Jul 2022 16:18:26 GMT
Jul 02, 2021 4:18:26 PM org.apache.http.client.protocol.ResponseProcessCookies processCookies
WARNING: Invalid cookie header: "Set-Cookie: logged_in=no; Path=/; Domain=github.com; Expires=Sat, 02 Jul 2022 16:18:26 GMT; HttpOnly; Secure; SameSite=Lax". Invalid 'expires' attribute: Sat, 02 Jul 2022 16:18:26 GMT
[WARNING] There were 21 download errors - check the warnings above
[INFO] 
[INFO] --- maven-jar-plugin:3.2.0:test-jar (build-test-jar) @ entando-plugin-jpseo ---
[INFO] Building jar: /workspace/source/target/entando-plugin-jpseo-6.4.1-tests.jar
[INFO] 
[INFO] --- maven-source-plugin:3.2.1:jar-no-fork (attach-sources) @ entando-plugin-jpseo ---
[INFO] Building jar: /workspace/source/target/entando-plugin-jpseo-6.4.1-sources.jar
[INFO] 
[INFO] >>> maven-source-plugin:3.2.1:test-jar (attach-sources) > generate-sources @ entando-plugin-jpseo >>>
[INFO] 
[INFO] --- maven-checkstyle-plugin:3.1.1:check (validate) @ entando-plugin-jpseo ---
[INFO] 
[INFO] --- maven-checkstyle-plugin:3.1.1:checkstyle (validate) @ entando-plugin-jpseo ---
[INFO] 
[INFO] --- jacoco-maven-plugin:0.8.6:prepare-agent (prepare-agent) @ entando-plugin-jpseo ---
[INFO] argLine set to -javaagent:/home/jenkins/.mvnrepository/org/jacoco/org.jacoco.agent/0.8.6/org.jacoco.agent-0.8.6-runtime.jar=destfile=/workspace/source/target/jacoco.e**c
[INFO] 
[INFO] <<< maven-source-plugin:3.2.1:test-jar (attach-sources) < generate-sources @ entando-plugin-jpseo <<<
[INFO] 
[INFO] 
[INFO] --- maven-source-plugin:3.2.1:test-jar (attach-sources) @ entando-plugin-jpseo ---
[INFO] Building jar: /workspace/source/target/entando-plugin-jpseo-6.4.1-test-sources.jar
[INFO] 
[INFO] --- maven-javadoc-plugin:3.2.0:jar (attach-javadocs) @ entando-plugin-jpseo ---
[INFO] No previous run data found, generating javadoc.
[INFO] 
1 warning
[WARNING] Javadoc Warnings
[WARNING] /workspace/source/src/main/java/org/entando/entando/plugins/jpseo/aps/tags/ContentTag.java:96: warning - @param argument "publishExtraTitle" is not a parameter name.
[INFO] Building jar: /workspace/source/target/entando-plugin-jpseo-6.4.1-javadoc.jar
[INFO] 
[INFO] --- maven-surefire-report-plugin:3.0.0-M4:failsafe-report-only (integration-tests) @ entando-plugin-jpseo ---
[INFO] 
[INFO] --- dependency-check-maven:6.1.5:aggregate (default) @ entando-plugin-jpseo ---
[INFO] Checking for updates
[INFO] Skipping NVD check since last check was within 4 hours.
[INFO] Check for updates complete (63 ms)
[INFO] 

Dependency-Check is an open source tool performing a best effort analysis of 3rd party dependencies; false positives and false negatives may exist in the analysis performed by the tool. Use of the tool and the reporting provided constitutes acceptance for use in an AS IS condition, and there are NO warranties, implied or otherwise, with regard to the analysis or its use. Any use of the tool and the reporting provided is at the user’s risk. In no event shall the copyright holder or OWASP be held liable for any damages whatsoever arising out of or in connection with the use of this tool, the analysis performed, or the resulting report.


   About ODC: https://jeremylong.github.io/DependencyCheck/general/internals.html
   False Positives: https://jeremylong.github.io/DependencyCheck/general/suppression.html

💖 Sponsor: https://github.com/sponsors/jeremylong


[INFO] Analysis Started
[INFO] Finished Archive Analyzer (1 seconds)
[INFO] Finished File Name Analyzer (0 seconds)
[INFO] Finished Jar Analyzer (2 seconds)
[ERROR] ----------------------------------------------------
[ERROR] .NET Assembly Analyzer could not be initialized and at least one 'e**' or 'dll' was scanned. The 'dotnet' e**cutable could not be found on the path; either disable the Assembly Analyzer or add the path to dotnet core in the configuration.
[ERROR] ----------------------------------------------------
[INFO] Finished Dependency Merging Analyzer (0 seconds)
[INFO] Finished Version Filter Analyzer (0 seconds)
[INFO] Finished Hint Analyzer (0 seconds)
[INFO] Created CPE Index (3 seconds)
[INFO] Finished CPE Analyzer (10 seconds)
[INFO] Finished False Positive Analyzer (0 seconds)
[INFO] Finished NVD CVE Analyzer (0 seconds)
[INFO] Finished Sonatype OSS Index Analyzer (5 seconds)
[INFO] Finished Vulnerability Suppression Analyzer (0 seconds)
[INFO] Finished Dependency Bundling Analyzer (0 seconds)
[INFO] Analysis Complete (22 seconds)
[INFO] Writing report to: /workspace/source/target/site/dependency-check-junit.xml
[INFO] Writing report to: /workspace/source/target/site/dependency-check-report.xml
[INFO] Writing report to: /workspace/source/target/site/dependency-check-report.html
[INFO] 
[INFO] --- jacoco-maven-plugin:0.8.6:report (report) @ entando-plugin-jpseo ---
[INFO] Loading e**cution data file /workspace/source/target/jacoco.e**c
[INFO] Analyzed bundle 'Entando Plugin: SEO' with 44 classes
[INFO] 
[INFO] --- maven-gpg-plugin:1.6:sign (sign-artifacts) @ entando-plugin-jpseo ---
[INFO] 
[INFO] --- maven-surefire-report-plugin:3.0.0-M4:report-only (unit-tests) @ entando-plugin-jpseo ---
[WARNING] Unable to locate Test Source XRef to link to - DISABLED
[INFO] 
[INFO] --- maven-install-plugin:2.4:install (default-install) @ entando-plugin-jpseo ---
[INFO] Installing /workspace/source/target/entando-plugin-jpseo-6.4.1.war to /home/jenkins/.mvnrepository/org/entando/entando/plugins/entando-plugin-jpseo/6.4.1/entando-plugin-jpseo-6.4.1.war
[INFO] Installing /workspace/source/pom.xml to /home/jenkins/.mvnrepository/org/entando/entando/plugins/entando-plugin-jpseo/6.4.1/entando-plugin-jpseo-6.4.1.pom
[INFO] Installing /workspace/source/target/entando-plugin-jpseo-6.4.1-classes.jar to /home/jenkins/.mvnrepository/org/entando/entando/plugins/entando-plugin-jpseo/6.4.1/entando-plugin-jpseo-6.4.1-classes.jar
[INFO] Installing /workspace/source/target/entando-plugin-jpseo-6.4.1-tests.jar to /home/jenkins/.mvnrepository/org/entando/entando/plugins/entando-plugin-jpseo/6.4.1/entando-plugin-jpseo-6.4.1-tests.jar
[INFO] Installing /workspace/source/target/entando-plugin-jpseo-6.4.1-sources.jar to /home/jenkins/.mvnrepository/org/entando/entando/plugins/entando-plugin-jpseo/6.4.1/entando-plugin-jpseo-6.4.1-sources.jar
[INFO] Installing /workspace/source/target/entando-plugin-jpseo-6.4.1-test-sources.jar to /home/jenkins/.mvnrepository/org/entando/entando/plugins/entando-plugin-jpseo/6.4.1/entando-plugin-jpseo-6.4.1-test-sources.jar
[INFO] Installing /workspace/source/target/entando-plugin-jpseo-6.4.1-javadoc.jar to /home/jenkins/.mvnrepository/org/entando/entando/plugins/entando-plugin-jpseo/6.4.1/entando-plugin-jpseo-6.4.1-javadoc.jar
[INFO] 
[INFO] --- maven-deploy-plugin:2.8.2:deploy (default-deploy) @ entando-plugin-jpseo ---
[INFO] Using alternate deployment repository local-nexus::default::http://nexus/repository/maven-releases/
[INFO] 
[INFO] --- maven-site-plugin:3.9.0:site (default-site) @ entando-plugin-jpseo ---
[INFO] configuring report plugin org.apache.maven.plugins:maven-project-info-reports-plugin:3.0.0
[INFO] 9 reports configured for maven-project-info-reports-plugin:3.0.0: dependency-info, distribution-management, index, ci-management, issue-management, licenses, plugins, scm, summary
[INFO] Rendering site with default locale English (en)
[WARNING] Unable to find a URL to the parent project. The parent menu will NOT be added.
[INFO] Relativizing decoration links with respect to localized project URL: http://www.entando.com/
[INFO] Rendering content with org.apache.maven.skins:maven-default-skin:jar:1.3 skin.
[INFO] Generating "Dependency Information" report --- maven-project-info-reports-plugin:3.0.0:dependency-info
[INFO] Generating "About" report         --- maven-project-info-reports-plugin:3.0.0:index
[INFO] Generating "Issue Management" report --- maven-project-info-reports-plugin:3.0.0:issue-management
[INFO] Generating "Licenses" report      --- maven-project-info-reports-plugin:3.0.0:licenses
[INFO] Generating "Plugins" report       --- maven-project-info-reports-plugin:3.0.0:plugins
[INFO] Generating "Source Code Management" report --- maven-project-info-reports-plugin:3.0.0:scm
[INFO] Generating "Summary" report       --- maven-project-info-reports-plugin:3.0.0:summary
[INFO] 
[INFO] ----------< org.entando.entando.plugins:entando-plugin-jpseo >----------
[INFO] Building Entando Plugin: SEO 6.4.1
[INFO] --------------------------------[ war ]---------------------------------
[INFO] 
[INFO] --- sonar-maven-plugin:3.9.0.2155:sonar (default-cli) @ entando-plugin-jpseo ---
[INFO] User cache: /****/.sonar/cache
[INFO] SonarQube version: 8.8.0
[INFO] Default locale: "en", source code encoding: "UTF-8"
[INFO] Load global settings
[INFO] Load global settings (done) | time=210ms
[INFO] Server id: 1BD809FA-AWHW8ct9-T_TB3XqouNu
[INFO] User cache: /****/.sonar/cache
[INFO] Load/download plugins
[INFO] Load plugins index
[INFO] Load plugins index (done) | time=95ms
[INFO] Load/download plugins (done) | time=25670ms
[INFO] Loaded core extensions: developer-scanner
[INFO] JavaScript/TypeScript frontend is enabled
[INFO] Load project settings for component key: 'entando_entando-plugin-jpseo'
[INFO] Load project settings for component key: 'entando_entando-plugin-jpseo' (done) | time=39ms
[INFO] Process project properties
[INFO] E**cute project builders
[INFO] E**cute project builders (done) | time=2ms
[INFO] Project key: entando_entando-plugin-jpseo
[INFO] Base dir: /workspace/source
[INFO] Working dir: /workspace/source/target/sonar
[INFO] Load project branches
[INFO] Load project branches (done) | time=29ms
[INFO] Check ALM binding of project 'entando_entando-plugin-jpseo'
[INFO] Detected project binding: NOT_BOUND
[INFO] Check ALM binding of project 'entando_entando-plugin-jpseo' (done) | time=20ms
[INFO] Load project pull requests
[INFO] Load project pull requests (done) | time=35ms
[INFO] Load branch configuration
[INFO] Load branch configuration (done) | time=2ms
[INFO] Load quality profiles
[INFO] Load quality profiles (done) | time=83ms
[INFO] Load active rules
[INFO] Load active rules (done) | time=1516ms
[INFO] Organization key: entando
[INFO] Indexing files...
[INFO] Project configuration:
[WARNING] Exception caught during e**cution of command '[/usr/local/git/bin/git, config, --******, --edit]' in '/usr/local/git/bin', return code '128', error message 'fatal: Invalid path '/usr/local/git/etc': No such file or directory
'
[INFO] Load project repositories
[INFO] Load project repositories (done) | time=79ms
[INFO] 93 files inde**d
[INFO] 0 files ignored because of scm ignore settings
[INFO] Quality profile for css: Sonar way
[INFO] Quality profile for java: Sonar way
[INFO] Quality profile for jsp: Sonar way
[INFO] Quality profile for xml: Sonar way
[INFO] ------------- Run sensors on module Entando Plugin: SEO
[INFO] JavaScript/TypeScript frontend is enabled
[INFO] Load metrics repository
[INFO] Load metrics repository (done) | time=35ms
[INFO] Sensor JavaSensor [java]
[INFO] Configured Java source version (sonar.java.source): 8
[INFO] JavaClasspath initialization
[INFO] JavaClasspath initialization (done) | time=11ms
[INFO] JavaTestClasspath initialization
[INFO] JavaTestClasspath initialization (done) | time=3ms
Jul 02, 2021 4:19:55 PM org.apache.jasper.servlet.TldScanner scanJars
INFO: At least one JAR was scanned for TLDs yet contained no TLDs. Enable debug logging for this logger for a complete list of JARs that were scanned but no TLDs were found in them. Skipping unneeded JARs during scanning can improve startup time and JSP compilation time.
[WARNING] Some JSP pages failed to transpile. Enable debug log for details.
[INFO] Java "Main" source files AST scan
[INFO] 50 source files to be analyzed
[INFO] 20/50 files analyzed, current file: src/main/java/org/entando/entando/plugins/jpseo/aps*****/portal/SeoPageAction.java
[INFO] 41/50 files analyzed, current file: src/main/java/org/entando/entando/plugins/jpseo/aps/******/services/mapping/ISeoMappingDAO.java
[INFO] 50/50 source files have been analyzed
[INFO] Slowest analyzed files:
    src/main/java/org/entando/entando/plugins/jpseo/aps*****/content/helper/ContentActionHelperAspect.java (3003ms, 5977B)
    src/main/java/org/entando/entando/plugins/jpseo/aps/******/services/mapping/SeoMappingManager.java (1647ms, 13543B)
    src/main/java/org/entando/entando/plugins/jpseo/aps/******/services/page/SeoPageExtraConfigDOM.java (1627ms, 17269B)
    src/main/java/org/entando/entando/plugins/jpseo/aps*****/portal/PageActionAspect.java (1306ms, 15655B)
    src/main/java/org/entando/entando/plugins/jpseo/aps/******/services/page/SeoPageMetadata.java (1067ms, 7652B)
    src/main/java/org/entando/entando/plugins/jpseo/aps/******/services/mapping/cache/SeoMappingCacheWrapper.java (1048ms, 8647B)
[INFO] Java "Main" source files AST scan (done) | time=22268ms
[INFO] Java "Test" source files AST scan
[INFO] 13 source files to be analyzed
[INFO] 13/13 source files have been analyzed
[INFO] Java "Test" source files AST scan (done) | time=2700ms
[INFO] Java "Generated" source files AST scan
[INFO] 5 source files to be analyzed
[INFO] 5/5 source files have been analyzed
[INFO] Java "Generated" source files AST scan (done) | time=2742ms
[INFO] Sensor JavaSensor [java] (done) | time=30609ms
[INFO] Sensor CSS Metrics [cssfamily]
[INFO] Sensor CSS Metrics [cssfamily] (done) | time=29ms
[INFO] Sensor CSS Rules [cssfamily]
[INFO] 1 source file to be analyzed
[INFO] 1/1 source file has been analyzed
[INFO] Sensor CSS Rules [cssfamily] (done) | time=6188ms
[INFO] Sensor C# Project Type Information [csharp]
[INFO] Sensor C# Project Type Information [csharp] (done) | time=2ms
[INFO] Sensor C# Properties [csharp]
[INFO] Sensor C# Properties [csharp] (done) | time=1ms
[INFO] Sensor Import of Checkstyle issues [java]
[WARNING] Checkstyle report not found: /workspace/source/target/checkstyle-result.xml
[INFO] Sensor Import of Checkstyle issues [java] (done) | time=2ms
[INFO] Sensor SurefireSensor [java]
[INFO] parsing [/workspace/source/target/surefire-reports]
[INFO] Sensor SurefireSensor [java] (done) | time=81ms
[INFO] Sensor JavaXmlSensor [java]
[INFO] 6 source files to be analyzed
[INFO] 6/6 source files have been analyzed
[INFO] Sensor JavaXmlSensor [java] (done) | time=207ms
[INFO] Sensor HTML [web]
[INFO] Sensor HTML [web] (done) | time=509ms
[INFO] Sensor XML Sensor [xml]
[INFO] 6 source files to be analyzed
[INFO] 6/6 source files have been analyzed
[INFO] Sensor XML Sensor [xml] (done) | time=266ms
[INFO] Sensor VB.NET Project Type Information [vbnet]
[INFO] Sensor VB.NET Project Type Information [vbnet] (done) | time=1ms
[INFO] Sensor VB.NET Properties [vbnet]
[INFO] Sensor VB.NET Properties [vbnet] (done) | time=2ms
[INFO] Sensor JaCoCo XML Report Importer [jacoco]
[INFO] Importing 1 report(s). Turn your logs in debug mode in order to see the exhaustive list.
[INFO] Sensor JaCoCo XML Report Importer [jacoco] (done) | time=71ms
[INFO] Sensor ThymeLeaf template sensor [securityjavafrontend]
[INFO] Sensor ThymeLeaf template sensor [securityjavafrontend] (done) | time=6ms
[INFO] Sensor JavaSecuritySensor [security]
[INFO] Reading type hierarchy from: /workspace/source/target/sonar/ucfg2/java
[INFO] Read 338 type definitions
[INFO] Reading UCFGs from: /workspace/source/target/sonar/ucfg2/java
[INFO] 16:20:33.393937 Building Runtime Type propagation graph
[INFO] 16:20:33.480725 Running Tarjan on 5383 nodes
[INFO] 16:20:33.496802 Tarjan found 5378 components
[INFO] 16:20:33.518835 Variable type analysis: done
[INFO] 16:20:33.529363 Building Runtime Type propagation graph
[INFO] 16:20:33.581911 Running Tarjan on 5383 nodes
[INFO] 16:20:33.589703 Tarjan found 5378 components
[INFO] 16:20:33.601863 Variable type analysis: done
[INFO] Analyzing 702 ucfgs to detect vulnerabilities.
[INFO] All rules entrypoints : 2 Retained UCFGs : 9
[INFO] rule: S5131, entrypoints: 0
[INFO] rule: S5131 done
[INFO] rule: S3649, entrypoints: 0
[INFO] rule: S3649 done
[INFO] rule: S2076, entrypoints: 0
[INFO] rule: S2076 done
[INFO] rule: S2091, entrypoints: 0
[INFO] rule: S2091 done
[INFO] rule: S2078, entrypoints: 0
[INFO] rule: S2078 done
[INFO] rule: S2631, entrypoints: 0
[INFO] rule: S2631 done
[INFO] rule: S5135, entrypoints: 0
[INFO] rule: S5135 done
[INFO] rule: S2083, entrypoints: 2
[INFO] Running symbolic analysis
[INFO] rule: S2083 done
[INFO] rule: S5167, entrypoints: 0
[INFO] rule: S5167 done
[INFO] rule: S5144, entrypoints: 0
[INFO] rule: S5144 done
[INFO] rule: S5145, entrypoints: 0
[INFO] rule: S5145 done
[INFO] rule: S5146, entrypoints: 0
[INFO] rule: S5146 done
[INFO] rule: S5334, entrypoints: 0
[INFO] rule: S5334 done
[INFO] rule: S6096, entrypoints: 0
[INFO] rule: S6096 done
[INFO] Sensor JavaSecuritySensor [security] (done) | time=9627ms
[INFO] Sensor CSharpSecuritySensor [security]
[INFO] Reading type hierarchy from: /workspace/source/target/ucfg_cs2
[INFO] Read 0 type definitions
[INFO] Reading UCFGs from: /workspace/source/target/ucfg_cs2
[INFO] No UCFGs have been included for analysis.
[INFO] Sensor CSharpSecuritySensor [security] (done) | time=1ms
[INFO] Sensor PhpSecuritySensor [security]
[INFO] Reading type hierarchy from: /workspace/source/target/sonar/ucfg2/php
[INFO] Read 0 type definitions
[INFO] Reading UCFGs from: /workspace/source/target/sonar/ucfg2/php
[INFO] No UCFGs have been included for analysis.
[INFO] Sensor PhpSecuritySensor [security] (done) | time=1ms
[INFO] Sensor PythonSecuritySensor [security]
[INFO] Reading type hierarchy from: /workspace/source/target/sonar/ucfg2/python
[INFO] Read 0 type definitions
[INFO] Reading UCFGs from: /workspace/source/target/sonar/ucfg2/python
[INFO] No UCFGs have been included for analysis.
[INFO] Sensor PythonSecuritySensor [security] (done) | time=1ms
[INFO] Sensor JsSecuritySensor [security]
[INFO] Reading type hierarchy from: /workspace/source/target/sonar/ucfg2/js
[INFO] Read 0 type definitions
[INFO] Reading UCFGs from: /workspace/source/target/sonar/ucfg2/js
[INFO] No UCFGs have been included for analysis.
[INFO] Sensor JsSecuritySensor [security] (done) | time=1ms
[INFO] ------------- Run sensors on project
[INFO] Sensor Zero Coverage Sensor
[INFO] Sensor Zero Coverage Sensor (done) | time=1ms
[INFO] Sensor Java CPD Block Inde**r
[INFO] Sensor Java CPD Block Inde**r (done) | time=132ms
[INFO] SCM Publisher SCM provider for this project is: git
[INFO] SCM Publisher 77 source files to be analyzed
[WARNING] Shallow clone detected, no blame information will be provided. You can convert to non-shallow with 'git fetch --unshallow'.
[INFO] SCM Publisher 0/77 source files have been analyzed (done) | time=3ms
[WARNING] Missing blame information for the following files:
[WARNING]   * src/main/webapp/WEB-INF/plugins/jpseo/aps*****/jsp/portal/entryPageLang-jack.jsp
[WARNING]   * src/main/java/org/entando/entando/plugins/jpseo/aps*****/content/helper/ContentActionHelperAspect.java
[WARNING]   * src/main/java/org/entando/entando/plugins/jpseo/aps/tags/SeoMetatagCatalogTag.java
[WARNING]   * src/main/java/org/entando/entando/plugins/jpseo/aps/******/services/metatag/metatag_catalog.xml
[WARNING]   * src/main/java/org/entando/entando/plugins/jpseo/aps/******/services/url/PageURL.java
[WARNING]   * src/main/java/org/entando/entando/plugins/jpseo/aps/tags/CurrentPageTag.java
[WARNING]   * src/main/java/org/entando/entando/plugins/jpseo/aps/******/services/mapping/cache/SeoMappingCacheWrapper.java
[WARNING]   * src/main/java/org/entando/entando/plugins/jpseo/aps/******/services/metatag/IMetatagCatalog.java
[WARNING]   * src/main/java/org/entando/entando/plugins/jpseo/aps/tags/PageInfoTag.java
[WARNING]   * src/main/java/org/entando/entando/plugins/jpseo/aps/******/services/page/SeoPageService.java
[WARNING]   * src/main/java/org/entando/entando/plugins/jpseo/aps/******/services/metatag/MetatagDOM.java
[WARNING]   * src/main/webapp/WEB-INF/plugins/jpseo/aps*****/jsp/portal/entryPage.jsp
[WARNING]   * src/main/java/org/entando/entando/plugins/jpseo/aps/******/services/mapping/event/SeoChangedEvent.java
[WARNING]   * src/main/java/org/entando/entando/plugins/jpseo/aps*****/portal/SeoPageActionUtils.java
[WARNING]   * src/test/java/org/entando/entando/aps/******/services/controller/control/SeoRequestValidatorIntegrationTest.java
[WARNING]   * src/main/webapp/WEB-INF/plugins/jpseo/aps*****/jpseo-tiles.xml
[WARNING]   * src/main/webapp/WEB-INF/plugins/jpseo/aps*****/jsp/portal/entryPage-jack.jsp
[WARNING]   * src/main/java/org/entando/entando/plugins/jpseo/aps*****/portal/page.xml
[WARNING]   * src/main/java/org/entando/entando/plugins/jpseo/aps/******/sitemap/sitemap.xml
[WARNING]   * src/test/java/org/entando/entando/plugins/jpseo/aps*****/portal/PageSettingsActionIntegrationTest.java
[WARNING]   * src/main/webapp/WEB-INF/plugins/jpseo/aps/jsp/widgets/jpseo_site_map.jsp
[WARNING]   * src/test/java/org/entando/entando/plugins/jpseo/aps/******/services/mapping/SeoMappingManagerIntegrationTest.java
[WARNING]   * src/main/webapp/resources/plugins/jpseo/*****istration/css/master-seo.css
[WARNING]   * src/main/java/org/entando/entando/plugins/jpseo/web/page/validator/SeoPageValidator.java
[WARNING]   * src/main/webapp/WEB-INF/plugins/jpseo/aps/jsp/widgets/jpseo_content_viewer.jsp
[WARNING]   * src/main/java/org/entando/entando/plugins/jpseo/aps/tags/SeoMetatagTag.java
[WARNING]   * src/main/java/org/entando/entando/plugins/jpseo/aps/tags/ContentTag.java
[WARNING]   * src/main/java/org/entando/entando/plugins/jpseo/aps/******/services/mapping/ContentFriendlyCode.java
[WARNING]   * src/main/java/org/entando/entando/plugins/jpseo/web/page/ISeoPageController.java
[WARNING]   * src/main/java/org/entando/entando/plugins/jpseo/web/page/model/SeoMetaTag.java
[WARNING]   * src/main/java/org/entando/entando/plugins/jpseo/aps/******/init/portdb/FriendlyCode.java
[WARNING]   * src/test/java/org/entando/entando/plugins/jpseo/aps*****/portal/PageActionIntegrationTest.java
[WARNING]   * src/test/java/org/entando/entando/plugins/jpseo/web/page/SeoPageControllerIntegrationTest.java
[WARNING]   * src/main/java/org/entando/entando/plugins/jpseo/aps/******/services/metatag/Metatag.java
[WARNING]   * src/main/java/org/entando/entando/plugins/jpseo/aps/******/services/mapping/ISeoMappingManager.java
[WARNING]   * src/main/java/org/entando/entando/plugins/jpseo/aps*****/portal/SeoPageAction.java
[WARNING]   * src/main/java/org/entando/entando/plugins/jpseo/aps/******/services/page/SeoPageDto.java
[WARNING]   * src/main/java/org/entando/entando/plugins/jpseo/web/page/model/SeoPageRequest.java
[WARNING]   * src/main/java/org/entando/entando/plugins/jpseo/web/page/model/SeoData.java
[WARNING]   * src/main/java/org/entando/entando/plugins/jpseo/aps/******/services/mapping/SeoMappingManager.java
[WARNING]   * src/main/java/org/entando/entando/plugins/jpseo/web/page/model/SeoDataByLang.java
[WARNING]   * src/main/java/org/entando/entando/plugins/jpseo/aps/******/services/controller/control/RequestValidator.java
[WARNING]   * src/main/java/org/entando/entando/plugins/jpseo/aps/******/services/url/URLManager.java
[WARNING]   * src/main/webapp/WEB-INF/plugins/jpseo/aps*****/jsp/portal/seo-autocomplete.jsp
[WARNING]   * src/main/java/org/entando/entando/plugins/jpseo/aps/******/services/metatag/MetatagCatalog.java
[WARNING]   * src/test/java/org/entando/entando/plugins/jpseo/aps/******/services/metatag/MetatagCatalogueIntegrationTest.java
[WARNING]   * src/test/java/org/entando/entando/plugins/jpseo/aps*****/portal/PageSettingsActionAspectTest.java
[WARNING]   * pom.xml
[WARNING]   * src/main/java/org/entando/entando/plugins/jpseo/aps/******/JpseoSystemConstants.java
[WARNING]   * src/main/java/org/entando/entando/plugins/jpseo/aps/******/services/page/PageMetatag.java
[WARNING]   * src/main/java/org/entando/entando/plugins/jpseo/aps/util/FriendlyCodeGenerator.java
[WARNING]   * src/main/java/org/entando/entando/plugins/jpseo/aps/tags/SiteMapTag.java
[WARNING]   * src/main/java/org/entando/entando/plugins/jpseo/web/page/SeoPageController.java
[WARNING]   * src/test/java/org/entando/entando/plugins/jpseo/utils/stubhelper/SeoStubHelper.java
[WARNING]   * src/main/java/org/entando/entando/plugins/jpseo/aps/tags/SeoMetatagsTag.java
[WARNING]   * src/test/java/org/entando/entando/plugins/jpseo/aps*****/content/ContentActionIntegrationTest.java
[WARNING]   * src/test/java/org/entando/entando/plugins/jpseo/aps/******/services/url/URLManagerTest.java
[WARNING]   * src/main/java/org/entando/entando/plugins/jpseo/aps/******/services/page/SeoPageExtraConfigDOM.java
[WARNING]   * src/main/webapp/WEB-INF/plugins/jpseo/seoAttributeRoles.xml
[WARNING]   * src/test/java/org/entando/entando/plugins/jpseo/aps/tags/CurrentPageTagTest.java
[WARNING]   * src/main/java/org/entando/entando/plugins/jpseo/aps/******/sitemap/SitemapAction.java
[WARNING]   * src/main/java/org/entando/entando/plugins/jpseo/aps*****/portal/SeoPageSettingsAction.java
[WARNING]   * src/main/java/org/entando/entando/plugins/jpseo/aps*****/portal/PageActionAspect.java
[WARNING]   * src/main/java/org/entando/entando/plugins/jpseo/aps*****/portal/PageSettingsActionAspect.java
[WARNING]   * src/main/java/org/entando/entando/plugins/jpseo/aps/******/services/mapping/event/SeoChangedObserver.java
[WARNING]   * src/main/webapp/WEB-INF/plugins/jpseo/aps*****/jsp/portal/pageSettings-jack.jsp
[WARNING]   * src/main/java/org/entando/entando/plugins/jpseo/aps/******/services/mapping/ISeoMappingDAO.java
[WARNING]   * src/main/java/org/entando/entando/plugins/jpseo/aps/******/services/page/SeoPageMetadata.java
[WARNING]   * src/main/java/org/entando/entando/plugins/jpseo/aps/******/services/content/widget/ContentViewerHelper.java
[WARNING]   * src/test/java/org/entando/entando/plugins/jpseo/aps/******/services/page/SeoPageServiceTest.java
[WARNING]   * src/main/java/org/entando/entando/plugins/jpseo/aps*****/portal/PageSettingsUtils.java
[WARNING]   * src/main/java/org/entando/entando/plugins/jpseo/aps/******/services/page/SeoPageDAO.java
[WARNING]   * src/main/java/org/entando/entando/plugins/jpseo/aps/******/services/mapping/SeoMappingDAO.java
[WARNING]   * src/main/java/org/entando/entando/plugins/jpseo/aps/******/services/mapping/cache/ISeoMappingCacheWrapper.java
[WARNING]   * src/test/java/org/entando/entando/plugins/jpseo/web/page/SeoPageControllerTest.java
[WARNING]   * src/main/java/org/entando/entando/plugins/jpseo/aps/******/services/linkresolver/LinkResolverManager.java
[WARNING]   * src/main/java/org/entando/entando/plugins/jpseo/aps/******/services/mapping/FriendlyCodeVO.java
[WARNING] This may lead to missing/broken features in SonarCloud
[INFO] CPD E**cutor 8 files had no CPD blocks
[INFO] CPD E**cutor Calculating CPD for 49 files
[INFO] CPD E**cutor CPD calculation finished (done) | time=53ms
[INFO] Analysis report generated in 146ms, dir size=995 KB
[INFO] Analysis report compressed in 415ms, zip size=371 KB
[INFO] Analysis report uploaded in 161ms
[INFO] ANALYSIS SUCCESSFUL, you can find the results at: https://sonarcloud.io/dashboard?id=entando_entando-plugin-jpseo
[INFO] Note that you will be able to access the updated dashboard once the server has processed the submitted analysis report
[INFO] More about the report processing at https://sonarcloud.io/api/ce/task?id=AXpoBbZ_8bCAU_pWIQo8
[INFO] Analysis total time: 1:01.319 s
[INFO] ------------------------------------------------------------------------
[INFO] BUILD SUCCESS
[INFO] ------------------------------------------------------------------------
[INFO] Total time:  06:17 min
[INFO] Finished at: 2021-07-02T16:20:47Z
[INFO] ------------------------------------------------------------------------
error: etcdserver: request is too large
Congratulations! No build failures found for entando-plugin-jpseo-master.

Showing logs for build [32mentando-entando-plugin-jpseo-ma-qccft-4[0m stage [32mfrom-build-pack[0m and container [32mstep-promote-changelog[0m
Converted /workspace/source to an unshallow repository
Generating change log from git ref 2eedfedc53349fe10d97f9499ec529644bdae2e9 => faf8df1bbfaf3f1aa0522d580e294de619774251
Associating user eugenio-santoboni in users.jenkins.io with email eugenio.santoboni@gmail.com to git GitProvider user with login eugenio-santoboni-0 as emails match
Adding label jenkins.io/git-github-userid=eugenio-santoboni-0 to user eugenio-santoboni in users.jenkins.io
Associating user eugenio-santoboni in users.jenkins.io with email eugenio.santoboni@gmail.com to git GitProvider user with login eugenio-santoboni-0 as emails match
Adding label jenkins.io/git-github-userid=eugenio-santoboni-0 to user eugenio-santoboni in users.jenkins.io
Finding issues in commit messages using git format
Associating user eugenio-santoboni in users.jenkins.io with email eugenio.santoboni@gmail.com to git GitProvider user with login eugenio-santoboni-0 as emails match
Adding label jenkins.io/git-github-userid=eugenio-santoboni-0 to user eugenio-santoboni in users.jenkins.io
Associating user github in users.jenkins.io with email noreply@github.com to git GitProvider user with login github-0 as emails match
Adding label jenkins.io/git-github-userid=github-0 to user github in users.jenkins.io
Associating user breno-queiroz in users.jenkins.io with email BrenoQVDS to git GitProvider user with login breno-queiroz-0 as emails match
Adding label jenkins.io/git-github-userid=breno-queiroz-0 to user breno-queiroz in users.jenkins.io
Associating user breno-queiroz in users.jenkins.io with email BrenoQVDS to git GitProvider user with login breno-queiroz-0 as emails match
Adding label jenkins.io/git-github-userid=breno-queiroz-0 to user breno-queiroz in users.jenkins.io
Associating user eugenio-santoboni in users.jenkins.io with email eugenio.santoboni@gmail.com to git GitProvider user with login eugenio-santoboni-0 as emails match
Adding label jenkins.io/git-github-userid=eugenio-santoboni-0 to user eugenio-santoboni in users.jenkins.io
Associating user github in users.jenkins.io with email noreply@github.com to git GitProvider user with login github-0 as emails match
Adding label jenkins.io/git-github-userid=github-0 to user github in users.jenkins.io
Associating user eugenio-santoboni in users.jenkins.io with email eugenio.santoboni@gmail.com to git GitProvider user with login eugenio-santoboni-0 as emails match
Adding label jenkins.io/git-github-userid=eugenio-santoboni-0 to user eugenio-santoboni in users.jenkins.io
Associating user eugenio-santoboni in users.jenkins.io with email eugenio.santoboni@gmail.com to git GitProvider user with login eugenio-santoboni-0 as emails match
Adding label jenkins.io/git-github-userid=eugenio-santoboni-0 to user eugenio-santoboni in users.jenkins.io
Associating user eugenio-santoboni in users.jenkins.io with email eugenio.santoboni@gmail.com to git GitProvider user with login eugenio-santoboni-0 as emails match
Adding label jenkins.io/git-github-userid=eugenio-santoboni-0 to user eugenio-santoboni in users.jenkins.io
Associating user eugenio-santoboni in users.jenkins.io with email eugenio.santoboni@gmail.com to git GitProvider user with login eugenio-santoboni-0 as emails match
Adding label jenkins.io/git-github-userid=eugenio-santoboni-0 to user eugenio-santoboni in users.jenkins.io
WARNING: No release found for entando/entando-plugin-jpseo and tag v6.4.1 so creating a new release
Updated the release information at https://github.com/entando/entando-plugin-jpseo/releases/tag/v6.4.1
generated: /workspace/source/templates/release.yaml
Created Release entando-plugin-jpseo-6-4-1 resource in namespace **
Updating PipelineActivity entando-entando-plugin-jpseo-master-4 with version 6.4.1
Updated PipelineActivities entando-entando-plugin-jpseo-master-4 with release notes URL: https://github.com/entando/entando-plugin-jpseo/releases/tag/v6.4.1

Showing logs for build [32mentando-entando-plugin-jpseo-ma-qccft-4[0m stage [32mfrom-build-pack[0m and container [32mstep-promote-update-bom[0m
/tmp /workspace/source
Cloning into 'entando-core-bom'...
/tmp/entando-core-bom /tmp /workspace/source
[master eb8289a] Bumped entando-plugin-jpseo to 6.4.1
 1 file changed, 1 insertion(+), 1 deletion(-)
To https://github.com/entando/entando-core-bom.git
   fd34957..eb8289a  master -> master
/tmp /workspace/source
/workspace/source
