
Showing logs for build [32mentando-k8s-entando-k8s-custom-tv8vp-1[0m stage [32mfrom-build-pack[0m and container [32mcredential-initializer[0m
{"level":"info","ts":1621439370.3280318,"caller":"creds-init/main.go:44","msg":"Credentials initialized."}

Showing logs for build [32mentando-k8s-entando-k8s-custom-tv8vp-1[0m stage [32mfrom-build-pack[0m and container [32mworking-dir-initializer[0m

Showing logs for build [32mentando-k8s-entando-k8s-custom-tv8vp-1[0m stage [32mfrom-build-pack[0m and container [32mplace-tools[0m

Showing logs for build [32mentando-k8s-entando-k8s-custom-tv8vp-1[0m stage [32mfrom-build-pack[0m and container [32mstep-git-source-entando-k8s-entando-k8s-custom-tv8vp-j55rw[0m
{"level":"info","ts":1621439388.1582365,"caller":"git/git.go:105","msg":"Successfully cloned https://github.com/entando-k8s/entando-k8s-custom-model.git @ master in path /workspace/source"}
{"level":"warn","ts":1621439388.15847,"caller":"git/git.go:152","msg":"Unexpected error: creating symlink: symlink /tekton/home/.ssh /****/.ssh: file exists"}
{"level":"info","ts":1621439388.2158961,"caller":"git/git.go:133","msg":"Successfully initialized and updated submodules in path /workspace/source"}

Showing logs for build [32mentando-k8s-entando-k8s-custom-tv8vp-1[0m stage [32mfrom-build-pack[0m and container [32mstep-setup-builder-home[0m

Showing logs for build [32mentando-k8s-entando-k8s-custom-tv8vp-1[0m stage [32mfrom-build-pack[0m and container [32mstep-git-merge[0m
Using SHAs from PULL_REFS=master:ab9c7d95a3aa1f9aa7f0252f3de5548b42aae99c,42:fc5607d1c25728550cea05f60431a1cbe7ce6490
DEBUG: LC_ALL=C JX_LOG_LEVEL=error git fetch origin --unshallow fc5607d1c25728550cea05f60431a1cbe7ce6490: ab9c7d95a3aa1f9aa7f0252f3de5548b42aae99c:
DEBUG: ran git fetch --unshallow origin fc5607d1c25728550cea05f60431a1cbe7ce6490: ab9c7d95a3aa1f9aa7f0252f3de5548b42aae99c: in 
DEBUG: LC_ALL=C JX_LOG_LEVEL=error git branch
DEBUG: LC_ALL=C JX_LOG_LEVEL=error git checkout master
DEBUG: ran git checkout master in 
DEBUG: LC_ALL=C JX_LOG_LEVEL=error git reset --hard ab9c7d95a3aa1f9aa7f0252f3de5548b42aae99c
DEBUG: ran git reset --hard ab9c7d95a3aa1f9aa7f0252f3de5548b42aae99c in 
DEBUG: JX_LOG_LEVEL=error LC_ALL=C git clean -fd .
DEBUG: ran clean --force -d . in 
DEBUG: LC_ALL=C JX_LOG_LEVEL=error git merge fc5607d1c25728550cea05f60431a1cbe7ce6490
DEBUG: ran git merge fc5607d1c25728550cea05f60431a1cbe7ce6490 in 
DEBUG: LC_ALL=C JX_LOG_LEVEL=error git log --format=%H%x1f%an%x1f%ae%x1f%cn%x1f%ce%x1f%s%n%b%x1e ab9c7d95a3aa1f9aa7f0252f3de5548b42aae99c..HEAD
Merged SHA ac3c804b981054db6a58e2415ebfc55c1b6886c4 with commit message 'Merge commit 'fc5607d1c25728550cea05f60431a1cbe7ce6490'' into base branch master
Merged SHA fc5607d1c25728550cea05f60431a1cbe7ce6490 with commit message '#ENG-2284 tweaked EntandoKeycloakServer and EntandoDatabaseService for capabilities' into base branch master
Merged SHA e79e640aa4ddd47ca7e75bc3f2fe0f171b14faf9 with commit message '#ENG-2284 added labels to CRDs' into base branch master
Merged SHA a07b6b5fee98877f17c8292d26f0b5718efc5dbf with commit message '#ENG-2284 commited skipped files' into base branch master
Merged SHA 20fa9d82617a988e087249c797c8ae82d0346bf8 with commit message '#ENG-2284 fi**d owners' into base branch master
Merged SHA 8600014656f4dc40683a14c4628feb5a29351432 with commit message '#ENG-2284 removed EntandoClusterInfrastructure, added ProvidedCapability and upgraded to Fabric8 5.3' into base branch master
Merged SHA ea59cd0fb451b4a5979bf66cd6d0cecaf99e2e3b with commit message '#ENG-2284 removed EntandoClusterInfrastructure, added ProvidedCapability and upgraded to Fabric8 5.3' into base branch master

Showing logs for build [32mentando-k8s-entando-k8s-custom-tv8vp-1[0m stage [32mfrom-build-pack[0m and container [32mstep-build-set-version[0m
Picked up _JAVA_OPTIONS: -XX:+UnlockExperimentalVMOptions -Dsun.zip.disableMemoryMapping=**** -XX:+UseParallelGC -XX:MinHeapFreeRatio=5 -XX:MaxHeapFreeRatio=10 -XX:GCTimeRatio=4 -XX:AdaptiveSizePolicyWeight=90 -Xms10m -Xmx8000m
[INFO] Scanning for projects...
[INFO] 
[INFO] ----------------< org.entando:entando-k8s-custom-model >----------------
[INFO] Building Entando Kubernetes Custom Model 6.3.0-SNAPSHOT
[INFO] --------------------------------[ jar ]---------------------------------
[INFO] 
[INFO] --- versions-maven-plugin:2.8.1:set (default-cli) @ entando-k8s-custom-model ---
[INFO] Local aggregation ****: /workspace/source
[INFO] Processing change of org.entando:entando-k8s-custom-model:6.3.0-SNAPSHOT -> 0.0.0-SNAPSHOT-PR-42-1
[INFO] Processing org.entando:entando-k8s-custom-model
[INFO]     Updating project org.entando:entando-k8s-custom-model
[INFO]         from version 6.3.0-SNAPSHOT to 0.0.0-SNAPSHOT-PR-42-1
[INFO] 
[INFO] ------------------------------------------------------------------------
[INFO] BUILD SUCCESS
[INFO] ------------------------------------------------------------------------
[INFO] Total time:  11.282 s
[INFO] Finished at: 2021-05-19T15:50:05Z
[INFO] ------------------------------------------------------------------------

Showing logs for build [32mentando-k8s-entando-k8s-custom-tv8vp-1[0m stage [32mfrom-build-pack[0m and container [32mstep-build-fix-git-for-sonar[0m
Switched to a new branch 'PR-42'
M	pom.xml
Deleted branch master (was ac3c804).
From https://github.com/entando-k8s/entando-k8s-custom-model
 * [new branch]      master     -> master

Showing logs for build [32mentando-k8s-entando-k8s-custom-tv8vp-1[0m stage [32mfrom-build-pack[0m and container [32mstep-build-mvn-verify-pr[0m
Picked up _JAVA_OPTIONS: -XX:+UnlockExperimentalVMOptions -Dsun.zip.disableMemoryMapping=**** -XX:+UseParallelGC -XX:MinHeapFreeRatio=5 -XX:MaxHeapFreeRatio=10 -XX:GCTimeRatio=4 -XX:AdaptiveSizePolicyWeight=90 -Xms10m -Xmx8000m
[INFO] Scanning for projects...
[INFO] 
[INFO] ----------------< org.entando:entando-k8s-custom-model >----------------
[INFO] Building Entando Kubernetes Custom Model 0.0.0-SNAPSHOT-PR-42-1
[INFO] --------------------------------[ jar ]---------------------------------
[INFO] 
[INFO] --- maven-checkstyle-plugin:3.1.1:check (validate) @ entando-k8s-custom-model ---
[INFO] Starting audit...
Audit done.
[INFO] You have 0 Checkstyle violations.
[INFO] 
[INFO] --- maven-checkstyle-plugin:3.1.1:checkstyle (validate) @ entando-k8s-custom-model ---
[INFO] Starting audit...
Audit done.
[INFO] 
[INFO] --- jacoco-maven-plugin:0.8.6:prepare-agent (prepare-agent) @ entando-k8s-custom-model ---
[INFO] argLine set to -javaagent:/home/jenkins/.mvnrepository/org/jacoco/org.jacoco.agent/0.8.6/org.jacoco.agent-0.8.6-runtime.jar=destfile=/workspace/source/target/jacoco.e**c
[INFO] 
[INFO] --- maven-resources-plugin:2.6:resources (default-resources) @ entando-k8s-custom-model ---
[INFO] Using 'UTF-8' encoding to copy filtered resources.
[INFO] Copying 18 resources
[INFO] 
[INFO] --- maven-compiler-plugin:3.8.1:compile (default-compile) @ entando-k8s-custom-model ---
[INFO] Changes detected - recompiling the module!
[INFO] Compiling 110 source files to /workspace/source/target/classes
[WARNING] /workspace/source/src/main/java/org/entando/kubernetes/model/compositeapp/EntandoCompositeAppSpecFluent.java:[137,87] unchecked cast
  required: org.entando.kubernetes.model.common.EntandoBaseCustomResource<?,org.entando.kubernetes.model.common.EntandoCustomResourceStatus>
  found:    java.lang.Object
[INFO] 
[INFO] --- maven-resources-plugin:2.6:testResources (default-testResources) @ entando-k8s-custom-model ---
[INFO] Using 'UTF-8' encoding to copy filtered resources.
[INFO] Copying 3 resources
[INFO] 
[INFO] --- maven-compiler-plugin:3.8.1:testCompile (default-testCompile) @ entando-k8s-custom-model ---
[INFO] Changes detected - recompiling the module!
[INFO] Compiling 28 source files to /workspace/source/target/test-classes
[INFO] 
[INFO] --- maven-surefire-plugin:3.0.0-M1:test (default-test) @ entando-k8s-custom-model ---
[INFO] 
[INFO] -------------------------------------------------------
[INFO]  T E S T S
[INFO] -------------------------------------------------------
[INFO] Running org.entando.kubernetes.model.inprocesstest.EntandoCustomResourceStatusTest
[INFO] Tests run: 1, Failures: 0, Errors: 0, Skipped: 0, Time elapsed: 3.67 s - in org.entando.kubernetes.model.inprocesstest.EntandoCustomResourceStatusTest
[INFO] Running org.entando.kubernetes.model.inprocesstest.EntandoPluginMockedTest
May 19, 2021 3:50:41 PM okhttp3.mockwebserver.MockWebServer$2 e**cute
INFO: MockWebServer[46317] starting to accept connections
May 19, 2021 3:50:41 PM okhttp3.mockwebserver.MockWebServer$3 processOneRequest
INFO: MockWebServer[46317] received request: GET /api/v1/namespaces/entando-k8s-custom-model-cupr42 HTTP/1.1 and responded: HTTP/1.1 404 Client Error
May 19, 2021 3:50:41 PM okhttp3.mockwebserver.MockWebServer$3 processOneRequest
INFO: MockWebServer[46317] received request: POST /api/v1/namespaces HTTP/1.1 and responded: HTTP/1.1 200 OK
May 19, 2021 3:50:42 PM okhttp3.mockwebserver.MockWebServer$3 processOneRequest
INFO: MockWebServer[46317] received request: POST /apis/entando.org/v1/namespaces/entando-k8s-custom-model-cupr42/entandoplugins HTTP/1.1 and responded: HTTP/1.1 200 OK
May 19, 2021 3:50:42 PM okhttp3.mockwebserver.MockWebServer$3 processOneRequest
INFO: MockWebServer[46317] received request: GET /apis/entando.org/v1/namespaces/entando-k8s-custom-model-cupr42/entandoplugins/my-plugin HTTP/1.1 and responded: HTTP/1.1 200 OK
May 19, 2021 3:50:42 PM okhttp3.mockwebserver.MockWebServer$3 processOneRequest
INFO: MockWebServer[46317] received request: PATCH /apis/entando.org/v1/namespaces/entando-k8s-custom-model-cupr42/entandoplugins/my-plugin HTTP/1.1 and responded: HTTP/1.1 202 OK
May 19, 2021 3:50:42 PM okhttp3.mockwebserver.MockWebServer$3 processOneRequest
INFO: MockWebServer[46317] received request: PUT /apis/entando.org/v1/namespaces/entando-k8s-custom-model-cupr42/entandoplugins/my-plugin/status HTTP/1.1 and responded: HTTP/1.1 200 OK
May 19, 2021 3:50:42 PM okhttp3.mockwebserver.MockWebServer$2 acceptConnections
INFO: MockWebServer[46317] done accepting connections: Socket closed
May 19, 2021 3:50:42 PM okhttp3.mockwebserver.MockWebServer$2 e**cute
INFO: MockWebServer[40965] starting to accept connections
May 19, 2021 3:50:42 PM okhttp3.mockwebserver.MockWebServer$3 processOneRequest
INFO: MockWebServer[40965] received request: GET /api/v1/namespaces/entando-k8s-custom-model-cupr42 HTTP/1.1 and responded: HTTP/1.1 404 Client Error
May 19, 2021 3:50:42 PM okhttp3.mockwebserver.MockWebServer$3 processOneRequest
INFO: MockWebServer[40965] received request: POST /api/v1/namespaces HTTP/1.1 and responded: HTTP/1.1 200 OK
May 19, 2021 3:50:42 PM okhttp3.mockwebserver.MockWebServer$3 processOneRequest
INFO: MockWebServer[40965] received request: POST /apis/entando.org/v1/namespaces/entando-k8s-custom-model-cupr42/entandoplugins HTTP/1.1 and responded: HTTP/1.1 200 OK
May 19, 2021 3:50:42 PM okhttp3.mockwebserver.MockWebServer$3 processOneRequest
INFO: MockWebServer[40965] received request: GET /apis/entando.org/v1/namespaces/entando-k8s-custom-model-cupr42/entandoplugins/my-plugin HTTP/1.1 and responded: HTTP/1.1 200 OK
May 19, 2021 3:50:42 PM okhttp3.mockwebserver.MockWebServer$2 acceptConnections
INFO: MockWebServer[40965] done accepting connections: Socket closed
May 19, 2021 3:50:42 PM okhttp3.mockwebserver.MockWebServer$2 e**cute
INFO: MockWebServer[44923] starting to accept connections
May 19, 2021 3:50:42 PM okhttp3.mockwebserver.MockWebServer$3 processOneRequest
INFO: MockWebServer[44923] received request: GET /api/v1/namespaces/entando-k8s-custom-model-cupr42 HTTP/1.1 and responded: HTTP/1.1 404 Client Error
May 19, 2021 3:50:42 PM okhttp3.mockwebserver.MockWebServer$3 processOneRequest
INFO: MockWebServer[44923] received request: POST /api/v1/namespaces HTTP/1.1 and responded: HTTP/1.1 200 OK
May 19, 2021 3:50:42 PM okhttp3.mockwebserver.MockWebServer$2 acceptConnections
INFO: MockWebServer[44923] done accepting connections: Socket closed
[INFO] Tests run: 3, Failures: 0, Errors: 0, Skipped: 0, Time elapsed: 1.373 s - in org.entando.kubernetes.model.inprocesstest.EntandoPluginMockedTest
[INFO] Running org.entando.kubernetes.model.inprocesstest.ProvidedCapabilityMockedTest
May 19, 2021 3:50:42 PM okhttp3.mockwebserver.MockWebServer$2 e**cute
INFO: MockWebServer[57094] starting to accept connections
May 19, 2021 3:50:42 PM okhttp3.mockwebserver.MockWebServer$3 processOneRequest
INFO: MockWebServer[57094] received request: GET /api/v1/namespaces/entando-k8s-custom-model-cupr42 HTTP/1.1 and responded: HTTP/1.1 404 Client Error
May 19, 2021 3:50:42 PM okhttp3.mockwebserver.MockWebServer$3 processOneRequest
INFO: MockWebServer[57094] received request: POST /api/v1/namespaces HTTP/1.1 and responded: HTTP/1.1 200 OK
May 19, 2021 3:50:42 PM okhttp3.mockwebserver.MockWebServer$3 processOneRequest
INFO: MockWebServer[57094] received request: POST /apis/entando.org/v1/namespaces/entando-k8s-custom-model-cupr42/providedcapabilities HTTP/1.1 and responded: HTTP/1.1 200 OK
May 19, 2021 3:50:42 PM okhttp3.mockwebserver.MockWebServer$3 processOneRequest
INFO: MockWebServer[57094] received request: GET /apis/entando.org/v1/namespaces/entando-k8s-custom-model-cupr42/providedcapabilities/my-capability HTTP/1.1 and responded: HTTP/1.1 200 OK
May 19, 2021 3:50:42 PM okhttp3.mockwebserver.MockWebServer$3 processOneRequest
INFO: MockWebServer[57094] received request: GET /apis/entando.org/v1/namespaces/entando-k8s-custom-model-cupr42/providedcapabilities/my-capability HTTP/1.1 and responded: HTTP/1.1 200 OK
May 19, 2021 3:50:42 PM okhttp3.mockwebserver.MockWebServer$3 processOneRequest
INFO: MockWebServer[57094] received request: PATCH /apis/entando.org/v1/namespaces/entando-k8s-custom-model-cupr42/providedcapabilities/my-capability HTTP/1.1 and responded: HTTP/1.1 202 OK
May 19, 2021 3:50:42 PM okhttp3.mockwebserver.MockWebServer$2 acceptConnections
INFO: MockWebServer[57094] done accepting connections: Socket closed
May 19, 2021 3:50:42 PM okhttp3.mockwebserver.MockWebServer$2 e**cute
INFO: MockWebServer[44438] starting to accept connections
May 19, 2021 3:50:42 PM okhttp3.mockwebserver.MockWebServer$3 processOneRequest
INFO: MockWebServer[44438] received request: GET /api/v1/namespaces/entando-k8s-custom-model-cupr42 HTTP/1.1 and responded: HTTP/1.1 404 Client Error
May 19, 2021 3:50:42 PM okhttp3.mockwebserver.MockWebServer$3 processOneRequest
INFO: MockWebServer[44438] received request: POST /api/v1/namespaces HTTP/1.1 and responded: HTTP/1.1 200 OK
May 19, 2021 3:50:42 PM okhttp3.mockwebserver.MockWebServer$3 processOneRequest
INFO: MockWebServer[44438] received request: POST /apis/entando.org/v1/namespaces/entando-k8s-custom-model-cupr42/providedcapabilities HTTP/1.1 and responded: HTTP/1.1 200 OK
May 19, 2021 3:50:43 PM okhttp3.mockwebserver.MockWebServer$3 processOneRequest
INFO: MockWebServer[44438] received request: GET /apis/entando.org/v1/namespaces/entando-k8s-custom-model-cupr42/providedcapabilities/my-capability HTTP/1.1 and responded: HTTP/1.1 200 OK
May 19, 2021 3:50:43 PM okhttp3.mockwebserver.MockWebServer$2 acceptConnections
INFO: MockWebServer[44438] done accepting connections: Socket closed
[INFO] Tests run: 2, Failures: 0, Errors: 0, Skipped: 0, Time elapsed: 0.537 s - in org.entando.kubernetes.model.inprocesstest.ProvidedCapabilityMockedTest
[INFO] Running org.entando.kubernetes.model.inprocesstest.EntandoKeycloakServerMockedTest
May 19, 2021 3:50:43 PM okhttp3.mockwebserver.MockWebServer$2 e**cute
INFO: MockWebServer[50777] starting to accept connections
May 19, 2021 3:50:43 PM okhttp3.mockwebserver.MockWebServer$3 processOneRequest
INFO: MockWebServer[50777] received request: GET /api/v1/namespaces/entando-k8s-custom-model-cupr42 HTTP/1.1 and responded: HTTP/1.1 404 Client Error
May 19, 2021 3:50:43 PM okhttp3.mockwebserver.MockWebServer$3 processOneRequest
INFO: MockWebServer[50777] received request: POST /api/v1/namespaces HTTP/1.1 and responded: HTTP/1.1 200 OK
May 19, 2021 3:50:43 PM okhttp3.mockwebserver.MockWebServer$3 processOneRequest
INFO: MockWebServer[50777] received request: POST /apis/entando.org/v1/namespaces/entando-k8s-custom-model-cupr42/entandokeycloakservers HTTP/1.1 and responded: HTTP/1.1 200 OK
May 19, 2021 3:50:43 PM okhttp3.mockwebserver.MockWebServer$3 processOneRequest
INFO: MockWebServer[50777] received request: GET /apis/entando.org/v1/namespaces/entando-k8s-custom-model-cupr42/entandokeycloakservers/my-keycloak HTTP/1.1 and responded: HTTP/1.1 200 OK
May 19, 2021 3:50:43 PM okhttp3.mockwebserver.MockWebServer$2 acceptConnections
INFO: MockWebServer[50777] done accepting connections: Socket closed
May 19, 2021 3:50:43 PM okhttp3.mockwebserver.MockWebServer$2 e**cute
INFO: MockWebServer[40058] starting to accept connections
May 19, 2021 3:50:43 PM okhttp3.mockwebserver.MockWebServer$3 processOneRequest
INFO: MockWebServer[40058] received request: GET /api/v1/namespaces/entando-k8s-custom-model-cupr42 HTTP/1.1 and responded: HTTP/1.1 404 Client Error
May 19, 2021 3:50:43 PM okhttp3.mockwebserver.MockWebServer$3 processOneRequest
INFO: MockWebServer[40058] received request: POST /api/v1/namespaces HTTP/1.1 and responded: HTTP/1.1 200 OK
May 19, 2021 3:50:43 PM okhttp3.mockwebserver.MockWebServer$3 processOneRequest
INFO: MockWebServer[40058] received request: POST /apis/entando.org/v1/namespaces/entando-k8s-custom-model-cupr42/entandokeycloakservers HTTP/1.1 and responded: HTTP/1.1 200 OK
May 19, 2021 3:50:43 PM okhttp3.mockwebserver.MockWebServer$3 processOneRequest
INFO: MockWebServer[40058] received request: GET /apis/entando.org/v1/namespaces/entando-k8s-custom-model-cupr42/entandokeycloakservers/my-keycloak HTTP/1.1 and responded: HTTP/1.1 200 OK
May 19, 2021 3:50:43 PM okhttp3.mockwebserver.MockWebServer$3 processOneRequest
INFO: MockWebServer[40058] received request: PATCH /apis/entando.org/v1/namespaces/entando-k8s-custom-model-cupr42/entandokeycloakservers/my-keycloak HTTP/1.1 and responded: HTTP/1.1 202 OK
May 19, 2021 3:50:43 PM okhttp3.mockwebserver.MockWebServer$3 processOneRequest
INFO: MockWebServer[40058] received request: PUT /apis/entando.org/v1/namespaces/entando-k8s-custom-model-cupr42/entandokeycloakservers/my-keycloak/status HTTP/1.1 and responded: HTTP/1.1 200 OK
May 19, 2021 3:50:43 PM okhttp3.mockwebserver.MockWebServer$2 acceptConnections
INFO: MockWebServer[40058] done accepting connections: Socket closed
May 19, 2021 3:50:43 PM okhttp3.mockwebserver.MockWebServer$2 e**cute
INFO: MockWebServer[55795] starting to accept connections
May 19, 2021 3:50:43 PM okhttp3.mockwebserver.MockWebServer$3 processOneRequest
INFO: MockWebServer[55795] received request: GET /api/v1/namespaces/entando-k8s-custom-model-cupr42 HTTP/1.1 and responded: HTTP/1.1 404 Client Error
May 19, 2021 3:50:43 PM okhttp3.mockwebserver.MockWebServer$3 processOneRequest
INFO: MockWebServer[55795] received request: POST /api/v1/namespaces HTTP/1.1 and responded: HTTP/1.1 200 OK
May 19, 2021 3:50:43 PM okhttp3.mockwebserver.MockWebServer$2 acceptConnections
INFO: MockWebServer[55795] done accepting connections: Socket closed
[INFO] Tests run: 3, Failures: 0, Errors: 0, Skipped: 0, Time elapsed: 0.512 s - in org.entando.kubernetes.model.inprocesstest.EntandoKeycloakServerMockedTest
[INFO] Running org.entando.kubernetes.model.inprocesstest.EntandoDeBundleMockedTest
May 19, 2021 3:50:43 PM okhttp3.mockwebserver.MockWebServer$2 e**cute
INFO: MockWebServer[55420] starting to accept connections
May 19, 2021 3:50:43 PM okhttp3.mockwebserver.MockWebServer$3 processOneRequest
INFO: MockWebServer[55420] received request: GET /api/v1/namespaces/entando-k8s-custom-model-cupr42 HTTP/1.1 and responded: HTTP/1.1 404 Client Error
May 19, 2021 3:50:43 PM okhttp3.mockwebserver.MockWebServer$3 processOneRequest
INFO: MockWebServer[55420] received request: POST /api/v1/namespaces HTTP/1.1 and responded: HTTP/1.1 200 OK
May 19, 2021 3:50:43 PM okhttp3.mockwebserver.MockWebServer$3 processOneRequest
INFO: MockWebServer[55420] received request: POST /apis/entando.org/v1/namespaces/entando-k8s-custom-model-cupr42/entandodebundles HTTP/1.1 and responded: HTTP/1.1 200 OK
May 19, 2021 3:50:43 PM okhttp3.mockwebserver.MockWebServer$3 processOneRequest
INFO: MockWebServer[55420] received request: GET /apis/entando.org/v1/namespaces/entando-k8s-custom-model-cupr42/entandodebundles/my-bundle HTTP/1.1 and responded: HTTP/1.1 200 OK
May 19, 2021 3:50:43 PM okhttp3.mockwebserver.MockWebServer$3 processOneRequest
INFO: MockWebServer[55420] received request: PATCH /apis/entando.org/v1/namespaces/entando-k8s-custom-model-cupr42/entandodebundles/my-bundle HTTP/1.1 and responded: HTTP/1.1 202 OK
May 19, 2021 3:50:43 PM okhttp3.mockwebserver.MockWebServer$2 acceptConnections
INFO: MockWebServer[55420] done accepting connections: Socket closed
May 19, 2021 3:50:43 PM okhttp3.mockwebserver.MockWebServer$2 e**cute
INFO: MockWebServer[33235] starting to accept connections
May 19, 2021 3:50:43 PM okhttp3.mockwebserver.MockWebServer$3 processOneRequest
INFO: MockWebServer[33235] received request: GET /api/v1/namespaces/entando-k8s-custom-model-cupr42 HTTP/1.1 and responded: HTTP/1.1 404 Client Error
May 19, 2021 3:50:43 PM okhttp3.mockwebserver.MockWebServer$3 processOneRequest
INFO: MockWebServer[33235] received request: POST /api/v1/namespaces HTTP/1.1 and responded: HTTP/1.1 200 OK
May 19, 2021 3:50:43 PM okhttp3.mockwebserver.MockWebServer$3 processOneRequest
INFO: MockWebServer[33235] received request: POST /apis/entando.org/v1/namespaces/entando-k8s-custom-model-cupr42/entandodebundles HTTP/1.1 and responded: HTTP/1.1 200 OK
May 19, 2021 3:50:43 PM okhttp3.mockwebserver.MockWebServer$3 processOneRequest
INFO: MockWebServer[33235] received request: GET /apis/entando.org/v1/namespaces/entando-k8s-custom-model-cupr42/entandodebundles/my-bundle HTTP/1.1 and responded: HTTP/1.1 200 OK
May 19, 2021 3:50:44 PM okhttp3.mockwebserver.MockWebServer$2 acceptConnections
INFO: MockWebServer[33235] done accepting connections: Socket closed
May 19, 2021 3:50:44 PM okhttp3.mockwebserver.MockWebServer$2 e**cute
INFO: MockWebServer[51539] starting to accept connections
May 19, 2021 3:50:44 PM okhttp3.mockwebserver.MockWebServer$3 processOneRequest
INFO: MockWebServer[51539] received request: GET /api/v1/namespaces/entando-k8s-custom-model-cupr42 HTTP/1.1 and responded: HTTP/1.1 404 Client Error
May 19, 2021 3:50:44 PM okhttp3.mockwebserver.MockWebServer$3 processOneRequest
INFO: MockWebServer[51539] received request: POST /api/v1/namespaces HTTP/1.1 and responded: HTTP/1.1 200 OK
May 19, 2021 3:50:44 PM okhttp3.mockwebserver.MockWebServer$2 acceptConnections
INFO: MockWebServer[51539] done accepting connections: Socket closed
[INFO] Tests run: 3, Failures: 0, Errors: 0, Skipped: 0, Time elapsed: 0.434 s - in org.entando.kubernetes.model.inprocesstest.EntandoDeBundleMockedTest
[INFO] Running org.entando.kubernetes.model.inprocesstest.EntandoAppPluginLinkMockedTest
May 19, 2021 3:50:44 PM okhttp3.mockwebserver.MockWebServer$2 e**cute
INFO: MockWebServer[56375] starting to accept connections
May 19, 2021 3:50:44 PM okhttp3.mockwebserver.MockWebServer$3 processOneRequest
INFO: MockWebServer[56375] received request: GET /api/v1/namespaces/entando-k8s-custom-model-cupr42 HTTP/1.1 and responded: HTTP/1.1 404 Client Error
May 19, 2021 3:50:44 PM okhttp3.mockwebserver.MockWebServer$3 processOneRequest
INFO: MockWebServer[56375] received request: POST /api/v1/namespaces HTTP/1.1 and responded: HTTP/1.1 200 OK
May 19, 2021 3:50:44 PM okhttp3.mockwebserver.MockWebServer$3 processOneRequest
INFO: MockWebServer[56375] received request: POST /apis/entando.org/v1/namespaces/entando-k8s-custom-model-cupr42/entandoapppluginlinks HTTP/1.1 and responded: HTTP/1.1 200 OK
May 19, 2021 3:50:44 PM okhttp3.mockwebserver.MockWebServer$3 processOneRequest
INFO: MockWebServer[56375] received request: GET /apis/entando.org/v1/namespaces/entando-k8s-custom-model-cupr42/entandoapppluginlinks/my-app-plugin-link HTTP/1.1 and responded: HTTP/1.1 200 OK
May 19, 2021 3:50:44 PM okhttp3.mockwebserver.MockWebServer$3 processOneRequest
INFO: MockWebServer[56375] received request: GET /apis/entando.org/v1/namespaces/entando-k8s-custom-model-cupr42/entandoapppluginlinks/my-app-plugin-link HTTP/1.1 and responded: HTTP/1.1 200 OK
May 19, 2021 3:50:44 PM okhttp3.mockwebserver.MockWebServer$3 processOneRequest
INFO: MockWebServer[56375] received request: PATCH /apis/entando.org/v1/namespaces/entando-k8s-custom-model-cupr42/entandoapppluginlinks/my-app-plugin-link HTTP/1.1 and responded: HTTP/1.1 202 OK
May 19, 2021 3:50:44 PM okhttp3.mockwebserver.MockWebServer$2 acceptConnections
INFO: MockWebServer[56375] done accepting connections: Socket closed
May 19, 2021 3:50:44 PM okhttp3.mockwebserver.MockWebServer$2 e**cute
INFO: MockWebServer[59556] starting to accept connections
May 19, 2021 3:50:44 PM okhttp3.mockwebserver.MockWebServer$3 processOneRequest
INFO: MockWebServer[59556] received request: GET /api/v1/namespaces/entando-k8s-custom-model-cupr42 HTTP/1.1 and responded: HTTP/1.1 404 Client Error
May 19, 2021 3:50:44 PM okhttp3.mockwebserver.MockWebServer$3 processOneRequest
INFO: MockWebServer[59556] received request: POST /api/v1/namespaces HTTP/1.1 and responded: HTTP/1.1 200 OK
May 19, 2021 3:50:44 PM okhttp3.mockwebserver.MockWebServer$3 processOneRequest
INFO: MockWebServer[59556] received request: POST /apis/entando.org/v1/namespaces/entando-k8s-custom-model-cupr42/entandoapppluginlinks HTTP/1.1 and responded: HTTP/1.1 200 OK
May 19, 2021 3:50:44 PM okhttp3.mockwebserver.MockWebServer$3 processOneRequest
INFO: MockWebServer[59556] received request: GET /apis/entando.org/v1/namespaces/entando-k8s-custom-model-cupr42/entandoapppluginlinks/my-app-plugin-link HTTP/1.1 and responded: HTTP/1.1 200 OK
May 19, 2021 3:50:44 PM okhttp3.mockwebserver.MockWebServer$2 acceptConnections
INFO: MockWebServer[59556] done accepting connections: Socket closed
May 19, 2021 3:50:44 PM okhttp3.mockwebserver.MockWebServer$2 e**cute
INFO: MockWebServer[54035] starting to accept connections
May 19, 2021 3:50:44 PM okhttp3.mockwebserver.MockWebServer$3 processOneRequest
INFO: MockWebServer[54035] received request: GET /api/v1/namespaces/entando-k8s-custom-model-cupr42 HTTP/1.1 and responded: HTTP/1.1 404 Client Error
May 19, 2021 3:50:44 PM okhttp3.mockwebserver.MockWebServer$3 processOneRequest
INFO: MockWebServer[54035] received request: POST /api/v1/namespaces HTTP/1.1 and responded: HTTP/1.1 200 OK
May 19, 2021 3:50:44 PM okhttp3.mockwebserver.MockWebServer$2 acceptConnections
INFO: MockWebServer[54035] done accepting connections: Socket closed
[INFO] Tests run: 3, Failures: 0, Errors: 0, Skipped: 0, Time elapsed: 0.496 s - in org.entando.kubernetes.model.inprocesstest.EntandoAppPluginLinkMockedTest
[INFO] Running org.entando.kubernetes.model.inprocesstest.EntandoCompositeAppMockedTest
May 19, 2021 3:50:44 PM okhttp3.mockwebserver.MockWebServer$2 e**cute
INFO: MockWebServer[60206] starting to accept connections
May 19, 2021 3:50:44 PM okhttp3.mockwebserver.MockWebServer$3 processOneRequest
INFO: MockWebServer[60206] received request: GET /api/v1/namespaces/entando-k8s-custom-model-cupr42 HTTP/1.1 and responded: HTTP/1.1 404 Client Error
May 19, 2021 3:50:44 PM okhttp3.mockwebserver.MockWebServer$3 processOneRequest
INFO: MockWebServer[60206] received request: POST /api/v1/namespaces HTTP/1.1 and responded: HTTP/1.1 200 OK
May 19, 2021 3:50:44 PM okhttp3.mockwebserver.MockWebServer$3 processOneRequest
INFO: MockWebServer[60206] received request: POST /apis/entando.org/v1/namespaces/entando-k8s-custom-model-cupr42/entandocompositeapps HTTP/1.1 and responded: HTTP/1.1 200 OK
May 19, 2021 3:50:44 PM okhttp3.mockwebserver.MockWebServer$3 processOneRequest
INFO: MockWebServer[60206] received request: GET /apis/entando.org/v1/namespaces/entando-k8s-custom-model-cupr42/entandocompositeapps/my-comnposite-app HTTP/1.1 and responded: HTTP/1.1 200 OK
May 19, 2021 3:50:44 PM okhttp3.mockwebserver.MockWebServer$2 acceptConnections
INFO: MockWebServer[60206] done accepting connections: Socket closed
May 19, 2021 3:50:44 PM okhttp3.mockwebserver.MockWebServer$2 e**cute
INFO: MockWebServer[44610] starting to accept connections
May 19, 2021 3:50:44 PM okhttp3.mockwebserver.MockWebServer$3 processOneRequest
INFO: MockWebServer[44610] received request: GET /api/v1/namespaces/entando-k8s-custom-model-cupr42 HTTP/1.1 and responded: HTTP/1.1 404 Client Error
May 19, 2021 3:50:44 PM okhttp3.mockwebserver.MockWebServer$3 processOneRequest
INFO: MockWebServer[44610] received request: POST /api/v1/namespaces HTTP/1.1 and responded: HTTP/1.1 200 OK
May 19, 2021 3:50:44 PM okhttp3.mockwebserver.MockWebServer$3 processOneRequest
INFO: MockWebServer[44610] received request: POST /apis/entando.org/v1/namespaces/entando-k8s-custom-model-cupr42/entandocompositeapps HTTP/1.1 and responded: HTTP/1.1 200 OK
May 19, 2021 3:50:44 PM okhttp3.mockwebserver.MockWebServer$3 processOneRequest
INFO: MockWebServer[44610] received request: GET /apis/entando.org/v1/namespaces/entando-k8s-custom-model-cupr42/entandocompositeapps/my-comnposite-app HTTP/1.1 and responded: HTTP/1.1 200 OK
May 19, 2021 3:50:45 PM okhttp3.mockwebserver.MockWebServer$3 processOneRequest
INFO: MockWebServer[44610] received request: PATCH /apis/entando.org/v1/namespaces/entando-k8s-custom-model-cupr42/entandocompositeapps/my-comnposite-app HTTP/1.1 and responded: HTTP/1.1 202 OK
May 19, 2021 3:50:45 PM okhttp3.mockwebserver.MockWebServer$3 processOneRequest
INFO: MockWebServer[44610] received request: PUT /apis/entando.org/v1/namespaces/entando-k8s-custom-model-cupr42/entandocompositeapps/my-comnposite-app/status HTTP/1.1 and responded: HTTP/1.1 200 OK
May 19, 2021 3:50:45 PM okhttp3.mockwebserver.MockWebServer$2 acceptConnections
INFO: MockWebServer[44610] done accepting connections: Socket closed
[INFO] Tests run: 2, Failures: 0, Errors: 0, Skipped: 0, Time elapsed: 0.51 s - in org.entando.kubernetes.model.inprocesstest.EntandoCompositeAppMockedTest
[INFO] Running org.entando.kubernetes.model.inprocesstest.EntandoAppMockedTest
May 19, 2021 3:50:45 PM okhttp3.mockwebserver.MockWebServer$2 e**cute
INFO: MockWebServer[58320] starting to accept connections
May 19, 2021 3:50:45 PM okhttp3.mockwebserver.MockWebServer$3 processOneRequest
INFO: MockWebServer[58320] received request: GET /api/v1/namespaces/entando-k8s-custom-model-cupr42 HTTP/1.1 and responded: HTTP/1.1 404 Client Error
May 19, 2021 3:50:45 PM okhttp3.mockwebserver.MockWebServer$3 processOneRequest
INFO: MockWebServer[58320] received request: POST /api/v1/namespaces HTTP/1.1 and responded: HTTP/1.1 200 OK
May 19, 2021 3:50:45 PM okhttp3.mockwebserver.MockWebServer$3 processOneRequest
INFO: MockWebServer[58320] received request: POST /apis/entando.org/v1/namespaces/entando-k8s-custom-model-cupr42/entandoapps HTTP/1.1 and responded: HTTP/1.1 200 OK
May 19, 2021 3:50:45 PM okhttp3.mockwebserver.MockWebServer$3 processOneRequest
INFO: MockWebServer[58320] received request: GET /apis/entando.org/v1/namespaces/entando-k8s-custom-model-cupr42/entandoapps/my-app HTTP/1.1 and responded: HTTP/1.1 200 OK
May 19, 2021 3:50:45 PM okhttp3.mockwebserver.MockWebServer$3 processOneRequest
INFO: MockWebServer[58320] received request: PATCH /apis/entando.org/v1/namespaces/entando-k8s-custom-model-cupr42/entandoapps/my-app HTTP/1.1 and responded: HTTP/1.1 202 OK
May 19, 2021 3:50:45 PM okhttp3.mockwebserver.MockWebServer$2 acceptConnections
INFO: MockWebServer[58320] done accepting connections: Socket closed
May 19, 2021 3:50:45 PM okhttp3.mockwebserver.MockWebServer$2 e**cute
INFO: MockWebServer[51613] starting to accept connections
May 19, 2021 3:50:45 PM okhttp3.mockwebserver.MockWebServer$3 processOneRequest
INFO: MockWebServer[51613] received request: GET /api/v1/namespaces/entando-k8s-custom-model-cupr42 HTTP/1.1 and responded: HTTP/1.1 404 Client Error
May 19, 2021 3:50:45 PM okhttp3.mockwebserver.MockWebServer$3 processOneRequest
INFO: MockWebServer[51613] received request: POST /api/v1/namespaces HTTP/1.1 and responded: HTTP/1.1 200 OK
May 19, 2021 3:50:45 PM okhttp3.mockwebserver.MockWebServer$3 processOneRequest
INFO: MockWebServer[51613] received request: POST /apis/entando.org/v1/namespaces/entando-k8s-custom-model-cupr42/entandoapps HTTP/1.1 and responded: HTTP/1.1 200 OK
May 19, 2021 3:50:45 PM okhttp3.mockwebserver.MockWebServer$3 processOneRequest
INFO: MockWebServer[51613] received request: GET /apis/entando.org/v1/namespaces/entando-k8s-custom-model-cupr42/entandoapps/my-app HTTP/1.1 and responded: HTTP/1.1 200 OK
May 19, 2021 3:50:45 PM okhttp3.mockwebserver.MockWebServer$2 acceptConnections
INFO: MockWebServer[51613] done accepting connections: Socket closed
May 19, 2021 3:50:45 PM okhttp3.mockwebserver.MockWebServer$2 e**cute
INFO: MockWebServer[35685] starting to accept connections
May 19, 2021 3:50:45 PM okhttp3.mockwebserver.MockWebServer$3 processOneRequest
INFO: MockWebServer[35685] received request: GET /api/v1/namespaces/entando-k8s-custom-model-cupr42 HTTP/1.1 and responded: HTTP/1.1 404 Client Error
May 19, 2021 3:50:45 PM okhttp3.mockwebserver.MockWebServer$3 processOneRequest
INFO: MockWebServer[35685] received request: POST /api/v1/namespaces HTTP/1.1 and responded: HTTP/1.1 200 OK
May 19, 2021 3:50:45 PM okhttp3.mockwebserver.MockWebServer$2 acceptConnections
INFO: MockWebServer[35685] done accepting connections: Socket closed
[INFO] Tests run: 3, Failures: 0, Errors: 0, Skipped: 0, Time elapsed: 0.454 s - in org.entando.kubernetes.model.inprocesstest.EntandoAppMockedTest
[INFO] Running org.entando.kubernetes.model.inprocesstest.EntandoDatabaseServiceMockedTest
May 19, 2021 3:50:45 PM okhttp3.mockwebserver.MockWebServer$2 e**cute
INFO: MockWebServer[36121] starting to accept connections
May 19, 2021 3:50:45 PM okhttp3.mockwebserver.MockWebServer$3 processOneRequest
INFO: MockWebServer[36121] received request: GET /api/v1/namespaces/entando-k8s-custom-model-cupr42 HTTP/1.1 and responded: HTTP/1.1 404 Client Error
May 19, 2021 3:50:45 PM okhttp3.mockwebserver.MockWebServer$3 processOneRequest
INFO: MockWebServer[36121] received request: POST /api/v1/namespaces HTTP/1.1 and responded: HTTP/1.1 200 OK
May 19, 2021 3:50:45 PM okhttp3.mockwebserver.MockWebServer$3 processOneRequest
INFO: MockWebServer[36121] received request: POST /apis/entando.org/v1/namespaces/entando-k8s-custom-model-cupr42/entandodatabaseservices HTTP/1.1 and responded: HTTP/1.1 200 OK
May 19, 2021 3:50:45 PM okhttp3.mockwebserver.MockWebServer$3 processOneRequest
INFO: MockWebServer[36121] received request: GET /apis/entando.org/v1/namespaces/entando-k8s-custom-model-cupr42/entandodatabaseservices/my-external-database HTTP/1.1 and responded: HTTP/1.1 200 OK
May 19, 2021 3:50:45 PM okhttp3.mockwebserver.MockWebServer$2 acceptConnections
INFO: MockWebServer[36121] done accepting connections: Socket closed
May 19, 2021 3:50:45 PM okhttp3.mockwebserver.MockWebServer$2 e**cute
INFO: MockWebServer[44655] starting to accept connections
May 19, 2021 3:50:45 PM okhttp3.mockwebserver.MockWebServer$3 processOneRequest
INFO: MockWebServer[44655] received request: GET /api/v1/namespaces/entando-k8s-custom-model-cupr42 HTTP/1.1 and responded: HTTP/1.1 404 Client Error
May 19, 2021 3:50:45 PM okhttp3.mockwebserver.MockWebServer$3 processOneRequest
INFO: MockWebServer[44655] received request: POST /api/v1/namespaces HTTP/1.1 and responded: HTTP/1.1 200 OK
May 19, 2021 3:50:45 PM okhttp3.mockwebserver.MockWebServer$3 processOneRequest
INFO: MockWebServer[44655] received request: POST /apis/entando.org/v1/namespaces/entando-k8s-custom-model-cupr42/entandodatabaseservices HTTP/1.1 and responded: HTTP/1.1 200 OK
May 19, 2021 3:50:45 PM okhttp3.mockwebserver.MockWebServer$3 processOneRequest
INFO: MockWebServer[44655] received request: GET /apis/entando.org/v1/namespaces/entando-k8s-custom-model-cupr42/entandodatabaseservices/my-external-database HTTP/1.1 and responded: HTTP/1.1 200 OK
May 19, 2021 3:50:45 PM okhttp3.mockwebserver.MockWebServer$3 processOneRequest
INFO: MockWebServer[44655] received request: PATCH /apis/entando.org/v1/namespaces/entando-k8s-custom-model-cupr42/entandodatabaseservices/my-external-database HTTP/1.1 and responded: HTTP/1.1 202 OK
May 19, 2021 3:50:45 PM okhttp3.mockwebserver.MockWebServer$2 acceptConnections
INFO: MockWebServer[44655] done accepting connections: Socket closed
May 19, 2021 3:50:45 PM okhttp3.mockwebserver.MockWebServer$2 e**cute
INFO: MockWebServer[36164] starting to accept connections
May 19, 2021 3:50:45 PM okhttp3.mockwebserver.MockWebServer$3 processOneRequest
INFO: MockWebServer[36164] received request: GET /api/v1/namespaces/entando-k8s-custom-model-cupr42 HTTP/1.1 and responded: HTTP/1.1 404 Client Error
May 19, 2021 3:50:46 PM okhttp3.mockwebserver.MockWebServer$3 processOneRequest
INFO: MockWebServer[36164] received request: POST /api/v1/namespaces HTTP/1.1 and responded: HTTP/1.1 200 OK
May 19, 2021 3:50:46 PM okhttp3.mockwebserver.MockWebServer$2 acceptConnections
INFO: MockWebServer[36164] done accepting connections: Socket closed
[INFO] Tests run: 3, Failures: 0, Errors: 0, Skipped: 0, Time elapsed: 0.425 s - in org.entando.kubernetes.model.inprocesstest.EntandoDatabaseServiceMockedTest
[INFO] Running org.entando.kubernetes.model.interprocesstest.EntandoKeycloakServerIntegratedTest
[INFO] Tests run: 2, Failures: 0, Errors: 0, Skipped: 0, Time elapsed: 0.825 s - in org.entando.kubernetes.model.interprocesstest.EntandoKeycloakServerIntegratedTest
[INFO] Running org.entando.kubernetes.model.interprocesstest.EntandoAppPluginLinkIntegratedTest
[INFO] Tests run: 2, Failures: 0, Errors: 0, Skipped: 0, Time elapsed: 0.849 s - in org.entando.kubernetes.model.interprocesstest.EntandoAppPluginLinkIntegratedTest
[INFO] Running org.entando.kubernetes.model.interprocesstest.EntandoDatabaseServiceIntegratedTest
[INFO] Tests run: 2, Failures: 0, Errors: 0, Skipped: 0, Time elapsed: 0.663 s - in org.entando.kubernetes.model.interprocesstest.EntandoDatabaseServiceIntegratedTest
[INFO] Running org.entando.kubernetes.model.interprocesstest.ProvidedCapabilityIntegratedTest
[INFO] Tests run: 2, Failures: 0, Errors: 0, Skipped: 0, Time elapsed: 0.629 s - in org.entando.kubernetes.model.interprocesstest.ProvidedCapabilityIntegratedTest
[INFO] Running org.entando.kubernetes.model.interprocesstest.EntandoPluginIntegratedTest
[INFO] Tests run: 2, Failures: 0, Errors: 0, Skipped: 0, Time elapsed: 0.736 s - in org.entando.kubernetes.model.interprocesstest.EntandoPluginIntegratedTest
[INFO] Running org.entando.kubernetes.model.interprocesstest.EntandoAppIntegratedTest
[INFO] Tests run: 2, Failures: 0, Errors: 0, Skipped: 0, Time elapsed: 0.705 s - in org.entando.kubernetes.model.interprocesstest.EntandoAppIntegratedTest
[INFO] Running org.entando.kubernetes.model.interprocesstest.EntandoDeBundleIntegratedTest
[INFO] Tests run: 2, Failures: 0, Errors: 0, Skipped: 0, Time elapsed: 0.639 s - in org.entando.kubernetes.model.interprocesstest.EntandoDeBundleIntegratedTest
[INFO] Running org.entando.kubernetes.model.interprocesstest.EntandoCompositeAppIntegratedTest
[INFO] Tests run: 2, Failures: 0, Errors: 0, Skipped: 0, Time elapsed: 0.66 s - in org.entando.kubernetes.model.interprocesstest.EntandoCompositeAppIntegratedTest
[INFO] 
[INFO] Results:
[INFO] 
[INFO] Tests run: 39, Failures: 0, Errors: 0, Skipped: 0
[INFO] 
[INFO] 
[INFO] --- maven-jar-plugin:3.2.0:jar (default-jar) @ entando-k8s-custom-model ---
[INFO] Building jar: /workspace/source/target/entando-k8s-custom-model-0.0.0-SNAPSHOT-PR-42-1.jar
[INFO] 
[INFO] --- maven-jar-plugin:3.2.0:test-jar (build-test-jar) @ entando-k8s-custom-model ---
[INFO] Building jar: /workspace/source/target/entando-k8s-custom-model-0.0.0-SNAPSHOT-PR-42-1-tests.jar
[INFO] 
[INFO] --- maven-javadoc-plugin:3.2.0:jar (attach-javadocs) @ entando-k8s-custom-model ---
[INFO] No previous run data found, generating javadoc.
[INFO] Building jar: /workspace/source/target/entando-k8s-custom-model-0.0.0-SNAPSHOT-PR-42-1-javadoc.jar
[INFO] 
[INFO] --- maven-surefire-report-plugin:3.0.0-M4:failsafe-report-only (integration-tests) @ entando-k8s-custom-model ---
[INFO] 
[INFO] --- dependency-check-maven:6.1.5:aggregate (default) @ entando-k8s-custom-model ---
[INFO] Skipping National Vulnerability Database Report
[INFO] 
[INFO] --- jacoco-maven-plugin:0.8.6:report (report) @ entando-k8s-custom-model ---
[INFO] Loading e**cution data file /workspace/source/target/jacoco.e**c
[INFO] Analyzed bundle 'Entando Kubernetes Custom Model' with 118 classes
[INFO] 
[INFO] --- maven-surefire-report-plugin:3.0.0-M4:report-only (unit-tests) @ entando-k8s-custom-model ---
[WARNING] Unable to locate Test Source XRef to link to - DISABLED
[INFO] 
[INFO] --- maven-install-plugin:2.4:install (default-install) @ entando-k8s-custom-model ---
[INFO] Installing /workspace/source/target/entando-k8s-custom-model-0.0.0-SNAPSHOT-PR-42-1.jar to /home/jenkins/.mvnrepository/org/entando/entando-k8s-custom-model/0.0.0-SNAPSHOT-PR-42-1/entando-k8s-custom-model-0.0.0-SNAPSHOT-PR-42-1.jar
[INFO] Installing /workspace/source/pom.xml to /home/jenkins/.mvnrepository/org/entando/entando-k8s-custom-model/0.0.0-SNAPSHOT-PR-42-1/entando-k8s-custom-model-0.0.0-SNAPSHOT-PR-42-1.pom
[INFO] Installing /workspace/source/target/entando-k8s-custom-model-0.0.0-SNAPSHOT-PR-42-1-tests.jar to /home/jenkins/.mvnrepository/org/entando/entando-k8s-custom-model/0.0.0-SNAPSHOT-PR-42-1/entando-k8s-custom-model-0.0.0-SNAPSHOT-PR-42-1-tests.jar
[INFO] Installing /workspace/source/target/entando-k8s-custom-model-0.0.0-SNAPSHOT-PR-42-1-javadoc.jar to /home/jenkins/.mvnrepository/org/entando/entando-k8s-custom-model/0.0.0-SNAPSHOT-PR-42-1/entando-k8s-custom-model-0.0.0-SNAPSHOT-PR-42-1-javadoc.jar
[INFO] 
[INFO] --- maven-deploy-plugin:2.8.2:deploy (default-deploy) @ entando-k8s-custom-model ---
[INFO] Using alternate deployment repository local-nexus::default::http://nexus/repository/maven-releases/
[INFO] 
[INFO] ----------------< org.entando:entando-k8s-custom-model >----------------
[INFO] Building Entando Kubernetes Custom Model 0.0.0-SNAPSHOT-PR-42-1
[INFO] --------------------------------[ jar ]---------------------------------
[INFO] 
[INFO] --- sonar-maven-plugin:3.9.0.2155:sonar (default-cli) @ entando-k8s-custom-model ---
[INFO] User cache: /****/.sonar/cache
[INFO] SonarQube version: 8.8.0
[INFO] Default locale: "en_US", source code encoding: "UTF-8"
[INFO] Load global settings
[INFO] Load global settings (done) | time=202ms
[INFO] Server id: 1BD809FA-AWHW8ct9-T_TB3XqouNu
[INFO] User cache: /****/.sonar/cache
[INFO] Load/download plugins
[INFO] Load plugins index
[INFO] Load plugins index (done) | time=72ms
[INFO] Load/download plugins (done) | time=21236ms
[INFO] Loaded core extensions: developer-scanner
[INFO] JavaScript/TypeScript frontend is enabled
[INFO] Load project settings for component key: 'entando-k8s_entando-k8s-custom-model'
[INFO] Load project settings for component key: 'entando-k8s_entando-k8s-custom-model' (done) | time=41ms
[INFO] Process project properties
[INFO] E**cute project builders
[INFO] E**cute project builders (done) | time=2ms
[INFO] Project key: entando-k8s_entando-k8s-custom-model
[INFO] Base dir: /workspace/source
[INFO] Working dir: /workspace/source/target/sonar
[INFO] Load project branches
[INFO] Load project branches (done) | time=43ms
[INFO] Check ALM binding of project 'entando-k8s_entando-k8s-custom-model'
[INFO] Detected project binding: BOUND
[INFO] Check ALM binding of project 'entando-k8s_entando-k8s-custom-model' (done) | time=24ms
[INFO] Load project pull requests
[INFO] Load project pull requests (done) | time=36ms
[INFO] Load branch configuration
[INFO] Load branch configuration (done) | time=648ms
[INFO] Load quality profiles
[INFO] Load quality profiles (done) | time=70ms
[INFO] Load active rules
[INFO] Load active rules (done) | time=1388ms
[INFO] Organization key: entando-k8s
[INFO] Pull request 42 for merge into master from ENG-2284_removing_cluster_infrastructure
[INFO] SCM collecting changed files in the branch
[WARNING] Exception caught during e**cution of command '[/usr/local/git/bin/git, config, --******, --edit]' in '/usr/local/git/bin', return code '128', error message 'fatal: Invalid path '/usr/local/git/etc': No such file or directory
'
[INFO] SCM collecting changed files in the branch (done) | time=333ms
[INFO] Indexing files...
[INFO] Project configuration:
[INFO] 139 files inde**d
[INFO] 0 files ignored because of scm ignore settings
[INFO] Quality profile for java: Sonar way
[INFO] Quality profile for xml: Sonar way
[INFO] ------------- Run sensors on module Entando Kubernetes Custom Model
[INFO] JavaScript/TypeScript frontend is enabled
[INFO] Load metrics repository
[INFO] Load metrics repository (done) | time=27ms
[INFO] Sensor JavaSquidSensor [java]
[INFO] Configured Java source version (sonar.java.source): 8
[INFO] JavaClasspath initialization
[INFO] JavaClasspath initialization (done) | time=21ms
[INFO] JavaTestClasspath initialization
[INFO] JavaTestClasspath initialization (done) | time=1ms
[INFO] Java Main Files AST scan
[INFO] 110 source files to be analyzed
[INFO] 55/110 files analyzed, current file: src/main/java/org/entando/kubernetes/model/externaldatabase/EntandoDatabaseServiceSpecBuilder.java
[INFO] 110/110 source files have been analyzed
[INFO] Java Main Files AST scan (done) | time=15889ms
[INFO] Java Test Files AST scan
[INFO] 28 source files to be analyzed
[INFO] 28/28 source files have been analyzed
[INFO] Java Test Files AST scan (done) | time=2757ms
[INFO] Java Generated Files AST scan
[INFO] 0 source files to be analyzed
[INFO] 0/0 source files have been analyzed
[INFO] Java Generated Files AST scan (done) | time=1ms
[INFO] Sensor JavaSquidSensor [java] (done) | time=19646ms
[INFO] Sensor CSS Rules [cssfamily]
[INFO] No CSS, PHP, HTML or VueJS files are found in the project. CSS analysis is skipped.
[INFO] Sensor CSS Rules [cssfamily] (done) | time=2ms
[INFO] Sensor C# Project Type Information [csharp]
[INFO] Sensor C# Project Type Information [csharp] (done) | time=1ms
[INFO] Sensor C# Properties [csharp]
[INFO] Sensor C# Properties [csharp] (done) | time=1ms
[INFO] Sensor Import of Checkstyle issues [java]
[INFO] Importing /workspace/source/target/checkstyle-result.xml
[INFO] Sensor Import of Checkstyle issues [java] (done) | time=86ms
[INFO] Sensor SurefireSensor [java]
[INFO] parsing [/workspace/source/target/surefire-reports]
[INFO] Sensor SurefireSensor [java] (done) | time=72ms
[INFO] Sensor JavaXmlSensor [java]
[INFO] 1 source file to be analyzed
[INFO] 1/1 source file has been analyzed
[INFO] Sensor JavaXmlSensor [java] (done) | time=242ms
[INFO] Sensor HTML [web]
[INFO] Sensor HTML [web] (done) | time=7ms
[INFO] Sensor XML Sensor [xml]
[INFO] 1 source file to be analyzed
[INFO] 1/1 source file has been analyzed
[INFO] Sensor XML Sensor [xml] (done) | time=203ms
[INFO] Sensor VB.NET Project Type Information [vbnet]
[INFO] Sensor VB.NET Project Type Information [vbnet] (done) | time=1ms
[INFO] Sensor VB.NET Properties [vbnet]
[INFO] Sensor VB.NET Properties [vbnet] (done) | time=1ms
[INFO] Sensor JaCoCo XML Report Importer [jacoco]
[INFO] Importing 1 report(s). Turn your logs in debug mode in order to see the exhaustive list.
[INFO] Sensor JaCoCo XML Report Importer [jacoco] (done) | time=104ms
[INFO] Sensor ThymeLeaf template sensor [securityjavafrontend]
[INFO] Sensor ThymeLeaf template sensor [securityjavafrontend] (done) | time=6ms
[INFO] Sensor JavaSecuritySensor [security]
[INFO] Reading type hierarchy from: /workspace/source/target/sonar/ucfg2/java
[INFO] Read 207 type definitions
[INFO] Reading UCFGs from: /workspace/source/target/sonar/ucfg2/java
[INFO] 15:52:02.67408 Building Runtime Type propagation graph
[INFO] 15:52:02.887451 Running Tarjan on 2290 nodes
[INFO] 15:52:02.899422 Tarjan found 2187 components
[INFO] 15:52:02.910517 Variable type analysis: done
[INFO] 15:52:02.915167 Building Runtime Type propagation graph
[INFO] 15:52:02.934593 Running Tarjan on 2290 nodes
[INFO] 15:52:02.939094 Tarjan found 2187 components
[INFO] 15:52:02.94586 Variable type analysis: done
[INFO] Analyzing 645 ucfgs to detect vulnerabilities.
[INFO] All rules entrypoints : 0 Retained UCFGs : 0
[INFO] rule: S5131, entrypoints: 0
[INFO] rule: S5131 done
[INFO] rule: S3649, entrypoints: 0
[INFO] rule: S3649 done
[INFO] rule: S2076, entrypoints: 0
[INFO] rule: S2076 done
[INFO] rule: S2091, entrypoints: 0
[INFO] rule: S2091 done
[INFO] rule: S2078, entrypoints: 0
[INFO] rule: S2078 done
[INFO] rule: S2631, entrypoints: 0
[INFO] rule: S2631 done
[INFO] rule: S5135, entrypoints: 0
[INFO] rule: S5135 done
[INFO] rule: S2083, entrypoints: 0
[INFO] rule: S2083 done
[INFO] rule: S5167, entrypoints: 0
[INFO] rule: S5167 done
[INFO] rule: S5144, entrypoints: 0
[INFO] rule: S5144 done
[INFO] rule: S5145, entrypoints: 0
[INFO] rule: S5145 done
[INFO] rule: S5146, entrypoints: 0
[INFO] rule: S5146 done
[INFO] rule: S5334, entrypoints: 0
[INFO] rule: S5334 done
[INFO] rule: S6096, entrypoints: 0
[INFO] rule: S6096 done
[INFO] Sensor JavaSecuritySensor [security] (done) | time=3298ms
[INFO] Sensor CSharpSecuritySensor [security]
[INFO] Reading type hierarchy from: /workspace/source/target/ucfg_cs2
[INFO] Read 0 type definitions
[INFO] Reading UCFGs from: /workspace/source/target/ucfg_cs2
[INFO] No UCFGs have been included for analysis.
[INFO] Sensor CSharpSecuritySensor [security] (done) | time=1ms
[INFO] Sensor PhpSecuritySensor [security]
[INFO] Reading type hierarchy from: /workspace/source/target/sonar/ucfg2/php
[INFO] Read 0 type definitions
[INFO] Reading UCFGs from: /workspace/source/target/sonar/ucfg2/php
[INFO] No UCFGs have been included for analysis.
[INFO] Sensor PhpSecuritySensor [security] (done) | time=0ms
[INFO] Sensor PythonSecuritySensor [security]
[INFO] Reading type hierarchy from: /workspace/source/target/sonar/ucfg2/python
[INFO] Read 0 type definitions
[INFO] Reading UCFGs from: /workspace/source/target/sonar/ucfg2/python
[INFO] No UCFGs have been included for analysis.
[INFO] Sensor PythonSecuritySensor [security] (done) | time=1ms
[INFO] Sensor JsSecuritySensor [security]
[INFO] Reading type hierarchy from: /workspace/source/target/sonar/ucfg2/js
[INFO] Read 0 type definitions
[INFO] Reading UCFGs from: /workspace/source/target/sonar/ucfg2/js
[INFO] No UCFGs have been included for analysis.
[INFO] Sensor JsSecuritySensor [security] (done) | time=1ms
[INFO] ------------- Run sensors on project
[INFO] Sensor Zero Coverage Sensor
[INFO] Sensor Zero Coverage Sensor (done) | time=1ms
[INFO] Sensor Java CPD Block Inde**r
[INFO] Sensor Java CPD Block Inde**r (done) | time=143ms
[INFO] SCM Publisher SCM provider for this project is: git
[INFO] SCM Publisher 97 source files to be analyzed
[INFO] SCM Publisher 96/97 source files have been analyzed (done) | time=2180ms
[WARNING] Missing blame information for the following files:
[WARNING]   * pom.xml
[WARNING] This may lead to missing/broken features in SonarCloud
[INFO] CPD E**cutor 29 files had no CPD blocks
[INFO] CPD E**cutor Calculating CPD for 81 files
[INFO] CPD E**cutor CPD calculation finished (done) | time=40ms
[INFO] SCM writing changed lines
[WARNING] File '/workspace/source/src/test/java/org/entando/kubernetes/model/inprocesstest/EntandoCompositeAppMockedTest.java' was detected as changed but without having changed lines
[INFO] SCM writing changed lines (done) | time=529ms
[INFO] Analysis report generated in 770ms, dir size=761 KB
[INFO] Analysis report compressed in 235ms, zip size=389 KB
[INFO] Analysis report uploaded in 140ms
[INFO] ANALYSIS SUCCESSFUL, you can find the results at: https://sonarcloud.io/dashboard?id=entando-k8s_entando-k8s-custom-model&pullRequest=42
[INFO] Note that you will be able to access the updated dashboard once the server has processed the submitted analysis report
[INFO] More about the report processing at https://sonarcloud.io/api/ce/task?id=AXmFU7_4RglSo1uKstNX
[INFO] Analysis total time: 35.519 s
[INFO] ------------------------------------------------------------------------
[INFO] BUILD SUCCESS
[INFO] ------------------------------------------------------------------------
[INFO] Total time:  01:56 min
[INFO] Finished at: 2021-05-19T15:52:09Z
[INFO] ------------------------------------------------------------------------
Picked up _JAVA_OPTIONS: -XX:+UnlockExperimentalVMOptions -Dsun.zip.disableMemoryMapping=**** -XX:+UseParallelGC -XX:MinHeapFreeRatio=5 -XX:MaxHeapFreeRatio=10 -XX:GCTimeRatio=4 -XX:AdaptiveSizePolicyWeight=90 -Xms10m -Xmx8000m
[INFO] Scanning for projects...
[INFO] 
[INFO] ----------------< org.entando:entando-k8s-custom-model >----------------
[INFO] Building Entando Kubernetes Custom Model 0.0.0-SNAPSHOT-PR-42-1
[INFO] --------------------------------[ jar ]---------------------------------
[INFO] 
[INFO] --- maven-site-plugin:3.9.0:site (default-site) @ entando-k8s-custom-model ---
[INFO] configuring report plugin org.apache.maven.plugins:maven-project-info-reports-plugin:3.0.0
[INFO] 9 reports configured for maven-project-info-reports-plugin:3.0.0: dependency-info, distribution-management, index, ci-management, issue-management, licenses, plugins, scm, summary
[INFO] Rendering site with default locale English (en)
[WARNING] Unable to find a URL to the parent project. The parent menu will NOT be added.
[INFO] Relativizing decoration links with respect to localized project URL: https://central.entando.com
[INFO] Rendering content with org.apache.maven.skins:maven-default-skin:jar:1.3 skin.
[INFO] Generating "Dependency Information" report --- maven-project-info-reports-plugin:3.0.0:dependency-info
[INFO] Generating "About" report         --- maven-project-info-reports-plugin:3.0.0:index
[INFO] Generating "Issue Management" report --- maven-project-info-reports-plugin:3.0.0:issue-management
[INFO] Generating "Licenses" report      --- maven-project-info-reports-plugin:3.0.0:licenses
[INFO] Generating "Plugins" report       --- maven-project-info-reports-plugin:3.0.0:plugins
[INFO] Generating "Source Code Management" report --- maven-project-info-reports-plugin:3.0.0:scm
[INFO] Generating "Summary" report       --- maven-project-info-reports-plugin:3.0.0:summary
[INFO] ------------------------------------------------------------------------
[INFO] BUILD SUCCESS
[INFO] ------------------------------------------------------------------------
[INFO] Total time:  19.618 s
[INFO] Finished at: 2021-05-19T15:52:30Z
[INFO] ------------------------------------------------------------------------
Congratulations! No build failures found for entando-k8s-custom-model-PR-42.
