
Showing logs for build [32mentando-k8s-entando-k8s-custom-bxnqf-5[0m stage [32mfrom-build-pack[0m and container [32mcredential-initializer[0m
{"level":"info","ts":1621686478.305116,"caller":"creds-init/main.go:44","msg":"Credentials initialized."}

Showing logs for build [32mentando-k8s-entando-k8s-custom-bxnqf-5[0m stage [32mfrom-build-pack[0m and container [32mworking-dir-initializer[0m

Showing logs for build [32mentando-k8s-entando-k8s-custom-bxnqf-5[0m stage [32mfrom-build-pack[0m and container [32mplace-tools[0m

Showing logs for build [32mentando-k8s-entando-k8s-custom-bxnqf-5[0m stage [32mfrom-build-pack[0m and container [32mstep-git-source-entando-k8s-entando-k8s-custom-bxnqf-njzvh[0m
{"level":"info","ts":1621686507.1253653,"caller":"git/git.go:105","msg":"Successfully cloned https://github.com/entando-k8s/entando-k8s-custom-model.git @ master in path /workspace/source"}
{"level":"warn","ts":1621686507.125551,"caller":"git/git.go:152","msg":"Unexpected error: creating symlink: symlink /tekton/home/.ssh /****/.ssh: file exists"}
{"level":"info","ts":1621686507.1830828,"caller":"git/git.go:133","msg":"Successfully initialized and updated submodules in path /workspace/source"}

Showing logs for build [32mentando-k8s-entando-k8s-custom-bxnqf-5[0m stage [32mfrom-build-pack[0m and container [32mstep-setup-builder-home[0m

Showing logs for build [32mentando-k8s-entando-k8s-custom-bxnqf-5[0m stage [32mfrom-build-pack[0m and container [32mstep-git-merge[0m
Using SHAs from PULL_REFS=master:ab9c7d95a3aa1f9aa7f0252f3de5548b42aae99c,42:c96fee10c723273a481324457f40d2367d41f24e
DEBUG: LC_ALL=C JX_LOG_LEVEL=error git fetch origin --unshallow c96fee10c723273a481324457f40d2367d41f24e: ab9c7d95a3aa1f9aa7f0252f3de5548b42aae99c:
DEBUG: ran git fetch --unshallow origin c96fee10c723273a481324457f40d2367d41f24e: ab9c7d95a3aa1f9aa7f0252f3de5548b42aae99c: in 
DEBUG: JX_LOG_LEVEL=error LC_ALL=C git branch
DEBUG: LC_ALL=C JX_LOG_LEVEL=error git checkout master
DEBUG: ran git checkout master in 
DEBUG: LC_ALL=C JX_LOG_LEVEL=error git reset --hard ab9c7d95a3aa1f9aa7f0252f3de5548b42aae99c
DEBUG: ran git reset --hard ab9c7d95a3aa1f9aa7f0252f3de5548b42aae99c in 
DEBUG: LC_ALL=C JX_LOG_LEVEL=error git clean -fd .
DEBUG: ran clean --force -d . in 
DEBUG: LC_ALL=C JX_LOG_LEVEL=error git merge c96fee10c723273a481324457f40d2367d41f24e
DEBUG: ran git merge c96fee10c723273a481324457f40d2367d41f24e in 
DEBUG: LC_ALL=C JX_LOG_LEVEL=error git log --format=%H%x1f%an%x1f%ae%x1f%cn%x1f%ce%x1f%s%n%b%x1e ab9c7d95a3aa1f9aa7f0252f3de5548b42aae99c..HEAD
Merged SHA c96fee10c723273a481324457f40d2367d41f24e with commit message '#ENG-2284 bumped to latest parent' into base branch master
Merged SHA 06af501cdac9a3c31cd4fe09f994930a30da6d57 with commit message '#ENG-2284 merge after commit' into base branch master
Merged SHA 1b5d7325c4deb6d3eb9af8d8bc20e109e228eb05 with commit message '#ENG-2284 fi**d pipeline' into base branch master
Merged SHA 2e7e2a5ceef6196907f1287e94009edaa74e1f21 with commit message '#ENG-2284 using latest parent' into base branch master
Merged SHA fc5607d1c25728550cea05f60431a1cbe7ce6490 with commit message '#ENG-2284 tweaked EntandoKeycloakServer and EntandoDatabaseService for capabilities' into base branch master
Merged SHA e79e640aa4ddd47ca7e75bc3f2fe0f171b14faf9 with commit message '#ENG-2284 added labels to CRDs' into base branch master
Merged SHA a07b6b5fee98877f17c8292d26f0b5718efc5dbf with commit message '#ENG-2284 commited skipped files' into base branch master
Merged SHA 20fa9d82617a988e087249c797c8ae82d0346bf8 with commit message '#ENG-2284 fi**d owners' into base branch master
Merged SHA 8600014656f4dc40683a14c4628feb5a29351432 with commit message '#ENG-2284 removed EntandoClusterInfrastructure, added ProvidedCapability and upgraded to Fabric8 5.3' into base branch master
Merged SHA ea59cd0fb451b4a5979bf66cd6d0cecaf99e2e3b with commit message '#ENG-2284 removed EntandoClusterInfrastructure, added ProvidedCapability and upgraded to Fabric8 5.3' into base branch master

Showing logs for build [32mentando-k8s-entando-k8s-custom-bxnqf-5[0m stage [32mfrom-build-pack[0m and container [32mstep-build-set-version[0m
Picked up _JAVA_OPTIONS: -XX:+UnlockExperimentalVMOptions -Dsun.zip.disableMemoryMapping=**** -XX:+UseParallelGC -XX:MinHeapFreeRatio=5 -XX:MaxHeapFreeRatio=10 -XX:GCTimeRatio=4 -XX:AdaptiveSizePolicyWeight=90 -Xms10m -Xmx8000m
[INFO] Scanning for projects...
[INFO] 
[INFO] ----------------< org.entando:entando-k8s-custom-model >----------------
[INFO] Building Entando Kubernetes Custom Model 6.3.0-SNAPSHOT
[INFO] --------------------------------[ jar ]---------------------------------
[INFO] 
[INFO] --- versions-maven-plugin:2.8.1:set (default-cli) @ entando-k8s-custom-model ---
[INFO] Local aggregation ****: /workspace/source
[INFO] Processing change of org.entando:entando-k8s-custom-model:6.3.0-SNAPSHOT -> 0.0.0-SNAPSHOT-PR-42-5
[INFO] Processing org.entando:entando-k8s-custom-model
[INFO]     Updating project org.entando:entando-k8s-custom-model
[INFO]         from version 6.3.0-SNAPSHOT to 0.0.0-SNAPSHOT-PR-42-5
[INFO] 
[INFO] ------------------------------------------------------------------------
[INFO] BUILD SUCCESS
[INFO] ------------------------------------------------------------------------
[INFO] Total time:  8.296 s
[INFO] Finished at: 2021-05-22T12:28:39Z
[INFO] ------------------------------------------------------------------------

Showing logs for build [32mentando-k8s-entando-k8s-custom-bxnqf-5[0m stage [32mfrom-build-pack[0m and container [32mstep-build-fix-git-for-sonar[0m
Switched to a new branch 'PR-42'
M	pom.xml
Deleted branch master (was c96fee1).
From https://github.com/entando-k8s/entando-k8s-custom-model
 * [new branch]      master     -> master

Showing logs for build [32mentando-k8s-entando-k8s-custom-bxnqf-5[0m stage [32mfrom-build-pack[0m and container [32mstep-build-mvn-verify-pr[0m
Picked up _JAVA_OPTIONS: -XX:+UnlockExperimentalVMOptions -Dsun.zip.disableMemoryMapping=**** -XX:+UseParallelGC -XX:MinHeapFreeRatio=5 -XX:MaxHeapFreeRatio=10 -XX:GCTimeRatio=4 -XX:AdaptiveSizePolicyWeight=90 -Xms10m -Xmx8000m
[INFO] Scanning for projects...
[INFO] 
[INFO] ----------------< org.entando:entando-k8s-custom-model >----------------
[INFO] Building Entando Kubernetes Custom Model 0.0.0-SNAPSHOT-PR-42-5
[INFO] --------------------------------[ jar ]---------------------------------
[INFO] 
[INFO] --- maven-checkstyle-plugin:3.1.1:check (validate) @ entando-k8s-custom-model ---
[INFO] Starting audit...
Audit done.
[INFO] You have 0 Checkstyle violations.
[INFO] 
[INFO] --- maven-checkstyle-plugin:3.1.1:checkstyle (validate) @ entando-k8s-custom-model ---
[INFO] Starting audit...
Audit done.
[INFO] 
[INFO] --- jacoco-maven-plugin:0.8.6:prepare-agent (prepare-agent) @ entando-k8s-custom-model ---
[INFO] argLine set to -javaagent:/home/jenkins/.mvnrepository/org/jacoco/org.jacoco.agent/0.8.6/org.jacoco.agent-0.8.6-runtime.jar=destfile=/workspace/source/target/jacoco.e**c
[INFO] 
[INFO] --- maven-resources-plugin:2.6:resources (default-resources) @ entando-k8s-custom-model ---
[INFO] Using 'UTF-8' encoding to copy filtered resources.
[INFO] Copying 18 resources
[INFO] 
[INFO] --- maven-compiler-plugin:3.8.1:compile (default-compile) @ entando-k8s-custom-model ---
[INFO] Changes detected - recompiling the module!
[INFO] Compiling 109 source files to /workspace/source/target/classes
[WARNING] /workspace/source/src/main/java/org/entando/kubernetes/model/compositeapp/EntandoCompositeAppSpecFluent.java:[137,87] unchecked cast
  required: org.entando.kubernetes.model.common.EntandoBaseCustomResource<?,org.entando.kubernetes.model.common.EntandoCustomResourceStatus>
  found:    java.lang.Object
[INFO] 
[INFO] --- maven-resources-plugin:2.6:testResources (default-testResources) @ entando-k8s-custom-model ---
[INFO] Using 'UTF-8' encoding to copy filtered resources.
[INFO] Copying 3 resources
[INFO] 
[INFO] --- maven-compiler-plugin:3.8.1:testCompile (default-testCompile) @ entando-k8s-custom-model ---
[INFO] Changes detected - recompiling the module!
[INFO] Compiling 29 source files to /workspace/source/target/test-classes
[INFO] 
[INFO] --- maven-surefire-plugin:3.0.0-M1:test (default-test) @ entando-k8s-custom-model ---
[INFO] 
[INFO] -------------------------------------------------------
[INFO]  T E S T S
[INFO] -------------------------------------------------------
[INFO] Running org.entando.kubernetes.model.inprocesstest.EntandoCustomResourceStatusTest
[INFO] Tests run: 1, Failures: 0, Errors: 0, Skipped: 0, Time elapsed: 3.51 s - in org.entando.kubernetes.model.inprocesstest.EntandoCustomResourceStatusTest
[INFO] Running org.entando.kubernetes.model.inprocesstest.EntandoPluginMockedTest
May 22, 2021 12:29:20 PM okhttp3.mockwebserver.MockWebServer$2 e**cute
INFO: MockWebServer[34781] starting to accept connections
May 22, 2021 12:29:20 PM okhttp3.mockwebserver.MockWebServer$3 processOneRequest
INFO: MockWebServer[34781] received request: GET /api/v1/namespaces/entando-k8s-custom-model-cupr42 HTTP/1.1 and responded: HTTP/1.1 404 Client Error
May 22, 2021 12:29:20 PM okhttp3.mockwebserver.MockWebServer$3 processOneRequest
INFO: MockWebServer[34781] received request: POST /api/v1/namespaces HTTP/1.1 and responded: HTTP/1.1 200 OK
May 22, 2021 12:29:20 PM okhttp3.mockwebserver.MockWebServer$3 processOneRequest
INFO: MockWebServer[34781] received request: POST /apis/entando.org/v1/namespaces/entando-k8s-custom-model-cupr42/entandoplugins HTTP/1.1 and responded: HTTP/1.1 200 OK
May 22, 2021 12:29:20 PM okhttp3.mockwebserver.MockWebServer$3 processOneRequest
INFO: MockWebServer[34781] received request: GET /apis/entando.org/v1/namespaces/entando-k8s-custom-model-cupr42/entandoplugins/my-plugin HTTP/1.1 and responded: HTTP/1.1 200 OK
May 22, 2021 12:29:20 PM okhttp3.mockwebserver.MockWebServer$3 processOneRequest
INFO: MockWebServer[34781] received request: PATCH /apis/entando.org/v1/namespaces/entando-k8s-custom-model-cupr42/entandoplugins/my-plugin HTTP/1.1 and responded: HTTP/1.1 202 OK
May 22, 2021 12:29:20 PM okhttp3.mockwebserver.MockWebServer$3 processOneRequest
INFO: MockWebServer[34781] received request: PUT /apis/entando.org/v1/namespaces/entando-k8s-custom-model-cupr42/entandoplugins/my-plugin/status HTTP/1.1 and responded: HTTP/1.1 200 OK
May 22, 2021 12:29:20 PM okhttp3.mockwebserver.MockWebServer$2 acceptConnections
INFO: MockWebServer[34781] done accepting connections: Socket closed
May 22, 2021 12:29:20 PM okhttp3.mockwebserver.MockWebServer$2 e**cute
INFO: MockWebServer[33842] starting to accept connections
May 22, 2021 12:29:20 PM okhttp3.mockwebserver.MockWebServer$3 processOneRequest
INFO: MockWebServer[33842] received request: GET /api/v1/namespaces/entando-k8s-custom-model-cupr42 HTTP/1.1 and responded: HTTP/1.1 404 Client Error
May 22, 2021 12:29:20 PM okhttp3.mockwebserver.MockWebServer$3 processOneRequest
INFO: MockWebServer[33842] received request: POST /api/v1/namespaces HTTP/1.1 and responded: HTTP/1.1 200 OK
May 22, 2021 12:29:20 PM okhttp3.mockwebserver.MockWebServer$3 processOneRequest
INFO: MockWebServer[33842] received request: POST /apis/entando.org/v1/namespaces/entando-k8s-custom-model-cupr42/entandoplugins HTTP/1.1 and responded: HTTP/1.1 200 OK
May 22, 2021 12:29:20 PM okhttp3.mockwebserver.MockWebServer$3 processOneRequest
INFO: MockWebServer[33842] received request: GET /apis/entando.org/v1/namespaces/entando-k8s-custom-model-cupr42/entandoplugins/my-plugin HTTP/1.1 and responded: HTTP/1.1 200 OK
May 22, 2021 12:29:20 PM okhttp3.mockwebserver.MockWebServer$2 acceptConnections
INFO: MockWebServer[33842] done accepting connections: Socket closed
May 22, 2021 12:29:20 PM okhttp3.mockwebserver.MockWebServer$2 e**cute
INFO: MockWebServer[49919] starting to accept connections
May 22, 2021 12:29:20 PM okhttp3.mockwebserver.MockWebServer$3 processOneRequest
INFO: MockWebServer[49919] received request: GET /api/v1/namespaces/entando-k8s-custom-model-cupr42 HTTP/1.1 and responded: HTTP/1.1 404 Client Error
May 22, 2021 12:29:20 PM okhttp3.mockwebserver.MockWebServer$3 processOneRequest
INFO: MockWebServer[49919] received request: POST /api/v1/namespaces HTTP/1.1 and responded: HTTP/1.1 200 OK
May 22, 2021 12:29:21 PM okhttp3.mockwebserver.MockWebServer$2 acceptConnections
INFO: MockWebServer[49919] done accepting connections: Socket closed
[INFO] Tests run: 3, Failures: 0, Errors: 0, Skipped: 0, Time elapsed: 1.285 s - in org.entando.kubernetes.model.inprocesstest.EntandoPluginMockedTest
[INFO] Running org.entando.kubernetes.model.inprocesstest.ProvidedCapabilityMockedTest
May 22, 2021 12:29:21 PM okhttp3.mockwebserver.MockWebServer$2 e**cute
INFO: MockWebServer[33379] starting to accept connections
May 22, 2021 12:29:21 PM okhttp3.mockwebserver.MockWebServer$3 processOneRequest
INFO: MockWebServer[33379] received request: GET /api/v1/namespaces/entando-k8s-custom-model-cupr42 HTTP/1.1 and responded: HTTP/1.1 404 Client Error
May 22, 2021 12:29:21 PM okhttp3.mockwebserver.MockWebServer$3 processOneRequest
INFO: MockWebServer[33379] received request: POST /api/v1/namespaces HTTP/1.1 and responded: HTTP/1.1 200 OK
May 22, 2021 12:29:21 PM okhttp3.mockwebserver.MockWebServer$3 processOneRequest
INFO: MockWebServer[33379] received request: POST /apis/entando.org/v1/namespaces/entando-k8s-custom-model-cupr42/providedcapabilities HTTP/1.1 and responded: HTTP/1.1 200 OK
May 22, 2021 12:29:21 PM okhttp3.mockwebserver.MockWebServer$3 processOneRequest
INFO: MockWebServer[33379] received request: GET /apis/entando.org/v1/namespaces/entando-k8s-custom-model-cupr42/providedcapabilities/my-capability HTTP/1.1 and responded: HTTP/1.1 200 OK
May 22, 2021 12:29:21 PM okhttp3.mockwebserver.MockWebServer$3 processOneRequest
INFO: MockWebServer[33379] received request: GET /apis/entando.org/v1/namespaces/entando-k8s-custom-model-cupr42/providedcapabilities/my-capability HTTP/1.1 and responded: HTTP/1.1 200 OK
May 22, 2021 12:29:21 PM okhttp3.mockwebserver.MockWebServer$3 processOneRequest
INFO: MockWebServer[33379] received request: PATCH /apis/entando.org/v1/namespaces/entando-k8s-custom-model-cupr42/providedcapabilities/my-capability HTTP/1.1 and responded: HTTP/1.1 202 OK
May 22, 2021 12:29:21 PM okhttp3.mockwebserver.MockWebServer$2 acceptConnections
INFO: MockWebServer[33379] done accepting connections: Socket closed
May 22, 2021 12:29:21 PM okhttp3.mockwebserver.MockWebServer$2 e**cute
INFO: MockWebServer[46973] starting to accept connections
May 22, 2021 12:29:21 PM okhttp3.mockwebserver.MockWebServer$3 processOneRequest
INFO: MockWebServer[46973] received request: GET /api/v1/namespaces/entando-k8s-custom-model-cupr42 HTTP/1.1 and responded: HTTP/1.1 404 Client Error
May 22, 2021 12:29:21 PM okhttp3.mockwebserver.MockWebServer$3 processOneRequest
INFO: MockWebServer[46973] received request: POST /api/v1/namespaces HTTP/1.1 and responded: HTTP/1.1 200 OK
May 22, 2021 12:29:21 PM okhttp3.mockwebserver.MockWebServer$3 processOneRequest
INFO: MockWebServer[46973] received request: POST /apis/entando.org/v1/namespaces/entando-k8s-custom-model-cupr42/providedcapabilities HTTP/1.1 and responded: HTTP/1.1 200 OK
May 22, 2021 12:29:21 PM okhttp3.mockwebserver.MockWebServer$3 processOneRequest
INFO: MockWebServer[46973] received request: GET /apis/entando.org/v1/namespaces/entando-k8s-custom-model-cupr42/providedcapabilities/my-capability HTTP/1.1 and responded: HTTP/1.1 200 OK
May 22, 2021 12:29:21 PM okhttp3.mockwebserver.MockWebServer$2 acceptConnections
INFO: MockWebServer[46973] done accepting connections: Socket closed
[INFO] Tests run: 2, Failures: 0, Errors: 0, Skipped: 0, Time elapsed: 0.467 s - in org.entando.kubernetes.model.inprocesstest.ProvidedCapabilityMockedTest
[INFO] Running org.entando.kubernetes.model.inprocesstest.EntandoKeycloakServerMockedTest
May 22, 2021 12:29:21 PM okhttp3.mockwebserver.MockWebServer$2 e**cute
INFO: MockWebServer[41557] starting to accept connections
May 22, 2021 12:29:21 PM okhttp3.mockwebserver.MockWebServer$3 processOneRequest
INFO: MockWebServer[41557] received request: GET /api/v1/namespaces/entando-k8s-custom-model-cupr42 HTTP/1.1 and responded: HTTP/1.1 404 Client Error
May 22, 2021 12:29:21 PM okhttp3.mockwebserver.MockWebServer$3 processOneRequest
INFO: MockWebServer[41557] received request: POST /api/v1/namespaces HTTP/1.1 and responded: HTTP/1.1 200 OK
May 22, 2021 12:29:21 PM okhttp3.mockwebserver.MockWebServer$3 processOneRequest
INFO: MockWebServer[41557] received request: POST /apis/entando.org/v1/namespaces/entando-k8s-custom-model-cupr42/entandokeycloakservers HTTP/1.1 and responded: HTTP/1.1 200 OK
May 22, 2021 12:29:21 PM okhttp3.mockwebserver.MockWebServer$3 processOneRequest
INFO: MockWebServer[41557] received request: GET /apis/entando.org/v1/namespaces/entando-k8s-custom-model-cupr42/entandokeycloakservers/my-keycloak HTTP/1.1 and responded: HTTP/1.1 200 OK
May 22, 2021 12:29:21 PM okhttp3.mockwebserver.MockWebServer$2 acceptConnections
INFO: MockWebServer[41557] done accepting connections: Socket closed
May 22, 2021 12:29:21 PM okhttp3.mockwebserver.MockWebServer$2 e**cute
INFO: MockWebServer[47977] starting to accept connections
May 22, 2021 12:29:21 PM okhttp3.mockwebserver.MockWebServer$3 processOneRequest
INFO: MockWebServer[47977] received request: GET /api/v1/namespaces/entando-k8s-custom-model-cupr42 HTTP/1.1 and responded: HTTP/1.1 404 Client Error
May 22, 2021 12:29:21 PM okhttp3.mockwebserver.MockWebServer$3 processOneRequest
INFO: MockWebServer[47977] received request: POST /api/v1/namespaces HTTP/1.1 and responded: HTTP/1.1 200 OK
May 22, 2021 12:29:21 PM okhttp3.mockwebserver.MockWebServer$3 processOneRequest
INFO: MockWebServer[47977] received request: POST /apis/entando.org/v1/namespaces/entando-k8s-custom-model-cupr42/entandokeycloakservers HTTP/1.1 and responded: HTTP/1.1 200 OK
May 22, 2021 12:29:21 PM okhttp3.mockwebserver.MockWebServer$3 processOneRequest
INFO: MockWebServer[47977] received request: GET /apis/entando.org/v1/namespaces/entando-k8s-custom-model-cupr42/entandokeycloakservers/my-keycloak HTTP/1.1 and responded: HTTP/1.1 200 OK
May 22, 2021 12:29:21 PM okhttp3.mockwebserver.MockWebServer$3 processOneRequest
INFO: MockWebServer[47977] received request: PATCH /apis/entando.org/v1/namespaces/entando-k8s-custom-model-cupr42/entandokeycloakservers/my-keycloak HTTP/1.1 and responded: HTTP/1.1 202 OK
May 22, 2021 12:29:21 PM okhttp3.mockwebserver.MockWebServer$3 processOneRequest
INFO: MockWebServer[47977] received request: PUT /apis/entando.org/v1/namespaces/entando-k8s-custom-model-cupr42/entandokeycloakservers/my-keycloak/status HTTP/1.1 and responded: HTTP/1.1 200 OK
May 22, 2021 12:29:21 PM okhttp3.mockwebserver.MockWebServer$2 acceptConnections
INFO: MockWebServer[47977] done accepting connections: Socket closed
May 22, 2021 12:29:21 PM okhttp3.mockwebserver.MockWebServer$2 e**cute
INFO: MockWebServer[53143] starting to accept connections
May 22, 2021 12:29:21 PM okhttp3.mockwebserver.MockWebServer$3 processOneRequest
INFO: MockWebServer[53143] received request: GET /api/v1/namespaces/entando-k8s-custom-model-cupr42 HTTP/1.1 and responded: HTTP/1.1 404 Client Error
May 22, 2021 12:29:21 PM okhttp3.mockwebserver.MockWebServer$3 processOneRequest
INFO: MockWebServer[53143] received request: POST /api/v1/namespaces HTTP/1.1 and responded: HTTP/1.1 200 OK
May 22, 2021 12:29:22 PM okhttp3.mockwebserver.MockWebServer$2 acceptConnections
INFO: MockWebServer[53143] done accepting connections: Socket closed
[INFO] Tests run: 3, Failures: 0, Errors: 0, Skipped: 0, Time elapsed: 0.481 s - in org.entando.kubernetes.model.inprocesstest.EntandoKeycloakServerMockedTest
[INFO] Running org.entando.kubernetes.model.inprocesstest.EntandoDeBundleMockedTest
May 22, 2021 12:29:22 PM okhttp3.mockwebserver.MockWebServer$2 e**cute
INFO: MockWebServer[41237] starting to accept connections
May 22, 2021 12:29:22 PM okhttp3.mockwebserver.MockWebServer$3 processOneRequest
INFO: MockWebServer[41237] received request: GET /api/v1/namespaces/entando-k8s-custom-model-cupr42 HTTP/1.1 and responded: HTTP/1.1 404 Client Error
May 22, 2021 12:29:22 PM okhttp3.mockwebserver.MockWebServer$3 processOneRequest
INFO: MockWebServer[41237] received request: POST /api/v1/namespaces HTTP/1.1 and responded: HTTP/1.1 200 OK
May 22, 2021 12:29:22 PM okhttp3.mockwebserver.MockWebServer$3 processOneRequest
INFO: MockWebServer[41237] received request: POST /apis/entando.org/v1/namespaces/entando-k8s-custom-model-cupr42/entandodebundles HTTP/1.1 and responded: HTTP/1.1 200 OK
May 22, 2021 12:29:22 PM okhttp3.mockwebserver.MockWebServer$3 processOneRequest
INFO: MockWebServer[41237] received request: GET /apis/entando.org/v1/namespaces/entando-k8s-custom-model-cupr42/entandodebundles/my-bundle HTTP/1.1 and responded: HTTP/1.1 200 OK
May 22, 2021 12:29:22 PM okhttp3.mockwebserver.MockWebServer$3 processOneRequest
INFO: MockWebServer[41237] received request: PATCH /apis/entando.org/v1/namespaces/entando-k8s-custom-model-cupr42/entandodebundles/my-bundle HTTP/1.1 and responded: HTTP/1.1 202 OK
May 22, 2021 12:29:22 PM okhttp3.mockwebserver.MockWebServer$2 acceptConnections
INFO: MockWebServer[41237] done accepting connections: Socket closed
May 22, 2021 12:29:22 PM okhttp3.mockwebserver.MockWebServer$2 e**cute
INFO: MockWebServer[54075] starting to accept connections
May 22, 2021 12:29:22 PM okhttp3.mockwebserver.MockWebServer$3 processOneRequest
INFO: MockWebServer[54075] received request: GET /api/v1/namespaces/entando-k8s-custom-model-cupr42 HTTP/1.1 and responded: HTTP/1.1 404 Client Error
May 22, 2021 12:29:22 PM okhttp3.mockwebserver.MockWebServer$3 processOneRequest
INFO: MockWebServer[54075] received request: POST /api/v1/namespaces HTTP/1.1 and responded: HTTP/1.1 200 OK
May 22, 2021 12:29:22 PM okhttp3.mockwebserver.MockWebServer$3 processOneRequest
INFO: MockWebServer[54075] received request: POST /apis/entando.org/v1/namespaces/entando-k8s-custom-model-cupr42/entandodebundles HTTP/1.1 and responded: HTTP/1.1 200 OK
May 22, 2021 12:29:22 PM okhttp3.mockwebserver.MockWebServer$3 processOneRequest
INFO: MockWebServer[54075] received request: GET /apis/entando.org/v1/namespaces/entando-k8s-custom-model-cupr42/entandodebundles/my-bundle HTTP/1.1 and responded: HTTP/1.1 200 OK
May 22, 2021 12:29:22 PM okhttp3.mockwebserver.MockWebServer$2 acceptConnections
INFO: MockWebServer[54075] done accepting connections: Socket closed
May 22, 2021 12:29:22 PM okhttp3.mockwebserver.MockWebServer$2 e**cute
INFO: MockWebServer[38928] starting to accept connections
May 22, 2021 12:29:22 PM okhttp3.mockwebserver.MockWebServer$3 processOneRequest
INFO: MockWebServer[38928] received request: GET /api/v1/namespaces/entando-k8s-custom-model-cupr42 HTTP/1.1 and responded: HTTP/1.1 404 Client Error
May 22, 2021 12:29:22 PM okhttp3.mockwebserver.MockWebServer$3 processOneRequest
INFO: MockWebServer[38928] received request: POST /api/v1/namespaces HTTP/1.1 and responded: HTTP/1.1 200 OK
May 22, 2021 12:29:22 PM okhttp3.mockwebserver.MockWebServer$2 acceptConnections
INFO: MockWebServer[38928] done accepting connections: Socket closed
[INFO] Tests run: 3, Failures: 0, Errors: 0, Skipped: 0, Time elapsed: 0.547 s - in org.entando.kubernetes.model.inprocesstest.EntandoDeBundleMockedTest
[INFO] Running org.entando.kubernetes.model.inprocesstest.EntandoAppPluginLinkMockedTest
May 22, 2021 12:29:22 PM okhttp3.mockwebserver.MockWebServer$2 e**cute
INFO: MockWebServer[42831] starting to accept connections
May 22, 2021 12:29:22 PM okhttp3.mockwebserver.MockWebServer$3 processOneRequest
INFO: MockWebServer[42831] received request: GET /api/v1/namespaces/entando-k8s-custom-model-cupr42 HTTP/1.1 and responded: HTTP/1.1 404 Client Error
May 22, 2021 12:29:22 PM okhttp3.mockwebserver.MockWebServer$3 processOneRequest
INFO: MockWebServer[42831] received request: POST /api/v1/namespaces HTTP/1.1 and responded: HTTP/1.1 200 OK
May 22, 2021 12:29:22 PM okhttp3.mockwebserver.MockWebServer$3 processOneRequest
INFO: MockWebServer[42831] received request: POST /apis/entando.org/v1/namespaces/entando-k8s-custom-model-cupr42/entandoapppluginlinks HTTP/1.1 and responded: HTTP/1.1 200 OK
May 22, 2021 12:29:22 PM okhttp3.mockwebserver.MockWebServer$3 processOneRequest
INFO: MockWebServer[42831] received request: GET /apis/entando.org/v1/namespaces/entando-k8s-custom-model-cupr42/entandoapppluginlinks/my-app-plugin-link HTTP/1.1 and responded: HTTP/1.1 200 OK
May 22, 2021 12:29:22 PM okhttp3.mockwebserver.MockWebServer$3 processOneRequest
INFO: MockWebServer[42831] received request: GET /apis/entando.org/v1/namespaces/entando-k8s-custom-model-cupr42/entandoapppluginlinks/my-app-plugin-link HTTP/1.1 and responded: HTTP/1.1 200 OK
May 22, 2021 12:29:22 PM okhttp3.mockwebserver.MockWebServer$3 processOneRequest
INFO: MockWebServer[42831] received request: PATCH /apis/entando.org/v1/namespaces/entando-k8s-custom-model-cupr42/entandoapppluginlinks/my-app-plugin-link HTTP/1.1 and responded: HTTP/1.1 202 OK
May 22, 2021 12:29:22 PM okhttp3.mockwebserver.MockWebServer$2 acceptConnections
INFO: MockWebServer[42831] done accepting connections: Socket closed
May 22, 2021 12:29:22 PM okhttp3.mockwebserver.MockWebServer$2 e**cute
INFO: MockWebServer[57455] starting to accept connections
May 22, 2021 12:29:22 PM okhttp3.mockwebserver.MockWebServer$3 processOneRequest
INFO: MockWebServer[57455] received request: GET /api/v1/namespaces/entando-k8s-custom-model-cupr42 HTTP/1.1 and responded: HTTP/1.1 404 Client Error
May 22, 2021 12:29:22 PM okhttp3.mockwebserver.MockWebServer$3 processOneRequest
INFO: MockWebServer[57455] received request: POST /api/v1/namespaces HTTP/1.1 and responded: HTTP/1.1 200 OK
May 22, 2021 12:29:22 PM okhttp3.mockwebserver.MockWebServer$3 processOneRequest
INFO: MockWebServer[57455] received request: POST /apis/entando.org/v1/namespaces/entando-k8s-custom-model-cupr42/entandoapppluginlinks HTTP/1.1 and responded: HTTP/1.1 200 OK
May 22, 2021 12:29:22 PM okhttp3.mockwebserver.MockWebServer$3 processOneRequest
INFO: MockWebServer[57455] received request: GET /apis/entando.org/v1/namespaces/entando-k8s-custom-model-cupr42/entandoapppluginlinks/my-app-plugin-link HTTP/1.1 and responded: HTTP/1.1 200 OK
May 22, 2021 12:29:23 PM okhttp3.mockwebserver.MockWebServer$2 acceptConnections
INFO: MockWebServer[57455] done accepting connections: Socket closed
May 22, 2021 12:29:23 PM okhttp3.mockwebserver.MockWebServer$2 e**cute
INFO: MockWebServer[60526] starting to accept connections
May 22, 2021 12:29:23 PM okhttp3.mockwebserver.MockWebServer$3 processOneRequest
INFO: MockWebServer[60526] received request: GET /api/v1/namespaces/entando-k8s-custom-model-cupr42 HTTP/1.1 and responded: HTTP/1.1 404 Client Error
May 22, 2021 12:29:23 PM okhttp3.mockwebserver.MockWebServer$3 processOneRequest
INFO: MockWebServer[60526] received request: POST /api/v1/namespaces HTTP/1.1 and responded: HTTP/1.1 200 OK
May 22, 2021 12:29:23 PM okhttp3.mockwebserver.MockWebServer$2 acceptConnections
INFO: MockWebServer[60526] done accepting connections: Socket closed
[INFO] Tests run: 3, Failures: 0, Errors: 0, Skipped: 0, Time elapsed: 0.491 s - in org.entando.kubernetes.model.inprocesstest.EntandoAppPluginLinkMockedTest
[INFO] Running org.entando.kubernetes.model.inprocesstest.EntandoCompositeAppMockedTest
May 22, 2021 12:29:23 PM okhttp3.mockwebserver.MockWebServer$2 e**cute
INFO: MockWebServer[42006] starting to accept connections
May 22, 2021 12:29:23 PM okhttp3.mockwebserver.MockWebServer$3 processOneRequest
INFO: MockWebServer[42006] received request: GET /api/v1/namespaces/entando-k8s-custom-model-cupr42 HTTP/1.1 and responded: HTTP/1.1 404 Client Error
May 22, 2021 12:29:23 PM okhttp3.mockwebserver.MockWebServer$3 processOneRequest
INFO: MockWebServer[42006] received request: POST /api/v1/namespaces HTTP/1.1 and responded: HTTP/1.1 200 OK
May 22, 2021 12:29:23 PM okhttp3.mockwebserver.MockWebServer$3 processOneRequest
INFO: MockWebServer[42006] received request: POST /apis/entando.org/v1/namespaces/entando-k8s-custom-model-cupr42/entandocompositeapps HTTP/1.1 and responded: HTTP/1.1 200 OK
May 22, 2021 12:29:23 PM okhttp3.mockwebserver.MockWebServer$3 processOneRequest
INFO: MockWebServer[42006] received request: GET /apis/entando.org/v1/namespaces/entando-k8s-custom-model-cupr42/entandocompositeapps/my-comnposite-app HTTP/1.1 and responded: HTTP/1.1 200 OK
May 22, 2021 12:29:23 PM okhttp3.mockwebserver.MockWebServer$2 acceptConnections
INFO: MockWebServer[42006] done accepting connections: Socket closed
May 22, 2021 12:29:23 PM okhttp3.mockwebserver.MockWebServer$2 e**cute
INFO: MockWebServer[56061] starting to accept connections
May 22, 2021 12:29:23 PM okhttp3.mockwebserver.MockWebServer$3 processOneRequest
INFO: MockWebServer[56061] received request: GET /api/v1/namespaces/entando-k8s-custom-model-cupr42 HTTP/1.1 and responded: HTTP/1.1 404 Client Error
May 22, 2021 12:29:23 PM okhttp3.mockwebserver.MockWebServer$3 processOneRequest
INFO: MockWebServer[56061] received request: POST /api/v1/namespaces HTTP/1.1 and responded: HTTP/1.1 200 OK
May 22, 2021 12:29:23 PM okhttp3.mockwebserver.MockWebServer$3 processOneRequest
INFO: MockWebServer[56061] received request: POST /apis/entando.org/v1/namespaces/entando-k8s-custom-model-cupr42/entandocompositeapps HTTP/1.1 and responded: HTTP/1.1 200 OK
May 22, 2021 12:29:23 PM okhttp3.mockwebserver.MockWebServer$3 processOneRequest
INFO: MockWebServer[56061] received request: GET /apis/entando.org/v1/namespaces/entando-k8s-custom-model-cupr42/entandocompositeapps/my-comnposite-app HTTP/1.1 and responded: HTTP/1.1 200 OK
May 22, 2021 12:29:23 PM okhttp3.mockwebserver.MockWebServer$3 processOneRequest
INFO: MockWebServer[56061] received request: PATCH /apis/entando.org/v1/namespaces/entando-k8s-custom-model-cupr42/entandocompositeapps/my-comnposite-app HTTP/1.1 and responded: HTTP/1.1 202 OK
May 22, 2021 12:29:23 PM okhttp3.mockwebserver.MockWebServer$3 processOneRequest
INFO: MockWebServer[56061] received request: PUT /apis/entando.org/v1/namespaces/entando-k8s-custom-model-cupr42/entandocompositeapps/my-comnposite-app/status HTTP/1.1 and responded: HTTP/1.1 200 OK
May 22, 2021 12:29:23 PM okhttp3.mockwebserver.MockWebServer$2 acceptConnections
INFO: MockWebServer[56061] done accepting connections: Socket closed
[INFO] Tests run: 2, Failures: 0, Errors: 0, Skipped: 0, Time elapsed: 0.537 s - in org.entando.kubernetes.model.inprocesstest.EntandoCompositeAppMockedTest
[INFO] Running org.entando.kubernetes.model.inprocesstest.EntandoAppMockedTest
May 22, 2021 12:29:23 PM okhttp3.mockwebserver.MockWebServer$2 e**cute
INFO: MockWebServer[48842] starting to accept connections
May 22, 2021 12:29:23 PM okhttp3.mockwebserver.MockWebServer$3 processOneRequest
INFO: MockWebServer[48842] received request: GET /api/v1/namespaces/entando-k8s-custom-model-cupr42 HTTP/1.1 and responded: HTTP/1.1 404 Client Error
May 22, 2021 12:29:23 PM okhttp3.mockwebserver.MockWebServer$3 processOneRequest
INFO: MockWebServer[48842] received request: POST /api/v1/namespaces HTTP/1.1 and responded: HTTP/1.1 200 OK
May 22, 2021 12:29:23 PM okhttp3.mockwebserver.MockWebServer$3 processOneRequest
INFO: MockWebServer[48842] received request: POST /apis/entando.org/v1/namespaces/entando-k8s-custom-model-cupr42/entandoapps HTTP/1.1 and responded: HTTP/1.1 200 OK
May 22, 2021 12:29:23 PM okhttp3.mockwebserver.MockWebServer$3 processOneRequest
INFO: MockWebServer[48842] received request: GET /apis/entando.org/v1/namespaces/entando-k8s-custom-model-cupr42/entandoapps/my-app HTTP/1.1 and responded: HTTP/1.1 200 OK
May 22, 2021 12:29:23 PM okhttp3.mockwebserver.MockWebServer$3 processOneRequest
INFO: MockWebServer[48842] received request: PATCH /apis/entando.org/v1/namespaces/entando-k8s-custom-model-cupr42/entandoapps/my-app HTTP/1.1 and responded: HTTP/1.1 202 OK
May 22, 2021 12:29:23 PM okhttp3.mockwebserver.MockWebServer$2 acceptConnections
INFO: MockWebServer[48842] done accepting connections: Socket closed
May 22, 2021 12:29:23 PM okhttp3.mockwebserver.MockWebServer$2 e**cute
INFO: MockWebServer[56686] starting to accept connections
May 22, 2021 12:29:23 PM okhttp3.mockwebserver.MockWebServer$3 processOneRequest
INFO: MockWebServer[56686] received request: GET /api/v1/namespaces/entando-k8s-custom-model-cupr42 HTTP/1.1 and responded: HTTP/1.1 404 Client Error
May 22, 2021 12:29:23 PM okhttp3.mockwebserver.MockWebServer$3 processOneRequest
INFO: MockWebServer[56686] received request: POST /api/v1/namespaces HTTP/1.1 and responded: HTTP/1.1 200 OK
May 22, 2021 12:29:23 PM okhttp3.mockwebserver.MockWebServer$3 processOneRequest
INFO: MockWebServer[56686] received request: POST /apis/entando.org/v1/namespaces/entando-k8s-custom-model-cupr42/entandoapps HTTP/1.1 and responded: HTTP/1.1 200 OK
May 22, 2021 12:29:23 PM okhttp3.mockwebserver.MockWebServer$3 processOneRequest
INFO: MockWebServer[56686] received request: GET /apis/entando.org/v1/namespaces/entando-k8s-custom-model-cupr42/entandoapps/my-app HTTP/1.1 and responded: HTTP/1.1 200 OK
May 22, 2021 12:29:24 PM okhttp3.mockwebserver.MockWebServer$2 acceptConnections
INFO: MockWebServer[56686] done accepting connections: Socket closed
May 22, 2021 12:29:24 PM okhttp3.mockwebserver.MockWebServer$2 e**cute
INFO: MockWebServer[34235] starting to accept connections
May 22, 2021 12:29:24 PM okhttp3.mockwebserver.MockWebServer$3 processOneRequest
INFO: MockWebServer[34235] received request: GET /api/v1/namespaces/entando-k8s-custom-model-cupr42 HTTP/1.1 and responded: HTTP/1.1 404 Client Error
May 22, 2021 12:29:24 PM okhttp3.mockwebserver.MockWebServer$3 processOneRequest
INFO: MockWebServer[34235] received request: POST /api/v1/namespaces HTTP/1.1 and responded: HTTP/1.1 200 OK
May 22, 2021 12:29:24 PM okhttp3.mockwebserver.MockWebServer$2 acceptConnections
INFO: MockWebServer[34235] done accepting connections: Socket closed
[INFO] Tests run: 3, Failures: 0, Errors: 0, Skipped: 0, Time elapsed: 0.455 s - in org.entando.kubernetes.model.inprocesstest.EntandoAppMockedTest
[INFO] Running org.entando.kubernetes.model.inprocesstest.EntandoDatabaseServiceMockedTest
May 22, 2021 12:29:24 PM okhttp3.mockwebserver.MockWebServer$2 e**cute
INFO: MockWebServer[39343] starting to accept connections
May 22, 2021 12:29:24 PM okhttp3.mockwebserver.MockWebServer$3 processOneRequest
INFO: MockWebServer[39343] received request: GET /api/v1/namespaces/entando-k8s-custom-model-cupr42 HTTP/1.1 and responded: HTTP/1.1 404 Client Error
May 22, 2021 12:29:24 PM okhttp3.mockwebserver.MockWebServer$3 processOneRequest
INFO: MockWebServer[39343] received request: POST /api/v1/namespaces HTTP/1.1 and responded: HTTP/1.1 200 OK
May 22, 2021 12:29:24 PM okhttp3.mockwebserver.MockWebServer$3 processOneRequest
INFO: MockWebServer[39343] received request: POST /apis/entando.org/v1/namespaces/entando-k8s-custom-model-cupr42/entandodatabaseservices HTTP/1.1 and responded: HTTP/1.1 200 OK
May 22, 2021 12:29:24 PM okhttp3.mockwebserver.MockWebServer$3 processOneRequest
INFO: MockWebServer[39343] received request: GET /apis/entando.org/v1/namespaces/entando-k8s-custom-model-cupr42/entandodatabaseservices/my-external-database HTTP/1.1 and responded: HTTP/1.1 200 OK
May 22, 2021 12:29:24 PM okhttp3.mockwebserver.MockWebServer$2 acceptConnections
INFO: MockWebServer[39343] done accepting connections: Socket closed
May 22, 2021 12:29:24 PM okhttp3.mockwebserver.MockWebServer$2 e**cute
INFO: MockWebServer[58928] starting to accept connections
May 22, 2021 12:29:24 PM okhttp3.mockwebserver.MockWebServer$3 processOneRequest
INFO: MockWebServer[58928] received request: GET /api/v1/namespaces/entando-k8s-custom-model-cupr42 HTTP/1.1 and responded: HTTP/1.1 404 Client Error
May 22, 2021 12:29:24 PM okhttp3.mockwebserver.MockWebServer$3 processOneRequest
INFO: MockWebServer[58928] received request: POST /api/v1/namespaces HTTP/1.1 and responded: HTTP/1.1 200 OK
May 22, 2021 12:29:24 PM okhttp3.mockwebserver.MockWebServer$3 processOneRequest
INFO: MockWebServer[58928] received request: POST /apis/entando.org/v1/namespaces/entando-k8s-custom-model-cupr42/entandodatabaseservices HTTP/1.1 and responded: HTTP/1.1 200 OK
May 22, 2021 12:29:24 PM okhttp3.mockwebserver.MockWebServer$3 processOneRequest
INFO: MockWebServer[58928] received request: GET /apis/entando.org/v1/namespaces/entando-k8s-custom-model-cupr42/entandodatabaseservices/my-external-database HTTP/1.1 and responded: HTTP/1.1 200 OK
May 22, 2021 12:29:24 PM okhttp3.mockwebserver.MockWebServer$3 processOneRequest
INFO: MockWebServer[58928] received request: PATCH /apis/entando.org/v1/namespaces/entando-k8s-custom-model-cupr42/entandodatabaseservices/my-external-database HTTP/1.1 and responded: HTTP/1.1 202 OK
May 22, 2021 12:29:24 PM okhttp3.mockwebserver.MockWebServer$2 acceptConnections
INFO: MockWebServer[58928] done accepting connections: Socket closed
May 22, 2021 12:29:24 PM okhttp3.mockwebserver.MockWebServer$2 e**cute
INFO: MockWebServer[43019] starting to accept connections
May 22, 2021 12:29:24 PM okhttp3.mockwebserver.MockWebServer$3 processOneRequest
INFO: MockWebServer[43019] received request: GET /api/v1/namespaces/entando-k8s-custom-model-cupr42 HTTP/1.1 and responded: HTTP/1.1 404 Client Error
May 22, 2021 12:29:24 PM okhttp3.mockwebserver.MockWebServer$3 processOneRequest
INFO: MockWebServer[43019] received request: POST /api/v1/namespaces HTTP/1.1 and responded: HTTP/1.1 200 OK
May 22, 2021 12:29:24 PM okhttp3.mockwebserver.MockWebServer$2 acceptConnections
INFO: MockWebServer[43019] done accepting connections: Socket closed
[INFO] Tests run: 3, Failures: 0, Errors: 0, Skipped: 0, Time elapsed: 0.42 s - in org.entando.kubernetes.model.inprocesstest.EntandoDatabaseServiceMockedTest
[INFO] Running org.entando.kubernetes.model.interprocesstest.EntandoKeycloakServerIntegratedTest
[INFO] Tests run: 2, Failures: 0, Errors: 0, Skipped: 0, Time elapsed: 0.828 s - in org.entando.kubernetes.model.interprocesstest.EntandoKeycloakServerIntegratedTest
[INFO] Running org.entando.kubernetes.model.interprocesstest.EntandoAppPluginLinkIntegratedTest
[INFO] Tests run: 2, Failures: 0, Errors: 0, Skipped: 0, Time elapsed: 0.693 s - in org.entando.kubernetes.model.interprocesstest.EntandoAppPluginLinkIntegratedTest
[INFO] Running org.entando.kubernetes.model.interprocesstest.EntandoDatabaseServiceIntegratedTest
[INFO] Tests run: 2, Failures: 0, Errors: 0, Skipped: 0, Time elapsed: 0.728 s - in org.entando.kubernetes.model.interprocesstest.EntandoDatabaseServiceIntegratedTest
[INFO] Running org.entando.kubernetes.model.interprocesstest.ProvidedCapabilityIntegratedTest
[INFO] Tests run: 2, Failures: 0, Errors: 0, Skipped: 0, Time elapsed: 0.662 s - in org.entando.kubernetes.model.interprocesstest.ProvidedCapabilityIntegratedTest
[INFO] Running org.entando.kubernetes.model.interprocesstest.EntandoPluginIntegratedTest
[INFO] Tests run: 2, Failures: 0, Errors: 0, Skipped: 0, Time elapsed: 0.707 s - in org.entando.kubernetes.model.interprocesstest.EntandoPluginIntegratedTest
[INFO] Running org.entando.kubernetes.model.interprocesstest.EntandoAppIntegratedTest
[INFO] Tests run: 2, Failures: 0, Errors: 0, Skipped: 0, Time elapsed: 0.61 s - in org.entando.kubernetes.model.interprocesstest.EntandoAppIntegratedTest
[INFO] Running org.entando.kubernetes.model.interprocesstest.EntandoDeBundleIntegratedTest
[INFO] Tests run: 2, Failures: 0, Errors: 0, Skipped: 0, Time elapsed: 0.821 s - in org.entando.kubernetes.model.interprocesstest.EntandoDeBundleIntegratedTest
[INFO] Running org.entando.kubernetes.model.interprocesstest.EntandoCompositeAppIntegratedTest
[INFO] Tests run: 2, Failures: 0, Errors: 0, Skipped: 0, Time elapsed: 0.666 s - in org.entando.kubernetes.model.interprocesstest.EntandoCompositeAppIntegratedTest
[INFO] 
[INFO] Results:
[INFO] 
[INFO] Tests run: 39, Failures: 0, Errors: 0, Skipped: 0
[INFO] 
[INFO] 
[INFO] --- maven-jar-plugin:3.2.0:jar (default-jar) @ entando-k8s-custom-model ---
[INFO] Building jar: /workspace/source/target/entando-k8s-custom-model-0.0.0-SNAPSHOT-PR-42-5.jar
[INFO] 
[INFO] --- maven-jar-plugin:3.2.0:test-jar (build-test-jar) @ entando-k8s-custom-model ---
[INFO] Building jar: /workspace/source/target/entando-k8s-custom-model-0.0.0-SNAPSHOT-PR-42-5-tests.jar
[INFO] 
[INFO] --- maven-javadoc-plugin:3.2.0:jar (attach-javadocs) @ entando-k8s-custom-model ---
[INFO] No previous run data found, generating javadoc.
[INFO] Building jar: /workspace/source/target/entando-k8s-custom-model-0.0.0-SNAPSHOT-PR-42-5-javadoc.jar
[INFO] 
[INFO] --- maven-surefire-report-plugin:3.0.0-M4:failsafe-report-only (integration-tests) @ entando-k8s-custom-model ---
[INFO] 
[INFO] --- dependency-check-maven:6.1.5:aggregate (default) @ entando-k8s-custom-model ---
[INFO] Checking for updates
[INFO] Download Started for NVD CVE - Modified
[INFO] Download Complete for NVD CVE - Modified  (713 ms)
[INFO] Processing Started for NVD CVE - Modified
WARNING: An illegal reflective access operation has occurred
WARNING: Illegal reflective access by com.fasterxml.jackson.module.afterburner.util.MyClassLoader (file:/home/jenkins/.mvnrepository/com/fasterxml/jackson/module/jackson-module-afterburner/2.12.2/jackson-module-afterburner-2.12.2.jar) to method java.lang.ClassLoader.findLoadedClass(java.lang.String)
WARNING: Please consider reporting this to the maintainers of com.fasterxml.jackson.module.afterburner.util.MyClassLoader
WARNING: Use --illegal-access=warn to enable warnings of further illegal reflective access operations
WARNING: All illegal access operations will be denied in a future release
[INFO] Processing Complete for NVD CVE - Modified  (4367 ms)
[INFO] Begin database maintenance
[INFO] Updated the CPE eco****** on 1 NVD records
[INFO] Cleaned up 71 orphaned NVD records
[INFO] End database maintenance (667 ms)
[INFO] Check for updates complete (6517 ms)
[INFO] 

Dependency-Check is an open source tool performing a best effort analysis of 3rd party dependencies; false positives and false negatives may exist in the analysis performed by the tool. Use of the tool and the reporting provided constitutes acceptance for use in an AS IS condition, and there are NO warranties, implied or otherwise, with regard to the analysis or its use. Any use of the tool and the reporting provided is at the userâ€™s risk. In no event shall the copyright holder or OWASP be held liable for any damages whatsoever arising out of or in connection with the use of this tool, the analysis performed, or the resulting report.


   About ODC: https://jeremylong.github.io/DependencyCheck/general/internals.html
   False Positives: https://jeremylong.github.io/DependencyCheck/general/suppression.html

ðŸ’– Sponsor: https://github.com/sponsors/jeremylong


[INFO] Analysis Started
[INFO] Finished Archive Analyzer (0 seconds)
[INFO] Finished File Name Analyzer (0 seconds)
[INFO] Finished Jar Analyzer (1 seconds)
[INFO] Finished Dependency Merging Analyzer (0 seconds)
[INFO] Finished Version Filter Analyzer (0 seconds)
[INFO] Finished Hint Analyzer (0 seconds)
[INFO] Created CPE Index (4 seconds)
[INFO] Finished CPE Analyzer (7 seconds)
[INFO] Finished False Positive Analyzer (0 seconds)
[INFO] Finished NVD CVE Analyzer (0 seconds)
[INFO] Finished Sonatype OSS Index Analyzer (1 seconds)
[INFO] Finished Vulnerability Suppression Analyzer (0 seconds)
[INFO] Finished Dependency Bundling Analyzer (0 seconds)
[INFO] Analysis Complete (12 seconds)
[INFO] Writing report to: /workspace/source/target/site/dependency-check-junit.xml
[INFO] Writing report to: /workspace/source/target/site/dependency-check-report.xml
[INFO] Writing report to: /workspace/source/target/site/dependency-check-report.html
[INFO] 
[INFO] --- jacoco-maven-plugin:0.8.6:report (report) @ entando-k8s-custom-model ---
[INFO] Loading e**cution data file /workspace/source/target/jacoco.e**c
[INFO] Analyzed bundle 'Entando Kubernetes Custom Model' with 117 classes
[INFO] 
[INFO] --- maven-surefire-report-plugin:3.0.0-M4:report-only (unit-tests) @ entando-k8s-custom-model ---
[WARNING] Unable to locate Test Source XRef to link to - DISABLED
[INFO] 
[INFO] --- maven-install-plugin:2.4:install (default-install) @ entando-k8s-custom-model ---
[INFO] Installing /workspace/source/target/entando-k8s-custom-model-0.0.0-SNAPSHOT-PR-42-5.jar to /home/jenkins/.mvnrepository/org/entando/entando-k8s-custom-model/0.0.0-SNAPSHOT-PR-42-5/entando-k8s-custom-model-0.0.0-SNAPSHOT-PR-42-5.jar
[INFO] Installing /workspace/source/pom.xml to /home/jenkins/.mvnrepository/org/entando/entando-k8s-custom-model/0.0.0-SNAPSHOT-PR-42-5/entando-k8s-custom-model-0.0.0-SNAPSHOT-PR-42-5.pom
[INFO] Installing /workspace/source/target/entando-k8s-custom-model-0.0.0-SNAPSHOT-PR-42-5-tests.jar to /home/jenkins/.mvnrepository/org/entando/entando-k8s-custom-model/0.0.0-SNAPSHOT-PR-42-5/entando-k8s-custom-model-0.0.0-SNAPSHOT-PR-42-5-tests.jar
[INFO] Installing /workspace/source/target/entando-k8s-custom-model-0.0.0-SNAPSHOT-PR-42-5-javadoc.jar to /home/jenkins/.mvnrepository/org/entando/entando-k8s-custom-model/0.0.0-SNAPSHOT-PR-42-5/entando-k8s-custom-model-0.0.0-SNAPSHOT-PR-42-5-javadoc.jar
[INFO] 
[INFO] --- maven-deploy-plugin:2.8.2:deploy (default-deploy) @ entando-k8s-custom-model ---
[INFO] Using alternate deployment repository local-nexus::default::http://nexus/repository/maven-releases/
[INFO] 
[INFO] ----------------< org.entando:entando-k8s-custom-model >----------------
[INFO] Building Entando Kubernetes Custom Model 0.0.0-SNAPSHOT-PR-42-5
[INFO] --------------------------------[ jar ]---------------------------------
[INFO] 
[INFO] --- sonar-maven-plugin:3.9.0.2155:sonar (default-cli) @ entando-k8s-custom-model ---
[INFO] User cache: /****/.sonar/cache
[INFO] SonarQube version: 8.8.0
[INFO] Default locale: "en_US", source code encoding: "UTF-8"
[INFO] Load global settings
[INFO] Load global settings (done) | time=200ms
[INFO] Server id: 1BD809FA-AWHW8ct9-T_TB3XqouNu
[INFO] User cache: /****/.sonar/cache
[INFO] Load/download plugins
[INFO] Load plugins index
[INFO] Load plugins index (done) | time=68ms
[INFO] Load/download plugins (done) | time=22503ms
[INFO] Loaded core extensions: developer-scanner
[INFO] JavaScript/TypeScript frontend is enabled
[INFO] Load project settings for component key: 'entando-k8s_entando-k8s-custom-model'
[INFO] Load project settings for component key: 'entando-k8s_entando-k8s-custom-model' (done) | time=35ms
[INFO] Process project properties
[INFO] E**cute project builders
[INFO] E**cute project builders (done) | time=2ms
[INFO] Project key: entando-k8s_entando-k8s-custom-model
[INFO] Base dir: /workspace/source
[INFO] Working dir: /workspace/source/target/sonar
[INFO] Load project branches
[INFO] Load project branches (done) | time=33ms
[INFO] Check ALM binding of project 'entando-k8s_entando-k8s-custom-model'
[INFO] Detected project binding: BOUND
[INFO] Check ALM binding of project 'entando-k8s_entando-k8s-custom-model' (done) | time=22ms
[INFO] Load project pull requests
[INFO] Load project pull requests (done) | time=27ms
[INFO] Load branch configuration
[INFO] Load branch configuration (done) | time=577ms
[INFO] Load quality profiles
[INFO] Load quality profiles (done) | time=69ms
[INFO] Load active rules
[INFO] Load active rules (done) | time=1119ms
[INFO] Organization key: entando-k8s
[INFO] Pull request 42 for merge into master from ENG-2284_removing_cluster_infrastructure
[INFO] SCM collecting changed files in the branch
[WARNING] Exception caught during e**cution of command '[/usr/local/git/bin/git, config, --******, --edit]' in '/usr/local/git/bin', return code '128', error message 'fatal: Invalid path '/usr/local/git/etc': No such file or directory
'
[INFO] SCM collecting changed files in the branch (done) | time=327ms
[INFO] Indexing files...
[INFO] Project configuration:
[INFO] 139 files inde**d
[INFO] 0 files ignored because of scm ignore settings
[INFO] Quality profile for java: Entando Sonar Way Java
[INFO] Quality profile for xml: Sonar way
[INFO] ------------- Run sensors on module Entando Kubernetes Custom Model
[INFO] JavaScript/TypeScript frontend is enabled
[INFO] Load metrics repository
[INFO] Load metrics repository (done) | time=27ms
[INFO] Sensor JavaSquidSensor [java]
[INFO] Configured Java source version (sonar.java.source): 8
[INFO] JavaClasspath initialization
[INFO] JavaClasspath initialization (done) | time=25ms
[INFO] JavaTestClasspath initialization
[INFO] JavaTestClasspath initialization (done) | time=1ms
[INFO] Java Main Files AST scan
[INFO] 109 source files to be analyzed
[INFO] 88/109 files analyzed, current file: src/main/java/org/entando/kubernetes/model/common/EntandoDeploymentSpecFluent.java
[INFO] 109/109 source files have been analyzed
[INFO] Java Main Files AST scan (done) | time=11104ms
[INFO] Java Test Files AST scan
[INFO] 29 source files to be analyzed
[INFO] 29/29 source files have been analyzed
[INFO] Java Test Files AST scan (done) | time=1780ms
[INFO] Java Generated Files AST scan
[INFO] 0 source files to be analyzed
[INFO] 0/0 source files have been analyzed
[INFO] Java Generated Files AST scan (done) | time=2ms
[INFO] Sensor JavaSquidSensor [java] (done) | time=13355ms
[INFO] Sensor CSS Rules [cssfamily]
[INFO] No CSS, PHP, HTML or VueJS files are found in the project. CSS analysis is skipped.
[INFO] Sensor CSS Rules [cssfamily] (done) | time=2ms
[INFO] Sensor C# Project Type Information [csharp]
[INFO] Sensor C# Project Type Information [csharp] (done) | time=1ms
[INFO] Sensor C# Properties [csharp]
[INFO] Sensor C# Properties [csharp] (done) | time=2ms
[INFO] Sensor Import of Checkstyle issues [java]
[INFO] Importing /workspace/source/target/checkstyle-result.xml
[INFO] Sensor Import of Checkstyle issues [java] (done) | time=76ms
[INFO] Sensor SurefireSensor [java]
[INFO] parsing [/workspace/source/target/surefire-reports]
[INFO] Sensor SurefireSensor [java] (done) | time=76ms
[INFO] Sensor JavaXmlSensor [java]
[INFO] 1 source file to be analyzed
[INFO] 1/1 source file has been analyzed
[INFO] Sensor JavaXmlSensor [java] (done) | time=212ms
[INFO] Sensor HTML [web]
[INFO] Sensor HTML [web] (done) | time=4ms
[INFO] Sensor XML Sensor [xml]
[INFO] 1 source file to be analyzed
[INFO] 1/1 source file has been analyzed
[INFO] Sensor XML Sensor [xml] (done) | time=154ms
[INFO] Sensor VB.NET Project Type Information [vbnet]
[INFO] Sensor VB.NET Project Type Information [vbnet] (done) | time=1ms
[INFO] Sensor VB.NET Properties [vbnet]
[INFO] Sensor VB.NET Properties [vbnet] (done) | time=1ms
[INFO] Sensor JaCoCo XML Report Importer [jacoco]
[INFO] Importing 1 report(s). Turn your logs in debug mode in order to see the exhaustive list.
[INFO] Sensor JaCoCo XML Report Importer [jacoco] (done) | time=71ms
[INFO] Sensor ThymeLeaf template sensor [securityjavafrontend]
[INFO] Sensor ThymeLeaf template sensor [securityjavafrontend] (done) | time=3ms
[INFO] Sensor JavaSecuritySensor [security]
[INFO] Reading type hierarchy from: /workspace/source/target/sonar/ucfg2/java
[INFO] Read 192 type definitions
[INFO] Reading UCFGs from: /workspace/source/target/sonar/ucfg2/java
[INFO] 12:30:53.071111 Building Runtime Type propagation graph
[INFO] 12:30:53.109931 Running Tarjan on 2269 nodes
[INFO] 12:30:53.120115 Tarjan found 2166 components
[INFO] 12:30:53.139004 Variable type analysis: done
[INFO] 12:30:53.146529 Building Runtime Type propagation graph
[INFO] 12:30:53.185715 Running Tarjan on 2269 nodes
[INFO] 12:30:53.188544 Tarjan found 2166 components
[INFO] 12:30:53.193287 Variable type analysis: done
[INFO] Analyzing 642 ucfgs to detect vulnerabilities.
[INFO] All rules entrypoints : 0 Retained UCFGs : 0
[INFO] rule: S5131, entrypoints: 0
[INFO] rule: S5131 done
[INFO] rule: S3649, entrypoints: 0
[INFO] rule: S3649 done
[INFO] rule: S2076, entrypoints: 0
[INFO] rule: S2076 done
[INFO] rule: S2091, entrypoints: 0
[INFO] rule: S2091 done
[INFO] rule: S2078, entrypoints: 0
[INFO] rule: S2078 done
[INFO] rule: S2631, entrypoints: 0
[INFO] rule: S2631 done
[INFO] rule: S5135, entrypoints: 0
[INFO] rule: S5135 done
[INFO] rule: S2083, entrypoints: 0
[INFO] rule: S2083 done
[INFO] rule: S5167, entrypoints: 0
[INFO] rule: S5167 done
[INFO] rule: S5144, entrypoints: 0
[INFO] rule: S5144 done
[INFO] rule: S5145, entrypoints: 0
[INFO] rule: S5145 done
[INFO] rule: S5146, entrypoints: 0
[INFO] rule: S5146 done
[INFO] rule: S5334, entrypoints: 0
[INFO] rule: S5334 done
[INFO] rule: S6096, entrypoints: 0
[INFO] rule: S6096 done
[INFO] Sensor JavaSecuritySensor [security] (done) | time=1302ms
[INFO] Sensor CSharpSecuritySensor [security]
[INFO] Reading type hierarchy from: /workspace/source/target/ucfg_cs2
[INFO] Read 0 type definitions
[INFO] Reading UCFGs from: /workspace/source/target/ucfg_cs2
[INFO] No UCFGs have been included for analysis.
[INFO] Sensor CSharpSecuritySensor [security] (done) | time=1ms
[INFO] Sensor PhpSecuritySensor [security]
[INFO] Reading type hierarchy from: /workspace/source/target/sonar/ucfg2/php
[INFO] Read 0 type definitions
[INFO] Reading UCFGs from: /workspace/source/target/sonar/ucfg2/php
[INFO] No UCFGs have been included for analysis.
[INFO] Sensor PhpSecuritySensor [security] (done) | time=1ms
[INFO] Sensor PythonSecuritySensor [security]
[INFO] Reading type hierarchy from: /workspace/source/target/sonar/ucfg2/python
[INFO] Read 0 type definitions
[INFO] Reading UCFGs from: /workspace/source/target/sonar/ucfg2/python
[INFO] No UCFGs have been included for analysis.
[INFO] Sensor PythonSecuritySensor [security] (done) | time=1ms
[INFO] Sensor JsSecuritySensor [security]
[INFO] Reading type hierarchy from: /workspace/source/target/sonar/ucfg2/js
[INFO] Read 0 type definitions
[INFO] Reading UCFGs from: /workspace/source/target/sonar/ucfg2/js
[INFO] No UCFGs have been included for analysis.
[INFO] Sensor JsSecuritySensor [security] (done) | time=1ms
[INFO] ------------- Run sensors on project
[INFO] Sensor Zero Coverage Sensor
[INFO] Sensor Zero Coverage Sensor (done) | time=1ms
[INFO] Sensor Java CPD Block Inde**r
[INFO] Sensor Java CPD Block Inde**r (done) | time=129ms
[INFO] SCM Publisher SCM provider for this project is: git
[INFO] SCM Publisher 97 source files to be analyzed
[INFO] SCM Publisher 96/97 source files have been analyzed (done) | time=1375ms
[WARNING] Missing blame information for the following files:
[WARNING]   * pom.xml
[WARNING] This may lead to missing/broken features in SonarCloud
[INFO] CPD E**cutor 29 files had no CPD blocks
[INFO] CPD E**cutor Calculating CPD for 80 files
[INFO] CPD E**cutor CPD calculation finished (done) | time=37ms
[INFO] SCM writing changed lines
[WARNING] File '/workspace/source/src/test/java/org/entando/kubernetes/model/inprocesstest/EntandoCompositeAppMockedTest.java' was detected as changed but without having changed lines
[INFO] SCM writing changed lines (done) | time=319ms
[INFO] Analysis report generated in 781ms, dir size=761 KB
[INFO] Analysis report compressed in 243ms, zip size=387 KB
[INFO] Analysis report uploaded in 210ms
[INFO] ANALYSIS SUCCESSFUL, you can find the results at: https://sonarcloud.io/dashboard?id=entando-k8s_entando-k8s-custom-model&pullRequest=42
[INFO] Note that you will be able to access the updated dashboard once the server has processed the submitted analysis report
[INFO] More about the report processing at https://sonarcloud.io/api/ce/task?id=AXmUDp8FeP-nodV5zqTD
[INFO] Analysis total time: 23.903 s
[INFO] ------------------------------------------------------------------------
[INFO] BUILD SUCCESS
[INFO] ------------------------------------------------------------------------
[INFO] Total time:  02:10 min
[INFO] Finished at: 2021-05-22T12:30:56Z
[INFO] ------------------------------------------------------------------------
Picked up _JAVA_OPTIONS: -XX:+UnlockExperimentalVMOptions -Dsun.zip.disableMemoryMapping=**** -XX:+UseParallelGC -XX:MinHeapFreeRatio=5 -XX:MaxHeapFreeRatio=10 -XX:GCTimeRatio=4 -XX:AdaptiveSizePolicyWeight=90 -Xms10m -Xmx8000m
[INFO] Scanning for projects...
[INFO] 
[INFO] ----------------< org.entando:entando-k8s-custom-model >----------------
[INFO] Building Entando Kubernetes Custom Model 0.0.0-SNAPSHOT-PR-42-5
[INFO] --------------------------------[ jar ]---------------------------------
[INFO] 
[INFO] --- maven-site-plugin:3.9.0:site (default-site) @ entando-k8s-custom-model ---
[INFO] configuring report plugin org.apache.maven.plugins:maven-project-info-reports-plugin:3.0.0
[INFO] 9 reports configured for maven-project-info-reports-plugin:3.0.0: dependency-info, distribution-management, index, ci-management, issue-management, licenses, plugins, scm, summary
[INFO] Rendering site with default locale English (en)
[WARNING] Unable to find a URL to the parent project. The parent menu will NOT be added.
[INFO] Relativizing decoration links with respect to localized project URL: https://central.entando.com
[INFO] Rendering content with org.apache.maven.skins:maven-default-skin:jar:1.3 skin.
[INFO] Generating "Dependency Information" report --- maven-project-info-reports-plugin:3.0.0:dependency-info
[INFO] Generating "About" report         --- maven-project-info-reports-plugin:3.0.0:index
[INFO] Generating "Issue Management" report --- maven-project-info-reports-plugin:3.0.0:issue-management
[INFO] Generating "Licenses" report      --- maven-project-info-reports-plugin:3.0.0:licenses
[INFO] Generating "Plugins" report       --- maven-project-info-reports-plugin:3.0.0:plugins
[INFO] Generating "Source Code Management" report --- maven-project-info-reports-plugin:3.0.0:scm
[INFO] Generating "Summary" report       --- maven-project-info-reports-plugin:3.0.0:summary
[INFO] 
[INFO] --- allure-maven:2.10.0:report (default) @ entando-k8s-custom-model ---
[INFO] Allure installation directory /workspace/source/.allure
[INFO] Try to finding out allure 2.13.9
[INFO] Downloading allure commandline...
[INFO] Proxy is not specified.
[INFO] Downloading allure commandline complete
[INFO] Generate Allure report (report) with version 2.13.9
[INFO] Generate Allure report to /workspace/source/target/site/allure-maven-plugin
[ERROR] Directory /workspace/source/target/allure-results not found.
[WARNING] Allure report was skipped because there is no results directories found.
[INFO] ------------------------------------------------------------------------
[INFO] BUILD SUCCESS
[INFO] ------------------------------------------------------------------------
[INFO] Total time:  31.587 s
[INFO] Finished at: 2021-05-22T12:31:30Z
[INFO] ------------------------------------------------------------------------
Congratulations! No build failures found for entando-k8s-custom-model-PR-42.
