
Showing logs for build [32mentando-entando-plugin-jpseo-pr-hm55h-2[0m stage [32mfrom-build-pack[0m and container [32mstep-credential-initializer-pdbkf[0m
{"level":"warn","ts":1614006144.2610612,"logger":"fallback-logger","caller":"logging/config.go:69","msg":"Fetch GitHub commit ID from kodata failed: \"ref: refs/heads/0.8.0-**-support-backwards-incompats\" is not a valid GitHub commit ID"}
{"level":"info","ts":1614006144.271025,"logger":"fallback-logger","caller":"creds-init/main.go:40","msg":"Credentials initialized."}

Showing logs for build [32mentando-entando-plugin-jpseo-pr-hm55h-2[0m stage [32mfrom-build-pack[0m and container [32mstep-working-dir-initializer-4jlch[0m
{"level":"warn","ts":1614006146.903883,"logger":"fallback-logger","caller":"logging/config.go:69","msg":"Fetch GitHub commit ID from kodata failed: open /var/run/ko/HEAD: no such file or directory"}
{"level":"info","ts":1614006146.9223769,"logger":"fallback-logger","caller":"bash/main.go:64","msg":"Successfully e**cuted command \"sh -c mkdir -p /workspace/source\"; output "}

Showing logs for build [32mentando-entando-plugin-jpseo-pr-hm55h-2[0m stage [32mfrom-build-pack[0m and container [32mstep-place-tools[0m

Showing logs for build [32mentando-entando-plugin-jpseo-pr-hm55h-2[0m stage [32mfrom-build-pack[0m and container [32mstep-git-source-entando-entando-plugin-jpseo-pr-mslqt[0m
{"level":"warn","ts":1614006182.3760054,"logger":"fallback-logger","caller":"logging/config.go:69","msg":"Fetch GitHub commit ID from kodata failed: \"ref: refs/heads/0.8.0-**-support-backwards-incompats\" is not a valid GitHub commit ID"}
{"level":"info","ts":1614006184.0667062,"logger":"fallback-logger","caller":"git/git.go:103","msg":"Successfully cloned https://github.com/entando/entando-plugin-jpseo.git @ master in path /workspace/source"}

Showing logs for build [32mentando-entando-plugin-jpseo-pr-hm55h-2[0m stage [32mfrom-build-pack[0m and container [32mstep-git-merge[0m
Using SHAs from PULL_REFS=master:710239d42693c0ee714205b664cf806d5f3486c3,33:05a45e824ddf9796eb356019ec3d36b2866be8ae
DEBUG: ran git fetch --unshallow origin 05a45e824ddf9796eb356019ec3d36b2866be8ae: 710239d42693c0ee714205b664cf806d5f3486c3: in 
DEBUG: ran git checkout master in 
DEBUG: ran git reset --hard 710239d42693c0ee714205b664cf806d5f3486c3 in 
DEBUG: ran clean --force -d . in 
DEBUG: ran git merge 05a45e824ddf9796eb356019ec3d36b2866be8ae in 
Merged SHA 05a45e824ddf9796eb356019ec3d36b2866be8ae with commit message 'ENG-1878 Fixing sonar cloud bug on the pattern' into base branch master
Merged SHA 1440f0359265c623fb63a5857d5d090091c739b3 with commit message 'ENG-1878 Changing request validator to find friendly code on portal-ui' into base branch master

Showing logs for build [32mentando-entando-plugin-jpseo-pr-hm55h-2[0m stage [32mfrom-build-pack[0m and container [32mstep-build-set-version[0m
Picked up _JAVA_OPTIONS: -XX:+UnlockExperimentalVMOptions -Dsun.zip.disableMemoryMapping=**** -XX:+UseParallelGC -XX:MinHeapFreeRatio=5 -XX:MaxHeapFreeRatio=10 -XX:GCTimeRatio=4 -XX:AdaptiveSizePolicyWeight=90 -Xms10m -Xmx8000m
[INFO] Scanning for projects...
[INFO] 
[INFO] ----------< org.entando.entando.plugins:entando-plugin-jpseo >----------
[INFO] Building Entando Plugin: SEO 6.3.0-SNAPSHOT
[INFO] --------------------------------[ war ]---------------------------------
[INFO] 
[INFO] --- versions-maven-plugin:2.8.1:set (default-cli) @ entando-plugin-jpseo ---
[INFO] Local aggregation ****: /workspace/source
[INFO] Processing change of org.entando.entando.plugins:entando-plugin-jpseo:6.3.0-SNAPSHOT -> 0.0.0-SNAPSHOT-PR-33-2
[INFO] Processing org.entando.entando.plugins:entando-plugin-jpseo
[INFO]     Updating project org.entando.entando.plugins:entando-plugin-jpseo
[INFO]         from version 6.3.0-SNAPSHOT to 0.0.0-SNAPSHOT-PR-33-2
[INFO] 
[INFO] ------------------------------------------------------------------------
[INFO] BUILD SUCCESS
[INFO] ------------------------------------------------------------------------
[INFO] Total time:  12.268 s
[INFO] Finished at: 2021-02-22T15:03:21Z
[INFO] ------------------------------------------------------------------------

Showing logs for build [32mentando-entando-plugin-jpseo-pr-hm55h-2[0m stage [32mfrom-build-pack[0m and container [32mstep-build-fix-git-for-sonar[0m
M	pom.xml
Switched to a new branch 'PR-33'
Deleted branch master (was 05a45e8).
From https://github.com/entando/entando-plugin-jpseo
 * [new branch]      master            -> master
 * [new tag]         pia-crs4          -> pia-crs4
 * [new tag]         v6.2.0-sprint1-rc -> v6.2.0-sprint1-rc
 * [new tag]         v6.2.0-sprint2-rc -> v6.2.0-sprint2-rc
 * [new tag]         v6.2.0-sprint3-rc -> v6.2.0-sprint3-rc
 * [new tag]         v6.2.0-sprint4-rc -> v6.2.0-sprint4-rc
 * [new tag]         v6.2.0-sprint5-rc -> v6.2.0-sprint5-rc

Showing logs for build [32mentando-entando-plugin-jpseo-pr-hm55h-2[0m stage [32mfrom-build-pack[0m and container [32mstep-build-mvn-verify-pr[0m
Picked up _JAVA_OPTIONS: -XX:+UnlockExperimentalVMOptions -Dsun.zip.disableMemoryMapping=**** -XX:+UseParallelGC -XX:MinHeapFreeRatio=5 -XX:MaxHeapFreeRatio=10 -XX:GCTimeRatio=4 -XX:AdaptiveSizePolicyWeight=90 -Xms10m -Xmx8000m
[INFO] Scanning for projects...
[INFO] 
[INFO] ----------< org.entando.entando.plugins:entando-plugin-jpseo >----------
[INFO] Building Entando Plugin: SEO 0.0.0-SNAPSHOT-PR-33-2
[INFO] --------------------------------[ war ]---------------------------------
[WARNING] The POM for com.sun.xml.bind:jaxb-impl:jar:2.2.11 is invalid, transitive dependencies (if any) will not be available, enable debug logging for more details
[INFO] 
[INFO] --- maven-checkstyle-plugin:3.1.1:check (validate) @ entando-plugin-jpseo ---
[INFO] 
[INFO] --- maven-checkstyle-plugin:3.1.1:checkstyle (validate) @ entando-plugin-jpseo ---
[INFO] 
[INFO] --- jacoco-maven-plugin:0.8.5:prepare-agent (prepare-agent) @ entando-plugin-jpseo ---
[INFO] argLine set to -javaagent:/home/jenkins/.mvnrepository/org/jacoco/org.jacoco.agent/0.8.5/org.jacoco.agent-0.8.5-runtime.jar=destfile=/workspace/source/target/jacoco.e**c
[INFO] 
[INFO] --- maven-resources-plugin:2.5:resources (default-resources) @ entando-plugin-jpseo ---
[debug] e**cute contextualize
[INFO] Using 'UTF-8' encoding to copy filtered resources.
[INFO] Copying 12 resources
[INFO] Copying 1 resource
[INFO] Copying 5 resources
[INFO] Copying 12 resources
[INFO] Copying 2 resources to META-INF
[INFO] 
[INFO] --- maven-compiler-plugin:3.8.1:compile (default-compile) @ entando-plugin-jpseo ---
[INFO] Changes detected - recompiling the module!
[INFO] Compiling 50 source files to /workspace/source/target/classes
[WARNING] /workspace/source/src/main/java/org/entando/entando/plugins/jpseo/aps/******/services/page/SeoPageExtraConfigDOM.java:[90,73] unchecked conversion
  required: java.util.List<org.jdom.Element>
  found:    java.util.List
[WARNING] /workspace/source/src/main/java/org/entando/entando/plugins/jpseo/aps/******/services/page/SeoPageExtraConfigDOM.java:[98,65] unchecked conversion
  required: java.util.List<org.jdom.Element>
  found:    java.util.List
[WARNING] /workspace/source/src/main/java/org/entando/entando/plugins/jpseo/aps/******/services/page/SeoPageExtraConfigDOM.java:[120,66] unchecked conversion
  required: java.util.List<org.jdom.Element>
  found:    java.util.List
[WARNING] /workspace/source/src/main/java/org/entando/entando/plugins/jpseo/aps/******/services/page/SeoPageExtraConfigDOM.java:[184,70] unchecked conversion
  required: java.util.List<org.jdom.Element>
  found:    java.util.List
[WARNING] /workspace/source/src/main/java/org/entando/entando/plugins/jpseo/aps/******/services/page/SeoPageExtraConfigDOM.java:[201,70] unchecked conversion
  required: java.util.List<org.jdom.Element>
  found:    java.util.List
[WARNING] /workspace/source/src/main/java/org/entando/entando/plugins/jpseo/aps/******/services/page/SeoPageService.java:[279,62] unchecked conversion
  required: java.util.Map<java.lang.String,java.util.Map<java.lang.String,org.entando.entando.plugins.jpseo.aps.******.services.page.PageMetatag>>
  found:    java.util.HashMap
[WARNING] /workspace/source/src/main/java/org/entando/entando/plugins/jpseo/aps/******/services/mapping/cache/SeoMappingCacheWrapper.java:[121,61] unchecked cast
  required: java.util.List<java.lang.String>
  found:    java.util.List
[WARNING] /workspace/source/src/main/java/org/entando/entando/plugins/jpseo/aps/******/services/mapping/cache/SeoMappingCacheWrapper.java:[131,56] unchecked cast
  required: java.util.List<java.lang.String>
  found:    java.util.List
[WARNING] /workspace/source/src/main/java/org/entando/entando/plugins/jpseo/aps/******/services/mapping/cache/SeoMappingCacheWrapper.java:[169,46] unchecked conversion
  required: java.util.Map<java.lang.String,java.lang.String>
  found:    java.util.Map
[WARNING] /workspace/source/src/main/java/org/entando/entando/plugins/jpseo/aps/******/services/mapping/cache/SeoMappingCacheWrapper.java:[176,46] unchecked conversion
  required: java.util.Map<java.lang.String,java.lang.String>
  found:    java.util.Map
[WARNING] /workspace/source/src/main/java/org/entando/entando/plugins/jpseo/aps/tags/SiteMapTag.java:[90,44] unchecked call to FieldSearchFilter(java.lang.String,T,boolean) as a member of the raw type com.agiletec.aps.******.common.FieldSearchFilter
[WARNING] /workspace/source/src/main/java/org/entando/entando/plugins/jpseo/aps/******/services/url/URLManager.java:[73,38] unchecked method invocation: method createURL in class com.agiletec.aps.******.services.url.URLManager is applied to given types
  required: com.agiletec.aps.******.services.page.IPage,com.agiletec.aps.******.services.lang.Lang,java.util.Map<java.lang.String,java.lang.String>,boolean,javax.servlet.http.HttpServletRequest
  found: com.agiletec.aps.******.services.page.IPage,com.agiletec.aps.******.services.lang.Lang,java.util.Map,boolean,javax.servlet.http.HttpServletRequest
[WARNING] /workspace/source/src/main/java/org/entando/entando/plugins/jpseo/aps/******/services/url/URLManager.java:[73,72] unchecked conversion
  required: java.util.Map<java.lang.String,java.lang.String>
  found:    java.util.Map
[WARNING] /workspace/source/src/main/java/org/entando/entando/plugins/jpseo/aps/******/services/url/URLManager.java:[75,45] unchecked method invocation: method createFriendlyUrl in class org.entando.entando.plugins.jpseo.aps.******.services.url.URLManager is applied to given types
  required: java.lang.String,com.agiletec.aps.******.services.lang.Lang,java.util.Map<java.lang.String,java.lang.String>,boolean,javax.servlet.http.HttpServletRequest
  found: java.lang.String,com.agiletec.aps.******.services.lang.Lang,java.util.Map,boolean,javax.servlet.http.HttpServletRequest
[WARNING] /workspace/source/src/main/java/org/entando/entando/plugins/jpseo/aps/******/services/url/URLManager.java:[75,83] unchecked conversion
  required: java.util.Map<java.lang.String,java.lang.String>
  found:    java.util.Map
[WARNING] /workspace/source/src/main/java/org/entando/entando/plugins/jpseo/aps/******/services/metatag/MetatagDOM.java:[44,83] unchecked conversion
  required: java.util.List<org.jdom.Element>
  found:    java.util.List
[WARNING] /workspace/source/src/main/java/org/entando/entando/plugins/jpseo/aps/******/sitemap/SitemapAction.java:[109,44] unchecked call to FieldSearchFilter(java.lang.String,T,boolean) as a member of the raw type com.agiletec.aps.******.common.FieldSearchFilter
[INFO] /workspace/source/src/main/java/org/entando/entando/plugins/jpseo/aps/******/services/controller/control/RequestValidator.java: /workspace/source/src/main/java/org/entando/entando/plugins/jpseo/aps/******/services/controller/control/RequestValidator.java uses or overrides a deprecated API.
[INFO] /workspace/source/src/main/java/org/entando/entando/plugins/jpseo/aps/******/services/controller/control/RequestValidator.java: Recompile with -Xlint:deprecation for details.
[INFO] 
[INFO] --- maven-resources-plugin:2.5:copy-resources (copy-resources-test) @ entando-plugin-jpseo ---
[debug] e**cute contextualize
[INFO] Using 'UTF-8' encoding to copy filtered resources.
[INFO] Copying 5 resources
[INFO] 
[INFO] --- maven-resources-plugin:2.5:copy-resources (copy-resources-file-test-) @ entando-plugin-jpseo ---
[debug] e**cute contextualize
[INFO] Using 'UTF-8' encoding to copy filtered resources.
[INFO] Copying 5 resources
[INFO] 
[INFO] --- maven-resources-plugin:2.5:testResources (default-testResources) @ entando-plugin-jpseo ---
[debug] e**cute contextualize
[INFO] Using 'UTF-8' encoding to copy filtered resources.
[INFO] Copying 3 resources
[INFO] 
[INFO] --- maven-compiler-plugin:3.8.1:testCompile (default-testCompile) @ entando-plugin-jpseo ---
[INFO] Changes detected - recompiling the module!
[INFO] Compiling 12 source files to /workspace/source/target/test-classes
[WARNING] /workspace/source/src/test/java/org/entando/entando/plugins/jpseo/aps*****/portal/PageActionIntegrationTest.java:[90,125] unchecked cast
  required: java.util.Map<java.lang.String,java.util.Map<java.lang.String,org.entando.entando.plugins.jpseo.aps.******.services.page.PageMetatag>>
  found:    java.lang.Object
[WARNING] /workspace/source/src/test/java/org/entando/entando/plugins/jpseo/aps*****/portal/PageActionIntegrationTest.java:[511,67] unchecked conversion
  required: java.util.Map<java.lang.String,java.util.Map<java.lang.String,org.entando.entando.plugins.jpseo.aps.******.services.page.PageMetatag>>
  found:    java.util.Map
[WARNING] /workspace/source/src/test/java/org/entando/entando/plugins/jpseo/aps*****/portal/PageActionIntegrationTest.java:[523,29] unchecked conversion
  required: java.util.Map<java.lang.String,java.util.Map<java.lang.String,org.entando.entando.plugins.jpseo.aps.******.services.page.PageMetatag>>
  found:    java.util.Map
[WARNING] /workspace/source/src/test/java/org/entando/entando/plugins/jpseo/aps*****/portal/PageSettingsActionAspectTest.java:[100,49] unchecked method invocation: method convertValue in class com.opensymphony.xwork2.conversion.impl.XWorkConverter is applied to given types
  required: java.util.Map<java.lang.String,java.lang.Object>,java.lang.Object,java.lang.Class
  found: java.util.Map,java.lang.Object,java.lang.Class
[WARNING] /workspace/source/src/test/java/org/entando/entando/plugins/jpseo/aps*****/portal/PageSettingsActionAspectTest.java:[100,61] unchecked conversion
  required: java.util.Map<java.lang.String,java.lang.Object>
  found:    java.util.Map
[WARNING] /workspace/source/src/test/java/org/entando/entando/plugins/jpseo/aps*****/content/ContentActionIntegrationTest.java:[68,46] unchecked call to EntitySearchFilter(java.lang.String,boolean,T,boolean) as a member of the raw type com.agiletec.aps.******.common.entity.model.EntitySearchFilter
[INFO] 
[INFO] --- maven-surefire-plugin:3.0.0-M4:test (default-test) @ entando-plugin-jpseo ---
[INFO] 
[INFO] -------------------------------------------------------
[INFO]  T E S T S
[INFO] -------------------------------------------------------
[INFO] Running org.entando.entando.aps.******.services.controller.control.SeoRequestValidatorIntegrationTest
SLF4J: Class path contains multiple SLF4J bindings.
SLF4J: Found binding in [jar:file:/home/jenkins/.mvnrepository/org/slf4j/slf4j-jdk14/1.7.26/slf4j-jdk14-1.7.26.jar!/org/slf4j/impl/StaticLoggerBinder.class]
SLF4J: Found binding in [jar:file:/home/jenkins/.mvnrepository/org/apache/logging/log4j/log4j-slf4j-impl/2.13.3/log4j-slf4j-impl-2.13.3.jar!/org/slf4j/impl/StaticLoggerBinder.class]
SLF4J: See http://www.slf4j.org/codes.html#multiple_bindings for an explanation.
SLF4J: Actual binding is of type [org.slf4j.impl.JDK14LoggerFactory]
Feb 22, 2021 3:04:06 PM org.springframework.mock.jndi.SimpleNamingContextBuilder activate
INFO: Activating simple JNDI environment
Feb 22, 2021 3:04:06 PM org.springframework.mock.jndi.SimpleNamingContextBuilder bind
INFO: Static JNDI binding: [java:comp/env/logName] = [/workspace/source/target/test/entando-plugin-jpseo]
Feb 22, 2021 3:04:06 PM org.springframework.mock.jndi.SimpleNamingContextBuilder bind
INFO: Static JNDI binding: [java:comp/env/logFileRotatePattern] = [/workspace/source/target/test/entando-plugin-jpseo_logs/entando-plugin-jpseo-%i.log.gz]
Feb 22, 2021 3:04:06 PM org.springframework.mock.jndi.SimpleNamingContextBuilder bind
INFO: Static JNDI binding: [java:comp/env/logLevel] = [ERROR]
Feb 22, 2021 3:04:06 PM org.springframework.mock.jndi.SimpleNamingContextBuilder bind
INFO: Static JNDI binding: [java:comp/env/logFileSize] = [1048576]
Feb 22, 2021 3:04:06 PM org.springframework.mock.jndi.SimpleNamingContextBuilder bind
INFO: Static JNDI binding: [java:comp/env/logFilesCount] = [10]
Feb 22, 2021 3:04:06 PM org.springframework.mock.jndi.SimpleNamingContextBuilder bind
INFO: Static JNDI binding: [java:comp/env/configVersion] = [test]
Feb 22, 2021 3:04:06 PM org.springframework.mock.jndi.SimpleNamingContextBuilder bind
INFO: Static JNDI binding: [java:comp/env/applicationBaseURL] = [/Entando/]
Feb 22, 2021 3:04:06 PM org.springframework.mock.jndi.SimpleNamingContextBuilder bind
INFO: Static JNDI binding: [java:comp/env/resourceRootURL] = [/Entando/resources/]
Feb 22, 2021 3:04:06 PM org.springframework.mock.jndi.SimpleNamingContextBuilder bind
INFO: Static JNDI binding: [java:comp/env/protectedResourceRootURL] = [/Entando/protected/]
Feb 22, 2021 3:04:06 PM org.springframework.mock.jndi.SimpleNamingContextBuilder bind
INFO: Static JNDI binding: [java:comp/env/resourceDiskRootFolder] = [target/test/resources/]
Feb 22, 2021 3:04:06 PM org.springframework.mock.jndi.SimpleNamingContextBuilder bind
INFO: Static JNDI binding: [java:comp/env/protectedResourceDiskRootFolder] = [target/test/protected/]
Feb 22, 2021 3:04:06 PM org.springframework.mock.jndi.SimpleNamingContextBuilder bind
INFO: Static JNDI binding: [java:comp/env/indexDiskRootFolder] = [target/test/indexdir]
Feb 22, 2021 3:04:07 PM org.springframework.mock.jndi.SimpleNamingContextBuilder bind
INFO: Static JNDI binding: [java:comp/env/portDataSourceClassName] = [org.apache.derby.jdbc.EmbeddedDriver]
Feb 22, 2021 3:04:07 PM org.springframework.mock.jndi.SimpleNamingContextBuilder bind
INFO: Static JNDI binding: [java:comp/env/logActiveFileOutput] = [false]
Feb 22, 2021 3:04:07 PM org.springframework.mock.jndi.SimpleNamingContextBuilder bind
INFO: Static JNDI binding: [java:comp/env/jdbc.servDb.url] = [jdbc:derby:/workspace/source/target/test/db/entando-plugin-jpseotestServ;create=****]
Feb 22, 2021 3:04:07 PM org.springframework.mock.jndi.SimpleNamingContextBuilder bind
INFO: Static JNDI binding: [java:comp/env/servDataSourceClassName] = [org.apache.derby.jdbc.EmbeddedDriver]
Feb 22, 2021 3:04:07 PM org.springframework.mock.jndi.SimpleNamingContextBuilder bind
INFO: Static JNDI binding: [java:comp/env/logFilesCount] = [10]
Feb 22, 2021 3:04:07 PM org.springframework.mock.jndi.SimpleNamingContextBuilder bind
INFO: Static JNDI binding: [java:comp/env/applicationBaseURL] = [/Entando/]
Feb 22, 2021 3:04:07 PM org.springframework.mock.jndi.SimpleNamingContextBuilder bind
INFO: Static JNDI binding: [java:comp/env/jdbc.portDb.password] = [agile]
Feb 22, 2021 3:04:07 PM org.springframework.mock.jndi.SimpleNamingContextBuilder bind
INFO: Static JNDI binding: [java:comp/env/logLevel] = [ERROR]
Feb 22, 2021 3:04:07 PM org.springframework.mock.jndi.SimpleNamingContextBuilder bind
INFO: Static JNDI binding: [java:comp/env/indexDiskRootFolder] = [target/test/indexdir]
Feb 22, 2021 3:04:07 PM org.springframework.mock.jndi.SimpleNamingContextBuilder bind
INFO: Static JNDI binding: [java:comp/env/logFileSize] = [1048576]
Feb 22, 2021 3:04:07 PM org.springframework.mock.jndi.SimpleNamingContextBuilder bind
INFO: Static JNDI binding: [java:comp/env/resourceDiskRootFolder] = [target/test/resources/]
Feb 22, 2021 3:04:07 PM org.springframework.mock.jndi.SimpleNamingContextBuilder bind
INFO: Static JNDI binding: [java:comp/env/protectedResourceRootURL] = [/Entando/protected/]
Feb 22, 2021 3:04:07 PM org.springframework.mock.jndi.SimpleNamingContextBuilder bind
INFO: Static JNDI binding: [java:comp/env/resourceRootURL] = [/Entando/resources/]
Feb 22, 2021 3:04:07 PM org.springframework.mock.jndi.SimpleNamingContextBuilder bind
INFO: Static JNDI binding: [java:comp/env/configVersion] = [test]
Feb 22, 2021 3:04:07 PM org.springframework.mock.jndi.SimpleNamingContextBuilder bind
INFO: Static JNDI binding: [java:comp/env/jdbc.servDb.beanName] = [servDataSource]
Feb 22, 2021 3:04:07 PM org.springframework.mock.jndi.SimpleNamingContextBuilder bind
INFO: Static JNDI binding: [java:comp/env/jdbc.portDb.url] = [jdbc:derby:/workspace/source/target/test/db/entando-plugin-jpseotestPort;create=****]
Feb 22, 2021 3:04:07 PM org.springframework.mock.jndi.SimpleNamingContextBuilder bind
INFO: Static JNDI binding: [java:comp/env/jdbc.servDb.driverClassName] = [org.apache.derby.jdbc.EmbeddedDriver]
Feb 22, 2021 3:04:07 PM org.springframework.mock.jndi.SimpleNamingContextBuilder bind
INFO: Static JNDI binding: [java:comp/env/protectedResourceDiskRootFolder] = [target/test/protected/]
Feb 22, 2021 3:04:07 PM org.springframework.mock.jndi.SimpleNamingContextBuilder bind
INFO: Static JNDI binding: [java:comp/env/jdbc.portDb.beanName] = [portDataSource]
Feb 22, 2021 3:04:07 PM org.springframework.mock.jndi.SimpleNamingContextBuilder bind
INFO: Static JNDI binding: [java:comp/env/jdbc.servDb.password] = [agile]
Feb 22, 2021 3:04:07 PM org.springframework.mock.jndi.SimpleNamingContextBuilder bind
INFO: Static JNDI binding: [java:comp/env/jdbc.portDb.driverClassName] = [org.apache.derby.jdbc.EmbeddedDriver]
Feb 22, 2021 3:04:07 PM org.springframework.mock.jndi.SimpleNamingContextBuilder bind
INFO: Static JNDI binding: [java:comp/env/jdbc.portDb.username] = [agile]
Feb 22, 2021 3:04:07 PM org.springframework.mock.jndi.SimpleNamingContextBuilder bind
INFO: Static JNDI binding: [java:comp/env/jdbc.servDb.username] = [agile]
Feb 22, 2021 3:04:07 PM org.springframework.mock.jndi.SimpleNamingContextBuilder bind
INFO: Static JNDI binding: [java:comp/env/logName] = [/workspace/source/target/test/entando-plugin-jpseo]
Feb 22, 2021 3:04:07 PM org.springframework.mock.jndi.SimpleNamingContextBuilder bind
INFO: Static JNDI binding: [java:comp/env/logFileRotatePattern] = [/workspace/source/target/test/entando-plugin-jpseo_logs/entando-plugin-jpseo-%i.log.gz]
Feb 22, 2021 3:04:07 PM org.springframework.mock.jndi.SimpleNamingContextBuilder bind
INFO: Static JNDI binding: [java:comp/env/jdbc/servDataSource] = [org.apache.commons.dbcp2.BasicDataSource@60f9dc7e]
Feb 22, 2021 3:04:07 PM org.springframework.mock.jndi.SimpleNamingContextBuilder bind
INFO: Static JNDI binding: [java:comp/env/jdbc/portDataSource] = [org.apache.commons.dbcp2.BasicDataSource@15e5246]
Feb 22, 2021 3:04:07 PM org.springframework.mock.web.MockServletContext log
INFO: Initializing Spring **** WebApplicationContext
Feb 22, 2021 3:04:07 PM org.springframework.web.context.ContextLoader initWebApplicationContext
INFO: Root WebApplicationContext: initialization started
Feb 22, 2021 3:04:18 PM org.entando.entando.ent.util.EntLogging$EntLogger info
INFO: Report not availablejava.sql.SQLSyntaxErrorException: Schema 'AGILE' does not exist
Feb 22, 2021 3:04:18 PM org.entando.entando.ent.util.EntLogging$EntLogger info
INFO: + [ Component: Core ] :: DATA
|   
Feb 22, 2021 3:04:19 PM org.entando.entando.ent.util.EntLogging$EntLogger info
INFO: Created table - portDataSource/sysconfig
Feb 22, 2021 3:04:19 PM org.entando.entando.ent.util.EntLogging$EntLogger info
INFO: Created table - portDataSource/categories
Feb 22, 2021 3:04:19 PM org.entando.entando.ent.util.EntLogging$EntLogger info
INFO: Created table - portDataSource/localstrings
Feb 22, 2021 3:04:19 PM org.entando.entando.ent.util.EntLogging$EntLogger info
INFO: Created table - portDataSource/pagemodels
Feb 22, 2021 3:04:19 PM org.entando.entando.ent.util.EntLogging$EntLogger info
INFO: Created table - portDataSource/pages
Feb 22, 2021 3:04:19 PM org.entando.entando.ent.util.EntLogging$EntLogger info
INFO: Created table - portDataSource/pages_metadata_online
Feb 22, 2021 3:04:19 PM org.entando.entando.ent.util.EntLogging$EntLogger info
INFO: Created table - portDataSource/pages_metadata_draft
Feb 22, 2021 3:04:19 PM org.entando.entando.ent.util.EntLogging$EntLogger info
INFO: Created table - portDataSource/widgetcatalog
Feb 22, 2021 3:04:19 PM org.entando.entando.ent.util.EntLogging$EntLogger info
INFO: Created table - portDataSource/guifragment
Feb 22, 2021 3:04:19 PM org.entando.entando.ent.util.EntLogging$EntLogger info
INFO: Created table - portDataSource/widgetconfig
Feb 22, 2021 3:04:19 PM org.entando.entando.ent.util.EntLogging$EntLogger info
INFO: Created table - portDataSource/widgetconfig_draft
Feb 22, 2021 3:04:20 PM org.entando.entando.ent.util.EntLogging$EntLogger info
INFO: Created table - portDataSource/uniquekeys
Feb 22, 2021 3:04:20 PM org.entando.entando.ent.util.EntLogging$EntLogger info
INFO: Created table - portDataSource/userpreferences
Feb 22, 2021 3:04:20 PM org.entando.entando.ent.util.EntLogging$EntLogger info
INFO: Created table - servDataSource/authgroups
Feb 22, 2021 3:04:20 PM org.entando.entando.ent.util.EntLogging$EntLogger info
INFO: Created table - servDataSource/authpermissions
Feb 22, 2021 3:04:20 PM org.entando.entando.ent.util.EntLogging$EntLogger info
INFO: Created table - servDataSource/authroles
Feb 22, 2021 3:04:21 PM org.entando.entando.ent.util.EntLogging$EntLogger info
INFO: Created table - servDataSource/authrolepermissions
Feb 22, 2021 3:04:21 PM org.entando.entando.ent.util.EntLogging$EntLogger info
INFO: Created table - servDataSource/authusers
Feb 22, 2021 3:04:21 PM org.entando.entando.ent.util.EntLogging$EntLogger info
INFO: Created table - servDataSource/authusergrouprole
Feb 22, 2021 3:04:21 PM org.entando.entando.ent.util.EntLogging$EntLogger info
INFO: Created table - servDataSource/api_oauth_consumers
Feb 22, 2021 3:04:21 PM org.entando.entando.ent.util.EntLogging$EntLogger info
INFO: Created table - servDataSource/api_oauth_tokens
Feb 22, 2021 3:04:21 PM org.entando.entando.ent.util.EntLogging$EntLogger info
INFO: Created table - servDataSource/apicatalog_methods
Feb 22, 2021 3:04:21 PM org.entando.entando.ent.util.EntLogging$EntLogger info
INFO: Created table - servDataSource/apicatalog_services
Feb 22, 2021 3:04:21 PM org.entando.entando.ent.util.EntLogging$EntLogger info
INFO: Created table - servDataSource/authuserprofiles
Feb 22, 2021 3:04:21 PM org.entando.entando.ent.util.EntLogging$EntLogger info
INFO: Created table - servDataSource/authuserprofilesearch
Feb 22, 2021 3:04:21 PM org.entando.entando.ent.util.EntLogging$EntLogger info
INFO: Created table - servDataSource/authuserprofileattrroles
Feb 22, 2021 3:04:21 PM org.entando.entando.ent.util.EntLogging$EntLogger info
INFO: Created table - servDataSource/actionlogrecords
Feb 22, 2021 3:04:21 PM org.entando.entando.ent.util.EntLogging$EntLogger info
INFO: Created table - servDataSource/actionlogrelations
Feb 22, 2021 3:04:21 PM org.entando.entando.ent.util.EntLogging$EntLogger info
INFO: Created table - servDataSource/actionloglikerecords
Feb 22, 2021 3:04:21 PM org.entando.entando.ent.util.EntLogging$EntLogger info
INFO: Created table - servDataSource/actionlogcommentrecords
Feb 22, 2021 3:04:21 PM org.entando.entando.ent.util.EntLogging$EntLogger info
INFO: Created table - servDataSource/dataobjectmodels
Feb 22, 2021 3:04:22 PM org.entando.entando.ent.util.EntLogging$EntLogger info
INFO: Created table - servDataSource/dataobjects
Feb 22, 2021 3:04:22 PM org.entando.entando.ent.util.EntLogging$EntLogger info
INFO: Created table - servDataSource/dataobjectrelations
Feb 22, 2021 3:04:22 PM org.entando.entando.ent.util.EntLogging$EntLogger info
INFO: Created table - servDataSource/dataobjectsearch
Feb 22, 2021 3:04:22 PM org.entando.entando.ent.util.EntLogging$EntLogger info
INFO: Created table - servDataSource/dataobjectattributeroles
Feb 22, 2021 3:04:22 PM org.entando.entando.ent.util.EntLogging$EntLogger info
INFO: + [ Component: jacms ] :: DATA
|   
Feb 22, 2021 3:04:22 PM org.entando.entando.ent.util.EntLogging$EntLogger info
INFO: Created table - portDataSource/contentmodels
Feb 22, 2021 3:04:22 PM org.entando.entando.ent.util.EntLogging$EntLogger info
INFO: Created table - portDataSource/contents
Feb 22, 2021 3:04:22 PM org.entando.entando.ent.util.EntLogging$EntLogger info
INFO: Created table - portDataSource/resources
Feb 22, 2021 3:04:22 PM org.entando.entando.ent.util.EntLogging$EntLogger info
INFO: Created table - portDataSource/resourcerelations
Feb 22, 2021 3:04:22 PM org.entando.entando.ent.util.EntLogging$EntLogger info
INFO: Created table - portDataSource/contentrelations
Feb 22, 2021 3:04:22 PM org.entando.entando.ent.util.EntLogging$EntLogger info
INFO: Created table - portDataSource/contentsearch
Feb 22, 2021 3:04:22 PM org.entando.entando.ent.util.EntLogging$EntLogger info
INFO: Created table - portDataSource/contentattributeroles
Feb 22, 2021 3:04:22 PM org.entando.entando.ent.util.EntLogging$EntLogger info
INFO: Created table - portDataSource/workcontentrelations
Feb 22, 2021 3:04:22 PM org.entando.entando.ent.util.EntLogging$EntLogger info
INFO: Created table - portDataSource/workcontentsearch
Feb 22, 2021 3:04:22 PM org.entando.entando.ent.util.EntLogging$EntLogger info
INFO: Created table - portDataSource/workcontentattributeroles
Feb 22, 2021 3:04:22 PM org.entando.entando.ent.util.EntLogging$EntLogger info
INFO: + [ Component: entando-*****-console ] :: DATA
|   
Feb 22, 2021 3:04:23 PM org.entando.entando.ent.util.EntLogging$EntLogger info
INFO: Created table - servDataSource/authusershortcuts
Feb 22, 2021 3:04:23 PM org.entando.entando.ent.util.EntLogging$EntLogger info
INFO: + [ Component: entando-portal-ui ] :: DATA
|   
Feb 22, 2021 3:04:23 PM org.entando.entando.ent.util.EntLogging$EntLogger info
INFO: + [ Component: jpseo ] :: DATA
|   
Feb 22, 2021 3:04:23 PM org.entando.entando.ent.util.EntLogging$EntLogger info
INFO: Created table - portDataSource/jpseo_friendlycode
Feb 22, 2021 3:04:23 PM org.entando.entando.ent.util.EntLogging$EntLogger info
INFO: + [ Component: Core ] :: DATA
|   
Feb 22, 2021 3:04:24 PM org.entando.entando.ent.util.EntLogging$EntLogger info
INFO: + [ Component: jacms ] :: DATA
|   
Feb 22, 2021 3:04:25 PM org.entando.entando.ent.util.EntLogging$EntLogger info
INFO: + [ Component: entando-*****-console ] :: DATA
|   
Feb 22, 2021 3:04:25 PM org.entando.entando.ent.util.EntLogging$EntLogger info
INFO: + [ Component: entando-portal-ui ] :: DATA
|   
Feb 22, 2021 3:04:25 PM org.entando.entando.ent.util.EntLogging$EntLogger info
INFO: + [ Component: jpseo ] :: DATA
|   
Feb 22, 2021 3:04:31 PM org.entando.entando.ent.util.EntLogging$EntLogger info
INFO: Successfully created a random page_preview_hash
Feb 22, 2021 3:04:39 PM org.springframework.scheduling.concurrent.E**cutorConfigurationSupport initialize
INFO: Initializing E**cutorService 'entandoScheduler'
Feb 22, 2021 3:04:42 PM org.springframework.security.web.DefaultSecurityFilterChain <init>
INFO: Creating filter chain: OrRequestMatcher [requestMatchers=[Ant [pattern='/oauth/token'], Ant [pattern='/oauth/token_key'], Ant [pattern='/oauth/check_token']]], [org.springframework.security.web.context.request.async.WebAsyncManagerIntegrationFilter@1f22a44d, org.springframework.security.web.context.SecurityContextPersistenceFilter@610e4db4, org.springframework.security.web.header.HeaderWriterFilter@c941bb8, org.springframework.security.web.authentication.logout.LogoutFilter@d2c7b3f, org.springframework.web.filter.CorsFilter@7a3a0b91, org.springframework.security.web.authentication.www.BasicAuthenticationFilter@1838624, org.springframework.security.web.savedrequest.RequestCacheAwareFilter@6e9b81f7, org.springframework.security.web.servletapi.SecurityContextHolderAwareRequestFilter@17ff819d, org.springframework.security.web.authentication.AnonymousAuthenticationFilter@584b066d, org.springframework.security.web.session.SessionManagementFilter@4cda361a, org.springframework.security.web.access.ExceptionTranslationFilter@3496b6c9, org.springframework.security.web.access.intercept.FilterSecurityInterceptor@4704d6c6]
Feb 22, 2021 3:04:42 PM org.springframework.security.web.DefaultSecurityFilterChain <init>
INFO: Creating filter chain: any request, [org.springframework.security.web.context.request.async.WebAsyncManagerIntegrationFilter@4712f7ff, org.springframework.security.web.context.SecurityContextPersistenceFilter@3a825cdc, org.springframework.security.web.header.HeaderWriterFilter@669dbd6, org.springframework.web.filter.CorsFilter@7a3a0b91, org.springframework.security.web.authentication.logout.LogoutFilter@59040815, org.springframework.security.web.savedrequest.RequestCacheAwareFilter@39987732, org.springframework.security.web.servletapi.SecurityContextHolderAwareRequestFilter@5fb675f7, org.springframework.security.web.session.SessionManagementFilter@79c58b73, org.springframework.security.web.access.ExceptionTranslationFilter@db9066b]
Feb 22, 2021 3:04:43 PM org.springframework.web.context.ContextLoader initWebApplicationContext
INFO: Root WebApplicationContext initialized in 35127 ms
Feb 22, 2021 3:04:43 PM org.springframework.scheduling.concurrent.E**cutorConfigurationSupport shutdown
INFO: Shutting down E**cutorService 'entandoScheduler'
Feb 22, 2021 3:04:46 PM org.entando.entando.ent.util.EntLogging$EntLogger info
INFO: + [ Component: Core ] :: DATA
|   
Feb 22, 2021 3:04:46 PM org.entando.entando.ent.util.EntLogging$EntLogger info
INFO: + [ Component: jacms ] :: DATA
|   
Feb 22, 2021 3:04:46 PM org.entando.entando.ent.util.EntLogging$EntLogger info
INFO: + [ Component: entando-*****-console ] :: DATA
|   
Feb 22, 2021 3:04:46 PM org.entando.entando.ent.util.EntLogging$EntLogger info
INFO: + [ Component: entando-portal-ui ] :: DATA
|   
Feb 22, 2021 3:04:46 PM org.entando.entando.ent.util.EntLogging$EntLogger info
INFO: + [ Component: jpseo ] :: DATA
|   
Feb 22, 2021 3:04:46 PM org.entando.entando.ent.util.EntLogging$EntLogger info
INFO: + [ Component: Core ] :: DATA
|   
Feb 22, 2021 3:04:46 PM org.entando.entando.ent.util.EntLogging$EntLogger info
INFO: + [ Component: jacms ] :: DATA
|   
Feb 22, 2021 3:04:46 PM org.entando.entando.ent.util.EntLogging$EntLogger info
INFO: + [ Component: entando-*****-console ] :: DATA
|   
Feb 22, 2021 3:04:46 PM org.entando.entando.ent.util.EntLogging$EntLogger info
INFO: + [ Component: entando-portal-ui ] :: DATA
|   
Feb 22, 2021 3:04:46 PM org.entando.entando.ent.util.EntLogging$EntLogger info
INFO: + [ Component: jpseo ] :: DATA
|   
Feb 22, 2021 3:04:54 PM org.springframework.scheduling.concurrent.E**cutorConfigurationSupport initialize
INFO: Initializing E**cutorService 'entandoScheduler'
Feb 22, 2021 3:04:56 PM org.springframework.security.web.DefaultSecurityFilterChain <init>
INFO: Creating filter chain: OrRequestMatcher [requestMatchers=[Ant [pattern='/oauth/token'], Ant [pattern='/oauth/token_key'], Ant [pattern='/oauth/check_token']]], [org.springframework.security.web.context.request.async.WebAsyncManagerIntegrationFilter@2e4428f1, org.springframework.security.web.context.SecurityContextPersistenceFilter@610d1a8c, org.springframework.security.web.header.HeaderWriterFilter@1e3718b5, org.springframework.security.web.authentication.logout.LogoutFilter@3aa83086, org.springframework.web.filter.CorsFilter@1aaf7182, org.springframework.security.web.authentication.www.BasicAuthenticationFilter@1d3a5f5a, org.springframework.security.web.savedrequest.RequestCacheAwareFilter@edac3c5, org.springframework.security.web.servletapi.SecurityContextHolderAwareRequestFilter@333c4ea1, org.springframework.security.web.authentication.AnonymousAuthenticationFilter@19a68b75, org.springframework.security.web.session.SessionManagementFilter@6bd53ed0, org.springframework.security.web.access.ExceptionTranslationFilter@72724f38, org.springframework.security.web.access.intercept.FilterSecurityInterceptor@5c81c5ea]
Feb 22, 2021 3:04:56 PM org.springframework.security.web.DefaultSecurityFilterChain <init>
INFO: Creating filter chain: any request, [org.springframework.security.web.context.request.async.WebAsyncManagerIntegrationFilter@19443546, org.springframework.security.web.context.SecurityContextPersistenceFilter@49120a7f, org.springframework.security.web.header.HeaderWriterFilter@3ab80969, org.springframework.web.filter.CorsFilter@1aaf7182, org.springframework.security.web.authentication.logout.LogoutFilter@6be6a0ca, org.springframework.security.web.savedrequest.RequestCacheAwareFilter@39998c2b, org.springframework.security.web.servletapi.SecurityContextHolderAwareRequestFilter@39d99902, org.springframework.security.web.session.SessionManagementFilter@1e5fc44e, org.springframework.security.web.access.ExceptionTranslationFilter@72a1cf82]
Feb 22, 2021 3:04:57 PM org.springframework.scheduling.concurrent.E**cutorConfigurationSupport shutdown
INFO: Shutting down E**cutorService 'entandoScheduler'
[INFO] Tests run: 2, Failures: 0, Errors: 0, Skipped: 0, Time elapsed: 51.021 s - in org.entando.entando.aps.******.services.controller.control.SeoRequestValidatorIntegrationTest
[INFO] Running org.entando.entando.plugins.jpseo.aps*****.content.ContentActionIntegrationTest
Feb 22, 2021 3:04:57 PM org.springframework.mock.jndi.SimpleNamingContextBuilder bind
INFO: Static JNDI binding: [java:comp/env/logName] = [/workspace/source/target/test/entando-plugin-jpseo]
Feb 22, 2021 3:04:57 PM org.springframework.mock.jndi.SimpleNamingContextBuilder bind
INFO: Static JNDI binding: [java:comp/env/logFileRotatePattern] = [/workspace/source/target/test/entando-plugin-jpseo_logs/entando-plugin-jpseo-%i.log.gz]
Feb 22, 2021 3:04:57 PM org.springframework.mock.jndi.SimpleNamingContextBuilder bind
INFO: Static JNDI binding: [java:comp/env/logLevel] = [ERROR]
Feb 22, 2021 3:04:57 PM org.springframework.mock.jndi.SimpleNamingContextBuilder bind
INFO: Static JNDI binding: [java:comp/env/logFileSize] = [1048576]
Feb 22, 2021 3:04:57 PM org.springframework.mock.jndi.SimpleNamingContextBuilder bind
INFO: Static JNDI binding: [java:comp/env/logFilesCount] = [10]
Feb 22, 2021 3:04:57 PM org.springframework.mock.jndi.SimpleNamingContextBuilder bind
INFO: Static JNDI binding: [java:comp/env/configVersion] = [test]
Feb 22, 2021 3:04:57 PM org.springframework.mock.jndi.SimpleNamingContextBuilder bind
INFO: Static JNDI binding: [java:comp/env/applicationBaseURL] = [/Entando/]
Feb 22, 2021 3:04:57 PM org.springframework.mock.jndi.SimpleNamingContextBuilder bind
INFO: Static JNDI binding: [java:comp/env/resourceRootURL] = [/Entando/resources/]
Feb 22, 2021 3:04:57 PM org.springframework.mock.jndi.SimpleNamingContextBuilder bind
INFO: Static JNDI binding: [java:comp/env/protectedResourceRootURL] = [/Entando/protected/]
Feb 22, 2021 3:04:57 PM org.springframework.mock.jndi.SimpleNamingContextBuilder bind
INFO: Static JNDI binding: [java:comp/env/resourceDiskRootFolder] = [target/test/resources/]
Feb 22, 2021 3:04:57 PM org.springframework.mock.jndi.SimpleNamingContextBuilder bind
INFO: Static JNDI binding: [java:comp/env/protectedResourceDiskRootFolder] = [target/test/protected/]
Feb 22, 2021 3:04:57 PM org.springframework.mock.jndi.SimpleNamingContextBuilder bind
INFO: Static JNDI binding: [java:comp/env/indexDiskRootFolder] = [target/test/indexdir]
Feb 22, 2021 3:04:57 PM org.springframework.mock.jndi.SimpleNamingContextBuilder bind
INFO: Static JNDI binding: [java:comp/env/portDataSourceClassName] = [org.apache.derby.jdbc.EmbeddedDriver]
Feb 22, 2021 3:04:57 PM org.springframework.mock.jndi.SimpleNamingContextBuilder bind
INFO: Static JNDI binding: [java:comp/env/logActiveFileOutput] = [false]
Feb 22, 2021 3:04:57 PM org.springframework.mock.jndi.SimpleNamingContextBuilder bind
INFO: Static JNDI binding: [java:comp/env/jdbc.servDb.url] = [jdbc:derby:/workspace/source/target/test/db/entando-plugin-jpseotestServ;create=****]
Feb 22, 2021 3:04:57 PM org.springframework.mock.jndi.SimpleNamingContextBuilder bind
INFO: Static JNDI binding: [java:comp/env/servDataSourceClassName] = [org.apache.derby.jdbc.EmbeddedDriver]
Feb 22, 2021 3:04:57 PM org.springframework.mock.jndi.SimpleNamingContextBuilder bind
INFO: Static JNDI binding: [java:comp/env/logFilesCount] = [10]
Feb 22, 2021 3:04:57 PM org.springframework.mock.jndi.SimpleNamingContextBuilder bind
INFO: Static JNDI binding: [java:comp/env/applicationBaseURL] = [/Entando/]
Feb 22, 2021 3:04:57 PM org.springframework.mock.jndi.SimpleNamingContextBuilder bind
INFO: Static JNDI binding: [java:comp/env/jdbc.portDb.password] = [agile]
Feb 22, 2021 3:04:57 PM org.springframework.mock.jndi.SimpleNamingContextBuilder bind
INFO: Static JNDI binding: [java:comp/env/logLevel] = [ERROR]
Feb 22, 2021 3:04:57 PM org.springframework.mock.jndi.SimpleNamingContextBuilder bind
INFO: Static JNDI binding: [java:comp/env/indexDiskRootFolder] = [target/test/indexdir]
Feb 22, 2021 3:04:57 PM org.springframework.mock.jndi.SimpleNamingContextBuilder bind
INFO: Static JNDI binding: [java:comp/env/logFileSize] = [1048576]
Feb 22, 2021 3:04:57 PM org.springframework.mock.jndi.SimpleNamingContextBuilder bind
INFO: Static JNDI binding: [java:comp/env/resourceDiskRootFolder] = [target/test/resources/]
Feb 22, 2021 3:04:57 PM org.springframework.mock.jndi.SimpleNamingContextBuilder bind
INFO: Static JNDI binding: [java:comp/env/protectedResourceRootURL] = [/Entando/protected/]
Feb 22, 2021 3:04:57 PM org.springframework.mock.jndi.SimpleNamingContextBuilder bind
INFO: Static JNDI binding: [java:comp/env/resourceRootURL] = [/Entando/resources/]
Feb 22, 2021 3:04:57 PM org.springframework.mock.jndi.SimpleNamingContextBuilder bind
INFO: Static JNDI binding: [java:comp/env/configVersion] = [test]
Feb 22, 2021 3:04:57 PM org.springframework.mock.jndi.SimpleNamingContextBuilder bind
INFO: Static JNDI binding: [java:comp/env/jdbc.servDb.beanName] = [servDataSource]
Feb 22, 2021 3:04:57 PM org.springframework.mock.jndi.SimpleNamingContextBuilder bind
INFO: Static JNDI binding: [java:comp/env/jdbc.portDb.url] = [jdbc:derby:/workspace/source/target/test/db/entando-plugin-jpseotestPort;create=****]
Feb 22, 2021 3:04:57 PM org.springframework.mock.jndi.SimpleNamingContextBuilder bind
INFO: Static JNDI binding: [java:comp/env/jdbc.servDb.driverClassName] = [org.apache.derby.jdbc.EmbeddedDriver]
Feb 22, 2021 3:04:57 PM org.springframework.mock.jndi.SimpleNamingContextBuilder bind
INFO: Static JNDI binding: [java:comp/env/protectedResourceDiskRootFolder] = [target/test/protected/]
Feb 22, 2021 3:04:57 PM org.springframework.mock.jndi.SimpleNamingContextBuilder bind
INFO: Static JNDI binding: [java:comp/env/jdbc.portDb.beanName] = [portDataSource]
Feb 22, 2021 3:04:57 PM org.springframework.mock.jndi.SimpleNamingContextBuilder bind
INFO: Static JNDI binding: [java:comp/env/jdbc.servDb.password] = [agile]
Feb 22, 2021 3:04:57 PM org.springframework.mock.jndi.SimpleNamingContextBuilder bind
INFO: Static JNDI binding: [java:comp/env/jdbc.portDb.driverClassName] = [org.apache.derby.jdbc.EmbeddedDriver]
Feb 22, 2021 3:04:57 PM org.springframework.mock.jndi.SimpleNamingContextBuilder bind
INFO: Static JNDI binding: [java:comp/env/jdbc.portDb.username] = [agile]
Feb 22, 2021 3:04:57 PM org.springframework.mock.jndi.SimpleNamingContextBuilder bind
INFO: Static JNDI binding: [java:comp/env/jdbc.servDb.username] = [agile]
Feb 22, 2021 3:04:57 PM org.springframework.mock.jndi.SimpleNamingContextBuilder bind
INFO: Static JNDI binding: [java:comp/env/logName] = [/workspace/source/target/test/entando-plugin-jpseo]
Feb 22, 2021 3:04:57 PM org.springframework.mock.jndi.SimpleNamingContextBuilder bind
INFO: Static JNDI binding: [java:comp/env/logFileRotatePattern] = [/workspace/source/target/test/entando-plugin-jpseo_logs/entando-plugin-jpseo-%i.log.gz]
Feb 22, 2021 3:04:57 PM org.springframework.mock.jndi.SimpleNamingContextBuilder bind
INFO: Static JNDI binding: [java:comp/env/jdbc/servDataSource] = [org.apache.commons.dbcp2.BasicDataSource@443b4339]
Feb 22, 2021 3:04:57 PM org.springframework.mock.jndi.SimpleNamingContextBuilder bind
INFO: Static JNDI binding: [java:comp/env/jdbc/portDataSource] = [org.apache.commons.dbcp2.BasicDataSource@8a60986]
Feb 22, 2021 3:04:57 PM org.springframework.mock.web.MockServletContext log
INFO: Initializing Spring **** WebApplicationContext
Feb 22, 2021 3:04:57 PM org.springframework.web.context.ContextLoader initWebApplicationContext
INFO: Root WebApplicationContext: initialization started
Feb 22, 2021 3:05:00 PM org.entando.entando.ent.util.EntLogging$EntLogger info
INFO: + [ Component: Core ] :: DATA
|   
Feb 22, 2021 3:05:00 PM org.entando.entando.ent.util.EntLogging$EntLogger info
INFO: + [ Component: jacms ] :: DATA
|   
Feb 22, 2021 3:05:00 PM org.entando.entando.ent.util.EntLogging$EntLogger info
INFO: + [ Component: entando-*****-console ] :: DATA
|   
Feb 22, 2021 3:05:00 PM org.entando.entando.ent.util.EntLogging$EntLogger info
INFO: + [ Component: entando-portal-ui ] :: DATA
|   
Feb 22, 2021 3:05:00 PM org.entando.entando.ent.util.EntLogging$EntLogger info
INFO: + [ Component: jpseo ] :: DATA
|   
Feb 22, 2021 3:05:00 PM org.entando.entando.ent.util.EntLogging$EntLogger info
INFO: + [ Component: Core ] :: DATA
|   
Feb 22, 2021 3:05:00 PM org.entando.entando.ent.util.EntLogging$EntLogger info
INFO: + [ Component: jacms ] :: DATA
|   
Feb 22, 2021 3:05:00 PM org.entando.entando.ent.util.EntLogging$EntLogger info
INFO: + [ Component: entando-*****-console ] :: DATA
|   
Feb 22, 2021 3:05:00 PM org.entando.entando.ent.util.EntLogging$EntLogger info
INFO: + [ Component: entando-portal-ui ] :: DATA
|   
Feb 22, 2021 3:05:00 PM org.entando.entando.ent.util.EntLogging$EntLogger info
INFO: + [ Component: jpseo ] :: DATA
|   
Feb 22, 2021 3:05:09 PM org.springframework.scheduling.concurrent.E**cutorConfigurationSupport initialize
INFO: Initializing E**cutorService 'entandoScheduler'
Feb 22, 2021 3:05:11 PM org.springframework.security.web.DefaultSecurityFilterChain <init>
INFO: Creating filter chain: OrRequestMatcher [requestMatchers=[Ant [pattern='/oauth/token'], Ant [pattern='/oauth/token_key'], Ant [pattern='/oauth/check_token']]], [org.springframework.security.web.context.request.async.WebAsyncManagerIntegrationFilter@7e35e40b, org.springframework.security.web.context.SecurityContextPersistenceFilter@7d4bde36, org.springframework.security.web.header.HeaderWriterFilter@62965c41, org.springframework.security.web.authentication.logout.LogoutFilter@1fd8f9e2, org.springframework.web.filter.CorsFilter@a10e24f, org.springframework.security.web.authentication.www.BasicAuthenticationFilter@42743823, org.springframework.security.web.savedrequest.RequestCacheAwareFilter@6e924526, org.springframework.security.web.servletapi.SecurityContextHolderAwareRequestFilter@6e2c2c10, org.springframework.security.web.authentication.AnonymousAuthenticationFilter@2cecd420, org.springframework.security.web.session.SessionManagementFilter@38a049fd, org.springframework.security.web.access.ExceptionTranslationFilter@1857f694, org.springframework.security.web.access.intercept.FilterSecurityInterceptor@be024bd]
Feb 22, 2021 3:05:11 PM org.springframework.security.web.DefaultSecurityFilterChain <init>
INFO: Creating filter chain: any request, [org.springframework.security.web.context.request.async.WebAsyncManagerIntegrationFilter@59c7698b, org.springframework.security.web.context.SecurityContextPersistenceFilter@843a0e1, org.springframework.security.web.header.HeaderWriterFilter@70e65cda, org.springframework.web.filter.CorsFilter@a10e24f, org.springframework.security.web.authentication.logout.LogoutFilter@4b5da5fd, org.springframework.security.web.savedrequest.RequestCacheAwareFilter@60773365, org.springframework.security.web.servletapi.SecurityContextHolderAwareRequestFilter@176529a7, org.springframework.security.web.session.SessionManagementFilter@1cdea1da, org.springframework.security.web.access.ExceptionTranslationFilter@2de62e9a]
Feb 22, 2021 3:05:11 PM org.springframework.web.context.ContextLoader initWebApplicationContext
INFO: Root WebApplicationContext initialized in 13832 ms
Feb 22, 2021 3:05:11 PM org.springframework.scheduling.concurrent.E**cutorConfigurationSupport shutdown
INFO: Shutting down E**cutorService 'entandoScheduler'
Feb 22, 2021 3:05:14 PM org.entando.entando.ent.util.EntLogging$EntLogger info
INFO: + [ Component: Core ] :: DATA
|   
Feb 22, 2021 3:05:14 PM org.entando.entando.ent.util.EntLogging$EntLogger info
INFO: + [ Component: jacms ] :: DATA
|   
Feb 22, 2021 3:05:14 PM org.entando.entando.ent.util.EntLogging$EntLogger info
INFO: + [ Component: entando-*****-console ] :: DATA
|   
Feb 22, 2021 3:05:14 PM org.entando.entando.ent.util.EntLogging$EntLogger info
INFO: + [ Component: entando-portal-ui ] :: DATA
|   
Feb 22, 2021 3:05:14 PM org.entando.entando.ent.util.EntLogging$EntLogger info
INFO: + [ Component: jpseo ] :: DATA
|   
Feb 22, 2021 3:05:14 PM org.entando.entando.ent.util.EntLogging$EntLogger info
INFO: + [ Component: Core ] :: DATA
|   
Feb 22, 2021 3:05:14 PM org.entando.entando.ent.util.EntLogging$EntLogger info
INFO: + [ Component: jacms ] :: DATA
|   
Feb 22, 2021 3:05:14 PM org.entando.entando.ent.util.EntLogging$EntLogger info
INFO: + [ Component: entando-*****-console ] :: DATA
|   
Feb 22, 2021 3:05:14 PM org.entando.entando.ent.util.EntLogging$EntLogger info
INFO: + [ Component: entando-portal-ui ] :: DATA
|   
Feb 22, 2021 3:05:14 PM org.entando.entando.ent.util.EntLogging$EntLogger info
INFO: + [ Component: jpseo ] :: DATA
|   
Feb 22, 2021 3:05:22 PM org.springframework.scheduling.concurrent.E**cutorConfigurationSupport initialize
INFO: Initializing E**cutorService 'entandoScheduler'
Feb 22, 2021 3:05:23 PM org.springframework.security.web.DefaultSecurityFilterChain <init>
INFO: Creating filter chain: OrRequestMatcher [requestMatchers=[Ant [pattern='/oauth/token'], Ant [pattern='/oauth/token_key'], Ant [pattern='/oauth/check_token']]], [org.springframework.security.web.context.request.async.WebAsyncManagerIntegrationFilter@5957c69c, org.springframework.security.web.context.SecurityContextPersistenceFilter@7b32c6d5, org.springframework.security.web.header.HeaderWriterFilter@4e79ac44, org.springframework.security.web.authentication.logout.LogoutFilter@19a9e4c5, org.springframework.web.filter.CorsFilter@27b8b8fa, org.springframework.security.web.authentication.www.BasicAuthenticationFilter@3***14a4, org.springframework.security.web.savedrequest.RequestCacheAwareFilter@367798b0, org.springframework.security.web.servletapi.SecurityContextHolderAwareRequestFilter@759aae45, org.springframework.security.web.authentication.AnonymousAuthenticationFilter@33c5b857, org.springframework.security.web.session.SessionManagementFilter@38fa7b83, org.springframework.security.web.access.ExceptionTranslationFilter@7a2d4512, org.springframework.security.web.access.intercept.FilterSecurityInterceptor@7b83fe97]
Feb 22, 2021 3:05:23 PM org.springframework.security.web.DefaultSecurityFilterChain <init>
INFO: Creating filter chain: any request, [org.springframework.security.web.context.request.async.WebAsyncManagerIntegrationFilter@596735a9, org.springframework.security.web.context.SecurityContextPersistenceFilter@246982d2, org.springframework.security.web.header.HeaderWriterFilter@4ed6efcf, org.springframework.web.filter.CorsFilter@27b8b8fa, org.springframework.security.web.authentication.logout.LogoutFilter@2a88af4b, org.springframework.security.web.savedrequest.RequestCacheAwareFilter@36382896, org.springframework.security.web.servletapi.SecurityContextHolderAwareRequestFilter@258287bf, org.springframework.security.web.session.SessionManagementFilter@365f2a0a, org.springframework.security.web.access.ExceptionTranslationFilter@3de8ee56]
[INFO ] 2021-02-22 15:05:25.063 [main] SpringObjectFactory - Setting autowire strategy to name
[INFO ] 2021-02-22 15:05:25.874 [main] SpringObjectFactory - Setting autowire strategy to name
Feb 22, 2021 3:05:26 PM org.entando.entando.ent.util.EntLogging$EntLogger warn
WARNING: Unrecognized location of resource '/workspace/source/target/classes/org/entando/entando/plugins/jpseo/aps*****/global-messages_en.properties'
Feb 22, 2021 3:05:26 PM org.entando.entando.ent.util.EntLogging$EntLogger warn
WARNING: Unrecognized location of resource '/workspace/source/target/classes/org/entando/entando/plugins/jpseo/aps*****/global-messages_it.properties'
Feb 22, 2021 3:05:26 PM org.entando.entando.ent.util.EntLogging$EntLogger warn
WARNING: Unrecognized location of resource 'file:/home/jenkins/.mvnrepository/org/entando/entando/plugins/entando-plugin-jacms/6.3.13/entando-plugin-jacms-6.3.13-classes.jar!/org/entando/entando/plugins/jacms/aps*****/global-messages_en.properties'
Feb 22, 2021 3:05:26 PM org.entando.entando.ent.util.EntLogging$EntLogger warn
WARNING: Unrecognized location of resource 'file:/home/jenkins/.mvnrepository/org/entando/entando/plugins/entando-plugin-jacms/6.3.13/entando-plugin-jacms-6.3.13-classes.jar!/org/entando/entando/plugins/jacms/aps*****/global-messages_it.properties'
Feb 22, 2021 3:05:26 PM org.entando.entando.ent.util.EntLogging$EntLogger warn
WARNING: Unrecognized location of resource 'file:/home/jenkins/.mvnrepository/org/entando/entando/plugins/entando-plugin-jacms/6.3.13/entando-plugin-jacms-6.3.13-classes.jar!/com/agiletec/plugins/jacms/aps*****/global-messages_en.properties'
Feb 22, 2021 3:05:26 PM org.entando.entando.ent.util.EntLogging$EntLogger warn
WARNING: Unrecognized location of resource 'file:/home/jenkins/.mvnrepository/org/entando/entando/plugins/entando-plugin-jacms/6.3.13/entando-plugin-jacms-6.3.13-classes.jar!/com/agiletec/plugins/jacms/aps*****/global-messages_it.properties'
Feb 22, 2021 3:05:29 PM org.entando.entando.ent.util.EntLogging$EntLogger info
INFO: Saving content ART202 - Description: 'Il titolo' - User: *****
[INFO] Tests run: 1, Failures: 0, Errors: 0, Skipped: 0, Time elapsed: 31.474 s - in org.entando.entando.plugins.jpseo.aps*****.content.ContentActionIntegrationTest
[INFO] Running org.entando.entando.plugins.jpseo.aps*****.portal.PageSettingsActionAspectTest
Feb 22, 2021 3:05:30 PM org.entando.entando.ent.util.EntLogging$EntLogger error
SEVERE: error updating page settings for seo
org.entando.entando.ent.exception.EntException

[INFO] Tests run: 8, Failures: 0, Errors: 0, Skipped: 0, Time elapsed: 1.687 s - in org.entando.entando.plugins.jpseo.aps*****.portal.PageSettingsActionAspectTest
[INFO] Running org.entando.entando.plugins.jpseo.aps*****.portal.PageActionIntegrationTest
[INFO ] 2021-02-22 15:05:31.464 [main] SpringObjectFactory - Setting autowire strategy to name
[INFO ] 2021-02-22 15:05:33.573 [main] SpringObjectFactory - Setting autowire strategy to name
[INFO] Tests run: 10, Failures: 0, Errors: 0, Skipped: 0, Time elapsed: 6.697 s - in org.entando.entando.plugins.jpseo.aps*****.portal.PageActionIntegrationTest
[INFO] Running org.entando.entando.plugins.jpseo.aps*****.portal.PageSettingsActionIntegrationTest
[INFO ] 2021-02-22 15:05:38.058 [main] SpringObjectFactory - Setting autowire strategy to name
[INFO] Tests run: 5, Failures: 0, Errors: 0, Skipped: 0, Time elapsed: 1.26 s - in org.entando.entando.plugins.jpseo.aps*****.portal.PageSettingsActionIntegrationTest
[INFO] Running org.entando.entando.plugins.jpseo.aps.tags.CurrentPageTagTest
Feb 22, 2021 3:05:39 PM org.springframework.mock.jndi.SimpleNamingContextBuilder bind
INFO: Static JNDI binding: [java:comp/env/logName] = [/workspace/source/target/test/entando-plugin-jpseo]
Feb 22, 2021 3:05:39 PM org.springframework.mock.jndi.SimpleNamingContextBuilder bind
INFO: Static JNDI binding: [java:comp/env/logFileRotatePattern] = [/workspace/source/target/test/entando-plugin-jpseo_logs/entando-plugin-jpseo-%i.log.gz]
Feb 22, 2021 3:05:39 PM org.springframework.mock.jndi.SimpleNamingContextBuilder bind
INFO: Static JNDI binding: [java:comp/env/logLevel] = [ERROR]
Feb 22, 2021 3:05:39 PM org.springframework.mock.jndi.SimpleNamingContextBuilder bind
INFO: Static JNDI binding: [java:comp/env/logFileSize] = [1048576]
Feb 22, 2021 3:05:39 PM org.springframework.mock.jndi.SimpleNamingContextBuilder bind
INFO: Static JNDI binding: [java:comp/env/logFilesCount] = [10]
Feb 22, 2021 3:05:39 PM org.springframework.mock.jndi.SimpleNamingContextBuilder bind
INFO: Static JNDI binding: [java:comp/env/configVersion] = [test]
Feb 22, 2021 3:05:39 PM org.springframework.mock.jndi.SimpleNamingContextBuilder bind
INFO: Static JNDI binding: [java:comp/env/applicationBaseURL] = [/Entando/]
Feb 22, 2021 3:05:39 PM org.springframework.mock.jndi.SimpleNamingContextBuilder bind
INFO: Static JNDI binding: [java:comp/env/resourceRootURL] = [/Entando/resources/]
[INFO] Tests run: 1, Failures: 0, Errors: 0, Skipped: 0, Time elapsed: 0.057 s - in org.entando.entando.plugins.jpseo.aps.tags.CurrentPageTagTest
[INFO] Running org.entando.entando.plugins.jpseo.aps.******.services.metatag.MetatagCatalogueIntegrationTest
Feb 22, 2021 3:05:39 PM org.springframework.mock.jndi.SimpleNamingContextBuilder bind
INFO: Static JNDI binding: [java:comp/env/protectedResourceRootURL] = [/Entando/protected/]
Feb 22, 2021 3:05:39 PM org.springframework.mock.jndi.SimpleNamingContextBuilder bind
INFO: Static JNDI binding: [java:comp/env/resourceDiskRootFolder] = [target/test/resources/]
Feb 22, 2021 3:05:39 PM org.springframework.mock.jndi.SimpleNamingContextBuilder bind
INFO: Static JNDI binding: [java:comp/env/protectedResourceDiskRootFolder] = [target/test/protected/]
Feb 22, 2021 3:05:39 PM org.springframework.mock.jndi.SimpleNamingContextBuilder bind
INFO: Static JNDI binding: [java:comp/env/indexDiskRootFolder] = [target/test/indexdir]
Feb 22, 2021 3:05:39 PM org.springframework.mock.jndi.SimpleNamingContextBuilder bind
INFO: Static JNDI binding: [java:comp/env/portDataSourceClassName] = [org.apache.derby.jdbc.EmbeddedDriver]
Feb 22, 2021 3:05:39 PM org.springframework.mock.jndi.SimpleNamingContextBuilder bind
INFO: Static JNDI binding: [java:comp/env/logActiveFileOutput] = [false]
Feb 22, 2021 3:05:39 PM org.springframework.mock.jndi.SimpleNamingContextBuilder bind
INFO: Static JNDI binding: [java:comp/env/jdbc.servDb.url] = [jdbc:derby:/workspace/source/target/test/db/entando-plugin-jpseotestServ;create=****]
Feb 22, 2021 3:05:39 PM org.springframework.mock.jndi.SimpleNamingContextBuilder bind
INFO: Static JNDI binding: [java:comp/env/servDataSourceClassName] = [org.apache.derby.jdbc.EmbeddedDriver]
Feb 22, 2021 3:05:39 PM org.springframework.mock.jndi.SimpleNamingContextBuilder bind
INFO: Static JNDI binding: [java:comp/env/logFilesCount] = [10]
Feb 22, 2021 3:05:39 PM org.springframework.mock.jndi.SimpleNamingContextBuilder bind
INFO: Static JNDI binding: [java:comp/env/applicationBaseURL] = [/Entando/]
Feb 22, 2021 3:05:39 PM org.springframework.mock.jndi.SimpleNamingContextBuilder bind
INFO: Static JNDI binding: [java:comp/env/jdbc.portDb.password] = [agile]
Feb 22, 2021 3:05:39 PM org.springframework.mock.jndi.SimpleNamingContextBuilder bind
INFO: Static JNDI binding: [java:comp/env/logLevel] = [ERROR]
Feb 22, 2021 3:05:39 PM org.springframework.mock.jndi.SimpleNamingContextBuilder bind
INFO: Static JNDI binding: [java:comp/env/indexDiskRootFolder] = [target/test/indexdir]
Feb 22, 2021 3:05:39 PM org.springframework.mock.jndi.SimpleNamingContextBuilder bind
INFO: Static JNDI binding: [java:comp/env/logFileSize] = [1048576]
Feb 22, 2021 3:05:39 PM org.springframework.mock.jndi.SimpleNamingContextBuilder bind
INFO: Static JNDI binding: [java:comp/env/resourceDiskRootFolder] = [target/test/resources/]
Feb 22, 2021 3:05:39 PM org.springframework.mock.jndi.SimpleNamingContextBuilder bind
INFO: Static JNDI binding: [java:comp/env/protectedResourceRootURL] = [/Entando/protected/]
Feb 22, 2021 3:05:39 PM org.springframework.mock.jndi.SimpleNamingContextBuilder bind
INFO: Static JNDI binding: [java:comp/env/resourceRootURL] = [/Entando/resources/]
Feb 22, 2021 3:05:39 PM org.springframework.mock.jndi.SimpleNamingContextBuilder bind
INFO: Static JNDI binding: [java:comp/env/configVersion] = [test]
Feb 22, 2021 3:05:39 PM org.springframework.mock.jndi.SimpleNamingContextBuilder bind
INFO: Static JNDI binding: [java:comp/env/jdbc.servDb.beanName] = [servDataSource]
Feb 22, 2021 3:05:39 PM org.springframework.mock.jndi.SimpleNamingContextBuilder bind
INFO: Static JNDI binding: [java:comp/env/jdbc.portDb.url] = [jdbc:derby:/workspace/source/target/test/db/entando-plugin-jpseotestPort;create=****]
Feb 22, 2021 3:05:39 PM org.springframework.mock.jndi.SimpleNamingContextBuilder bind
INFO: Static JNDI binding: [java:comp/env/jdbc.servDb.driverClassName] = [org.apache.derby.jdbc.EmbeddedDriver]
Feb 22, 2021 3:05:39 PM org.springframework.mock.jndi.SimpleNamingContextBuilder bind
INFO: Static JNDI binding: [java:comp/env/protectedResourceDiskRootFolder] = [target/test/protected/]
Feb 22, 2021 3:05:39 PM org.springframework.mock.jndi.SimpleNamingContextBuilder bind
INFO: Static JNDI binding: [java:comp/env/jdbc.portDb.beanName] = [portDataSource]
Feb 22, 2021 3:05:39 PM org.springframework.mock.jndi.SimpleNamingContextBuilder bind
INFO: Static JNDI binding: [java:comp/env/jdbc.servDb.password] = [agile]
Feb 22, 2021 3:05:39 PM org.springframework.mock.jndi.SimpleNamingContextBuilder bind
INFO: Static JNDI binding: [java:comp/env/jdbc.portDb.driverClassName] = [org.apache.derby.jdbc.EmbeddedDriver]
Feb 22, 2021 3:05:39 PM org.springframework.mock.jndi.SimpleNamingContextBuilder bind
INFO: Static JNDI binding: [java:comp/env/jdbc.portDb.username] = [agile]
Feb 22, 2021 3:05:39 PM org.springframework.mock.jndi.SimpleNamingContextBuilder bind
INFO: Static JNDI binding: [java:comp/env/jdbc.servDb.username] = [agile]
Feb 22, 2021 3:05:39 PM org.springframework.mock.jndi.SimpleNamingContextBuilder bind
INFO: Static JNDI binding: [java:comp/env/logName] = [/workspace/source/target/test/entando-plugin-jpseo]
Feb 22, 2021 3:05:39 PM org.springframework.mock.jndi.SimpleNamingContextBuilder bind
INFO: Static JNDI binding: [java:comp/env/logFileRotatePattern] = [/workspace/source/target/test/entando-plugin-jpseo_logs/entando-plugin-jpseo-%i.log.gz]
Feb 22, 2021 3:05:39 PM org.springframework.mock.jndi.SimpleNamingContextBuilder bind
INFO: Static JNDI binding: [java:comp/env/jdbc/servDataSource] = [org.apache.commons.dbcp2.BasicDataSource@71ec8747]
Feb 22, 2021 3:05:39 PM org.springframework.mock.jndi.SimpleNamingContextBuilder bind
INFO: Static JNDI binding: [java:comp/env/jdbc/portDataSource] = [org.apache.commons.dbcp2.BasicDataSource@4d432e8d]
Feb 22, 2021 3:05:39 PM org.springframework.mock.web.MockServletContext log
INFO: Initializing Spring **** WebApplicationContext
Feb 22, 2021 3:05:39 PM org.springframework.web.context.ContextLoader initWebApplicationContext
INFO: Root WebApplicationContext: initialization started
Feb 22, 2021 3:05:41 PM org.entando.entando.ent.util.EntLogging$EntLogger info
INFO: + [ Component: Core ] :: DATA
|   
Feb 22, 2021 3:05:41 PM org.entando.entando.ent.util.EntLogging$EntLogger info
INFO: + [ Component: jacms ] :: DATA
|   
Feb 22, 2021 3:05:41 PM org.entando.entando.ent.util.EntLogging$EntLogger info
INFO: + [ Component: entando-*****-console ] :: DATA
|   
Feb 22, 2021 3:05:41 PM org.entando.entando.ent.util.EntLogging$EntLogger info
INFO: + [ Component: entando-portal-ui ] :: DATA
|   
Feb 22, 2021 3:05:41 PM org.entando.entando.ent.util.EntLogging$EntLogger info
INFO: + [ Component: jpseo ] :: DATA
|   
Feb 22, 2021 3:05:41 PM org.entando.entando.ent.util.EntLogging$EntLogger info
INFO: + [ Component: Core ] :: DATA
|   
Feb 22, 2021 3:05:41 PM org.entando.entando.ent.util.EntLogging$EntLogger info
INFO: + [ Component: jacms ] :: DATA
|   
Feb 22, 2021 3:05:41 PM org.entando.entando.ent.util.EntLogging$EntLogger info
INFO: + [ Component: entando-*****-console ] :: DATA
|   
Feb 22, 2021 3:05:41 PM org.entando.entando.ent.util.EntLogging$EntLogger info
INFO: + [ Component: entando-portal-ui ] :: DATA
|   
Feb 22, 2021 3:05:41 PM org.entando.entando.ent.util.EntLogging$EntLogger info
INFO: + [ Component: jpseo ] :: DATA
|   
Feb 22, 2021 3:05:50 PM org.springframework.scheduling.concurrent.E**cutorConfigurationSupport initialize
INFO: Initializing E**cutorService 'entandoScheduler'
Feb 22, 2021 3:05:51 PM org.springframework.security.web.DefaultSecurityFilterChain <init>
INFO: Creating filter chain: OrRequestMatcher [requestMatchers=[Ant [pattern='/oauth/token'], Ant [pattern='/oauth/token_key'], Ant [pattern='/oauth/check_token']]], [org.springframework.security.web.context.request.async.WebAsyncManagerIntegrationFilter@6c0453c8, org.springframework.security.web.context.SecurityContextPersistenceFilter@6ba3f5dc, org.springframework.security.web.header.HeaderWriterFilter@280011f5, org.springframework.security.web.authentication.logout.LogoutFilter@4f0120d, org.springframework.web.filter.CorsFilter@2e7fc083, org.springframework.security.web.authentication.www.BasicAuthenticationFilter@7a75ad21, org.springframework.security.web.savedrequest.RequestCacheAwareFilter@44972d2c, org.springframework.security.web.servletapi.SecurityContextHolderAwareRequestFilter@48102235, org.springframework.security.web.authentication.AnonymousAuthenticationFilter@63ab9b76, org.springframework.security.web.session.SessionManagementFilter@5f0f8afb, org.springframework.security.web.access.ExceptionTranslationFilter@3a9312e2, org.springframework.security.web.access.intercept.FilterSecurityInterceptor@2f0611ef]
Feb 22, 2021 3:05:51 PM org.springframework.security.web.DefaultSecurityFilterChain <init>
INFO: Creating filter chain: any request, [org.springframework.security.web.context.request.async.WebAsyncManagerIntegrationFilter@685dbc5, org.springframework.security.web.context.SecurityContextPersistenceFilter@30be31bc, org.springframework.security.web.header.HeaderWriterFilter@7549d3b2, org.springframework.web.filter.CorsFilter@2e7fc083, org.springframework.security.web.authentication.logout.LogoutFilter@32448158, org.springframework.security.web.savedrequest.RequestCacheAwareFilter@35e8bff6, org.springframework.security.web.servletapi.SecurityContextHolderAwareRequestFilter@701d0b90, org.springframework.security.web.session.SessionManagementFilter@4123e2b9, org.springframework.security.web.access.ExceptionTranslationFilter@4bcb461e]
Feb 22, 2021 3:05:52 PM org.springframework.web.context.ContextLoader initWebApplicationContext
INFO: Root WebApplicationContext initialized in 12883 ms
Feb 22, 2021 3:05:52 PM org.springframework.scheduling.concurrent.E**cutorConfigurationSupport shutdown
INFO: Shutting down E**cutorService 'entandoScheduler'
Feb 22, 2021 3:05:54 PM org.entando.entando.ent.util.EntLogging$EntLogger info
INFO: + [ Component: Core ] :: DATA
|   
Feb 22, 2021 3:05:54 PM org.entando.entando.ent.util.EntLogging$EntLogger info
INFO: + [ Component: jacms ] :: DATA
|   
Feb 22, 2021 3:05:54 PM org.entando.entando.ent.util.EntLogging$EntLogger info
INFO: + [ Component: entando-*****-console ] :: DATA
|   
Feb 22, 2021 3:05:54 PM org.entando.entando.ent.util.EntLogging$EntLogger info
INFO: + [ Component: entando-portal-ui ] :: DATA
|   
Feb 22, 2021 3:05:54 PM org.entando.entando.ent.util.EntLogging$EntLogger info
INFO: + [ Component: jpseo ] :: DATA
|   
Feb 22, 2021 3:05:54 PM org.entando.entando.ent.util.EntLogging$EntLogger info
INFO: + [ Component: Core ] :: DATA
|   
Feb 22, 2021 3:05:54 PM org.entando.entando.ent.util.EntLogging$EntLogger info
INFO: + [ Component: jacms ] :: DATA
|   
Feb 22, 2021 3:05:54 PM org.entando.entando.ent.util.EntLogging$EntLogger info
INFO: + [ Component: entando-*****-console ] :: DATA
|   
Feb 22, 2021 3:05:54 PM org.entando.entando.ent.util.EntLogging$EntLogger info
INFO: + [ Component: entando-portal-ui ] :: DATA
|   
Feb 22, 2021 3:05:54 PM org.entando.entando.ent.util.EntLogging$EntLogger info
INFO: + [ Component: jpseo ] :: DATA
|   
Feb 22, 2021 3:06:03 PM org.springframework.scheduling.concurrent.E**cutorConfigurationSupport initialize
INFO: Initializing E**cutorService 'entandoScheduler'
Feb 22, 2021 3:06:04 PM org.springframework.security.web.DefaultSecurityFilterChain <init>
INFO: Creating filter chain: OrRequestMatcher [requestMatchers=[Ant [pattern='/oauth/token'], Ant [pattern='/oauth/token_key'], Ant [pattern='/oauth/check_token']]], [org.springframework.security.web.context.request.async.WebAsyncManagerIntegrationFilter@3b18cca4, org.springframework.security.web.context.SecurityContextPersistenceFilter@592132c9, org.springframework.security.web.header.HeaderWriterFilter@13e2f4df, org.springframework.security.web.authentication.logout.LogoutFilter@902b54d, org.springframework.web.filter.CorsFilter@3a962984, org.springframework.security.web.authentication.www.BasicAuthenticationFilter@b9dbe3, org.springframework.security.web.savedrequest.RequestCacheAwareFilter@79928fc6, org.springframework.security.web.servletapi.SecurityContextHolderAwareRequestFilter@79cb6b52, org.springframework.security.web.authentication.AnonymousAuthenticationFilter@4915ac40, org.springframework.security.web.session.SessionManagementFilter@41f03122, org.springframework.security.web.access.ExceptionTranslationFilter@12f475c8, org.springframework.security.web.access.intercept.FilterSecurityInterceptor@1bdbc447]
Feb 22, 2021 3:06:04 PM org.springframework.security.web.DefaultSecurityFilterChain <init>
INFO: Creating filter chain: any request, [org.springframework.security.web.context.request.async.WebAsyncManagerIntegrationFilter@590bd06a, org.springframework.security.web.context.SecurityContextPersistenceFilter@29e0184c, org.springframework.security.web.header.HeaderWriterFilter@8754bcd, org.springframework.web.filter.CorsFilter@3a962984, org.springframework.security.web.authentication.logout.LogoutFilter@7f28170c, org.springframework.security.web.savedrequest.RequestCacheAwareFilter@64f4bd52, org.springframework.security.web.servletapi.SecurityContextHolderAwareRequestFilter@6d8383b7, org.springframework.security.web.session.SessionManagementFilter@19b72204, org.springframework.security.web.access.ExceptionTranslationFilter@66ad81cc]
Feb 22, 2021 3:06:04 PM org.springframework.scheduling.concurrent.E**cutorConfigurationSupport shutdown
INFO: Shutting down E**cutorService 'entandoScheduler'
[INFO] Tests run: 1, Failures: 0, Errors: 0, Skipped: 0, Time elapsed: 25.767 s - in org.entando.entando.plugins.jpseo.aps.******.services.metatag.MetatagCatalogueIntegrationTest
[INFO] Running org.entando.entando.plugins.jpseo.aps.******.services.mapping.SeoMappingManagerIntegrationTest
Feb 22, 2021 3:06:04 PM org.springframework.mock.jndi.SimpleNamingContextBuilder bind
INFO: Static JNDI binding: [java:comp/env/logName] = [/workspace/source/target/test/entando-plugin-jpseo]
Feb 22, 2021 3:06:04 PM org.springframework.mock.jndi.SimpleNamingContextBuilder bind
INFO: Static JNDI binding: [java:comp/env/logFileRotatePattern] = [/workspace/source/target/test/entando-plugin-jpseo_logs/entando-plugin-jpseo-%i.log.gz]
Feb 22, 2021 3:06:04 PM org.springframework.mock.jndi.SimpleNamingContextBuilder bind
INFO: Static JNDI binding: [java:comp/env/logLevel] = [ERROR]
Feb 22, 2021 3:06:04 PM org.springframework.mock.jndi.SimpleNamingContextBuilder bind
INFO: Static JNDI binding: [java:comp/env/logFileSize] = [1048576]
Feb 22, 2021 3:06:04 PM org.springframework.mock.jndi.SimpleNamingContextBuilder bind
INFO: Static JNDI binding: [java:comp/env/logFilesCount] = [10]
Feb 22, 2021 3:06:04 PM org.springframework.mock.jndi.SimpleNamingContextBuilder bind
INFO: Static JNDI binding: [java:comp/env/configVersion] = [test]
Feb 22, 2021 3:06:04 PM org.springframework.mock.jndi.SimpleNamingContextBuilder bind
INFO: Static JNDI binding: [java:comp/env/applicationBaseURL] = [/Entando/]
Feb 22, 2021 3:06:04 PM org.springframework.mock.jndi.SimpleNamingContextBuilder bind
INFO: Static JNDI binding: [java:comp/env/resourceRootURL] = [/Entando/resources/]
Feb 22, 2021 3:06:04 PM org.springframework.mock.jndi.SimpleNamingContextBuilder bind
INFO: Static JNDI binding: [java:comp/env/protectedResourceRootURL] = [/Entando/protected/]
Feb 22, 2021 3:06:04 PM org.springframework.mock.jndi.SimpleNamingContextBuilder bind
INFO: Static JNDI binding: [java:comp/env/resourceDiskRootFolder] = [target/test/resources/]
Feb 22, 2021 3:06:04 PM org.springframework.mock.jndi.SimpleNamingContextBuilder bind
INFO: Static JNDI binding: [java:comp/env/protectedResourceDiskRootFolder] = [target/test/protected/]
Feb 22, 2021 3:06:04 PM org.springframework.mock.jndi.SimpleNamingContextBuilder bind
INFO: Static JNDI binding: [java:comp/env/indexDiskRootFolder] = [target/test/indexdir]
Feb 22, 2021 3:06:04 PM org.springframework.mock.jndi.SimpleNamingContextBuilder bind
INFO: Static JNDI binding: [java:comp/env/portDataSourceClassName] = [org.apache.derby.jdbc.EmbeddedDriver]
Feb 22, 2021 3:06:04 PM org.springframework.mock.jndi.SimpleNamingContextBuilder bind
INFO: Static JNDI binding: [java:comp/env/logActiveFileOutput] = [false]
Feb 22, 2021 3:06:04 PM org.springframework.mock.jndi.SimpleNamingContextBuilder bind
INFO: Static JNDI binding: [java:comp/env/jdbc.servDb.url] = [jdbc:derby:/workspace/source/target/test/db/entando-plugin-jpseotestServ;create=****]
Feb 22, 2021 3:06:04 PM org.springframework.mock.jndi.SimpleNamingContextBuilder bind
INFO: Static JNDI binding: [java:comp/env/servDataSourceClassName] = [org.apache.derby.jdbc.EmbeddedDriver]
Feb 22, 2021 3:06:04 PM org.springframework.mock.jndi.SimpleNamingContextBuilder bind
INFO: Static JNDI binding: [java:comp/env/logFilesCount] = [10]
Feb 22, 2021 3:06:04 PM org.springframework.mock.jndi.SimpleNamingContextBuilder bind
INFO: Static JNDI binding: [java:comp/env/applicationBaseURL] = [/Entando/]
Feb 22, 2021 3:06:04 PM org.springframework.mock.jndi.SimpleNamingContextBuilder bind
INFO: Static JNDI binding: [java:comp/env/jdbc.portDb.password] = [agile]
Feb 22, 2021 3:06:04 PM org.springframework.mock.jndi.SimpleNamingContextBuilder bind
INFO: Static JNDI binding: [java:comp/env/logLevel] = [ERROR]
Feb 22, 2021 3:06:04 PM org.springframework.mock.jndi.SimpleNamingContextBuilder bind
INFO: Static JNDI binding: [java:comp/env/indexDiskRootFolder] = [target/test/indexdir]
Feb 22, 2021 3:06:04 PM org.springframework.mock.jndi.SimpleNamingContextBuilder bind
INFO: Static JNDI binding: [java:comp/env/logFileSize] = [1048576]
Feb 22, 2021 3:06:04 PM org.springframework.mock.jndi.SimpleNamingContextBuilder bind
INFO: Static JNDI binding: [java:comp/env/resourceDiskRootFolder] = [target/test/resources/]
Feb 22, 2021 3:06:04 PM org.springframework.mock.jndi.SimpleNamingContextBuilder bind
INFO: Static JNDI binding: [java:comp/env/protectedResourceRootURL] = [/Entando/protected/]
Feb 22, 2021 3:06:04 PM org.springframework.mock.jndi.SimpleNamingContextBuilder bind
INFO: Static JNDI binding: [java:comp/env/resourceRootURL] = [/Entando/resources/]
Feb 22, 2021 3:06:04 PM org.springframework.mock.jndi.SimpleNamingContextBuilder bind
INFO: Static JNDI binding: [java:comp/env/configVersion] = [test]
Feb 22, 2021 3:06:04 PM org.springframework.mock.jndi.SimpleNamingContextBuilder bind
INFO: Static JNDI binding: [java:comp/env/jdbc.servDb.beanName] = [servDataSource]
Feb 22, 2021 3:06:04 PM org.springframework.mock.jndi.SimpleNamingContextBuilder bind
INFO: Static JNDI binding: [java:comp/env/jdbc.portDb.url] = [jdbc:derby:/workspace/source/target/test/db/entando-plugin-jpseotestPort;create=****]
Feb 22, 2021 3:06:04 PM org.springframework.mock.jndi.SimpleNamingContextBuilder bind
INFO: Static JNDI binding: [java:comp/env/jdbc.servDb.driverClassName] = [org.apache.derby.jdbc.EmbeddedDriver]
Feb 22, 2021 3:06:04 PM org.springframework.mock.jndi.SimpleNamingContextBuilder bind
INFO: Static JNDI binding: [java:comp/env/protectedResourceDiskRootFolder] = [target/test/protected/]
Feb 22, 2021 3:06:04 PM org.springframework.mock.jndi.SimpleNamingContextBuilder bind
INFO: Static JNDI binding: [java:comp/env/jdbc.portDb.beanName] = [portDataSource]
Feb 22, 2021 3:06:04 PM org.springframework.mock.jndi.SimpleNamingContextBuilder bind
INFO: Static JNDI binding: [java:comp/env/jdbc.servDb.password] = [agile]
Feb 22, 2021 3:06:04 PM org.springframework.mock.jndi.SimpleNamingContextBuilder bind
INFO: Static JNDI binding: [java:comp/env/jdbc.portDb.driverClassName] = [org.apache.derby.jdbc.EmbeddedDriver]
Feb 22, 2021 3:06:04 PM org.springframework.mock.jndi.SimpleNamingContextBuilder bind
INFO: Static JNDI binding: [java:comp/env/jdbc.portDb.username] = [agile]
Feb 22, 2021 3:06:04 PM org.springframework.mock.jndi.SimpleNamingContextBuilder bind
INFO: Static JNDI binding: [java:comp/env/jdbc.servDb.username] = [agile]
Feb 22, 2021 3:06:04 PM org.springframework.mock.jndi.SimpleNamingContextBuilder bind
INFO: Static JNDI binding: [java:comp/env/logName] = [/workspace/source/target/test/entando-plugin-jpseo]
Feb 22, 2021 3:06:04 PM org.springframework.mock.jndi.SimpleNamingContextBuilder bind
INFO: Static JNDI binding: [java:comp/env/logFileRotatePattern] = [/workspace/source/target/test/entando-plugin-jpseo_logs/entando-plugin-jpseo-%i.log.gz]
Feb 22, 2021 3:06:04 PM org.springframework.mock.jndi.SimpleNamingContextBuilder bind
INFO: Static JNDI binding: [java:comp/env/jdbc/servDataSource] = [org.apache.commons.dbcp2.BasicDataSource@63fd9cf1]
Feb 22, 2021 3:06:04 PM org.springframework.mock.jndi.SimpleNamingContextBuilder bind
INFO: Static JNDI binding: [java:comp/env/jdbc/portDataSource] = [org.apache.commons.dbcp2.BasicDataSource@7b987ad7]
Feb 22, 2021 3:06:04 PM org.springframework.mock.web.MockServletContext log
INFO: Initializing Spring **** WebApplicationContext
Feb 22, 2021 3:06:04 PM org.springframework.web.context.ContextLoader initWebApplicationContext
INFO: Root WebApplicationContext: initialization started
Feb 22, 2021 3:06:07 PM org.entando.entando.ent.util.EntLogging$EntLogger info
INFO: + [ Component: Core ] :: DATA
|   
Feb 22, 2021 3:06:07 PM org.entando.entando.ent.util.EntLogging$EntLogger info
INFO: + [ Component: jacms ] :: DATA
|   
Feb 22, 2021 3:06:07 PM org.entando.entando.ent.util.EntLogging$EntLogger info
INFO: + [ Component: entando-*****-console ] :: DATA
|   
Feb 22, 2021 3:06:07 PM org.entando.entando.ent.util.EntLogging$EntLogger info
INFO: + [ Component: entando-portal-ui ] :: DATA
|   
Feb 22, 2021 3:06:07 PM org.entando.entando.ent.util.EntLogging$EntLogger info
INFO: + [ Component: jpseo ] :: DATA
|   
Feb 22, 2021 3:06:07 PM org.entando.entando.ent.util.EntLogging$EntLogger info
INFO: + [ Component: Core ] :: DATA
|   
Feb 22, 2021 3:06:07 PM org.entando.entando.ent.util.EntLogging$EntLogger info
INFO: + [ Component: jacms ] :: DATA
|   
Feb 22, 2021 3:06:07 PM org.entando.entando.ent.util.EntLogging$EntLogger info
INFO: + [ Component: entando-*****-console ] :: DATA
|   
Feb 22, 2021 3:06:07 PM org.entando.entando.ent.util.EntLogging$EntLogger info
INFO: + [ Component: entando-portal-ui ] :: DATA
|   
Feb 22, 2021 3:06:07 PM org.entando.entando.ent.util.EntLogging$EntLogger info
INFO: + [ Component: jpseo ] :: DATA
|   
Feb 22, 2021 3:06:15 PM org.springframework.scheduling.concurrent.E**cutorConfigurationSupport initialize
INFO: Initializing E**cutorService 'entandoScheduler'
Feb 22, 2021 3:06:17 PM org.springframework.security.web.DefaultSecurityFilterChain <init>
INFO: Creating filter chain: OrRequestMatcher [requestMatchers=[Ant [pattern='/oauth/token'], Ant [pattern='/oauth/token_key'], Ant [pattern='/oauth/check_token']]], [org.springframework.security.web.context.request.async.WebAsyncManagerIntegrationFilter@6b5c9c96, org.springframework.security.web.context.SecurityContextPersistenceFilter@30b052d9, org.springframework.security.web.header.HeaderWriterFilter@6a4788b0, org.springframework.security.web.authentication.logout.LogoutFilter@645d03b2, org.springframework.web.filter.CorsFilter@23648add, org.springframework.security.web.authentication.www.BasicAuthenticationFilter@656494c3, org.springframework.security.web.savedrequest.RequestCacheAwareFilter@508012f6, org.springframework.security.web.servletapi.SecurityContextHolderAwareRequestFilter@8168503, org.springframework.security.web.authentication.AnonymousAuthenticationFilter@2ed567dd, org.springframework.security.web.session.SessionManagementFilter@79fe139e, org.springframework.security.web.access.ExceptionTranslationFilter@568d8408, org.springframework.security.web.access.intercept.FilterSecurityInterceptor@8a401e9]
Feb 22, 2021 3:06:17 PM org.springframework.security.web.DefaultSecurityFilterChain <init>
INFO: Creating filter chain: any request, [org.springframework.security.web.context.request.async.WebAsyncManagerIntegrationFilter@1439caf2, org.springframework.security.web.context.SecurityContextPersistenceFilter@1c32a4c5, org.springframework.security.web.header.HeaderWriterFilter@60573f5b, org.springframework.web.filter.CorsFilter@23648add, org.springframework.security.web.authentication.logout.LogoutFilter@5cc419ae, org.springframework.security.web.savedrequest.RequestCacheAwareFilter@5d18a806, org.springframework.security.web.servletapi.SecurityContextHolderAwareRequestFilter@574468c0, org.springframework.security.web.session.SessionManagementFilter@36685afe, org.springframework.security.web.access.ExceptionTranslationFilter@76cb83f9]
Feb 22, 2021 3:06:17 PM org.springframework.web.context.ContextLoader initWebApplicationContext
INFO: Root WebApplicationContext initialized in 12407 ms
Feb 22, 2021 3:06:17 PM org.springframework.scheduling.concurrent.E**cutorConfigurationSupport shutdown
INFO: Shutting down E**cutorService 'entandoScheduler'
Feb 22, 2021 3:06:19 PM org.entando.entando.ent.util.EntLogging$EntLogger info
INFO: + [ Component: Core ] :: DATA
|   
Feb 22, 2021 3:06:19 PM org.entando.entando.ent.util.EntLogging$EntLogger info
INFO: + [ Component: jacms ] :: DATA
|   
Feb 22, 2021 3:06:19 PM org.entando.entando.ent.util.EntLogging$EntLogger info
INFO: + [ Component: entando-*****-console ] :: DATA
|   
Feb 22, 2021 3:06:19 PM org.entando.entando.ent.util.EntLogging$EntLogger info
INFO: + [ Component: entando-portal-ui ] :: DATA
|   
Feb 22, 2021 3:06:19 PM org.entando.entando.ent.util.EntLogging$EntLogger info
INFO: + [ Component: jpseo ] :: DATA
|   
Feb 22, 2021 3:06:19 PM org.entando.entando.ent.util.EntLogging$EntLogger info
INFO: + [ Component: Core ] :: DATA
|   
Feb 22, 2021 3:06:19 PM org.entando.entando.ent.util.EntLogging$EntLogger info
INFO: + [ Component: jacms ] :: DATA
|   
Feb 22, 2021 3:06:19 PM org.entando.entando.ent.util.EntLogging$EntLogger info
INFO: + [ Component: entando-*****-console ] :: DATA
|   
Feb 22, 2021 3:06:19 PM org.entando.entando.ent.util.EntLogging$EntLogger info
INFO: + [ Component: entando-portal-ui ] :: DATA
|   
Feb 22, 2021 3:06:19 PM org.entando.entando.ent.util.EntLogging$EntLogger info
INFO: + [ Component: jpseo ] :: DATA
|   
Feb 22, 2021 3:06:27 PM org.springframework.scheduling.concurrent.E**cutorConfigurationSupport initialize
INFO: Initializing E**cutorService 'entandoScheduler'
Feb 22, 2021 3:06:29 PM org.springframework.security.web.DefaultSecurityFilterChain <init>
INFO: Creating filter chain: OrRequestMatcher [requestMatchers=[Ant [pattern='/oauth/token'], Ant [pattern='/oauth/token_key'], Ant [pattern='/oauth/check_token']]], [org.springframework.security.web.context.request.async.WebAsyncManagerIntegrationFilter@50f9fa0d, org.springframework.security.web.context.SecurityContextPersistenceFilter@7cc571e8, org.springframework.security.web.header.HeaderWriterFilter@5e8b5205, org.springframework.security.web.authentication.logout.LogoutFilter@5a64a7ba, org.springframework.web.filter.CorsFilter@38bef992, org.springframework.security.web.authentication.www.BasicAuthenticationFilter@38e06251, org.springframework.security.web.savedrequest.RequestCacheAwareFilter@357cee06, org.springframework.security.web.servletapi.SecurityContextHolderAwareRequestFilter@767ac112, org.springframework.security.web.authentication.AnonymousAuthenticationFilter@5902c2bd, org.springframework.security.web.session.SessionManagementFilter@1a81cec8, org.springframework.security.web.access.ExceptionTranslationFilter@284cfb67, org.springframework.security.web.access.intercept.FilterSecurityInterceptor@899f0f5]
Feb 22, 2021 3:06:29 PM org.springframework.security.web.DefaultSecurityFilterChain <init>
INFO: Creating filter chain: any request, [org.springframework.security.web.context.request.async.WebAsyncManagerIntegrationFilter@46381fde, org.springframework.security.web.context.SecurityContextPersistenceFilter@57eda246, org.springframework.security.web.header.HeaderWriterFilter@7d7a362c, org.springframework.web.filter.CorsFilter@38bef992, org.springframework.security.web.authentication.logout.LogoutFilter@71b59eb7, org.springframework.security.web.savedrequest.RequestCacheAwareFilter@7b8f3c3c, org.springframework.security.web.servletapi.SecurityContextHolderAwareRequestFilter@71eb9cf0, org.springframework.security.web.session.SessionManagementFilter@5cb0d531, org.springframework.security.web.access.ExceptionTranslationFilter@193a7a93]
Feb 22, 2021 3:06:32 PM org.entando.entando.ent.util.EntLogging$EntLogger info
INFO: Content EVN222 with friendly codes [wonders_theater, teatro_delle_meraviglie]
Feb 22, 2021 3:06:34 PM org.springframework.scheduling.concurrent.E**cutorConfigurationSupport shutdown
INFO: Shutting down E**cutorService 'entandoScheduler'
[INFO] Tests run: 3, Failures: 0, Errors: 0, Skipped: 0, Time elapsed: 29.518 s - in org.entando.entando.plugins.jpseo.aps.******.services.mapping.SeoMappingManagerIntegrationTest
[INFO] Running org.entando.entando.plugins.jpseo.aps.******.services.page.SeoPageServiceTest
Feb 22, 2021 3:06:34 PM org.springframework.mock.jndi.SimpleNamingContextBuilder bind
INFO: Static JNDI binding: [java:comp/env/logName] = [/workspace/source/target/test/entando-plugin-jpseo]
Feb 22, 2021 3:06:34 PM org.springframework.mock.jndi.SimpleNamingContextBuilder bind
INFO: Static JNDI binding: [java:comp/env/logFileRotatePattern] = [/workspace/source/target/test/entando-plugin-jpseo_logs/entando-plugin-jpseo-%i.log.gz]
Feb 22, 2021 3:06:34 PM org.springframework.mock.jndi.SimpleNamingContextBuilder bind
INFO: Static JNDI binding: [java:comp/env/logLevel] = [ERROR]
Feb 22, 2021 3:06:34 PM org.springframework.mock.jndi.SimpleNamingContextBuilder bind
INFO: Static JNDI binding: [java:comp/env/logFileSize] = [1048576]
Feb 22, 2021 3:06:34 PM org.springframework.mock.jndi.SimpleNamingContextBuilder bind
INFO: Static JNDI binding: [java:comp/env/logFilesCount] = [10]
Feb 22, 2021 3:06:34 PM org.springframework.mock.jndi.SimpleNamingContextBuilder bind
INFO: Static JNDI binding: [java:comp/env/configVersion] = [test]
Feb 22, 2021 3:06:34 PM org.springframework.mock.jndi.SimpleNamingContextBuilder bind
INFO: Static JNDI binding: [java:comp/env/applicationBaseURL] = [/Entando/]
Feb 22, 2021 3:06:34 PM org.springframework.mock.jndi.SimpleNamingContextBuilder bind
INFO: Static JNDI binding: [java:comp/env/resourceRootURL] = [/Entando/resources/]
Feb 22, 2021 3:06:34 PM org.springframework.mock.jndi.SimpleNamingContextBuilder bind
INFO: Static JNDI binding: [java:comp/env/protectedResourceRootURL] = [/Entando/protected/]
Feb 22, 2021 3:06:34 PM org.springframework.mock.jndi.SimpleNamingContextBuilder bind
INFO: Static JNDI binding: [java:comp/env/resourceDiskRootFolder] = [target/test/resources/]
Feb 22, 2021 3:06:34 PM org.springframework.mock.jndi.SimpleNamingContextBuilder bind
INFO: Static JNDI binding: [java:comp/env/protectedResourceDiskRootFolder] = [target/test/protected/]
Feb 22, 2021 3:06:34 PM org.springframework.mock.jndi.SimpleNamingContextBuilder bind
INFO: Static JNDI binding: [java:comp/env/indexDiskRootFolder] = [target/test/indexdir]
Feb 22, 2021 3:06:34 PM org.springframework.mock.jndi.SimpleNamingContextBuilder bind
INFO: Static JNDI binding: [java:comp/env/portDataSourceClassName] = [org.apache.derby.jdbc.EmbeddedDriver]
Feb 22, 2021 3:06:34 PM org.springframework.mock.jndi.SimpleNamingContextBuilder bind
INFO: Static JNDI binding: [java:comp/env/logActiveFileOutput] = [false]
Feb 22, 2021 3:06:34 PM org.springframework.mock.jndi.SimpleNamingContextBuilder bind
INFO: Static JNDI binding: [java:comp/env/jdbc.servDb.url] = [jdbc:derby:/workspace/source/target/test/db/entando-plugin-jpseotestServ;create=****]
Feb 22, 2021 3:06:34 PM org.springframework.mock.jndi.SimpleNamingContextBuilder bind
INFO: Static JNDI binding: [java:comp/env/servDataSourceClassName] = [org.apache.derby.jdbc.EmbeddedDriver]
Feb 22, 2021 3:06:34 PM org.springframework.mock.jndi.SimpleNamingContextBuilder bind
INFO: Static JNDI binding: [java:comp/env/logFilesCount] = [10]
Feb 22, 2021 3:06:34 PM org.springframework.mock.jndi.SimpleNamingContextBuilder bind
INFO: Static JNDI binding: [java:comp/env/applicationBaseURL] = [/Entando/]
Feb 22, 2021 3:06:34 PM org.springframework.mock.jndi.SimpleNamingContextBuilder bind
INFO: Static JNDI binding: [java:comp/env/jdbc.portDb.password] = [agile]
Feb 22, 2021 3:06:34 PM org.springframework.mock.jndi.SimpleNamingContextBuilder bind
INFO: Static JNDI binding: [java:comp/env/logLevel] = [ERROR]
Feb 22, 2021 3:06:34 PM org.springframework.mock.jndi.SimpleNamingContextBuilder bind
INFO: Static JNDI binding: [java:comp/env/indexDiskRootFolder] = [target/test/indexdir]
Feb 22, 2021 3:06:34 PM org.springframework.mock.jndi.SimpleNamingContextBuilder bind
INFO: Static JNDI binding: [java:comp/env/logFileSize] = [1048576]
Feb 22, 2021 3:06:34 PM org.springframework.mock.jndi.SimpleNamingContextBuilder bind
INFO: Static JNDI binding: [java:comp/env/resourceDiskRootFolder] = [target/test/resources/]
Feb 22, 2021 3:06:34 PM org.springframework.mock.jndi.SimpleNamingContextBuilder bind
INFO: Static JNDI binding: [java:comp/env/protectedResourceRootURL] = [/Entando/protected/]
Feb 22, 2021 3:06:34 PM org.springframework.mock.jndi.SimpleNamingContextBuilder bind
INFO: Static JNDI binding: [java:comp/env/resourceRootURL] = [/Entando/resources/]
Feb 22, 2021 3:06:34 PM org.springframework.mock.jndi.SimpleNamingContextBuilder bind
INFO: Static JNDI binding: [java:comp/env/configVersion] = [test]
Feb 22, 2021 3:06:34 PM org.springframework.mock.jndi.SimpleNamingContextBuilder bind
INFO: Static JNDI binding: [java:comp/env/jdbc.servDb.beanName] = [servDataSource]
Feb 22, 2021 3:06:34 PM org.springframework.mock.jndi.SimpleNamingContextBuilder bind
INFO: Static JNDI binding: [java:comp/env/jdbc.portDb.url] = [jdbc:derby:/workspace/source/target/test/db/entando-plugin-jpseotestPort;create=****]
Feb 22, 2021 3:06:34 PM org.springframework.mock.jndi.SimpleNamingContextBuilder bind
INFO: Static JNDI binding: [java:comp/env/jdbc.servDb.driverClassName] = [org.apache.derby.jdbc.EmbeddedDriver]
Feb 22, 2021 3:06:34 PM org.springframework.mock.jndi.SimpleNamingContextBuilder bind
INFO: Static JNDI binding: [java:comp/env/protectedResourceDiskRootFolder] = [target/test/protected/]
Feb 22, 2021 3:06:34 PM org.springframework.mock.jndi.SimpleNamingContextBuilder bind
INFO: Static JNDI binding: [java:comp/env/jdbc.portDb.beanName] = [portDataSource]
Feb 22, 2021 3:06:34 PM org.springframework.mock.jndi.SimpleNamingContextBuilder bind
INFO: Static JNDI binding: [java:comp/env/jdbc.servDb.password] = [agile]
Feb 22, 2021 3:06:34 PM org.springframework.mock.jndi.SimpleNamingContextBuilder bind
INFO: Static JNDI binding: [java:comp/env/jdbc.portDb.driverClassName] = [org.apache.derby.jdbc.EmbeddedDriver]
Feb 22, 2021 3:06:34 PM org.springframework.mock.jndi.SimpleNamingContextBuilder bind
INFO: Static JNDI binding: [java:comp/env/jdbc.portDb.username] = [agile]
Feb 22, 2021 3:06:34 PM org.springframework.mock.jndi.SimpleNamingContextBuilder bind
INFO: Static JNDI binding: [java:comp/env/jdbc.servDb.username] = [agile]
Feb 22, 2021 3:06:34 PM org.springframework.mock.jndi.SimpleNamingContextBuilder bind
INFO: Static JNDI binding: [java:comp/env/logName] = [/workspace/source/target/test/entando-plugin-jpseo]
Feb 22, 2021 3:06:34 PM org.springframework.mock.jndi.SimpleNamingContextBuilder bind
INFO: Static JNDI binding: [java:comp/env/logFileRotatePattern] = [/workspace/source/target/test/entando-plugin-jpseo_logs/entando-plugin-jpseo-%i.log.gz]
Feb 22, 2021 3:06:34 PM org.springframework.mock.jndi.SimpleNamingContextBuilder bind
INFO: Static JNDI binding: [java:comp/env/jdbc/servDataSource] = [org.apache.commons.dbcp2.BasicDataSource@7465b57e]
Feb 22, 2021 3:06:34 PM org.springframework.mock.jndi.SimpleNamingContextBuilder bind
INFO: Static JNDI binding: [java:comp/env/jdbc/portDataSource] = [org.apache.commons.dbcp2.BasicDataSource@1054a6f1]
Feb 22, 2021 3:06:34 PM org.springframework.mock.web.MockServletContext log
INFO: Initializing Spring **** WebApplicationContext
Feb 22, 2021 3:06:34 PM org.springframework.web.context.ContextLoader initWebApplicationContext
INFO: Root WebApplicationContext: initialization started
Feb 22, 2021 3:06:36 PM org.entando.entando.ent.util.EntLogging$EntLogger info
INFO: + [ Component: Core ] :: DATA
|   
Feb 22, 2021 3:06:36 PM org.entando.entando.ent.util.EntLogging$EntLogger info
INFO: + [ Component: jacms ] :: DATA
|   
Feb 22, 2021 3:06:36 PM org.entando.entando.ent.util.EntLogging$EntLogger info
INFO: + [ Component: entando-*****-console ] :: DATA
|   
Feb 22, 2021 3:06:36 PM org.entando.entando.ent.util.EntLogging$EntLogger info
INFO: + [ Component: entando-portal-ui ] :: DATA
|   
Feb 22, 2021 3:06:36 PM org.entando.entando.ent.util.EntLogging$EntLogger info
INFO: + [ Component: jpseo ] :: DATA
|   
Feb 22, 2021 3:06:36 PM org.entando.entando.ent.util.EntLogging$EntLogger info
INFO: + [ Component: Core ] :: DATA
|   
Feb 22, 2021 3:06:36 PM org.entando.entando.ent.util.EntLogging$EntLogger info
INFO: + [ Component: jacms ] :: DATA
|   
Feb 22, 2021 3:06:36 PM org.entando.entando.ent.util.EntLogging$EntLogger info
INFO: + [ Component: entando-*****-console ] :: DATA
|   
Feb 22, 2021 3:06:36 PM org.entando.entando.ent.util.EntLogging$EntLogger info
INFO: + [ Component: entando-portal-ui ] :: DATA
|   
Feb 22, 2021 3:06:36 PM org.entando.entando.ent.util.EntLogging$EntLogger info
INFO: + [ Component: jpseo ] :: DATA
|   
Feb 22, 2021 3:06:45 PM org.springframework.scheduling.concurrent.E**cutorConfigurationSupport initialize
INFO: Initializing E**cutorService 'entandoScheduler'
Feb 22, 2021 3:06:46 PM org.springframework.security.web.DefaultSecurityFilterChain <init>
INFO: Creating filter chain: OrRequestMatcher [requestMatchers=[Ant [pattern='/oauth/token'], Ant [pattern='/oauth/token_key'], Ant [pattern='/oauth/check_token']]], [org.springframework.security.web.context.request.async.WebAsyncManagerIntegrationFilter@27db4caf, org.springframework.security.web.context.SecurityContextPersistenceFilter@45bf34c3, org.springframework.security.web.header.HeaderWriterFilter@634fe80, org.springframework.security.web.authentication.logout.LogoutFilter@55d757cb, org.springframework.web.filter.CorsFilter@260bc9fc, org.springframework.security.web.authentication.www.BasicAuthenticationFilter@604fd07, org.springframework.security.web.savedrequest.RequestCacheAwareFilter@b0b5ac0, org.springframework.security.web.servletapi.SecurityContextHolderAwareRequestFilter@1c152798, org.springframework.security.web.authentication.AnonymousAuthenticationFilter@589095cc, org.springframework.security.web.session.SessionManagementFilter@1ace3348, org.springframework.security.web.access.ExceptionTranslationFilter@142d4884, org.springframework.security.web.access.intercept.FilterSecurityInterceptor@5004aaf8]
Feb 22, 2021 3:06:46 PM org.springframework.security.web.DefaultSecurityFilterChain <init>
INFO: Creating filter chain: any request, [org.springframework.security.web.context.request.async.WebAsyncManagerIntegrationFilter@247b7952, org.springframework.security.web.context.SecurityContextPersistenceFilter@8562d23, org.springframework.security.web.header.HeaderWriterFilter@9b08cc2, org.springframework.web.filter.CorsFilter@260bc9fc, org.springframework.security.web.authentication.logout.LogoutFilter@72aae782, org.springframework.security.web.savedrequest.RequestCacheAwareFilter@51ee3ec7, org.springframework.security.web.servletapi.SecurityContextHolderAwareRequestFilter@1f18a93b, org.springframework.security.web.session.SessionManagementFilter@519b763f, org.springframework.security.web.access.ExceptionTranslationFilter@70013b40]
Feb 22, 2021 3:06:46 PM org.springframework.web.context.ContextLoader initWebApplicationContext
INFO: Root WebApplicationContext initialized in 12181 ms
Feb 22, 2021 3:06:46 PM org.springframework.scheduling.concurrent.E**cutorConfigurationSupport shutdown
INFO: Shutting down E**cutorService 'entandoScheduler'
Feb 22, 2021 3:06:48 PM org.entando.entando.ent.util.EntLogging$EntLogger info
INFO: + [ Component: Core ] :: DATA
|   
Feb 22, 2021 3:06:48 PM org.entando.entando.ent.util.EntLogging$EntLogger info
INFO: + [ Component: jacms ] :: DATA
|   
Feb 22, 2021 3:06:48 PM org.entando.entando.ent.util.EntLogging$EntLogger info
INFO: + [ Component: entando-*****-console ] :: DATA
|   
Feb 22, 2021 3:06:48 PM org.entando.entando.ent.util.EntLogging$EntLogger info
INFO: + [ Component: entando-portal-ui ] :: DATA
|   
Feb 22, 2021 3:06:48 PM org.entando.entando.ent.util.EntLogging$EntLogger info
INFO: + [ Component: jpseo ] :: DATA
|   
Feb 22, 2021 3:06:48 PM org.entando.entando.ent.util.EntLogging$EntLogger info
INFO: + [ Component: Core ] :: DATA
|   
Feb 22, 2021 3:06:48 PM org.entando.entando.ent.util.EntLogging$EntLogger info
INFO: + [ Component: jacms ] :: DATA
|   
Feb 22, 2021 3:06:48 PM org.entando.entando.ent.util.EntLogging$EntLogger info
INFO: + [ Component: entando-*****-console ] :: DATA
|   
Feb 22, 2021 3:06:48 PM org.entando.entando.ent.util.EntLogging$EntLogger info
INFO: + [ Component: entando-portal-ui ] :: DATA
|   
Feb 22, 2021 3:06:48 PM org.entando.entando.ent.util.EntLogging$EntLogger info
INFO: + [ Component: jpseo ] :: DATA
|   
Feb 22, 2021 3:06:56 PM org.springframework.scheduling.concurrent.E**cutorConfigurationSupport initialize
INFO: Initializing E**cutorService 'entandoScheduler'
Feb 22, 2021 3:06:58 PM org.springframework.security.web.DefaultSecurityFilterChain <init>
INFO: Creating filter chain: OrRequestMatcher [requestMatchers=[Ant [pattern='/oauth/token'], Ant [pattern='/oauth/token_key'], Ant [pattern='/oauth/check_token']]], [org.springframework.security.web.context.request.async.WebAsyncManagerIntegrationFilter@8857db6, org.springframework.security.web.context.SecurityContextPersistenceFilter@b510f47, org.springframework.security.web.header.HeaderWriterFilter@69ba1ab6, org.springframework.security.web.authentication.logout.LogoutFilter@5d55a8e, org.springframework.web.filter.CorsFilter@6ae3397b, org.springframework.security.web.authentication.www.BasicAuthenticationFilter@550bdbba, org.springframework.security.web.savedrequest.RequestCacheAwareFilter@2dbd6d8a, org.springframework.security.web.servletapi.SecurityContextHolderAwareRequestFilter@47992484, org.springframework.security.web.authentication.AnonymousAuthenticationFilter@68b527ae, org.springframework.security.web.session.SessionManagementFilter@7003b3be, org.springframework.security.web.access.ExceptionTranslationFilter@573b9dab, org.springframework.security.web.access.intercept.FilterSecurityInterceptor@285ee4ff]
Feb 22, 2021 3:06:58 PM org.springframework.security.web.DefaultSecurityFilterChain <init>
INFO: Creating filter chain: any request, [org.springframework.security.web.context.request.async.WebAsyncManagerIntegrationFilter@792ee80, org.springframework.security.web.context.SecurityContextPersistenceFilter@5e749f17, org.springframework.security.web.header.HeaderWriterFilter@3b6e7a34, org.springframework.web.filter.CorsFilter@6ae3397b, org.springframework.security.web.authentication.logout.LogoutFilter@550cf5a1, org.springframework.security.web.savedrequest.RequestCacheAwareFilter@6e11dc33, org.springframework.security.web.servletapi.SecurityContextHolderAwareRequestFilter@3d5f67cc, org.springframework.security.web.session.SessionManagementFilter@1271cac9, org.springframework.security.web.access.ExceptionTranslationFilter@a0095e3]
Feb 22, 2021 3:06:58 PM org.springframework.scheduling.concurrent.E**cutorConfigurationSupport shutdown
INFO: Shutting down E**cutorService 'entandoScheduler'
[INFO] Tests run: 1, Failures: 0, Errors: 0, Skipped: 0, Time elapsed: 23.933 s - in org.entando.entando.plugins.jpseo.aps.******.services.page.SeoPageServiceTest
[INFO] Running org.entando.entando.plugins.jpseo.web.page.SeoPageControllerTest
[INFO ] 2021-02-22 15:06:59.055 [main] Version - HV000001: Hibernate Validator 6.0.17.Final
Feb 22, 2021 3:06:59 PM org.springframework.mock.web.MockServletContext log
INFO: Initializing Spring TestDispatcherServlet ''
Feb 22, 2021 3:06:59 PM org.springframework.web.servlet.FrameworkServlet initServletBean
INFO: Initializing Servlet ''
Feb 22, 2021 3:06:59 PM org.springframework.web.servlet.FrameworkServlet initServletBean
INFO: Completed initialization in 0 ms
Feb 22, 2021 3:06:59 PM org.springframework.mock.web.MockServletContext log
INFO: Initializing Spring TestDispatcherServlet ''
Feb 22, 2021 3:06:59 PM org.springframework.web.servlet.FrameworkServlet initServletBean
INFO: Initializing Servlet ''
Feb 22, 2021 3:06:59 PM org.springframework.web.servlet.FrameworkServlet initServletBean
INFO: Completed initialization in 0 ms
[INFO] Tests run: 2, Failures: 0, Errors: 0, Skipped: 0, Time elapsed: 1.603 s - in org.entando.entando.plugins.jpseo.web.page.SeoPageControllerTest
[INFO] Running org.entando.entando.plugins.jpseo.web.page.SeoPageControllerIntegrationTest
Feb 22, 2021 3:07:00 PM org.springframework.test.context.support.AbstractTestContextBootstrapper getDefaultTestE**cutionListenerClassNames
INFO: Loaded default TestE**cutionListener class names from location [META-INF/spring.factories]: [org.springframework.test.context.web.ServletTestE**cutionListener, org.springframework.test.context.support.DirtiesContextBeforeModesTestE**cutionListener, org.springframework.test.context.support.DependencyInjectionTestE**cutionListener, org.springframework.test.context.support.DirtiesContextTestE**cutionListener, org.springframework.test.context.transaction.TransactionalTestE**cutionListener, org.springframework.test.context.jdbc.SqlScriptsTestE**cutionListener]
Feb 22, 2021 3:07:00 PM org.springframework.test.context.support.AbstractTestContextBootstrapper getTestE**cutionListeners
INFO: Using TestE**cutionListeners: [org.springframework.test.context.web.ServletTestE**cutionListener@4dec69, org.springframework.test.context.support.DirtiesContextBeforeModesTestE**cutionListener@3c5984e, org.springframework.test.context.support.DependencyInjectionTestE**cutionListener@7547705d, org.springframework.test.context.support.DirtiesContextTestE**cutionListener@152f66b7, org.springframework.test.context.transaction.TransactionalTestE**cutionListener@7aeeeedf, org.springframework.test.context.jdbc.SqlScriptsTestE**cutionListener@55c61e24]
Feb 22, 2021 3:07:00 PM org.springframework.mock.jndi.SimpleNamingContextBuilder bind
INFO: Static JNDI binding: [java:comp/env/logName] = [/workspace/source/target/test/entando-plugin-jpseo]
Feb 22, 2021 3:07:00 PM org.springframework.mock.jndi.SimpleNamingContextBuilder bind
INFO: Static JNDI binding: [java:comp/env/logFileRotatePattern] = [/workspace/source/target/test/entando-plugin-jpseo_logs/entando-plugin-jpseo-%i.log.gz]
Feb 22, 2021 3:07:00 PM org.springframework.mock.jndi.SimpleNamingContextBuilder bind
INFO: Static JNDI binding: [java:comp/env/logLevel] = [ERROR]
Feb 22, 2021 3:07:00 PM org.springframework.mock.jndi.SimpleNamingContextBuilder bind
INFO: Static JNDI binding: [java:comp/env/logFileSize] = [1048576]
Feb 22, 2021 3:07:00 PM org.springframework.mock.jndi.SimpleNamingContextBuilder bind
INFO: Static JNDI binding: [java:comp/env/logFilesCount] = [10]
Feb 22, 2021 3:07:00 PM org.springframework.mock.jndi.SimpleNamingContextBuilder bind
INFO: Static JNDI binding: [java:comp/env/configVersion] = [test]
Feb 22, 2021 3:07:00 PM org.springframework.mock.jndi.SimpleNamingContextBuilder bind
INFO: Static JNDI binding: [java:comp/env/applicationBaseURL] = [/Entando/]
Feb 22, 2021 3:07:00 PM org.springframework.mock.jndi.SimpleNamingContextBuilder bind
INFO: Static JNDI binding: [java:comp/env/resourceRootURL] = [/Entando/resources/]
Feb 22, 2021 3:07:00 PM org.springframework.mock.jndi.SimpleNamingContextBuilder bind
INFO: Static JNDI binding: [java:comp/env/protectedResourceRootURL] = [/Entando/protected/]
Feb 22, 2021 3:07:00 PM org.springframework.mock.jndi.SimpleNamingContextBuilder bind
INFO: Static JNDI binding: [java:comp/env/resourceDiskRootFolder] = [target/test/resources/]
Feb 22, 2021 3:07:00 PM org.springframework.mock.jndi.SimpleNamingContextBuilder bind
INFO: Static JNDI binding: [java:comp/env/protectedResourceDiskRootFolder] = [target/test/protected/]
Feb 22, 2021 3:07:00 PM org.springframework.mock.jndi.SimpleNamingContextBuilder bind
INFO: Static JNDI binding: [java:comp/env/indexDiskRootFolder] = [target/test/indexdir]
Feb 22, 2021 3:07:00 PM org.springframework.mock.jndi.SimpleNamingContextBuilder bind
INFO: Static JNDI binding: [java:comp/env/portDataSourceClassName] = [org.apache.derby.jdbc.EmbeddedDriver]
Feb 22, 2021 3:07:00 PM org.springframework.mock.jndi.SimpleNamingContextBuilder bind
INFO: Static JNDI binding: [java:comp/env/servDataSourceClassName] = [org.apache.derby.jdbc.EmbeddedDriver]
Feb 22, 2021 3:07:00 PM org.springframework.mock.jndi.SimpleNamingContextBuilder bind
INFO: Static JNDI binding: [java:comp/env/portDataSourceClassName] = [org.apache.derby.jdbc.EmbeddedDriver]
Feb 22, 2021 3:07:00 PM org.springframework.mock.jndi.SimpleNamingContextBuilder bind
INFO: Static JNDI binding: [java:comp/env/logActiveFileOutput] = [false]
Feb 22, 2021 3:07:00 PM org.springframework.mock.jndi.SimpleNamingContextBuilder bind
INFO: Static JNDI binding: [java:comp/env/jdbc.servDb.url] = [jdbc:derby:/workspace/source/target/test/db/entando-plugin-jpseotestServ;create=****]
Feb 22, 2021 3:07:00 PM org.springframework.mock.jndi.SimpleNamingContextBuilder bind
INFO: Static JNDI binding: [java:comp/env/servDataSourceClassName] = [org.apache.derby.jdbc.EmbeddedDriver]
Feb 22, 2021 3:07:00 PM org.springframework.mock.jndi.SimpleNamingContextBuilder bind
INFO: Static JNDI binding: [java:comp/env/logFilesCount] = [10]
Feb 22, 2021 3:07:00 PM org.springframework.mock.jndi.SimpleNamingContextBuilder bind
INFO: Static JNDI binding: [java:comp/env/applicationBaseURL] = [/Entando/]
Feb 22, 2021 3:07:00 PM org.springframework.mock.jndi.SimpleNamingContextBuilder bind
INFO: Static JNDI binding: [java:comp/env/jdbc.portDb.password] = [agile]
Feb 22, 2021 3:07:00 PM org.springframework.mock.jndi.SimpleNamingContextBuilder bind
INFO: Static JNDI binding: [java:comp/env/logLevel] = [ERROR]
Feb 22, 2021 3:07:00 PM org.springframework.mock.jndi.SimpleNamingContextBuilder bind
INFO: Static JNDI binding: [java:comp/env/indexDiskRootFolder] = [target/test/indexdir]
Feb 22, 2021 3:07:00 PM org.springframework.mock.jndi.SimpleNamingContextBuilder bind
INFO: Static JNDI binding: [java:comp/env/logFileSize] = [1048576]
Feb 22, 2021 3:07:00 PM org.springframework.mock.jndi.SimpleNamingContextBuilder bind
INFO: Static JNDI binding: [java:comp/env/resourceDiskRootFolder] = [target/test/resources/]
Feb 22, 2021 3:07:00 PM org.springframework.mock.jndi.SimpleNamingContextBuilder bind
INFO: Static JNDI binding: [java:comp/env/protectedResourceRootURL] = [/Entando/protected/]
Feb 22, 2021 3:07:00 PM org.springframework.mock.jndi.SimpleNamingContextBuilder bind
INFO: Static JNDI binding: [java:comp/env/resourceRootURL] = [/Entando/resources/]
Feb 22, 2021 3:07:00 PM org.springframework.mock.jndi.SimpleNamingContextBuilder bind
INFO: Static JNDI binding: [java:comp/env/configVersion] = [test]
Feb 22, 2021 3:07:00 PM org.springframework.mock.jndi.SimpleNamingContextBuilder bind
INFO: Static JNDI binding: [java:comp/env/jdbc.servDb.beanName] = [servDataSource]
Feb 22, 2021 3:07:00 PM org.springframework.mock.jndi.SimpleNamingContextBuilder bind
INFO: Static JNDI binding: [java:comp/env/jdbc.portDb.url] = [jdbc:derby:/workspace/source/target/test/db/entando-plugin-jpseotestPort;create=****]
Feb 22, 2021 3:07:00 PM org.springframework.mock.jndi.SimpleNamingContextBuilder bind
INFO: Static JNDI binding: [java:comp/env/jdbc.servDb.driverClassName] = [org.apache.derby.jdbc.EmbeddedDriver]
Feb 22, 2021 3:07:00 PM org.springframework.mock.jndi.SimpleNamingContextBuilder bind
INFO: Static JNDI binding: [java:comp/env/protectedResourceDiskRootFolder] = [target/test/protected/]
Feb 22, 2021 3:07:00 PM org.springframework.mock.jndi.SimpleNamingContextBuilder bind
INFO: Static JNDI binding: [java:comp/env/jdbc.portDb.beanName] = [portDataSource]
Feb 22, 2021 3:07:00 PM org.springframework.mock.jndi.SimpleNamingContextBuilder bind
INFO: Static JNDI binding: [java:comp/env/jdbc.servDb.password] = [agile]
Feb 22, 2021 3:07:00 PM org.springframework.mock.jndi.SimpleNamingContextBuilder bind
INFO: Static JNDI binding: [java:comp/env/jdbc.portDb.driverClassName] = [org.apache.derby.jdbc.EmbeddedDriver]
Feb 22, 2021 3:07:00 PM org.springframework.mock.jndi.SimpleNamingContextBuilder bind
INFO: Static JNDI binding: [java:comp/env/jdbc.portDb.username] = [agile]
Feb 22, 2021 3:07:00 PM org.springframework.mock.jndi.SimpleNamingContextBuilder bind
INFO: Static JNDI binding: [java:comp/env/jdbc.servDb.username] = [agile]
Feb 22, 2021 3:07:00 PM org.springframework.mock.jndi.SimpleNamingContextBuilder bind
INFO: Static JNDI binding: [java:comp/env/logName] = [/workspace/source/target/test/entando-plugin-jpseo]
Feb 22, 2021 3:07:00 PM org.springframework.mock.jndi.SimpleNamingContextBuilder bind
INFO: Static JNDI binding: [java:comp/env/logFileRotatePattern] = [/workspace/source/target/test/entando-plugin-jpseo_logs/entando-plugin-jpseo-%i.log.gz]
Feb 22, 2021 3:07:00 PM org.springframework.mock.jndi.SimpleNamingContextBuilder bind
INFO: Static JNDI binding: [java:comp/env/jdbc/servDataSource] = [org.apache.commons.dbcp2.BasicDataSource@5f307894]
Feb 22, 2021 3:07:00 PM org.springframework.mock.jndi.SimpleNamingContextBuilder bind
INFO: Static JNDI binding: [java:comp/env/jdbc/portDataSource] = [org.apache.commons.dbcp2.BasicDataSource@1a78b603]
Feb 22, 2021 3:07:00 PM org.springframework.mock.jndi.SimpleNamingContextBuilder activate
INFO: Activating simple JNDI environment
Feb 22, 2021 3:07:03 PM org.entando.entando.ent.util.EntLogging$EntLogger info
INFO: + [ Component: Core ] :: DATA
|   
Feb 22, 2021 3:07:03 PM org.entando.entando.ent.util.EntLogging$EntLogger info
INFO: + [ Component: jacms ] :: DATA
|   
Feb 22, 2021 3:07:03 PM org.entando.entando.ent.util.EntLogging$EntLogger info
INFO: + [ Component: entando-*****-console ] :: DATA
|   
Feb 22, 2021 3:07:03 PM org.entando.entando.ent.util.EntLogging$EntLogger info
INFO: + [ Component: entando-portal-ui ] :: DATA
|   
Feb 22, 2021 3:07:03 PM org.entando.entando.ent.util.EntLogging$EntLogger info
INFO: + [ Component: jpseo ] :: DATA
|   
Feb 22, 2021 3:07:03 PM org.entando.entando.ent.util.EntLogging$EntLogger info
INFO: + [ Component: Core ] :: DATA
|   
Feb 22, 2021 3:07:03 PM org.entando.entando.ent.util.EntLogging$EntLogger info
INFO: + [ Component: jacms ] :: DATA
|   
Feb 22, 2021 3:07:03 PM org.entando.entando.ent.util.EntLogging$EntLogger info
INFO: + [ Component: entando-*****-console ] :: DATA
|   
Feb 22, 2021 3:07:03 PM org.entando.entando.ent.util.EntLogging$EntLogger info
INFO: + [ Component: entando-portal-ui ] :: DATA
|   
Feb 22, 2021 3:07:03 PM org.entando.entando.ent.util.EntLogging$EntLogger info
INFO: + [ Component: jpseo ] :: DATA
|   
Feb 22, 2021 3:07:12 PM org.springframework.scheduling.concurrent.E**cutorConfigurationSupport initialize
INFO: Initializing E**cutorService 'entandoScheduler'
Feb 22, 2021 3:07:15 PM org.springframework.security.web.DefaultSecurityFilterChain <init>
INFO: Creating filter chain: OrRequestMatcher [requestMatchers=[Ant [pattern='/oauth/token'], Ant [pattern='/oauth/token_key'], Ant [pattern='/oauth/check_token']]], [org.springframework.security.web.context.request.async.WebAsyncManagerIntegrationFilter@55c438c6, org.springframework.security.web.context.SecurityContextPersistenceFilter@6c492e2b, org.springframework.security.web.header.HeaderWriterFilter@47d5677c, org.springframework.security.web.authentication.logout.LogoutFilter@b30dfa9, org.springframework.web.filter.CorsFilter@4b4c8a3c, org.springframework.security.web.authentication.www.BasicAuthenticationFilter@7b37349a, org.springframework.security.web.savedrequest.RequestCacheAwareFilter@7ecfb065, org.springframework.security.web.servletapi.SecurityContextHolderAwareRequestFilter@27830c6a, org.springframework.security.web.authentication.AnonymousAuthenticationFilter@49d88dcf, org.springframework.security.web.session.SessionManagementFilter@2cfde293, org.springframework.security.web.access.ExceptionTranslationFilter@5479fc44, org.springframework.security.web.access.intercept.FilterSecurityInterceptor@74ede241]
Feb 22, 2021 3:07:15 PM org.springframework.security.web.DefaultSecurityFilterChain <init>
INFO: Creating filter chain: any request, [org.springframework.security.web.context.request.async.WebAsyncManagerIntegrationFilter@afdfd0, org.springframework.security.web.context.SecurityContextPersistenceFilter@1a38d225, org.springframework.security.web.header.HeaderWriterFilter@5cafc2b9, org.springframework.web.filter.CorsFilter@4b4c8a3c, org.springframework.security.web.authentication.logout.LogoutFilter@22d77915, org.springframework.security.web.savedrequest.RequestCacheAwareFilter@344516eb, org.springframework.security.web.servletapi.SecurityContextHolderAwareRequestFilter@626cf956, org.springframework.security.web.session.SessionManagementFilter@30cd8c10, org.springframework.security.web.access.ExceptionTranslationFilter@7fe5daba]
Feb 22, 2021 3:07:15 PM org.springframework.mock.web.MockServletContext log
INFO: Initializing Spring TestDispatcherServlet ''
Feb 22, 2021 3:07:15 PM org.springframework.web.servlet.FrameworkServlet initServletBean
INFO: Initializing Servlet ''
Feb 22, 2021 3:07:15 PM org.springframework.web.servlet.FrameworkServlet initServletBean
INFO: Completed initialization in 73 ms
Feb 22, 2021 3:07:16 PM org.entando.entando.ent.util.EntLogging$EntLogger error
SEVERE: Invalid friendly Code test_page_2_it
Feb 22, 2021 3:07:16 PM org.springframework.mock.web.MockServletContext log
INFO: Initializing Spring TestDispatcherServlet ''
Feb 22, 2021 3:07:16 PM org.springframework.web.servlet.FrameworkServlet initServletBean
INFO: Initializing Servlet ''
Feb 22, 2021 3:07:16 PM org.springframework.web.servlet.FrameworkServlet initServletBean
INFO: Completed initialization in 2 ms
Feb 22, 2021 3:07:16 PM org.springframework.mock.web.MockServletContext log
INFO: Initializing Spring TestDispatcherServlet ''
Feb 22, 2021 3:07:16 PM org.springframework.web.servlet.FrameworkServlet initServletBean
INFO: Initializing Servlet ''
Feb 22, 2021 3:07:16 PM org.springframework.web.servlet.FrameworkServlet initServletBean
INFO: Completed initialization in 3 ms
Feb 22, 2021 3:07:16 PM org.springframework.mock.web.MockServletContext log
INFO: Initializing Spring TestDispatcherServlet ''
Feb 22, 2021 3:07:16 PM org.springframework.web.servlet.FrameworkServlet initServletBean
INFO: Initializing Servlet ''
Feb 22, 2021 3:07:16 PM org.springframework.web.servlet.FrameworkServlet initServletBean
INFO: Completed initialization in 4 ms
Feb 22, 2021 3:07:16 PM org.springframework.mock.web.MockServletContext log
INFO: Initializing Spring TestDispatcherServlet ''
Feb 22, 2021 3:07:16 PM org.springframework.web.servlet.FrameworkServlet initServletBean
INFO: Initializing Servlet ''
Feb 22, 2021 3:07:16 PM org.springframework.web.servlet.FrameworkServlet initServletBean
INFO: Completed initialization in 3 ms
Feb 22, 2021 3:07:16 PM org.springframework.mock.web.MockServletContext log
INFO: Initializing Spring TestDispatcherServlet ''
Feb 22, 2021 3:07:16 PM org.springframework.web.servlet.FrameworkServlet initServletBean
INFO: Initializing Servlet ''
Feb 22, 2021 3:07:16 PM org.springframework.web.servlet.FrameworkServlet initServletBean
INFO: Completed initialization in 3 ms
Feb 22, 2021 3:07:18 PM org.entando.entando.ent.util.EntLogging$EntLogger error
SEVERE: Invalid friendly Code test_page_2_fc_it
Feb 22, 2021 3:07:19 PM org.entando.entando.ent.util.EntLogging$EntLogger error
SEVERE: Invalid friendly Code test_page_2_fc_en
Feb 22, 2021 3:07:19 PM org.springframework.mock.web.MockServletContext log
INFO: Initializing Spring TestDispatcherServlet ''
Feb 22, 2021 3:07:19 PM org.springframework.web.servlet.FrameworkServlet initServletBean
INFO: Initializing Servlet ''
Feb 22, 2021 3:07:19 PM org.springframework.web.servlet.FrameworkServlet initServletBean
INFO: Completed initialization in 3 ms
Feb 22, 2021 3:07:19 PM org.springframework.mock.web.MockServletContext log
INFO: Initializing Spring TestDispatcherServlet ''
Feb 22, 2021 3:07:19 PM org.springframework.web.servlet.FrameworkServlet initServletBean
INFO: Initializing Servlet ''
Feb 22, 2021 3:07:19 PM org.springframework.web.servlet.FrameworkServlet initServletBean
INFO: Completed initialization in 5 ms
[INFO] Tests run: 8, Failures: 0, Errors: 0, Skipped: 0, Time elapsed: 19.617 s - in org.entando.entando.plugins.jpseo.web.page.SeoPageControllerIntegrationTest
[INFO] 
[INFO] Results:
[INFO] 
[INFO] Tests run: 42, Failures: 0, Errors: 0, Skipped: 0
[INFO] 
[INFO] 
[INFO] --- maven-war-plugin:2.1.1:war (default-war) @ entando-plugin-jpseo ---
[INFO] Packaging webapp
[INFO] Assembling webapp [entando-plugin-jpseo] in [/workspace/source/target/entando-plugin-jpseo-0.0.0-SNAPSHOT-PR-33-2]
[INFO] Processing war project
[INFO] Copying webapp resources [/workspace/source/src/main/webapp]
[INFO] Building jar: /workspace/source/target/entando-plugin-jpseo-0.0.0-SNAPSHOT-PR-33-2/WEB-INF/lib/entando-plugin-jpseo-0.0.0-SNAPSHOT-PR-33-2.jar
[INFO] Webapp assembled in [1044 msecs]
[INFO] Building war: /workspace/source/target/entando-plugin-jpseo-0.0.0-SNAPSHOT-PR-33-2.war
[INFO] 
[INFO] --- maven-assembly-plugin:2.2.1:single (package-classes) @ entando-plugin-jpseo ---
[INFO] Reading assembly descriptor: /workspace/source/src/main/assembly/classes.xml
[INFO] Building jar: /workspace/source/target/entando-plugin-jpseo-0.0.0-SNAPSHOT-PR-33-2-classes.jar
[INFO] 
[INFO] --- maven-jar-plugin:3.2.0:test-jar (build-test-jar) @ entando-plugin-jpseo ---
[INFO] Building jar: /workspace/source/target/entando-plugin-jpseo-0.0.0-SNAPSHOT-PR-33-2-tests.jar
[INFO] 
[INFO] --- maven-surefire-report-plugin:3.0.0-M4:failsafe-report-only (integration-tests) @ entando-plugin-jpseo ---
[INFO] 
[INFO] --- dependency-check-maven:5.3.2:aggregate (default) @ entando-plugin-jpseo ---
[INFO] Skipping National Vulnerability Database Report
[INFO] 
[INFO] --- jacoco-maven-plugin:0.8.5:report (report) @ entando-plugin-jpseo ---
[INFO] Loading e**cution data file /workspace/source/target/jacoco.e**c
[INFO] Analyzed bundle 'Entando Plugin: SEO' with 44 classes
[INFO] 
[INFO] --- maven-surefire-report-plugin:3.0.0-M4:report-only (unit-tests) @ entando-plugin-jpseo ---
[WARNING] Unable to locate Test Source XRef to link to - DISABLED
[INFO] 
[INFO] --- maven-install-plugin:2.4:install (default-install) @ entando-plugin-jpseo ---
[INFO] Installing /workspace/source/target/entando-plugin-jpseo-0.0.0-SNAPSHOT-PR-33-2.war to /home/jenkins/.mvnrepository/org/entando/entando/plugins/entando-plugin-jpseo/0.0.0-SNAPSHOT-PR-33-2/entando-plugin-jpseo-0.0.0-SNAPSHOT-PR-33-2.war
[INFO] Installing /workspace/source/pom.xml to /home/jenkins/.mvnrepository/org/entando/entando/plugins/entando-plugin-jpseo/0.0.0-SNAPSHOT-PR-33-2/entando-plugin-jpseo-0.0.0-SNAPSHOT-PR-33-2.pom
[INFO] Installing /workspace/source/target/entando-plugin-jpseo-0.0.0-SNAPSHOT-PR-33-2-classes.jar to /home/jenkins/.mvnrepository/org/entando/entando/plugins/entando-plugin-jpseo/0.0.0-SNAPSHOT-PR-33-2/entando-plugin-jpseo-0.0.0-SNAPSHOT-PR-33-2-classes.jar
[INFO] Installing /workspace/source/target/entando-plugin-jpseo-0.0.0-SNAPSHOT-PR-33-2-tests.jar to /home/jenkins/.mvnrepository/org/entando/entando/plugins/entando-plugin-jpseo/0.0.0-SNAPSHOT-PR-33-2/entando-plugin-jpseo-0.0.0-SNAPSHOT-PR-33-2-tests.jar
[INFO] 
[INFO] --- maven-deploy-plugin:2.8.2:deploy (default-deploy) @ entando-plugin-jpseo ---
[INFO] Using alternate deployment repository local-nexus::default::http://nexus/repository/maven-releases/
[INFO] 
[INFO] ----------< org.entando.entando.plugins:entando-plugin-jpseo >----------
[INFO] Building Entando Plugin: SEO 0.0.0-SNAPSHOT-PR-33-2
[INFO] --------------------------------[ war ]---------------------------------
[INFO] 
[INFO] --- sonar-maven-plugin:3.8.0.2131:sonar (default-cli) @ entando-plugin-jpseo ---
[INFO] User cache: /****/.sonar/cache
[INFO] SonarQube version: 8.5.0
[INFO] Default locale: "en_US", source code encoding: "UTF-8"
[INFO] Load global settings
[INFO] Load global settings (done) | time=402ms
[INFO] Server id: 1BD809FA-AWHW8ct9-T_TB3XqouNu
[INFO] User cache: /****/.sonar/cache
[INFO] Load/download plugins
[INFO] Load plugins index
[INFO] Load plugins index (done) | time=85ms
[INFO] Load/download plugins (done) | time=25529ms
[INFO] Loaded core extensions: developer-scanner
[INFO] JavaScript/TypeScript frontend is enabled
[INFO] Load project settings for component key: 'entando_entando-plugin-jpseo'
[INFO] Load project settings for component key: 'entando_entando-plugin-jpseo' (done) | time=28ms
[INFO] Process project properties
[INFO] E**cute project builders
[INFO] E**cute project builders (done) | time=3ms
[INFO] Project key: entando_entando-plugin-jpseo
[INFO] Base dir: /workspace/source
[INFO] Working dir: /workspace/source/target/sonar
[INFO] Load project branches
[INFO] Load project branches (done) | time=28ms
[INFO] Check ALM binding of project 'entando_entando-plugin-jpseo'
[INFO] Detected project binding: NOT_BOUND
[INFO] Check ALM binding of project 'entando_entando-plugin-jpseo' (done) | time=22ms
[INFO] Load project pull requests
[INFO] Load project pull requests (done) | time=202ms
[INFO] Load branch configuration
[INFO] Load branch configuration (done) | time=3ms
[INFO] Load quality profiles
[INFO] Load quality profiles (done) | time=250ms
[INFO] Load active rules
[INFO] Load active rules (done) | time=1605ms
[INFO] Organization key: entando
[INFO] Pull request 33 for merge into master from PR-33
[INFO] SCM collecting changed files in the branch
[WARNING] Exception caught during e**cution of command '[/usr/local/git/bin/git, config, --******, --edit]' in '/usr/local/git/bin', return code '128', error message 'fatal: Invalid path '/usr/local/git/etc': No such file or directory
'
[INFO] SCM collecting changed files in the branch (done) | time=561ms
[INFO] Indexing files...
[INFO] Project configuration:
[INFO] 92 files inde**d
[INFO] 0 files ignored because of scm ignore settings
[INFO] Quality profile for css: Sonar way
[INFO] Quality profile for java: Sonar way
[INFO] Quality profile for jsp: Sonar way
[INFO] Quality profile for xml: Sonar way
[INFO] ------------- Run sensors on module Entando Plugin: SEO
[INFO] JavaScript/TypeScript frontend is enabled
[INFO] Load metrics repository
[INFO] Load metrics repository (done) | time=34ms
[INFO] Sensor JavaSquidSensor [java]
[INFO] Configured Java source version (sonar.java.source): 8
[INFO] JavaClasspath initialization
[INFO] JavaClasspath initialization (done) | time=20ms
[INFO] JavaTestClasspath initialization
[INFO] JavaTestClasspath initialization (done) | time=4ms
Feb 22, 2021 3:08:12 PM org.apache.jasper.servlet.TldScanner scanJars
INFO: At least one JAR was scanned for TLDs yet contained no TLDs. Enable debug logging for this logger for a complete list of JARs that were scanned but no TLDs were found in them. Skipping unneeded JARs during scanning can improve startup time and JSP compilation time.
[WARNING] Some JSP pages failed to transpile. Enable debug log for details.
[INFO] Java Main Files AST scan
[INFO] 50 source files to be analyzed
[INFO] 11/50 files analyzed, current file: src/main/java/org/entando/entando/plugins/jpseo/web/page/validator/SeoPageValidator.java
[INFO] 32/50 files analyzed, current file: src/main/java/org/entando/entando/plugins/jpseo/aps/tags/SiteMapTag.java
[INFO] 45/50 files analyzed, current file: src/main/java/org/entando/entando/plugins/jpseo/aps/******/services/page/SeoPageDAO.java
[INFO] 50/50 source files have been analyzed
[INFO] Slowest analyzed files:
    src/main/java/org/entando/entando/plugins/jpseo/aps*****/content/helper/ContentActionHelperAspect.java (3607ms)
    src/main/java/org/entando/entando/plugins/jpseo/aps*****/portal/PageActionAspect.java (2185ms)
    src/main/java/org/entando/entando/plugins/jpseo/aps/******/services/mapping/SeoMappingManager.java (2173ms)
    src/main/java/org/entando/entando/plugins/jpseo/aps/******/services/page/SeoPageExtraConfigDOM.java (1870ms)
    src/main/java/org/entando/entando/plugins/jpseo/aps*****/portal/SeoPageAction.java (1537ms)
    src/main/java/org/entando/entando/plugins/jpseo/aps/******/services/page/SeoPageMetadata.java (1487ms)
    src/main/java/org/entando/entando/plugins/jpseo/aps/******/services/mapping/cache/SeoMappingCacheWrapper.java (1272ms)
    src/main/java/org/entando/entando/plugins/jpseo/aps/tags/SeoMetatagsTag.java (1207ms)
    src/main/java/org/entando/entando/plugins/jpseo/aps/tags/CurrentPageTag.java (1115ms)
    src/main/java/org/entando/entando/plugins/jpseo/aps/******/services/page/SeoPageService.java (1075ms)
[INFO] Java Main Files AST scan (done) | time=31501ms
[INFO] Java Test Files AST scan
[INFO] 12 source files to be analyzed
[INFO] Java Test Files AST scan (done) | time=2958ms
[INFO] 12/12 source files have been analyzed
[INFO] Java Generated Files AST scan
[INFO] 5 source files to be analyzed
[INFO] Java Generated Files AST scan (done) | time=3658ms
[INFO] Sensor JavaSquidSensor [java] (done) | time=42042ms
[INFO] Sensor SonarCSS Metrics [cssfamily]
[INFO] 5/5 source files have been analyzed
[INFO] Sensor SonarCSS Metrics [cssfamily] (done) | time=65ms
[INFO] Sensor SonarCSS Rules [cssfamily]
[INFO] 1 source files to be analyzed
[INFO] 1/1 source files have been analyzed
[INFO] Sensor SonarCSS Rules [cssfamily] (done) | time=5942ms
[INFO] Sensor C# Properties [csharp]
[INFO] Sensor C# Properties [csharp] (done) | time=2ms
[INFO] Sensor Import of Checkstyle issues [java]
[WARNING] Checkstyle report not found: /workspace/source/target/checkstyle-result.xml
[INFO] Sensor Import of Checkstyle issues [java] (done) | time=4ms
[INFO] Sensor SurefireSensor [java]
[INFO] parsing [/workspace/source/target/surefire-reports]
[INFO] Sensor SurefireSensor [java] (done) | time=93ms
[INFO] Sensor JavaXmlSensor [java]
[INFO] 6 source files to be analyzed
[INFO] 6/6 source files have been analyzed
[INFO] Sensor JavaXmlSensor [java] (done) | time=504ms
[INFO] Sensor HTML [web]
[INFO] Sensor HTML [web] (done) | time=286ms
[INFO] Sensor XML Sensor [xml]
[INFO] 6 source files to be analyzed
[INFO] 6/6 source files have been analyzed
[INFO] Sensor XML Sensor [xml] (done) | time=559ms
[INFO] Sensor VB.NET Properties [vbnet]
[INFO] Sensor VB.NET Properties [vbnet] (done) | time=1ms
[INFO] Sensor JaCoCo XML Report Importer [jacoco]
[INFO] Importing 1 report(s). Turn your logs in debug mode in order to see the exhaustive list.
[INFO] Sensor JaCoCo XML Report Importer [jacoco] (done) | time=97ms
[INFO] Sensor ThymeLeaf template sensor [securityjavafrontend]
[INFO] Sensor ThymeLeaf template sensor [securityjavafrontend] (done) | time=4ms
[INFO] Sensor JavaSecuritySensor [security]
[INFO] Reading type hierarchy from: /workspace/source/target/sonar/ucfg2/java
[INFO] Read 338 type definitions
[INFO] Reading UCFGs from: /workspace/source/target/sonar/ucfg2/java
[INFO] 15:09:00.875107 Building Runtime Type propagation graph
[INFO] 15:09:00.972178 Running Tarjan on 5360 nodes
[INFO] 15:09:00.990714 Tarjan found 5355 components
[INFO] 15:09:01.019105 Variable type analysis: done
[INFO] 15:09:01.024186 Building Runtime Type propagation graph
[INFO] 15:09:01.330411 Running Tarjan on 5360 nodes
[INFO] 15:09:01.342196 Tarjan found 5355 components
[INFO] 15:09:01.363385 Variable type analysis: done
[INFO] Analyzing 700 ucfgs to detect vulnerabilities.
[INFO] All rules entrypoints : 2 Retained UCFGs : 9
[INFO] rule: S5131, entrypoints: 0
[INFO] rule: S5131 done
[INFO] rule: S3649, entrypoints: 0
[INFO] rule: S3649 done
[INFO] rule: S2076, entrypoints: 0
[INFO] rule: S2076 done
[INFO] rule: S2091, entrypoints: 0
[INFO] rule: S2091 done
[INFO] rule: S2078, entrypoints: 0
[INFO] rule: S2078 done
[INFO] rule: S2631, entrypoints: 0
[INFO] rule: S2631 done
[INFO] rule: S5135, entrypoints: 0
[INFO] rule: S5135 done
[INFO] rule: S2083, entrypoints: 2
[INFO] Running symbolic analysis
[INFO] rule: S2083 done
[INFO] rule: S5167, entrypoints: 0
[INFO] rule: S5167 done
[INFO] rule: S5144, entrypoints: 0
[INFO] rule: S5144 done
[INFO] rule: S5145, entrypoints: 0
[INFO] rule: S5145 done
[INFO] rule: S5146, entrypoints: 0
[INFO] rule: S5146 done
[INFO] rule: S5334, entrypoints: 0
[INFO] rule: S5334 done
[INFO] rule: S6096, entrypoints: 0
[INFO] rule: S6096 done
[INFO] Sensor JavaSecuritySensor [security] (done) | time=12327ms
[INFO] Sensor CSharpSecuritySensor [security]
[INFO] Reading type hierarchy from: /workspace/source/target/ucfg_cs2
[INFO] Read 0 type definitions
[INFO] Reading UCFGs from: /workspace/source/target/ucfg_cs2
[INFO] No UCFGs have been included for analysis.
[INFO] Sensor CSharpSecuritySensor [security] (done) | time=1ms
[INFO] Sensor PhpSecuritySensor [security]
[INFO] Reading type hierarchy from: /workspace/source/target/sonar/ucfg2/php
[INFO] Read 0 type definitions
[INFO] Reading UCFGs from: /workspace/source/target/sonar/ucfg2/php
[INFO] No UCFGs have been included for analysis.
[INFO] Sensor PhpSecuritySensor [security] (done) | time=1ms
[INFO] Sensor PythonSecuritySensor [security]
[INFO] Reading type hierarchy from: /workspace/source/target/sonar/ucfg2/python
[INFO] Read 0 type definitions
[INFO] Reading UCFGs from: /workspace/source/target/sonar/ucfg2/python
[INFO] No UCFGs have been included for analysis.
[INFO] Sensor PythonSecuritySensor [security] (done) | time=1ms
[INFO] Sensor JsSecuritySensor [security]
[INFO] Reading type hierarchy from: /workspace/source/target/sonar/ucfg2/js
[INFO] Read 0 type definitions
[INFO] Reading UCFGs from: /workspace/source/target/sonar/ucfg2/js
[INFO] No UCFGs have been included for analysis.
[INFO] Sensor JsSecuritySensor [security] (done) | time=1ms
[INFO] ------------- Run sensors on project
[INFO] Sensor Zero Coverage Sensor
[INFO] Sensor Zero Coverage Sensor (done) | time=1ms
[INFO] Sensor Java CPD Block Inde**r
[INFO] Sensor Java CPD Block Inde**r (done) | time=135ms
[INFO] SCM Publisher SCM provider for this project is: git
[INFO] SCM Publisher 2 source files to be analyzed
[INFO] SCM Publisher 2/2 source files have been analyzed (done) | time=147ms
[INFO] CPD E**cutor 8 files had no CPD blocks
[INFO] CPD E**cutor Calculating CPD for 49 files
[INFO] CPD E**cutor CPD calculation finished (done) | time=76ms
[INFO] SCM writing changed lines
[INFO] SCM writing changed lines (done) | time=59ms
[INFO] Analysis report generated in 262ms, dir size=277 KB
[INFO] Analysis report compressed in 82ms, zip size=110 KB
[INFO] Analysis report uploaded in 120ms
[INFO] ANALYSIS SUCCESSFUL, you can find the results at: https://sonarcloud.io/dashboard?id=entando_entando-plugin-jpseo&pullRequest=33
[INFO] Note that you will be able to access the updated dashboard once the server has processed the submitted analysis report
[INFO] More about the report processing at https://sonarcloud.io/api/ce/task?id=AXfKSYq_f3L1sS3TsPsL
[INFO] Analysis total time: 1:11.892 s
[INFO] ------------------------------------------------------------------------
[INFO] BUILD SUCCESS
[INFO] ------------------------------------------------------------------------
[INFO] Total time:  05:42 min
[INFO] Finished at: 2021-02-22T15:09:13Z
[INFO] ------------------------------------------------------------------------
Picked up _JAVA_OPTIONS: -XX:+UnlockExperimentalVMOptions -Dsun.zip.disableMemoryMapping=**** -XX:+UseParallelGC -XX:MinHeapFreeRatio=5 -XX:MaxHeapFreeRatio=10 -XX:GCTimeRatio=4 -XX:AdaptiveSizePolicyWeight=90 -Xms10m -Xmx8000m
[INFO] Scanning for projects...
[INFO] 
[INFO] ----------< org.entando.entando.plugins:entando-plugin-jpseo >----------
[INFO] Building Entando Plugin: SEO 0.0.0-SNAPSHOT-PR-33-2
[INFO] --------------------------------[ war ]---------------------------------
[WARNING] The POM for com.sun.xml.bind:jaxb-impl:jar:2.2.11 is invalid, transitive dependencies (if any) will not be available, enable debug logging for more details
[INFO] 
[INFO] --- maven-site-plugin:3.9.0:site (default-site) @ entando-plugin-jpseo ---
[INFO] configuring report plugin org.apache.maven.plugins:maven-project-info-reports-plugin:3.0.0
[INFO] 9 reports configured for maven-project-info-reports-plugin:3.0.0: dependency-info, distribution-management, index, ci-management, issue-management, licenses, plugins, scm, summary
[INFO] Rendering site with default locale English (en)
[WARNING] Unable to find a URL to the parent project. The parent menu will NOT be added.
[INFO] Relativizing decoration links with respect to localized project URL: http://www.entando.com/
[INFO] Rendering content with org.apache.maven.skins:maven-default-skin:jar:1.3 skin.
[INFO] Generating "Dependency Information" report --- maven-project-info-reports-plugin:3.0.0:dependency-info
[INFO] Generating "About" report         --- maven-project-info-reports-plugin:3.0.0:index
[INFO] Generating "Issue Management" report --- maven-project-info-reports-plugin:3.0.0:issue-management
[INFO] Generating "Licenses" report      --- maven-project-info-reports-plugin:3.0.0:licenses
[INFO] Generating "Plugins" report       --- maven-project-info-reports-plugin:3.0.0:plugins
[INFO] Generating "Source Code Management" report --- maven-project-info-reports-plugin:3.0.0:scm
[INFO] Generating "Summary" report       --- maven-project-info-reports-plugin:3.0.0:summary
[INFO] ------------------------------------------------------------------------
[INFO] BUILD SUCCESS
[INFO] ------------------------------------------------------------------------
[INFO] Total time:  11.444 s
[INFO] Finished at: 2021-02-22T15:09:26Z
[INFO] ------------------------------------------------------------------------
error: etcdserver: request is too large
Congratulations! No build failures found for entando-plugin-jpseo-PR-33.
