
Showing logs for build [32mentando-k8s-entando-k8s-control-vz9jm-87[0m stage [32mfrom-build-pack[0m and container [32mstep-credential-initializer-s2q85[0m
{"level":"warn","ts":1614592173.1011517,"logger":"fallback-logger","caller":"logging/config.go:69","msg":"Fetch GitHub commit ID from kodata failed: \"ref: refs/heads/0.8.0-**-support-backwards-incompats\" is not a valid GitHub commit ID"}
{"level":"info","ts":1614592173.105506,"logger":"fallback-logger","caller":"creds-init/main.go:40","msg":"Credentials initialized."}

Showing logs for build [32mentando-k8s-entando-k8s-control-vz9jm-87[0m stage [32mfrom-build-pack[0m and container [32mstep-working-dir-initializer-25k88[0m
{"level":"warn","ts":1614592176.3141847,"logger":"fallback-logger","caller":"logging/config.go:69","msg":"Fetch GitHub commit ID from kodata failed: open /var/run/ko/HEAD: no such file or directory"}
{"level":"info","ts":1614592176.326075,"logger":"fallback-logger","caller":"bash/main.go:64","msg":"Successfully e**cuted command \"sh -c mkdir -p /workspace/source\"; output "}

Showing logs for build [32mentando-k8s-entando-k8s-control-vz9jm-87[0m stage [32mfrom-build-pack[0m and container [32mstep-place-tools[0m

Showing logs for build [32mentando-k8s-entando-k8s-control-vz9jm-87[0m stage [32mfrom-build-pack[0m and container [32mstep-git-source-entando-k8s-entando-k8s-control-47xdb[0m
{"level":"warn","ts":1614592198.6512723,"logger":"fallback-logger","caller":"logging/config.go:69","msg":"Fetch GitHub commit ID from kodata failed: \"ref: refs/heads/0.8.0-**-support-backwards-incompats\" is not a valid GitHub commit ID"}
{"level":"info","ts":1614592200.0035326,"logger":"fallback-logger","caller":"git/git.go:103","msg":"Successfully cloned https://github.com/entando-k8s/entando-k8s-controller-coordinator.git @ v6.3.3 in path /workspace/source"}

Showing logs for build [32mentando-k8s-entando-k8s-control-vz9jm-87[0m stage [32mfrom-build-pack[0m and container [32mstep-git-merge[0m
Using SHAs from PULL_REFS=master:6c57a3261a3d0dea2f7724997216c82541fd0b2e
WARNING: no SHAs to merge, falling back to initial cloned commit

Showing logs for build [32mentando-k8s-entando-k8s-control-vz9jm-87[0m stage [32mfrom-build-pack[0m and container [32mstep-setup-jx-git-credentials[0m
Generated Git credentials file /workspace/xdg_config/git/credentials

Showing logs for build [32mentando-k8s-entando-k8s-control-vz9jm-87[0m stage [32mfrom-build-pack[0m and container [32mstep-build-fetch-history-for-sonar[0m
From https://github.com/entando-k8s/entando-k8s-controller-coordinator
 * [new branch]      ENG-1020_keycloak_11    -> origin/ENG-1020_keycloak_11
 * [new branch]      ENG-1829                -> origin/ENG-1829
 * [new branch]      ENG-872_bumped_to_latest -> origin/ENG-872_bumped_to_latest
 * [new branch]      Sprint-rc-update        -> origin/Sprint-rc-update
 * [new branch]      ecr-patch-it-validation -> origin/ecr-patch-it-validation
 * [new branch]      fix-chart-roles-for-minikube -> origin/fix-chart-roles-for-minikube
 * [new branch]      latest-quarkus          -> origin/latest-quarkus
 * [new branch]      master                  -> origin/master
 * [new branch]      poste                   -> origin/poste
 * [new branch]      pr-test                 -> origin/pr-test
 * [new branch]      rel_6.3.0_2             -> origin/rel_6.3.0_2
 * [new branch]      release-6.2.0-sprint-6-rc -> origin/release-6.2.0-sprint-6-rc
 * [new branch]      sprint-5-rc             -> origin/sprint-5-rc
 * [new branch]      sprint-rc-image-update  -> origin/sprint-rc-image-update
 * [new branch]      sprint3-rc              -> origin/sprint3-rc
 * [new branch]      v6.2.0-sprint4-rc       -> origin/v6.2.0-sprint4-rc
 * [new tag]         v6.3.3                  -> v6.3.3
 * [new tag]         Entando6.2.1-pre-test01 -> Entando6.2.1-pre-test01

Showing logs for build [32mentando-k8s-entando-k8s-control-vz9jm-87[0m stage [32mfrom-build-pack[0m and container [32mstep-build-mvn-deploy-release[0m
Picked up _JAVA_OPTIONS: -XX:+UnlockExperimentalVMOptions -Dsun.zip.disableMemoryMapping=**** -XX:+UseParallelGC -XX:MinHeapFreeRatio=5 -XX:MaxHeapFreeRatio=10 -XX:GCTimeRatio=4 -XX:AdaptiveSizePolicyWeight=90 -Xms1000m -Xmx12000m
[INFO] Scanning for projects...
[INFO] 
[INFO] -----------< org.entando:entando-k8s-controller-coordinator >-----------
[INFO] Building Entando K8S Controller Coordinator 6.3.3
[INFO] --------------------------------[ jar ]---------------------------------
[INFO] 
[INFO] --- maven-clean-plugin:2.5:clean (default-clean) @ entando-k8s-controller-coordinator ---
[INFO] 
[INFO] --- maven-checkstyle-plugin:3.1.1:check (validate) @ entando-k8s-controller-coordinator ---
[INFO] Starting audit...
Audit done.
[INFO] You have 0 Checkstyle violations.
[INFO] 
[INFO] --- maven-checkstyle-plugin:3.1.1:checkstyle (validate) @ entando-k8s-controller-coordinator ---
[INFO] Starting audit...
Audit done.
[INFO] 
[INFO] --- jacoco-maven-plugin:0.8.5:prepare-agent (prepare-agent) @ entando-k8s-controller-coordinator ---
[INFO] argLine set to -javaagent:/home/jenkins/.mvnrepository/org/jacoco/org.jacoco.agent/0.8.5/org.jacoco.agent-0.8.5-runtime.jar=destfile=/workspace/source/target/jacoco.e**c
[INFO] 
[INFO] --- maven-resources-plugin:2.6:resources (default-resources) @ entando-k8s-controller-coordinator ---
[INFO] Using 'UTF-8' encoding to copy filtered resources.
[INFO] Copying 3 resources
[INFO] 
[INFO] --- maven-compiler-plugin:3.8.1:compile (default-compile) @ entando-k8s-controller-coordinator ---
[INFO] Changes detected - recompiling the module!
[INFO] Compiling 9 source files to /workspace/source/target/classes
[INFO] 
[INFO] --- maven-resources-plugin:2.6:testResources (default-testResources) @ entando-k8s-controller-coordinator ---
[INFO] Using 'UTF-8' encoding to copy filtered resources.
[INFO] Copying 6 resources
[INFO] 
[INFO] --- maven-compiler-plugin:3.8.1:testCompile (default-testCompile) @ entando-k8s-controller-coordinator ---
[INFO] Changes detected - recompiling the module!
[INFO] Compiling 9 source files to /workspace/source/target/test-classes
[INFO] 
[INFO] --- maven-surefire-plugin:3.0.0-M1:test (default-test) @ entando-k8s-controller-coordinator ---
[INFO] 
[INFO] -------------------------------------------------------
[INFO]  T E S T S
[INFO] -------------------------------------------------------
[INFO] Running org.entando.kubernetes.controller.coordinator.inprocesstests.EntandoOperatorMatcherTest
Mar 01, 2021 9:50:45 AM org.entando.kubernetes.controller.coordinator.EntandoOperatorMatcher matchesThisOperator
WARNING: Operator ID mismatch. Ignoring resource EntandoApp:null/null
Mar 01, 2021 9:50:46 AM org.entando.kubernetes.controller.coordinator.EntandoOperatorMatcher matchesThisOperator
WARNING: Operator version mismatch. Ignoring resource EntandoApp:null/null
Mar 01, 2021 9:50:46 AM org.entando.kubernetes.controller.coordinator.EntandoOperatorMatcher matchesThisOperator
WARNING: Operator ID mismatch. Ignoring resource EntandoApp:null/null
Mar 01, 2021 9:50:46 AM org.entando.kubernetes.controller.coordinator.EntandoOperatorMatcher matchesThisOperator
WARNING: Operator ID mismatch. Ignoring resource EntandoApp:null/null
[INFO] Tests run: 7, Failures: 0, Errors: 0, Skipped: 0, Time elapsed: 0.23 s - in org.entando.kubernetes.controller.coordinator.inprocesstests.EntandoOperatorMatcherTest
[INFO] Running org.entando.kubernetes.controller.coordinator.inprocesstests.ControllerCoordinatorEdgeConditionsTest
Mar 01, 2021 9:50:48 AM org.entando.kubernetes.controller.coordinator.EntandoResourceObserver logResource
WARNING: EntandoKeycloakServer observed-namespace/test-keycloak has a new resource version: 2
Mar 01, 2021 9:50:48 AM org.entando.kubernetes.controller.coordinator.EntandoResourceObserver logResource
WARNING: EntandoKeycloakServer observed-namespace/test-keycloak is a top level resource
Mar 01, 2021 9:50:48 AM org.entando.kubernetes.controller.coordinator.EntandoResourceObserver logResource
WARNING: EntandoKeycloakServer observed-namespace/test-keycloak is processed after a metadata.generation increment.
Mar 01, 2021 9:50:48 AM org.entando.kubernetes.controller.coordinator.EntandoResourceObserver processGenerationIncrement
WARNING: {"kind":"EntandoKeycloakServer","metadata":{"generation":1,"name":"test-keycloak","namespace":"observed-namespace","resourceVersion":"2","uid":"1yui6allvwqk"},"spec":{"dbms":"none","replicas":1,"isDefault":false,"environmentVariables":[]},"status":{"serverStatuses":{},"entandoDeploymentPhase":"requested"}}
Mar 01, 2021 9:50:48 AM org.entando.kubernetes.controller.coordinator.EntandoResourceObserver logResource
INFO: Received ADDED for the EntandoKeycloakServer observed-namespace/test-keycloak
Mar 01, 2021 9:50:49 AM org.entando.kubernetes.controller.coordinator.EntandoResourceObserver logResource
WARNING: Duplicate event for EntandoKeycloakServer observed-namespace/test-keycloak. ResourceVersion=1
Mar 01, 2021 9:50:49 AM org.entando.kubernetes.controller.coordinator.EntandoResourceObserver logResource
WARNING: EntandoKeycloakServer observed-namespace/test-keycloak has a new resource version: 1
Mar 01, 2021 9:50:49 AM org.entando.kubernetes.controller.coordinator.EntandoResourceObserver logResource
WARNING: EntandoKeycloakServer observed-namespace/test-keycloak is a top level resource
Mar 01, 2021 9:50:49 AM org.entando.kubernetes.controller.coordinator.EntandoResourceObserver logResource
WARNING: Processing of EntandoKeycloakServer observed-namespace/test-keycloak has been deferred or ignored using entando.org/processing-instruction.
Mar 01, 2021 9:50:49 AM org.entando.kubernetes.controller.coordinator.EntandoResourceObserver logResource
WARNING: EntandoKeycloakServer observed-namespace/test-keycloak has a new resource version: 1
Mar 01, 2021 9:50:49 AM org.entando.kubernetes.controller.coordinator.EntandoResourceObserver logResource
WARNING: EntandoKeycloakServer observed-namespace/test-keycloak is a top level resource
Mar 01, 2021 9:50:49 AM org.entando.kubernetes.controller.coordinator.EntandoResourceObserver logResource
WARNING: EntandoKeycloakServer observed-namespace/test-keycloak is processed after a metadata.generation increment.
Mar 01, 2021 9:50:49 AM org.entando.kubernetes.controller.coordinator.EntandoResourceObserver processGenerationIncrement
WARNING: {"kind":"EntandoKeycloakServer","metadata":{"generation":10,"name":"test-keycloak","namespace":"observed-namespace","resourceVersion":"1","uid":"nhIuYwHNXlV2"},"spec":{"dbms":"none","replicas":1,"isDefault":false,"environmentVariables":[]},"status":{"serverStatuses":{},"observedGeneration":9,"entandoDeploymentPhase":"successful"}}
Mar 01, 2021 9:50:49 AM org.entando.kubernetes.controller.coordinator.EntandoResourceObserver logResource
INFO: Received MODIFIED for the EntandoKeycloakServer observed-namespace/test-keycloak
Mar 01, 2021 9:50:49 AM org.entando.kubernetes.controller.coordinator.EntandoResourceObserver logResource
WARNING: EntandoKeycloakServer observed-namespace/test-keycloak has a new resource version: 1
Mar 01, 2021 9:50:49 AM org.entando.kubernetes.controller.coordinator.EntandoResourceObserver logResource
WARNING: EntandoKeycloakServer observed-namespace/test-keycloak is a top level resource
Mar 01, 2021 9:50:49 AM org.entando.kubernetes.controller.coordinator.EntandoResourceObserver logResource
WARNING: Processing of EntandoKeycloakServer observed-namespace/test-keycloak has been forced using entando.org/processing-instruction.
Mar 01, 2021 9:50:49 AM org.entando.kubernetes.controller.coordinator.EntandoResourceObserver logResource
INFO: Received MODIFIED for the EntandoKeycloakServer observed-namespace/test-keycloak
Mar 01, 2021 9:50:49 AM org.entando.kubernetes.controller.coordinator.EntandoResourceObserver logResource
WARNING: EntandoKeycloakServer observed-namespace/test-keycloak has a new resource version: 1
Mar 01, 2021 9:50:49 AM org.entando.kubernetes.controller.coordinator.EntandoResourceObserver logResource
WARNING: EntandoKeycloakServer observed-namespace/test-keycloak is a top level resource
Mar 01, 2021 9:50:49 AM org.entando.kubernetes.controller.coordinator.EntandoResourceObserver logResource
WARNING: EntandoKeycloakServer observed-namespace/test-keycloak is processed after a metadata.generation increment.
Mar 01, 2021 9:50:49 AM org.entando.kubernetes.controller.coordinator.EntandoResourceObserver processGenerationIncrement
WARNING: {"kind":"EntandoKeycloakServer","metadata":{"generation":10,"name":"test-keycloak","namespace":"observed-namespace","resourceVersion":"1","uid":"XJPdowG3Mbl4"},"spec":{"dbms":"none","replicas":1,"isDefault":false,"environmentVariables":[]},"status":{"serverStatuses":{},"entandoDeploymentPhase":"requested"}}
Mar 01, 2021 9:50:49 AM org.entando.kubernetes.controller.coordinator.EntandoResourceObserver logResource
INFO: Received MODIFIED for the EntandoKeycloakServer observed-namespace/test-keycloak
Mar 01, 2021 9:50:49 AM org.entando.kubernetes.controller.coordinator.EntandoResourceObserver logResource
WARNING: Duplicate event for EntandoKeycloakServer observed-namespace/test-keycloak. ResourceVersion=5
Mar 01, 2021 9:50:49 AM org.entando.kubernetes.controller.coordinator.EntandoResourceObserver logResource
WARNING: EntandoKeycloakServer observed-namespace/test-keycloak needs to be processed as part of the upgrade to the version 6.3.1
Mar 01, 2021 9:50:49 AM org.entando.kubernetes.controller.coordinator.EntandoResourceObserver logResource
INFO: Received MODIFIED for the EntandoKeycloakServer observed-namespace/test-keycloak
Mar 01, 2021 9:50:49 AM org.entando.kubernetes.controller.coordinator.EntandoResourceObserver logResource
WARNING: Duplicate event for EntandoKeycloakServer observed-namespace/test-keycloak. ResourceVersion=5
Mar 01, 2021 9:50:49 AM org.entando.kubernetes.controller.coordinator.EntandoResourceObserver logResource
WARNING: EntandoKeycloakServer observed-namespace/test-keycloak has a new resource version: 1
Mar 01, 2021 9:50:49 AM org.entando.kubernetes.controller.coordinator.EntandoResourceObserver logResource
WARNING: EntandoKeycloakServer observed-namespace/test-keycloak is a top level resource
Mar 01, 2021 9:50:49 AM org.entando.kubernetes.controller.coordinator.EntandoResourceObserver logResource
WARNING: EntandoDeBundle observed-namespace/my-de-bundle has a new resource version: 123
Mar 01, 2021 9:50:49 AM org.entando.kubernetes.controller.coordinator.EntandoResourceObserver logResource
WARNING: EntandoDeBundle observed-namespace/my-de-bundle is a top level resource
Mar 01, 2021 9:50:49 AM org.entando.kubernetes.controller.coordinator.EntandoResourceObserver logResource
WARNING: EntandoDeBundle observed-namespace/my-de-bundle is processed after a metadata.generation increment.
Mar 01, 2021 9:50:49 AM org.entando.kubernetes.controller.coordinator.EntandoResourceObserver processGenerationIncrement
WARNING: {"kind":"EntandoDeBundle","metadata":{"generation":1,"name":"my-de-bundle","namespace":"observed-namespace","resourceVersion":"123","uid":"15e5434d-7cc5-4b7e-857d-19015073c7f4"},"spec":{"details":{"versions":[],"keywords":[],"dist-tags":{}},"tags":[]},"status":{"serverStatuses":{},"entandoDeploymentPhase":"requested"}}
Mar 01, 2021 9:50:49 AM org.entando.kubernetes.controller.coordinator.EntandoResourceObserver logResource
INFO: Received MODIFIED for the EntandoDeBundle observed-namespace/my-de-bundle
Mar 01, 2021 9:50:49 AM org.entando.kubernetes.controller.coordinator.EntandoResourceObserver logResource
WARNING: EntandoKeycloakServer observed-namespace/test-keycloak has a new resource version: 1
Mar 01, 2021 9:50:49 AM org.entando.kubernetes.controller.coordinator.EntandoResourceObserver logResource
WARNING: EntandoCompositeApp observed-namespace/composite-app has a new resource version: 123
Mar 01, 2021 9:50:49 AM org.entando.kubernetes.controller.coordinator.EntandoResourceObserver logResource
WARNING: EntandoCompositeApp observed-namespace/composite-app is a top level resource
Mar 01, 2021 9:50:49 AM org.entando.kubernetes.controller.coordinator.EntandoResourceObserver logResource
WARNING: Processing of EntandoCompositeApp observed-namespace/composite-app has been deferred or ignored using entando.org/processing-instruction.
Mar 01, 2021 9:50:49 AM org.entando.kubernetes.controller.coordinator.EntandoResourceObserver logResource
WARNING: EntandoKeycloakServer observed-namespace/test-keycloak has a new resource version: 2
Mar 01, 2021 9:50:49 AM org.entando.kubernetes.controller.coordinator.EntandoResourceObserver logResource
WARNING: EntandoKeycloakServer observed-namespace/test-keycloak is a top level resource
Mar 01, 2021 9:50:49 AM org.entando.kubernetes.controller.coordinator.EntandoResourceObserver logResource
WARNING: EntandoKeycloakServer observed-namespace/test-keycloak is processed after a metadata.generation increment.
Mar 01, 2021 9:50:49 AM org.entando.kubernetes.controller.coordinator.EntandoResourceObserver processGenerationIncrement
WARNING: {"kind":"EntandoKeycloakServer","metadata":{"generation":1,"name":"test-keycloak","namespace":"observed-namespace","resourceVersion":"2","uid":"4toPoQkcA29s"},"spec":{"dbms":"none","replicas":1,"isDefault":false,"environmentVariables":[]},"status":{"serverStatuses":{},"entandoDeploymentPhase":"requested"}}
Mar 01, 2021 9:50:49 AM org.entando.kubernetes.controller.coordinator.EntandoResourceObserver logResource
INFO: Received MODIFIED for the EntandoKeycloakServer observed-namespace/test-keycloak
[INFO] Tests run: 10, Failures: 0, Errors: 0, Skipped: 0, Time elapsed: 4.024 s - in org.entando.kubernetes.controller.coordinator.inprocesstests.ControllerCoordinatorEdgeConditionsTest
[INFO] Running org.entando.kubernetes.controller.coordinator.inprocesstests.ControllerCoordinatorMockedTest
Mar 01, 2021 9:50:50 AM okhttp3.mockwebserver.MockWebServer$2 e**cute
INFO: MockWebServer[47954] starting to accept connections
Mar 01, 2021 9:50:51 AM okhttp3.mockwebserver.MockWebServer$3 processOneRequest
INFO: MockWebServer[47954] received request: GET /apis/apiextensions.k8s.io/v1beta1/customresourcedefinitions/entandokeycloakservers.entando.org HTTP/1.1 and responded: HTTP/1.1 404 Client Error
Mar 01, 2021 9:50:51 AM okhttp3.mockwebserver.MockWebServer$3 processOneRequest
INFO: MockWebServer[47954] received request: POST /apis/apiextensions.k8s.io/v1beta1/customresourcedefinitions HTTP/1.1 and responded: HTTP/1.1 202 OK
Mar 01, 2021 9:50:51 AM okhttp3.mockwebserver.MockWebServer$3 processOneRequest
INFO: MockWebServer[47954] received request: GET /api/v1/namespaces/entando-k8s-controller-coordinator-carcms87 HTTP/1.1 and responded: HTTP/1.1 404 Client Error
Mar 01, 2021 9:50:51 AM okhttp3.mockwebserver.MockWebServer$3 processOneRequest
INFO: MockWebServer[47954] received request: GET /apis/entando.org/v1/namespaces/default/entandokeycloakservers HTTP/1.1 and responded: HTTP/1.1 200 OK
Mar 01, 2021 9:50:51 AM okhttp3.mockwebserver.MockWebServer$3 processOneRequest
INFO: MockWebServer[47954] received request: GET /api/v1/namespaces/entando-k8s-controller-coordinator-carcms87 HTTP/1.1 and responded: HTTP/1.1 404 Client Error
Mar 01, 2021 9:50:51 AM okhttp3.mockwebserver.MockWebServer$3 processOneRequest
INFO: MockWebServer[47954] received request: GET /apis/entando.org/v1/namespaces/default/entandokeycloakservers HTTP/1.1 and responded: HTTP/1.1 200 OK
Mar 01, 2021 9:50:52 AM org.entando.kubernetes.client.KubernetesRestInterceptor invoke
INFO: Entering method getNamespace in class org.entando.kubernetes.controller.support.client.EntandoResourceClient
Mar 01, 2021 9:50:52 AM org.entando.kubernetes.client.KubernetesRestInterceptor invoke
INFO: Exiting method getNamespace in class org.entando.kubernetes.controller.support.client.EntandoResourceClient
Mar 01, 2021 9:50:52 AM okhttp3.mockwebserver.MockWebServer$3 processOneRequest
INFO: MockWebServer[47954] received request: GET /apis/entando.org/v1/namespaces/entando-k8s-controller-coordinator-carcms87/entandokeycloakservers HTTP/1.1 and responded: HTTP/1.1 200 OK
Mar 01, 2021 9:50:52 AM okhttp3.mockwebserver.MockWebServer$3 processOneRequest
INFO: MockWebServer[47954] received request: GET /apis/entando.org/v1/namespaces/entando-k8s-controller-coordinator-carcms87/entandokeycloakservers?watch=**** HTTP/1.1 and responded: HTTP/1.1 200 OK
Mar 01, 2021 9:50:52 AM okhttp3.mockwebserver.MockWebServer$3 processOneRequest
INFO: MockWebServer[47954] received request: GET /apis/entando.org/v1/namespaces/entando-k8s-controller-coordinator-carcms87/entandokeycloakservers?watch=**** HTTP/1.1 and responded: HTTP/1.1 200 OK
Mar 01, 2021 9:50:52 AM okhttp3.mockwebserver.MockWebServer$3 processOneRequest
INFO: MockWebServer[47954] received request: GET /apis/apiextensions.k8s.io/v1beta1/customresourcedefinitions/entandoclusterinfrastructures.entando.org HTTP/1.1 and responded: HTTP/1.1 404 Client Error
Mar 01, 2021 9:50:52 AM io.fabric8.kubernetes.client.dsl.internal.WatchHTTPManager$1 onResponse
INFO: Watch terminated unexpectedly. reason: \n not found: limit=46 content=7b2261706956657273696f6e223a227631222c226b696e64223a224c69737422â€¦
Mar 01, 2021 9:50:52 AM okhttp3.mockwebserver.MockWebServer$3 processOneRequest
INFO: MockWebServer[47954] received request: POST /apis/apiextensions.k8s.io/v1beta1/customresourcedefinitions HTTP/1.1 and responded: HTTP/1.1 202 OK
Mar 01, 2021 9:50:52 AM okhttp3.mockwebserver.MockWebServer$3 processOneRequest
INFO: MockWebServer[47954] received request: GET /api/v1/namespaces/entando-k8s-controller-coordinator-carcms87 HTTP/1.1 and responded: HTTP/1.1 404 Client Error
Mar 01, 2021 9:50:52 AM okhttp3.mockwebserver.MockWebServer$3 processOneRequest
INFO: MockWebServer[47954] received request: GET /apis/entando.org/v1/namespaces/default/entandoclusterinfrastructures HTTP/1.1 and responded: HTTP/1.1 200 OK
Mar 01, 2021 9:50:52 AM okhttp3.mockwebserver.MockWebServer$3 processOneRequest
INFO: MockWebServer[47954] received request: GET /api/v1/namespaces/entando-k8s-controller-coordinator-carcms87 HTTP/1.1 and responded: HTTP/1.1 404 Client Error
Mar 01, 2021 9:50:52 AM okhttp3.mockwebserver.MockWebServer$3 processOneRequest
INFO: MockWebServer[47954] received request: GET /apis/entando.org/v1/namespaces/default/entandoclusterinfrastructures HTTP/1.1 and responded: HTTP/1.1 200 OK
Mar 01, 2021 9:50:52 AM org.entando.kubernetes.client.KubernetesRestInterceptor invoke
INFO: Entering method getNamespace in class org.entando.kubernetes.controller.support.client.EntandoResourceClient
Mar 01, 2021 9:50:52 AM org.entando.kubernetes.client.KubernetesRestInterceptor invoke
INFO: Exiting method getNamespace in class org.entando.kubernetes.controller.support.client.EntandoResourceClient
Mar 01, 2021 9:50:52 AM okhttp3.mockwebserver.MockWebServer$3 processOneRequest
INFO: MockWebServer[47954] received request: GET /apis/entando.org/v1/namespaces/entando-k8s-controller-coordinator-carcms87/entandoclusterinfrastructures HTTP/1.1 and responded: HTTP/1.1 200 OK
Mar 01, 2021 9:50:52 AM okhttp3.mockwebserver.MockWebServer$3 processOneRequest
INFO: MockWebServer[47954] received request: GET /apis/entando.org/v1/namespaces/entando-k8s-controller-coordinator-carcms87/entandoclusterinfrastructures?watch=**** HTTP/1.1 and responded: HTTP/1.1 200 OK
Mar 01, 2021 9:50:53 AM okhttp3.mockwebserver.MockWebServer$3 processOneRequest
INFO: MockWebServer[47954] received request: GET /apis/entando.org/v1/namespaces/entando-k8s-controller-coordinator-carcms87/entandoclusterinfrastructures?watch=**** HTTP/1.1 and responded: HTTP/1.1 200 OK
Mar 01, 2021 9:50:53 AM okhttp3.mockwebserver.MockWebServer$3 processOneRequest
INFO: MockWebServer[47954] received request: GET /apis/apiextensions.k8s.io/v1beta1/customresourcedefinitions/entandoplugins.entando.org HTTP/1.1 and responded: HTTP/1.1 404 Client Error
Mar 01, 2021 9:50:53 AM io.fabric8.kubernetes.client.dsl.internal.WatchHTTPManager$1 onResponse
INFO: Watch terminated unexpectedly. reason: \n not found: limit=46 content=7b2261706956657273696f6e223a227631222c226b696e64223a224c69737422â€¦
Mar 01, 2021 9:50:53 AM okhttp3.mockwebserver.MockWebServer$3 processOneRequest
INFO: MockWebServer[47954] received request: POST /apis/apiextensions.k8s.io/v1beta1/customresourcedefinitions HTTP/1.1 and responded: HTTP/1.1 202 OK
Mar 01, 2021 9:50:53 AM okhttp3.mockwebserver.MockWebServer$3 processOneRequest
INFO: MockWebServer[47954] received request: GET /api/v1/namespaces/entando-k8s-controller-coordinator-carcms87 HTTP/1.1 and responded: HTTP/1.1 404 Client Error
Mar 01, 2021 9:50:53 AM okhttp3.mockwebserver.MockWebServer$3 processOneRequest
INFO: MockWebServer[47954] received request: GET /apis/entando.org/v1/namespaces/default/entandoplugins HTTP/1.1 and responded: HTTP/1.1 200 OK
Mar 01, 2021 9:50:53 AM okhttp3.mockwebserver.MockWebServer$3 processOneRequest
INFO: MockWebServer[47954] received request: GET /api/v1/namespaces/entando-k8s-controller-coordinator-carcms87 HTTP/1.1 and responded: HTTP/1.1 404 Client Error
Mar 01, 2021 9:50:53 AM okhttp3.mockwebserver.MockWebServer$3 processOneRequest
INFO: MockWebServer[47954] received request: GET /apis/entando.org/v1/namespaces/entando-k8s-controller-coordinator-carcms87/entandokeycloakservers?watch=**** HTTP/1.1 and responded: HTTP/1.1 200 OK
Mar 01, 2021 9:50:53 AM io.fabric8.kubernetes.client.dsl.internal.WatchHTTPManager$1 onResponse
INFO: Watch terminated unexpectedly. reason: \n not found: limit=46 content=7b2261706956657273696f6e223a227631222c226b696e64223a224c69737422â€¦
Mar 01, 2021 9:50:53 AM okhttp3.mockwebserver.MockWebServer$3 processOneRequest
INFO: MockWebServer[47954] received request: GET /apis/entando.org/v1/namespaces/default/entandoplugins HTTP/1.1 and responded: HTTP/1.1 200 OK
Mar 01, 2021 9:50:53 AM org.entando.kubernetes.client.KubernetesRestInterceptor invoke
INFO: Entering method getNamespace in class org.entando.kubernetes.controller.support.client.EntandoResourceClient
Mar 01, 2021 9:50:53 AM org.entando.kubernetes.client.KubernetesRestInterceptor invoke
INFO: Exiting method getNamespace in class org.entando.kubernetes.controller.support.client.EntandoResourceClient
Mar 01, 2021 9:50:53 AM okhttp3.mockwebserver.MockWebServer$3 processOneRequest
INFO: MockWebServer[47954] received request: GET /apis/entando.org/v1/namespaces/entando-k8s-controller-coordinator-carcms87/entandoplugins HTTP/1.1 and responded: HTTP/1.1 200 OK
Mar 01, 2021 9:50:53 AM okhttp3.mockwebserver.MockWebServer$3 processOneRequest
INFO: MockWebServer[47954] received request: GET /apis/entando.org/v1/namespaces/entando-k8s-controller-coordinator-carcms87/entandoplugins?watch=**** HTTP/1.1 and responded: HTTP/1.1 200 OK
Mar 01, 2021 9:50:53 AM okhttp3.mockwebserver.MockWebServer$3 processOneRequest
INFO: MockWebServer[47954] received request: GET /apis/entando.org/v1/namespaces/entando-k8s-controller-coordinator-carcms87/entandoplugins?watch=**** HTTP/1.1 and responded: HTTP/1.1 200 OK
Mar 01, 2021 9:50:53 AM okhttp3.mockwebserver.MockWebServer$3 processOneRequest
INFO: MockWebServer[47954] received request: GET /apis/apiextensions.k8s.io/v1beta1/customresourcedefinitions/entandocompositeapps.entando.org HTTP/1.1 and responded: HTTP/1.1 404 Client Error
Mar 01, 2021 9:50:53 AM io.fabric8.kubernetes.client.dsl.internal.WatchHTTPManager$1 onResponse
INFO: Watch terminated unexpectedly. reason: \n not found: limit=46 content=7b2261706956657273696f6e223a227631222c226b696e64223a224c69737422â€¦
Mar 01, 2021 9:50:53 AM okhttp3.mockwebserver.MockWebServer$3 processOneRequest
INFO: MockWebServer[47954] received request: POST /apis/apiextensions.k8s.io/v1beta1/customresourcedefinitions HTTP/1.1 and responded: HTTP/1.1 202 OK
Mar 01, 2021 9:50:53 AM okhttp3.mockwebserver.MockWebServer$3 processOneRequest
INFO: MockWebServer[47954] received request: GET /api/v1/namespaces/entando-k8s-controller-coordinator-carcms87 HTTP/1.1 and responded: HTTP/1.1 404 Client Error
Mar 01, 2021 9:50:53 AM okhttp3.mockwebserver.MockWebServer$3 processOneRequest
INFO: MockWebServer[47954] received request: GET /apis/entando.org/v1/namespaces/default/entandocompositeapps HTTP/1.1 and responded: HTTP/1.1 200 OK
Mar 01, 2021 9:50:53 AM okhttp3.mockwebserver.MockWebServer$3 processOneRequest
INFO: MockWebServer[47954] received request: GET /api/v1/namespaces/entando-k8s-controller-coordinator-carcms87 HTTP/1.1 and responded: HTTP/1.1 404 Client Error
Mar 01, 2021 9:50:54 AM okhttp3.mockwebserver.MockWebServer$3 processOneRequest
INFO: MockWebServer[47954] received request: GET /apis/entando.org/v1/namespaces/default/entandocompositeapps HTTP/1.1 and responded: HTTP/1.1 200 OK
Mar 01, 2021 9:50:54 AM io.fabric8.kubernetes.client.dsl.internal.WatchHTTPManager$1 onResponse
INFO: Watch terminated unexpectedly. reason: \n not found: limit=46 content=7b2261706956657273696f6e223a227631222c226b696e64223a224c69737422â€¦
Mar 01, 2021 9:50:54 AM okhttp3.mockwebserver.MockWebServer$3 processOneRequest
INFO: MockWebServer[47954] received request: GET /apis/entando.org/v1/namespaces/entando-k8s-controller-coordinator-carcms87/entandoclusterinfrastructures?watch=**** HTTP/1.1 and responded: HTTP/1.1 200 OK
Mar 01, 2021 9:50:54 AM org.entando.kubernetes.client.KubernetesRestInterceptor invoke
INFO: Entering method getNamespace in class org.entando.kubernetes.controller.support.client.EntandoResourceClient
Mar 01, 2021 9:50:54 AM org.entando.kubernetes.client.KubernetesRestInterceptor invoke
INFO: Exiting method getNamespace in class org.entando.kubernetes.controller.support.client.EntandoResourceClient
Mar 01, 2021 9:50:54 AM okhttp3.mockwebserver.MockWebServer$3 processOneRequest
INFO: MockWebServer[47954] received request: GET /apis/entando.org/v1/namespaces/entando-k8s-controller-coordinator-carcms87/entandocompositeapps HTTP/1.1 and responded: HTTP/1.1 200 OK
Mar 01, 2021 9:50:54 AM okhttp3.mockwebserver.MockWebServer$3 processOneRequest
INFO: MockWebServer[47954] received request: GET /apis/entando.org/v1/namespaces/entando-k8s-controller-coordinator-carcms87/entandocompositeapps?watch=**** HTTP/1.1 and responded: HTTP/1.1 200 OK
Mar 01, 2021 9:50:54 AM okhttp3.mockwebserver.MockWebServer$3 processOneRequest
INFO: MockWebServer[47954] received request: GET /apis/entando.org/v1/namespaces/entando-k8s-controller-coordinator-carcms87/entandocompositeapps?watch=**** HTTP/1.1 and responded: HTTP/1.1 200 OK
Mar 01, 2021 9:50:54 AM okhttp3.mockwebserver.MockWebServer$3 processOneRequest
INFO: MockWebServer[47954] received request: GET /apis/apiextensions.k8s.io/v1beta1/customresourcedefinitions/entandodatabaseservices.entando.org HTTP/1.1 and responded: HTTP/1.1 404 Client Error
Mar 01, 2021 9:50:54 AM io.fabric8.kubernetes.client.dsl.internal.WatchHTTPManager$1 onResponse
INFO: Watch terminated unexpectedly. reason: \n not found: limit=46 content=7b2261706956657273696f6e223a227631222c226b696e64223a224c69737422â€¦
Mar 01, 2021 9:50:54 AM okhttp3.mockwebserver.MockWebServer$3 processOneRequest
INFO: MockWebServer[47954] received request: POST /apis/apiextensions.k8s.io/v1beta1/customresourcedefinitions HTTP/1.1 and responded: HTTP/1.1 202 OK
Mar 01, 2021 9:50:54 AM okhttp3.mockwebserver.MockWebServer$3 processOneRequest
INFO: MockWebServer[47954] received request: GET /api/v1/namespaces/entando-k8s-controller-coordinator-carcms87 HTTP/1.1 and responded: HTTP/1.1 404 Client Error
Mar 01, 2021 9:50:54 AM okhttp3.mockwebserver.MockWebServer$3 processOneRequest
INFO: MockWebServer[47954] received request: GET /apis/entando.org/v1/namespaces/default/entandodatabaseservices HTTP/1.1 and responded: HTTP/1.1 200 OK
Mar 01, 2021 9:50:54 AM okhttp3.mockwebserver.MockWebServer$3 processOneRequest
INFO: MockWebServer[47954] received request: GET /api/v1/namespaces/entando-k8s-controller-coordinator-carcms87 HTTP/1.1 and responded: HTTP/1.1 404 Client Error
Mar 01, 2021 9:50:54 AM okhttp3.mockwebserver.MockWebServer$3 processOneRequest
INFO: MockWebServer[47954] received request: GET /apis/entando.org/v1/namespaces/default/entandodatabaseservices HTTP/1.1 and responded: HTTP/1.1 200 OK
Mar 01, 2021 9:50:54 AM org.entando.kubernetes.client.KubernetesRestInterceptor invoke
INFO: Entering method getNamespace in class org.entando.kubernetes.controller.support.client.EntandoResourceClient
Mar 01, 2021 9:50:54 AM org.entando.kubernetes.client.KubernetesRestInterceptor invoke
INFO: Exiting method getNamespace in class org.entando.kubernetes.controller.support.client.EntandoResourceClient
Mar 01, 2021 9:50:54 AM io.fabric8.kubernetes.client.dsl.internal.WatchHTTPManager$1 onResponse
INFO: Watch terminated unexpectedly. reason: \n not found: limit=46 content=7b2261706956657273696f6e223a227631222c226b696e64223a224c69737422â€¦
Mar 01, 2021 9:50:54 AM okhttp3.mockwebserver.MockWebServer$3 processOneRequest
INFO: MockWebServer[47954] received request: GET /apis/entando.org/v1/namespaces/entando-k8s-controller-coordinator-carcms87/entandoplugins?watch=**** HTTP/1.1 and responded: HTTP/1.1 200 OK
Mar 01, 2021 9:50:54 AM okhttp3.mockwebserver.MockWebServer$3 processOneRequest
INFO: MockWebServer[47954] received request: GET /apis/entando.org/v1/namespaces/entando-k8s-controller-coordinator-carcms87/entandodatabaseservices HTTP/1.1 and responded: HTTP/1.1 200 OK
Mar 01, 2021 9:50:54 AM okhttp3.mockwebserver.MockWebServer$3 processOneRequest
INFO: MockWebServer[47954] received request: GET /apis/entando.org/v1/namespaces/entando-k8s-controller-coordinator-carcms87/entandodatabaseservices?watch=**** HTTP/1.1 and responded: HTTP/1.1 200 OK
Mar 01, 2021 9:50:54 AM okhttp3.mockwebserver.MockWebServer$3 processOneRequest
INFO: MockWebServer[47954] received request: GET /apis/entando.org/v1/namespaces/entando-k8s-controller-coordinator-carcms87/entandodatabaseservices?watch=**** HTTP/1.1 and responded: HTTP/1.1 200 OK
Mar 01, 2021 9:50:54 AM okhttp3.mockwebserver.MockWebServer$3 processOneRequest
INFO: MockWebServer[47954] received request: GET /apis/apiextensions.k8s.io/v1beta1/customresourcedefinitions/entandoapps.entando.org HTTP/1.1 and responded: HTTP/1.1 404 Client Error
Mar 01, 2021 9:50:55 AM io.fabric8.kubernetes.client.dsl.internal.WatchHTTPManager$1 onResponse
INFO: Watch terminated unexpectedly. reason: \n not found: limit=46 content=7b2261706956657273696f6e223a227631222c226b696e64223a224c69737422â€¦
Mar 01, 2021 9:50:55 AM okhttp3.mockwebserver.MockWebServer$3 processOneRequest
INFO: MockWebServer[47954] received request: POST /apis/apiextensions.k8s.io/v1beta1/customresourcedefinitions HTTP/1.1 and responded: HTTP/1.1 202 OK
Mar 01, 2021 9:50:55 AM okhttp3.mockwebserver.MockWebServer$3 processOneRequest
INFO: MockWebServer[47954] received request: GET /api/v1/namespaces/entando-k8s-controller-coordinator-carcms87 HTTP/1.1 and responded: HTTP/1.1 404 Client Error
Mar 01, 2021 9:50:55 AM okhttp3.mockwebserver.MockWebServer$3 processOneRequest
INFO: MockWebServer[47954] received request: GET /apis/entando.org/v1/namespaces/default/entandoapps HTTP/1.1 and responded: HTTP/1.1 200 OK
Mar 01, 2021 9:50:55 AM okhttp3.mockwebserver.MockWebServer$3 processOneRequest
INFO: MockWebServer[47954] received request: GET /api/v1/namespaces/entando-k8s-controller-coordinator-carcms87 HTTP/1.1 and responded: HTTP/1.1 404 Client Error
Mar 01, 2021 9:50:55 AM okhttp3.mockwebserver.MockWebServer$3 processOneRequest
INFO: MockWebServer[47954] received request: GET /apis/entando.org/v1/namespaces/default/entandoapps HTTP/1.1 and responded: HTTP/1.1 200 OK
Mar 01, 2021 9:50:55 AM org.entando.kubernetes.client.KubernetesRestInterceptor invoke
INFO: Entering method getNamespace in class org.entando.kubernetes.controller.support.client.EntandoResourceClient
Mar 01, 2021 9:50:55 AM org.entando.kubernetes.client.KubernetesRestInterceptor invoke
INFO: Exiting method getNamespace in class org.entando.kubernetes.controller.support.client.EntandoResourceClient
Mar 01, 2021 9:50:55 AM okhttp3.mockwebserver.MockWebServer$3 processOneRequest
INFO: MockWebServer[47954] received request: GET /apis/entando.org/v1/namespaces/entando-k8s-controller-coordinator-carcms87/entandokeycloakservers?watch=**** HTTP/1.1 and responded: HTTP/1.1 200 OK
Mar 01, 2021 9:50:55 AM io.fabric8.kubernetes.client.dsl.internal.WatchHTTPManager$1 onResponse
INFO: Watch terminated unexpectedly. reason: \n not found: limit=46 content=7b2261706956657273696f6e223a227631222c226b696e64223a224c69737422â€¦
Mar 01, 2021 9:50:55 AM okhttp3.mockwebserver.MockWebServer$3 processOneRequest
INFO: MockWebServer[47954] received request: GET /apis/entando.org/v1/namespaces/entando-k8s-controller-coordinator-carcms87/entandocompositeapps?watch=**** HTTP/1.1 and responded: HTTP/1.1 200 OK
Mar 01, 2021 9:50:55 AM okhttp3.mockwebserver.MockWebServer$3 processOneRequest
INFO: MockWebServer[47954] received request: GET /apis/entando.org/v1/namespaces/entando-k8s-controller-coordinator-carcms87/entandoapps HTTP/1.1 and responded: HTTP/1.1 200 OK
Mar 01, 2021 9:50:55 AM io.fabric8.kubernetes.client.dsl.internal.WatchHTTPManager$1 onResponse
INFO: Watch terminated unexpectedly. reason: \n not found: limit=46 content=7b2261706956657273696f6e223a227631222c226b696e64223a224c69737422â€¦
Mar 01, 2021 9:50:55 AM okhttp3.mockwebserver.MockWebServer$3 processOneRequest
INFO: MockWebServer[47954] received request: GET /apis/entando.org/v1/namespaces/entando-k8s-controller-coordinator-carcms87/entandoapps?watch=**** HTTP/1.1 and responded: HTTP/1.1 200 OK
Mar 01, 2021 9:50:55 AM okhttp3.mockwebserver.MockWebServer$3 processOneRequest
INFO: MockWebServer[47954] received request: GET /apis/entando.org/v1/namespaces/entando-k8s-controller-coordinator-carcms87/entandoapps?watch=**** HTTP/1.1 and responded: HTTP/1.1 200 OK
Mar 01, 2021 9:50:55 AM okhttp3.mockwebserver.MockWebServer$3 processOneRequest
INFO: MockWebServer[47954] received request: GET /apis/apiextensions.k8s.io/v1beta1/customresourcedefinitions/entandoapppluginlinks.entando.org HTTP/1.1 and responded: HTTP/1.1 404 Client Error
Mar 01, 2021 9:50:55 AM io.fabric8.kubernetes.client.dsl.internal.WatchHTTPManager$1 onResponse
INFO: Watch terminated unexpectedly. reason: \n not found: limit=46 content=7b2261706956657273696f6e223a227631222c226b696e64223a224c69737422â€¦
Mar 01, 2021 9:50:55 AM okhttp3.mockwebserver.MockWebServer$3 processOneRequest
INFO: MockWebServer[47954] received request: POST /apis/apiextensions.k8s.io/v1beta1/customresourcedefinitions HTTP/1.1 and responded: HTTP/1.1 202 OK
Mar 01, 2021 9:50:55 AM okhttp3.mockwebserver.MockWebServer$3 processOneRequest
INFO: MockWebServer[47954] received request: GET /api/v1/namespaces/entando-k8s-controller-coordinator-carcms87 HTTP/1.1 and responded: HTTP/1.1 404 Client Error
Mar 01, 2021 9:50:55 AM okhttp3.mockwebserver.MockWebServer$3 processOneRequest
INFO: MockWebServer[47954] received request: GET /apis/entando.org/v1/namespaces/default/entandoapppluginlinks HTTP/1.1 and responded: HTTP/1.1 200 OK
Mar 01, 2021 9:50:55 AM okhttp3.mockwebserver.MockWebServer$3 processOneRequest
INFO: MockWebServer[47954] received request: GET /api/v1/namespaces/entando-k8s-controller-coordinator-carcms87 HTTP/1.1 and responded: HTTP/1.1 404 Client Error
Mar 01, 2021 9:50:55 AM okhttp3.mockwebserver.MockWebServer$3 processOneRequest
INFO: MockWebServer[47954] received request: GET /apis/entando.org/v1/namespaces/default/entandoapppluginlinks HTTP/1.1 and responded: HTTP/1.1 200 OK
Mar 01, 2021 9:50:56 AM org.entando.kubernetes.client.KubernetesRestInterceptor invoke
INFO: Entering method getNamespace in class org.entando.kubernetes.controller.support.client.EntandoResourceClient
Mar 01, 2021 9:50:56 AM org.entando.kubernetes.client.KubernetesRestInterceptor invoke
INFO: Exiting method getNamespace in class org.entando.kubernetes.controller.support.client.EntandoResourceClient
Mar 01, 2021 9:50:56 AM okhttp3.mockwebserver.MockWebServer$3 processOneRequest
INFO: MockWebServer[47954] received request: GET /apis/entando.org/v1/namespaces/entando-k8s-controller-coordinator-carcms87/entandoapppluginlinks HTTP/1.1 and responded: HTTP/1.1 200 OK
Mar 01, 2021 9:50:56 AM okhttp3.mockwebserver.MockWebServer$3 processOneRequest
INFO: MockWebServer[47954] received request: GET /apis/entando.org/v1/namespaces/entando-k8s-controller-coordinator-carcms87/entandodatabaseservices?watch=**** HTTP/1.1 and responded: HTTP/1.1 200 OK
Mar 01, 2021 9:50:56 AM io.fabric8.kubernetes.client.dsl.internal.WatchHTTPManager$1 onResponse
INFO: Watch terminated unexpectedly. reason: \n not found: limit=46 content=7b2261706956657273696f6e223a227631222c226b696e64223a224c69737422â€¦
Mar 01, 2021 9:50:56 AM okhttp3.mockwebserver.MockWebServer$3 processOneRequest
INFO: MockWebServer[47954] received request: GET /apis/entando.org/v1/namespaces/entando-k8s-controller-coordinator-carcms87/entandoclusterinfrastructures?watch=**** HTTP/1.1 and responded: HTTP/1.1 200 OK
Mar 01, 2021 9:50:56 AM okhttp3.mockwebserver.MockWebServer$3 processOneRequest
INFO: MockWebServer[47954] received request: GET /apis/entando.org/v1/namespaces/entando-k8s-controller-coordinator-carcms87/entandoapppluginlinks?watch=**** HTTP/1.1 and responded: HTTP/1.1 200 OK
Mar 01, 2021 9:50:56 AM io.fabric8.kubernetes.client.dsl.internal.WatchHTTPManager$1 onResponse
INFO: Watch terminated unexpectedly. reason: \n not found: limit=46 content=7b2261706956657273696f6e223a227631222c226b696e64223a224c69737422â€¦
Mar 01, 2021 9:50:56 AM okhttp3.mockwebserver.MockWebServer$3 processOneRequest
INFO: MockWebServer[47954] received request: GET /apis/entando.org/v1/namespaces/entando-k8s-controller-coordinator-carcms87/entandoapppluginlinks?watch=**** HTTP/1.1 and responded: HTTP/1.1 200 OK
Mar 01, 2021 9:50:56 AM okhttp3.mockwebserver.MockWebServer$3 processOneRequest
INFO: MockWebServer[47954] received request: GET /apis/apiextensions.k8s.io/v1beta1/customresourcedefinitions/entandodebundles.entando.org HTTP/1.1 and responded: HTTP/1.1 404 Client Error
Mar 01, 2021 9:50:56 AM io.fabric8.kubernetes.client.dsl.internal.WatchHTTPManager$1 onResponse
INFO: Watch terminated unexpectedly. reason: \n not found: limit=46 content=7b2261706956657273696f6e223a227631222c226b696e64223a224c69737422â€¦
Mar 01, 2021 9:50:56 AM okhttp3.mockwebserver.MockWebServer$3 processOneRequest
INFO: MockWebServer[47954] received request: POST /apis/apiextensions.k8s.io/v1beta1/customresourcedefinitions HTTP/1.1 and responded: HTTP/1.1 202 OK
Mar 01, 2021 9:50:56 AM okhttp3.mockwebserver.MockWebServer$3 processOneRequest
INFO: MockWebServer[47954] received request: GET /api/v1/namespaces/entando-k8s-controller-coordinator-carcms87 HTTP/1.1 and responded: HTTP/1.1 404 Client Error
Mar 01, 2021 9:50:56 AM okhttp3.mockwebserver.MockWebServer$3 processOneRequest
INFO: MockWebServer[47954] received request: GET /apis/entando.org/v1/namespaces/default/entandodebundles HTTP/1.1 and responded: HTTP/1.1 200 OK
Mar 01, 2021 9:50:56 AM okhttp3.mockwebserver.MockWebServer$3 processOneRequest
INFO: MockWebServer[47954] received request: GET /api/v1/namespaces/entando-k8s-controller-coordinator-carcms87 HTTP/1.1 and responded: HTTP/1.1 404 Client Error
Mar 01, 2021 9:50:56 AM okhttp3.mockwebserver.MockWebServer$3 processOneRequest
INFO: MockWebServer[47954] received request: GET /apis/entando.org/v1/namespaces/default/entandodebundles HTTP/1.1 and responded: HTTP/1.1 200 OK
Mar 01, 2021 9:50:56 AM okhttp3.mockwebserver.MockWebServer$3 processOneRequest
INFO: MockWebServer[47954] received request: GET /apis/entando.org/v1/namespaces/entando-k8s-controller-coordinator-carcms87/entandoapps?watch=**** HTTP/1.1 and responded: HTTP/1.1 200 OK
Mar 01, 2021 9:50:56 AM io.fabric8.kubernetes.client.dsl.internal.WatchHTTPManager$1 onResponse
INFO: Watch terminated unexpectedly. reason: \n not found: limit=46 content=7b2261706956657273696f6e223a227631222c226b696e64223a224c69737422â€¦
Mar 01, 2021 9:50:56 AM org.entando.kubernetes.client.KubernetesRestInterceptor invoke
INFO: Entering method getNamespace in class org.entando.kubernetes.controller.support.client.EntandoResourceClient
Mar 01, 2021 9:50:56 AM org.entando.kubernetes.client.KubernetesRestInterceptor invoke
INFO: Exiting method getNamespace in class org.entando.kubernetes.controller.support.client.EntandoResourceClient
Mar 01, 2021 9:50:56 AM okhttp3.mockwebserver.MockWebServer$3 processOneRequest
INFO: MockWebServer[47954] received request: GET /apis/entando.org/v1/namespaces/entando-k8s-controller-coordinator-carcms87/entandodebundles HTTP/1.1 and responded: HTTP/1.1 200 OK
Mar 01, 2021 9:50:56 AM okhttp3.mockwebserver.MockWebServer$3 processOneRequest
INFO: MockWebServer[47954] received request: GET /apis/entando.org/v1/namespaces/entando-k8s-controller-coordinator-carcms87/entandoplugins?watch=**** HTTP/1.1 and responded: HTTP/1.1 200 OK
Mar 01, 2021 9:50:56 AM io.fabric8.kubernetes.client.dsl.internal.WatchHTTPManager$1 onResponse
INFO: Watch terminated unexpectedly. reason: \n not found: limit=46 content=7b2261706956657273696f6e223a227631222c226b696e64223a224c69737422â€¦
Mar 01, 2021 9:50:56 AM okhttp3.mockwebserver.MockWebServer$3 processOneRequest
INFO: MockWebServer[47954] received request: GET /apis/entando.org/v1/namespaces/entando-k8s-controller-coordinator-carcms87/entandodebundles?watch=**** HTTP/1.1 and responded: HTTP/1.1 200 OK
Mar 01, 2021 9:50:56 AM okhttp3.mockwebserver.MockWebServer$3 processOneRequest
INFO: MockWebServer[47954] received request: GET /apis/entando.org/v1/namespaces/entando-k8s-controller-coordinator-carcms87/entandodebundles?watch=**** HTTP/1.1 and responded: HTTP/1.1 200 OK
Mar 01, 2021 9:50:56 AM okhttp3.mockwebserver.MockWebServer$3 processOneRequest
INFO: MockWebServer[47954] received request: GET /api/v1/namespaces/entando-k8s-controller-coordinator-carcms87 HTTP/1.1 and responded: HTTP/1.1 404 Client Error
Mar 01, 2021 9:50:56 AM io.fabric8.kubernetes.client.dsl.internal.WatchHTTPManager$1 onResponse
INFO: Watch terminated unexpectedly. reason: \n not found: limit=46 content=7b2261706956657273696f6e223a227631222c226b696e64223a224c69737422â€¦
Mar 01, 2021 9:50:57 AM okhttp3.mockwebserver.MockWebServer$3 processOneRequest
INFO: MockWebServer[47954] received request: POST /api/v1/namespaces HTTP/1.1 and responded: HTTP/1.1 202 OK
Mar 01, 2021 9:50:57 AM okhttp3.mockwebserver.MockWebServer$3 processOneRequest
INFO: MockWebServer[47954] received request: GET /api/v1/namespaces/entando/configmaps/entando-docker-image-info-v6.3 HTTP/1.1 and responded: HTTP/1.1 404 Client Error
Mar 01, 2021 9:50:57 AM okhttp3.mockwebserver.MockWebServer$3 processOneRequest
INFO: MockWebServer[47954] received request: POST /api/v1/namespaces/entando/configmaps HTTP/1.1 and responded: HTTP/1.1 202 OK
Mar 01, 2021 9:50:57 AM okhttp3.mockwebserver.MockWebServer$3 processOneRequest
INFO: MockWebServer[47954] received request: GET /api/v1/namespaces/entando-k8s-controller-coordinator-carcms87 HTTP/1.1 and responded: HTTP/1.1 200 OK
Mar 01, 2021 9:50:57 AM okhttp3.mockwebserver.MockWebServer$3 processOneRequest
INFO: MockWebServer[47954] received request: GET /apis/entando.org/v1/namespaces/entando-k8s-controller-coordinator-carcms87/entandoapppluginlinks?watch=**** HTTP/1.1 and responded: HTTP/1.1 200 OK
Mar 01, 2021 9:50:57 AM io.fabric8.kubernetes.client.dsl.internal.WatchHTTPManager$1 onResponse
INFO: Watch terminated unexpectedly. reason: \n not found: limit=46 content=7b2261706956657273696f6e223a227631222c226b696e64223a224c69737422â€¦
Mar 01, 2021 9:50:57 AM okhttp3.mockwebserver.MockWebServer$3 processOneRequest
INFO: MockWebServer[47954] received request: GET /apis/entando.org/v1/namespaces/entando-k8s-controller-coordinator-carcms87/entandokeycloakservers HTTP/1.1 and responded: HTTP/1.1 200 OK
Mar 01, 2021 9:50:57 AM okhttp3.mockwebserver.MockWebServer$3 processOneRequest
INFO: MockWebServer[47954] received request: GET /api/v1/namespaces/entando-k8s-controller-coordinator-carcms87 HTTP/1.1 and responded: HTTP/1.1 200 OK
Mar 01, 2021 9:50:57 AM okhttp3.mockwebserver.MockWebServer$3 processOneRequest
INFO: MockWebServer[47954] received request: GET /apis/entando.org/v1/namespaces/entando-k8s-controller-coordinator-carcms87/entandokeycloakservers HTTP/1.1 and responded: HTTP/1.1 200 OK
Mar 01, 2021 9:50:57 AM okhttp3.mockwebserver.MockWebServer$3 processOneRequest
INFO: MockWebServer[47954] received request: GET /apis/entando.org/v1/namespaces/entando-k8s-controller-coordinator-carcms87/entandocompositeapps?watch=**** HTTP/1.1 and responded: HTTP/1.1 200 OK
Mar 01, 2021 9:50:57 AM io.fabric8.kubernetes.client.dsl.internal.WatchHTTPManager$1 onResponse
INFO: Watch terminated unexpectedly. reason: \n not found: limit=46 content=7b2261706956657273696f6e223a227631222c226b696e64223a224c69737422â€¦
Mar 01, 2021 9:50:57 AM okhttp3.mockwebserver.MockWebServer$3 processOneRequest
INFO: MockWebServer[47954] received request: POST /apis/entando.org/v1/namespaces/entando-k8s-controller-coordinator-carcms87/entandokeycloakservers HTTP/1.1 and responded: HTTP/1.1 202 OK
Mar 01, 2021 9:50:57 AM org.entando.kubernetes.controller.coordinator.EntandoResourceObserver logResource
WARNING: EntandoKeycloakServer entando-k8s-controller-coordinator-carcms87/test-keycloak has a new resource version: 1
Mar 01, 2021 9:50:57 AM org.entando.kubernetes.controller.coordinator.EntandoResourceObserver logResource
WARNING: EntandoKeycloakServer entando-k8s-controller-coordinator-carcms87/test-keycloak is a top level resource
Mar 01, 2021 9:50:57 AM org.entando.kubernetes.controller.coordinator.EntandoResourceObserver logResource
WARNING: EntandoKeycloakServer entando-k8s-controller-coordinator-carcms87/test-keycloak is processed after a metadata.generation increment.
Mar 01, 2021 9:50:57 AM org.entando.kubernetes.controller.coordinator.EntandoResourceObserver processGenerationIncrement
WARNING: {"kind":"EntandoKeycloakServer","apiVersion":"entando.org/v1","metadata":{"name":"test-keycloak","namespace":"entando-k8s-controller-coordinator-carcms87","resourceVersion":"1","uid":"dGHZRiGg"},"spec":{"dbms":"none","replicas":1,"isDefault":false,"environmentVariables":[]},"status":{"serverStatuses":{},"entandoDeploymentPhase":"requested"}}
Mar 01, 2021 9:50:57 AM org.entando.kubernetes.controller.coordinator.EntandoResourceObserver logResource
INFO: Received ADDED for the EntandoKeycloakServer entando-k8s-controller-coordinator-carcms87/test-keycloak
Mar 01, 2021 9:50:57 AM org.entando.kubernetes.client.KubernetesRestInterceptor invoke
INFO: Entering method getNamespace in class org.entando.kubernetes.controller.support.client.EntandoResourceClient
Mar 01, 2021 9:50:57 AM org.entando.kubernetes.client.KubernetesRestInterceptor invoke
INFO: Exiting method getNamespace in class org.entando.kubernetes.controller.support.client.EntandoResourceClient
Mar 01, 2021 9:50:57 AM org.entando.kubernetes.client.KubernetesRestInterceptor invoke
INFO: Entering method loadDockerImageInfoConfigMap in class org.entando.kubernetes.controller.support.client.EntandoResourceClient
Mar 01, 2021 9:50:57 AM okhttp3.mockwebserver.MockWebServer$3 processOneRequest
INFO: MockWebServer[47954] received request: GET /api/v1/namespaces/entando/configmaps/entando-docker-image-info-v6.3 HTTP/1.1 and responded: HTTP/1.1 200 OK
Mar 01, 2021 9:50:57 AM org.entando.kubernetes.client.KubernetesRestInterceptor invoke
INFO: Exiting method loadDockerImageInfoConfigMap in class org.entando.kubernetes.controller.support.client.EntandoResourceClient
Mar 01, 2021 9:50:57 AM org.entando.kubernetes.client.KubernetesRestInterceptor invoke
INFO: Entering method removeAndWait in class org.entando.kubernetes.controller.support.client.PodClient with entando-k8s-controller-coordinator-carcms87,{EntandoResourceNamespace=entando-k8s-controller-coordinator-carcms87, EntandoResourceKind=EntandoKeycloakServer, EntandoKeycloakServer=test-keycloak}
Mar 01, 2021 9:50:57 AM okhttp3.mockwebserver.MockWebServer$3 processOneRequest
INFO: MockWebServer[47954] received request: GET /api/v1/namespaces/entando-k8s-controller-coordinator-carcms87/pods?labelSelector=EntandoResourceNamespace%3Dentando-k8s-controller-coordinator-carcms87%2CEntandoResourceKind%3DEntandoKeycloakServer%2CEntandoKeycloakServer%3Dtest-keycloak HTTP/1.1 and responded: HTTP/1.1 200 OK
Mar 01, 2021 9:50:57 AM okhttp3.mockwebserver.MockWebServer$3 processOneRequest
INFO: MockWebServer[47954] received request: GET /api/v1/namespaces/entando-k8s-controller-coordinator-carcms87/pods?labelSelector=EntandoResourceKind%3DEntandoKeycloakServer HTTP/1.1 and responded: HTTP/1.1 200 OK
Mar 01, 2021 9:50:58 AM okhttp3.mockwebserver.MockWebServer$3 processOneRequest
INFO: MockWebServer[47954] received request: GET /apis/entando.org/v1/namespaces/entando-k8s-controller-coordinator-carcms87/entandodebundles?watch=**** HTTP/1.1 and responded: HTTP/1.1 200 OK
Mar 01, 2021 9:50:58 AM io.fabric8.kubernetes.client.dsl.internal.WatchHTTPManager$1 onResponse
INFO: Watch terminated unexpectedly. reason: \n not found: limit=46 content=7b2261706956657273696f6e223a227631222c226b696e64223a224c69737422â€¦
Mar 01, 2021 9:50:58 AM okhttp3.mockwebserver.MockWebServer$3 processOneRequest
INFO: MockWebServer[47954] received request: GET /api/v1/namespaces/entando-k8s-controller-coordinator-carcms87/pods?labelSelector=EntandoResourceNamespace%3Dentando-k8s-controller-coordinator-carcms87%2CEntandoResourceKind%3DEntandoKeycloakServer%2CEntandoKeycloakServer%3Dtest-keycloak&watch=**** HTTP/1.1 and responded: HTTP/1.1 200 OK
Mar 01, 2021 9:50:58 AM okhttp3.mockwebserver.MockWebServer$3 processOneRequest
INFO: MockWebServer[47954] received request: GET /apis/entando.org/v1/namespaces/entando-k8s-controller-coordinator-carcms87/entandodatabaseservices?watch=**** HTTP/1.1 and responded: HTTP/1.1 200 OK
Mar 01, 2021 9:50:58 AM okhttp3.mockwebserver.MockWebServer$3 processOneRequest
INFO: MockWebServer[47954] received request: GET /api/v1/namespaces/entando-k8s-controller-coordinator-carcms87/pods?labelSelector=EntandoResourceNamespace%3Dentando-k8s-controller-coordinator-carcms87%2CEntandoResourceKind%3DEntandoKeycloakServer%2CEntandoKeycloakServer%3Dtest-keycloak HTTP/1.1 and responded: HTTP/1.1 200 OK
Mar 01, 2021 9:50:58 AM okhttp3.mockwebserver.MockWebServer$3 processOneRequest
INFO: MockWebServer[47954] received request: GET /api/v1/namespaces/entando-k8s-controller-coordinator-carcms87/pods?labelSelector=EntandoResourceNamespace%3Dentando-k8s-controller-coordinator-carcms87%2CEntandoResourceKind%3DEntandoKeycloakServer%2CEntandoKeycloakServer%3Dtest-keycloak&watch=**** HTTP/1.1 and responded: HTTP/1.1 200 OK
Mar 01, 2021 9:50:58 AM io.fabric8.kubernetes.client.dsl.internal.WatchHTTPManager$1 onResponse
INFO: Watch terminated unexpectedly. reason: \n not found: limit=46 content=7b2261706956657273696f6e223a227631222c226b696e64223a224c69737422â€¦
Mar 01, 2021 9:50:58 AM io.fabric8.kubernetes.client.dsl.internal.WatchHTTPManager$1 onResponse
INFO: Watch terminated unexpectedly. reason: \n not found: limit=46 content=7b2261706956657273696f6e223a227631222c226b696e64223a224c69737422â€¦
Mar 01, 2021 9:50:58 AM okhttp3.mockwebserver.MockWebServer$3 processOneRequest
INFO: MockWebServer[47954] received request: GET /api/v1/namespaces/entando-k8s-controller-coordinator-carcms87/pods?labelSelector=EntandoResourceNamespace%3Dentando-k8s-controller-coordinator-carcms87%2CEntandoResourceKind%3DEntandoKeycloakServer%2CEntandoKeycloakServer%3Dtest-keycloak HTTP/1.1 and responded: HTTP/1.1 200 OK
Mar 01, 2021 9:50:58 AM okhttp3.mockwebserver.MockWebServer$3 processOneRequest
INFO: MockWebServer[47954] received request: GET /api/v1/namespaces/entando-k8s-controller-coordinator-carcms87/pods?labelSelector=EntandoResourceKind%3DEntandoKeycloakServer HTTP/1.1 and responded: HTTP/1.1 200 OK
Mar 01, 2021 9:50:58 AM okhttp3.mockwebserver.MockWebServer$3 processOneRequest
INFO: MockWebServer[47954] received request: GET /api/v1/namespaces/entando-k8s-controller-coordinator-carcms87/pods?labelSelector=EntandoResourceKind%3DEntandoKeycloakServer HTTP/1.1 and responded: HTTP/1.1 200 OK
Mar 01, 2021 9:50:58 AM okhttp3.mockwebserver.MockWebServer$3 processOneRequest
INFO: MockWebServer[47954] received request: GET /api/v1/namespaces/entando-k8s-controller-coordinator-carcms87/pods?labelSelector=EntandoResourceKind%3DEntandoKeycloakServer HTTP/1.1 and responded: HTTP/1.1 200 OK
Mar 01, 2021 9:50:58 AM okhttp3.mockwebserver.MockWebServer$3 processOneRequest
INFO: MockWebServer[47954] received request: GET /api/v1/namespaces/entando-k8s-controller-coordinator-carcms87/pods?labelSelector=EntandoResourceKind%3DEntandoKeycloakServer HTTP/1.1 and responded: HTTP/1.1 200 OK
Mar 01, 2021 9:50:58 AM io.fabric8.kubernetes.client.dsl.internal.WatchHTTPManager$1 onResponse
INFO: Watch terminated unexpectedly. reason: \n not found: limit=46 content=7b2261706956657273696f6e223a227631222c226b696e64223a224c69737422â€¦
Mar 01, 2021 9:50:58 AM okhttp3.mockwebserver.MockWebServer$3 processOneRequest
INFO: MockWebServer[47954] received request: GET /apis/entando.org/v1/namespaces/entando-k8s-controller-coordinator-carcms87/entandoapps?watch=**** HTTP/1.1 and responded: HTTP/1.1 200 OK
Mar 01, 2021 9:50:58 AM okhttp3.mockwebserver.MockWebServer$3 processOneRequest
INFO: MockWebServer[47954] received request: GET /api/v1/namespaces/entando-k8s-controller-coordinator-carcms87/pods?labelSelector=EntandoResourceKind%3DEntandoKeycloakServer HTTP/1.1 and responded: HTTP/1.1 200 OK
Mar 01, 2021 9:50:59 AM okhttp3.mockwebserver.MockWebServer$3 processOneRequest
INFO: MockWebServer[47954] received request: GET /api/v1/namespaces/entando-k8s-controller-coordinator-carcms87/pods?labelSelector=EntandoResourceKind%3DEntandoKeycloakServer HTTP/1.1 and responded: HTTP/1.1 200 OK
Mar 01, 2021 9:50:59 AM okhttp3.mockwebserver.MockWebServer$3 processOneRequest
INFO: MockWebServer[47954] received request: GET /api/v1/namespaces/entando-k8s-controller-coordinator-carcms87/pods?labelSelector=EntandoResourceKind%3DEntandoKeycloakServer HTTP/1.1 and responded: HTTP/1.1 200 OK
Mar 01, 2021 9:50:59 AM org.entando.kubernetes.client.KubernetesRestInterceptor invoke
INFO: Exiting method removeAndWait in class org.entando.kubernetes.controller.support.client.PodClient
Mar 01, 2021 9:50:59 AM org.entando.kubernetes.client.KubernetesRestInterceptor invoke
INFO: Entering method overwriteControllerSecret in class org.entando.kubernetes.controller.support.client.SecretClient with Secret: null/test-keycloak-controller-ca-cert-secret
Mar 01, 2021 9:50:59 AM okhttp3.mockwebserver.MockWebServer$3 processOneRequest
INFO: MockWebServer[47954] received request: GET /api/v1/namespaces/entando-k8s-controller-coordinator-carcms87/pods?labelSelector=EntandoResourceNamespace%3Dentando-k8s-controller-coordinator-carcms87%2CEntandoResourceKind%3DEntandoKeycloakServer%2CEntandoKeycloakServer%3Dtest-keycloak&watch=**** HTTP/1.1 and responded: HTTP/1.1 200 OK
Mar 01, 2021 9:50:59 AM io.fabric8.kubernetes.client.dsl.internal.WatchHTTPManager$1 onResponse
INFO: Watch terminated unexpectedly. reason: \n not found: limit=46 content=7b2261706956657273696f6e223a227631222c226b696e64223a224c69737422â€¦
Mar 01, 2021 9:50:59 AM io.fabric8.kubernetes.client.dsl.internal.WatchHTTPManager scheduleReconnect
WARN: Ignoring error for already closed/closing connection
Mar 01, 2021 9:50:59 AM okhttp3.mockwebserver.MockWebServer$3 processOneRequest
INFO: MockWebServer[47954] received request: GET /api/v1/namespaces/entando-k8s-controller-coordinator-carcms87/secrets/test-keycloak-controller-ca-cert-secret HTTP/1.1 and responded: HTTP/1.1 404 Client Error
Mar 01, 2021 9:50:59 AM okhttp3.mockwebserver.MockWebServer$3 processOneRequest
INFO: MockWebServer[47954] received request: GET /api/v1/namespaces/entando-k8s-controller-coordinator-carcms87/pods?labelSelector=EntandoResourceKind%3DEntandoKeycloakServer HTTP/1.1 and responded: HTTP/1.1 200 OK
Mar 01, 2021 9:50:59 AM okhttp3.mockwebserver.MockWebServer$3 processOneRequest
INFO: MockWebServer[47954] received request: POST /api/v1/namespaces/entando-k8s-controller-coordinator-carcms87/secrets HTTP/1.1 and responded: HTTP/1.1 202 OK
Mar 01, 2021 9:50:59 AM okhttp3.mockwebserver.MockWebServer$3 processOneRequest
INFO: MockWebServer[47954] received request: GET /apis/entando.org/v1/namespaces/entando-k8s-controller-coordinator-carcms87/entandoapppluginlinks?watch=**** HTTP/1.1 and responded: HTTP/1.1 200 OK
Mar 01, 2021 9:50:59 AM org.entando.kubernetes.client.KubernetesRestInterceptor invoke
INFO: Exiting method overwriteControllerSecret in class org.entando.kubernetes.controller.support.client.SecretClient
Mar 01, 2021 9:50:59 AM org.entando.kubernetes.client.KubernetesRestInterceptor invoke
INFO: Entering method start in class org.entando.kubernetes.controller.support.client.PodClient with Pod: entando-k8s-controller-coordinator-carcms87/test-keycloak-deployer-5091
Mar 01, 2021 9:50:59 AM io.fabric8.kubernetes.client.dsl.internal.WatchHTTPManager$1 onResponse
INFO: Watch terminated unexpectedly. reason: \n not found: limit=46 content=7b2261706956657273696f6e223a227631222c226b696e64223a224c69737422â€¦
Mar 01, 2021 9:50:59 AM okhttp3.mockwebserver.MockWebServer$3 processOneRequest
INFO: MockWebServer[47954] received request: GET /api/v1/namespaces/entando-k8s-controller-coordinator-carcms87/pods?labelSelector=EntandoResourceKind%3DEntandoKeycloakServer HTTP/1.1 and responded: HTTP/1.1 200 OK
Mar 01, 2021 9:50:59 AM okhttp3.mockwebserver.MockWebServer$3 processOneRequest
INFO: MockWebServer[47954] received request: POST /api/v1/namespaces/entando-k8s-controller-coordinator-carcms87/pods HTTP/1.1 and responded: HTTP/1.1 202 OK
Mar 01, 2021 9:50:59 AM org.entando.kubernetes.client.KubernetesRestInterceptor invoke
INFO: Exiting method start in class org.entando.kubernetes.controller.support.client.PodClient
Mar 01, 2021 9:50:59 AM okhttp3.mockwebserver.MockWebServer$3 processOneRequest
INFO: MockWebServer[47954] received request: GET /apis/entando.org/v1/namespaces/entando-k8s-controller-coordinator-carcms87/entandokeycloakservers?watch=**** HTTP/1.1 and responded: HTTP/1.1 200 OK
Mar 01, 2021 9:50:59 AM io.fabric8.kubernetes.client.dsl.internal.WatchHTTPManager$1 onResponse
INFO: Watch terminated unexpectedly. reason: \n not found: limit=282 content=7b2261706956657273696f6e223a227631222c226b696e64223a224c69737422â€¦
Mar 01, 2021 9:50:59 AM okhttp3.mockwebserver.MockWebServer$3 processOneRequest
INFO: MockWebServer[47954] received request: GET /api/v1/namespaces/entando-k8s-controller-coordinator-carcms87/pods?labelSelector=EntandoResourceKind%3DEntandoKeycloakServer HTTP/1.1 and responded: HTTP/1.1 200 OK
Mar 01, 2021 9:50:59 AM okhttp3.mockwebserver.MockWebServer$3 processOneRequest
INFO: MockWebServer[47954] received request: GET /api/v1/namespaces/entando-k8s-controller-coordinator-carcms87/pods?labelSelector=EntandoResourceKind%3DEntandoKeycloakServer HTTP/1.1 and responded: HTTP/1.1 200 OK
Mar 01, 2021 9:50:59 AM okhttp3.mockwebserver.MockWebServer$2 acceptConnections
INFO: MockWebServer[47954] done accepting connections: Socket closed
Mar 01, 2021 9:50:59 AM okhttp3.mockwebserver.MockWebServer$2 e**cute
INFO: MockWebServer[57096] starting to accept connections
Mar 01, 2021 9:50:59 AM okhttp3.mockwebserver.MockWebServer$3 processOneRequest
INFO: MockWebServer[57096] received request: GET /api/v1/namespaces/entando-k8s-controller-coordinator-carcms87 HTTP/1.1 and responded: HTTP/1.1 404 Client Error
Mar 01, 2021 9:50:59 AM okhttp3.mockwebserver.MockWebServer$3 processOneRequest
INFO: MockWebServer[57096] received request: GET /apis/entando.org/v1/namespaces/default/entandokeycloakservers HTTP/1.1 and responded: HTTP/1.1 200 OK
Mar 01, 2021 9:50:59 AM okhttp3.mockwebserver.MockWebServer$3 processOneRequest
INFO: MockWebServer[57096] received request: GET /api/v1/namespaces/entando-k8s-controller-coordinator-carcms87 HTTP/1.1 and responded: HTTP/1.1 404 Client Error
Mar 01, 2021 9:51:00 AM io.fabric8.kubernetes.client.dsl.internal.WatchHTTPManager$1 onFailure
INFO: Watch connection failed. reason: e**cutor rejected
Mar 01, 2021 9:51:00 AM okhttp3.mockwebserver.MockWebServer$3 processOneRequest
INFO: MockWebServer[57096] received request: GET /apis/entando.org/v1/namespaces/default/entandokeycloakservers HTTP/1.1 and responded: HTTP/1.1 200 OK
Mar 01, 2021 9:51:00 AM okhttp3.mockwebserver.MockWebServer$3 processOneRequest
INFO: MockWebServer[57096] received request: GET /apis/entando.org/v1/namespaces/entando-k8s-controller-coordinator-carcms87/entandokeycloakservers HTTP/1.1 and responded: HTTP/1.1 200 OK
Mar 01, 2021 9:51:00 AM io.fabric8.kubernetes.client.dsl.internal.WatchHTTPManager$1 onFailure
INFO: Watch connection failed. reason: e**cutor rejected
Mar 01, 2021 9:51:00 AM okhttp3.mockwebserver.MockWebServer$3 processOneRequest
INFO: MockWebServer[57096] received request: GET /apis/entando.org/v1/namespaces/entando-k8s-controller-coordinator-carcms87/entandokeycloakservers?watch=**** HTTP/1.1 and responded: HTTP/1.1 200 OK
Mar 01, 2021 9:51:00 AM okhttp3.mockwebserver.MockWebServer$3 processOneRequest
INFO: MockWebServer[57096] received request: GET /api/v1/namespaces/entando-k8s-controller-coordinator-carcms87 HTTP/1.1 and responded: HTTP/1.1 404 Client Error
Mar 01, 2021 9:51:00 AM okhttp3.mockwebserver.MockWebServer$3 processOneRequest
INFO: MockWebServer[57096] received request: GET /apis/entando.org/v1/namespaces/entando-k8s-controller-coordinator-carcms87/entandokeycloakservers?watch=**** HTTP/1.1 and responded: HTTP/1.1 200 OK
Mar 01, 2021 9:51:00 AM io.fabric8.kubernetes.client.dsl.internal.WatchHTTPManager$1 onResponse
INFO: Watch terminated unexpectedly. reason: \n not found: limit=46 content=7b2261706956657273696f6e223a227631222c226b696e64223a224c69737422â€¦
Mar 01, 2021 9:51:00 AM okhttp3.mockwebserver.MockWebServer$3 processOneRequest
INFO: MockWebServer[57096] received request: GET /apis/entando.org/v1/namespaces/default/entandoclusterinfrastructures HTTP/1.1 and responded: HTTP/1.1 200 OK
Mar 01, 2021 9:51:00 AM okhttp3.mockwebserver.MockWebServer$3 processOneRequest
INFO: MockWebServer[57096] received request: GET /api/v1/namespaces/entando-k8s-controller-coordinator-carcms87 HTTP/1.1 and responded: HTTP/1.1 404 Client Error
Mar 01, 2021 9:51:00 AM okhttp3.mockwebserver.MockWebServer$3 processOneRequest
INFO: MockWebServer[57096] received request: GET /apis/entando.org/v1/namespaces/default/entandoclusterinfrastructures HTTP/1.1 and responded: HTTP/1.1 200 OK
Mar 01, 2021 9:51:00 AM okhttp3.mockwebserver.MockWebServer$3 processOneRequest
INFO: MockWebServer[57096] received request: GET /apis/entando.org/v1/namespaces/entando-k8s-controller-coordinator-carcms87/entandoclusterinfrastructures HTTP/1.1 and responded: HTTP/1.1 200 OK
Mar 01, 2021 9:51:00 AM okhttp3.mockwebserver.MockWebServer$3 processOneRequest
INFO: MockWebServer[57096] received request: GET /apis/entando.org/v1/namespaces/entando-k8s-controller-coordinator-carcms87/entandoclusterinfrastructures?watch=**** HTTP/1.1 and responded: HTTP/1.1 200 OK
Mar 01, 2021 9:51:00 AM io.fabric8.kubernetes.client.dsl.internal.WatchHTTPManager$1 onFailure
INFO: Watch connection failed. reason: e**cutor rejected
Mar 01, 2021 9:51:00 AM okhttp3.mockwebserver.MockWebServer$3 processOneRequest
INFO: MockWebServer[57096] received request: GET /apis/entando.org/v1/namespaces/entando-k8s-controller-coordinator-carcms87/entandoclusterinfrastructures?watch=**** HTTP/1.1 and responded: HTTP/1.1 200 OK
Mar 01, 2021 9:51:00 AM okhttp3.mockwebserver.MockWebServer$3 processOneRequest
INFO: MockWebServer[57096] received request: GET /api/v1/namespaces/entando-k8s-controller-coordinator-carcms87 HTTP/1.1 and responded: HTTP/1.1 404 Client Error
Mar 01, 2021 9:51:00 AM io.fabric8.kubernetes.client.dsl.internal.WatchHTTPManager$1 onResponse
INFO: Watch terminated unexpectedly. reason: \n not found: limit=46 content=7b2261706956657273696f6e223a227631222c226b696e64223a224c69737422â€¦
Mar 01, 2021 9:51:00 AM okhttp3.mockwebserver.MockWebServer$3 processOneRequest
INFO: MockWebServer[57096] received request: GET /apis/entando.org/v1/namespaces/default/entandoplugins HTTP/1.1 and responded: HTTP/1.1 200 OK
Mar 01, 2021 9:51:00 AM okhttp3.mockwebserver.MockWebServer$3 processOneRequest
INFO: MockWebServer[57096] received request: GET /api/v1/namespaces/entando-k8s-controller-coordinator-carcms87 HTTP/1.1 and responded: HTTP/1.1 404 Client Error
Mar 01, 2021 9:51:01 AM okhttp3.mockwebserver.MockWebServer$3 processOneRequest
INFO: MockWebServer[57096] received request: GET /apis/entando.org/v1/namespaces/default/entandoplugins HTTP/1.1 and responded: HTTP/1.1 200 OK
Mar 01, 2021 9:51:01 AM okhttp3.mockwebserver.MockWebServer$3 processOneRequest
INFO: MockWebServer[57096] received request: GET /apis/entando.org/v1/namespaces/entando-k8s-controller-coordinator-carcms87/entandoplugins HTTP/1.1 and responded: HTTP/1.1 200 OK
Mar 01, 2021 9:51:01 AM okhttp3.mockwebserver.MockWebServer$3 processOneRequest
INFO: MockWebServer[57096] received request: GET /apis/entando.org/v1/namespaces/entando-k8s-controller-coordinator-carcms87/entandoplugins?watch=**** HTTP/1.1 and responded: HTTP/1.1 200 OK
Mar 01, 2021 9:51:01 AM okhttp3.mockwebserver.MockWebServer$3 processOneRequest
INFO: MockWebServer[57096] received request: GET /apis/entando.org/v1/namespaces/entando-k8s-controller-coordinator-carcms87/entandoplugins?watch=**** HTTP/1.1 and responded: HTTP/1.1 200 OK
Mar 01, 2021 9:51:01 AM io.fabric8.kubernetes.client.dsl.internal.WatchHTTPManager$1 onResponse
INFO: Watch terminated unexpectedly. reason: \n not found: limit=46 content=7b2261706956657273696f6e223a227631222c226b696e64223a224c69737422â€¦
Mar 01, 2021 9:51:01 AM okhttp3.mockwebserver.MockWebServer$3 processOneRequest
INFO: MockWebServer[57096] received request: GET /api/v1/namespaces/entando-k8s-controller-coordinator-carcms87 HTTP/1.1 and responded: HTTP/1.1 404 Client Error
Mar 01, 2021 9:51:01 AM okhttp3.mockwebserver.MockWebServer$3 processOneRequest
INFO: MockWebServer[57096] received request: GET /apis/entando.org/v1/namespaces/default/entandocompositeapps HTTP/1.1 and responded: HTTP/1.1 200 OK
Mar 01, 2021 9:51:01 AM okhttp3.mockwebserver.MockWebServer$3 processOneRequest
INFO: MockWebServer[57096] received request: GET /apis/entando.org/v1/namespaces/entando-k8s-controller-coordinator-carcms87/entandokeycloakservers?watch=**** HTTP/1.1 and responded: HTTP/1.1 200 OK
Mar 01, 2021 9:51:01 AM io.fabric8.kubernetes.client.dsl.internal.WatchHTTPManager$1 onResponse
INFO: Watch terminated unexpectedly. reason: \n not found: limit=46 content=7b2261706956657273696f6e223a227631222c226b696e64223a224c69737422â€¦
Mar 01, 2021 9:51:01 AM okhttp3.mockwebserver.MockWebServer$3 processOneRequest
INFO: MockWebServer[57096] received request: GET /api/v1/namespaces/entando-k8s-controller-coordinator-carcms87 HTTP/1.1 and responded: HTTP/1.1 404 Client Error
Mar 01, 2021 9:51:01 AM io.fabric8.kubernetes.client.dsl.internal.WatchHTTPManager$1 onFailure
INFO: Watch connection failed. reason: e**cutor rejected
Mar 01, 2021 9:51:01 AM okhttp3.mockwebserver.MockWebServer$3 processOneRequest
INFO: MockWebServer[57096] received request: GET /apis/entando.org/v1/namespaces/default/entandocompositeapps HTTP/1.1 and responded: HTTP/1.1 200 OK
Mar 01, 2021 9:51:01 AM okhttp3.mockwebserver.MockWebServer$3 processOneRequest
INFO: MockWebServer[57096] received request: GET /apis/entando.org/v1/namespaces/entando-k8s-controller-coordinator-carcms87/entandocompositeapps HTTP/1.1 and responded: HTTP/1.1 200 OK
Mar 01, 2021 9:51:01 AM okhttp3.mockwebserver.MockWebServer$3 processOneRequest
INFO: MockWebServer[57096] received request: GET /apis/entando.org/v1/namespaces/entando-k8s-controller-coordinator-carcms87/entandocompositeapps?watch=**** HTTP/1.1 and responded: HTTP/1.1 200 OK
Mar 01, 2021 9:51:01 AM okhttp3.mockwebserver.MockWebServer$3 processOneRequest
INFO: MockWebServer[57096] received request: GET /api/v1/namespaces/entando-k8s-controller-coordinator-carcms87 HTTP/1.1 and responded: HTTP/1.1 404 Client Error
Mar 01, 2021 9:51:01 AM okhttp3.mockwebserver.MockWebServer$3 processOneRequest
INFO: MockWebServer[57096] received request: GET /apis/entando.org/v1/namespaces/entando-k8s-controller-coordinator-carcms87/entandocompositeapps?watch=**** HTTP/1.1 and responded: HTTP/1.1 200 OK
Mar 01, 2021 9:51:01 AM io.fabric8.kubernetes.client.dsl.internal.WatchHTTPManager$1 onResponse
INFO: Watch terminated unexpectedly. reason: \n not found: limit=46 content=7b2261706956657273696f6e223a227631222c226b696e64223a224c69737422â€¦
Mar 01, 2021 9:51:01 AM okhttp3.mockwebserver.MockWebServer$3 processOneRequest
INFO: MockWebServer[57096] received request: GET /apis/entando.org/v1/namespaces/default/entandodatabaseservices HTTP/1.1 and responded: HTTP/1.1 200 OK
Mar 01, 2021 9:51:01 AM okhttp3.mockwebserver.MockWebServer$3 processOneRequest
INFO: MockWebServer[57096] received request: GET /api/v1/namespaces/entando-k8s-controller-coordinator-carcms87 HTTP/1.1 and responded: HTTP/1.1 404 Client Error
Mar 01, 2021 9:51:01 AM okhttp3.mockwebserver.MockWebServer$3 processOneRequest
INFO: MockWebServer[57096] received request: GET /apis/entando.org/v1/namespaces/entando-k8s-controller-coordinator-carcms87/entandoclusterinfrastructures?watch=**** HTTP/1.1 and responded: HTTP/1.1 200 OK
Mar 01, 2021 9:51:01 AM okhttp3.mockwebserver.MockWebServer$3 processOneRequest
INFO: MockWebServer[57096] received request: GET /apis/entando.org/v1/namespaces/default/entandodatabaseservices HTTP/1.1 and responded: HTTP/1.1 200 OK
Mar 01, 2021 9:51:01 AM io.fabric8.kubernetes.client.dsl.internal.WatchHTTPManager$1 onResponse
INFO: Watch terminated unexpectedly. reason: \n not found: limit=46 content=7b2261706956657273696f6e223a227631222c226b696e64223a224c69737422â€¦
Mar 01, 2021 9:51:02 AM okhttp3.mockwebserver.MockWebServer$3 processOneRequest
INFO: MockWebServer[57096] received request: GET /apis/entando.org/v1/namespaces/entando-k8s-controller-coordinator-carcms87/entandodatabaseservices HTTP/1.1 and responded: HTTP/1.1 200 OK
Mar 01, 2021 9:51:02 AM okhttp3.mockwebserver.MockWebServer$3 processOneRequest
INFO: MockWebServer[57096] received request: GET /apis/entando.org/v1/namespaces/entando-k8s-controller-coordinator-carcms87/entandodatabaseservices?watch=**** HTTP/1.1 and responded: HTTP/1.1 200 OK
Mar 01, 2021 9:51:02 AM io.fabric8.kubernetes.client.dsl.internal.WatchHTTPManager$1 onFailure
INFO: Watch connection failed. reason: e**cutor rejected
Mar 01, 2021 9:51:02 AM okhttp3.mockwebserver.MockWebServer$3 processOneRequest
INFO: MockWebServer[57096] received request: GET /api/v1/namespaces/entando-k8s-controller-coordinator-carcms87 HTTP/1.1 and responded: HTTP/1.1 404 Client Error
Mar 01, 2021 9:51:02 AM okhttp3.mockwebserver.MockWebServer$3 processOneRequest
INFO: MockWebServer[57096] received request: GET /apis/entando.org/v1/namespaces/entando-k8s-controller-coordinator-carcms87/entandodatabaseservices?watch=**** HTTP/1.1 and responded: HTTP/1.1 200 OK
Mar 01, 2021 9:51:02 AM io.fabric8.kubernetes.client.dsl.internal.WatchHTTPManager$1 onResponse
INFO: Watch terminated unexpectedly. reason: \n not found: limit=46 content=7b2261706956657273696f6e223a227631222c226b696e64223a224c69737422â€¦
Mar 01, 2021 9:51:02 AM okhttp3.mockwebserver.MockWebServer$3 processOneRequest
INFO: MockWebServer[57096] received request: GET /apis/entando.org/v1/namespaces/default/entandoapps HTTP/1.1 and responded: HTTP/1.1 200 OK
Mar 01, 2021 9:51:02 AM okhttp3.mockwebserver.MockWebServer$3 processOneRequest
INFO: MockWebServer[57096] received request: GET /apis/entando.org/v1/namespaces/entando-k8s-controller-coordinator-carcms87/entandoplugins?watch=**** HTTP/1.1 and responded: HTTP/1.1 200 OK
Mar 01, 2021 9:51:02 AM okhttp3.mockwebserver.MockWebServer$3 processOneRequest
INFO: MockWebServer[57096] received request: GET /api/v1/namespaces/entando-k8s-controller-coordinator-carcms87 HTTP/1.1 and responded: HTTP/1.1 404 Client Error
Mar 01, 2021 9:51:02 AM io.fabric8.kubernetes.client.dsl.internal.WatchHTTPManager$1 onResponse
INFO: Watch terminated unexpectedly. reason: \n not found: limit=46 content=7b2261706956657273696f6e223a227631222c226b696e64223a224c69737422â€¦
Mar 01, 2021 9:51:02 AM okhttp3.mockwebserver.MockWebServer$3 processOneRequest
INFO: MockWebServer[57096] received request: GET /apis/entando.org/v1/namespaces/default/entandoapps HTTP/1.1 and responded: HTTP/1.1 200 OK
Mar 01, 2021 9:51:02 AM okhttp3.mockwebserver.MockWebServer$3 processOneRequest
INFO: MockWebServer[57096] received request: GET /apis/entando.org/v1/namespaces/entando-k8s-controller-coordinator-carcms87/entandoapps HTTP/1.1 and responded: HTTP/1.1 200 OK
Mar 01, 2021 9:51:02 AM okhttp3.mockwebserver.MockWebServer$3 processOneRequest
INFO: MockWebServer[57096] received request: GET /apis/entando.org/v1/namespaces/entando-k8s-controller-coordinator-carcms87/entandoapps?watch=**** HTTP/1.1 and responded: HTTP/1.1 200 OK
Mar 01, 2021 9:51:02 AM okhttp3.mockwebserver.MockWebServer$3 processOneRequest
INFO: MockWebServer[57096] received request: GET /api/v1/namespaces/entando-k8s-controller-coordinator-carcms87 HTTP/1.1 and responded: HTTP/1.1 404 Client Error
Mar 01, 2021 9:51:02 AM okhttp3.mockwebserver.MockWebServer$3 processOneRequest
INFO: MockWebServer[57096] received request: GET /apis/entando.org/v1/namespaces/entando-k8s-controller-coordinator-carcms87/entandoapps?watch=**** HTTP/1.1 and responded: HTTP/1.1 200 OK
Mar 01, 2021 9:51:02 AM io.fabric8.kubernetes.client.dsl.internal.WatchHTTPManager$1 onResponse
INFO: Watch terminated unexpectedly. reason: \n not found: limit=46 content=7b2261706956657273696f6e223a227631222c226b696e64223a224c69737422â€¦
Mar 01, 2021 9:51:02 AM okhttp3.mockwebserver.MockWebServer$3 processOneRequest
INFO: MockWebServer[57096] received request: GET /apis/entando.org/v1/namespaces/default/entandoapppluginlinks HTTP/1.1 and responded: HTTP/1.1 200 OK
Mar 01, 2021 9:51:02 AM io.fabric8.kubernetes.client.dsl.internal.WatchHTTPManager$1 onFailure
INFO: Watch connection failed. reason: e**cutor rejected
Mar 01, 2021 9:51:02 AM okhttp3.mockwebserver.MockWebServer$3 processOneRequest
INFO: MockWebServer[57096] received request: GET /api/v1/namespaces/entando-k8s-controller-coordinator-carcms87 HTTP/1.1 and responded: HTTP/1.1 404 Client Error
Mar 01, 2021 9:51:02 AM okhttp3.mockwebserver.MockWebServer$3 processOneRequest
INFO: MockWebServer[57096] received request: GET /apis/entando.org/v1/namespaces/default/entandoapppluginlinks HTTP/1.1 and responded: HTTP/1.1 200 OK
Mar 01, 2021 9:51:02 AM okhttp3.mockwebserver.MockWebServer$3 processOneRequest
INFO: MockWebServer[57096] received request: GET /apis/entando.org/v1/namespaces/entando-k8s-controller-coordinator-carcms87/entandocompositeapps?watch=**** HTTP/1.1 and responded: HTTP/1.1 200 OK
Mar 01, 2021 9:51:02 AM io.fabric8.kubernetes.client.dsl.internal.WatchHTTPManager$1 onResponse
INFO: Watch terminated unexpectedly. reason: \n not found: limit=46 content=7b2261706956657273696f6e223a227631222c226b696e64223a224c69737422â€¦
Mar 01, 2021 9:51:02 AM okhttp3.mockwebserver.MockWebServer$3 processOneRequest
INFO: MockWebServer[57096] received request: GET /apis/entando.org/v1/namespaces/entando-k8s-controller-coordinator-carcms87/entandoapppluginlinks HTTP/1.1 and responded: HTTP/1.1 200 OK
Mar 01, 2021 9:51:03 AM okhttp3.mockwebserver.MockWebServer$3 processOneRequest
INFO: MockWebServer[57096] received request: GET /apis/entando.org/v1/namespaces/entando-k8s-controller-coordinator-carcms87/entandoapppluginlinks?watch=**** HTTP/1.1 and responded: HTTP/1.1 200 OK
Mar 01, 2021 9:51:03 AM okhttp3.mockwebserver.MockWebServer$3 processOneRequest
INFO: MockWebServer[57096] received request: GET /api/v1/namespaces/entando-k8s-controller-coordinator-carcms87 HTTP/1.1 and responded: HTTP/1.1 404 Client Error
Mar 01, 2021 9:51:03 AM okhttp3.mockwebserver.MockWebServer$3 processOneRequest
INFO: MockWebServer[57096] received request: GET /apis/entando.org/v1/namespaces/entando-k8s-controller-coordinator-carcms87/entandoapppluginlinks?watch=**** HTTP/1.1 and responded: HTTP/1.1 200 OK
Mar 01, 2021 9:51:03 AM io.fabric8.kubernetes.client.dsl.internal.WatchHTTPManager$1 onResponse
INFO: Watch terminated unexpectedly. reason: \n not found: limit=46 content=7b2261706956657273696f6e223a227631222c226b696e64223a224c69737422â€¦
Mar 01, 2021 9:51:03 AM okhttp3.mockwebserver.MockWebServer$3 processOneRequest
INFO: MockWebServer[57096] received request: GET /apis/entando.org/v1/namespaces/default/entandodebundles HTTP/1.1 and responded: HTTP/1.1 200 OK
Mar 01, 2021 9:51:03 AM okhttp3.mockwebserver.MockWebServer$3 processOneRequest
INFO: MockWebServer[57096] received request: GET /api/v1/namespaces/entando-k8s-controller-coordinator-carcms87 HTTP/1.1 and responded: HTTP/1.1 404 Client Error
Mar 01, 2021 9:51:03 AM okhttp3.mockwebserver.MockWebServer$3 processOneRequest
INFO: MockWebServer[57096] received request: GET /apis/entando.org/v1/namespaces/default/entandodebundles HTTP/1.1 and responded: HTTP/1.1 200 OK
Mar 01, 2021 9:51:03 AM okhttp3.mockwebserver.MockWebServer$3 processOneRequest
INFO: MockWebServer[57096] received request: GET /apis/entando.org/v1/namespaces/entando-k8s-controller-coordinator-carcms87/entandodatabaseservices?watch=**** HTTP/1.1 and responded: HTTP/1.1 200 OK
Mar 01, 2021 9:51:03 AM io.fabric8.kubernetes.client.dsl.internal.WatchHTTPManager$1 onResponse
INFO: Watch terminated unexpectedly. reason: \n not found: limit=46 content=7b2261706956657273696f6e223a227631222c226b696e64223a224c69737422â€¦
Mar 01, 2021 9:51:03 AM okhttp3.mockwebserver.MockWebServer$3 processOneRequest
INFO: MockWebServer[57096] received request: GET /apis/entando.org/v1/namespaces/entando-k8s-controller-coordinator-carcms87/entandodebundles HTTP/1.1 and responded: HTTP/1.1 200 OK
Mar 01, 2021 9:51:03 AM io.fabric8.kubernetes.client.dsl.internal.WatchHTTPManager$1 onFailure
INFO: Watch connection failed. reason: e**cutor rejected
Mar 01, 2021 9:51:03 AM okhttp3.mockwebserver.MockWebServer$3 processOneRequest
INFO: MockWebServer[57096] received request: GET /apis/entando.org/v1/namespaces/entando-k8s-controller-coordinator-carcms87/entandodebundles?watch=**** HTTP/1.1 and responded: HTTP/1.1 200 OK
Mar 01, 2021 9:51:03 AM okhttp3.mockwebserver.MockWebServer$3 processOneRequest
INFO: MockWebServer[57096] received request: GET /apis/entando.org/v1/namespaces/entando-k8s-controller-coordinator-carcms87/entandokeycloakservers?watch=**** HTTP/1.1 and responded: HTTP/1.1 200 OK
Mar 01, 2021 9:51:03 AM io.fabric8.kubernetes.client.dsl.internal.WatchHTTPManager$1 onResponse
INFO: Watch terminated unexpectedly. reason: \n not found: limit=46 content=7b2261706956657273696f6e223a227631222c226b696e64223a224c69737422â€¦
Mar 01, 2021 9:51:03 AM okhttp3.mockwebserver.MockWebServer$3 processOneRequest
INFO: MockWebServer[57096] received request: GET /apis/entando.org/v1/namespaces/entando-k8s-controller-coordinator-carcms87/entandodebundles?watch=**** HTTP/1.1 and responded: HTTP/1.1 200 OK
Mar 01, 2021 9:51:03 AM okhttp3.mockwebserver.MockWebServer$3 processOneRequest
INFO: MockWebServer[57096] received request: GET /api/v1/namespaces/entando-k8s-controller-coordinator-carcms87 HTTP/1.1 and responded: HTTP/1.1 404 Client Error
Mar 01, 2021 9:51:03 AM io.fabric8.kubernetes.client.dsl.internal.WatchHTTPManager$1 onResponse
INFO: Watch terminated unexpectedly. reason: \n not found: limit=46 content=7b2261706956657273696f6e223a227631222c226b696e64223a224c69737422â€¦
Mar 01, 2021 9:51:03 AM okhttp3.mockwebserver.MockWebServer$3 processOneRequest
INFO: MockWebServer[57096] received request: POST /api/v1/namespaces HTTP/1.1 and responded: HTTP/1.1 202 OK
Mar 01, 2021 9:51:03 AM okhttp3.mockwebserver.MockWebServer$3 processOneRequest
INFO: MockWebServer[57096] received request: GET /api/v1/namespaces/entando/configmaps/entando-docker-image-info-v6.3 HTTP/1.1 and responded: HTTP/1.1 404 Client Error
Mar 01, 2021 9:51:03 AM okhttp3.mockwebserver.MockWebServer$3 processOneRequest
INFO: MockWebServer[57096] received request: GET /apis/entando.org/v1/namespaces/entando-k8s-controller-coordinator-carcms87/entandoapps?watch=**** HTTP/1.1 and responded: HTTP/1.1 200 OK
Mar 01, 2021 9:51:03 AM io.fabric8.kubernetes.client.dsl.internal.WatchHTTPManager$1 onResponse
INFO: Watch terminated unexpectedly. reason: \n not found: limit=46 content=7b2261706956657273696f6e223a227631222c226b696e64223a224c69737422â€¦
Mar 01, 2021 9:51:03 AM okhttp3.mockwebserver.MockWebServer$3 processOneRequest
INFO: MockWebServer[57096] received request: POST /api/v1/namespaces/entando/configmaps HTTP/1.1 and responded: HTTP/1.1 202 OK
Mar 01, 2021 9:51:03 AM okhttp3.mockwebserver.MockWebServer$3 processOneRequest
INFO: MockWebServer[57096] received request: GET /api/v1/namespaces/entando-k8s-controller-coordinator-carcms87 HTTP/1.1 and responded: HTTP/1.1 200 OK
Mar 01, 2021 9:51:03 AM okhttp3.mockwebserver.MockWebServer$3 processOneRequest
INFO: MockWebServer[57096] received request: GET /apis/entando.org/v1/namespaces/entando-k8s-controller-coordinator-carcms87/entandokeycloakservers HTTP/1.1 and responded: HTTP/1.1 200 OK
Mar 01, 2021 9:51:04 AM okhttp3.mockwebserver.MockWebServer$3 processOneRequest
INFO: MockWebServer[57096] received request: GET /apis/entando.org/v1/namespaces/entando-k8s-controller-coordinator-carcms87/entandoclusterinfrastructures?watch=**** HTTP/1.1 and responded: HTTP/1.1 200 OK
Mar 01, 2021 9:51:04 AM io.fabric8.kubernetes.client.dsl.internal.WatchHTTPManager$1 onResponse
INFO: Watch terminated unexpectedly. reason: \n not found: limit=46 content=7b2261706956657273696f6e223a227631222c226b696e64223a224c69737422â€¦
Mar 01, 2021 9:51:04 AM io.fabric8.kubernetes.client.dsl.internal.WatchHTTPManager$1 onFailure
INFO: Watch connection failed. reason: e**cutor rejected
Mar 01, 2021 9:51:04 AM okhttp3.mockwebserver.MockWebServer$3 processOneRequest
INFO: MockWebServer[57096] received request: GET /api/v1/namespaces/entando-k8s-controller-coordinator-carcms87 HTTP/1.1 and responded: HTTP/1.1 200 OK
Mar 01, 2021 9:51:04 AM okhttp3.mockwebserver.MockWebServer$3 processOneRequest
INFO: MockWebServer[57096] received request: GET /apis/entando.org/v1/namespaces/entando-k8s-controller-coordinator-carcms87/entandokeycloakservers HTTP/1.1 and responded: HTTP/1.1 200 OK
Mar 01, 2021 9:51:04 AM okhttp3.mockwebserver.MockWebServer$3 processOneRequest
INFO: MockWebServer[57096] received request: GET /apis/entando.org/v1/namespaces/entando-k8s-controller-coordinator-carcms87/entandoapppluginlinks?watch=**** HTTP/1.1 and responded: HTTP/1.1 200 OK
Mar 01, 2021 9:51:04 AM io.fabric8.kubernetes.client.dsl.internal.WatchHTTPManager$1 onResponse
INFO: Watch terminated unexpectedly. reason: \n not found: limit=46 content=7b2261706956657273696f6e223a227631222c226b696e64223a224c69737422â€¦
Mar 01, 2021 9:51:04 AM okhttp3.mockwebserver.MockWebServer$3 processOneRequest
INFO: MockWebServer[57096] received request: POST /apis/entando.org/v1/namespaces/entando-k8s-controller-coordinator-carcms87/entandokeycloakservers HTTP/1.1 and responded: HTTP/1.1 202 OK
Mar 01, 2021 9:51:04 AM org.entando.kubernetes.controller.coordinator.EntandoResourceObserver logResource
WARNING: EntandoKeycloakServer entando-k8s-controller-coordinator-carcms87/test-keycloak has a new resource version: 1
Mar 01, 2021 9:51:04 AM org.entando.kubernetes.controller.coordinator.EntandoResourceObserver logResource
WARNING: EntandoKeycloakServer entando-k8s-controller-coordinator-carcms87/test-keycloak is a top level resource
Mar 01, 2021 9:51:04 AM org.entando.kubernetes.controller.coordinator.EntandoResourceObserver logResource
WARNING: EntandoKeycloakServer entando-k8s-controller-coordinator-carcms87/test-keycloak is processed after a metadata.generation increment.
Mar 01, 2021 9:51:04 AM org.entando.kubernetes.controller.coordinator.EntandoResourceObserver processGenerationIncrement
WARNING: {"kind":"EntandoKeycloakServer","apiVersion":"entando.org/v1","metadata":{"name":"test-keycloak","namespace":"entando-k8s-controller-coordinator-carcms87","resourceVersion":"1","uid":"OdhkF3Hw"},"spec":{"dbms":"none","replicas":1,"isDefault":false,"environmentVariables":[]},"status":{"serverStatuses":{},"entandoDeploymentPhase":"requested"}}
Mar 01, 2021 9:51:04 AM org.entando.kubernetes.controller.coordinator.EntandoResourceObserver logResource
INFO: Received ADDED for the EntandoKeycloakServer entando-k8s-controller-coordinator-carcms87/test-keycloak
Mar 01, 2021 9:51:04 AM org.entando.kubernetes.client.KubernetesRestInterceptor invoke
INFO: Entering method getNamespace in class org.entando.kubernetes.controller.support.client.EntandoResourceClient
Mar 01, 2021 9:51:04 AM org.entando.kubernetes.client.KubernetesRestInterceptor invoke
INFO: Exiting method getNamespace in class org.entando.kubernetes.controller.support.client.EntandoResourceClient
Mar 01, 2021 9:51:04 AM org.entando.kubernetes.client.KubernetesRestInterceptor invoke
INFO: Entering method loadDockerImageInfoConfigMap in class org.entando.kubernetes.controller.support.client.EntandoResourceClient
Mar 01, 2021 9:51:04 AM okhttp3.mockwebserver.MockWebServer$3 processOneRequest
INFO: MockWebServer[57096] received request: GET /api/v1/namespaces/entando/configmaps/entando-docker-image-info-v6.3 HTTP/1.1 and responded: HTTP/1.1 200 OK
Mar 01, 2021 9:51:04 AM org.entando.kubernetes.client.KubernetesRestInterceptor invoke
INFO: Exiting method loadDockerImageInfoConfigMap in class org.entando.kubernetes.controller.support.client.EntandoResourceClient
Mar 01, 2021 9:51:04 AM org.entando.kubernetes.client.KubernetesRestInterceptor invoke
INFO: Entering method removeAndWait in class org.entando.kubernetes.controller.support.client.PodClient with entando-k8s-controller-coordinator-carcms87,{EntandoResourceNamespace=entando-k8s-controller-coordinator-carcms87, EntandoResourceKind=EntandoKeycloakServer, EntandoKeycloakServer=test-keycloak}
Mar 01, 2021 9:51:04 AM okhttp3.mockwebserver.MockWebServer$3 processOneRequest
INFO: MockWebServer[57096] received request: GET /apis/entando.org/v1/namespaces/entando-k8s-controller-coordinator-carcms87/entandoplugins?watch=**** HTTP/1.1 and responded: HTTP/1.1 200 OK
Mar 01, 2021 9:51:04 AM okhttp3.mockwebserver.MockWebServer$3 processOneRequest
INFO: MockWebServer[57096] received request: GET /api/v1/namespaces/entando-k8s-controller-coordinator-carcms87/pods?labelSelector=EntandoResourceNamespace%3Dentando-k8s-controller-coordinator-carcms87%2CEntandoResourceKind%3DEntandoKeycloakServer%2CEntandoKeycloakServer%3Dtest-keycloak HTTP/1.1 and responded: HTTP/1.1 200 OK
Mar 01, 2021 9:51:04 AM io.fabric8.kubernetes.client.dsl.internal.WatchHTTPManager$1 onResponse
INFO: Watch terminated unexpectedly. reason: \n not found: limit=46 content=7b2261706956657273696f6e223a227631222c226b696e64223a224c69737422â€¦
Mar 01, 2021 9:51:04 AM okhttp3.mockwebserver.MockWebServer$3 processOneRequest
INFO: MockWebServer[57096] received request: GET /api/v1/namespaces/entando-k8s-controller-coordinator-carcms87/pods?labelSelector=EntandoResourceKind%3DEntandoKeycloakServer HTTP/1.1 and responded: HTTP/1.1 200 OK
Mar 01, 2021 9:51:04 AM okhttp3.mockwebserver.MockWebServer$3 processOneRequest
INFO: MockWebServer[57096] received request: GET /api/v1/namespaces/entando-k8s-controller-coordinator-carcms87/pods?labelSelector=EntandoResourceNamespace%3Dentando-k8s-controller-coordinator-carcms87%2CEntandoResourceKind%3DEntandoKeycloakServer%2CEntandoKeycloakServer%3Dtest-keycloak&watch=**** HTTP/1.1 and responded: HTTP/1.1 200 OK
Mar 01, 2021 9:51:04 AM okhttp3.mockwebserver.MockWebServer$3 processOneRequest
INFO: MockWebServer[57096] received request: GET /api/v1/namespaces/entando-k8s-controller-coordinator-carcms87/pods?labelSelector=EntandoResourceNamespace%3Dentando-k8s-controller-coordinator-carcms87%2CEntandoResourceKind%3DEntandoKeycloakServer%2CEntandoKeycloakServer%3Dtest-keycloak&watch=**** HTTP/1.1 and responded: HTTP/1.1 200 OK
Mar 01, 2021 9:51:04 AM okhttp3.mockwebserver.MockWebServer$3 processOneRequest
INFO: MockWebServer[57096] received request: GET /api/v1/namespaces/entando-k8s-controller-coordinator-carcms87/pods?labelSelector=EntandoResourceNamespace%3Dentando-k8s-controller-coordinator-carcms87%2CEntandoResourceKind%3DEntandoKeycloakServer%2CEntandoKeycloakServer%3Dtest-keycloak HTTP/1.1 and responded: HTTP/1.1 200 OK
Mar 01, 2021 9:51:04 AM io.fabric8.kubernetes.client.dsl.internal.WatchHTTPManager$1 onResponse
INFO: Watch terminated unexpectedly. reason: \n not found: limit=46 content=7b2261706956657273696f6e223a227631222c226b696e64223a224c69737422â€¦
Mar 01, 2021 9:51:04 AM okhttp3.mockwebserver.MockWebServer$3 processOneRequest
INFO: MockWebServer[57096] received request: GET /api/v1/namespaces/entando-k8s-controller-coordinator-carcms87/pods?labelSelector=EntandoResourceNamespace%3Dentando-k8s-controller-coordinator-carcms87%2CEntandoResourceKind%3DEntandoKeycloakServer%2CEntandoKeycloakServer%3Dtest-keycloak HTTP/1.1 and responded: HTTP/1.1 200 OK
Mar 01, 2021 9:51:04 AM okhttp3.mockwebserver.MockWebServer$3 processOneRequest
INFO: MockWebServer[57096] received request: GET /api/v1/namespaces/entando-k8s-controller-coordinator-carcms87/pods?labelSelector=EntandoResourceKind%3DEntandoKeycloakServer HTTP/1.1 and responded: HTTP/1.1 200 OK
Mar 01, 2021 9:51:04 AM okhttp3.mockwebserver.MockWebServer$3 processOneRequest
INFO: MockWebServer[57096] received request: GET /apis/entando.org/v1/namespaces/entando-k8s-controller-coordinator-carcms87/entandodebundles?watch=**** HTTP/1.1 and responded: HTTP/1.1 200 OK
Mar 01, 2021 9:51:04 AM io.fabric8.kubernetes.client.dsl.internal.WatchHTTPManager$1 onResponse
INFO: Watch terminated unexpectedly. reason: \n not found: limit=46 content=7b2261706956657273696f6e223a227631222c226b696e64223a224c69737422â€¦
Mar 01, 2021 9:51:04 AM okhttp3.mockwebserver.MockWebServer$3 processOneRequest
INFO: MockWebServer[57096] received request: GET /api/v1/namespaces/entando-k8s-controller-coordinator-carcms87/pods?labelSelector=EntandoResourceKind%3DEntandoKeycloakServer HTTP/1.1 and responded: HTTP/1.1 200 OK
Mar 01, 2021 9:51:04 AM okhttp3.mockwebserver.MockWebServer$3 processOneRequest
INFO: MockWebServer[57096] received request: GET /api/v1/namespaces/entando-k8s-controller-coordinator-carcms87/pods?labelSelector=EntandoResourceKind%3DEntandoKeycloakServer HTTP/1.1 and responded: HTTP/1.1 200 OK
Mar 01, 2021 9:51:04 AM okhttp3.mockwebserver.MockWebServer$3 processOneRequest
INFO: MockWebServer[57096] received request: GET /apis/entando.org/v1/namespaces/entando-k8s-controller-coordinator-carcms87/entandocompositeapps?watch=**** HTTP/1.1 and responded: HTTP/1.1 200 OK
Mar 01, 2021 9:51:04 AM io.fabric8.kubernetes.client.dsl.internal.WatchHTTPManager$1 onResponse
INFO: Watch terminated unexpectedly. reason: \n not found: limit=46 content=7b2261706956657273696f6e223a227631222c226b696e64223a224c69737422â€¦
Mar 01, 2021 9:51:05 AM okhttp3.mockwebserver.MockWebServer$3 processOneRequest
INFO: MockWebServer[57096] received request: GET /api/v1/namespaces/entando-k8s-controller-coordinator-carcms87/pods?labelSelector=EntandoResourceKind%3DEntandoKeycloakServer HTTP/1.1 and responded: HTTP/1.1 200 OK
Mar 01, 2021 9:51:05 AM okhttp3.mockwebserver.MockWebServer$3 processOneRequest
INFO: MockWebServer[57096] received request: GET /api/v1/namespaces/entando-k8s-controller-coordinator-carcms87/pods?labelSelector=EntandoResourceKind%3DEntandoKeycloakServer HTTP/1.1 and responded: HTTP/1.1 200 OK
Mar 01, 2021 9:51:05 AM okhttp3.mockwebserver.MockWebServer$3 processOneRequest
INFO: MockWebServer[57096] received request: GET /apis/entando.org/v1/namespaces/entando-k8s-controller-coordinator-carcms87/entandodatabaseservices?watch=**** HTTP/1.1 and responded: HTTP/1.1 200 OK
Mar 01, 2021 9:51:05 AM io.fabric8.kubernetes.client.dsl.internal.WatchHTTPManager$1 onResponse
INFO: Watch terminated unexpectedly. reason: \n not found: limit=46 content=7b2261706956657273696f6e223a227631222c226b696e64223a224c69737422â€¦
Mar 01, 2021 9:51:05 AM okhttp3.mockwebserver.MockWebServer$3 processOneRequest
INFO: MockWebServer[57096] received request: GET /api/v1/namespaces/entando-k8s-controller-coordinator-carcms87/pods?labelSelector=EntandoResourceKind%3DEntandoKeycloakServer HTTP/1.1 and responded: HTTP/1.1 200 OK
Mar 01, 2021 9:51:05 AM okhttp3.mockwebserver.MockWebServer$3 processOneRequest
INFO: MockWebServer[57096] received request: GET /api/v1/namespaces/entando-k8s-controller-coordinator-carcms87/pods?labelSelector=EntandoResourceKind%3DEntandoKeycloakServer HTTP/1.1 and responded: HTTP/1.1 200 OK
Mar 01, 2021 9:51:05 AM org.entando.kubernetes.client.KubernetesRestInterceptor invoke
INFO: Exiting method removeAndWait in class org.entando.kubernetes.controller.support.client.PodClient
Mar 01, 2021 9:51:05 AM okhttp3.mockwebserver.MockWebServer$3 processOneRequest
INFO: MockWebServer[57096] received request: GET /api/v1/namespaces/entando-k8s-controller-coordinator-carcms87/pods?labelSelector=EntandoResourceKind%3DEntandoKeycloakServer HTTP/1.1 and responded: HTTP/1.1 200 OK
Mar 01, 2021 9:51:05 AM org.entando.kubernetes.client.KubernetesRestInterceptor invoke
INFO: Entering method overwriteControllerSecret in class org.entando.kubernetes.controller.support.client.SecretClient with Secret: null/test-keycloak-controller-ca-cert-secret
Mar 01, 2021 9:51:05 AM okhttp3.mockwebserver.MockWebServer$3 processOneRequest
INFO: MockWebServer[57096] received request: GET /api/v1/namespaces/entando-k8s-controller-coordinator-carcms87/pods?labelSelector=EntandoResourceNamespace%3Dentando-k8s-controller-coordinator-carcms87%2CEntandoResourceKind%3DEntandoKeycloakServer%2CEntandoKeycloakServer%3Dtest-keycloak&watch=**** HTTP/1.1 and responded: HTTP/1.1 200 OK
Mar 01, 2021 9:51:05 AM io.fabric8.kubernetes.client.dsl.internal.WatchHTTPManager$1 onResponse
INFO: Watch terminated unexpectedly. reason: \n not found: limit=46 content=7b2261706956657273696f6e223a227631222c226b696e64223a224c69737422â€¦
Mar 01, 2021 9:51:05 AM io.fabric8.kubernetes.client.dsl.internal.WatchHTTPManager scheduleReconnect
WARN: Ignoring error for already closed/closing connection
Mar 01, 2021 9:51:05 AM okhttp3.mockwebserver.MockWebServer$3 processOneRequest
INFO: MockWebServer[57096] received request: GET /api/v1/namespaces/entando-k8s-controller-coordinator-carcms87/secrets/test-keycloak-controller-ca-cert-secret HTTP/1.1 and responded: HTTP/1.1 404 Client Error
Mar 01, 2021 9:51:05 AM okhttp3.mockwebserver.MockWebServer$3 processOneRequest
INFO: MockWebServer[57096] received request: GET /api/v1/namespaces/entando-k8s-controller-coordinator-carcms87/pods?labelSelector=EntandoResourceKind%3DEntandoKeycloakServer HTTP/1.1 and responded: HTTP/1.1 200 OK
Mar 01, 2021 9:51:05 AM okhttp3.mockwebserver.MockWebServer$3 processOneRequest
INFO: MockWebServer[57096] received request: POST /api/v1/namespaces/entando-k8s-controller-coordinator-carcms87/secrets HTTP/1.1 and responded: HTTP/1.1 202 OK
Mar 01, 2021 9:51:05 AM okhttp3.mockwebserver.MockWebServer$3 processOneRequest
INFO: MockWebServer[57096] received request: GET /apis/entando.org/v1/namespaces/entando-k8s-controller-coordinator-carcms87/entandoapps?watch=**** HTTP/1.1 and responded: HTTP/1.1 200 OK
Mar 01, 2021 9:51:05 AM io.fabric8.kubernetes.client.dsl.internal.WatchHTTPManager$1 onResponse
INFO: Watch terminated unexpectedly. reason: \n not found: limit=46 content=7b2261706956657273696f6e223a227631222c226b696e64223a224c69737422â€¦
Mar 01, 2021 9:51:05 AM org.entando.kubernetes.client.KubernetesRestInterceptor invoke
INFO: Exiting method overwriteControllerSecret in class org.entando.kubernetes.controller.support.client.SecretClient
Mar 01, 2021 9:51:05 AM org.entando.kubernetes.client.KubernetesRestInterceptor invoke
INFO: Entering method start in class org.entando.kubernetes.controller.support.client.PodClient with Pod: entando-k8s-controller-coordinator-carcms87/test-keycloak-deployer-3408
Mar 01, 2021 9:51:05 AM okhttp3.mockwebserver.MockWebServer$3 processOneRequest
INFO: MockWebServer[57096] received request: POST /api/v1/namespaces/entando-k8s-controller-coordinator-carcms87/pods HTTP/1.1 and responded: HTTP/1.1 202 OK
Mar 01, 2021 9:51:05 AM org.entando.kubernetes.client.KubernetesRestInterceptor invoke
INFO: Exiting method start in class org.entando.kubernetes.controller.support.client.PodClient
Mar 01, 2021 9:51:05 AM okhttp3.mockwebserver.MockWebServer$3 processOneRequest
INFO: MockWebServer[57096] received request: GET /api/v1/namespaces/entando-k8s-controller-coordinator-carcms87/pods?labelSelector=EntandoResourceKind%3DEntandoKeycloakServer HTTP/1.1 and responded: HTTP/1.1 200 OK
Mar 01, 2021 9:51:05 AM okhttp3.mockwebserver.MockWebServer$3 processOneRequest
INFO: MockWebServer[57096] received request: GET /api/v1/namespaces/entando-k8s-controller-coordinator-carcms87/pods?labelSelector=EntandoResourceKind%3DEntandoKeycloakServer HTTP/1.1 and responded: HTTP/1.1 200 OK
Mar 01, 2021 9:51:06 AM okhttp3.mockwebserver.MockWebServer$3 processOneRequest
INFO: MockWebServer[57096] received request: GET /api/v1/namespaces/entando-k8s-controller-coordinator-carcms87/pods/test-keycloak-deployer-3408 HTTP/1.1 and responded: HTTP/1.1 200 OK
Mar 01, 2021 9:51:06 AM okhttp3.mockwebserver.MockWebServer$3 processOneRequest
INFO: MockWebServer[57096] received request: PATCH /api/v1/namespaces/entando-k8s-controller-coordinator-carcms87/pods/test-keycloak-deployer-3408 HTTP/1.1 and responded: HTTP/1.1 202 OK
Mar 01, 2021 9:51:06 AM org.entando.kubernetes.controller.coordinator.EntandoResourceObserver logResource
WARNING: Duplicate event for EntandoKeycloakServer entando-k8s-controller-coordinator-carcms87/test-keycloak. ResourceVersion=1
Mar 01, 2021 9:51:06 AM io.fabric8.kubernetes.client.dsl.internal.WatchHTTPManager$1 onResponse
INFO: Watch terminated unexpectedly. reason: \n not found: limit=46 content=7b2261706956657273696f6e223a227631222c226b696e64223a224c69737422â€¦
Mar 01, 2021 9:51:06 AM okhttp3.mockwebserver.MockWebServer$3 processOneRequest
INFO: MockWebServer[57096] received request: GET /apis/entando.org/v1/namespaces/entando-k8s-controller-coordinator-carcms87/entandoapppluginlinks?watch=**** HTTP/1.1 and responded: HTTP/1.1 200 OK
Mar 01, 2021 9:51:06 AM okhttp3.mockwebserver.MockWebServer$3 processOneRequest
INFO: MockWebServer[57096] received request: GET /api/v1/namespaces/entando-k8s-controller-coordinator-carcms87/pods?labelSelector=EntandoResourceKind%3DEntandoKeycloakServer HTTP/1.1 and responded: HTTP/1.1 200 OK
Mar 01, 2021 9:51:06 AM okhttp3.mockwebserver.MockWebServer$3 processOneRequest
INFO: MockWebServer[57096] received request: GET /api/v1/namespaces/entando-k8s-controller-coordinator-carcms87/pods?labelSelector=EntandoResourceKind%3DEntandoKeycloakServer HTTP/1.1 and responded: HTTP/1.1 200 OK
Mar 01, 2021 9:51:06 AM io.fabric8.kubernetes.client.dsl.internal.WatchHTTPManager$1 onResponse
INFO: Watch terminated unexpectedly. reason: \n not found: limit=46 content=7b2261706956657273696f6e223a227631222c226b696e64223a224c69737422â€¦
Mar 01, 2021 9:51:06 AM okhttp3.mockwebserver.MockWebServer$3 processOneRequest
INFO: MockWebServer[57096] received request: GET /apis/entando.org/v1/namespaces/entando-k8s-controller-coordinator-carcms87/entandodebundles?watch=**** HTTP/1.1 and responded: HTTP/1.1 200 OK
Mar 01, 2021 9:51:06 AM okhttp3.mockwebserver.MockWebServer$3 processOneRequest
INFO: MockWebServer[57096] received request: GET /api/v1/namespaces/entando-k8s-controller-coordinator-carcms87/pods?labelSelector=EntandoResourceKind%3DEntandoKeycloakServer HTTP/1.1 and responded: HTTP/1.1 200 OK
Mar 01, 2021 9:51:06 AM okhttp3.mockwebserver.MockWebServer$3 processOneRequest
INFO: MockWebServer[57096] received request: GET /api/v1/namespaces/entando-k8s-controller-coordinator-carcms87/pods?labelSelector=EntandoResourceKind%3DEntandoKeycloakServer HTTP/1.1 and responded: HTTP/1.1 200 OK
Mar 01, 2021 9:51:07 AM okhttp3.mockwebserver.MockWebServer$3 processOneRequest
INFO: MockWebServer[57096] received request: GET /api/v1/namespaces/entando-k8s-controller-coordinator-carcms87/pods?labelSelector=EntandoResourceKind%3DEntandoKeycloakServer HTTP/1.1 and responded: HTTP/1.1 200 OK
Mar 01, 2021 9:51:07 AM okhttp3.mockwebserver.MockWebServer$3 processOneRequest
INFO: MockWebServer[57096] received request: GET /api/v1/namespaces/entando-k8s-controller-coordinator-carcms87/pods?labelSelector=EntandoResourceKind%3DEntandoKeycloakServer HTTP/1.1 and responded: HTTP/1.1 200 OK
Mar 01, 2021 9:51:07 AM org.entando.kubernetes.client.KubernetesRestInterceptor invoke
INFO: Entering method removeSuccessfullyCompletedPods in class org.entando.kubernetes.controller.support.client.PodClient with entando-k8s-controller-coordinator-carcms87,{EntandoResourceNamespace=entando-k8s-controller-coordinator-carcms87, EntandoResourceKind=EntandoKeycloakServer, EntandoKeycloakServer=test-keycloak}
Mar 01, 2021 9:51:07 AM okhttp3.mockwebserver.MockWebServer$3 processOneRequest
INFO: MockWebServer[57096] received request: GET /api/v1/namespaces/entando-k8s-controller-coordinator-carcms87/pods?labelSelector=EntandoResourceNamespace%3Dentando-k8s-controller-coordinator-carcms87%2CEntandoResourceKind%3DEntandoKeycloakServer%2CEntandoKeycloakServer%3Dtest-keycloak HTTP/1.1 and responded: HTTP/1.1 200 OK
Mar 01, 2021 9:51:07 AM okhttp3.mockwebserver.MockWebServer$3 processOneRequest
INFO: MockWebServer[57096] received request: GET /api/v1/namespaces/entando-k8s-controller-coordinator-carcms87/pods?labelSelector=EntandoResourceKind%3DEntandoKeycloakServer HTTP/1.1 and responded: HTTP/1.1 200 OK
Mar 01, 2021 9:51:07 AM okhttp3.mockwebserver.MockWebServer$3 processOneRequest
INFO: MockWebServer[57096] received request: DELETE /api/v1/namespaces/entando-k8s-controller-coordinator-carcms87/pods/test-keycloak-deployer-3408 HTTP/1.1 and responded: HTTP/1.1 200 OK
Mar 01, 2021 9:51:07 AM org.entando.kubernetes.client.KubernetesRestInterceptor invoke
INFO: Exiting method removeSuccessfullyCompletedPods in class org.entando.kubernetes.controller.support.client.PodClient
Mar 01, 2021 9:51:07 AM okhttp3.mockwebserver.MockWebServer$3 processOneRequest
INFO: MockWebServer[57096] received request: GET /api/v1/namespaces/entando-k8s-controller-coordinator-carcms87/pods?labelSelector=EntandoResourceKind%3DEntandoKeycloakServer HTTP/1.1 and responded: HTTP/1.1 200 OK
Mar 01, 2021 9:51:07 AM okhttp3.mockwebserver.MockWebServer$3 processOneRequest
INFO: MockWebServer[57096] received request: GET /apis/entando.org/v1/namespaces/entando-k8s-controller-coordinator-carcms87/entandokeycloakservers?watch=**** HTTP/1.1 and responded: HTTP/1.1 200 OK
Mar 01, 2021 9:51:07 AM io.fabric8.kubernetes.client.dsl.internal.WatchHTTPManager$1 onFailure
INFO: Watch connection failed. reason: e**cutor rejected
Mar 01, 2021 9:51:07 AM io.fabric8.kubernetes.client.dsl.internal.WatchHTTPManager$1 onResponse
INFO: Watch terminated unexpectedly. reason: \n not found: limit=282 content=7b2261706956657273696f6e223a227631222c226b696e64223a224c69737422â€¦
Mar 01, 2021 9:51:07 AM okhttp3.mockwebserver.MockWebServer$2 acceptConnections
INFO: MockWebServer[57096] done accepting connections: Socket closed
[INFO] Tests run: 2, Failures: 0, Errors: 0, Skipped: 0, Time elapsed: 17.503 s - in org.entando.kubernetes.controller.coordinator.inprocesstests.ControllerCoordinatorMockedTest
[INFO] 
[INFO] Results:
[INFO] 
[INFO] Tests run: 19, Failures: 0, Errors: 0, Skipped: 0
[INFO] 
[INFO] 
[INFO] --- maven-jar-plugin:3.2.0:jar (default-jar) @ entando-k8s-controller-coordinator ---
[INFO] Building jar: /workspace/source/target/entando-k8s-controller-coordinator-6.3.3.jar
[INFO] 
[INFO] --- license-maven-plugin:2.0.0:aggregate-download-licenses (download-licenses) @ entando-k8s-controller-coordinator ---
[WARNING] No license information available for: com.sun.org.apache:jaxp-ri:1.4
[WARNING] No license information available for: javax.xml.parsers:jaxp-api:1.4
[WARNING] Unable to retrieve license from URL 'https://glassfish.dev.java.net/nonav/public/CDDL+GPL.html' for dependency 'javax.servlet:javax.servlet-api:3.0.1': Certificate for <glassfish.dev.java.net> doesn't match any of the subject alternative names: [*.java.net, java.net]
[WARNING] Unable to retrieve license from URL 'LICENSE.txt' for dependency 'org.awaitility:awaitility:4.0.1': null
Mar 01, 2021 9:51:21 AM org.apache.http.client.protocol.ResponseProcessCookies processCookies
WARNING: Invalid cookie header: "Set-Cookie: _octo=GH1.1.1962207127.1614592281; Path=/; Domain=github.com; Expires=Tue, 01 Mar 2022 09:51:21 GMT; Secure; SameSite=Lax". Invalid 'expires' attribute: Tue, 01 Mar 2022 09:51:21 GMT
Mar 01, 2021 9:51:21 AM org.apache.http.client.protocol.ResponseProcessCookies processCookies
WARNING: Invalid cookie header: "Set-Cookie: logged_in=no; Path=/; Domain=github.com; Expires=Tue, 01 Mar 2022 09:51:21 GMT; HttpOnly; Secure; SameSite=Lax". Invalid 'expires' attribute: Tue, 01 Mar 2022 09:51:21 GMT
Mar 01, 2021 9:51:21 AM org.apache.http.client.protocol.ResponseProcessCookies processCookies
WARNING: Invalid cookie header: "Set-Cookie: _octo=GH1.1.1993322473.1614592281; Path=/; Domain=github.com; Expires=Tue, 01 Mar 2022 09:51:21 GMT; Secure; SameSite=Lax". Invalid 'expires' attribute: Tue, 01 Mar 2022 09:51:21 GMT
Mar 01, 2021 9:51:21 AM org.apache.http.client.protocol.ResponseProcessCookies processCookies
WARNING: Invalid cookie header: "Set-Cookie: logged_in=no; Path=/; Domain=github.com; Expires=Tue, 01 Mar 2022 09:51:21 GMT; HttpOnly; Secure; SameSite=Lax". Invalid 'expires' attribute: Tue, 01 Mar 2022 09:51:21 GMT
[WARNING] There were 4 download errors - check the warnings above
[INFO] 
[INFO] --- maven-jar-plugin:3.2.0:test-jar (build-test-jar) @ entando-k8s-controller-coordinator ---
[INFO] Building jar: /workspace/source/target/entando-k8s-controller-coordinator-6.3.3-tests.jar
[INFO] 
[INFO] --- maven-source-plugin:3.2.1:jar-no-fork (attach-sources) @ entando-k8s-controller-coordinator ---
[INFO] Building jar: /workspace/source/target/entando-k8s-controller-coordinator-6.3.3-sources.jar
[INFO] 
[INFO] >>> maven-source-plugin:3.2.1:test-jar (attach-sources) > generate-sources @ entando-k8s-controller-coordinator >>>
[INFO] 
[INFO] --- maven-checkstyle-plugin:3.1.1:check (validate) @ entando-k8s-controller-coordinator ---
[INFO] Starting audit...
Audit done.
[INFO] You have 0 Checkstyle violations.
[INFO] 
[INFO] --- maven-checkstyle-plugin:3.1.1:checkstyle (validate) @ entando-k8s-controller-coordinator ---
[INFO] Starting audit...
Audit done.
[INFO] 
[INFO] --- jacoco-maven-plugin:0.8.5:prepare-agent (prepare-agent) @ entando-k8s-controller-coordinator ---
[INFO] argLine set to -javaagent:/home/jenkins/.mvnrepository/org/jacoco/org.jacoco.agent/0.8.5/org.jacoco.agent-0.8.5-runtime.jar=destfile=/workspace/source/target/jacoco.e**c
[INFO] 
[INFO] <<< maven-source-plugin:3.2.1:test-jar (attach-sources) < generate-sources @ entando-k8s-controller-coordinator <<<
[INFO] 
[INFO] 
[INFO] --- maven-source-plugin:3.2.1:test-jar (attach-sources) @ entando-k8s-controller-coordinator ---
[INFO] Building jar: /workspace/source/target/entando-k8s-controller-coordinator-6.3.3-test-sources.jar
[INFO] 
[INFO] --- maven-javadoc-plugin:3.2.0:jar (attach-javadocs) @ entando-k8s-controller-coordinator ---
[INFO] No previous run data found, generating javadoc.
[INFO] Building jar: /workspace/source/target/entando-k8s-controller-coordinator-6.3.3-javadoc.jar
[INFO] 
[INFO] --- quarkus-maven-plugin:1.2.0.Final:build (default) @ entando-k8s-controller-coordinator ---
[WARNING] [io.quarkus.creator.curator.Curator] These dependencies are not recommended:
	- javax.servlet:javax.servlet-api should be replaced by jakarta.servlet:jakarta.servlet-api
You might end up with two different versions of the same classes or with an artifact you shouldn't have in your classpath.
[INFO] [org.jboss.threads] JBoss Threads version 3.0.0.Final
[WARNING] [io.quarkus.kubernetes.client.deployment.KubernetesClientProcessor] Watcher 'org.entando.kubernetes.controller.coordinator.EntandoResourceObserver' will most likely not work correctly in native mode. Consider specifying the generic type of 'io.fabric8.kubernetes.client.Watcher' that this class handles. See https://quarkus.io/guides/kubernetes-client#note-on-implementing-the-watcher-interface for more details
[WARNING] [io.quarkus.deployment.steps.ReflectiveHierarchyStep] Unable to properly register the hierarchy of the following classes for reflection as they are not in the Jandex index:
	- org.entando.kubernetes.model.EntandoCustomResourceStatus
Consider adding them to the index either by creating a Jandex index for your dependency via the Maven plugin, an empty META-INF/beans.xml or quarkus.index-dependency properties.");.
[INFO] [io.quarkus.deployment.pkg.steps.JarResultBuildStep] Building thin jar: /workspace/source/target/entando-k8s-controller-coordinator-6.3.3-runner.jar
[INFO] [io.quarkus.deployment.QuarkusAugmentor] Quarkus augmentation completed in 1985ms
[INFO] 
[INFO] --- maven-surefire-report-plugin:3.0.0-M4:failsafe-report-only (integration-tests) @ entando-k8s-controller-coordinator ---
[INFO] 
[INFO] --- dependency-check-maven:6.0.3:aggregate (default) @ entando-k8s-controller-coordinator ---
[INFO] Checking for updates
[INFO] Download Started for NVD CVE - Modified
[INFO] Download Complete for NVD CVE - Modified  (826 ms)
[INFO] Processing Started for NVD CVE - Modified
WARNING: An illegal reflective access operation has occurred
WARNING: Illegal reflective access by com.fasterxml.jackson.module.afterburner.util.MyClassLoader (file:/home/jenkins/.mvnrepository/com/fasterxml/jackson/module/jackson-module-afterburner/2.11.3/jackson-module-afterburner-2.11.3.jar) to method java.lang.ClassLoader.findLoadedClass(java.lang.String)
WARNING: Please consider reporting this to the maintainers of com.fasterxml.jackson.module.afterburner.util.MyClassLoader
WARNING: Use --illegal-access=warn to enable warnings of further illegal reflective access operations
WARNING: All illegal access operations will be denied in a future release
[INFO] Processing Complete for NVD CVE - Modified  (9668 ms)
[INFO] Begin database maintenance
[INFO] Updated the CPE eco****** on 5 NVD records
[INFO] Cleaned up 1 orphaned NVD records
[INFO] End database maintenance (1141 ms)
[INFO] Check for updates complete (12517 ms)
[INFO] 

Dependency-Check is an open source tool performing a best effort analysis of 3rd party dependencies; false positives and false negatives may exist in the analysis performed by the tool. Use of the tool and the reporting provided constitutes acceptance for use in an AS IS condition, and there are NO warranties, implied or otherwise, with regard to the analysis or its use. Any use of the tool and the reporting provided is at the userâ€™s risk. In no event shall the copyright holder or OWASP be held liable for any damages whatsoever arising out of or in connection with the use of this tool, the analysis performed, or the resulting report.


[INFO] Analysis Started
[INFO] Finished Archive Analyzer (0 seconds)
[INFO] Finished File Name Analyzer (0 seconds)
[INFO] Finished Jar Analyzer (1 seconds)
[INFO] Finished Dependency Merging Analyzer (0 seconds)
[INFO] Finished Version Filter Analyzer (0 seconds)
[INFO] Finished Hint Analyzer (0 seconds)
[INFO] Created CPE Index (2 seconds)
[INFO] Finished CPE Analyzer (5 seconds)
[INFO] Finished False Positive Analyzer (0 seconds)
[INFO] Finished NVD CVE Analyzer (0 seconds)
[INFO] Finished Sonatype OSS Index Analyzer (1 seconds)
[INFO] Finished Vulnerability Suppression Analyzer (0 seconds)
[INFO] Finished Dependency Bundling Analyzer (0 seconds)
[INFO] Analysis Complete (9 seconds)
[WARNING] 

One or more dependencies were identified with known vulnerabilities in Entando K8S Controller Coordinator:

keycloak-*****-client-9.0.2.jar (pkg:maven/org.keycloak/keycloak-*****-client@9.0.2, cpe:2.3:a:keycloak:keycloak:9.0.2:*:*:*:*:*:*:*, cpe:2.3:a:redhat:keycloak:9.0.2:*:*:*:*:*:*:*) : CVE-2020-14359
keycloak-common-9.0.2.jar (pkg:maven/org.keycloak/keycloak-common@9.0.2, cpe:2.3:a:keycloak:keycloak:9.0.2:*:*:*:*:*:*:*, cpe:2.3:a:redhat:keycloak:9.0.2:*:*:*:*:*:*:*) : CVE-2020-14359
keycloak-core-9.0.2.jar (pkg:maven/org.keycloak/keycloak-core@9.0.2, cpe:2.3:a:keycloak:keycloak:9.0.2:*:*:*:*:*:*:*, cpe:2.3:a:redhat:keycloak:9.0.2:*:*:*:*:*:*:*) : CVE-2020-14359


See the dependency-check report for more details.


[INFO] 
[INFO] ------------------------------------------------------------------------
[INFO] Skipping Entando K8S Controller Coordinator
[INFO] This project has been banned from the build due to previous failures.
[INFO] ------------------------------------------------------------------------
[INFO] ------------------------------------------------------------------------
[INFO] BUILD FAILURE
[INFO] ------------------------------------------------------------------------
[INFO] Total time:  01:55 min
[INFO] Finished at: 2021-03-01T09:52:02Z
[INFO] ------------------------------------------------------------------------
[ERROR] Failed to e**cute goal org.*****:dependency-check-maven:6.0.3:aggregate (default) on project entando-k8s-controller-coordinator: 
[ERROR] 
[ERROR] One or more dependencies were identified with vulnerabilities: 
[ERROR] 
[ERROR] keycloak-*****-client-9.0.2.jar: CVE-2020-14359
[ERROR] keycloak-common-9.0.2.jar: CVE-2020-14359
[ERROR] keycloak-core-9.0.2.jar: CVE-2020-14359
[ERROR] 
[ERROR] See the dependency-check report for more details.
[ERROR] 
[ERROR] 
[ERROR] -> [Help 1]
[ERROR] 
[ERROR] To see the full stack trace of the errors, re-run Maven with the -e switch.
[ERROR] Re-run Maven using the -X switch to enable full debug logging.
[ERROR] 
[ERROR] For more information about the errors and possible solutions, please read the following articles:
[ERROR] [Help 1] http://cwiki.apache.org/confluence/display/MAVEN/MojoFailureException
OWASP has found dependencies with vulnerabilities for entando-k8s-controller-coordinator-master.
The following checks failed for entando-k8s-controller-coordinator-master:
OWASP Maven Dependency Check
[31m
Pipeline failed on stage 'from-build-pack' : container 'step-build-mvn-deploy-release'. The execution of the pipeline has stopped.[0m
