
Showing logs for build [32mentando-k8s-entando-k8s-operato-zkbbl-84[0m stage [32mfrom-build-pack[0m and container [32mcredential-initializer[0m
{"level":"info","ts":1625123143.556458,"caller":"creds-init/main.go:44","msg":"Credentials initialized."}

Showing logs for build [32mentando-k8s-entando-k8s-operato-zkbbl-84[0m stage [32mfrom-build-pack[0m and container [32mworking-dir-initializer[0m

Showing logs for build [32mentando-k8s-entando-k8s-operato-zkbbl-84[0m stage [32mfrom-build-pack[0m and container [32mplace-tools[0m

Showing logs for build [32mentando-k8s-entando-k8s-operato-zkbbl-84[0m stage [32mfrom-build-pack[0m and container [32mstep-git-source-entando-k8s-entando-k8s-operato-zkbbl-h946f[0m
{"level":"info","ts":1625123247.0808218,"caller":"git/git.go:105","msg":"Successfully cloned https://github.com/entando-k8s/entando-k8s-operator-common.git @ master in path /workspace/source"}
{"level":"warn","ts":1625123247.0818229,"caller":"git/git.go:152","msg":"Unexpected error: creating symlink: symlink /tekton/home/.ssh /****/.ssh: file exists"}
{"level":"info","ts":1625123247.1620834,"caller":"git/git.go:133","msg":"Successfully initialized and updated submodules in path /workspace/source"}

Showing logs for build [32mentando-k8s-entando-k8s-operato-zkbbl-84[0m stage [32mfrom-build-pack[0m and container [32mstep-setup-builder-home[0m

Showing logs for build [32mentando-k8s-entando-k8s-operato-zkbbl-84[0m stage [32mfrom-build-pack[0m and container [32mstep-git-merge[0m
Using SHAs from PULL_REFS=master:b1c77ebbac670e2c9c2103abec58bbaf89856465,60:2cb1576ad4b1c581b0d324158d3501eda7b39f17
DEBUG: LC_ALL=C JX_LOG_LEVEL=error git fetch origin --unshallow 2cb1576ad4b1c581b0d324158d3501eda7b39f17: b1c77ebbac670e2c9c2103abec58bbaf89856465:
DEBUG: ran git fetch --unshallow origin 2cb1576ad4b1c581b0d324158d3501eda7b39f17: b1c77ebbac670e2c9c2103abec58bbaf89856465: in 
DEBUG: LC_ALL=C JX_LOG_LEVEL=error git branch
DEBUG: LC_ALL=C JX_LOG_LEVEL=error git checkout master
DEBUG: ran git checkout master in 
DEBUG: LC_ALL=C JX_LOG_LEVEL=error git reset --hard b1c77ebbac670e2c9c2103abec58bbaf89856465
DEBUG: ran git reset --hard b1c77ebbac670e2c9c2103abec58bbaf89856465 in 
DEBUG: LC_ALL=C JX_LOG_LEVEL=error git clean -fd .
DEBUG: ran clean --force -d . in 
DEBUG: LC_ALL=C JX_LOG_LEVEL=error git merge 2cb1576ad4b1c581b0d324158d3501eda7b39f17
DEBUG: ran git merge 2cb1576ad4b1c581b0d324158d3501eda7b39f17 in 
DEBUG: LC_ALL=C JX_LOG_LEVEL=error git log --format=%H%x1f%an%x1f%ae%x1f%cn%x1f%ce%x1f%s%n%b%x1e b1c77ebbac670e2c9c2103abec58bbaf89856465..HEAD
Merged SHA 2cb1576ad4b1c581b0d324158d3501eda7b39f17 with commit message 'ENG-2284 rela**d timeout on namespace deletion' into base branch master
Merged SHA f836535c016425f24b78c530d007aadb4c1d71cf with commit message 'ENG-2284 removed unnecessary concurrent hashmaps' into base branch master
Merged SHA 506a791117261f5a72a471007cdcbb5742d75df9 with commit message 'ENG-2284 now only allowing the origin object to specify new parameters' into base branch master
Merged SHA 50a4c1747ef491e3e2427a3bab828b3d7fb5f6f1 with commit message 'ENG-2284 propagating essential state changes to capability' into base branch master
Merged SHA 5952d1cd7046c2c50f4d98ad14d1114792e991c0 with commit message 'ENG-2284 giving up on exaggerated concurrency tests' into base branch master
Merged SHA fc7e5dd0f7d13d9e9da112bd3cd0d39f991bfb4b with commit message 'ENG-2284 trying to fix concurrency issue on JX' into base branch master
Merged SHA 06c721a9a714ec04f9fb627c8218ff21525fc3ec with commit message 'ENG-2284 trying to diagnose conflicts on Ingress creation' into base branch master
Merged SHA 0506eb530ddbae603662d60080ee73ba35ccd63c with commit message 'ENG-2284 fi**d waitForCompletion' into base branch master
Merged SHA 68b311afd7a3b834b0c3ac1a66acfde4064297d1 with commit message 'ENG-2284 fi**d 'waitForCompletion' to test before waiting' into base branch master
Merged SHA ed7a63d5c2bf047f84b8d49378c1eb1e76206911 with commit message 'ENG-2284 tried to fix namespace anomaly in tests' into base branch master
Merged SHA a25da6e4dc6d63d7064d3643e44c692e157abbe9 with commit message 'ENG-2284 tried to fix namespace anomaly in tests' into base branch master
Merged SHA 6ef74257cafcbce19cc23ed188279a3d4680135e with commit message 'ENG-2284 adding registry credentials for every new namespace' into base branch master
Merged SHA 186342f711ccc392527e98f9e46e98993ac7a890 with commit message 'ENG-2284 now populating the ingress paths in the serverStatus' into base branch master
Merged SHA 872c0eeeb0921668966322d83850fe3ea30c5d3e with commit message 'ENG-2284 fi**d some tests broken by the Sonar fi**s' into base branch master
Merged SHA 24de7be431d5de39ca9e5e59c5916481a9311b3e with commit message 'ENG-2284 refined the status object for link processing logic and refined Timeout logic' into base branch master
Merged SHA ae712d74ed80c2e40f1ff844b65cd098b864ee2c with commit message 'ENG-2284 storing client ids on status now' into base branch master
Merged SHA db6143e0e618d294b97b583899df9e1eee3e33de with commit message 'ENG-2284 fi**d KeycloakCapabilityProvider' into base branch master
Merged SHA f271cc1917d2832b4aed293ad310d27bd2b1c285 with commit message 'ENG-2284 rela**d another timeout' into base branch master
Merged SHA 8352e1e55ede02528a47423e6da13debf59255f0 with commit message 'ENG-2284 inserted waits for tests that failed on default tokens' into base branch master
Merged SHA efd001bad7f7b559766cbb2a3962c36da78d75cb with commit message 'ENG-2284 fi**d compilation error' into base branch master
Merged SHA 2c4bcf6a7665d121109274781beb34484967ba76 with commit message 'ENG-2284 refined diagnostics' into base branch master
Merged SHA 4213ec3cb743307ed83d7c940af11c5d72731997 with commit message 'ENG-2284 refined diagnostics' into base branch master
Merged SHA 79f07c6d62e467bd1c96bc5e6ad144f987fc3e01 with commit message 'ENG-2284 fi**d some integration tests' into base branch master
Merged SHA bd2e9c80a1fb96b5ede01f9eb72f09853f9791dc with commit message 'ENG-2284 checkstyle' into base branch master
Merged SHA 42b2bcd4b43609f93835e83a8c091f08668ae35e with commit message 'ENG-2284 now carrying ProvidedCapability in status' into base branch master
Merged SHA 731a3ca5dbebebd21dd9108a75b65c8aa8cbe998 with commit message 'ENG-2284 rela**d timeout for Namespace deletion' into base branch master
Merged SHA ccc0929cd705ff7df169eac4ab35816ef5b905fa with commit message 'ENG-2284 improved failure handling' into base branch master
Merged SHA 136256b054bd6588fd51f8af900a9245717f9d45 with commit message 'ENG-2284 trying to fix timing issue when creating new namespaces' into base branch master
Merged SHA 2ae6bd7f0e845594e64ba0d6f3a13a7f94b3ad66 with commit message 'ENG-2284 waiting for serviceaccount token initialization' into base branch master
Merged SHA 69862baf885c75cac35690c4e17924f328badb54 with commit message 'ENG-2284 fi**d 403 error when deployed in namespace scope' into base branch master
Merged SHA 7f2d1abc2aabcebc6f293a3eb9fde4a2f28dcf4c with commit message 'ENG-2284 using latest custom-model' into base branch master
Merged SHA a51c11ed9c47c635e14d1c0f517ab391e68f01ce with commit message '#ENG-2284 some fi**s to KeycloakTestCapabilityProvider' into base branch master
Merged SHA a67f84de5b6df73aa820767ac2d7481f7b09028d with commit message '#ENG-2284 sonar' into base branch master
Merged SHA c3257a3fa9a3a0f97d4bfbc0569282dfe4666f7e with commit message '#ENG-2284 some tweaks to keycloak' into base branch master
Merged SHA b3b156828edbd2b35ae8d28ec7d04305d7a5dd77 with commit message '#ENG-2284 tweaked KeycloakTestCapabilityProvider' into base branch master
Merged SHA dbd30cc39dd8eabb206593b6d066b6b69d8f45e2 with commit message '#ENG-2284 added KeycloakTestCapabilityProvider' into base branch master
Merged SHA 06d7b706885f0f49484ea2ddaddfb79ded222c31 with commit message '#EGN-2284 moved Permission and ExpectedRole to common' into base branch master
Merged SHA abd5f4d5b803746e61a86b4acbcef1c067a37367 with commit message '#ENG-2284 supporting failed capability status ni CapabilityStatusEmulator' into base branch master
Merged SHA 477e05d2b45e8eff53014461874c84815d803e1b with commit message '#ENG-2284 fi**d some tests' into base branch master
Merged SHA 518068ffa269166888da2f4c8abbc2148b44077b with commit message '#ENG-2284 fi**d compilation error' into base branch master
Merged SHA a4b4d81a8ca2e***b0ee9be59c546ab903095de1 with commit message '#ENG-2284 some refinement on waiting for capabilities to start successfully' into base branch master
Merged SHA 9c15166ad4a747e745123778e593aa313aff1c63 with commit message '#ENG-2284 checkstyle' into base branch master
Merged SHA 83e0aa8965cffe0c0b4bf140b431c2644f5026f2 with commit message '#ENG-2284 refined exception handling' into base branch master
Merged SHA 97254bd12eae8741539f7f48ca8cc863d61f6b4d with commit message '#ENG-2284 checkstyle fi**s' into base branch master
Merged SHA 5e71d378e3897468a2ccead8473055fa8c416811 with commit message '#ENG-2284 added some concurrency robustness to some of the clients' into base branch master
Merged SHA 2fd794add504bcff6d5c7e062a34a9d1099202e3 with commit message '#ENG-2284 trying to get rid of excessive logging by the HttpLoggingInterceptor' into base branch master
Merged SHA 258c68314867b3a4d985865fbc2fc26d42eea8ff with commit message '#ENG-2284 checkstyle' into base branch master
Merged SHA 88d9d63b29fc8d2e1e6063b02d4a70532e239194 with commit message '#ENG-2284 lazy initialising the CrdNameMap' into base branch master
Merged SHA 96f3614f830fa41c96be9177f99a64615c7ceed7 with commit message '#ENG-2284 building crdNameMap on demand so that it can work without controller-coordinator' into base branch master
Merged SHA 21816cc7245d71e5677499c9f5eaf502ed5017e3 with commit message '#ENG-2284 added some robustness to the RestInterceptor' into base branch master
Merged SHA 5cc3dc55fd85e8b5aa2f2ff056a4437a41a480e5 with commit message '#ENG-2284 added some robustness to the RestInterceptor' into base branch master
Merged SHA ebeeeac7c4ab832c1fa6804b5bbe671db4a9e4ed with commit message '#ENG-2284 added some robustness to the RestInterceptor' into base branch master
Merged SHA ccfd389bd13b9a2bed72971ec2f444374f1a8b44 with commit message '#ENG-2284 added multiple possbile resolution scopes for CapabilityRequirements' into base branch master
Merged SHA c9f78bf949a6cf624c51410bf7b8545a555bcff4 with commit message '#ENG-2284 fi**d some issues with delegate services' into base branch master
Merged SHA 2ee3bf1b4ebd5737e7d76ef051902dfebbb62ad1 with commit message '#ENG-2884 fi**d producers for Quarkus' into base branch master
Merged SHA 5344d8a2d5ed668436849d0a1bb72baf78eb4f43 with commit message '#ENG-2284 some refinements for downstream projects' into base branch master
Merged SHA c3f3db553538255716c4c1b968e511aea423a895 with commit message '#ENG-2284 some minor tweak in the test commons' into base branch master
Merged SHA 0a7e7b4d238ff91b622a1ecd735995db0a2bdc73 with commit message '#ENG-2284 bumped parent' into base branch master
Merged SHA 0c68f1fe59f717dec63270f638dca93d772a27cc with commit message '#ENG-2284 switched on adapter tests' into base branch master
Merged SHA 82999c7ef34b85839d4447c768da4b452f837e6d with commit message '#ENG-2284 reverted to 2.10.0 of allure-maven' into base branch master
Merged SHA e4c030d60ebcee95d9d3be51253171b9e739f527 with commit message '#ENG-2284 fi**d allure/jacoco incompatibility' into base branch master
Merged SHA 86586e8ffa34a911c4e32ca8f274a1c126a9a4ae with commit message '#ENG-2284 not usig generated namespace for component tests anymore' into base branch master
Merged SHA 2eeae9f6eb695ef7c599b1ae2ed881262c9c140a with commit message '#ENG-2284 cleared ****** properties in tests' into base branch master
Merged SHA 47a75ef1a540013aab31f7da441def9b0ee1616c with commit message '#ENG-2284 increased test coverage to 85%' into base branch master
Merged SHA 6d1edb82963bab4878b6ce1320b1bea1b40100f2 with commit message '#ENG-2284 added more inner hexagon tests' into base branch master
Merged SHA dcabad52169be99ea16d73898690de61e0fac982 with commit message '#ENG-2284 checkstyle' into base branch master
Merged SHA 8a758905270ee9249a0bbaeaec5accc0ccef6baf with commit message '#ENG-2284 refined the test reports and fi**d the dockerfile' into base branch master
Merged SHA 5fafaba3d9085c8ae205ef2e9dc3fbea3ff87d7d with commit message '#ENG-2284 checkstyle' into base branch master
Merged SHA 17775e5d71612edbe2d4339a89d7394b2f22b2ed with commit message '#ENG-2284 trying new allure test reporting' into base branch master
Merged SHA 4e7113ae72b510843e87f19a0e904161bec19bac with commit message '#ENG-2284 migrated CapabilityProvider semantically to the support level' into base branch master
Merged SHA 9b6d5c202065d177a92e15c115313e7761c34e17 with commit message '#ENG-2284 removed some logic only used in controller-coordinator' into base branch master
Merged SHA a39723cced16737fa39eca07ec43b2cb552198f1 with commit message '#ENG-2284 migrated some common code from keycloak-controller to operator-common' into base branch master
Merged SHA ebb74cea50b3612875a4244ba89feea8ddca6297 with commit message '#ENG-2284 got keycloak-controller to work' into base branch master
Merged SHA b57324b9c49c611bd5c422958fe47629ad5f3efd with commit message '#ENG-2094 extended the Capability functionality' into base branch master
Merged SHA fd3310ac31a6d17748f559afe3635854c2a9c383 with commit message '#ENG-2094 extended the Capability functionality' into base branch master
Merged SHA 29c5f9aba7b2eee2dc1ca6b0a40c7e8896669204 with commit message '#ENG-2284 using CRDNAmeMap to resolve customResourceDefinitions' into base branch master
Merged SHA 169f7ee76345f953dfdc0a75a7d12ae54c3cef43 with commit message '#ENG-2284 initial Capability implementation code' into base branch master
Merged SHA 6c48381b14706d63a6ea76859ed4251a7f3fb7f1 with commit message '#ENG-2284 fixing E2E tests with correct configmap' into base branch master
Merged SHA 7a901a2eedf32cd980f0272236da85fc586ceaaa with commit message '#ENG-2284 fixing E2E tests' into base branch master
Merged SHA 078c20b7b0bef6525e20aebb274041b5918c9486 with commit message '#ENG-2284 checkstyle fi**s' into base branch master
Merged SHA a640c7bb9d4b221ab90cf39888dbdf92ca87500b with commit message '#ENG-2284 sonar fi**s' into base branch master
Merged SHA e65f620d2335bca013cb39de2cc6065ad0caac45 with commit message '#ENG-2284 removed EntandoClusterInfrastructure related logic' into base branch master

Showing logs for build [32mentando-k8s-entando-k8s-operato-zkbbl-84[0m stage [32mfrom-build-pack[0m and container [32mstep-build-set-version[0m
Picked up _JAVA_OPTIONS: -XX:+UnlockExperimentalVMOptions -Dsun.zip.disableMemoryMapping=**** -XX:+UseParallelGC -XX:MinHeapFreeRatio=5 -XX:MaxHeapFreeRatio=10 -XX:GCTimeRatio=4 -XX:AdaptiveSizePolicyWeight=90 -Xms10m -Xmx8000m
[INFO] Scanning for projects...
[WARNING] 
[WARNING] Some problems were encountered while building the effective model for org.entando:entando-k8s-operator-common:jar:6.3.0-SNAPSHOT
[WARNING] 'dependencies.dependency.(groupId:artifactId:type:classifier)' must be unique: org.junit.jupiter:junit-jupiter-params:jar -> version ${junit.version} vs (?) @ line 173, column 21
[WARNING] 
[WARNING] It is highly recommended to fix these problems because they threaten the stability of your build.
[WARNING] 
[WARNING] For this reason, future Maven versions might no longer support building such malformed projects.
[WARNING] 
[INFO] 
[INFO] --------------< org.entando:entando-k8s-operator-common >---------------
[INFO] Building Entando K8S Operator Common Library 6.3.0-SNAPSHOT
[INFO] --------------------------------[ jar ]---------------------------------
[INFO] 
[INFO] --- versions-maven-plugin:2.8.1:set (default-cli) @ entando-k8s-operator-common ---
[INFO] Local aggregation ****: /workspace/source
[INFO] Processing change of org.entando:entando-k8s-operator-common:6.3.0-SNAPSHOT -> 0.0.0-SNAPSHOT-PR-60-84
[INFO] Processing org.entando:entando-k8s-operator-common
[INFO]     Updating project org.entando:entando-k8s-operator-common
[INFO]         from version 6.3.0-SNAPSHOT to 0.0.0-SNAPSHOT-PR-60-84
[INFO] 
[INFO] ------------------------------------------------------------------------
[INFO] BUILD SUCCESS
[INFO] ------------------------------------------------------------------------
[INFO] Total time:  9.302 s
[INFO] Finished at: 2021-07-01T07:07:41Z
[INFO] ------------------------------------------------------------------------

Showing logs for build [32mentando-k8s-entando-k8s-operato-zkbbl-84[0m stage [32mfrom-build-pack[0m and container [32mstep-build-fix-git-for-sonar[0m
Switched to a new branch 'PR-60'
M	pom.xml
Deleted branch master (was 2cb1576).
From https://github.com/entando-k8s/entando-k8s-operator-common
 * [new branch]      master      -> master
 * [new tag]         finalizers  -> finalizers
 * [new tag]         spock-spike -> spock-spike

Showing logs for build [32mentando-k8s-entando-k8s-operato-zkbbl-84[0m stage [32mfrom-build-pack[0m and container [32mstep-build-mvn-verify-pr[0m
Picked up _JAVA_OPTIONS: -XX:+UnlockExperimentalVMOptions -Dsun.zip.disableMemoryMapping=**** -XX:+UseParallelGC -XX:MinHeapFreeRatio=5 -XX:MaxHeapFreeRatio=10 -XX:GCTimeRatio=4 -XX:AdaptiveSizePolicyWeight=90 -Xms10m -Xmx8000m
[INFO] Scanning for projects...
[WARNING] 
[WARNING] Some problems were encountered while building the effective model for org.entando:entando-k8s-operator-common:jar:0.0.0-SNAPSHOT-PR-60-84
[WARNING] 'dependencies.dependency.(groupId:artifactId:type:classifier)' must be unique: org.junit.jupiter:junit-jupiter-params:jar -> version ${junit.version} vs (?) @ line 173, column 21
[WARNING] 
[WARNING] It is highly recommended to fix these problems because they threaten the stability of your build.
[WARNING] 
[WARNING] For this reason, future Maven versions might no longer support building such malformed projects.
[WARNING] 
[INFO] 
[INFO] --------------< org.entando:entando-k8s-operator-common >---------------
[INFO] Building Entando K8S Operator Common Library 0.0.0-SNAPSHOT-PR-60-84
[INFO] --------------------------------[ jar ]---------------------------------
[INFO] 
[INFO] --- maven-checkstyle-plugin:3.1.1:check (validate) @ entando-k8s-operator-common ---
[INFO] Starting audit...
Audit done.
[INFO] You have 0 Checkstyle violations.
[INFO] 
[INFO] --- maven-checkstyle-plugin:3.1.1:checkstyle (validate) @ entando-k8s-operator-common ---
[INFO] Starting audit...
Audit done.
[INFO] 
[INFO] --- jacoco-maven-plugin:0.8.7:prepare-agent (prepare-agent) @ entando-k8s-operator-common ---
[INFO] argLine set to -javaagent:/home/jenkins/.mvnrepository/org/jacoco/org.jacoco.agent/0.8.7/org.jacoco.agent-0.8.7-runtime.jar=destfile=/workspace/source/target/jacoco.e**c
[INFO] 
[INFO] --- maven-resources-plugin:2.6:resources (default-resources) @ entando-k8s-operator-common ---
[INFO] Using 'UTF-8' encoding to copy filtered resources.
[INFO] Copying 14 resources
[INFO] 
[INFO] --- maven-compiler-plugin:3.8.1:compile (default-compile) @ entando-k8s-operator-common ---
[INFO] Changes detected - recompiling the module!
[INFO] Compiling 138 source files to /workspace/source/target/classes
[INFO] 
[INFO] --- maven-resources-plugin:2.6:testResources (default-testResources) @ entando-k8s-operator-common ---
[INFO] Using 'UTF-8' encoding to copy filtered resources.
[INFO] Copying 9 resources
[INFO] 
[INFO] --- maven-compiler-plugin:3.8.1:testCompile (default-testCompile) @ entando-k8s-operator-common ---
[INFO] Changes detected - recompiling the module!
[INFO] Compiling 122 source files to /workspace/source/target/test-classes
[INFO] 
[INFO] --- maven-surefire-plugin:3.0.0-M1:test (default-test) @ entando-k8s-operator-common ---
[INFO] 
[INFO] -------------------------------------------------------
[INFO]  T E S T S
[INFO] -------------------------------------------------------
[INFO] Running org.entando.kubernetes.controller.ExampleExternalCapabilityTest
[INFO] Tests run: 2, Failures: 0, Errors: 0, Skipped: 0, Time elapsed: 6.438 s - in org.entando.kubernetes.controller.ExampleExternalCapabilityTest
[INFO] Running org.entando.kubernetes.controller.DatabaseConsumerTest
[INFO] Tests run: 2, Failures: 0, Errors: 0, Skipped: 0, Time elapsed: 2.842 s - in org.entando.kubernetes.controller.DatabaseConsumerTest
[INFO] Running org.entando.kubernetes.controller.MinimalDeploymentTest
[WARNING] Tests run: 6, Failures: 0, Errors: 0, Skipped: 1, Time elapsed: 2.501 s - in org.entando.kubernetes.controller.MinimalDeploymentTest
[INFO] Running org.entando.kubernetes.controller.ExampleCapabilityTest
[INFO] Tests run: 1, Failures: 0, Errors: 0, Skipped: 0, Time elapsed: 0.594 s - in org.entando.kubernetes.controller.ExampleCapabilityTest
[INFO] Running org.entando.kubernetes.controller.support.client.impl.DefaultSecretClientTest
Jul 01, 2021 7:08:37 AM org.entando.kubernetes.controller.support.client.SecretClient createSecretIfAbsent
INFO: Entering method createSecretIfAbsent in class org.entando.kubernetes.controller.support.client.SecretClient with TestResource: entando-k8s-operator-common-cmpr60-test1/my-app and with Secret: entando-k8s-operator-common-cmpr60-test1/my-local-secret
Jul 01, 2021 7:08:37 AM org.entando.kubernetes.controller.support.client.SecretClient createSecretIfAbsent
INFO: Exiting method createSecretIfAbsent in class org.entando.kubernetes.controller.support.client.SecretClient
Jul 01, 2021 7:08:37 AM org.entando.kubernetes.controller.support.client.SecretClient createSecretIfAbsent
INFO: Entering method createSecretIfAbsent in class org.entando.kubernetes.controller.support.client.SecretClient with TestResource: entando-k8s-operator-common-cmpr60-test1/my-app and with Secret: entando-k8s-operator-common-cmpr60-test1/my-local-secret
Jul 01, 2021 7:08:37 AM org.entando.kubernetes.controller.support.client.SecretClient createSecretIfAbsent
INFO: Exiting method createSecretIfAbsent in class org.entando.kubernetes.controller.support.client.SecretClient
Jul 01, 2021 7:08:37 AM org.entando.kubernetes.controller.support.client.SecretClient loadSecret
INFO: Entering method loadSecret in class org.entando.kubernetes.controller.support.client.SecretClient with TestResource: entando-k8s-operator-common-cmpr60-test1/my-app
Jul 01, 2021 7:08:37 AM org.entando.kubernetes.controller.support.client.SecretClient loadSecret
INFO: Exiting method loadSecret in class org.entando.kubernetes.controller.support.client.SecretClient
Jul 01, 2021 7:08:43 AM org.entando.kubernetes.controller.support.client.SecretClient overwriteControllerSecret
INFO: Entering method overwriteControllerSecret in class org.entando.kubernetes.controller.support.client.SecretClient with Secret: entando-k8s-operator-common-cmpr60-test1/my-controller-secret
Jul 01, 2021 7:08:43 AM org.entando.kubernetes.controller.support.client.SecretClient overwriteControllerSecret
INFO: Exiting method overwriteControllerSecret in class org.entando.kubernetes.controller.support.client.SecretClient
Jul 01, 2021 7:08:43 AM org.entando.kubernetes.controller.support.client.SecretClient overwriteControllerSecret
INFO: Entering method overwriteControllerSecret in class org.entando.kubernetes.controller.support.client.SecretClient with Secret: **/my-controller-secret
Jul 01, 2021 7:08:43 AM org.entando.kubernetes.controller.support.client.SecretClient overwriteControllerSecret
INFO: Exiting method overwriteControllerSecret in class org.entando.kubernetes.controller.support.client.SecretClient
Jul 01, 2021 7:08:43 AM org.entando.kubernetes.controller.support.client.SecretClient loadControllerSecret
INFO: Entering method loadControllerSecret in class org.entando.kubernetes.controller.support.client.SecretClient with my-controller-secret
Jul 01, 2021 7:08:43 AM org.entando.kubernetes.controller.support.client.SecretClient loadControllerSecret
INFO: Exiting method loadControllerSecret in class org.entando.kubernetes.controller.support.client.SecretClient
Jul 01, 2021 7:08:49 AM org.entando.kubernetes.controller.support.client.SecretClient createConfigMapIfAbsent
INFO: Entering method createConfigMapIfAbsent in class org.entando.kubernetes.controller.support.client.SecretClient with TestResource: entando-k8s-operator-common-cmpr60-test1/my-app and with ConfigMap: entando-k8s-operator-common-cmpr60-test1/my-local-configmap
Jul 01, 2021 7:08:49 AM org.entando.kubernetes.controller.support.client.SecretClient createConfigMapIfAbsent
INFO: Exiting method createConfigMapIfAbsent in class org.entando.kubernetes.controller.support.client.SecretClient
Jul 01, 2021 7:08:49 AM org.entando.kubernetes.controller.support.client.SecretClient createConfigMapIfAbsent
INFO: Entering method createConfigMapIfAbsent in class org.entando.kubernetes.controller.support.client.SecretClient with TestResource: entando-k8s-operator-common-cmpr60-test1/my-app and with ConfigMap: entando-k8s-operator-common-cmpr60-test1/my-local-configmap
Jul 01, 2021 7:08:49 AM org.entando.kubernetes.controller.support.client.SecretClient createConfigMapIfAbsent
INFO: Exiting method createConfigMapIfAbsent in class org.entando.kubernetes.controller.support.client.SecretClient
Jul 01, 2021 7:08:49 AM org.entando.kubernetes.controller.support.client.SecretClient loadConfigMap
INFO: Entering method loadConfigMap in class org.entando.kubernetes.controller.support.client.SecretClient with TestResource: entando-k8s-operator-common-cmpr60-test1/my-app
Jul 01, 2021 7:08:49 AM org.entando.kubernetes.controller.support.client.SecretClient loadConfigMap
INFO: Exiting method loadConfigMap in class org.entando.kubernetes.controller.support.client.SecretClient
Jul 01, 2021 7:08:55 AM org.entando.kubernetes.controller.support.client.SecretClient overwriteControllerConfigMap
INFO: Entering method overwriteControllerConfigMap in class org.entando.kubernetes.controller.support.client.SecretClient with ConfigMap: null/test-map-can-delete-this
Jul 01, 2021 7:08:55 AM org.entando.kubernetes.controller.support.client.SecretClient overwriteControllerConfigMap
INFO: Exiting method overwriteControllerConfigMap in class org.entando.kubernetes.controller.support.client.SecretClient
Jul 01, 2021 7:08:55 AM org.entando.kubernetes.controller.support.client.SecretClient overwriteControllerConfigMap
INFO: Entering method overwriteControllerConfigMap in class org.entando.kubernetes.controller.support.client.SecretClient with ConfigMap: null/test-map-can-delete-this
Jul 01, 2021 7:08:55 AM org.entando.kubernetes.controller.support.client.SecretClient overwriteControllerConfigMap
INFO: Exiting method overwriteControllerConfigMap in class org.entando.kubernetes.controller.support.client.SecretClient
Jul 01, 2021 7:08:55 AM org.entando.kubernetes.controller.support.client.SecretClient loadControllerConfigMap
INFO: Entering method loadControllerConfigMap in class org.entando.kubernetes.controller.support.client.SecretClient with test-map-can-delete-this
Jul 01, 2021 7:08:55 AM org.entando.kubernetes.controller.support.client.SecretClient loadControllerConfigMap
INFO: Exiting method loadControllerConfigMap in class org.entando.kubernetes.controller.support.client.SecretClient
[INFO] Tests run: 4, Failures: 0, Errors: 0, Skipped: 0, Time elapsed: 18.915 s - in org.entando.kubernetes.controller.support.client.impl.DefaultSecretClientTest
[INFO] Running org.entando.kubernetes.controller.support.client.impl.DefaultIngressClientTest
Jul 01, 2021 7:09:00 AM org.entando.kubernetes.controller.support.client.IngressClient createIngress
INFO: Entering method createIngress in class org.entando.kubernetes.controller.support.client.IngressClient with TestResource: entando-k8s-operator-common-cmpr60-test1/my-app and with Ingress: null/my-ingress
Jul 01, 2021 7:09:00 AM org.entando.kubernetes.controller.support.client.IngressClient createIngress
INFO: Entering method createIngress in class org.entando.kubernetes.controller.support.client.IngressClient with TestResource: entando-k8s-operator-common-cmpr60-test1/my-app and with Ingress: null/my-ingress
Jul 01, 2021 7:09:00 AM org.entando.kubernetes.controller.support.client.IngressClient createIngress
INFO: Entering method createIngress in class org.entando.kubernetes.controller.support.client.IngressClient with TestResource: entando-k8s-operator-common-cmpr60-test1/my-app and with Ingress: null/my-ingress
Jul 01, 2021 7:09:00 AM org.entando.kubernetes.controller.support.client.IngressClient createIngress
INFO: Entering method createIngress in class org.entando.kubernetes.controller.support.client.IngressClient with TestResource: entando-k8s-operator-common-cmpr60-test1/my-app and with Ingress: null/my-ingress
Jul 01, 2021 7:09:00 AM org.entando.kubernetes.controller.support.client.IngressClient createIngress
INFO: Entering method createIngress in class org.entando.kubernetes.controller.support.client.IngressClient with TestResource: entando-k8s-operator-common-cmpr60-test1/my-app and with Ingress: null/my-ingress
Jul 01, 2021 7:09:00 AM org.entando.kubernetes.controller.support.client.IngressClient createIngress
INFO: Entering method createIngress in class org.entando.kubernetes.controller.support.client.IngressClient with TestResource: entando-k8s-operator-common-cmpr60-test1/my-app and with Ingress: null/my-ingress
Jul 01, 2021 7:09:00 AM org.entando.kubernetes.controller.support.client.IngressClient createIngress
INFO: Entering method createIngress in class org.entando.kubernetes.controller.support.client.IngressClient with TestResource: entando-k8s-operator-common-cmpr60-test1/my-app and with Ingress: null/my-ingress
Jul 01, 2021 7:09:00 AM org.entando.kubernetes.controller.support.client.IngressClient createIngress
INFO: Entering method createIngress in class org.entando.kubernetes.controller.support.client.IngressClient with TestResource: entando-k8s-operator-common-cmpr60-test1/my-app and with Ingress: null/my-ingress
Jul 01, 2021 7:09:00 AM org.entando.kubernetes.controller.support.client.IngressClient createIngress
INFO: Entering method createIngress in class org.entando.kubernetes.controller.support.client.IngressClient with TestResource: entando-k8s-operator-common-cmpr60-test1/my-app and with Ingress: null/my-ingress
Jul 01, 2021 7:09:00 AM org.entando.kubernetes.controller.support.client.IngressClient createIngress
INFO: Entering method createIngress in class org.entando.kubernetes.controller.support.client.IngressClient with TestResource: entando-k8s-operator-common-cmpr60-test1/my-app and with Ingress: null/my-ingress
Jul 01, 2021 7:09:01 AM org.entando.kubernetes.controller.support.client.IngressClient createIngress
INFO: Exiting method createIngress in class org.entando.kubernetes.controller.support.client.IngressClient
Jul 01, 2021 7:09:01 AM org.entando.kubernetes.controller.support.client.IngressClient createIngress
INFO: Exiting method createIngress in class org.entando.kubernetes.controller.support.client.IngressClient
Jul 01, 2021 7:09:01 AM org.entando.kubernetes.controller.support.client.IngressClient createIngress
INFO: Exiting method createIngress in class org.entando.kubernetes.controller.support.client.IngressClient
Jul 01, 2021 7:09:01 AM org.entando.kubernetes.controller.support.client.IngressClient createIngress
INFO: Exiting method createIngress in class org.entando.kubernetes.controller.support.client.IngressClient
Jul 01, 2021 7:09:01 AM org.entando.kubernetes.controller.support.client.IngressClient createIngress
INFO: Exiting method createIngress in class org.entando.kubernetes.controller.support.client.IngressClient
Jul 01, 2021 7:09:01 AM org.entando.kubernetes.controller.support.client.IngressClient createIngress
INFO: Exiting method createIngress in class org.entando.kubernetes.controller.support.client.IngressClient
Jul 01, 2021 7:09:01 AM org.entando.kubernetes.controller.support.client.IngressClient createIngress
INFO: Exiting method createIngress in class org.entando.kubernetes.controller.support.client.IngressClient
Jul 01, 2021 7:09:01 AM org.entando.kubernetes.controller.support.client.IngressClient createIngress
INFO: Exiting method createIngress in class org.entando.kubernetes.controller.support.client.IngressClient
Jul 01, 2021 7:09:01 AM org.entando.kubernetes.controller.support.client.IngressClient createIngress
INFO: Exiting method createIngress in class org.entando.kubernetes.controller.support.client.IngressClient
Jul 01, 2021 7:09:01 AM org.entando.kubernetes.controller.support.client.IngressClient createIngress
INFO: Exiting method createIngress in class org.entando.kubernetes.controller.support.client.IngressClient
Jul 01, 2021 7:09:01 AM org.entando.kubernetes.controller.support.client.IngressClient loadIngress
INFO: Entering method loadIngress in class org.entando.kubernetes.controller.support.client.IngressClient with entando-k8s-operator-common-cmpr60-test1,my-ingress
Jul 01, 2021 7:09:01 AM org.entando.kubernetes.controller.support.client.IngressClient loadIngress
INFO: Exiting method loadIngress in class org.entando.kubernetes.controller.support.client.IngressClient
Jul 01, 2021 7:09:06 AM org.entando.kubernetes.controller.support.client.IngressClient createIngress
INFO: Entering method createIngress in class org.entando.kubernetes.controller.support.client.IngressClient with TestResource: entando-k8s-operator-common-cmpr60-test1/my-app and with Ingress: entando-k8s-operator-common-cmpr60-test1/my-ingress
Jul 01, 2021 7:09:06 AM org.entando.kubernetes.controller.support.client.IngressClient createIngress
INFO: Exiting method createIngress in class org.entando.kubernetes.controller.support.client.IngressClient
Jul 01, 2021 7:09:06 AM org.entando.kubernetes.controller.support.client.IngressClient addHttpPath
INFO: Entering method addHttpPath in class org.entando.kubernetes.controller.support.client.IngressClient with Ingress: entando-k8s-operator-common-cmpr60-test1/my-ingress
Jul 01, 2021 7:09:06 AM org.entando.kubernetes.controller.support.client.IngressClient addHttpPath
INFO: Exiting method addHttpPath in class org.entando.kubernetes.controller.support.client.IngressClient
Jul 01, 2021 7:09:06 AM org.entando.kubernetes.controller.support.client.IngressClient loadIngress
INFO: Entering method loadIngress in class org.entando.kubernetes.controller.support.client.IngressClient with entando-k8s-operator-common-cmpr60-test1,my-ingress
Jul 01, 2021 7:09:06 AM org.entando.kubernetes.controller.support.client.IngressClient loadIngress
INFO: Exiting method loadIngress in class org.entando.kubernetes.controller.support.client.IngressClient
Jul 01, 2021 7:09:12 AM org.entando.kubernetes.controller.support.client.IngressClient createIngress
INFO: Entering method createIngress in class org.entando.kubernetes.controller.support.client.IngressClient with TestResource: entando-k8s-operator-common-cmpr60-test1/my-app and with Ingress: entando-k8s-operator-common-cmpr60-test1/my-ingress
Jul 01, 2021 7:09:12 AM org.entando.kubernetes.controller.support.client.IngressClient createIngress
INFO: Exiting method createIngress in class org.entando.kubernetes.controller.support.client.IngressClient
Jul 01, 2021 7:09:12 AM org.entando.kubernetes.controller.support.client.IngressClient removeHttpPath
INFO: Entering method removeHttpPath in class org.entando.kubernetes.controller.support.client.IngressClient with Ingress: entando-k8s-operator-common-cmpr60-test1/my-ingress
Jul 01, 2021 7:09:12 AM org.entando.kubernetes.controller.support.client.IngressClient removeHttpPath
INFO: Exiting method removeHttpPath in class org.entando.kubernetes.controller.support.client.IngressClient
[INFO] Tests run: 3, Failures: 0, Errors: 0, Skipped: 0, Time elapsed: 16.826 s - in org.entando.kubernetes.controller.support.client.impl.DefaultIngressClientTest
[INFO] Running org.entando.kubernetes.controller.support.client.impl.DefaultKeycloakClientTest
[INFO] Tests run: 4, Failures: 0, Errors: 0, Skipped: 0, Time elapsed: 7.245 s - in org.entando.kubernetes.controller.support.client.impl.DefaultKeycloakClientTest
[INFO] Running org.entando.kubernetes.controller.support.client.impl.DefaultServiceAccountClientTest
Jul 01, 2021 7:09:25 AM org.entando.kubernetes.controller.support.client.ServiceAccountClient createRoleIfAbsent
INFO: Entering method createRoleIfAbsent in class org.entando.kubernetes.controller.support.client.ServiceAccountClient with TestResource: entando-k8s-operator-common-cmpr60-test1/my-app and with Role: entando-k8s-operator-common-cmpr60-test1/my-role
Jul 01, 2021 7:09:25 AM org.entando.kubernetes.controller.support.client.ServiceAccountClient createRoleIfAbsent
INFO: Exiting method createRoleIfAbsent in class org.entando.kubernetes.controller.support.client.ServiceAccountClient
Jul 01, 2021 7:09:25 AM org.entando.kubernetes.controller.support.client.ServiceAccountClient createRoleIfAbsent
INFO: Entering method createRoleIfAbsent in class org.entando.kubernetes.controller.support.client.ServiceAccountClient with TestResource: entando-k8s-operator-common-cmpr60-test1/my-app and with Role: entando-k8s-operator-common-cmpr60-test1/my-role
Jul 01, 2021 7:09:25 AM org.entando.kubernetes.controller.support.client.ServiceAccountClient createRoleIfAbsent
INFO: Exiting method createRoleIfAbsent in class org.entando.kubernetes.controller.support.client.ServiceAccountClient
Jul 01, 2021 7:09:25 AM org.entando.kubernetes.controller.support.client.ServiceAccountClient loadRole
INFO: Entering method loadRole in class org.entando.kubernetes.controller.support.client.ServiceAccountClient with TestResource: entando-k8s-operator-common-cmpr60-test1/my-app
Jul 01, 2021 7:09:25 AM org.entando.kubernetes.controller.support.client.ServiceAccountClient loadRole
INFO: Exiting method loadRole in class org.entando.kubernetes.controller.support.client.ServiceAccountClient
Jul 01, 2021 7:09:31 AM org.entando.kubernetes.controller.support.client.ServiceAccountClient findOrCreateServiceAccount
INFO: Entering method findOrCreateServiceAccount in class org.entando.kubernetes.controller.support.client.ServiceAccountClient with TestResource: entando-k8s-operator-common-cmpr60-test1/my-app
Jul 01, 2021 7:09:31 AM org.entando.kubernetes.controller.support.client.ServiceAccountClient findOrCreateServiceAccount
INFO: Exiting method findOrCreateServiceAccount in class org.entando.kubernetes.controller.support.client.ServiceAccountClient
Jul 01, 2021 7:09:31 AM org.entando.kubernetes.controller.support.client.ServiceAccountClient createRoleIfAbsent
INFO: Entering method createRoleIfAbsent in class org.entando.kubernetes.controller.support.client.ServiceAccountClient with TestResource: entando-k8s-operator-common-cmpr60-test1/my-app and with Role: entando-k8s-operator-common-cmpr60-test1/my-role
Jul 01, 2021 7:09:31 AM org.entando.kubernetes.controller.support.client.ServiceAccountClient createRoleIfAbsent
INFO: Exiting method createRoleIfAbsent in class org.entando.kubernetes.controller.support.client.ServiceAccountClient
Jul 01, 2021 7:09:31 AM org.entando.kubernetes.controller.support.client.ServiceAccountClient createRoleBindingIfAbsent
INFO: Entering method createRoleBindingIfAbsent in class org.entando.kubernetes.controller.support.client.ServiceAccountClient with TestResource: entando-k8s-operator-common-cmpr60-test1/my-app and with RoleBinding: entando-k8s-operator-common-cmpr60-test1/my-role-binding
Jul 01, 2021 7:09:31 AM org.entando.kubernetes.controller.support.client.ServiceAccountClient createRoleBindingIfAbsent
INFO: Exiting method createRoleBindingIfAbsent in class org.entando.kubernetes.controller.support.client.ServiceAccountClient
Jul 01, 2021 7:09:31 AM org.entando.kubernetes.controller.support.client.ServiceAccountClient createRoleBindingIfAbsent
INFO: Entering method createRoleBindingIfAbsent in class org.entando.kubernetes.controller.support.client.ServiceAccountClient with TestResource: entando-k8s-operator-common-cmpr60-test1/my-app and with RoleBinding: null/my-role-binding
Jul 01, 2021 7:09:31 AM org.entando.kubernetes.controller.support.client.ServiceAccountClient createRoleBindingIfAbsent
INFO: Exiting method createRoleBindingIfAbsent in class org.entando.kubernetes.controller.support.client.ServiceAccountClient
Jul 01, 2021 7:09:31 AM org.entando.kubernetes.controller.support.client.ServiceAccountClient loadRoleBinding
INFO: Entering method loadRoleBinding in class org.entando.kubernetes.controller.support.client.ServiceAccountClient with TestResource: entando-k8s-operator-common-cmpr60-test1/my-app
Jul 01, 2021 7:09:31 AM org.entando.kubernetes.controller.support.client.ServiceAccountClient loadRoleBinding
INFO: Exiting method loadRoleBinding in class org.entando.kubernetes.controller.support.client.ServiceAccountClient
Jul 01, 2021 7:09:36 AM org.entando.kubernetes.controller.support.client.ServiceAccountClient findOrCreateServiceAccount
INFO: Entering method findOrCreateServiceAccount in class org.entando.kubernetes.controller.support.client.ServiceAccountClient with TestResource: entando-k8s-operator-common-cmpr60-test1/my-app
Jul 01, 2021 7:09:36 AM org.entando.kubernetes.controller.support.client.ServiceAccountClient findOrCreateServiceAccount
INFO: Exiting method findOrCreateServiceAccount in class org.entando.kubernetes.controller.support.client.ServiceAccountClient
Jul 01, 2021 7:09:36 AM org.entando.kubernetes.controller.support.client.ServiceAccountClient findOrCreateServiceAccount
INFO: Entering method findOrCreateServiceAccount in class org.entando.kubernetes.controller.support.client.ServiceAccountClient with TestResource: entando-k8s-operator-common-cmpr60-test1/my-app
Jul 01, 2021 7:09:36 AM org.entando.kubernetes.controller.support.client.ServiceAccountClient findOrCreateServiceAccount
INFO: Exiting method findOrCreateServiceAccount in class org.entando.kubernetes.controller.support.client.ServiceAccountClient
[INFO] Tests run: 3, Failures: 0, Errors: 0, Skipped: 0, Time elapsed: 17.554 s - in org.entando.kubernetes.controller.support.client.impl.DefaultServiceAccountClientTest
[INFO] Running org.entando.kubernetes.controller.support.client.impl.DefaultPersistentVolumentClaimClientTest
Jul 01, 2021 7:09:42 AM org.entando.kubernetes.controller.support.client.PersistentVolumeClaimClient createPersistentVolumeClaimIfAbsent
INFO: Entering method createPersistentVolumeClaimIfAbsent in class org.entando.kubernetes.controller.support.client.PersistentVolumeClaimClient with TestResource: entando-k8s-operator-common-cmpr60-test1/my-app and with PersistentVolumeClaim: entando-k8s-operator-common-cmpr60-test1/my-pvc
Jul 01, 2021 7:09:42 AM org.entando.kubernetes.controller.support.client.PersistentVolumeClaimClient createPersistentVolumeClaimIfAbsent
INFO: Exiting method createPersistentVolumeClaimIfAbsent in class org.entando.kubernetes.controller.support.client.PersistentVolumeClaimClient
Jul 01, 2021 7:09:42 AM org.entando.kubernetes.controller.support.client.PersistentVolumeClaimClient createPersistentVolumeClaimIfAbsent
INFO: Entering method createPersistentVolumeClaimIfAbsent in class org.entando.kubernetes.controller.support.client.PersistentVolumeClaimClient with TestResource: entando-k8s-operator-common-cmpr60-test1/my-app and with PersistentVolumeClaim: entando-k8s-operator-common-cmpr60-test1/my-pvc
Jul 01, 2021 7:09:42 AM org.entando.kubernetes.controller.support.client.PersistentVolumeClaimClient createPersistentVolumeClaimIfAbsent
INFO: Exiting method createPersistentVolumeClaimIfAbsent in class org.entando.kubernetes.controller.support.client.PersistentVolumeClaimClient
Jul 01, 2021 7:09:42 AM org.entando.kubernetes.controller.support.client.PersistentVolumeClaimClient loadPersistentVolumeClaim
INFO: Entering method loadPersistentVolumeClaim in class org.entando.kubernetes.controller.support.client.PersistentVolumeClaimClient with TestResource: entando-k8s-operator-common-cmpr60-test1/my-app
Jul 01, 2021 7:09:42 AM org.entando.kubernetes.controller.support.client.PersistentVolumeClaimClient loadPersistentVolumeClaim
INFO: Exiting method loadPersistentVolumeClaim in class org.entando.kubernetes.controller.support.client.PersistentVolumeClaimClient
[INFO] Tests run: 1, Failures: 0, Errors: 0, Skipped: 0, Time elapsed: 5.68 s - in org.entando.kubernetes.controller.support.client.impl.DefaultPersistentVolumentClaimClientTest
[INFO] Running org.entando.kubernetes.controller.support.client.impl.DefaultDeploymentClientTest
Jul 01, 2021 7:09:56 AM org.entando.kubernetes.controller.support.client.DeploymentClient createOrPatchDeployment
INFO: Entering method createOrPatchDeployment in class org.entando.kubernetes.controller.support.client.DeploymentClient with TestResource: entando-k8s-operator-common-cmpr60-test1/my-app and with Deployment: entando-k8s-operator-common-cmpr60-test1/my-deployment
Jul 01, 2021 7:09:56 AM org.entando.kubernetes.controller.support.client.DeploymentClient createOrPatchDeployment
INFO: Exiting method createOrPatchDeployment in class org.entando.kubernetes.controller.support.client.DeploymentClient
Jul 01, 2021 7:09:56 AM org.entando.kubernetes.controller.support.client.DeploymentClient createOrPatchDeployment
INFO: Entering method createOrPatchDeployment in class org.entando.kubernetes.controller.support.client.DeploymentClient with TestResource: entando-k8s-operator-common-cmpr60-test1/my-app and with Deployment: entando-k8s-operator-common-cmpr60-test1/my-deployment
Jul 01, 2021 7:10:02 AM org.entando.kubernetes.controller.support.client.DeploymentClient createOrPatchDeployment
INFO: Exiting method createOrPatchDeployment in class org.entando.kubernetes.controller.support.client.DeploymentClient
Jul 01, 2021 7:10:02 AM org.entando.kubernetes.controller.support.client.DeploymentClient loadDeployment
INFO: Entering method loadDeployment in class org.entando.kubernetes.controller.support.client.DeploymentClient with TestResource: entando-k8s-operator-common-cmpr60-test1/my-app
Jul 01, 2021 7:10:02 AM org.entando.kubernetes.controller.support.client.DeploymentClient loadDeployment
INFO: Exiting method loadDeployment in class org.entando.kubernetes.controller.support.client.DeploymentClient
[INFO] Tests run: 1, Failures: 0, Errors: 0, Skipped: 0, Time elapsed: 20.125 s - in org.entando.kubernetes.controller.support.client.impl.DefaultDeploymentClientTest
[INFO] Running org.entando.kubernetes.controller.support.client.impl.DefaultCapabilityClientTest
Jul 01, 2021 7:10:26 AM org.entando.kubernetes.controller.spi.client.KubernetesClientForControllers createOrPatchEntandoResource
INFO: Entering method createOrPatchEntandoResource in class org.entando.kubernetes.controller.spi.client.KubernetesClientForControllers with ProvidedCapability: entando-k8s-operator-common-cmpr60-test1/my-capability1
Jul 01, 2021 7:10:26 AM org.entando.kubernetes.controller.spi.client.KubernetesClientForControllers createOrPatchEntandoResource
INFO: Exiting method createOrPatchEntandoResource in class org.entando.kubernetes.controller.spi.client.KubernetesClientForControllers
Jul 01, 2021 7:10:26 AM org.entando.kubernetes.controller.spi.client.KubernetesClientForControllers createOrPatchEntandoResource
INFO: Entering method createOrPatchEntandoResource in class org.entando.kubernetes.controller.spi.client.KubernetesClientForControllers with ProvidedCapability: entando-k8s-operator-common-cmpr60-test12/my-capability2
Jul 01, 2021 7:10:26 AM org.entando.kubernetes.controller.spi.client.KubernetesClientForControllers createOrPatchEntandoResource
INFO: Exiting method createOrPatchEntandoResource in class org.entando.kubernetes.controller.spi.client.KubernetesClientForControllers
Jul 01, 2021 7:10:26 AM org.entando.kubernetes.controller.support.client.ServiceAccountClient findOrCreateServiceAccount
INFO: Entering method findOrCreateServiceAccount in class org.entando.kubernetes.controller.support.client.ServiceAccountClient with ProvidedCapability: entando-k8s-operator-common-cmpr60-test1/my-capability1
Jul 01, 2021 7:10:26 AM org.entando.kubernetes.controller.support.client.ServiceAccountClient findOrCreateServiceAccount
INFO: Exiting method findOrCreateServiceAccount in class org.entando.kubernetes.controller.support.client.ServiceAccountClient
Jul 01, 2021 7:10:26 AM org.entando.kubernetes.controller.support.client.ServiceAccountClient createRoleBindingIfAbsent
INFO: Entering method createRoleBindingIfAbsent in class org.entando.kubernetes.controller.support.client.ServiceAccountClient with ProvidedCapability: entando-k8s-operator-common-cmpr60-test1/my-capability1 and with RoleBinding: null/test-account-entando-editor
Jul 01, 2021 7:10:26 AM org.entando.kubernetes.controller.support.client.ServiceAccountClient createRoleBindingIfAbsent
INFO: Exiting method createRoleBindingIfAbsent in class org.entando.kubernetes.controller.support.client.ServiceAccountClient
Jul 01, 2021 7:10:26 AM org.entando.kubernetes.controller.support.client.ServiceAccountClient createRoleBindingIfAbsent
INFO: Entering method createRoleBindingIfAbsent in class org.entando.kubernetes.controller.support.client.ServiceAccountClient with ProvidedCapability: entando-k8s-operator-common-cmpr60-test12/my-capability2 and with RoleBinding: null/test-account-entando-editor
Jul 01, 2021 7:10:26 AM org.entando.kubernetes.controller.support.client.ServiceAccountClient createRoleBindingIfAbsent
INFO: Exiting method createRoleBindingIfAbsent in class org.entando.kubernetes.controller.support.client.ServiceAccountClient
Jul 01, 2021 7:10:26 AM org.entando.kubernetes.controller.support.client.CapabilityClient providedCapabilityByLabels
INFO: Entering method providedCapabilityByLabels in class org.entando.kubernetes.controller.support.client.CapabilityClient with {my-label=value1}
Jul 01, 2021 7:10:26 AM org.entando.kubernetes.controller.support.client.CapabilityClient providedCapabilityByLabels
INFO: Exiting method providedCapabilityByLabels in class org.entando.kubernetes.controller.support.client.CapabilityClient
Jul 01, 2021 7:10:26 AM org.entando.kubernetes.controller.support.client.CapabilityClient providedCapabilityByLabels
INFO: Entering method providedCapabilityByLabels in class org.entando.kubernetes.controller.support.client.CapabilityClient with {my-label=value2}
Jul 01, 2021 7:10:26 AM org.entando.kubernetes.controller.support.client.CapabilityClient providedCapabilityByLabels
INFO: Exiting method providedCapabilityByLabels in class org.entando.kubernetes.controller.support.client.CapabilityClient
Jul 01, 2021 7:10:37 AM org.entando.kubernetes.controller.support.client.CapabilityClient createOrPatchCapability
INFO: Entering method createOrPatchCapability in class org.entando.kubernetes.controller.support.client.CapabilityClient with ProvidedCapability: entando-k8s-operator-common-cmpr60-test1/my-capability
Jul 01, 2021 7:10:37 AM org.entando.kubernetes.controller.support.client.CapabilityClient createOrPatchCapability
INFO: Exiting method createOrPatchCapability in class org.entando.kubernetes.controller.support.client.CapabilityClient
Jul 01, 2021 7:10:37 AM org.entando.kubernetes.controller.support.client.CapabilityClient waitForCapabilityCompletion
INFO: Entering method waitForCapabilityCompletion in class org.entando.kubernetes.controller.support.client.CapabilityClient with ProvidedCapability: entando-k8s-operator-common-cmpr60-test1/my-capability
Jul 01, 2021 7:10:39 AM org.entando.kubernetes.controller.spi.client.KubernetesClientForControllers load
INFO: Entering method load in class org.entando.kubernetes.controller.spi.client.KubernetesClientForControllers with class org.entando.kubernetes.model.capability.ProvidedCapability,entando-k8s-operator-common-cmpr60-test1,my-capability
Jul 01, 2021 7:10:39 AM org.entando.kubernetes.controller.spi.client.KubernetesClientForControllers load
INFO: Exiting method load in class org.entando.kubernetes.controller.spi.client.KubernetesClientForControllers
Jul 01, 2021 7:10:39 AM org.entando.kubernetes.controller.spi.client.KubernetesClientForControllers load
INFO: Entering method load in class org.entando.kubernetes.controller.spi.client.KubernetesClientForControllers with class org.entando.kubernetes.model.capability.ProvidedCapability,entando-k8s-operator-common-cmpr60-test1,my-capability
Jul 01, 2021 7:10:39 AM org.entando.kubernetes.controller.spi.client.KubernetesClientForControllers load
INFO: Exiting method load in class org.entando.kubernetes.controller.spi.client.KubernetesClientForControllers
Jul 01, 2021 7:10:39 AM org.entando.kubernetes.controller.spi.client.KubernetesClientForControllers getNamespace
INFO: Entering method getNamespace in class org.entando.kubernetes.controller.spi.client.KubernetesClientForControllers
Jul 01, 2021 7:10:39 AM org.entando.kubernetes.controller.spi.client.KubernetesClientForControllers getNamespace
INFO: Exiting method getNamespace in class org.entando.kubernetes.controller.spi.client.KubernetesClientForControllers
Jul 01, 2021 7:10:39 AM org.entando.kubernetes.controller.spi.client.KubernetesClientForControllers updateStatus
INFO: Entering method updateStatus in class org.entando.kubernetes.controller.spi.client.KubernetesClientForControllers with ProvidedCapability: entando-k8s-operator-common-cmpr60-test1/my-capability
Jul 01, 2021 7:10:39 AM org.entando.kubernetes.controller.spi.client.KubernetesClientForControllers updateStatus
INFO: Exiting method updateStatus in class org.entando.kubernetes.controller.spi.client.KubernetesClientForControllers
Jul 01, 2021 7:10:39 AM org.entando.kubernetes.controller.spi.client.KubernetesClientForControllers updatePhase
INFO: Entering method updatePhase in class org.entando.kubernetes.controller.spi.client.KubernetesClientForControllers with ProvidedCapability: entando-k8s-operator-common-cmpr60-test1/my-capability
Jul 01, 2021 7:10:39 AM org.entando.kubernetes.controller.spi.client.KubernetesClientForControllers updatePhase
INFO: Exiting method updatePhase in class org.entando.kubernetes.controller.spi.client.KubernetesClientForControllers
Jul 01, 2021 7:10:39 AM org.entando.kubernetes.controller.support.client.CapabilityClient waitForCapabilityCompletion
INFO: Exiting method waitForCapabilityCompletion in class org.entando.kubernetes.controller.support.client.CapabilityClient
Jul 01, 2021 7:10:51 AM org.entando.kubernetes.controller.spi.client.KubernetesClientForControllers createOrPatchEntandoResource
INFO: Entering method createOrPatchEntandoResource in class org.entando.kubernetes.controller.spi.client.KubernetesClientForControllers with ProvidedCapability: entando-k8s-operator-common-cmpr60-test1/my-capability1
Jul 01, 2021 7:10:51 AM org.entando.kubernetes.controller.spi.client.KubernetesClientForControllers createOrPatchEntandoResource
INFO: Exiting method createOrPatchEntandoResource in class org.entando.kubernetes.controller.spi.client.KubernetesClientForControllers
Jul 01, 2021 7:10:51 AM org.entando.kubernetes.controller.spi.client.KubernetesClientForControllers createOrPatchEntandoResource
INFO: Entering method createOrPatchEntandoResource in class org.entando.kubernetes.controller.spi.client.KubernetesClientForControllers with ProvidedCapability: entando-k8s-operator-common-cmpr60-test12/my-capability2
Jul 01, 2021 7:10:51 AM org.entando.kubernetes.controller.spi.client.KubernetesClientForControllers createOrPatchEntandoResource
INFO: Exiting method createOrPatchEntandoResource in class org.entando.kubernetes.controller.spi.client.KubernetesClientForControllers
Jul 01, 2021 7:10:51 AM org.entando.kubernetes.controller.support.client.ServiceAccountClient findOrCreateServiceAccount
INFO: Entering method findOrCreateServiceAccount in class org.entando.kubernetes.controller.support.client.ServiceAccountClient with ProvidedCapability: entando-k8s-operator-common-cmpr60-test1/my-capability1
Jul 01, 2021 7:10:51 AM org.entando.kubernetes.controller.support.client.ServiceAccountClient findOrCreateServiceAccount
INFO: Exiting method findOrCreateServiceAccount in class org.entando.kubernetes.controller.support.client.ServiceAccountClient
Jul 01, 2021 7:10:51 AM org.entando.kubernetes.controller.support.client.ServiceAccountClient createRoleBindingIfAbsent
INFO: Entering method createRoleBindingIfAbsent in class org.entando.kubernetes.controller.support.client.ServiceAccountClient with ProvidedCapability: entando-k8s-operator-common-cmpr60-test1/my-capability1 and with RoleBinding: null/test-account-entando-editor
Jul 01, 2021 7:10:51 AM org.entando.kubernetes.controller.support.client.ServiceAccountClient createRoleBindingIfAbsent
INFO: Exiting method createRoleBindingIfAbsent in class org.entando.kubernetes.controller.support.client.ServiceAccountClient
Jul 01, 2021 7:10:51 AM org.entando.kubernetes.controller.support.client.CapabilityClient providedCapabilityByLabels
INFO: Entering method providedCapabilityByLabels in class org.entando.kubernetes.controller.support.client.CapabilityClient with {my-label=value1}
Jul 01, 2021 7:10:51 AM org.entando.kubernetes.controller.support.client.CapabilityClient providedCapabilityByLabels
INFO: Exiting method providedCapabilityByLabels in class org.entando.kubernetes.controller.support.client.CapabilityClient
Jul 01, 2021 7:10:51 AM org.entando.kubernetes.controller.support.client.CapabilityClient providedCapabilityByLabels
INFO: Entering method providedCapabilityByLabels in class org.entando.kubernetes.controller.support.client.CapabilityClient with {my-label=value2}
Jul 01, 2021 7:10:51 AM org.entando.kubernetes.controller.support.client.CapabilityClient providedCapabilityByLabels
INFO: Exiting method providedCapabilityByLabels in class org.entando.kubernetes.controller.support.client.CapabilityClient
Jul 01, 2021 7:11:04 AM org.entando.kubernetes.controller.spi.client.KubernetesClientForControllers createOrPatchEntandoResource
INFO: Entering method createOrPatchEntandoResource in class org.entando.kubernetes.controller.spi.client.KubernetesClientForControllers with ProvidedCapability: entando-k8s-operator-common-cmpr60-test1/my-capability1
Jul 01, 2021 7:11:04 AM org.entando.kubernetes.controller.spi.client.KubernetesClientForControllers createOrPatchEntandoResource
INFO: Exiting method createOrPatchEntandoResource in class org.entando.kubernetes.controller.spi.client.KubernetesClientForControllers
Jul 01, 2021 7:11:04 AM org.entando.kubernetes.controller.spi.client.KubernetesClientForControllers createOrPatchEntandoResource
INFO: Entering method createOrPatchEntandoResource in class org.entando.kubernetes.controller.spi.client.KubernetesClientForControllers with ProvidedCapability: entando-k8s-operator-common-cmpr60-test12/my-capability2
Jul 01, 2021 7:11:04 AM org.entando.kubernetes.controller.spi.client.KubernetesClientForControllers createOrPatchEntandoResource
INFO: Exiting method createOrPatchEntandoResource in class org.entando.kubernetes.controller.spi.client.KubernetesClientForControllers
Jul 01, 2021 7:11:04 AM org.entando.kubernetes.controller.support.client.CapabilityClient providedCapabilityByLabels
INFO: Entering method providedCapabilityByLabels in class org.entando.kubernetes.controller.support.client.CapabilityClient with {my-label=value1}
Jul 01, 2021 7:11:04 AM org.entando.kubernetes.controller.support.client.CapabilityClient providedCapabilityByLabels
INFO: Exiting method providedCapabilityByLabels in class org.entando.kubernetes.controller.support.client.CapabilityClient
Jul 01, 2021 7:11:05 AM org.entando.kubernetes.controller.support.client.CapabilityClient providedCapabilityByLabels
INFO: Entering method providedCapabilityByLabels in class org.entando.kubernetes.controller.support.client.CapabilityClient with {my-label=value2}
Jul 01, 2021 7:11:05 AM org.entando.kubernetes.controller.support.client.CapabilityClient providedCapabilityByLabels
INFO: Exiting method providedCapabilityByLabels in class org.entando.kubernetes.controller.support.client.CapabilityClient
Jul 01, 2021 7:11:17 AM org.entando.kubernetes.controller.spi.client.KubernetesClientForControllers createOrPatchEntandoResource
INFO: Entering method createOrPatchEntandoResource in class org.entando.kubernetes.controller.spi.client.KubernetesClientForControllers with ProvidedCapability: entando-k8s-operator-common-cmpr60-test1/my-capability
Jul 01, 2021 7:11:17 AM org.entando.kubernetes.controller.spi.client.KubernetesClientForControllers createOrPatchEntandoResource
INFO: Exiting method createOrPatchEntandoResource in class org.entando.kubernetes.controller.spi.client.KubernetesClientForControllers
Jul 01, 2021 7:11:17 AM org.entando.kubernetes.controller.support.client.CapabilityClient providedCapabilityByName
INFO: Entering method providedCapabilityByName in class org.entando.kubernetes.controller.support.client.CapabilityClient with entando-k8s-operator-common-cmpr60-test1,my-capability
Jul 01, 2021 7:11:17 AM org.entando.kubernetes.controller.support.client.CapabilityClient providedCapabilityByName
INFO: Exiting method providedCapabilityByName in class org.entando.kubernetes.controller.support.client.CapabilityClient
Jul 01, 2021 7:11:29 AM org.entando.kubernetes.controller.spi.client.KubernetesClientForControllers createOrPatchEntandoResource
INFO: Entering method createOrPatchEntandoResource in class org.entando.kubernetes.controller.spi.client.KubernetesClientForControllers with ProvidedCapability: entando-k8s-operator-common-cmpr60-test1/my-capability1
Jul 01, 2021 7:11:29 AM org.entando.kubernetes.controller.spi.client.KubernetesClientForControllers createOrPatchEntandoResource
INFO: Exiting method createOrPatchEntandoResource in class org.entando.kubernetes.controller.spi.client.KubernetesClientForControllers
Jul 01, 2021 7:11:29 AM org.entando.kubernetes.controller.spi.client.KubernetesClientForControllers createOrPatchEntandoResource
INFO: Entering method createOrPatchEntandoResource in class org.entando.kubernetes.controller.spi.client.KubernetesClientForControllers with ProvidedCapability: entando-k8s-operator-common-cmpr60-test12/my-capability2
Jul 01, 2021 7:11:29 AM org.entando.kubernetes.controller.spi.client.KubernetesClientForControllers createOrPatchEntandoResource
INFO: Exiting method createOrPatchEntandoResource in class org.entando.kubernetes.controller.spi.client.KubernetesClientForControllers
Jul 01, 2021 7:11:29 AM org.entando.kubernetes.controller.support.client.CapabilityClient providedCapabilityByLabels
INFO: Entering method providedCapabilityByLabels in class org.entando.kubernetes.controller.support.client.CapabilityClient with entando-k8s-operator-common-cmpr60-test1,{my-label=value1}
Jul 01, 2021 7:11:29 AM org.entando.kubernetes.controller.support.client.CapabilityClient providedCapabilityByLabels
INFO: Exiting method providedCapabilityByLabels in class org.entando.kubernetes.controller.support.client.CapabilityClient
Jul 01, 2021 7:11:29 AM org.entando.kubernetes.controller.support.client.CapabilityClient providedCapabilityByLabels
INFO: Entering method providedCapabilityByLabels in class org.entando.kubernetes.controller.support.client.CapabilityClient with entando-k8s-operator-common-cmpr60-test1,{my-label=value2}
Jul 01, 2021 7:11:29 AM org.entando.kubernetes.controller.support.client.CapabilityClient providedCapabilityByLabels
INFO: Exiting method providedCapabilityByLabels in class org.entando.kubernetes.controller.support.client.CapabilityClient
Jul 01, 2021 7:11:41 AM org.entando.kubernetes.controller.spi.client.KubernetesClientForControllers createOrPatchEntandoResource
INFO: Entering method createOrPatchEntandoResource in class org.entando.kubernetes.controller.spi.client.KubernetesClientForControllers with ProvidedCapability: entando-k8s-operator-common-cmpr60-test1/my-capability
Jul 01, 2021 7:11:41 AM org.entando.kubernetes.controller.spi.client.KubernetesClientForControllers createOrPatchEntandoResource
INFO: Exiting method createOrPatchEntandoResource in class org.entando.kubernetes.controller.spi.client.KubernetesClientForControllers
Jul 01, 2021 7:11:41 AM org.entando.kubernetes.controller.support.client.IngressClient loadIngress
INFO: Entering method loadIngress in class org.entando.kubernetes.controller.support.client.IngressClient with entando-k8s-operator-common-cmpr60-test1,my-capability-ingress
Jul 01, 2021 7:11:41 AM org.entando.kubernetes.controller.support.client.IngressClient loadIngress
INFO: Exiting method loadIngress in class org.entando.kubernetes.controller.support.client.IngressClient
Jul 01, 2021 7:11:41 AM org.entando.kubernetes.controller.support.client.IngressClient createIngress
INFO: Entering method createIngress in class org.entando.kubernetes.controller.support.client.IngressClient with ProvidedCapability: entando-k8s-operator-common-cmpr60-test1/my-capability and with Ingress: entando-k8s-operator-common-cmpr60-test1/my-capability-ingress
Jul 01, 2021 7:11:41 AM org.entando.kubernetes.controller.support.client.IngressClient createIngress
INFO: Exiting method createIngress in class org.entando.kubernetes.controller.support.client.IngressClient
Jul 01, 2021 7:11:41 AM org.entando.kubernetes.controller.support.client.ServiceClient createOrReplaceService
INFO: Entering method createOrReplaceService in class org.entando.kubernetes.controller.support.client.ServiceClient with ProvidedCapability: entando-k8s-operator-common-cmpr60-test1/my-capability and with Service: entando-k8s-operator-common-cmpr60-test1/my-capability-service
Jul 01, 2021 7:11:42 AM org.entando.kubernetes.controller.support.client.ServiceClient createOrReplaceService
INFO: Exiting method createOrReplaceService in class org.entando.kubernetes.controller.support.client.ServiceClient
Jul 01, 2021 7:11:42 AM org.entando.kubernetes.controller.support.client.SecretClient createSecretIfAbsent
INFO: Entering method createSecretIfAbsent in class org.entando.kubernetes.controller.support.client.SecretClient with ProvidedCapability: entando-k8s-operator-common-cmpr60-test1/my-capability and with Secret: entando-k8s-operator-common-cmpr60-test1/my-capability-*****-secret
Jul 01, 2021 7:11:42 AM org.entando.kubernetes.controller.support.client.SecretClient createSecretIfAbsent
INFO: Exiting method createSecretIfAbsent in class org.entando.kubernetes.controller.support.client.SecretClient
Jul 01, 2021 7:11:42 AM org.entando.kubernetes.controller.support.client.SecretClient loadSecret
INFO: Entering method loadSecret in class org.entando.kubernetes.controller.support.client.SecretClient with ProvidedCapability: entando-k8s-operator-common-cmpr60-test1/my-capability
Jul 01, 2021 7:11:42 AM org.entando.kubernetes.controller.support.client.SecretClient loadSecret
INFO: Exiting method loadSecret in class org.entando.kubernetes.controller.support.client.SecretClient
Jul 01, 2021 7:11:42 AM org.entando.kubernetes.controller.spi.client.KubernetesClientForControllers getNamespace
INFO: Entering method getNamespace in class org.entando.kubernetes.controller.spi.client.KubernetesClientForControllers
Jul 01, 2021 7:11:42 AM org.entando.kubernetes.controller.spi.client.KubernetesClientForControllers getNamespace
INFO: Exiting method getNamespace in class org.entando.kubernetes.controller.spi.client.KubernetesClientForControllers
Jul 01, 2021 7:11:42 AM org.entando.kubernetes.controller.spi.client.KubernetesClientForControllers updateStatus
INFO: Entering method updateStatus in class org.entando.kubernetes.controller.spi.client.KubernetesClientForControllers with ProvidedCapability: entando-k8s-operator-common-cmpr60-test1/my-capability
Jul 01, 2021 7:11:42 AM org.entando.kubernetes.controller.spi.client.KubernetesClientForControllers updateStatus
INFO: Exiting method updateStatus in class org.entando.kubernetes.controller.spi.client.KubernetesClientForControllers
Jul 01, 2021 7:11:42 AM org.entando.kubernetes.controller.spi.client.KubernetesClientForControllers updatePhase
INFO: Entering method updatePhase in class org.entando.kubernetes.controller.spi.client.KubernetesClientForControllers with ProvidedCapability: entando-k8s-operator-common-cmpr60-test1/my-capability
Jul 01, 2021 7:11:42 AM org.entando.kubernetes.controller.spi.client.KubernetesClientForControllers updatePhase
INFO: Exiting method updatePhase in class org.entando.kubernetes.controller.spi.client.KubernetesClientForControllers
Jul 01, 2021 7:11:42 AM org.entando.kubernetes.controller.support.client.EntandoResourceClient reload
INFO: Entering method reload in class org.entando.kubernetes.controller.support.client.EntandoResourceClient with ProvidedCapability: entando-k8s-operator-common-cmpr60-test1/my-capability
Jul 01, 2021 7:11:42 AM org.entando.kubernetes.controller.support.client.EntandoResourceClient reload
INFO: Exiting method reload in class org.entando.kubernetes.controller.support.client.EntandoResourceClient
Jul 01, 2021 7:11:42 AM org.entando.kubernetes.controller.support.client.CapabilityClient buildCapabilityProvisioningResult
INFO: Entering method buildCapabilityProvisioningResult in class org.entando.kubernetes.controller.support.client.CapabilityClient with ProvidedCapability: entando-k8s-operator-common-cmpr60-test1/my-capability
Jul 01, 2021 7:11:42 AM org.entando.kubernetes.controller.support.client.CapabilityClient buildCapabilityProvisioningResult
INFO: Exiting method buildCapabilityProvisioningResult in class org.entando.kubernetes.controller.support.client.CapabilityClient
Jul 01, 2021 7:11:54 AM org.entando.kubernetes.controller.spi.client.KubernetesClientForControllers createOrPatchEntandoResource
INFO: Entering method createOrPatchEntandoResource in class org.entando.kubernetes.controller.spi.client.KubernetesClientForControllers with ProvidedCapability: entando-k8s-operator-common-cmpr60-test1/my-capability1
Jul 01, 2021 7:11:54 AM org.entando.kubernetes.controller.spi.client.KubernetesClientForControllers createOrPatchEntandoResource
INFO: Exiting method createOrPatchEntandoResource in class org.entando.kubernetes.controller.spi.client.KubernetesClientForControllers
Jul 01, 2021 7:11:54 AM org.entando.kubernetes.controller.spi.client.KubernetesClientForControllers createOrPatchEntandoResource
INFO: Entering method createOrPatchEntandoResource in class org.entando.kubernetes.controller.spi.client.KubernetesClientForControllers with ProvidedCapability: entando-k8s-operator-common-cmpr60-test12/my-capability2
Jul 01, 2021 7:11:54 AM org.entando.kubernetes.controller.spi.client.KubernetesClientForControllers createOrPatchEntandoResource
INFO: Exiting method createOrPatchEntandoResource in class org.entando.kubernetes.controller.spi.client.KubernetesClientForControllers
Jul 01, 2021 7:11:54 AM org.entando.kubernetes.controller.support.client.ServiceAccountClient findOrCreateServiceAccount
INFO: Entering method findOrCreateServiceAccount in class org.entando.kubernetes.controller.support.client.ServiceAccountClient with ProvidedCapability: entando-k8s-operator-common-cmpr60-test1/my-capability1
Jul 01, 2021 7:11:54 AM org.entando.kubernetes.controller.support.client.ServiceAccountClient findOrCreateServiceAccount
INFO: Exiting method findOrCreateServiceAccount in class org.entando.kubernetes.controller.support.client.ServiceAccountClient
Jul 01, 2021 7:11:54 AM org.entando.kubernetes.controller.support.client.ServiceAccountClient createRoleBindingIfAbsent
INFO: Entering method createRoleBindingIfAbsent in class org.entando.kubernetes.controller.support.client.ServiceAccountClient with ProvidedCapability: entando-k8s-operator-common-cmpr60-test1/my-capability1 and with RoleBinding: null/test-account-entando-editor
Jul 01, 2021 7:11:54 AM org.entando.kubernetes.controller.support.client.ServiceAccountClient createRoleBindingIfAbsent
INFO: Exiting method createRoleBindingIfAbsent in class org.entando.kubernetes.controller.support.client.ServiceAccountClient
Jul 01, 2021 7:11:54 AM org.entando.kubernetes.controller.support.client.ServiceAccountClient createRoleBindingIfAbsent
INFO: Entering method createRoleBindingIfAbsent in class org.entando.kubernetes.controller.support.client.ServiceAccountClient with ProvidedCapability: entando-k8s-operator-common-cmpr60-test12/my-capability2 and with RoleBinding: null/test-account-entando-editor
Jul 01, 2021 7:11:54 AM org.entando.kubernetes.controller.support.client.ServiceAccountClient createRoleBindingIfAbsent
INFO: Exiting method createRoleBindingIfAbsent in class org.entando.kubernetes.controller.support.client.ServiceAccountClient
Jul 01, 2021 7:11:54 AM org.entando.kubernetes.controller.support.client.CapabilityClient providedCapabilityByLabels
INFO: Entering method providedCapabilityByLabels in class org.entando.kubernetes.controller.support.client.CapabilityClient with {my-label=value1}
Jul 01, 2021 7:11:54 AM org.entando.kubernetes.controller.support.client.CapabilityClient providedCapabilityByLabels
INFO: Exiting method providedCapabilityByLabels in class org.entando.kubernetes.controller.support.client.CapabilityClient
Jul 01, 2021 7:11:54 AM org.entando.kubernetes.controller.support.client.CapabilityClient providedCapabilityByLabels
INFO: Entering method providedCapabilityByLabels in class org.entando.kubernetes.controller.support.client.CapabilityClient with {my-label=value2}
Jul 01, 2021 7:11:54 AM org.entando.kubernetes.controller.support.client.CapabilityClient providedCapabilityByLabels
INFO: Exiting method providedCapabilityByLabels in class org.entando.kubernetes.controller.support.client.CapabilityClient
Jul 01, 2021 7:12:06 AM org.entando.kubernetes.controller.support.client.CapabilityClient createOrPatchCapability
INFO: Entering method createOrPatchCapability in class org.entando.kubernetes.controller.support.client.CapabilityClient with ProvidedCapability: entando-k8s-operator-common-cmpr60-test1/my-capability
Jul 01, 2021 7:12:06 AM org.entando.kubernetes.controller.support.client.CapabilityClient createOrPatchCapability
INFO: Exiting method createOrPatchCapability in class org.entando.kubernetes.controller.support.client.CapabilityClient
Jul 01, 2021 7:12:06 AM org.entando.kubernetes.controller.support.client.CapabilityClient waitForCapabilityCompletion
INFO: Entering method waitForCapabilityCompletion in class org.entando.kubernetes.controller.support.client.CapabilityClient with ProvidedCapability: entando-k8s-operator-common-cmpr60-test1/my-capability
Jul 01, 2021 7:12:07 AM org.entando.kubernetes.controller.support.client.CapabilityClient waitForCapabilityCompletion
SEVERE: Failure e**cuting method waitForCapabilityCompletion in class org.entando.kubernetes.controller.support.client.CapabilityClient
java.util.concurrent.TimeoutException
	at java.base/java.util.concurrent.CompletableFuture.timedGet(CompletableFuture.java:1886)
	at java.base/java.util.concurrent.CompletableFuture.get(CompletableFuture.java:2021)
	at org.entando.kubernetes.controller.spi.client.impl.EntandoResourceClientBase.lambda$waitForCompletion$2(EntandoResourceClientBase.java:106)
	at org.entando.kubernetes.controller.spi.common.ExceptionUtils.interruptionSafe(ExceptionUtils.java:96)
	at org.entando.kubernetes.controller.spi.client.impl.EntandoResourceClientBase.waitForCompletion(EntandoResourceClientBase.java:106)
	at org.entando.kubernetes.controller.support.client.impl.DefaultCapabilityClient.waitForCapabilityCompletion(DefaultCapabilityClient.java:88)
	at java.base/jdk.internal.reflect.NativeMethodAccessorImpl.invoke0(Native Method)
	at java.base/jdk.internal.reflect.NativeMethodAccessorImpl.invoke(NativeMethodAccessorImpl.java:62)
	at java.base/jdk.internal.reflect.DelegatingMethodAccessorImpl.invoke(DelegatingMethodAccessorImpl.java:43)
	at java.base/java.lang.reflect.Method.invoke(Method.java:566)
	at org.entando.kubernetes.controller.support.client.impl.KubernetesRestInterceptor.invoke(KubernetesRestInterceptor.java:49)
	at com.sun.proxy.$Proxy110.waitForCapabilityCompletion(Unknown Source)
	at org.entando.kubernetes.controller.support.client.impl.DefaultCapabilityClientTest.lambda$shouldThrowTimeoutException$48(DefaultCapabilityClientTest.java:392)
	at org.assertj.core.api.ThrowableAssert.catchThrowable(ThrowableAssert.java:62)
	at org.assertj.core.api.AssertionsForClassTypes.catchThrowable(AssertionsForClassTypes.java:877)
	at org.assertj.core.api.Assertions.catchThrowable(Assertions.java:1306)
	at org.assertj.core.api.Assertions.assertThatThrownBy(Assertions.java:1178)
	at org.entando.kubernetes.controller.support.client.impl.DefaultCapabilityClientTest.lambda$shouldThrowTimeoutException$49(DefaultCapabilityClientTest.java:391)
	at io.qameta.allure.Allure.lambda$step$0(Allure.java:113)
	at io.qameta.allure.Allure.lambda$step$1(Allure.java:127)
	at io.qameta.allure.Allure.step(Allure.java:181)
	at io.qameta.allure.Allure.step(Allure.java:125)
	at io.qameta.allure.Allure.step(Allure.java:112)
	at org.entando.kubernetes.controller.support.client.impl.DefaultCapabilityClientTest.shouldThrowTimeoutException(DefaultCapabilityClientTest.java:390)
	at java.base/jdk.internal.reflect.NativeMethodAccessorImpl.invoke0(Native Method)
	at java.base/jdk.internal.reflect.NativeMethodAccessorImpl.invoke(NativeMethodAccessorImpl.java:62)
	at java.base/jdk.internal.reflect.DelegatingMethodAccessorImpl.invoke(DelegatingMethodAccessorImpl.java:43)
	at java.base/java.lang.reflect.Method.invoke(Method.java:566)
	at org.junit.platform.commons.util.ReflectionUtils.invokeMethod(ReflectionUtils.java:688)
	at org.junit.jupiter.engine.e**cution.MethodInvocation.proceed(MethodInvocation.java:60)
	at org.junit.jupiter.engine.e**cution.InvocationInterceptorChain$ValidatingInvocation.proceed(InvocationInterceptorChain.java:131)
	at org.junit.jupiter.api.extension.InvocationInterceptor.interceptTestMethod(InvocationInterceptor.java:117)
	at org.junit.jupiter.engine.e**cution.E**cutableInvoker$ReflectiveInterceptorCall.lambda$ofVoidMethod$0(E**cutableInvoker.java:115)
	at org.junit.jupiter.engine.e**cution.E**cutableInvoker.lambda$invoke$0(E**cutableInvoker.java:105)
	at org.junit.jupiter.engine.e**cution.InvocationInterceptorChain$InterceptedInvocation.proceed(InvocationInterceptorChain.java:106)
	at org.junit.jupiter.engine.extension.TimeoutExtension.intercept(TimeoutExtension.java:149)
	at org.junit.jupiter.engine.extension.TimeoutExtension.interceptTestableMethod(TimeoutExtension.java:140)
	at org.junit.jupiter.engine.extension.TimeoutExtension.interceptTestMethod(TimeoutExtension.java:84)
	at org.junit.jupiter.engine.e**cution.E**cutableInvoker$ReflectiveInterceptorCall.lambda$ofVoidMethod$0(E**cutableInvoker.java:115)
	at org.junit.jupiter.engine.e**cution.E**cutableInvoker.lambda$invoke$0(E**cutableInvoker.java:105)
	at org.junit.jupiter.engine.e**cution.InvocationInterceptorChain$InterceptedInvocation.proceed(InvocationInterceptorChain.java:106)
	at org.junit.jupiter.engine.e**cution.InvocationInterceptorChain.proceed(InvocationInterceptorChain.java:64)
	at org.junit.jupiter.engine.e**cution.InvocationInterceptorChain.chainAndInvoke(InvocationInterceptorChain.java:45)
	at org.junit.jupiter.engine.e**cution.InvocationInterceptorChain.invoke(InvocationInterceptorChain.java:37)
	at org.junit.jupiter.engine.e**cution.E**cutableInvoker.invoke(E**cutableInvoker.java:104)
	at org.junit.jupiter.engine.e**cution.E**cutableInvoker.invoke(E**cutableInvoker.java:98)
	at org.junit.jupiter.engine.descriptor.TestMethodTestDescriptor.lambda$invokeTestMethod$6(TestMethodTestDescriptor.java:210)
	at org.junit.platform.engine.support.hierarchical.ThrowableCollector.e**cute(ThrowableCollector.java:73)
	at org.junit.jupiter.engine.descriptor.TestMethodTestDescriptor.invokeTestMethod(TestMethodTestDescriptor.java:206)
	at org.junit.jupiter.engine.descriptor.TestMethodTestDescriptor.e**cute(TestMethodTestDescriptor.java:131)
	at org.junit.jupiter.engine.descriptor.TestMethodTestDescriptor.e**cute(TestMethodTestDescriptor.java:65)
	at org.junit.platform.engine.support.hierarchical.NodeTestTask.lambda$e**cuteRecursively$5(NodeTestTask.java:139)
	at org.junit.platform.engine.support.hierarchical.ThrowableCollector.e**cute(ThrowableCollector.java:73)
	at org.junit.platform.engine.support.hierarchical.NodeTestTask.lambda$e**cuteRecursively$7(NodeTestTask.java:129)
	at org.junit.platform.engine.support.hierarchical.Node.around(Node.java:137)
	at org.junit.platform.engine.support.hierarchical.NodeTestTask.lambda$e**cuteRecursively$8(NodeTestTask.java:127)
	at org.junit.platform.engine.support.hierarchical.ThrowableCollector.e**cute(ThrowableCollector.java:73)
	at org.junit.platform.engine.support.hierarchical.NodeTestTask.e**cuteRecursively(NodeTestTask.java:126)
	at org.junit.platform.engine.support.hierarchical.NodeTestTask.e**cute(NodeTestTask.java:84)
	at org.junit.platform.engine.support.hierarchical.ForkJoinPoolHierarchicalTestE**cutorService$ExclusiveTask.compute(ForkJoinPoolHierarchicalTestE**cutorService.java:185)
	at org.junit.platform.engine.support.hierarchical.ForkJoinPoolHierarchicalTestE**cutorService.e**cuteNonConcurrentTasks(ForkJoinPoolHierarchicalTestE**cutorService.java:155)
	at org.junit.platform.engine.support.hierarchical.ForkJoinPoolHierarchicalTestE**cutorService.invokeAll(ForkJoinPoolHierarchicalTestE**cutorService.java:135)
	at org.junit.platform.engine.support.hierarchical.NodeTestTask.lambda$e**cuteRecursively$5(NodeTestTask.java:143)
	at org.junit.platform.engine.support.hierarchical.ThrowableCollector.e**cute(ThrowableCollector.java:73)
	at org.junit.platform.engine.support.hierarchical.NodeTestTask.lambda$e**cuteRecursively$7(NodeTestTask.java:129)
	at org.junit.platform.engine.support.hierarchical.Node.around(Node.java:137)
	at org.junit.platform.engine.support.hierarchical.NodeTestTask.lambda$e**cuteRecursively$8(NodeTestTask.java:127)
	at org.junit.platform.engine.support.hierarchical.ThrowableCollector.e**cute(ThrowableCollector.java:73)
	at org.junit.platform.engine.support.hierarchical.NodeTestTask.e**cuteRecursively(NodeTestTask.java:126)
	at org.junit.platform.engine.support.hierarchical.NodeTestTask.e**cute(NodeTestTask.java:84)
	at org.junit.platform.engine.support.hierarchical.ForkJoinPoolHierarchicalTestE**cutorService$ExclusiveTask.compute(ForkJoinPoolHierarchicalTestE**cutorService.java:185)
	at org.junit.platform.engine.support.hierarchical.ForkJoinPoolHierarchicalTestE**cutorService.e**cuteNonConcurrentTasks(ForkJoinPoolHierarchicalTestE**cutorService.java:155)
	at org.junit.platform.engine.support.hierarchical.ForkJoinPoolHierarchicalTestE**cutorService.invokeAll(ForkJoinPoolHierarchicalTestE**cutorService.java:135)
	at org.junit.platform.engine.support.hierarchical.NodeTestTask.lambda$e**cuteRecursively$5(NodeTestTask.java:143)
	at org.junit.platform.engine.support.hierarchical.ThrowableCollector.e**cute(ThrowableCollector.java:73)
	at org.junit.platform.engine.support.hierarchical.NodeTestTask.lambda$e**cuteRecursively$7(NodeTestTask.java:129)
	at org.junit.platform.engine.support.hierarchical.Node.around(Node.java:137)
	at org.junit.platform.engine.support.hierarchical.NodeTestTask.lambda$e**cuteRecursively$8(NodeTestTask.java:127)
	at org.junit.platform.engine.support.hierarchical.ThrowableCollector.e**cute(ThrowableCollector.java:73)
	at org.junit.platform.engine.support.hierarchical.NodeTestTask.e**cuteRecursively(NodeTestTask.java:126)
	at org.junit.platform.engine.support.hierarchical.NodeTestTask.e**cute(NodeTestTask.java:84)
	at org.junit.platform.engine.support.hierarchical.ForkJoinPoolHierarchicalTestE**cutorService$ExclusiveTask.compute(ForkJoinPoolHierarchicalTestE**cutorService.java:185)
	at java.base/java.util.concurrent.RecursiveAction.e**c(RecursiveAction.java:189)
	at java.base/java.util.concurrent.ForkJoinTask.doE**c(ForkJoinTask.java:290)
	at java.base/java.util.concurrent.ForkJoinPool$WorkQueue.topLevelE**c(ForkJoinPool.java:1020)
	at java.base/java.util.concurrent.ForkJoinPool.scan(ForkJoinPool.java:1656)
	at java.base/java.util.concurrent.ForkJoinPool.runWorker(ForkJoinPool.java:1594)
	at java.base/java.util.concurrent.ForkJoinWorkerThread.run(ForkJoinWorkerThread.java:177)

Jul 01, 2021 7:12:07 AM org.entando.kubernetes.controller.support.client.CapabilityClient waitForCapabilityCompletion
INFO: Exiting method waitForCapabilityCompletion in class org.entando.kubernetes.controller.support.client.CapabilityClient
[INFO] Tests run: 9, Failures: 0, Errors: 0, Skipped: 0, Time elapsed: 125.017 s - in org.entando.kubernetes.controller.support.client.impl.DefaultCapabilityClientTest
[INFO] Running org.entando.kubernetes.controller.support.client.impl.DefaultServiceClientTest
Jul 01, 2021 7:12:19 AM org.entando.kubernetes.controller.support.client.PodClient start
INFO: Entering method start in class org.entando.kubernetes.controller.support.client.PodClient with Pod: entando-k8s-operator-common-cmpr60-test1/my-pod
Jul 01, 2021 7:12:19 AM org.entando.kubernetes.controller.support.client.PodClient start
INFO: Exiting method start in class org.entando.kubernetes.controller.support.client.PodClient
Jul 01, 2021 7:12:19 AM org.entando.kubernetes.controller.support.client.PodClient waitForPod
INFO: Entering method waitForPod in class org.entando.kubernetes.controller.support.client.PodClient with entando-k8s-operator-common-cmpr60-test1,pod-label,123,600
Jul 01, 2021 7:12:26 AM org.entando.kubernetes.controller.support.client.PodClient waitForPod
INFO: Exiting method waitForPod in class org.entando.kubernetes.controller.support.client.PodClient
Jul 01, 2021 7:12:26 AM org.entando.kubernetes.controller.support.client.ServiceClient createOrReplaceService
INFO: Entering method createOrReplaceService in class org.entando.kubernetes.controller.support.client.ServiceClient with TestResource: entando-k8s-operator-common-cmpr60-test1/my-app and with Service: null/my-service
Jul 01, 2021 7:12:26 AM org.entando.kubernetes.controller.support.client.ServiceClient createOrReplaceService
INFO: Exiting method createOrReplaceService in class org.entando.kubernetes.controller.support.client.ServiceClient
Jul 01, 2021 7:12:26 AM org.entando.kubernetes.controller.support.client.ServiceClient createOrReplaceDelegateService
INFO: Entering method createOrReplaceDelegateService in class org.entando.kubernetes.controller.support.client.ServiceClient with Service: entando-k8s-operator-common-cmpr60-test12/my-service2
Jul 01, 2021 7:12:26 AM org.entando.kubernetes.controller.support.client.ServiceClient createOrReplaceDelegateService
INFO: Exiting method createOrReplaceDelegateService in class org.entando.kubernetes.controller.support.client.ServiceClient
Jul 01, 2021 7:12:26 AM org.entando.kubernetes.controller.support.client.ServiceClient createOrReplaceDelegateEndpoints
INFO: Entering method createOrReplaceDelegateEndpoints in class org.entando.kubernetes.controller.support.client.ServiceClient with Endpoints: entando-k8s-operator-common-cmpr60-test12/my-service2
Jul 01, 2021 7:12:26 AM org.entando.kubernetes.controller.support.client.ServiceClient createOrReplaceDelegateEndpoints
INFO: Exiting method createOrReplaceDelegateEndpoints in class org.entando.kubernetes.controller.support.client.ServiceClient
Jul 01, 2021 7:12:26 AM org.entando.kubernetes.controller.support.client.IngressClient createIngress
INFO: Entering method createIngress in class org.entando.kubernetes.controller.support.client.IngressClient with TestResource: entando-k8s-operator-common-cmpr60-test12/my-app2 and with Ingress: null/my-ingress2
Jul 01, 2021 7:12:26 AM org.entando.kubernetes.controller.support.client.IngressClient createIngress
INFO: Exiting method createIngress in class org.entando.kubernetes.controller.support.client.IngressClient
Jul 01, 2021 7:13:01 AM org.entando.kubernetes.controller.support.client.ServiceClient createOrReplaceEndpoints
INFO: Entering method createOrReplaceEndpoints in class org.entando.kubernetes.controller.support.client.ServiceClient with TestResource: entando-k8s-operator-common-cmpr60-test1/my-app and with Endpoints: entando-k8s-operator-common-cmpr60-test1/my-service
Jul 01, 2021 7:13:01 AM org.entando.kubernetes.controller.support.client.ServiceClient createOrReplaceEndpoints
INFO: Exiting method createOrReplaceEndpoints in class org.entando.kubernetes.controller.support.client.ServiceClient
Jul 01, 2021 7:13:01 AM org.entando.kubernetes.controller.support.client.ServiceClient createOrReplaceEndpoints
INFO: Entering method createOrReplaceEndpoints in class org.entando.kubernetes.controller.support.client.ServiceClient with TestResource: entando-k8s-operator-common-cmpr60-test1/my-app and with Endpoints: entando-k8s-operator-common-cmpr60-test1/my-service
Jul 01, 2021 7:13:01 AM org.entando.kubernetes.controller.support.client.ServiceClient createOrReplaceEndpoints
INFO: Exiting method createOrReplaceEndpoints in class org.entando.kubernetes.controller.support.client.ServiceClient
Jul 01, 2021 7:13:01 AM org.entando.kubernetes.controller.support.client.ServiceClient loadEndpoints
INFO: Entering method loadEndpoints in class org.entando.kubernetes.controller.support.client.ServiceClient with TestResource: entando-k8s-operator-common-cmpr60-test1/my-app
Jul 01, 2021 7:13:01 AM org.entando.kubernetes.controller.support.client.ServiceClient loadEndpoints
INFO: Exiting method loadEndpoints in class org.entando.kubernetes.controller.support.client.ServiceClient
Jul 01, 2021 7:13:13 AM org.entando.kubernetes.controller.support.client.ServiceClient createOrReplaceService
INFO: Entering method createOrReplaceService in class org.entando.kubernetes.controller.support.client.ServiceClient with TestResource: entando-k8s-operator-common-cmpr60-test1/my-app and with Service: entando-k8s-operator-common-cmpr60-test1/my-service
Jul 01, 2021 7:13:13 AM org.entando.kubernetes.controller.support.client.ServiceClient createOrReplaceService
INFO: Exiting method createOrReplaceService in class org.entando.kubernetes.controller.support.client.ServiceClient
Jul 01, 2021 7:13:13 AM org.entando.kubernetes.controller.support.client.ServiceClient createOrReplaceService
INFO: Entering method createOrReplaceService in class org.entando.kubernetes.controller.support.client.ServiceClient with TestResource: entando-k8s-operator-common-cmpr60-test1/my-app and with Service: entando-k8s-operator-common-cmpr60-test1/my-service
Jul 01, 2021 7:13:13 AM org.entando.kubernetes.controller.support.client.ServiceClient createOrReplaceService
INFO: Exiting method createOrReplaceService in class org.entando.kubernetes.controller.support.client.ServiceClient
Jul 01, 2021 7:13:13 AM org.entando.kubernetes.controller.support.client.ServiceClient loadService
INFO: Entering method loadService in class org.entando.kubernetes.controller.support.client.ServiceClient with TestResource: entando-k8s-operator-common-cmpr60-test1/my-app
Jul 01, 2021 7:13:13 AM org.entando.kubernetes.controller.support.client.ServiceClient loadService
INFO: Exiting method loadService in class org.entando.kubernetes.controller.support.client.ServiceClient
[INFO] Tests run: 3, Failures: 0, Errors: 0, Skipped: 0, Time elapsed: 65.587 s - in org.entando.kubernetes.controller.support.client.impl.DefaultServiceClientTest
[INFO] Running org.entando.kubernetes.controller.support.client.impl.DefaultPodClientTest
Jul 01, 2021 7:13:19 AM org.entando.kubernetes.controller.support.client.PodClient start
INFO: Entering method start in class org.entando.kubernetes.controller.support.client.PodClient with Pod: entando-k8s-operator-common-cmpr60-test1/my-pod
Jul 01, 2021 7:13:19 AM org.entando.kubernetes.controller.support.client.PodClient start
INFO: Exiting method start in class org.entando.kubernetes.controller.support.client.PodClient
Jul 01, 2021 7:13:19 AM org.entando.kubernetes.controller.support.client.PodClient removeAndWait
INFO: Entering method removeAndWait in class org.entando.kubernetes.controller.support.client.PodClient with entando-k8s-operator-common-cmpr60-test1,{pod-label=123},120
Jul 01, 2021 7:13:19 AM org.entando.kubernetes.controller.support.client.PodClient removeAndWait
INFO: Exiting method removeAndWait in class org.entando.kubernetes.controller.support.client.PodClient
Jul 01, 2021 7:13:19 AM org.entando.kubernetes.controller.support.client.PodClient loadPod
INFO: Entering method loadPod in class org.entando.kubernetes.controller.support.client.PodClient with entando-k8s-operator-common-cmpr60-test1,{pod-label=123}
Jul 01, 2021 7:13:19 AM org.entando.kubernetes.controller.support.client.PodClient loadPod
INFO: Exiting method loadPod in class org.entando.kubernetes.controller.support.client.PodClient
Jul 01, 2021 7:13:25 AM org.entando.kubernetes.controller.support.client.PodClient start
INFO: Entering method start in class org.entando.kubernetes.controller.support.client.PodClient with Pod: entando-k8s-operator-common-cmpr60-test1/my-pod
Jul 01, 2021 7:13:25 AM org.entando.kubernetes.controller.support.client.PodClient start
INFO: Exiting method start in class org.entando.kubernetes.controller.support.client.PodClient
Jul 01, 2021 7:13:25 AM org.entando.kubernetes.controller.support.client.PodClient waitForPod
INFO: Entering method waitForPod in class org.entando.kubernetes.controller.support.client.PodClient with entando-k8s-operator-common-cmpr60-test1,pod-label,123,600
Jul 01, 2021 7:13:31 AM org.entando.kubernetes.controller.support.client.PodClient waitForPod
INFO: Exiting method waitForPod in class org.entando.kubernetes.controller.support.client.PodClient
Jul 01, 2021 7:14:11 AM org.entando.kubernetes.controller.support.client.PodClient runToCompletion
INFO: Entering method runToCompletion in class org.entando.kubernetes.controller.support.client.PodClient with Pod: entando-k8s-operator-common-cmpr60-test1/my-pod
Jul 01, 2021 7:14:29 AM org.entando.kubernetes.controller.support.client.PodClient runToCompletion
INFO: Exiting method runToCompletion in class org.entando.kubernetes.controller.support.client.PodClient
Jul 01, 2021 7:14:35 AM org.entando.kubernetes.controller.support.client.PodClient runToCompletion
INFO: Entering method runToCompletion in class org.entando.kubernetes.controller.support.client.PodClient with Pod: entando-k8s-operator-common-cmpr60-test1/successful-pod
Jul 01, 2021 7:14:41 AM org.entando.kubernetes.controller.support.client.PodClient runToCompletion
INFO: Exiting method runToCompletion in class org.entando.kubernetes.controller.support.client.PodClient
Jul 01, 2021 7:14:41 AM org.entando.kubernetes.controller.support.client.PodClient runToCompletion
INFO: Entering method runToCompletion in class org.entando.kubernetes.controller.support.client.PodClient with Pod: entando-k8s-operator-common-cmpr60-test1/failed-pod
Jul 01, 2021 7:14:46 AM org.entando.kubernetes.controller.support.client.PodClient runToCompletion
INFO: Exiting method runToCompletion in class org.entando.kubernetes.controller.support.client.PodClient
Jul 01, 2021 7:14:46 AM org.entando.kubernetes.controller.support.client.PodClient removeSuccessfullyCompletedPods
INFO: Entering method removeSuccessfullyCompletedPods in class org.entando.kubernetes.controller.support.client.PodClient with entando-k8s-operator-common-cmpr60-test1,{label=value}
Jul 01, 2021 7:14:46 AM org.entando.kubernetes.controller.support.client.PodClient removeSuccessfullyCompletedPods
INFO: Exiting method removeSuccessfullyCompletedPods in class org.entando.kubernetes.controller.support.client.PodClient
Jul 01, 2021 7:14:46 AM org.entando.kubernetes.controller.support.client.PodClient loadPod
INFO: Entering method loadPod in class org.entando.kubernetes.controller.support.client.PodClient with entando-k8s-operator-common-cmpr60-test1,{pod-label=successful-pod}
Jul 01, 2021 7:14:46 AM org.entando.kubernetes.controller.support.client.PodClient loadPod
INFO: Exiting method loadPod in class org.entando.kubernetes.controller.support.client.PodClient
Jul 01, 2021 7:14:46 AM org.entando.kubernetes.controller.support.client.PodClient loadPod
INFO: Entering method loadPod in class org.entando.kubernetes.controller.support.client.PodClient with entando-k8s-operator-common-cmpr60-test1,{pod-label=failed-pod}
Jul 01, 2021 7:14:46 AM org.entando.kubernetes.controller.support.client.PodClient loadPod
INFO: Exiting method loadPod in class org.entando.kubernetes.controller.support.client.PodClient
[WARNING] Tests run: 5, Failures: 0, Errors: 0, Skipped: 1, Time elapsed: 93.362 s - in org.entando.kubernetes.controller.support.client.impl.DefaultPodClientTest
[INFO] Running org.entando.kubernetes.controller.support.creators.ConfigurableResourceCalculatorTest
[INFO] Tests run: 5, Failures: 0, Errors: 0, Skipped: 0, Time elapsed: 0.076 s - in org.entando.kubernetes.controller.support.creators.ConfigurableResourceCalculatorTest
[INFO] Running org.entando.kubernetes.controller.support.creators.IngressCreatorTest
[INFO] Tests run: 1, Failures: 0, Errors: 0, Skipped: 0, Time elapsed: 0.055 s - in org.entando.kubernetes.controller.support.creators.IngressCreatorTest
[INFO] Running org.entando.kubernetes.controller.support.creators.SecretCreatorTest
[INFO] Tests run: 1, Failures: 0, Errors: 0, Skipped: 0, Time elapsed: 0.019 s - in org.entando.kubernetes.controller.support.creators.SecretCreatorTest
[INFO] Running org.entando.kubernetes.controller.support.creators.PersistentVolumeClaimCreatorTest
[INFO] Tests run: 2, Failures: 0, Errors: 0, Skipped: 0, Time elapsed: 0.019 s - in org.entando.kubernetes.controller.support.creators.PersistentVolumeClaimCreatorTest
[INFO] Running org.entando.kubernetes.controller.support.creators.DeploymentCreatorTest
[INFO] Tests run: 4, Failures: 0, Errors: 0, Skipped: 0, Time elapsed: 0.147 s - in org.entando.kubernetes.controller.support.creators.DeploymentCreatorTest
[INFO] Running org.entando.kubernetes.controller.support.creators.ServiceAcountCreatorTest
[INFO] Tests run: 3, Failures: 0, Errors: 0, Skipped: 0, Time elapsed: 0.058 s - in org.entando.kubernetes.controller.support.creators.ServiceAcountCreatorTest
[INFO] Running org.entando.kubernetes.controller.support.creators.ConfigurableStorageCalculatorTest
[INFO] Tests run: 5, Failures: 0, Errors: 0, Skipped: 0, Time elapsed: 0.008 s - in org.entando.kubernetes.controller.support.creators.ConfigurableStorageCalculatorTest
[INFO] Running org.entando.kubernetes.controller.support.creators.ResourceCalculatorTest
[INFO] Tests run: 2, Failures: 0, Errors: 0, Skipped: 0, Time elapsed: 0.016 s - in org.entando.kubernetes.controller.support.creators.ResourceCalculatorTest
[INFO] Running org.entando.kubernetes.controller.support.creators.StorageCalculatorTest
[INFO] Tests run: 2, Failures: 0, Errors: 0, Skipped: 0, Time elapsed: 0.001 s - in org.entando.kubernetes.controller.support.creators.StorageCalculatorTest
[INFO] Running org.entando.kubernetes.controller.support.common.EntandoOperatorConfigTest
[INFO] Tests run: 5, Failures: 0, Errors: 0, Skipped: 0, Time elapsed: 0.021 s - in org.entando.kubernetes.controller.support.common.EntandoOperatorConfigTest
[INFO] Running org.entando.kubernetes.controller.support.common.EntandoImageResolverTest
[INFO] Tests run: 19, Failures: 0, Errors: 0, Skipped: 0, Time elapsed: 0.224 s - in org.entando.kubernetes.controller.support.common.EntandoImageResolverTest
[INFO] Running org.entando.kubernetes.controller.spi.client.impl.DefaultKubernetesClientForControllersTest
[INFO] Tests run: 8, Failures: 0, Errors: 0, Skipped: 0, Time elapsed: 67.648 s - in org.entando.kubernetes.controller.spi.client.impl.DefaultKubernetesClientForControllersTest
[INFO] Running org.entando.kubernetes.controller.spi.result.ExposedServiceTest
[INFO] Tests run: 5, Failures: 0, Errors: 0, Skipped: 0, Time elapsed: 0.027 s - in org.entando.kubernetes.controller.spi.result.ExposedServiceTest
[INFO] Running org.entando.kubernetes.controller.spi.common.NameUtilsTest
[INFO] Tests run: 3, Failures: 0, Errors: 0, Skipped: 0, Time elapsed: 0.005 s - in org.entando.kubernetes.controller.spi.common.NameUtilsTest
[INFO] Running org.entando.kubernetes.controller.spi.common.ExceptionUtilsTest
[INFO] Tests run: 4, Failures: 0, Errors: 0, Skipped: 0, Time elapsed: 6.042 s - in org.entando.kubernetes.controller.spi.common.ExceptionUtilsTest
[INFO] Running org.entando.kubernetes.controller.spi.database.DbmsDockerVendorStrategyTest
[INFO] Tests run: 1, Failures: 0, Errors: 0, Skipped: 0, Time elapsed: 0.002 s - in org.entando.kubernetes.controller.spi.database.DbmsDockerVendorStrategyTest
[INFO] Running org.entando.kubernetes.controller.spi.database.DbmsVendorConfigTest
[INFO] Tests run: 1, Failures: 0, Errors: 0, Skipped: 0, Time elapsed: 0 s - in org.entando.kubernetes.controller.spi.database.DbmsVendorConfigTest
[INFO] Running org.entando.kubernetes.controller.PersistentDeploymentTest
[WARNING] Tests run: 2, Failures: 0, Errors: 0, Skipped: 1, Time elapsed: 0.344 s - in org.entando.kubernetes.controller.PersistentDeploymentTest
[INFO] Running org.entando.kubernetes.controller.SsoConsumerTest
[INFO] Tests run: 1, Failures: 0, Errors: 0, Skipped: 0, Time elapsed: 0.754 s - in org.entando.kubernetes.controller.SsoConsumerTest
[INFO] Running org.entando.kubernetes.controller.ExposedDeploymentTest
[INFO] Tests run: 2, Failures: 0, Errors: 0, Skipped: 0, Time elapsed: 2.523 s - in org.entando.kubernetes.controller.ExposedDeploymentTest
[INFO] Running org.entando.kubernetes.controller.AdvancedCapabilityProvisionTest
[INFO] Tests run: 14, Failures: 0, Errors: 0, Skipped: 0, Time elapsed: 3.943 s - in org.entando.kubernetes.controller.AdvancedCapabilityProvisionTest
[INFO] 
[INFO] Results:
[INFO] 
[WARNING] Tests run: 134, Failures: 0, Errors: 0, Skipped: 3
[INFO] 
[INFO] 
[INFO] --- maven-jar-plugin:3.2.0:jar (default-jar) @ entando-k8s-operator-common ---
[INFO] Building jar: /workspace/source/target/entando-k8s-operator-common-0.0.0-SNAPSHOT-PR-60-84.jar
[INFO] 
[INFO] --- maven-jar-plugin:3.2.0:test-jar (build-test-jar) @ entando-k8s-operator-common ---
[INFO] Building jar: /workspace/source/target/entando-k8s-operator-common-0.0.0-SNAPSHOT-PR-60-84-tests.jar
[INFO] 
[INFO] --- maven-javadoc-plugin:3.2.0:jar (attach-javadocs) @ entando-k8s-operator-common ---
[INFO] Skipping javadoc generation
[INFO] 
[INFO] --- license-maven-plugin:2.0.0:aggregate-download-licenses (download-licenses) @ entando-k8s-operator-common ---
[WARNING] No license information available for: com.sun.org.apache:jaxp-ri:1.4
[WARNING] No license information available for: javax.xml.parsers:jaxp-api:1.4
[WARNING] Unable to retrieve license from URL 'https://glassfish.dev.java.net/public/CDDLv1.0.html' for dependency 'javax.activation:activation:1.1.1': Certificate for <glassfish.dev.java.net> doesn't match any of the subject alternative names: [*.java.net]
Jul 01, 2021 7:16:20 AM org.apache.http.client.protocol.ResponseProcessCookies processCookies
WARNING: Invalid cookie header: "Set-Cookie: _octo=GH1.1.875190237.1625123779; Path=/; Domain=github.com; Expires=Fri, 01 Jul 2022 07:16:19 GMT; Secure; SameSite=Lax". Invalid 'expires' attribute: Fri, 01 Jul 2022 07:16:19 GMT
Jul 01, 2021 7:16:20 AM org.apache.http.client.protocol.ResponseProcessCookies processCookies
WARNING: Invalid cookie header: "Set-Cookie: logged_in=no; Path=/; Domain=github.com; Expires=Fri, 01 Jul 2022 07:16:19 GMT; HttpOnly; Secure; SameSite=Lax". Invalid 'expires' attribute: Fri, 01 Jul 2022 07:16:19 GMT
[WARNING] Unable to retrieve license from URL 'https://glassfish.dev.java.net/nonav/public/CDDL+GPL.html' for dependency 'javax.servlet:javax.servlet-api:3.0.1': Certificate for <glassfish.dev.java.net> doesn't match any of the subject alternative names: [*.java.net]
[WARNING] Unable to retrieve license from URL 'LICENSE.txt' for dependency 'org.awaitility:awaitility:4.0.1': null
Jul 01, 2021 7:16:28 AM org.apache.http.client.protocol.ResponseProcessCookies processCookies
WARNING: Invalid cookie header: "Set-Cookie: _octo=GH1.1.2065206558.1625123787; Path=/; Domain=github.com; Expires=Fri, 01 Jul 2022 07:16:27 GMT; Secure; SameSite=Lax". Invalid 'expires' attribute: Fri, 01 Jul 2022 07:16:27 GMT
Jul 01, 2021 7:16:28 AM org.apache.http.client.protocol.ResponseProcessCookies processCookies
WARNING: Invalid cookie header: "Set-Cookie: logged_in=no; Path=/; Domain=github.com; Expires=Fri, 01 Jul 2022 07:16:27 GMT; HttpOnly; Secure; SameSite=Lax". Invalid 'expires' attribute: Fri, 01 Jul 2022 07:16:27 GMT
Jul 01, 2021 7:16:28 AM org.apache.http.client.protocol.ResponseProcessCookies processCookies
WARNING: Invalid cookie header: "Set-Cookie: _octo=GH1.1.908633702.1625123788; Path=/; Domain=github.com; Expires=Fri, 01 Jul 2022 07:16:28 GMT; Secure; SameSite=Lax". Invalid 'expires' attribute: Fri, 01 Jul 2022 07:16:28 GMT
Jul 01, 2021 7:16:28 AM org.apache.http.client.protocol.ResponseProcessCookies processCookies
WARNING: Invalid cookie header: "Set-Cookie: logged_in=no; Path=/; Domain=github.com; Expires=Fri, 01 Jul 2022 07:16:28 GMT; HttpOnly; Secure; SameSite=Lax". Invalid 'expires' attribute: Fri, 01 Jul 2022 07:16:28 GMT
Jul 01, 2021 7:16:28 AM org.apache.http.client.protocol.ResponseProcessCookies processCookies
WARNING: Invalid cookie header: "Set-Cookie: _octo=GH1.1.758323943.1625123788; Path=/; Domain=github.com; Expires=Fri, 01 Jul 2022 07:16:28 GMT; Secure; SameSite=Lax". Invalid 'expires' attribute: Fri, 01 Jul 2022 07:16:28 GMT
Jul 01, 2021 7:16:28 AM org.apache.http.client.protocol.ResponseProcessCookies processCookies
WARNING: Invalid cookie header: "Set-Cookie: logged_in=no; Path=/; Domain=github.com; Expires=Fri, 01 Jul 2022 07:16:28 GMT; HttpOnly; Secure; SameSite=Lax". Invalid 'expires' attribute: Fri, 01 Jul 2022 07:16:28 GMT
[WARNING] There were 5 download errors - check the warnings above
[INFO] 
[INFO] --- quarkus-maven-plugin:1.13.7.Final:build (default) @ entando-k8s-operator-common ---
[INFO] [org.jboss.threads] JBoss Threads version 3.2.0.Final
[WARNING] [io.quarkus.deployment.steps.ReflectiveHierarchyStep] Unable to properly register the hierarchy of the following classes for reflection as they are not in the Jandex index:
	- org.entando.kubernetes.model.common.EntandoCustomResourceStatus (source: JacksonProcessor > org.entando.kubernetes.controller.spi.client.SerializedEntandoResource)
	- org.entando.kubernetes.model.common.ExpectedRole (source: JacksonProcessor > org.entando.kubernetes.controller.spi.deployable.SsoClientConfig)
	- org.entando.kubernetes.model.common.Permission (source: JacksonProcessor > org.entando.kubernetes.controller.spi.deployable.SsoClientConfig)
Consider adding them to the index either by creating a Jandex index for your dependency via the Maven plugin, an empty META-INF/beans.xml or quarkus.index-dependency properties.
[INFO] [io.quarkus.deployment.QuarkusAugmentor] Quarkus augmentation completed in 2484ms
[INFO] 
[INFO] --- maven-surefire-report-plugin:3.0.0-M4:failsafe-report-only (integration-tests) @ entando-k8s-operator-common ---
[INFO] 
[INFO] --- dependency-check-maven:6.1.5:aggregate (default) @ entando-k8s-operator-common ---
[INFO] Skipping National Vulnerability Database Report
[INFO] 
[INFO] --- jacoco-maven-plugin:0.8.7:report (report) @ entando-k8s-operator-common ---
[INFO] Loading e**cution data file /workspace/source/target/jacoco.e**c
[INFO] Analyzed bundle 'Entando K8S Operator Common Library' with 121 classes
[INFO] 
[INFO] --- maven-surefire-report-plugin:3.0.0-M4:report-only (unit-tests) @ entando-k8s-operator-common ---
[WARNING] Unable to locate Test Source XRef to link to - DISABLED
[INFO] 
[INFO] --- maven-install-plugin:2.4:install (default-install) @ entando-k8s-operator-common ---
[INFO] Installing /workspace/source/target/entando-k8s-operator-common-0.0.0-SNAPSHOT-PR-60-84.jar to /home/jenkins/.mvnrepository/org/entando/entando-k8s-operator-common/0.0.0-SNAPSHOT-PR-60-84/entando-k8s-operator-common-0.0.0-SNAPSHOT-PR-60-84.jar
[INFO] Installing /workspace/source/pom.xml to /home/jenkins/.mvnrepository/org/entando/entando-k8s-operator-common/0.0.0-SNAPSHOT-PR-60-84/entando-k8s-operator-common-0.0.0-SNAPSHOT-PR-60-84.pom
[INFO] Installing /workspace/source/target/entando-k8s-operator-common-0.0.0-SNAPSHOT-PR-60-84-tests.jar to /home/jenkins/.mvnrepository/org/entando/entando-k8s-operator-common/0.0.0-SNAPSHOT-PR-60-84/entando-k8s-operator-common-0.0.0-SNAPSHOT-PR-60-84-tests.jar
[INFO] 
[INFO] --- maven-deploy-plugin:2.8.2:deploy (default-deploy) @ entando-k8s-operator-common ---
[INFO] Using alternate deployment repository local-nexus::default::http://nexus/repository/maven-releases/
[INFO] 
[INFO] --------------< org.entando:entando-k8s-operator-common >---------------
[INFO] Building Entando K8S Operator Common Library 0.0.0-SNAPSHOT-PR-60-84
[INFO] --------------------------------[ jar ]---------------------------------
[INFO] 
[INFO] --- sonar-maven-plugin:3.9.0.2155:sonar (default-cli) @ entando-k8s-operator-common ---
[INFO] User cache: /****/.sonar/cache
[INFO] SonarQube version: 8.8.0
[INFO] Default locale: "en_US", source code encoding: "UTF-8"
[INFO] Load global settings
[INFO] Load global settings (done) | time=193ms
[INFO] Server id: 1BD809FA-AWHW8ct9-T_TB3XqouNu
[INFO] User cache: /****/.sonar/cache
[INFO] Load/download plugins
[INFO] Load plugins index
[INFO] Load plugins index (done) | time=87ms
[INFO] Load/download plugins (done) | time=25497ms
[INFO] Loaded core extensions: developer-scanner
[INFO] JavaScript/TypeScript frontend is enabled
[INFO] Load project settings for component key: 'entando-k8s_entando-k8s-operator-common'
[INFO] Load project settings for component key: 'entando-k8s_entando-k8s-operator-common' (done) | time=42ms
[INFO] Process project properties
[INFO] E**cute project builders
[INFO] E**cute project builders (done) | time=2ms
[INFO] Project key: entando-k8s_entando-k8s-operator-common
[INFO] Base dir: /workspace/source
[INFO] Working dir: /workspace/source/target/sonar
[INFO] Load project branches
[INFO] Load project branches (done) | time=24ms
[INFO] Check ALM binding of project 'entando-k8s_entando-k8s-operator-common'
[INFO] Detected project binding: BOUND
[INFO] Check ALM binding of project 'entando-k8s_entando-k8s-operator-common' (done) | time=25ms
[INFO] Load project pull requests
[INFO] Load project pull requests (done) | time=41ms
[INFO] Load branch configuration
[INFO] Load branch configuration (done) | time=658ms
[INFO] Load quality profiles
[INFO] Load quality profiles (done) | time=83ms
[INFO] Load active rules
[INFO] Load active rules (done) | time=1575ms
[INFO] Organization key: entando-k8s
[INFO] Pull request 60 for merge into master from ENG-2284_removing_cluster_infrastructure
[INFO] SCM collecting changed files in the branch
[WARNING] Exception caught during e**cution of command '[/usr/local/git/bin/git, config, --******, --edit]' in '/usr/local/git/bin', return code '128', error message 'fatal: Invalid path '/usr/local/git/etc': No such file or directory
'
[INFO] SCM collecting changed files in the branch (done) | time=327ms
[INFO] Indexing files...
[INFO] Project configuration:
[INFO] 261 files inde**d
[INFO] 0 files ignored because of scm ignore settings
[INFO] Quality profile for java: Entando Sonar Way Java
[INFO] Quality profile for xml: Sonar way
[INFO] ------------- Run sensors on module Entando K8S Operator Common Library
[INFO] JavaScript/TypeScript frontend is enabled
[INFO] Load metrics repository
[INFO] Load metrics repository (done) | time=26ms
[INFO] Sensor JavaSensor [java]
[INFO] Configured Java source version (sonar.java.source): 11
[INFO] JavaClasspath initialization
[INFO] JavaClasspath initialization (done) | time=9ms
[INFO] JavaTestClasspath initialization
[INFO] JavaTestClasspath initialization (done) | time=2ms
[INFO] Java "Main" source files AST scan
[INFO] 138 source files to be analyzed
[INFO] 41/138 files analyzed, current file: src/main/java/org/entando/kubernetes/controller/spi/command/SerializationHelper.java
[INFO] 138/138 source files have been analyzed
[INFO] Java "Main" source files AST scan (done) | time=19783ms
[INFO] Java "Test" source files AST scan
[INFO] 122 source files to be analyzed
[INFO] 109/122 files analyzed, current file: src/test/java/org/entando/kubernetes/controller/support/client/doubles/ServiceAccountClientDouble.java
[INFO] 122/122 source files have been analyzed
[INFO] Java "Test" source files AST scan (done) | time=11093ms
[INFO] No "Generated" source files to scan.
[INFO] Sensor JavaSensor [java] (done) | time=31908ms
[INFO] Sensor CSS Rules [cssfamily]
[INFO] No CSS, PHP, HTML or VueJS files are found in the project. CSS analysis is skipped.
[INFO] Sensor CSS Rules [cssfamily] (done) | time=3ms
[INFO] Sensor C# Project Type Information [csharp]
[INFO] Sensor C# Project Type Information [csharp] (done) | time=1ms
[INFO] Sensor C# Properties [csharp]
[INFO] Sensor C# Properties [csharp] (done) | time=1ms
[INFO] Sensor Import of Checkstyle issues [java]
[INFO] Importing /workspace/source/target/checkstyle-result.xml
[INFO] Sensor Import of Checkstyle issues [java] (done) | time=82ms
[INFO] Sensor SurefireSensor [java]
[INFO] parsing [/workspace/source/target/surefire-reports]
[INFO] Sensor SurefireSensor [java] (done) | time=106ms
[INFO] Sensor JavaXmlSensor [java]
[INFO] 1 source file to be analyzed
[INFO] 1/1 source file has been analyzed
[INFO] Sensor JavaXmlSensor [java] (done) | time=262ms
[INFO] Sensor HTML [web]
[INFO] Sensor HTML [web] (done) | time=7ms
[INFO] Sensor XML Sensor [xml]
[INFO] 1 source file to be analyzed
[INFO] 1/1 source file has been analyzed
[INFO] Sensor XML Sensor [xml] (done) | time=190ms
[INFO] Sensor VB.NET Project Type Information [vbnet]
[INFO] Sensor VB.NET Project Type Information [vbnet] (done) | time=1ms
[INFO] Sensor VB.NET Properties [vbnet]
[INFO] Sensor VB.NET Properties [vbnet] (done) | time=1ms
[INFO] Sensor JaCoCo XML Report Importer [jacoco]
[INFO] Importing 1 report(s). Turn your logs in debug mode in order to see the exhaustive list.
[INFO] Sensor JaCoCo XML Report Importer [jacoco] (done) | time=85ms
[INFO] Sensor ThymeLeaf template sensor [securityjavafrontend]
[INFO] Sensor ThymeLeaf template sensor [securityjavafrontend] (done) | time=3ms
[INFO] Sensor JavaSecuritySensor [security]
[INFO] Reading type hierarchy from: /workspace/source/target/sonar/ucfg2/java
[INFO] Read 617 type definitions
[INFO] Reading UCFGs from: /workspace/source/target/sonar/ucfg2/java
[INFO] 07:17:50.840791 Building Runtime Type propagation graph
[INFO] 07:17:50.898984 Running Tarjan on 3513 nodes
[INFO] 07:17:50.912022 Tarjan found 3493 components
[INFO] 07:17:50.929516 Variable type analysis: done
[INFO] 07:17:50.935398 Building Runtime Type propagation graph
[INFO] 07:17:50.966535 Running Tarjan on 3513 nodes
[INFO] 07:17:50.971448 Tarjan found 3493 components
[INFO] 07:17:50.980409 Variable type analysis: done
[INFO] Analyzing 701 ucfgs to detect vulnerabilities.
[INFO] All rules entrypoints : 0 Retained UCFGs : 0
[INFO] rule: S5131, entrypoints: 0
[INFO] rule: S5131 done
[INFO] rule: S3649, entrypoints: 0
[INFO] rule: S3649 done
[INFO] rule: S2076, entrypoints: 0
[INFO] rule: S2076 done
[INFO] rule: S2091, entrypoints: 0
[INFO] rule: S2091 done
[INFO] rule: S2078, entrypoints: 0
[INFO] rule: S2078 done
[INFO] rule: S2631, entrypoints: 0
[INFO] rule: S2631 done
[INFO] rule: S5135, entrypoints: 0
[INFO] rule: S5135 done
[INFO] rule: S2083, entrypoints: 0
[INFO] rule: S2083 done
[INFO] rule: S5167, entrypoints: 0
[INFO] rule: S5167 done
[INFO] rule: S5144, entrypoints: 0
[INFO] rule: S5144 done
[INFO] rule: S5145, entrypoints: 0
[INFO] rule: S5145 done
[INFO] rule: S5146, entrypoints: 0
[INFO] rule: S5146 done
[INFO] rule: S5334, entrypoints: 0
[INFO] rule: S5334 done
[INFO] rule: S6096, entrypoints: 0
[INFO] rule: S6096 done
[INFO] Sensor JavaSecuritySensor [security] (done) | time=2384ms
[INFO] Sensor CSharpSecuritySensor [security]
[INFO] Reading type hierarchy from: /workspace/source/target/ucfg_cs2
[INFO] Read 0 type definitions
[INFO] Reading UCFGs from: /workspace/source/target/ucfg_cs2
[INFO] No UCFGs have been included for analysis.
[INFO] Sensor CSharpSecuritySensor [security] (done) | time=1ms
[INFO] Sensor PhpSecuritySensor [security]
[INFO] Reading type hierarchy from: /workspace/source/target/sonar/ucfg2/php
[INFO] Read 0 type definitions
[INFO] Reading UCFGs from: /workspace/source/target/sonar/ucfg2/php
[INFO] No UCFGs have been included for analysis.
[INFO] Sensor PhpSecuritySensor [security] (done) | time=1ms
[INFO] Sensor PythonSecuritySensor [security]
[INFO] Reading type hierarchy from: /workspace/source/target/sonar/ucfg2/python
[INFO] Read 0 type definitions
[INFO] Reading UCFGs from: /workspace/source/target/sonar/ucfg2/python
[INFO] No UCFGs have been included for analysis.
[INFO] Sensor PythonSecuritySensor [security] (done) | time=1ms
[INFO] Sensor JsSecuritySensor [security]
[INFO] Reading type hierarchy from: /workspace/source/target/sonar/ucfg2/js
[INFO] Read 0 type definitions
[INFO] Reading UCFGs from: /workspace/source/target/sonar/ucfg2/js
[INFO] No UCFGs have been included for analysis.
[INFO] Sensor JsSecuritySensor [security] (done) | time=1ms
[INFO] ------------- Run sensors on project
[INFO] Sensor Zero Coverage Sensor
[INFO] Sensor Zero Coverage Sensor (done) | time=2ms
[INFO] Sensor Java CPD Block Inde**r
[INFO] Sensor Java CPD Block Inde**r (done) | time=188ms
[INFO] SCM Publisher SCM provider for this project is: git
[INFO] SCM Publisher 230 source files to be analyzed
[INFO] SCM Publisher 229/230 source files have been analyzed (done) | time=5170ms
[WARNING] Missing blame information for the following files:
[WARNING]   * pom.xml
[WARNING] This may lead to missing/broken features in SonarCloud
[INFO] CPD E**cutor 54 files had no CPD blocks
[INFO] CPD E**cutor Calculating CPD for 84 files
[INFO] CPD E**cutor CPD calculation finished (done) | time=27ms
[INFO] SCM writing changed lines
[INFO] SCM writing changed lines (done) | time=642ms
[INFO] Analysis report generated in 882ms, dir size=1 MB
[INFO] Analysis report compressed in 518ms, zip size=946 KB
[INFO] Analysis report uploaded in 194ms
[INFO] ANALYSIS SUCCESSFUL, you can find the results at: https://sonarcloud.io/dashboard?id=entando-k8s_entando-k8s-operator-common&pullRequest=60
[INFO] Note that you will be able to access the updated dashboard once the server has processed the submitted analysis report
[INFO] More about the report processing at https://sonarcloud.io/api/ce/task?id=AXpg7nsP8bCAU_pWIAH1
[INFO] Analysis total time: 50.627 s
[INFO] ------------------------------------------------------------------------
[INFO] BUILD SUCCESS
[INFO] ------------------------------------------------------------------------
[INFO] Total time:  10:13 min
[INFO] Finished at: 2021-07-01T07:17:59Z
[INFO] ------------------------------------------------------------------------
Picked up _JAVA_OPTIONS: -XX:+UnlockExperimentalVMOptions -Dsun.zip.disableMemoryMapping=**** -XX:+UseParallelGC -XX:MinHeapFreeRatio=5 -XX:MaxHeapFreeRatio=10 -XX:GCTimeRatio=4 -XX:AdaptiveSizePolicyWeight=90 -Xms10m -Xmx8000m
[INFO] Scanning for projects...
[WARNING] 
[WARNING] Some problems were encountered while building the effective model for org.entando:entando-k8s-operator-common:jar:0.0.0-SNAPSHOT-PR-60-84
[WARNING] 'dependencies.dependency.(groupId:artifactId:type:classifier)' must be unique: org.junit.jupiter:junit-jupiter-params:jar -> version ${junit.version} vs (?) @ line 173, column 21
[WARNING] 
[WARNING] It is highly recommended to fix these problems because they threaten the stability of your build.
[WARNING] 
[WARNING] For this reason, future Maven versions might no longer support building such malformed projects.
[WARNING] 
[INFO] 
[INFO] --------------< org.entando:entando-k8s-operator-common >---------------
[INFO] Building Entando K8S Operator Common Library 0.0.0-SNAPSHOT-PR-60-84
[INFO] --------------------------------[ jar ]---------------------------------
[INFO] 
[INFO] --- maven-site-plugin:3.9.0:site (default-site) @ entando-k8s-operator-common ---
[INFO] configuring report plugin org.apache.maven.plugins:maven-project-info-reports-plugin:3.0.0
[INFO] 9 reports configured for maven-project-info-reports-plugin:3.0.0: dependency-info, distribution-management, index, ci-management, issue-management, licenses, plugins, scm, summary
[INFO] Rendering site with default locale English (en)
[WARNING] Unable to find a URL to the parent project. The parent menu will NOT be added.
[INFO] Relativizing decoration links with respect to localized project URL: https://central.entando.com
[INFO] Rendering content with org.apache.maven.skins:maven-default-skin:jar:1.3 skin.
[INFO] Generating "Dependency Information" report --- maven-project-info-reports-plugin:3.0.0:dependency-info
[INFO] Generating "About" report         --- maven-project-info-reports-plugin:3.0.0:index
[INFO] Generating "Issue Management" report --- maven-project-info-reports-plugin:3.0.0:issue-management
[INFO] Generating "Licenses" report      --- maven-project-info-reports-plugin:3.0.0:licenses
[INFO] Generating "Plugins" report       --- maven-project-info-reports-plugin:3.0.0:plugins
[INFO] Generating "Source Code Management" report --- maven-project-info-reports-plugin:3.0.0:scm
[INFO] Generating "Summary" report       --- maven-project-info-reports-plugin:3.0.0:summary
[INFO] 
[INFO] --- allure-maven:2.10.0:report (default) @ entando-k8s-operator-common ---
[INFO] Allure installation directory /workspace/source/.allure
[INFO] Try to finding out allure 2.14.0
[INFO] Downloading allure commandline...
[INFO] Proxy is not specified.
[INFO] Downloading allure commandline complete
[INFO] Generate Allure report (report) with version 2.14.0
[INFO] Generate Allure report to /workspace/source/target/site/allure-reports
[INFO] Found results directory /workspace/source/target/allure-results
[INFO] Can't find information about categories.
[INFO] Generate report to /workspace/source/target/site/allure-reports
Picked up _JAVA_OPTIONS: -XX:+UnlockExperimentalVMOptions -Dsun.zip.disableMemoryMapping=**** -XX:+UseParallelGC -XX:MinHeapFreeRatio=5 -XX:MaxHeapFreeRatio=10 -XX:GCTimeRatio=4 -XX:AdaptiveSizePolicyWeight=90 -Xms10m -Xmx8000m
Report successfully generated to /workspace/source/target/site/allure-reports
[INFO] Report generated successfully.
[INFO] ------------------------------------------------------------------------
[INFO] BUILD SUCCESS
[INFO] ------------------------------------------------------------------------
[INFO] Total time:  23.638 s
[INFO] Finished at: 2021-07-01T07:18:25Z
[INFO] ------------------------------------------------------------------------
Congratulations! No build failures found for entando-k8s-operator-common-PR-60.

Showing logs for build [32mentando-k8s-entando-k8s-operato-zkbbl-84[0m stage [32mfrom-build-pack[0m and container [32mstep-build-container-build[0m
Generating tags...
 - entando/entando-k8s-operator-common -> *********/entando/entando-k8s-operator-common:0.0.0-SNAPSHOT-PR-60-84
Checking cache...
 - entando/entando-k8s-operator-common: Not found. Building
Building [entando/entando-k8s-operator-common]...
Sending build context to Docker daemon  531.8kBSending build context to Docker daemon  6.591MBSending build context to Docker daemon  13.77MBSending build context to Docker daemon   22.5MBSending build context to Docker daemon  29.49MBSending build context to Docker daemon  33.92MBSending build context to Docker daemon  40.37MB
Step 1/9 : FROM entando/entando-ubi8-java11-base:6.3.7
 ---> 78f44a6339cd
Step 2/9 : ARG VERSION
 ---> Using cache
 ---> a555b3469f9b
Step 3/9 : LABEL name "Entando K8S Oerator Common" vendor "Entando" version "v${VERSION}" release "6" summary "This Docker image contains all the common libraries used by Entando controllers." description "This Docker image contains all the common libraries used by Entando controllers."
 ---> Running in ca74a4f0292f
 ---> 2ed1571f676b
Step 4/9 : COPY target/generated-resources/licenses /licenses
 ---> 969cb2c6a0d5
Step 5/9 : COPY target/quarkus-app/lib /deployments/lib
 ---> 5fd5eb7211c2
Step 6/9 : USER ****
 ---> Running in b22a03efc148
 ---> 533fa8dadaa7
Step 7/9 : RUN chmod ug+rw -R /deployments/ && chown 1001:**** -R /deployments/
 ---> Running in 0eed68af9e65

[91m[0m ---> 89134264d340
Step 8/9 : USER 1001
 ---> Running in 8c3b9c6bf2e6
 ---> 0b8f8debd86b
Step 9/9 : ENTRYPOINT /deployments/run-java.sh
 ---> Running in f63aaf26ef97
 ---> c57c381fc12e
Successfully built c57c381fc12e
The push refers to a repository [*********/entando/entando-k8s-operator-common]
3dc2e42ecf2f: Preparing
dca6aa3f43e9: Preparing
61b4451fd39b: Preparing
c090f7cd16e6: Preparing
b3b6627f7339: Preparing
c0df90db61d1: Preparing
c0df90db61d1: Waiting
c090f7cd16e6: Layer already exists
b3b6627f7339: Layer already exists
c0df90db61d1: Layer already exists
61b4451fd39b: Pushed
dca6aa3f43e9: Pushed
3dc2e42ecf2f: Pushed
0.0.0-SNAPSHOT-PR-60-84: digest: sha256:fc3409a8a62d87699910f3692afc33a24885ac19b95233cf1ca151a95116a9fd size: 1583
There is a new version (1.27.0) of Skaffold available. Download it at https://storage.googleapis.com/skaffold/releases/latest/skaffold-linux-amd64

